 #              _____________________  _______________________             #
 #              ___  __ \__  __ \_  / / /_  /___  ____/_  ___/             #
 #              __  / / /_  /_/ /  / / /_  __/_  __/  _____ \              #
 #              _  /_/ /_  _, _// /_/ / / /_ _  /___  ____/ /              #
 #              /_____/ /_/ |_| \____/  \__/ /_____/  /____/               #
 #                                                                         #
  
 DRUtES is initializing, reading input files
 ---------------------------------------------------------------
 14hrs : 35min : 39.548s  -  2021/03/01    total number of parallel images is:                    1
 ---------------------------------------------------------------
 14hrs : 35min : 39.549s  -  2021/03/01    reading input files and allocating...
 ---------------------------------------------------------------
 14hrs : 35min : 39.552s  -  2021/03/01    number of nodes:                   61 number of elements:                   60
 ---------------------------------------------------------------
 14hrs : 35min : 39.557s  -  2021/03/01    analyzing mesh structure...
 ---------------------------------------------------------------
 14hrs : 35min : 39.566s  -  2021/03/01    DRUtES solves coupled water and heat flow considering freezing and melting
 ---------------------------------------------------------------
 14hrs : 35min : 39.567s  -  2021/03/01    making output files for observation time
 ---------------------------------------------------------------
 14hrs : 35min : 39.584s  -  2021/03/01    go 4 solving
 ---------------------------------------------------------------
 14hrs : 35min : 39.625s  -  2021/03/01    current simulation time:   1.0000000000000000 total iteration count:                    1
 ---------------------------------------------------------------
 14hrs : 36min : 02.493s  -  2021/03/01    making output files for observation time
 ---------------------------------------------------------------
 14hrs : 36min : 24.189s  -  2021/03/01    making output files for observation time
 ---------------------------------------------------------------
 14hrs : 36min : 35.761s  -  2021/03/01    making output files for observation time
 ---------------------------------------------------------------
 14hrs : 37min : 00.776s  -  2021/03/01    making output files for observation time
 ---------------------------------------------------------------
 14hrs : 38min : 36.775s  -  2021/03/01    making output files for observation time
 ---------------------------------------------------------------
 14hrs : 38min : 36.925s  -  2021/03/01    # real elapsed CPU time =   2.9503333333336439 min
 ---------------------------------------------------------------
 14hrs : 38min : 36.931s  -  2021/03/01    minimal adjusted time step was   1.0000000000000000
 ---------------------------------------------------------------
 14hrs : 38min : 36.931s  -  2021/03/01    F I N I S H E D !!!!!
 ---------------------------------------------------------------
 14hrs : 38min : 36.959s  -  2021/03/01    Peak RAM  consumption on image                    1 was:                    0 kB
