 #              _____________________  _______________________             #
 #              ___  __ \__  __ \_  / / /_  /___  ____/_  ___/             #
 #              __  / / /_  /_/ /  / / /_  __/_  __/  _____ \              #
 #              _  /_/ /_  _, _// /_/ / / /_ _  /___  ____/ /              #
 #              /_____/ /_/ |_| \____/  \__/ /_____/  /____/               #
 #                                                                         #
  
 DRUtES is initializing, reading input files
 ---------------------------------------------------------------
 11hrs : 04min : 37.458s  -  2021/02/04    total number of parallel images is:                    1
 ---------------------------------------------------------------
 11hrs : 04min : 37.459s  -  2021/02/04    reading input files and allocating...
 ---------------------------------------------------------------
 11hrs : 04min : 37.462s  -  2021/02/04    number of nodes:                   61 number of elements:                   60
 ---------------------------------------------------------------
 11hrs : 04min : 37.466s  -  2021/02/04    analyzing mesh structure...
 ---------------------------------------------------------------
 11hrs : 04min : 37.479s  -  2021/02/04    DRUtES solves coupled water and heat flow considering freezing and melting
 ---------------------------------------------------------------
 11hrs : 04min : 37.479s  -  2021/02/04    making output files for observation time
 ---------------------------------------------------------------
 11hrs : 04min : 37.498s  -  2021/02/04    go 4 solving
 ---------------------------------------------------------------
 11hrs : 04min : 37.592s  -  2021/02/04    current simulation time:   1.0000000000000000 total iteration count:                    2
 ---------------------------------------------------------------
 11hrs : 05min : 00.424s  -  2021/02/04    making output files for observation time
 ---------------------------------------------------------------
 11hrs : 05min : 34.559s  -  2021/02/04    making output files for observation time
 ---------------------------------------------------------------
 11hrs : 05min : 54.633s  -  2021/02/04    making output files for observation time
 ---------------------------------------------------------------
 11hrs : 06min : 15.740s  -  2021/02/04    making output files for observation time
 ---------------------------------------------------------------
 11hrs : 07min : 30.814s  -  2021/02/04    making output files for observation time
 ---------------------------------------------------------------
 11hrs : 07min : 31.058s  -  2021/02/04    # real elapsed CPU time =   2.9003333333334012 min
 ---------------------------------------------------------------
 11hrs : 07min : 31.065s  -  2021/02/04    minimal adjusted time step was  0.81000000000000005
 ---------------------------------------------------------------
 11hrs : 07min : 31.065s  -  2021/02/04    F I N I S H E D !!!!!
 ---------------------------------------------------------------
 11hrs : 07min : 31.125s  -  2021/02/04    Peak RAM  consumption on image                    1 was:                    0 kB
