 #              _____________________  _______________________             #
 #              ___  __ \__  __ \_  / / /_  /___  ____/_  ___/             #
 #              __  / / /_  /_/ /  / / /_  __/_  __/  _____ \              #
 #              _  /_/ /_  _, _// /_/ / / /_ _  /___  ____/ /              #
 #              /_____/ /_/ |_| \____/  \__/ /_____/  /____/               #
 #                                                                         #
  
 DRUtES is initializing, reading input files
 ---------------------------------------------------------------
 10hrs : 32min : 57.899s  -  2021/02/04    total number of parallel images is:                    1
 ---------------------------------------------------------------
 10hrs : 32min : 57.915s  -  2021/02/04    reading input files and allocating...
 ---------------------------------------------------------------
 10hrs : 32min : 58.016s  -  2021/02/04    number of nodes:                   61 number of elements:                   60
 ---------------------------------------------------------------
 10hrs : 32min : 58.130s  -  2021/02/04    analyzing mesh structure...
 ---------------------------------------------------------------
 10hrs : 32min : 58.184s  -  2021/02/04    DRUtES solves coupled water and heat flow considering freezing and melting
 ---------------------------------------------------------------
 10hrs : 32min : 58.187s  -  2021/02/04    making output files for observation time
 ---------------------------------------------------------------
 10hrs : 32min : 58.215s  -  2021/02/04    go 4 solving
 ---------------------------------------------------------------
 10hrs : 32min : 58.327s  -  2021/02/04    current simulation time:   1.0000000000000000 total iteration count:                    2
 ---------------------------------------------------------------
 10hrs : 33min : 50.697s  -  2021/02/04    making output files for observation time
 ---------------------------------------------------------------
 10hrs : 35min : 25.339s  -  2021/02/04    making output files for observation time
 ---------------------------------------------------------------
 10hrs : 36min : 34.084s  -  2021/02/04    making output files for observation time
 ---------------------------------------------------------------
 10hrs : 38min : 02.721s  -  2021/02/04    making output files for observation time
 ---------------------------------------------------------------
 10hrs : 40min : 27.299s  -  2021/02/04    making output files for observation time
 ---------------------------------------------------------------
 10hrs : 40min : 27.427s  -  2021/02/04    # real elapsed CPU time =   7.4840000000001359 min
 ---------------------------------------------------------------
 10hrs : 40min : 27.434s  -  2021/02/04    minimal adjusted time step was  0.81000000000000005
 ---------------------------------------------------------------
 10hrs : 40min : 27.434s  -  2021/02/04    F I N I S H E D !!!!!
 ---------------------------------------------------------------
 10hrs : 40min : 27.468s  -  2021/02/04    Peak RAM  consumption on image                    1 was:                    0 kB
