 #              _____________________  _______________________             #
 #              ___  __ \__  __ \_  / / /_  /___  ____/_  ___/             #
 #              __  / / /_  /_/ /  / / /_  __/_  __/  _____ \              #
 #              _  /_/ /_  _, _// /_/ / / /_ _  /___  ____/ /              #
 #              /_____/ /_/ |_| \____/  \__/ /_____/  /____/               #
 #                                                                         #
  
 DRUtES is initializing, reading input files
 ---------------------------------------------------------------
 13hrs : 41min : 25.298s  -  2021/02/03    total number of parallel images is:                    1
 ---------------------------------------------------------------
 13hrs : 41min : 25.313s  -  2021/02/03    reading input files and allocating...
 ---------------------------------------------------------------
 13hrs : 41min : 25.335s  -  2021/02/03    number of nodes:                   61 number of elements:                   60
 ---------------------------------------------------------------
 13hrs : 41min : 25.346s  -  2021/02/03    analyzing mesh structure...
 ---------------------------------------------------------------
 13hrs : 41min : 25.364s  -  2021/02/03    DRUtES solves coupled water and heat flow considering freezing and melting
 ---------------------------------------------------------------
 13hrs : 41min : 25.365s  -  2021/02/03    making output files for observation time
 ---------------------------------------------------------------
 13hrs : 41min : 25.384s  -  2021/02/03    go 4 solving
 ---------------------------------------------------------------
 13hrs : 41min : 25.480s  -  2021/02/03    current simulation time:   1.0000000000000000 total iteration count:                    2
 ---------------------------------------------------------------
 13hrs : 41min : 40.209s  -  2021/02/03    making output files for observation time
 ---------------------------------------------------------------
 13hrs : 41min : 53.734s  -  2021/02/03    making output files for observation time
 ---------------------------------------------------------------
 13hrs : 42min : 05.837s  -  2021/02/03    making output files for observation time
 ---------------------------------------------------------------
 13hrs : 42min : 25.449s  -  2021/02/03    making output files for observation time
 ---------------------------------------------------------------
 13hrs : 43min : 25.097s  -  2021/02/03    making output files for observation time
 ---------------------------------------------------------------
 13hrs : 43min : 25.255s  -  2021/02/03    # real elapsed CPU time =   2.0001666666666704 min
 ---------------------------------------------------------------
 13hrs : 43min : 25.261s  -  2021/02/03    minimal adjusted time step was  0.91011600000000015
 ---------------------------------------------------------------
 13hrs : 43min : 25.261s  -  2021/02/03    F I N I S H E D !!!!!
 ---------------------------------------------------------------
 13hrs : 43min : 25.288s  -  2021/02/03    Peak RAM  consumption on image                    1 was:                    0 kB
