 #              _____________________  _______________________             #
 #              ___  __ \__  __ \_  / / /_  /___  ____/_  ___/             #
 #              __  / / /_  /_/ /  / / /_  __/_  __/  _____ \              #
 #              _  /_/ /_  _, _// /_/ / / /_ _  /___  ____/ /              #
 #              /_____/ /_/ |_| \____/  \__/ /_____/  /____/               #
 #                                                                         #
  
 DRUtES is initializing, reading input files
 ---------------------------------------------------------------
 09hrs : 18min : 29.835s  -  2021/02/03    total number of parallel images is:                    1
 ---------------------------------------------------------------
 09hrs : 18min : 29.836s  -  2021/02/03    reading input files and allocating...
 ---------------------------------------------------------------
 09hrs : 18min : 29.839s  -  2021/02/03    number of nodes:                   61 number of elements:                   60
 ---------------------------------------------------------------
 09hrs : 18min : 29.844s  -  2021/02/03    analyzing mesh structure...
 ---------------------------------------------------------------
 09hrs : 18min : 29.853s  -  2021/02/03    DRUtES solves coupled water and heat flow considering freezing and melting
 ---------------------------------------------------------------
 09hrs : 18min : 29.854s  -  2021/02/03    making output files for observation time
 ---------------------------------------------------------------
 09hrs : 18min : 29.873s  -  2021/02/03    go 4 solving
 ---------------------------------------------------------------
 09hrs : 18min : 29.966s  -  2021/02/03    current simulation time:   1.0000000000000000 total iteration count:                    2
 ---------------------------------------------------------------
 09hrs : 18min : 57.198s  -  2021/02/03    making output files for observation time
 ---------------------------------------------------------------
 09hrs : 19min : 32.359s  -  2021/02/03    making output files for observation time
 ---------------------------------------------------------------
 09hrs : 19min : 50.270s  -  2021/02/03    making output files for observation time
 ---------------------------------------------------------------
 09hrs : 20min : 09.263s  -  2021/02/03    making output files for observation time
 ---------------------------------------------------------------
 09hrs : 21min : 07.208s  -  2021/02/03    making output files for observation time
 ---------------------------------------------------------------
 09hrs : 21min : 07.335s  -  2021/02/03    # real elapsed CPU time =   2.6169999999999995 min
 ---------------------------------------------------------------
 09hrs : 21min : 07.341s  -  2021/02/03    minimal adjusted time step was  0.81000000000000005
 ---------------------------------------------------------------
 09hrs : 21min : 07.341s  -  2021/02/03    F I N I S H E D !!!!!
 ---------------------------------------------------------------
 09hrs : 21min : 07.364s  -  2021/02/03    Peak RAM  consumption on image                    1 was:                    0 kB
