 #              _____________________  _______________________             #
 #              ___  __ \__  __ \_  / / /_  /___  ____/_  ___/             #
 #              __  / / /_  /_/ /  / / /_  __/_  __/  _____ \              #
 #              _  /_/ /_  _, _// /_/ / / /_ _  /___  ____/ /              #
 #              /_____/ /_/ |_| \____/  \__/ /_____/  /____/               #
 #                                                                         #
  
 DRUtES is initializing, reading input files
 ---------------------------------------------------------------
 10hrs : 51min : 34.291s  -  2021/02/04    total number of parallel images is:                    1
 ---------------------------------------------------------------
 10hrs : 51min : 34.292s  -  2021/02/04    reading input files and allocating...
 ---------------------------------------------------------------
 10hrs : 51min : 34.294s  -  2021/02/04    number of nodes:                   61 number of elements:                   60
 ---------------------------------------------------------------
 10hrs : 51min : 34.299s  -  2021/02/04    analyzing mesh structure...
 ---------------------------------------------------------------
 10hrs : 51min : 34.308s  -  2021/02/04    DRUtES solves coupled water and heat flow considering freezing and melting
 ---------------------------------------------------------------
 10hrs : 51min : 34.308s  -  2021/02/04    making output files for observation time
 ---------------------------------------------------------------
 10hrs : 51min : 34.327s  -  2021/02/04    go 4 solving
 ---------------------------------------------------------------
 10hrs : 51min : 34.421s  -  2021/02/04    current simulation time:   1.0000000000000000 total iteration count:                    2
 ---------------------------------------------------------------
 10hrs : 52min : 09.359s  -  2021/02/04    making output files for observation time
 ---------------------------------------------------------------
 10hrs : 53min : 00.952s  -  2021/02/04    making output files for observation time
 ---------------------------------------------------------------
 10hrs : 53min : 39.940s  -  2021/02/04    making output files for observation time
 ---------------------------------------------------------------
 10hrs : 54min : 40.618s  -  2021/02/04    making output files for observation time
 ---------------------------------------------------------------
 10hrs : 56min : 23.407s  -  2021/02/04    making output files for observation time
 ---------------------------------------------------------------
 10hrs : 56min : 23.571s  -  2021/02/04    # real elapsed CPU time =   4.8171666666666475 min
 ---------------------------------------------------------------
 10hrs : 56min : 23.577s  -  2021/02/04    minimal adjusted time step was  0.81000000000000005
 ---------------------------------------------------------------
 10hrs : 56min : 23.577s  -  2021/02/04    F I N I S H E D !!!!!
 ---------------------------------------------------------------
 10hrs : 56min : 23.605s  -  2021/02/04    Peak RAM  consumption on image                    1 was:                    0 kB
