 #              _____________________  _______________________             #
 #              ___  __ \__  __ \_  / / /_  /___  ____/_  ___/             #
 #              __  / / /_  /_/ /  / / /_  __/_  __/  _____ \              #
 #              _  /_/ /_  _, _// /_/ / / /_ _  /___  ____/ /              #
 #              /_____/ /_/ |_| \____/  \__/ /_____/  /____/               #
 #                                                                         #
  
 DRUtES is initializing, reading input files
 ---------------------------------------------------------------
 13hrs : 37min : 41.351s  -  2021/03/01    total number of parallel images is:                    1
 ---------------------------------------------------------------
 13hrs : 37min : 41.351s  -  2021/03/01    reading input files and allocating...
 ---------------------------------------------------------------
 13hrs : 37min : 41.353s  -  2021/03/01    number of nodes:                   61 number of elements:                   60
 ---------------------------------------------------------------
 13hrs : 37min : 41.359s  -  2021/03/01    analyzing mesh structure...
 ---------------------------------------------------------------
 13hrs : 37min : 41.366s  -  2021/03/01    DRUtES solves coupled water and heat flow considering freezing and melting
 ---------------------------------------------------------------
 13hrs : 37min : 41.367s  -  2021/03/01    making output files for observation time
 ---------------------------------------------------------------
 13hrs : 37min : 41.397s  -  2021/03/01    go 4 solving
 ---------------------------------------------------------------
 13hrs : 37min : 41.461s  -  2021/03/01    current simulation time:   1.0000000000000000 total iteration count:                    1
 ---------------------------------------------------------------
 13hrs : 38min : 15.745s  -  2021/03/01    making output files for observation time
 ---------------------------------------------------------------
 13hrs : 38min : 50.539s  -  2021/03/01    making output files for observation time
 ---------------------------------------------------------------
 13hrs : 39min : 13.244s  -  2021/03/01    making output files for observation time
 ---------------------------------------------------------------
 13hrs : 40min : 03.516s  -  2021/03/01    making output files for observation time
 ---------------------------------------------------------------
 13hrs : 43min : 48.827s  -  2021/03/01    making output files for observation time
 ---------------------------------------------------------------
 13hrs : 43min : 48.994s  -  2021/03/01    # real elapsed CPU time =   6.1338333333337989 min
 ---------------------------------------------------------------
 13hrs : 43min : 49.000s  -  2021/03/01    minimal adjusted time step was   1.0000000000000000
 ---------------------------------------------------------------
 13hrs : 43min : 49.000s  -  2021/03/01    F I N I S H E D !!!!!
 ---------------------------------------------------------------
 13hrs : 43min : 49.026s  -  2021/03/01    Peak RAM  consumption on image                    1 was:                    0 kB
