 #              _____________________  _______________________             #
 #              ___  __ \__  __ \_  / / /_  /___  ____/_  ___/             #
 #              __  / / /_  /_/ /  / / /_  __/_  __/  _____ \              #
 #              _  /_/ /_  _, _// /_/ / / /_ _  /___  ____/ /              #
 #              /_____/ /_/ |_| \____/  \__/ /_____/  /____/               #
 #                                                                         #
  
 DRUtES is initializing, reading input files
 ---------------------------------------------------------------
 15hrs : 33min : 58.532s  -  2021/02/03    total number of parallel images is:                    1
 ---------------------------------------------------------------
 15hrs : 33min : 58.533s  -  2021/02/03    reading input files and allocating...
 ---------------------------------------------------------------
 15hrs : 33min : 58.535s  -  2021/02/03    number of nodes:                   61 number of elements:                   60
 ---------------------------------------------------------------
 15hrs : 33min : 58.547s  -  2021/02/03    analyzing mesh structure...
 ---------------------------------------------------------------
 15hrs : 33min : 58.557s  -  2021/02/03    DRUtES solves coupled water and heat flow considering freezing and melting
 ---------------------------------------------------------------
 15hrs : 33min : 58.557s  -  2021/02/03    making output files for observation time
 ---------------------------------------------------------------
 15hrs : 33min : 58.576s  -  2021/02/03    go 4 solving
 ---------------------------------------------------------------
 15hrs : 33min : 58.669s  -  2021/02/03    current simulation time:   1.0000000000000000 total iteration count:                    2
 ---------------------------------------------------------------
 15hrs : 35min : 19.233s  -  2021/02/03    making output files for observation time
 ---------------------------------------------------------------
 15hrs : 36min : 00.044s  -  2021/02/03    making output files for observation time
 ---------------------------------------------------------------
 15hrs : 36min : 30.378s  -  2021/02/03    making output files for observation time
 ---------------------------------------------------------------
 15hrs : 37min : 12.998s  -  2021/02/03    making output files for observation time
 ---------------------------------------------------------------
 15hrs : 41min : 11.394s  -  2021/02/03    making output files for observation time
 ---------------------------------------------------------------
 15hrs : 41min : 11.518s  -  2021/02/03    # real elapsed CPU time =   7.2175000000000482 min
 ---------------------------------------------------------------
 15hrs : 41min : 11.523s  -  2021/02/03    minimal adjusted time step was  0.50859273413023376
 ---------------------------------------------------------------
 15hrs : 41min : 11.523s  -  2021/02/03    F I N I S H E D !!!!!
 ---------------------------------------------------------------
 15hrs : 41min : 11.546s  -  2021/02/03    Peak RAM  consumption on image                    1 was:                    0 kB
