 #              _____________________  _______________________             #
 #              ___  __ \__  __ \_  / / /_  /___  ____/_  ___/             #
 #              __  / / /_  /_/ /  / / /_  __/_  __/  _____ \              #
 #              _  /_/ /_  _, _// /_/ / / /_ _  /___  ____/ /              #
 #              /_____/ /_/ |_| \____/  \__/ /_____/  /____/               #
 #                                                                         #
  
 DRUtES is initializing, reading input files
 ---------------------------------------------------------------
 17hrs : 16min : 43.557s  -  2020/12/02    total number of parallel images is:                    1
 ---------------------------------------------------------------
 17hrs : 16min : 43.558s  -  2020/12/02    reading input files and allocating...
 ---------------------------------------------------------------
 17hrs : 16min : 43.561s  -  2020/12/02    number of nodes:                   61 number of elements:                   60
 ---------------------------------------------------------------
 17hrs : 16min : 43.565s  -  2020/12/02    analyzing mesh structure...
 ---------------------------------------------------------------
 17hrs : 16min : 43.574s  -  2020/12/02    DRUtES solves coupled water and heat flow considering freezing and melting
 ---------------------------------------------------------------
 17hrs : 16min : 43.575s  -  2020/12/02    making output files for observation time
 ---------------------------------------------------------------
 17hrs : 16min : 43.594s  -  2020/12/02    go 4 solving
 ---------------------------------------------------------------
 17hrs : 16min : 43.692s  -  2020/12/02    current simulation time:   1.0000000000000000 total iteration count:                    2
 ---------------------------------------------------------------
 17hrs : 17min : 01.592s  -  2020/12/02    making output files for observation time
 ---------------------------------------------------------------
 17hrs : 17min : 12.077s  -  2020/12/02    making output files for observation time
 ---------------------------------------------------------------
 17hrs : 17min : 23.310s  -  2020/12/02    making output files for observation time
 ---------------------------------------------------------------
 17hrs : 17min : 36.348s  -  2020/12/02    making output files for observation time
 ---------------------------------------------------------------
 17hrs : 17min : 36.376s  -  2020/12/02    making output files for observation time
 ---------------------------------------------------------------
 17hrs : 17min : 36.485s  -  2020/12/02    # real elapsed CPU time =   53.000000000000000 s
 ---------------------------------------------------------------
 17hrs : 17min : 36.490s  -  2020/12/02    minimal adjusted time step was  0.91011600000000015
 ---------------------------------------------------------------
 17hrs : 17min : 36.491s  -  2020/12/02    F I N I S H E D !!!!!
 ---------------------------------------------------------------
 17hrs : 17min : 36.513s  -  2020/12/02    Peak RAM  consumption on image                    1 was:                    0 kB
