 #              _____________________  _______________________             #
 #              ___  __ \__  __ \_  / / /_  /___  ____/_  ___/             #
 #              __  / / /_  /_/ /  / / /_  __/_  __/  _____ \              #
 #              _  /_/ /_  _, _// /_/ / / /_ _  /___  ____/ /              #
 #              /_____/ /_/ |_| \____/  \__/ /_____/  /____/               #
 #                                                                         #
  
 #        time                      T            heat flux [W.L-2]   in    x              directions   cumulative flux
 #-----------------------------------------------------------------------------------------------

   0.0000000000000000        10.000000000000000       -0.0000000000000000        0.0000000000000000     
   1.0000000000000000        10.000000000000000       -0.0000000000000000        0.0000000000000000     
   1.9540000000000002        10.000000000000004       -0.0000000000000000        0.0000000000000000     
   2.8641160000000001        10.000000000000004       -0.0000000000000000        0.0000000000000000     
   3.8288389600000006        10.000000000000002       -0.0000000000000000        0.0000000000000000     
   4.8514452976000007        10.000000000000002       -0.0000000000000000        0.0000000000000000     
   5.9354080154560007        10.000000000000002       -0.0000000000000000        0.0000000000000000     
   7.0844084963833609        10.000000000000002       -0.0000000000000000        0.0000000000000000     
   8.3023490061663630        10.000000000000000       -0.0000000000000000        0.0000000000000000     
   9.5933659465363448        10.000000000000002       -0.0000000000000000        0.0000000000000000     
   10.961843903328527        10.000000000000000       -0.0000000000000000        0.0000000000000000     
   12.412430537528239        10.000000000000002       -0.0000000000000000        0.0000000000000000     
   13.950052369779934        10.000000000000002       -0.0000000000000000        0.0000000000000000     
   15.579931511966731        10.000000000000002       -5.6488147492927914E-013   5.6488147492927914E-013
   17.307603402684734        10.000000000000002       -5.6488147492927914E-013   1.1297629498585583E-012
   19.138935606845820        10.000000000000002       -5.6488147492927914E-013   1.6946444247878373E-012
   21.080147743256571        10.000000000000002       -0.0000000000000000        1.6946444247878373E-012
   23.137832607851966        10.000000000000002       -0.0000000000000000        1.6946444247878373E-012
   25.318978564323086        10.000000000000002       -0.0000000000000000        1.6946444247878373E-012
   27.630993278182473        10.000000000000004       -0.0000000000000000        1.6946444247878373E-012
   30.081728874873424        10.000000000000004       -0.0000000000000000        1.6946444247878373E-012
   32.679508607365833        10.000000000000004       -0.0000000000000000        1.6946444247878373E-012
   35.433155123807786        10.000000000000004       -0.0000000000000000        1.6946444247878373E-012
   38.352020431236255        10.000000000000005       -0.0000000000000000        1.6946444247878373E-012
   41.446017657110431        10.000000000000005       -0.0000000000000000        1.6946444247878373E-012
   44.725654716537058        10.000000000000005       -0.0000000000000000        1.6946444247878373E-012
   48.202069999529286        10.000000000000005       -0.0000000000000000        1.6946444247878373E-012
   51.887070199501046        10.000000000000005       -0.0000000000000000        1.6946444247878373E-012
   55.793170411471110        10.000000000000005       -0.0000000000000000        1.6946444247878373E-012
   59.933636636159378        10.000000000000005       -0.0000000000000000        1.6946444247878373E-012
   64.322530834328944        10.000000000000005       -0.0000000000000000        1.6946444247878373E-012
   68.974758684388689        10.000000000000007       -0.0000000000000000        1.6946444247878373E-012
   73.906120205452012        10.000000000000007       -0.0000000000000000        1.6946444247878373E-012
   79.133363417779137        10.000000000000007       -0.0000000000000000        1.6946444247878373E-012
   84.674241222845893        10.000000000000005       -0.0000000000000000        1.6946444247878373E-012
   90.547571696216650        10.000000000000005       -0.0000000000000000        1.6946444247878373E-012
   96.773301997989648        10.000000000000005       -0.0000000000000000        1.6946444247878373E-012
   99.476364677492242        10.000000000000005       -0.0000000000000000        1.6946444247878373E-012
   102.34161111776500        10.000000000000005       -0.0000000000000000        1.6946444247878373E-012
   105.37877234445412        10.000000000000005       -0.0000000000000000        1.6946444247878373E-012
   108.59816324474458        10.000000000000004       -0.0000000000000000        1.6946444247878373E-012
   112.01071759905247        10.000000000000002        5.6488147492927914E-013   2.2595258997171166E-012
   115.62802521461883        10.000000000000000        5.6488147492927914E-013   2.8244073746463958E-012
   119.46237128711918        10.000000000000004       -0.0000000000000000        2.8244073746463958E-012
   123.52677812396955        10.000000000000002       -0.0000000000000000        2.8244073746463958E-012
   127.83504937103093        10.000000000000000       -0.0000000000000000        2.8244073746463958E-012
   132.40181689291600        10.000000000000000       -0.0000000000000000        2.8244073746463958E-012
   137.24259046611419        10.000000000000000       -0.0000000000000000        2.8244073746463958E-012
   142.37381045370427        10.000000000000004       -1.1297629498585583E-012   3.9541703245049543E-012
   147.81290364054973        10.000000000000004       -1.1297629498585583E-012   5.0839332743635128E-012
   153.57834241860593        10.000000000000005       -1.6946444247878371E-012   6.7785776991513501E-012
   159.68970752334550        10.000000000000004       -1.1297629498585583E-012   7.9083406490099086E-012
   166.16775453436946        10.000000000000004       -1.1297629498585583E-012   9.0381035988684663E-012
   173.03448436605484        10.000000000000002       -5.6488147492927914E-013   9.6029850737977459E-012
   180.31321798764137        10.000000000000002       -5.6488147492927914E-013   1.0167866548727026E-011
   188.02867562652307        10.000000000000000       -5.6488147492927914E-013   1.0732748023656305E-011
   196.20706072373767        9.9999999999999982       -0.0000000000000000        1.0732748023656305E-011
   204.87614892678516        9.9999999999999982        5.6488147492927914E-013   1.1297629498585585E-011
   214.06538242201549        10.000000000000000       -0.0000000000000000        1.1297629498585585E-011
   223.80596992695965        9.9999999999999982       -5.6488147492927914E-013   1.1862510973514865E-011
   234.13099268220046        9.9999999999999982       -0.0000000000000000        1.1862510973514865E-011
   245.07551680275571        10.000000000000002       -5.6488147492927914E-013   1.2427392448444144E-011
   256.67671237054429        10.000000000000002       -1.1297629498585583E-012   1.3557155398302702E-011
   268.97397967240016        10.000000000000004       -1.6946444247878371E-012   1.5251799823090538E-011
   282.00908301236740        10.000000000000002       -5.6488147492927914E-013   1.5816681298019817E-011
   286.53670623455429        10.000000000000000       -5.6488147492927924E-013   1.6381562772949097E-011
   291.33598685007240        9.9999999999999982       -0.0000000000000000        1.6381562772949097E-011
   296.42322430252159        9.9999999999999982       -0.0000000000000000        1.6381562772949097E-011
   301.81569600211776        9.9999999999999982       -0.0000000000000000        1.6381562772949097E-011
   307.53171600368967        9.9999999999999982       -0.0000000000000000        1.6381562772949097E-011
   313.59069720535592        9.9999999999999982       -0.0000000000000000        1.6381562772949097E-011
   320.01321727912210        9.9999999999999982       -0.0000000000000000        1.6381562772949097E-011
   326.82108855731428        10.000000000000000       -0.0000000000000000        1.6381562772949097E-011
   334.03743211219796        9.9999999999999982       -0.0000000000000000        1.6381562772949097E-011
   341.68675628037471        10.000000000000000       -5.6488147492927914E-013   1.6946444247878377E-011
   349.79503989864202        9.9999999999999964       -0.0000000000000000        1.6946444247878377E-011
   358.38982053400537        9.9999999999999947       -0.0000000000000000        1.6946444247878377E-011
   367.50028800749055        9.9999999999999947       -0.0000000000000000        1.6946444247878377E-011
   377.15738352938484        9.9999999999999947        5.6488147492927914E-013   1.7511325722807656E-011
   387.39390478259281        9.9999999999999947        5.6488147492927914E-013   1.8076207197736936E-011
   398.24461731099325        9.9999999999999964       -0.0000000000000000        1.8076207197736936E-011
   409.74637259109772        10.000000000000000       -1.1297629498585583E-012   1.9205970147595495E-011
   421.93823318800844        10.000000000000000       -2.2595258997171166E-012   2.1465496047312610E-011
   434.86160542073378        10.000000000000000       -3.3892888495756743E-012   2.4854784896888285E-011
   448.56037998742266        9.9999999999999947       -5.6488147492927908E-012   3.0503599646181075E-011
   463.08108102811286        9.9999999999999876       -1.0732748023656304E-011   4.1236347669837376E-011
   478.47302413124447        9.9999999999999645       -2.0900614572383328E-011   6.2136962242220710E-011
   494.78848382056401        9.9999999999999165       -4.4625636519413047E-011   1.0676259876163375E-010
   512.08287109124274        9.9999999999998117       -9.5464969263048170E-011   2.0222756802468191E-010
   530.41492159816221        9.9999999999995808       -2.1013590867369182E-010   4.1236347669837373E-010
   549.84689513549677        9.9999999999990390       -4.5924863911750389E-010   8.7161211581587767E-010
   570.44478708507143        9.9999999999977991       -1.0117027215983392E-009   1.8833148374142167E-009
   591.04267903464608        9.9999999999952571       -2.1002293237870609E-009   3.9835441612012776E-009
   612.87644450119524        9.9999999999897291       -4.3789611936517767E-009   8.3625053548530543E-009
   636.02023589573730        9.9999999999776907       -9.1488203679546231E-009   1.7511325722807676E-008
   660.55265477395187        9.9999999999515055       -1.9112199822757301E-008   3.6623525545564976E-008
   686.55701878485934        9.9999999998947153       -3.9835441612013065E-008   7.6458967157578035E-008
   714.12164463642125        9.9999999997721805       -8.2687915181624009E-008   1.5914688233920203E-007
   743.34014803907689        9.9999999995095710       -1.7061849533206883E-007   3.2976537767127084E-007
   774.31176164589192        9.9999999989514823       -3.4939387916212425E-007   6.7915925683339508E-007
   807.14167206911577        9.9999999977771292       -7.0902623505736773E-007   1.3881854918907628E-006
   841.94137711773305        9.9999999953335781       -1.4239289320985040E-006   2.8121144239892668E-006
   878.82906446926745        9.9999999903118013       -2.8266759386503203E-006   5.6387903626395875E-006
   917.93001306189387        9.9999999801293402       -5.5407450147997933E-006   1.1179535377439382E-005
   957.03096165452030        9.9999999617496371       -1.0232561294290916E-005   2.1412096671730297E-005
   998.47796716270432        9.9999999269024666       -1.8743686400315550E-005   4.0155783072045844E-005
   1042.4117930013795        9.9999998615183952       -3.4009882792652292E-005   7.4165665864698129E-005
   1088.9816483903751        9.9999997402458547       -6.1056776114840004E-005   1.3522244197953815E-004
   1138.3456951027104        9.9999995181107835       -1.0834514358661778E-004   2.4356758556615593E-004
   1190.6715846177858        9.9999991166189020       -1.8987334805922555E-004   4.3344093362538148E-004
   1246.1370275037657        9.9999984010689253       -3.2838888238684972E-004   7.6182981601223120E-004
   1301.6024703897456        9.9999972535599149       -5.4084774690211883E-004   1.3026775629143500E-003
   1360.3958398488844        9.9999953231592720       -8.8238306774830180E-004   2.1850606306626518E-003
   1413.3098723621092        9.9999927950227363       -1.3134165474717530E-003   3.4984771781344046E-003
   1469.3987468261275        9.9999889072271593       -1.9513274082599138E-003   5.4498045863943185E-003
   1528.8529537579871        9.9999829531359552       -2.8903552632994641E-003   8.3401598496937821E-003
   1591.8744131057581        9.9999738812822248       -4.2639598385039567E-003   1.2604119688197739E-002
   1658.6771600143954        9.9999601426583435       -6.2589593861372183E-003   1.8863079074334956E-002
   1729.4880717375511        9.9999394795833361       -9.1336634409757596E-003   2.7996742515310716E-002
   1804.5476381640960        9.9999086385642855       -1.3240641834502982E-002   4.1237384349813694E-002
   1884.1107785762335        9.9998629864602826       -1.9054677520881951E-002   6.0292061870695648E-002
   1968.4477074130994        9.9997960065333551       -2.7206263839732566E-002   8.7498325710428218E-002
   2057.8448519801773        9.9996986491068753       -3.8520712198722377E-002  0.12601903790915059     
   2152.6058252212797        9.9995585111390390       -5.4062527630081840E-002  0.18008156553923244     
   2253.0524568568485        9.9993588207351181       -7.5184193057905843E-002  0.25526575859713829     
   2359.5258863905515        9.9990772071847616      -0.10357789937018845       0.35884365796732676     
   2465.9993159242545        9.9987123670386442      -0.13873913206269922       0.49758279003002598     
   2572.4727454579574        9.9982504069449298      -0.18139586524501528       0.67897865527504120     
   2685.3345807636824        9.9976345643731808      -0.23584099883791798       0.91481965411295918     
   2804.9681261877508        9.9968194539389579      -0.30479169395119171        1.2196113480641508     
   2931.7796843372635        9.9957486955299899      -0.39141141897283377        1.6110227670369845     
   3066.1999359757469        9.9943530887350214      -0.49933279832405941        2.1103555653610440     
   3208.6854027125391        9.9925487442268981      -0.63266871842920636        2.7430242837902501     
   3359.7199974535392        9.9902352549197744      -0.79600912938455182        3.5390334131748018     
   3519.8166678789989        9.9872940103538124      -0.99440143153378402        4.5334348447085855     
   3679.9133383044586        9.9838298309490376       -1.2182656722659482        5.7517005169745339     
   3807.9906746448264        9.9807083736519662       -1.4136568894475185        7.1653574064220527     
   3943.7526511656165        9.9769904282220967       -1.6389535506263690        8.8043109570484219     
   4079.5146276864066        9.9728500723670024       -1.8821854359696930        10.686496393018114     
   4223.4223227984439        9.9679742034079535       -2.1597459826567920        12.846242375674906     
   4375.9644796172033        9.9622476394471864       -2.4755078539923483        15.321750229667256     
   4537.6591658450889        9.9555422599768058       -2.8335500257715767        18.155300255438831     
   4709.0555332466474        9.9477168802552036       -3.2381239855869155        21.393424241025748     
   4890.7356826922996        9.9386174813904589       -3.6936113409995865        25.087035582025337     
   5083.3166411046905        9.9280778690977805       -4.2044726013677405        29.291508183393077     
   5283.3166411046905        9.9161861692059325       -4.7630899954200201        34.054598178813094     
   5483.3166411046905        9.9033733497647134       -5.3475935088319568        39.402191687645050     
   5683.3166411046905        9.8896698444214657       -5.9558080387702210        45.357999726415272     
   5883.3166411046905        9.8751106182590913       -6.5855984789225417        51.943598205337814     
   6083.3166411046905        9.8597342701329467       -7.2348896109590077        59.178487816296823     
   6283.3166411046905        9.8435822094897336       -7.9016810606030186        67.080168876899847     
   6483.3166411046905        9.8266979132684895       -8.5840578831828118        75.664226760082656     
   6683.3166411046905        9.8091262661504501       -9.2801972388876326        84.944423998970294     
   6883.3166411046905        9.7909129856041357       -9.9883715919431140        94.932795590913400     
   7043.3166411046905        9.7759552982822981       -10.561767999166142        105.49456359007954     
   7212.9166411046908        9.7596933594888355       -11.176315565317662        116.67087915539720     
   7382.5166411046912        9.7430526035955420       -11.796701524003376        128.46758067940058     
   7562.2926411046910        9.7250207077576825       -12.459848500757015        140.92742918015759     
   7752.8552011046913        9.7055042120936790       -13.167863909319301        154.09529308947688     
   7952.8552011046913        9.6846211028926312       -13.915306020395105        168.01059910987198     
   8152.8552011046913        9.6633801251113560       -14.665964736179047        182.67656384605101     
   8352.8552011046922        9.6418220549279745       -15.418776862194093        198.09534070824509     
   8552.8552011046922        9.6199861161225879       -16.172758491239982        214.26809919948508     
   8752.8552011046922        9.5979098945847952       -16.927000610819707        231.19509981030478     
   8952.8552011046922        9.5756292862969836       -17.680664021131985        248.87576383143676     
   9152.8552011046922        9.5531784745094264       -18.432973996672132        267.30873782810886     
   9352.8552011046922        9.5305899278963331       -19.183215430949822        286.49195325905868     
   9552.8552011046922        9.5078944145451505       -19.930728805008989        306.42268206406766     
   9752.8552011046922        9.4851210178190453       -20.674907335548898        327.09758939961654     
   9952.8552011046922        9.4622971634311366       -21.415194262863935        348.51278366248050     
   10152.855201104692        9.4394486498563026       -22.151080355388281        370.66386401786878     
   10352.855201104692        9.4165996836845167       -22.882101591783197        393.54596560965194     
   10552.855201104692        9.3937729168249273       -23.607837237770891        417.15380284742281     
   10752.855201104692        9.3709894852336593       -24.327908074713054        441.48171092213585     
   10952.855201104692        9.3482690522035750       -25.041974217574150        466.52368513970998     
   11152.855201104692        9.3256298602410652       -25.749732142240138        492.27341728195012     
   11352.855201104692        9.3030887931375972       -26.450911060904403        518.72432834285451     
   11552.855201104692        9.2806614453269525       -27.145269297637363        545.86959764049186     
   11752.855201104692        9.2583621928275299       -27.832591322267717        573.70218896275958     
   11952.855201104692        9.2362042612188837       -28.512685606070217        602.21487456882983     
   12152.855201104692        9.2141997894855425       -29.185382980539249        631.40025754936903     
   12352.855201104692        9.1923598910783078       -29.850535083482370        661.25079263285136     
   12552.855201104692        9.1706947125381308       -30.508012893056879        691.75880552590820     
   12752.855201104692        9.1492134870443085       -31.157705764596258        722.91651129050445     
   12952.855201104692        9.1279245793461357       -31.799521263088074        754.71603255359253     
   13152.855201104692        9.1068355222589901       -32.433385400393107        787.14941795398568     
   13352.855201104692        9.0859530504798407       -33.059242344872260        820.20866029885792     
   13552.855201104692        9.0652831395907079       -33.677052892114702        853.88571319097264     
   13752.855201104692        9.0448310548383528       -34.286791771893334        888.17250496286601     
   13952.855201104692        9.0246014083654700       -34.888444547360720        923.06094951022669     
   14152.855201104692        9.0045982183428279       -35.482005117083382        958.54295462731011     
   14352.855201104692        8.9848249628616745       -36.067474364809073        994.61042899211918     
   14552.855201104692        8.9652846255828056       -36.644859705825290        1031.2552886979445     
   14752.855201104692        8.9459797346794083       -37.214174896977589        1068.4694635949220     
   14952.855201104692        8.9269123980108063       -37.775439698137390        1106.2449032930595     
   15152.855201104692        8.9080843359640518       -38.328679399664253        1144.5735826927237     
   15352.855201104692        8.8894969096207817       -38.873924723732436        1183.4475074164561     
   15552.855201104692        8.8711511392619293       -39.411212674936976        1222.8587200913930     
   15752.855201104692        8.8530477116805724       -39.940588101402341        1262.7993081927953     
   15952.855201104692        8.8351869822899189       -40.462104836441860        1303.2614130292370     
   16152.855201104692        8.8175689820753860       -40.975825371439804        1344.2372384006769     
   16352.855201104692        8.8001934362585281       -41.481818976199904        1385.7190573768769     
   16552.855201104692        8.7830597942754860       -41.980159113145390        1427.6992164900223     
   16752.855201104692        8.7661672649013997       -42.470921225728759        1470.1701377157510     
   16952.855201104692        8.7495148481860454       -42.954181696984477        1513.1243194127355     
   17152.855201104692        8.7331013593791376       -43.430017919806311        1556.5543373325418     
   17352.855201104692        8.7169254469799871       -43.898508586540764        1600.4528459190826     
   17552.855201104692        8.7009856109317845       -44.359733344132586        1644.8125792632152     
   17752.855201104692        8.6852802247009748       -44.813771753617651        1689.6263510168328     
   17952.855201104692        8.6698075596217095       -45.260702201442626        1734.8870532182755     
   18152.855201104692        8.6545658062061896       -45.700601502602453        1780.5876547208779     
   18352.855201104692        8.6395530849707640       -46.133545866946974        1826.7212005878250     
   18552.855201104692        8.6247674405027084       -46.559613446303835        1873.2808140341288     
   18752.855201104692        8.6102068189442242       -46.978887732909897        1920.2597017670387     
   18952.855201104692        8.5958690392440076       -47.391460093965932        1967.6511618610045     
   19152.855201104692        8.5817517747459107       -47.797429777706448        2015.4485916387109     
   19352.855201104692        8.5678525575369484       -48.196901101065976        2063.6454927397767     
   19552.855201104692        8.5541688060818615       -48.589979140629985        2112.2354718804067     
   19752.855201104692        8.5406978657099089       -48.976765874778231        2161.2122377551850     
   19952.855201104692        8.5274370476905030       -49.357358171218252        2210.5695959264031     
   20152.855201104692        8.5143836560030870       -49.731847934604581        2260.3014438610076     
   20352.855201104692        8.5015349962245494       -50.100324060920819        2310.4017679219282     
   20552.855201104692        8.4888883687705263       -50.462875097524922        2360.8646430194531     
   20752.855201104692        8.4764410568377890       -50.819591027103741        2411.6842340465569     
   20952.855201104692        8.4641903214280632       -51.170563147369187        2462.8547971939261     
   21152.855201104692        8.4521334099420180       -51.515882276100385        2514.3706794700265     
   21352.855201104692        8.4402675758944987       -51.855636457085168        2566.2263159271115     
   21552.855201104692        8.4285901013108653       -52.189909426661359        2618.4162253537729     
   21752.855201104692        8.4170983095523866       -52.518781009978277        2670.9350063637512     
   21952.855201104692        8.4057895580944351       -52.842329856042547        2723.7773362197936     
   22152.855201104692        8.3946612105025480       -53.160637473109560        2776.9379736929031     
   22352.855201104692        8.3837106009148776       -53.473791222368781        2830.4117649152718     
   22552.855201104692        8.3729350114068239       -53.781884233938428        2884.1936491492102     
   22752.855201104692        8.3623316759141950       -54.085012118510484        2938.2786612677205     
   22952.855201104692        8.3518978092087135       -54.383268274709216        2992.6619295424298     
   23152.855201104692        8.3416306469824555       -54.676740133338690        3047.3386696757684     
   23352.855201104692        8.3315274801874573       -54.965507803423286        3102.3041774791918     
   23552.855201104692        8.3215856722663091       -55.249645220837273        3157.5538227000293     
   23752.855201104692        8.3118026564559848       -55.529222923122781        3213.0830456231520     
   23952.855201104692        8.3021759153246570       -55.804311573720113        3268.8873571968720     
   24152.855201104692        8.2927029507492538       -56.074984991876491        3324.9623421887486     
   24352.855201104692        8.2833812585603823       -56.341321190684447        3381.3036633794331     
   24552.855201104692        8.2742083206961574       -56.603400824897193        3437.9070642043303     
   24752.855201104692        8.2651816182316118       -56.861303925744707        3494.7683681300750     
   24952.855201104692        8.2562986581765383       -57.115106600756818        3551.8834747308319     
   25152.855201104692        8.2475570019176239       -57.364879096464961        3609.2483538272968     
   25352.855201104692        8.2389542846722428       -57.610685751338089        3666.8590395786350     
   25552.855201104692        8.2304882159842059       -57.852587237467290        3724.7116268161021     
   25752.855201104692        8.2221565553471887       -58.090644868215016        3782.8022716843170     
   25952.855201104692        8.2139570683685168       -58.324925360926386        3841.1271970452435     
   26152.855201104692        8.2058874798088155       -58.555503844673460        3899.6827008899168     
   26352.855201104692        8.1979454450907827       -58.782463264880697        3958.4651641547975     
   26552.855201104692        8.1901285566136188       -59.005889852721836        4017.4710540075193     
   26752.855201104692        8.1824343850757195       -59.225866503525673        4076.6969205110449     
   26952.855201104692        8.1748605388664934       -59.442467087324410        4136.1393875983695     
   27152.855201104692        8.1674047178102658       -59.655753993178401        4195.7951415915477     
   27352.855201104692        8.1600647433266253       -59.865779378861909        4255.6609209704093     
   27552.855201104692        8.1528385591770096       -60.072589015886351        4315.7335099862958     
   27752.855201104692        8.1457242077345597       -60.276227018961180        4376.0097370052572     
   27952.855201104692        8.1387197898133739       -60.476740381861937        4436.4864773871195     
   28152.855201104692        8.1318234209132143       -60.674181995970670        4497.1606593830902     
   28352.855201104692        8.1250332011783470       -60.868610732067495        4558.0292701151575     
   28552.855201104692        8.1183472110283237       -61.060088527269471        4619.0893586424272     
   28752.855201104692        8.1117635310082576       -61.248676117460654        4680.3380347598877     
   28952.855201104692        8.1052802732627747       -61.434429538710148        4741.7724642985977     
   29152.855201104692        8.0988956096685047       -61.617398690890276        4803.3898629894884     
   29352.855201104692        8.0926077866977923       -61.797628033066452        4865.1874910225552     
   29552.855201104692        8.0864151243922802       -61.975158668842390        4927.1626496913977     
   29752.855201104692        8.0803159961975446       -62.150031823950272        4989.3126815153482     
   29952.855201104692        8.0743087883450926       -62.322293455491355        5051.6349749708397     
   30152.855201104692        8.0683918484840493       -62.491998258453656        5114.1269732292931     
   30352.855201104692        8.0625634425658248       -62.659210960490554        5176.7861841897839     
   30552.855201104692        8.0568217363616697       -62.824004212974280        5239.6101884027585     
   30752.855201104692        8.0511648117405059       -62.986453321209062        5302.5966417239679     
   30952.855201104692        8.0455907189484872       -63.146628917456603        5365.7432706414247     
   31152.855201104692        8.0400975517845179       -63.304590019423991        5429.0478606608485     
   31352.855201104692        8.0346835206490859       -63.460380291597872        5492.5082409524466     
   31552.855201104692        8.0293469990016764       -63.614028896705854        5556.1222698491529     
   31752.855201104692        8.0240865311557688       -63.765555184486090        5619.8878250336393     
   31952.855201104692        8.0189008046733665       -63.914975105019991        5683.8028001386592     
   32152.855201104692        8.0137886006833572       -64.062307179691018        5747.8651073183501     
   32352.855201104692        8.0087487377156474       -64.207576677999199        5812.0726839963490     
   32552.855201104692        8.0037800181743712       -64.350818100100881        5876.4235020964497     
   32752.855201104692        7.9988811878930726       -64.492075443964637        5940.9155775404142     
   32952.855201104692        7.9940509240236750       -64.631399121837632        6005.5469766622518     
   33152.855201104692        7.9892878583777112       -64.768840093373967        6070.3158167556257     
   33352.855201104692        7.9845906254443610       -64.904443855764498        6135.2202606113906     
   33552.855201104692        7.9799579128203781       -65.038246990300905        6200.2585076016912     
   33752.855201104692        7.9753884942951370       -65.170277259472627        6265.4287848611639     
   33952.855201104692        7.9708812372499418       -65.300556438118264        6330.7293412992822     
   34152.855201104692        7.9664350874364507       -65.429104240850080        6396.1584455401326     
   34352.855201104692        7.9620490403545947       -65.555941893886143        6461.7143874340190     
   34552.855201104692        7.9577221005020187       -65.681095862811716        6527.3954832968311     
   34752.855201104692        7.9534532283354409       -65.804601927810324        6593.2000852246410     
   34952.855201104692        7.9492412871982898       -65.926507756913324        6659.1265929815545     
   35152.855201104692        7.9450850111246911       -66.046871914777157        6725.1734648963320     
   35352.855201104692        7.9409830073655403       -66.165759267620686        6791.3392241639531     
   35552.855201104692        7.9369337915108558       -66.283234742818877        6857.6224589067715     
   35752.855201104692        7.9329358489103878       -66.399356593610307        6924.0218155003822     
   35952.855201104692        7.9289877159728483       -66.514169744855224        6990.5359852452375     
   36152.855201104692        7.9250880655462712       -66.627701055720308        7057.1636863009580     
   36352.855201104692        7.9212357710114816       -66.739958857390732        7123.9036451583488     
   36552.855201104692        7.9174299278868983       -66.850937447271946        7190.7545826056212     
   36752.855201104692        7.9136698281606090       -66.960624868712387        7257.7152074743335     
   36952.855201104692        7.9099548995226563       -67.069011152402538        7324.7842186267362     
   37152.855201104692        7.9062846300251604       -67.176094651004860        7391.9603132777411     
   37352.855201104692        7.9026584973073977       -67.281885392715637        7459.2421986704567     
   37552.855201104692        7.8990759144640084       -67.386405607016073        7526.6286042774727     
   37752.855201104692        7.8955361929440979       -67.489688843326377        7594.1182931207995     
   37952.855201104692        7.8920385274465614       -67.591777323481679        7661.7100704442810     
   38152.855201104692        7.8885820160707967       -67.692716151104023        7729.4027865953849     
   38352.855201104692        7.8851657176044654       -67.792545471857451        7797.1953320672419     
   38552.855201104692        7.8817887257668868       -67.891294112868650        7865.0866261801102     
   38752.855201104692        7.8784502304507260       -67.988977611337120        7933.0756037914471     
   38952.855201104692        7.8751495450317179       -68.085600920405710        8001.1612047118524     
   39152.855201104692        7.8718860964128421       -68.181163904153550        8069.3423686160058     
   39352.855201104692        7.8686593884365248       -68.275667162839241        8137.6180357788453     
   39552.855201104692        7.8654689544889012       -68.369116418911204        8205.9871521977566     
   39752.855201104692        7.8623143129778352       -68.461524783836580        8274.4486769815940     
   39952.855201104692        7.8591949338338658       -68.552913093094688        8343.0015900746894     
   40152.855201104692        7.8561112463072043       -68.643341652781316        8411.6449317274710     
   40352.855201104692        7.8530602845393176       -68.732782542568643        8480.3777142700401     
   40552.855201104692        7.8500424373403721       -68.821315977179609        8549.1990302472204     
   40752.855201104692        7.8470577030323660       -68.909034638774088        8618.1080648859952     
   40952.855201104692        7.8441036665001489       -68.995975617561470        8687.1040405035565     
   41152.855201104692        7.8411789829901473       -69.082209099885702        8756.1862496034428     
   41352.855201104692        7.8382822573574868       -69.167797146733761        8825.3540467501771     
   41552.855201104692        7.8354121368260223       -69.252786242580200        8894.6068329927566     
   41752.855201104692        7.8325674138600405       -69.337201161703064        8963.9440341544596     
   41952.855201104692        7.8297471219147408       -69.421041701532388        9033.3650758559925     
   42152.855201104692        7.8269505957803389       -69.504284687415534        9102.8693605434073     
   42352.855201104692        7.8241774750444719       -69.586891582737579        9172.4562521261450     
   42552.855201104692        7.8214276503284523       -69.668819248451811        9242.1250713745976     
   42752.855201104692        7.8187011717816368       -69.750030277394117        9311.8751016519909     
   42952.855201104692        7.8159981472695277       -69.830500188752822        9381.7056018407438     
   43152.855201104692        7.8133186536259389       -69.910220512033902        9451.6158223527782     
   43352.855201104692        7.8106626740997394       -69.989198293885195        9521.6050206466625     
   43552.855201104692        7.8080291964829147       -70.067418550338061        9591.6724391970001     
   43752.855201104692        7.8054190380109434       -70.144942447814174        9661.8173816448143     
   43952.855201104692        7.8028326451228276       -70.221839037225578        9732.0392206820397     
   44152.855201104692        7.8002675878033489       -70.298075727435233        9802.3372964094742     
   44352.855201104692        7.7977243625147166       -70.373715479377751        9872.7110118888522     
   44552.855201104692        7.7952024293490894       -70.448778443181936        9943.1597903320344     
   44752.855201104692        7.7927013290964187       -70.523271071335344        10013.683061403370     
   44952.855201104692        7.7902207391082507       -70.597185436629090        10084.280246839999     
   45152.855201104692        7.7877604979682671       -70.670502189662514        10154.950749029662     
   45352.855201104692        7.7853213667342320       -70.743232904938679        10225.693981934601     
   45552.855201104692        7.7829024195673497       -70.815321349731008        10296.509303284332     
   45752.855201104692        7.7805037645026349       -70.886752710301195        10367.396055994634     
   45952.855201104692        7.7781254806539790       -70.957524161107713        10438.353580155741     
   46152.855201104692        7.7757675553242178       -71.027646265762996        10509.381226421505     
   46352.855201104692        7.7734298431353421       -71.097141934319311        10580.478368355823     
   46552.855201104692        7.7711120502303528       -71.166043595489569        10651.644411951313     
   46752.855201104692        7.7688137219118651       -71.234392346109317        10722.878804297421     
   46952.855201104692        7.7665342192952593       -71.302239498579027        10794.181043795999     
   47152.855201104692        7.7642727040583992       -71.369646134719986        10865.550689930720     
   47352.855201104692        7.7620281621531841       -71.436677425024683        10936.987367355745     
   47552.855201104692        7.7597994757312492       -71.503393239742920        11008.490760595489     
   47752.855201104692        7.7575855237137112       -71.569839363387601        11080.060599958877     
   47952.855201104692        7.7553852969228334       -71.636040056357260        11151.696640015234     
   48152.855201104692        7.7531979995706060       -71.701994901009229        11223.398634916244     
   48352.855201104692        7.7510231136457000       -71.767680733051833        11295.166315649296     
   48552.855201104692        7.7488604245039507       -71.833056295765473        11366.999371945061     
   48752.855201104692        7.7467100126582569       -71.898068127797330        11438.897440072858     
   48952.855201104692        7.7445722114120690       -71.962657872505758        11510.860097945364     
   49152.855201104692        7.7424475309534024       -72.026770775125144        11582.886868720489     
   49352.855201104692        7.7403365593013485       -72.090363765647965        11654.977232486137     
   49552.855201104692        7.7382398592388437       -72.153411116603777        11727.130643602741     
   49752.855201104692        7.7361578809569380       -72.215906525828558        11799.346550128570     
   49952.855201104692        7.7340909032847787       -72.277861773206808        11871.624411901777     
   50152.855201104692        7.7320390069358673       -72.339303029691038        11943.963714931468     
   50352.855201104692        7.7300020754933998       -72.400266181947629        12016.363981113414     
   50552.855201104692        7.7279798157536739       -72.460792320822009        12088.824773434237     
   50752.855201104692        7.7259717883215817       -72.520924105618008        12161.345697539855     
   50952.855201104692        7.7239769800463183       -72.580660323100517        12233.926357862956     
   51152.855201104692        7.7219958938706945       -72.640123891131012        12306.566481754087     
   51352.855201104692        7.7200272018128988       -72.699304413663825        12379.265786167751     
   51552.855201104692        7.7180703592063642       -72.758210562317132        12452.023996730068     
   51752.855201104692        7.7161250389712173       -72.816826375083608        12524.840823105151     
   51952.855201104692        7.7141911823826721       -72.875115210807891        12597.715938315958     
   52152.855201104692        7.7122689764651682       -72.933030350434578        12670.648968666392     
   52352.855201104692        7.7103587729103591       -72.990527391871794        12743.639496058264     
   52552.855201104692        7.7084609804155413       -73.047574142756545        12816.687070201020     
   52752.855201104692        7.7065759617287615       -73.104155940852166        12889.791226141871     
   52952.855201104692        7.7047039558132990       -73.160276453658085        12962.951502595530     
   53152.855201104692        7.7028450327942899       -73.215955220988363        13036.167457816518     
   53352.855201104692        7.7009990796933856       -73.271223510532778        13109.438681327052     
   53552.855201104692        7.6991658097613502       -73.326119804579733        13182.764801131632     
   53752.855201104692        7.6973447867427787       -73.380685778746894        13256.145486910380     
   53952.855201104692        7.6955354562359428       -73.434963195370187        13329.580450105750     
   54152.855201104692        7.6937371519784676       -73.488995796682602        13403.069445902433     
   54352.855201104692        7.6919490678717164       -73.542834534416002        13476.612280436848     
   54552.855201104692        7.6901702358669777       -73.596538671830118        13550.208819108679     
   54752.855201104692        7.6883995562035565       -73.650168924230613        13623.858988032909     
   54952.855201104692        7.6866358875113621       -73.703776058872563        13697.562764091781     
   55152.855201104692        7.6848781648211162       -73.757391304151042        13771.320155395932     
   55352.855201104692        7.6831255026730565       -73.811022689861005        13845.131178085792     
   55552.855201104692        7.6813772820175323       -73.864653463498371        13918.995831549291     
   55752.855201104692        7.6796332055877778       -73.918244130009029        13992.914075679300     
   55952.855201104692        7.6778933115154686       -73.971737953726105        14066.885813633027     
   56152.855201104692        7.6761579568123821       -74.025066832579896        14140.910880465608     
   56352.855201104692        7.6744277789467770       -74.078156990795179        14214.989037456404     
   56552.855201104692        7.6727036297034203       -74.130936093598763        14289.119973550003     
   56752.855201104692        7.6709864774836607       -74.183341928838914        14363.303315478843     
   56952.855201104692        7.6692772896288757       -74.235330496984616        14437.538645975827     
   57152.855201104692        7.6675769181758398       -74.286880917955912        14511.825526893783     
   57352.855201104692        7.6658860117943401       -74.337995934486969        14586.163522828270     
   57552.855201104692        7.6642049665404830       -74.388698533246242        14660.552221361517     
   57752.855201104692        7.6625339159301706       -74.439026257783880        14734.991247619300     
   57952.855201104692        7.6608727521096327       -74.489024945510806        14809.480272564811     
   58152.855201104692        7.6592211662146887       -74.538743194552822        14884.019015759364     
   58352.855201104692        7.6575786964180672       -74.588228253674913        14958.607244013039     
   58552.855201104692        7.6559447748327463       -74.637523496901082        15033.244767509941     
   58752.855201104692        7.6543187677575855       -74.686667299368324        15107.931434809310     
   58952.855201104692        7.6526999975005561       -74.735694371487668        15182.667129180798     
   59152.855201104692        7.6510877791033867       -74.784633221006786        15257.451762401804     
   59352.855201104692        7.6494815146717086       -74.833495987147614        15332.285258388953     
   59552.855201104692        7.6478808294133014       -74.882267254925893        15407.167525643879     
   59752.855201104692        7.6462856824290188       -74.930901345067923        15482.098426988947     
   59952.855201104692        7.6446963933741596       -74.979331124030153        15557.077758112977     
   60152.855201104692        7.6431135732206545       -75.027483952020845        15632.105242064998     
   60352.855201104692        7.6415379901988860       -75.075297755053654        15707.180539820050     
   60552.855201104692        7.6399704181059196       -75.122732078188278        15782.303271898239     
   60752.855201104692        7.6384115064141973       -75.169772405190614        15857.473044303430     
   60952.855201104692        7.6368616933748470       -75.216428715879573        15932.689473019309     
   61152.855201104692        7.6353211659574711       -75.262730455542666        16007.952203474852     
   61352.855201104692        7.6337898592488269       -75.308720103756542        16083.260923578608     
   61552.855201104692        7.6322674832148056       -75.354446947038852        16158.615370525646     
   61752.855201104692        7.6307535646222835       -75.399961956628587        16234.015332482275     
   61952.855201104692        7.6292474942050603       -75.445314099424081        16309.460646581700     
   62152.855201104692        7.6277485721810692       -75.490548039768100        16384.951194621466     
   62352.855201104692        7.6262560480344028       -75.535703000308885        16460.486897621777     
   62552.855201104692        7.6247691152926995       -75.580818172318104        16536.067715794095     
   62752.855201104692        7.6232868611673172       -75.625940978023564        16611.693656772120     
   62952.855201104692        7.6218082352241847       -75.671127767900515        16687.364784540019     
   63152.855201104692        7.6203320945884796       -75.716433686447189        16763.081218226467     
   63352.855201104692        7.6188573217494735       -75.761898228501181        16838.843116454969     
   63552.855201104692        7.6173829633269410       -75.807535123129966        16914.650651578100     
   63752.855201104692        7.6159083349207384       -75.853330731375891        16990.503982309478     
   63952.855201104692        7.6144330637340936       -75.899249862422650        17066.403232171899     
   64152.855201104692        7.6129570705920688       -75.945245251018889        17142.348477422918     
   64352.855201104692        7.6114805524375591       -75.991260695407874        17218.339738118328     
   64552.855201104692        7.6100039679639782       -76.037232550111710        17294.376970668440     
   64752.855201104692        7.6085280152150556       -76.083092133066572        17370.460062801507     
   64952.855201104692        7.6070536090352547       -76.128767143871343        17446.588829945380     
   65152.855201104692        7.6055818527583767       -76.174183658270806        17522.763013603650     
   65352.855201104692        7.6041139807066802       -76.219271879506309        17598.982285483155     
   65552.855201104685        7.6026512594784936       -76.263975342980260        17675.246260826134     
   65752.855201104685        7.6011948633882307       -76.308259819958224        17751.554520646092     
   65952.855201104685        7.5997457560321919       -76.352118119935483        17827.906638766028     
   66152.855201104685        7.5983046067248363       -76.395569359683918        17904.302208125711     
   66352.855201104685        7.5968717552715734       -76.438653708581555        17980.740861834292     
   66552.855201104685        7.5954472225738794       -76.481424829640332        18057.222286663931     
   66752.855201104685        7.5940307545225583       -76.523942198941583        18133.746228862874     
   66952.855201104685        7.5926218835573085       -76.566264775930819        18210.312493638805     
   67152.855201104685        7.5912199941080116       -76.608446668527179        18286.920940307333     
   67352.855201104685        7.5898243822215044       -76.650534799213759        18363.571475106546     
   67552.855201104685        7.5884343040158839       -76.692568214601266        18440.264043321149     
   67752.855201104685        7.5870490111290714       -76.734578548997661        18516.998621870145     
   67952.855201104685        7.5856677737102771       -76.776591169639389        18593.775213039786     
   68152.855201104685        7.5842898805053487       -76.818628495498473        18670.593841535283     
   68352.855201104685        7.5829146716539100       -76.860706014546992        18747.454547549831     
   68552.855201104685        7.5815416579144603       -76.902817664138382        18824.357365213968     
   68752.855201104685        7.5801706868301846       -76.944922118190661        18901.302287332157     
   68952.855201104685        7.5788020561993861       -76.986942640022775        18978.289229972179     
   69152.855201104685        7.5774365049721766       -77.028782101811530        19055.318012073989     
   69352.855201104685        7.5760750838607418       -77.070345137836910        19132.388357211825     
   69552.855201104685        7.5747189602073979       -77.111557718535991        19209.499914930362     
   69752.855201104685        7.5733692221532483       -77.152378397443144        19286.652293327807     
   69952.855201104685        7.5720267282201483       -77.192800419841475        19363.845093747648     
   70152.855201104685        7.5706920210474005       -77.232847030529257        19441.077940778177     
   70352.855201104685        7.5693653022398202       -77.272563267617173        19518.350504045793     
   70552.855201104685        7.5680464535837135       -77.312007045822369        19595.662511091614     
   70752.855201104685        7.5667350868015166       -77.351241314176221        19673.013752405790     
   70952.855201104685        7.5654306061116134       -77.390328101512907        19750.404080507302     
   71152.855201104685        7.5641322720554260       -77.429324576135187        19827.833405083438     
   71352.855201104685        7.5628392593892197       -77.468280863715194        19905.301685947154     
   71552.855201104685        7.5615507053819719       -77.507239216116858        19982.808925163270     
   71752.855201104685        7.5602657473629948       -77.546234113990295        20060.355159277260     
   71952.855201104685        7.5589835499233935       -77.585292945885698        20137.940452223145     
   72152.855201104685        7.5577033230156996       -77.624436989358244        20215.564889212503     
   72352.855201104685        7.5564242771875936       -77.663690915434032        20293.228580127936     
   72552.855201104685        7.5551455288046840       -77.703093985144079        20370.931674113079     
   72752.855201104685        7.5538660533283783       -77.742698418263245        20448.674372531343     
   72952.855201104685        7.5525847547661478       -77.782553246623621        20526.456925777966     
   73152.855201104685        7.5513006255793877       -77.822684978104036        20604.279610756072     
   73352.855201104685        7.5500129157587903       -77.863086654024457        20682.142697410098     
   73552.855201104685        7.5487212406068123       -77.903719082767580        20760.046416492867     
   73752.855201104685        7.5474256010658713       -77.944520979854119        20837.990937472721     
   73952.855201104685        7.5461263300643679       -77.985422225541569        20915.976359698263     
   74152.855201104685        7.5448239969411475       -78.026355539135039        20994.002715237399     
   74352.855201104685        7.5435193642630631       -78.067254768487118        21072.069970005887     
   74552.855201104685        7.5422133765774859       -78.108051647419359        21150.178021653304     
   74752.855201104685        7.5409071503737835       -78.148675250970825        21228.326696904274     
   74952.855201104685        7.5396019696300236       -78.189051087866531        21306.515747992140     
   75152.855201104685        7.5382992707324270       -78.229102484525100        21384.744850476665     
   75352.855201104685        7.5370005808564011       -78.268758247387098        21463.013608724053     
   75552.855201104685        7.5357073984044707       -78.307964864654863        21541.321573588710     
   75752.855201104685        7.5344210437486483       -78.346697309456829        21619.668270898168     
   75952.855201104685        7.5331425260777483       -78.384963572667701        21698.053234470837     
   76152.855201104685        7.5318724616074677       -78.422801857137642        21776.476036327975     
   76352.855201104685        7.5306110550250613       -78.460272508561829        21854.936308836535     
   76552.855201104685        7.5293581355462589       -78.497447891761638        21933.433756728296     
   76752.855201104685        7.5281132283295387       -78.534402944772026        22011.968159673070     
   76952.855201104685        7.5268756406446897       -78.571207996701887        22090.539367669771     
   77152.855201104685        7.5256445463912716       -78.607924335416854        22169.147292005189     
   77352.855201104685        7.5244190586281228       -78.644602272411902        22247.791894277601     
   77552.855201104685        7.5231982853595714       -78.681281100375656        22326.473175377978     
   77752.855201104685        7.5219813679191647       -78.717990269554278        22405.191165647531     
   77952.855201104685        7.5207675037756072       -78.754751197242570        22483.945916844776     
   78152.855201104685        7.5195559567599073       -78.791579273559179        22562.737496118334     
   78352.855201104685        7.5183460579916845       -78.828485777487245        22641.565981895823     
   78552.855201104685        7.5171372005382455       -78.865479542273704        22720.431461438096     
   78752.855201104685        7.5159288129001656       -78.902570951700199        22799.334032389797     
   78952.855201104685        7.5147203968017671       -78.939763993884000        22878.273796383681     
   79152.855201104685        7.5135116919853413       -78.977034382456409        22957.250830766137     
   79352.855201104685        7.5123028883347045       -79.014312634525879        23036.265143400662     
   79552.855201104685        7.5110947412511351       -79.051488218552493        23115.316631619215     
   79752.855201104685        7.5098885124793586       -79.088433174378551        23194.405064793595     
   79952.855201104685        7.5086857638738609       -79.125031837164272        23273.530096630759     
   80152.855201104685        7.5074880912502708       -79.161203781393965        23352.691300412152     
   80352.855201104685        7.5062968841150379       -79.196914118307390        23431.888214530460     
   80552.855201104685        7.5051131620177625       -79.232171979921830        23511.120386510382     
   80752.855201104685        7.5039374999124639       -79.267021421829710        23590.387407932212     
   80952.855201104685        7.5027700291382438       -79.301529351845616        23669.688937284060     
   81152.855201104685        7.5016104897902141       -79.335773880566137        23749.024711164624     
   81352.855201104685        7.5004583100930855       -79.369834932444178        23828.394546097068     
   81552.855201104685        7.4993126935573535       -79.403787702789472        23907.798333799856     
   81752.855201104685        7.4981727012367863       -79.437698775339555        23987.236032575194     
   81952.855201104685        7.4970373221813809       -79.471624360186510        24066.707656935381     
   82152.855201104685        7.4959055294200381       -79.505610032180982        24146.213266967563     
   82352.855201104685        7.4947763215085512       -79.539691416011138        24225.752958383575     
   82552.855201104685        7.4936487511581706       -79.573895386314646        24305.326853769890     
   82752.855201104685        7.4925219430971177       -79.608241477785199        24384.935095247674     
   82952.855201104685        7.4913951034370037       -79.642743307758153        24464.577838555433     
   83152.855201104685        7.4902675226542215       -79.677409895275446        24544.255248450707     
   83352.855201104685        7.4891385740074927       -79.712246817502532        24623.967495268211     
   83552.855201104685        7.4880076274687983       -79.747269549755501        24703.714764817967     
   83752.855201104685        7.4868739127329897       -79.782516722238043        24783.497281540203     
   83952.855201104685        7.4857364743716985       -79.818043486670675        24863.315325026873     
   84152.855201104685        7.4845942919414989       -79.853896794309222        24943.169221821183     
   84352.855201104685        7.4834465023773848       -79.890090631520891        25023.059312452704     
   84552.855201104685        7.4822926049472773       -79.926595687873473        25102.985908140578     
   84752.855201104685        7.4811325646803448       -79.963345530994502        25182.949253671573     
   84952.855201104685        7.4799667977685615       -80.000252656977281        25262.949506328550     
   85152.855201104685        7.4787960711846946       -80.037226138992068        25342.986732467543     
   85352.855201104685        7.4776213646085310       -80.074185303030788        25423.060917770574     
   85552.855201104685        7.4764437351789859       -80.111067431173808        25503.171985201749     
   85752.855201104685        7.4752642090697146       -80.147830025937779        25583.319815227685     
   85952.855201104685        7.4740838029844570       -80.184434933232282        25663.504250160917     
   86152.855201104685        7.4729035925920417       -80.220836953586144        25743.725087114504     
   86352.855201104685        7.4717247664440514       -80.256980615439986        25823.982067729943     
   86552.855201104685        7.4705486713003335       -80.292798401457276        25904.274866131400     
