 #              _____________________  _______________________             #
 #              ___  __ \__  __ \_  / / /_  /___  ____/_  ___/             #
 #              __  / / /_  /_/ /  / / /_  __/_  __/  _____ \              #
 #              _  /_/ /_  _, _// /_/ / / /_ _  /___  ____/ /              #
 #              /_____/ /_/ |_| \____/  \__/ /_____/  /____/               #
 #                                                                         #
  
 #        time                      T            heat flux [W.L-2]   in    x              directions   cumulative flux
 #-----------------------------------------------------------------------------------------------

   0.0000000000000000        10.000000000000000       -0.0000000000000000        0.0000000000000000     
   1.0000000000000000        10.000000000000000       -0.0000000000000000        0.0000000000000000     
   1.9540000000000002        10.000000000000004       -0.0000000000000000        0.0000000000000000     
   2.8641160000000001        10.000000000000004       -0.0000000000000000        0.0000000000000000     
   3.8288389600000006        10.000000000000002       -0.0000000000000000        0.0000000000000000     
   4.8514452976000007        10.000000000000002       -0.0000000000000000        0.0000000000000000     
   5.9354080154560007        10.000000000000002       -0.0000000000000000        0.0000000000000000     
   7.0844084963833609        10.000000000000002       -0.0000000000000000        0.0000000000000000     
   8.3023490061663630        10.000000000000000       -0.0000000000000000        0.0000000000000000     
   9.5933659465363448        10.000000000000002       -0.0000000000000000        0.0000000000000000     
   10.961843903328527        10.000000000000000       -0.0000000000000000        0.0000000000000000     
   12.412430537528239        10.000000000000002       -0.0000000000000000        0.0000000000000000     
   13.950052369779934        10.000000000000002       -0.0000000000000000        0.0000000000000000     
   15.579931511966731        10.000000000000002        5.6488147492927924E-013   5.6488147492927924E-013
   17.307603402684734        10.000000000000002       -0.0000000000000000        5.6488147492927924E-013
   19.138935606845820        10.000000000000002       -0.0000000000000000        5.6488147492927924E-013
   21.080147743256571        10.000000000000002       -0.0000000000000000        5.6488147492927924E-013
   23.137832607851966        10.000000000000002       -0.0000000000000000        5.6488147492927924E-013
   25.318978564323086        10.000000000000002       -0.0000000000000000        5.6488147492927924E-013
   27.630993278182473        10.000000000000004       -0.0000000000000000        5.6488147492927924E-013
   30.081728874873424        10.000000000000004        5.6488147492927914E-013   1.1297629498585585E-012
   32.679508607365833        10.000000000000004       -0.0000000000000000        1.1297629498585585E-012
   35.433155123807786        10.000000000000004       -0.0000000000000000        1.1297629498585585E-012
   38.352020431236255        10.000000000000004        5.6488147492927914E-013   1.6946444247878377E-012
   41.446017657110431        10.000000000000004       -0.0000000000000000        1.6946444247878377E-012
   44.725654716537058        10.000000000000005       -0.0000000000000000        1.6946444247878377E-012
   48.202069999529286        10.000000000000005       -0.0000000000000000        1.6946444247878377E-012
   51.887070199501046        10.000000000000005       -0.0000000000000000        1.6946444247878377E-012
   55.793170411471110        10.000000000000005       -0.0000000000000000        1.6946444247878377E-012
   59.933636636159378        10.000000000000005       -0.0000000000000000        1.6946444247878377E-012
   64.322530834328944        10.000000000000007       -0.0000000000000000        1.6946444247878377E-012
   68.974758684388689        10.000000000000009       -5.6488147492927914E-013   2.2595258997171170E-012
   73.906120205452012        10.000000000000007       -0.0000000000000000        2.2595258997171170E-012
   79.133363417779137        10.000000000000007       -0.0000000000000000        2.2595258997171170E-012
   84.674241222845893        10.000000000000007       -0.0000000000000000        2.2595258997171170E-012
   90.547571696216650        10.000000000000007       -0.0000000000000000        2.2595258997171170E-012
   96.773301997989648        10.000000000000005       -0.0000000000000000        2.2595258997171170E-012
   99.476364677492242        10.000000000000005       -0.0000000000000000        2.2595258997171170E-012
   102.34161111776500        10.000000000000009       -5.6488147492927914E-013   2.8244073746463962E-012
   105.37877234445412        10.000000000000007       -0.0000000000000000        2.8244073746463962E-012
   108.59816324474458        10.000000000000007       -0.0000000000000000        2.8244073746463962E-012
   112.01071759905247        10.000000000000005       -0.0000000000000000        2.8244073746463962E-012
   115.62802521461883        10.000000000000007       -5.6488147492927914E-013   3.3892888495756755E-012
   119.46237128711918        10.000000000000007       -0.0000000000000000        3.3892888495756755E-012
   123.52677812396955        10.000000000000007       -0.0000000000000000        3.3892888495756755E-012
   127.83504937103093        10.000000000000007        5.6488147492927914E-013   3.9541703245049543E-012
   132.40181689291600        10.000000000000007        5.6488147492927914E-013   4.5190517994342331E-012
   137.24259046611419        10.000000000000009       -0.0000000000000000        4.5190517994342331E-012
   142.37381045370427        10.000000000000009       -0.0000000000000000        4.5190517994342331E-012
   147.81290364054973        10.000000000000009       -0.0000000000000000        4.5190517994342331E-012
   153.57834241860593        10.000000000000007       -0.0000000000000000        4.5190517994342331E-012
   159.68970752334550        10.000000000000005       -0.0000000000000000        4.5190517994342331E-012
   166.16775453436946        10.000000000000004       -0.0000000000000000        4.5190517994342331E-012
   173.03448436605484        10.000000000000002       -0.0000000000000000        4.5190517994342331E-012
   180.31321798764137        10.000000000000000       -0.0000000000000000        4.5190517994342331E-012
   188.02867562652307        10.000000000000002       -5.6488147492927914E-013   5.0839332743635120E-012
   196.20706072373767        10.000000000000000       -0.0000000000000000        5.0839332743635120E-012
   204.87614892678516        10.000000000000000       -0.0000000000000000        5.0839332743635120E-012
   214.06538242201549        10.000000000000002       -0.0000000000000000        5.0839332743635120E-012
   223.80596992695965        10.000000000000002       -5.6488147492927914E-013   5.6488147492927908E-012
   234.13099268220046        10.000000000000000       -0.0000000000000000        5.6488147492927908E-012
   245.07551680275571        10.000000000000002       -1.6946444247878371E-012   7.3434591740806273E-012
   256.67671237054429        9.9999999999999982       -4.5190517994342331E-012   1.1862510973514860E-011
   268.97397967240016        9.9999999999999840       -1.2427392448444141E-011   2.4289903421958999E-011
   282.00908301236740        9.9999999999999520       -3.5022651445615306E-011   5.9312554867574311E-011
   286.53670623455429        9.9999999999999361       -4.5190517994342327E-011   1.0450307286191663E-010
   291.33598685007240        9.9999999999999147       -5.8747673392645032E-011   1.6325074625456166E-010
   296.42322430252159        9.9999999999998863       -7.7388762065311234E-011   2.4063950831987292E-010
   301.81569600211776        9.9999999999998472       -1.0393819138698736E-010   3.4457769970686027E-010
   307.53171600368967        9.9999999999997904       -1.4122036873231981E-010   4.8579806843918008E-010
   313.59069720535592        9.9999999999997087       -1.9488410885060127E-010   6.8068217728978136E-010
   320.01321727912210        9.9999999999995914       -2.7340263386577104E-010   9.5408481115555250E-010
   326.82108855731428        9.9999999999994102       -3.8863845475134404E-010   1.3427232659068965E-009
   334.03743211219796        9.9999999999991349       -5.6375171197942057E-010   1.9064749778863172E-009
   341.68675628037471        9.9999999999987050       -8.2981088667111108E-010   2.7362858645574281E-009
   349.79503989864202        9.9999999999980282       -1.2416094818945558E-009   3.9778953464519840E-009
   358.38982053400537        9.9999999999969429       -1.8900934151133689E-009   5.8679887615653528E-009
   367.50028800749055        9.9999999999951754       -2.9243913957088803E-009   8.7923801572742328E-009
   377.15738352938484        9.9999999999922533       -4.5975703244494087E-009   1.3389950481723641E-008
   387.39390478259281        9.9999999999873488       -7.3395050037561396E-009   2.0729455485479782E-008
   398.24461731099325        9.9999999999789999       -1.1889625284311509E-008   3.2619080769791293E-008
   409.74637259109772        9.9999999999646079       -1.9527387706830364E-008   5.2146468476621654E-008
   421.93823318800844        9.9999999999394866       -3.2481249689908800E-008   8.4627718166530454E-008
   434.86160542073378        9.9999999998951754       -5.4661885684482431E-008   1.3928960385101288E-007
   448.56037998742266        9.9999999998162448       -9.2945597884866069E-008   2.3223520173587896E-007
   463.08108102811286        9.9999999996745128       -1.5946491060959275E-007   3.9170011234547168E-007
   478.47302413124447        9.9999999994182946       -2.7565707583223433E-007   6.6735718817770601E-007
   494.78848382056401        9.9999999989526973       -4.7939739644681580E-007   1.1467545846245218E-006
   512.08287109124274        9.9999999981034993       -8.3749045032294794E-007   1.9842450349474700E-006
   530.41492159816221        9.9999999965513648       -1.4674321491275386E-006   3.4516771840750087E-006
   549.84689513549677        9.9999999937127235       -2.5749557153190924E-006   6.0266328993941016E-006
   570.44478708507143        9.9999999885258166       -4.5182389349960313E-006   1.0544871834390132E-005
   591.04267903464608        9.9999999799254962       -7.6198664125227458E-006   1.8164738246912879E-005
   612.87644450119524        9.9999999648125169       -1.2860021612966498E-005   3.1024759859879377E-005
   636.02023589573730        9.9999999382970497       -2.1689084608387901E-005   5.2713844468267281E-005
   660.55265477395187        9.9999998919120632       -3.6505632522414264E-005   8.9219476990681546E-005
   686.55701878485934        9.9999998111084363       -6.1240937079296419E-005   1.5046041406997795E-004
   714.12164463642125        9.9999996711044670       -1.0227399407482098E-004   2.5273440814479895E-004
   743.34014803907689        9.9999994301007522       -1.6984198722875280E-004   4.2257639537355174E-004
   774.31176164589192        9.9999990183469318       -2.8017857865747026E-004   7.0275497403102195E-004
   807.14167206911577        9.9999983207924892       -4.5869895465770765E-004   1.1614539286887297E-003
   841.94137711773305        9.9999971499978830       -7.4465640693587324E-004   1.9061103356246029E-003
   878.82906446926745        9.9999952045480516       -1.1978180487679389E-003   3.1039283843925418E-003
   917.93001306189387        9.9999920063245611       -1.9078402256702191E-003   5.0117686100627605E-003
   957.03096165452030        9.9999872317634519       -2.9211704828061582E-003   7.9329390928689191E-003
   998.47796716270432        9.9999797382168722       -4.4402278395197026E-003   1.2373166932388623E-002
   1042.4117930013795        9.9999680821372188       -6.6952401829319802E-003   1.9068407115320603E-002
   1088.9816483903751        9.9999501241847426       -1.0008278510297555E-002   2.9076685625618159E-002
   1138.3456951027104        9.9999227357533336       -1.4823257003007240E-002   4.3899942628625399E-002
   1190.6715846177858        9.9998814036809165       -2.1742758574054815E-002   6.5642701202680218E-002
   1246.1370275037657        9.9998197079324527       -3.1572061430677804E-002   9.7214762633358015E-002
   1301.6024703897456        9.9997354839007038       -4.4378648098466970E-002  0.14159341073182499     
   1360.3958398488844        9.9996146616537445       -6.1897680337030067E-002  0.20349109106885505     
   1413.3098723621092        9.9994753972506736       -8.1304793255213753E-002  0.28479588432406877     
   1469.3987468261275        9.9992870644925365      -0.10649865746049787       0.39129454178456663     
   1528.8529537579871        9.9990335049605505      -0.13902320517527494       0.53031774695984157     
   1591.8744131057581        9.9986938295493619      -0.18075766878724883       0.71107541574709043     
   1658.6771600143954        9.9982412829783787      -0.23396257790763902       0.94503799365472951     
   1729.4880717375511        9.9976419259617231      -0.30132376918039999        1.2463617628351296     
   1804.5476381640960        9.9968531345419311      -0.38599155245510824        1.6323533152902379     
   1884.1107785762335        9.9958219258481531      -0.49161172722216917        2.1239650425124070     
   1968.4477074130994        9.9944831314216138      -0.62234482650633771        2.7463098690187446     
   2057.8448519801773        9.9927574529835610      -0.78286982204058397        3.5291796910593285     
   2152.6058252212797        9.9905494507312156      -0.97836857189853166        4.5075482629578598     
   2253.0524568568485        9.9877455303679934       -1.2144875625508706        5.7220358255087307     
   2359.5258863905515        9.9842120109930033       -1.4972740955168435        7.2193099210255740     
   2465.9993159242545        9.9800812617383059       -1.8121954815588446        9.0315054025844184     
   2572.4727454579574        9.9753223813802379       -2.1585359097988754        11.190041312383293     
   2685.3345807636824        9.9695417101673467       -2.5597380676241830        13.749779380007476     
   2804.9681261877508        9.9625584299700254       -3.0214812525284174        16.771260632535892     
   2931.7796843372635        9.9541700457086257       -3.5493817890913335        20.320642421627227     
   3066.1999359757469        9.9441521100274599       -4.1488531598543741        24.469495581481603     
   3208.6854027125391        9.9322584510301741       -4.8249552531009572        29.294450834582559     
   3359.7199974535392        9.9182219746601064       -5.5822367906269461        34.876687625209506     
   3519.8166678789989        9.9017561001598544       -6.4245766653434497        41.301264290552957     
   3679.9133383044586        9.8837342892635824       -7.3006919285101164        48.601956219063077     
   3807.9906746448264        9.8683414727508314       -8.0203087153370873        56.622264934400164     
   3943.7526511656165        9.8509581329869818       -8.8008607915428136        65.423125725942981     
   4079.5146276864066        9.8325405823940102       -9.5960760929230329        75.019201818866009     
   4223.4223227984439        9.8118986692062720       -10.452048340947723        85.471250159813735     
   4375.9644796172033        9.7888149900744690       -11.370279785393407        96.841529945207142     
   4537.6591658450889        9.7630621993467983       -12.351796798897652        109.19332674410479     
   4709.0555332466474        9.7344046960046473       -13.397084681794592        122.59041142589939     
   4890.7356826922996        9.7026007634191718       -14.506026810116810        137.09643823601621     
   5083.3166411046905        9.6674051951040951       -15.677850583362554        152.77428881937877     
   5283.3166411046905        9.6293867514715625       -16.886356745817501        169.66064556519626     
   5483.3166411046905        9.5900314626742773       -18.082576158315398        187.74322172351165     
   5683.3166411046905        9.5494656384087904       -19.263324171979370        207.00654589549103     
   5883.3166411046905        9.5078109243429161       -20.425997591589706        227.43254348708075     
   6083.3166411046905        9.4651837419820239       -21.568508906131868        249.00105239321260     
   6283.3166411046905        9.4216949290127872       -22.689222933208033        271.69027532642065     
   6483.3166411046905        9.3774495681498493       -23.786893674481391        295.47716900090205     
   6683.3166411046905        9.3325470115340945       -24.860597742193448        320.33776674309547     
   6883.3166411046905        9.2870810548774578       -25.909671565052196        346.24743830814765     
   7043.3166411046905        9.2503935330812155       -26.732916596131819        372.98035490427947     
   7212.9166411046908        9.2112029598095511       -27.587368423597017        400.56772332787648     
   7382.5166411046912        9.1717597446320642       -28.423535503034422        428.99125883091091     
   7562.2926411046910        9.1297211892682455       -29.289334257328264        458.28059308823919     
   7752.8552011046913        9.0849646800658164       -30.184144425370832        488.46473751361003     
   7952.8552011046913        9.0378421094836821       -31.098293977215778        519.56303149082578     
   8152.8552011046913        8.9906311914816541       -31.987858499926084        551.55088999075190     
   8352.8552011046922        8.9433885621717693       -32.853309986679946        584.40419997743186     
   8552.8552011046922        8.8961665828001735       -33.695177238677637        618.09937721610947     
   8752.8552011046922        8.8490136975078340       -34.514015967670353        652.61339318377986     
   8952.8552011046922        8.8019748119253602       -35.310385516098719        687.92377869987854     
   9152.8552011046922        8.7550915814520511       -36.084844183083590        724.00862288296207     
   9352.8552011046922        8.7084025554039766       -36.837960392165421        760.84658327512750     
   9552.8552011046922        8.6619432399070568       -37.570324663892016        798.41690793901955     
   9752.8552011046922        8.6157461638706998       -38.282549440143782        836.69945737916328     
   9952.8552011046922        8.5698410393915889       -38.975256553140035        875.67471393230335     
   10152.855201104692        8.5242549258766154       -39.649069702891516        915.32378363519490     
   10352.855201104692        8.4790123135543123       -40.304621383067719        955.62840501826258     
   10552.855201104692        8.4341351684676678       -40.942558854011779        996.57096387227432     
   10752.855201104692        8.3896430581434149       -41.563533533137125        1038.1344974054114     
   10952.855201104692        8.3455534041262389       -42.168177503711490        1080.3026749091227     
   11152.855201104692        8.3018818012986024       -42.757082118451066        1123.0597570275738     
   11352.855201104692        8.2586422994595559       -43.330790646254933        1166.3905476738287     
   11552.855201104692        8.2158475481835751       -43.889810483044656        1210.2803581568733     
   11752.855201104692        8.1735088283896253       -44.434630911554763        1254.7149890684279     
   11952.855201104692        8.1316360738483766       -44.965730658133694        1299.6807197265616     
   12152.855201104692        8.0902379497298398       -45.483573584407374        1345.1642933109690     
   12352.855201104692        8.0493219798686191       -45.988600833260506        1391.1528941442295     
   12552.855201104692        8.0088946134878984       -46.481236675681814        1437.6341308199114     
   12752.855201104692        7.9689611676277829       -46.961908414540751        1484.5960392344523     
   12952.855201104692        7.9295257109796973       -47.431063288035986        1532.0271025224883     
   13152.855201104692        7.8905910585528432       -47.889161016098136        1579.9162635385865     
   13352.855201104692        7.8521589703679773       -48.336643315662322        1628.2529068542487     
   13552.855201104692        7.8142304762513826       -48.773903191414448        1677.0268100456633     
   13752.855201104692        7.7768061699723834       -49.201273389696652        1726.2280834353598     
   13952.855201104692        7.7398863648552112       -49.619036520190413        1775.8471199555502     
   14152.855201104692        7.7034710630748284       -50.027452364401150        1825.8745723199513     
   14352.855201104692        7.6675598476215860       -50.426778954700708        1876.3013512746520     
   14552.855201104692        7.6321518385685057       -50.817273726292960        1927.1186250009450     
   14752.855201104692        7.5972457414931345       -51.199183778375655        1978.3178087793208     
   14952.855201104692        7.5628399224539464       -51.572739877554852        2029.8905486568756     
   15152.855201104692        7.5289324442890084       -51.938159607110087        2081.8287082639858     
   15352.855201104692        7.4955209613577019       -52.295669241280443        2134.1243775052662     
   15552.855201104692        7.4626024857840747       -52.645532074654732        2186.7699095799207     
   15752.855201104692        7.4301732492725048       -52.988048305391480        2239.7579578853124     
   15952.855201104692        7.3982288284789597       -53.323520407473751        2293.0814782927860     
   16152.855201104692        7.3667644621123349       -53.652212929133754        2346.7336912219198     
   16352.855201104692        7.3357753556971304       -53.974335062914065        2400.7080262848340     
   16552.855201104692        7.3052568289315616       -54.290050535805292        2454.9980768206392     
   16752.855201104692        7.2752042922544851       -54.599501448673273        2509.5975782693126     
   16952.855201104692        7.2456130841912092       -54.902836923378430        2564.5004151926910     
   17152.855201104692        7.2164783487033901       -55.200220311312584        2619.7006355040035     
   17352.855201104692        7.1877950987160943       -55.491808329850414        2675.1924438338538     
   17552.855201104692        7.1595584023356205       -55.777727203447164        2730.9701710373010     
   17752.855201104692        7.1317635228749250       -56.058068871842003        2787.0282399091429     
   17952.855201104692        7.1044059113733109       -56.332908078472485        2843.3611479876154     
   18152.855201104692        7.0774810667291224       -56.602326896574993        2899.9634748841904     
   18352.855201104692        7.0509842293038645       -56.866450897977160        2956.8299257821677     
   18552.855201104692        7.0249100050566113       -57.125478050056500        3013.9554038322244     
   18752.855201104692        6.9992521443052382       -57.379673837808731        3071.3350776700331     
   18952.855201104692        6.9740037015396066       -57.629319197342909        3128.9643968673759     
   19152.855201104692        6.9491575364778111       -57.874641397812304        3186.8390382651883     
   19352.855201104692        6.9247068532925251       -58.115775552002361        3244.9548138171908     
   19552.855201104692        6.9006454926636316       -58.352774893837392        3303.3075887110281     
   19752.855201104692        6.8769679025574835       -58.585652259548581        3361.8932409705767     
   19952.855201104692        6.8536688936484547       -58.814424488325756        3420.7076654589023     
   20152.855201104692        6.8307433366319401       -59.039141539197324        3479.7468069980996     
   20352.855201104692        6.8081858471286960       -59.259906925814605        3539.0067139239140     
   20552.855201104692        6.7859906573771296       -59.476864893299286        3598.4835788172131     
   20752.855201104692        6.7641517950818439       -59.690155375030571        3658.1737341922435     
   20952.855201104692        6.7426634314372453       -59.899872241549836        3718.0736064337934     
   21152.855201104692        6.7215201594493701       -60.106052324676803        3778.1796587584704     
   21352.855201104692        6.7007170636426654       -60.308694733838877        3838.4883534923092     
   21552.855201104692        6.6802495894400771       -60.507793395259029        3898.9961468875681     
   21752.855201104692        6.6601131446010395       -60.703390324822905        3959.6995372123911     
   21952.855201104692        6.6403025985556230       -60.895616461591743        4020.5951536739826     
   22152.855201104692        6.6208120052269201       -61.084683384732720        4081.6798370587153     
   22352.855201104692        6.6016348273562553       -61.270814309137464        4142.9506513678525     
   22552.855201104692        6.5827645436518516       -61.454162807424147        4204.4048141752764     
   22752.855201104692        6.5641952373492414       -61.634776323025605        4266.0395904983025     
   22952.855201104692        6.5459218446748446       -61.812618914474662        4327.8522094127775     
   23152.855201104692        6.5279400192152828       -61.987626301118318        4389.8398357138958     
   23352.855201104692        6.5102457741492525       -62.159757896111081        4451.9995936100067     
   23552.855201104692        6.4928351001458946       -62.329026265450906        4514.3286198754577     
   23752.855201104692        6.4757036846554135       -62.495502717078942        4576.8241225925367     
   23952.855201104692        6.4588466760284575       -62.659321496107665        4639.4834440886443     
   24152.855201104692        6.4422587023076368       -62.820648397412484        4702.3040924860570     
   24352.855201104692        6.4259342339719243       -62.979619914499402        4765.2837124005564     
   24552.855201104692        6.4098680596464135       -63.136299801163240        4828.4200122017201     
   24752.855201104692        6.3940555894795974       -63.290678765328721        4891.7106909670492     
   24952.855201104692        6.3784928783629464       -63.442706343440896        4955.1533973104897     
   25152.855201104692        6.3631764341345942       -63.592330592594728        5018.7457279030841     
   25352.855201104692        6.3481029371088944       -63.739528375439846        5082.4852562785236     
   25552.855201104692        6.3332687507561110       -63.884354754384084        5146.3696110329074     
   25752.855201104692        6.3186694199374909       -64.026971594587138        5210.3965826274944     
   25952.855201104692        6.3042995201462517       -64.167616319078562        5274.5641989465730     
   26152.855201104692        6.2901529423031564       -64.306533020102407        5338.8707319666755     
   26352.855201104692        6.2762235870270331       -64.443883815806018        5403.3146157824813     
   26552.855201104692        6.2625061616689601       -64.579689318855600        5467.8943051013366     
   26752.855201104692        6.2489966238076224       -64.713842170290519        5532.6081472716269     
   26952.855201104692        6.2356920771083946       -64.846178814174962        5597.4543260858018     
   27152.855201104692        6.2225902832633269       -64.976559122741548        5662.4308852085433     
   27352.855201104692        6.2096890893396761       -65.104916255354027        5727.5358014638969     
   27552.855201104692        6.1969859897225916       -65.231269029844100        5792.7670704937409     
   27752.855201104692        6.1844778969327194       -65.355708451618639        5858.1227789453596     
   27952.855201104692        6.1721609750556832       -65.478391840242210        5923.6011707856014     
   28152.855201104692        6.1600308073350112       -65.599493258878084        5989.2006640444797     
   28352.855201104692        6.1480829339148082       -65.719129172442209        6054.9197932169218     
   28552.855201104692        6.1363133978746216       -65.837321866212562        6120.7571150831345     
   28752.855201104692        6.1247189808042872       -65.954019074247910        6186.7111341573827     
   28952.855201104692        6.1132970958461108       -66.069142173575258        6252.7802763309583     
   29152.855201104692        6.1020454958107084       -66.182629796953947        6318.9629061279120     
   29352.855201104692        6.0909619673376634       -66.294461429491079        6385.2573675574031     
   29552.855201104692        6.0800441059949399       -66.404662134603640        6451.6620296920064     
   29752.855201104692        6.0692888849889188       -66.513342959729172        6518.1753726517354     
   29952.855201104692        6.0586922603367031       -66.620716299100678        6584.7960889508358     
   30152.855201104692        6.0482492276787241       -66.727041991436707        6651.5231309422725     
   30352.855201104692        6.0379543234024711       -66.832545164840454        6718.3556761071131     
   30552.855201104692        6.0278022362477852       -66.937363052093218        6785.2930391592063     
   30752.855201104692        6.0177885126742385       -67.041496664130321        6852.3345358233364     
   30952.855201104692        6.0079101507050741       -67.144794420792920        6919.4793302441294     
   31152.855201104692        5.9981656887582311       -67.247007863175583        6986.7263381073053     
   31352.855201104692        5.9885547147317633       -67.347891476272281        7054.0742295835780     
   31552.855201104692        5.9790771005506622       -67.447285775810926        7121.5215153593890     
   31752.855201104692        5.9697323296961251       -67.545150152041671        7189.0666655114310     
   31952.855201104692        5.9605191124595995       -67.641550486228041        7256.7082159976590     
   32152.855201104692        5.9514352917402178       -67.736624320280683        7324.4448403179395     
   32352.855201104692        5.9424779418518430       -67.830544178886527        7392.2753844968256     
   32552.855201104692        5.9336433978161409       -67.923513190691679        7460.1988976875173     
   32752.855201104692        5.9249276233436809       -68.015707511479150        7528.2146051989967     
   32952.855201104692        5.9163269827089291       -68.107189403961570        7596.3217946029581     
   33152.855201104692        5.9078388596747828       -68.197886257420805        7664.5196808603787     
   33352.855201104692        5.8994617240360423       -68.287649024999510        7732.8073298853778     
   33552.855201104692        5.8911947368416744       -68.376333673216109        7801.1836635585942     
   33752.855201104692        5.8830372173987833       -68.463855888819197        7869.6475194474133     
   33952.855201104692        5.8749882264878295       -68.550206250885239        7938.1977256982982     
   34152.855201104692        5.8670463548995260       -68.635437851720269        8006.8331635500181     
   34352.855201104692        5.8592096871879455       -68.719643585855948        8075.5528071358740     
   34552.855201104692        5.8514754408211092       -68.803000003220703        8144.3558071390944     
   34752.855201104692        5.8438396765438618       -68.885773626987444        8213.2415807660818     
   34952.855201104692        5.8362975944467310       -68.968240977142401        8282.2098217432249     
   35152.855201104692        5.8288442760727470       -69.050593158565135        8351.2604149017898     
   35352.855201104692        5.8214753908387982       -69.132894398453914        8420.3933093002433     
   35552.855201104692        5.8141875528782432       -69.215101155531983        8489.6084104557758     
   35752.855201104692        5.8069787228495073       -69.297047942574878        8558.9054583983507     
   35952.855201104692        5.7998485567560447       -69.378443640832998        8628.2839020391839     
   36152.855201104692        5.7927982054240310       -69.458947194936243        8697.7428492341205     
   36352.855201104692        5.7858295194842668       -69.538283672030389        8767.2811329061515     
   36552.855201104692        5.7789440922936741       -69.616323055509824        8836.8974559616618     
   36752.855201104692        5.7721425720326227       -69.693090568020523        8906.5905465296819     
   36952.855201104692        5.7654244010719484       -69.768727047958805        8976.3592735776401     
   37152.855201104692        5.7587879044807746       -69.843433232885687        9046.2027068105253     
   37352.855201104692        5.7522305610214914       -69.917422390268129        9116.1201292007936     
   37552.855201104692        5.7457493107499422       -69.990890745528830        9186.1110199463219     
   37752.855201104692        5.7393406263386693       -70.064033268749810        9256.1750532150709     
   37952.855201104692        5.7330010160002871       -70.136976224194342        9326.3120294392647     
   38152.855201104692        5.7267279592193825       -70.209681982673445        9396.5217114219377     
   38352.855201104692        5.7205204644841254       -70.281956989699324        9466.8036684116378     
   38552.855201104692        5.7143788411600402       -70.353554851472509        9537.1572232631097     
   38752.855201104692        5.7083039684960850       -70.424284594544076        9607.5815078576543     
   38952.855201104692        5.7022965461144164       -70.494065282591535        9678.0755731402460     
   39152.855201104692        5.6963566203550640       -70.562924396241783        9748.6384975364872     
   39352.855201104692        5.6904834332544265       -70.630965046412825        9819.2694625829008     
   39552.855201104692        5.6846755018885560       -70.698326984667631        9889.9677895675686     
   39752.855201104692        5.6789308068496425       -70.765155642371909        9960.7329452099402     
   39952.855201104692        5.6732469965149681       -70.831583528891414        10031.564528738832     
   40152.855201104692        5.6676198826502215       -70.897909377405796        10102.462438116238     
   40352.855201104692        5.6620486639585490       -70.964026245312098        10173.426464361550     
   40552.855201104692        5.6565273841355355       -71.030427376123228        10244.456891737673     
   40752.855201104692        5.6510488917470996       -71.097582828679919        10315.554474566352     
   40952.855201104692        5.6456095226170078       -71.165432483222489        10386.719907049574     
   41152.855201104692        5.6402059182952708       -71.233883791539768        10457.953790841113     
   41352.855201104692        5.6348362422456910       -71.302738841505729        10529.256529682618     
   41552.855201104692        5.6295004240744904       -71.371683908033305        10600.628213590651     
   41752.855201104692        5.6242004272591295       -71.440283914618533        10672.068497505270     
   41952.855201104692        5.6189398373677424       -71.508081466847131        10743.576578972117     
   42152.855201104692        5.6137227704786152       -71.574737444217050        10815.151316416333     
   42352.855201104692        5.6085526896194136       -71.640113704452560        10886.791430120786     
   42552.855201104692        5.6034316446142931       -71.704267697229596        10958.495697818014     
   42752.855201104692        5.5983600764233268       -71.767389766406168        11030.263087584421     
   42952.855201104692        5.5933370433411467       -71.829727509006418        11102.092815093427     
   43152.855201104692        5.5883606402821320       -71.891526221923428        11173.984341315350     
   43352.855201104692        5.5834284266077461       -71.952994859298570        11245.937336174649     
   43552.855201104692        5.5785398372759465       -72.014096796948436        11317.951432971598     
   43752.855201104692        5.5736904642128335       -72.075169701290818        11390.026602672890     
   43952.855201104692        5.5688757110819420       -72.136466742833917        11462.163069415723     
   44152.855201104692        5.5640975895836879       -72.197565518604563        11534.360634934328     
   44352.855201104692        5.5593538205405331       -72.258516366417311        11606.619151300745     
   44552.855201104692        5.5546449613077309       -72.319099353301468        11678.938250654046     
   44752.855201104692        5.5499727560788799       -72.379043291803157        11751.317293945849     
   44952.855201104692        5.5453396042794765       -72.438111299445936        11823.755405245294     
   45152.855201104692        5.5407478196540447       -72.496170608443748        11896.251575853737     
   45352.855201104692        5.5361967096273972       -72.553418895353559        11968.804994749091     
   45552.855201104692        5.5316885459751912       -72.609779374877021        12041.414774123969     
   45752.855201104692        5.5272226364821408       -72.665448258243288        12114.080222382212     
   45952.855201104692        5.5227971959367457       -72.720665438860124        12186.800887821071     
   46152.855201104692        5.5184096762325314       -72.775664976094220        12259.576552797165     
   46352.855201104692        5.5140571605738486       -72.830640250927033        12332.407193048093     
   46552.855201104692        5.5097366956580753       -72.885730288954804        12405.292923337049     
   46752.855201104692        5.5054446028260235       -72.941160132363322        12478.234083469411     
   46952.855201104692        5.5011761442444849       -72.997236216360974        12551.231319685772     
   47152.855201104692        5.4969263877320031       -73.054177848992012        12624.285497534764     
   47352.855201104692        5.4926915142818364       -73.111988665508065        12697.397486200272     
   47552.855201104692        5.4884695945575519       -73.170465480364768        12770.567951680638     
   47752.855201104692        5.4842605548005467       -73.229296985802762        12843.797248666440     
   47952.855201104692        5.4800665078941533       -73.288033802234025        12917.085282468674     
   48152.855201104692        5.4758909748162177       -73.346250073338126        12990.431532542012     
   48352.855201104692        5.4717380831966658       -73.403608435076123        13063.835140977088     
   48552.855201104692        5.4676122375063718       -73.459834887857539        13137.294975864945     
   48752.855201104692        5.4635176936312071       -73.514742308950758        13210.809718173896     
   48952.855201104692        5.4594578571930832       -73.568288872802682        13284.378007046698     
   49152.855201104692        5.4554346562613514       -73.620598512401600        13357.998605559100     
   49352.855201104692        5.4514483089562891       -73.671922716994217        13431.670528276094     
   49552.855201104692        5.4474975143977629       -73.722571720045693        13505.393099996139     
   49752.855201104692        5.4435798962329418       -73.772849909615587        13579.165949905755     
   49952.855201104692        5.4396924984683475       -73.823014205426389        13652.988964111182     
   50152.855201104692        5.4358321990094245       -73.873257540397432        13726.862221651580     
   50352.855201104692        5.4319959868735337       -73.923710834033429        13800.785932485613     
   50552.855201104692        5.4281811059055141       -73.974455009555584        13874.760387495167     
   50752.855201104692        5.4243850953443573       -74.025536284167515        13948.785923779335     
   50952.855201104692        5.4206084515833739       -74.076812326230595        14022.862736105566     
   51152.855201104692        5.4168439427167101       -74.128653475668216        14096.991389581235     
   51352.855201104692        5.4130947147784161       -74.180512847081573        14171.171902428317     
   51552.855201104692        5.4093639755277305       -74.231879056022592        14245.403781484340     
   51752.855201104692        5.4056563311063286       -74.282299389045036        14319.686080873385     
   51952.855201104692        5.4019761680605711       -74.331538832950088        14394.017619706336     
   52152.855201104692        5.3983264686867320       -74.379608341331817        14468.397228047668     
   52352.855201104692        5.3947083531044902       -74.426702702297746        14542.823930749966     
   52552.855201104692        5.3911212088222342       -74.473110193805866        14617.297040943771     
   52752.855201104692        5.3875631284419745       -74.519135236791271        14691.816176180562     
   52952.855201104692        5.3840314190594682       -74.565048999552360        14766.381225180116     
   53152.855201104692        5.3805230454498485       -74.611066442608703        14840.992291622724     
   53352.855201104692        5.3770349536970734       -74.657342050894684        14915.649633673618     
   53552.855201104692        5.3735642734344022       -74.703976241571937        14990.353609915190     
   53752.855201104692        5.3701084203361180       -74.751026439797201        15065.104636354987     
   53952.855201104692        5.3666651267013457       -74.798519060881972        15139.903155415868     
   54152.855201104692        5.3632311141644955       -74.846659943222136        15214.749815359090     
   54352.855201104692        5.3598016972509672       -74.895778157057421        15289.645593516147     
   54552.855201104692        5.3563721661578603       -74.946062678470781        15364.591656194618     
   54752.855201104692        5.3529395113372304       -74.997411423517235        15439.589067618135     
   54952.855201104692        5.3495031862427487       -75.049484210649197        15514.638551828784     
   55152.855201104692        5.3460647696552845       -75.101854216696580        15589.740406045481     
   55352.855201104692        5.3426270653032084       -75.154141720609218        15664.894547766091     
   55552.855201104692        5.3391945451911402       -75.205875941579464        15740.100423707670     
   55752.855201104692        5.3357723485563540       -75.256682464895306        15815.357106172565     
   55952.855201104692        5.3323655891922916       -75.306303655597290        15890.663409828163     
   56152.855201104692        5.3289793387257962       -75.354527499291962        15966.017937327455     
   56352.855201104692        5.3256182610426777       -75.401226845666358        16041.419164173121     
   56552.855201104692        5.3222857774911061       -75.446445312782245        16116.865609485903     
   56752.855201104692        5.3189833748101272       -75.490416596152997        16192.356026082056     
   56952.855201104692        5.3157104733130751       -75.533503340307576        16267.889529422364     
   57152.855201104692        5.3124648171501931       -75.576105093277917        16343.465634515642     
   57352.855201104692        5.3092431153905215       -75.618581929171626        16419.084216444815     
   57552.855201104692        5.3060416746011381       -75.661212693246867        16494.745429138064     
   57752.855201104692        5.3028568771952376       -75.704185189994362        16570.449614328059     
   57952.855201104692        5.2996854672220213       -75.747606929135515        16646.197221257196     
   58152.855201104692        5.2965246690361401       -75.791525081262577        16721.988746338458     
   58352.855201104692        5.2933721881248097       -75.835947740301734        16797.824694078761     
   58552.855201104692        5.2902261430846274       -75.880862244037431        16873.705556322799     
   58752.855201104692        5.2870849671298119       -75.926248966239029        16949.631805289038     
   58952.855201104692        5.2839468433176444       -75.972160765032783        17025.603966054070     
   59152.855201104692        5.2808112659534023       -76.018434847019350        17101.622400901091     
   59352.855201104692        5.2776809373912474       -76.064538532738254        17177.686939433828     
   59552.855201104692        5.2745616161508790       -76.109784126186312        17253.796723560015     
   59752.855201104692        5.2714601647652257       -76.153650122318354        17329.950373682335     
   59952.855201104692        5.2683823736246334       -76.195953674645935        17406.146327356983     
   60152.855201104692        5.2653316529429413       -76.236835695438771        17482.383163052422     
   60352.855201104692        5.2623087713384624       -76.276643875677806        17558.659806928099     
   60552.855201104692        5.2593123003991558       -76.315802871970419        17634.975609800069     
   60752.855201104692        5.2563393419410414       -76.354718556140568        17711.330328356209     
   60952.855201104692        5.2533862411563206       -76.393725971759977        17787.724054327969     
   61152.855201104692        5.2504491444805721       -76.433071999338296        17864.157126327307     
   61352.855201104692        5.2475243703996473       -76.472919334966520        17940.630045662274     
   61552.855201104692        5.2446086169579242       -76.513360662353662        18017.143406324627     
   61752.855201104692        5.2416990481457457       -76.554435793702609        18093.697842118330     
   61952.855201104692        5.2387933004343612       -76.596147876773642        18170.293989995105     
   62152.855201104692        5.2358894424201825       -76.638476983742905        18246.932466978848     
   62352.855201104692        5.2329859111015331       -76.681390658395074        18323.613857637243     
   62552.855201104692        5.2300795685632622       -76.725136248091943        18400.338993885336     
   62752.855201104692        5.2271655138703146       -76.770094348608936        18477.109088233945     
   62952.855201104692        5.2242392613947430       -76.816402977388407        18553.925491211332     
   63152.855201104692        5.2212988818590294       -76.863813012182561        18630.789304223516     
   63352.855201104692        5.2183455544973034       -76.911820726138046        18707.701124949654     
   63552.855201104692        5.2153827351998165       -76.959885971864054        18784.661010921518     
   63752.855201104692        5.2124148390971090       -77.007587215253537        18861.668598136770     
   63952.855201104692        5.2094461277349158       -77.054677132868093        18938.723275269636     
   64152.855201104692        5.2064800586137272       -77.101067191465475        19015.824342461103     
   64352.855201104692        5.2035211399206771       -77.146465279964900        19092.970807741069     
   64552.855201104692        5.2005740764235675       -77.190653616139812        19170.161461357209     
   64752.855201104692        5.1976434219402261       -77.233480258992202        19247.394941616203     
   64952.855201104692        5.1947339470398441       -77.274766023230953        19324.669707639434     
   65152.855201104692        5.1918501430239141       -77.314405419968622        19401.984113059403     
   65352.855201104692        5.1889950164180663       -77.352506066669918        19479.336619126072     
   65552.855201104685        5.1861692107125039       -77.389405543470247        19556.726024669540     
   65752.855201104685        5.1833709643858459       -77.425576267419160        19634.151600936959     
   65952.855201104685        5.1805967306033684       -77.461502585240268        19711.613103522199     
   66152.855201104685        5.1778420378340115       -77.497591018652301        19789.110694540850     
   66352.855201104685        5.1751022593899991       -77.534130331196494        19866.644824872048     
   66552.855201104685        5.1723731409908700       -77.571291138968320        19944.216116011015     
   66752.855201104685        5.1696510739314538       -77.609147434427598        20021.825263445444     
   66952.855201104685        5.1669331692971490       -77.647705426050337        20099.472968871494     
   67152.855201104685        5.1642172048791144       -77.686930858389871        20177.159899729882     
   67352.855201104685        5.1615015066339627       -77.726770846236420        20254.886670576117     
   67552.855201104685        5.1587848085643939       -77.767169333287612        20332.653839909406     
   67752.855201104685        5.1560661178211316       -77.808076838826778        20410.461916748234     
   67952.855201104685        5.1533445988492081       -77.849455725725505        20488.311372473960     
   68152.855201104685        5.1506188645137154       -77.891376090568940        20566.202748564530     
   68352.855201104685        5.1478895310662507       -77.933561182585052        20644.136309747115     
   68552.855201104685        5.1451616157999398       -77.975243414114928        20722.111553161230     
   68752.855201104685        5.1424436650433396       -78.015546270976429        20800.127099432208     
   68952.855201104685        5.1397447248306847       -78.053917084141503        20878.181016516348     
   69152.855201104685        5.1370715684637576       -78.090289119119333        20956.271305635466     
   69352.855201104685        5.1344274129964518       -78.124992322107772        21034.396297957574     
   69552.855201104685        5.1318120346096503       -78.158564318910095        21112.554862276484     
   69752.855201104685        5.1292226505767324       -78.191579164235179        21190.746441440719     
   69952.855201104685        5.1266549843047278       -78.224539444155880        21268.970980884875     
   70152.855201104685        5.1241041772658447       -78.257829633506063        21347.228810518380     
   70352.855201104685        5.1215654303773412       -78.291710916085194        21425.520521434464     
   70552.855201104685        5.1190343841238635       -78.326337585054972        21503.846859019519     
   70752.855201104685        5.1165072971363141       -78.361781129099555        21582.208640148619     
   70952.855201104685        5.1139810898029445       -78.398054210284755        21660.606694358903     
   71152.855201104685        5.1114533079808080       -78.435131058684647        21739.041825417589     
   71352.855201104685        5.1089220460758380       -78.472963320358772        21817.514788737950     
   71552.855201104685        5.1063858547937890       -78.511491620771750        21896.026280358721     
   71752.855201104685        5.1038436484995735       -78.550653568524666        21974.576933927245     
   71952.855201104685        5.1012946201877716       -78.590388997306846        22053.167322924550     
   72152.855201104685        5.0987381677585200       -78.630643152205394        22131.797966076756     
   72352.855201104685        5.0961710596072907       -78.671789729601485        22210.469755806356     
   72552.855201104685        5.0935877544325159       -78.714324137408710        22289.184079943763     
   72752.855201104685        5.0909838390119955       -78.758327899484598        22367.942407843249     
   72952.855201104685        5.0883586921553521       -78.803358381669355        22446.745766224918     
   73152.855201104685        5.0857156388815303       -78.848706292567755        22525.594472517485     
   73352.855201104685        5.0830604023835901       -78.893702447877203        22604.488174965361     
   73552.855201104685        5.0803992489054783       -78.937892508230661        22683.426067473592     
   73752.855201104685        5.0777376580202906       -78.981068942098318        22762.407136415692     
   73952.855201104685        5.0750797001498915       -79.023220509323238        22841.430356925015     
   74152.855201104685        5.0724279573140105       -79.064457545099657        22920.494814470116     
   74352.855201104685        5.0697868699012627       -79.104471377921200        22999.599285848039     
   74552.855201104685        5.0671611440155049       -79.143063838596447        23078.742349686636     
   74752.855201104685        5.0645554169665274       -79.180092876266528        23157.922442562904     
   74952.855201104685        5.0619748468499974       -79.215347493283431        23237.137790056186     
   75152.855201104685        5.0594242173875470       -79.248730625622457        23316.386520681808     
   75352.855201104685        5.0569062134186815       -79.280445407857670        23395.666966089666     
   75552.855201104685        5.0544204224391791       -79.310979862457856        23474.977945952123     
   75752.855201104685        5.0519635517425607       -79.340952602360645        23554.318898554484     
   75952.855201104685        5.0495304259722156       -79.370949699894581        23633.689848254380     
   76152.855201104685        5.0471151457987773       -79.401423983825296        23713.091272238205     
   76352.855201104685        5.0447120114715540       -79.432663721505705        23792.523935959711     
   76552.855201104685        5.0423160819510366       -79.464808025847177        23871.988743985559     
   76752.855201104685        5.0399234059173592       -79.497883408965009        23951.486627394523     
   76952.855201104685        5.0375310232581310       -79.531843670537427        24031.018471065061     
   77152.855201104685        5.0351368364545088       -79.566603964562248        24110.585075029623     
   77352.855201104685        5.0327394274009123       -79.602065993893362        24190.187141023518     
   77552.855201104685        5.0303378677960495       -79.638134608852496        24269.825275632371     
   77752.855201104685        5.0279315491225924       -79.674727449837718        24349.500003082208     
   77952.855201104685        5.0255200432319302       -79.711779539084063        24429.211782621293     
   78152.855201104685        5.0231029956001931       -79.749244499119115        24508.961027120411     
   78352.855201104685        5.0206800486362484       -79.787093696596060        24588.748120817007     
   78552.855201104685        5.0182507904091072       -79.825314240740170        24668.573435057748     
   78752.855201104685        5.0158138495502627       -79.864039179132945        24748.437474236882     
   78952.855201104685        5.0133710034053607       -79.902839621395628        24828.340313858276     
   79152.855201104685        5.0109300933288079       -79.940639562508736        24908.280953420784     
   79352.855201104685        5.0085029110658601       -79.976353577346885        24988.257306998130     
   79552.855201104685        5.0061007029879505       -80.009447343566762        25068.266754341697     
   79752.855201104685        5.0037307895805743       -80.040051095268637        25148.306805436965     
   79952.855201104685        5.0013955140449600       -80.068755917918253        25228.375561354882     
   80152.855201104685        4.9990929555503580       -80.096334014688580        25308.471895369570     
   80352.855201104685        4.9968183860195792       -80.123525813914313        25388.595421183483     
   80552.855201104685        4.9945657216322275       -80.150928120399087        25468.746349303881     
   80752.855201104685        4.9923286254831121       -80.178961924584897        25548.925311228468     
   80952.855201104685        4.9901011995427309       -80.207886155614489        25629.133197384082     
   81152.855201104685        4.9878783363923285       -80.237830602509177        25709.371027986592     
   81352.855201104685        4.9856558359074761       -80.268831947118130        25789.639859933712     
   81552.855201104685        4.9834303808310629       -80.300865301003313        25869.940725234716     
   81752.855201104685        4.9811994398871491       -80.333868789369376        25950.274594024086     
   81952.855201104685        4.9789611426501343       -80.367761317561730        26030.642355341646     
   82152.855201104685        4.9767141517420352       -80.402454680315046        26111.044810021962     
   82352.855201104685        4.9744575454448015       -80.437861378957336        26191.482671400918     
   82552.855201104685        4.9721907162218226       -80.473899359157727        26271.956570760074     
   82752.855201104685        4.9699132864177820       -80.510494620710148        26352.467065380784     
   82952.855201104685        4.9676250402815363       -80.547582396945813        26433.014647777731     
   83152.855201104685        4.9653258705372645       -80.585107395787347        26513.599755173516     
   83352.855201104685        4.9630157374453834       -80.623023443504678        26594.222778617022     
   83552.855201104685        4.9606905577133267       -80.661911947819902        26674.884690564842     
   83752.855201104685        4.9583435224065378       -80.702408337057321        26755.587098901899     
   83952.855201104685        4.9559702604927844       -80.744476449988568        26836.331575351887     
   84152.855201104685        4.9535718847165606       -80.787401187429126        26917.118976539317     
   84352.855201104685        4.9511543322630827       -80.830230198323406        26997.949206737641     
   84552.855201104685        4.9487258102966338       -80.872178297279504        27078.821385034920     
   84752.855201104685        4.9462943391650347       -80.912801285963326        27159.734186320882     
   84952.855201104685        4.9438662851293085       -80.951980680127605        27240.686167001011     
   85152.855201104685        4.9414458845630902       -80.989823477345382        27321.675990478358     
   85352.855201104685        4.9390354087632335       -81.026553684871615        27402.702544163229     
   85552.855201104685        4.9366356134165637       -81.062430076669699        27483.764974239897     
   85752.855201104685        4.9342462350234602       -81.097696398949921        27564.862670638846     
   85952.855201104685        4.9318711566624298       -81.131838563830613        27645.994509202676     
   86152.855201104685        4.9295149858242677       -81.164573896861981        27727.159083099537     
   86352.855201104685        4.9271826429900578       -81.195679757445120        27808.354762856983     
   86552.855201104685        4.9248801339999853       -81.224827180591177        27889.579590037574     
