 #              _____________________  _______________________             #
 #              ___  __ \__  __ \_  / / /_  /___  ____/_  ___/             #
 #              __  / / /_  /_/ /  / / /_  __/_  __/  _____ \              #
 #              _  /_/ /_  _, _// /_/ / / /_ _  /___  ____/ /              #
 #              /_____/ /_/ |_| \____/  \__/ /_____/  /____/               #
 #                                                                         #
  
 #        time                      T            heat flux [W.L-2]   in    x              directions   cumulative flux
 #-----------------------------------------------------------------------------------------------

   0.0000000000000000        10.000000000000000       -0.0000000000000000        0.0000000000000000     
   1.0000000000000000        9.9999999999999982        5.6488147492927924E-013   5.6488147492927924E-013
   1.9540000000000002        10.000000000000000        1.1297629498585585E-012   1.6946444247878377E-012
   2.8641160000000001        9.9999999999999982        1.6946444247878373E-012   3.3892888495756751E-012
   3.8288389600000006        9.9999999999999964        1.6946444247878373E-012   5.0839332743635120E-012
   4.8514452976000007        9.9999999999999982        1.1297629498585585E-012   6.2136962242220705E-012
   5.9354080154560007        10.000000000000000        5.6488147492927924E-013   6.7785776991513493E-012
   7.0844084963833609        9.9999999999999982        1.1297629498585585E-012   7.9083406490099086E-012
   8.3023490061663630        9.9999999999999982        5.6488147492927924E-013   8.4732221239391883E-012
   9.5933659465363448        10.000000000000000        5.6488147492927924E-013   9.0381035988684679E-012
   10.961843903328527        9.9999999999999982        5.6488147492927924E-013   9.6029850737977475E-012
   12.412430537528239        10.000000000000000        5.6488147492927924E-013   1.0167866548727027E-011
   13.950052369779934        9.9999999999999982        1.1297629498585585E-012   1.1297629498585586E-011
   15.579931511966731        10.000000000000000        1.1297629498585585E-012   1.2427392448444146E-011
   17.307603402684734        9.9999999999999982        1.1297629498585585E-012   1.3557155398302705E-011
   19.138935606845820        10.000000000000000        5.6488147492927914E-013   1.4122036873231985E-011
   21.080147743256571        9.9999999999999982        1.1297629498585583E-012   1.5251799823090544E-011
   23.137832607851966        9.9999999999999982        1.1297629498585585E-012   1.6381562772949103E-011
   25.318978564323086        9.9999999999999982        1.1297629498585585E-012   1.7511325722807663E-011
   27.630993278182473        10.000000000000000        1.1297629498585585E-012   1.8641088672666222E-011
   30.081728874873424        9.9999999999999982        1.1297629498585585E-012   1.9770851622524781E-011
   32.679508607365833        9.9999999999999982        5.6488147492927924E-013   2.0335733097454061E-011
   35.433155123807786        10.000000000000000       -1.1297629498585585E-012   2.1465496047312620E-011
   38.352020431236255        9.9999999999999982       -3.9541703245049543E-012   2.5419666371817574E-011
   41.446017657110431        9.9999999999999947       -1.1862510973514863E-011   3.7282177345332437E-011
   44.725654716537058        9.9999999999999876       -3.5587532920544592E-011   7.2869710265877023E-011
   48.202069999529286        9.9999999999999538       -1.0111378401234097E-010   1.7398349427821798E-010
   51.887070199501046        9.9999999999998632       -2.8526514483928602E-010   4.5924863911750399E-010
   55.793170411471110        9.9999999999995985       -7.8179596130212262E-010   1.2410446004196266E-009
   59.933636636159378        9.9999999999988507       -2.0917561016631229E-009   3.3328007020827495E-009
   64.322530834328944        9.9999999999968026       -5.4686175587903670E-009   8.8014182608731161E-009
   68.974758684388689        9.9999999999913065       -1.3964999823201734E-008   2.2766418084074850E-008
   73.906120205452012        9.9999999999769269       -3.4844713781013171E-008   5.7611131865088021E-008
   79.133363417779137        9.9999999999401759       -8.4955914303467317E-008   1.4256704616855534E-007
   84.674241222845893        9.9999999998484217       -2.0244617715549886E-007   3.4501322332405419E-007
   90.547571696216650        9.9999999996246114       -4.7158734517448726E-007   8.1660056849854145E-007
   96.773301997989648        9.9999999990911981       -1.0740283542537115E-006   1.8906289227522530E-006
   99.476364677492242        9.9999999987879491       -1.4109569939089329E-006   3.3015859166611859E-006
   102.34161111776500        9.9999999983621546       -1.8757651965033769E-006   5.1773511131645630E-006
   105.37877234445412        9.9999999977573371       -2.5235661880202733E-006   7.7009173011848372E-006
   108.59816324474458        9.9999999968883166       -3.4355040625708152E-006   1.1136421363755653E-005
   112.01071759905247        9.9999999956255330       -4.7318838873977125E-006   1.5868305251153365E-005
   115.62802521461883        9.9999999937703290       -6.5922182166580863E-006   2.2460523467811451E-005
   119.46237128711918        9.9999999910157964       -9.2859058043282149E-006   3.1746429272139662E-005
   123.52677812396955        9.9999999868845553       -1.3219299788223414E-005   4.4965729060363079E-005
   127.83504937103093        9.9999999806295747       -1.9007969022921759E-005   6.3973698083284841E-005
   132.40181689291600        9.9999999710756846       -2.7587643060980163E-005   9.1561341144265004E-005
   137.24259046611419        9.9999999563661728       -4.0384368010369985E-005   1.3194570915463498E-004
   142.37381045370427        9.9999999335575218       -5.9574945703445380E-005   1.9152065485808037E-004
   147.81290364054973        9.9999998979720583       -8.8484251555716756E-005   2.8000490641379714E-004
   153.57834241860593        9.9999998421661029       -1.3218875223938167E-004   4.1219365865317881E-004
   159.68970752334550        9.9999997542907604       -1.9842819614060162E-004   6.1062185479378046E-004
   166.16775453436946        9.9999996154993731       -2.9897359078334126E-004   9.0959544557712166E-004
   173.03448436605484        9.9999993958701463       -4.5166364122205304E-004   1.3612590867991747E-003
   180.31321798764137        9.9999990480366421       -6.8340860671284396E-004   2.0446676935120187E-003
   188.02867562652307        9.9999984973158593       -1.0345752050450662E-003   3.0792428985570849E-003
   196.20706072373767        9.9999976265453743       -1.5653129478694400E-003   4.6445558464265251E-003
   204.87614892678516        9.9999962530291793       -2.3645633812049371E-003   7.0091192276314617E-003
   214.06538242201549        9.9999940938776799       -3.5627068594027561E-003   1.0571826087034218E-002
   223.80596992695965        9.9999907145393347       -5.3490377476549788E-003   1.5920863834689197E-002
   234.13099268220046        9.9999854533927888       -7.9954991990925720E-003   2.3916363033781769E-002
   245.07551680275571        9.9999773128545932       -1.1888320835704708E-002   3.5804683869486473E-002
   256.67671237054429        9.9999648045583580       -1.7569339851354039E-002   5.3374023720840512E-002
   268.97397967240016        9.9999457328481594       -2.5788786790399840E-002   7.9162810511240356E-002
   282.00908301236740        9.9999168972768828       -3.7571110253864941E-002  0.11673392076510530     
   286.53670623455429        9.9999057488040837       -4.2059999033692688E-002  0.15879391979879798     
   291.33598685007240        9.9998925414176458       -4.7295744701825293E-002  0.20608966450062327     
   296.42322430252159        9.9998768313808117       -5.3421732465169333E-002  0.25951139696579262     
   301.81569600211776        9.9998580693162591       -6.0611220627240420E-002  0.32012261759303307     
   307.53171600368967        9.9998355735538240       -6.9073746816000717E-002  0.38919636440903377     
   313.59069720535592        9.9998084966157634       -7.9062866334076609E-002  0.46825923074311038     
   320.01321727912210        9.9997757831125611       -9.0885465894228579E-002  0.55914469663733901     
   326.82108855731428        9.9997361169239074      -0.10491292488702131       0.66405762152436032     
   334.03743211219796        9.9996878550682489      -0.12159442243869549       0.78565204396305577     
   341.68675628037471        9.9996289451143454      -0.14147270859644778       0.92712475255950355     
   349.79503989864202        9.9995568223580005      -0.16520266823303845        1.0923274207925420     
   358.38982053400537        9.9994682822790466      -0.19357300190769416        1.2859004227002362     
   367.50028800749055        9.9993593230174582      -0.22753132332483161        1.5134317460250677     
   377.15738352938484        9.9992249517821357      -0.26821292225688093        1.7816446682819487     
   387.39390478259281        9.9990589482613057      -0.31697335802070520        2.0986180263026539     
   398.24461731099325        9.9988535772845939      -0.37542492521386339        2.4740429515165174     
   409.74637259109772        9.9985992422549863      -0.44547686316010587        2.9195198146766232     
   421.93823318800844        9.9982840703067808      -0.52937895610495111        3.4488987707815744     
   434.86160542073378        9.9978934198600076      -0.62976788469252531        4.0786666554741000     
   448.56037998742266        9.9974093013691778      -0.74971533256828893        4.8283819880423886     
   463.08108102811286        9.9968097027739979      -0.89277641751544090        5.7211584055578300     
   478.47302413124447        9.9960678126558911       -1.0630364997606139        6.7841949053184436     
   494.78848382056401        9.9951511366210646       -1.2651538249597416        8.0493487302781848     
   512.08287109124274        9.9940205062118785       -1.5043948067882689        9.5537435370664543     
   530.41492159816221        9.9926289849014385       -1.7866580980883460        11.340401635154800     
   549.84689513549677        9.9909206825269035       -2.1184830530803436        13.458884688235143     
   570.44478708507143        9.9888294976320484       -2.5070379557025935        15.965922643937736     
   591.04267903464608        9.9864410577568030       -2.9322672774389309        18.898189921376666     
   612.87644450119524        9.9835571180336569       -3.4236919912788033        22.321881912655471     
   636.02023589573730        9.9800852528960888       -3.9892968549230146        26.311178767578486     
   660.55265477395187        9.9759193104300046       -4.6374349548180707        30.948613722396559     
   686.55701878485934        9.9709383075671099       -5.3767174536070721        36.325331176003630     
   714.12164463642125        9.9650054321358894       -6.2158854998248803        42.541216675828508     
   743.34014803907689        9.9579671871006230       -7.1636669123520997        49.704883588180607     
   774.31176164589192        9.9496527166197204       -8.2286181697318277        57.933501757912438     
   807.14167206911577        9.9398733628190516       -9.4189498146150150        67.352451572527457     
   841.94137711773305        9.9284225138647368       -10.742332441441066        78.094784013968521     
   878.82906446926745        9.9150758087525901       -12.205683932238031        90.300467946206552     
   917.93001306189387        9.8995917472829511       -13.814948457386929        104.11541640359349     
   957.03096165452030        9.8828008272998069       -15.472904873309709        119.58832127690320     
   998.47796716270432        9.8635774844125983       -17.274601492353682        136.86292276925690     
   1042.4117930013795        9.8416590494591105       -19.222747100044124        156.08566986930103     
   1088.9816483903751        9.8167709729745027       -21.318641746987016        177.40431161628806     
   1138.3456951027104        9.7886290968545211       -23.561965562845465        200.96627717913353     
   1190.6715846177858        9.7569427087626028       -25.950512521404235        226.91678970053778     
   1246.1370275037657        9.7214182245836351       -28.479990880488160        255.39678058102595     
   1301.6024703897456        9.6841055799074649       -30.994771454436414        286.39155203546238     
   1360.3958398488844        9.6427189678037841       -33.631783258727232        320.02333529418962     
   1413.3098723621092        9.6041074930628234       -35.974610193829086        355.99794548801873     
   1469.3987468261275        9.5617873849585315       -38.416845088521697        394.41479057654044     
   1528.8529537579871        9.5155220440533590       -40.952895145948538        435.36768572248900     
   1591.8744131057581        9.4650777234873207       -43.575880552486687        478.94356627497569     
   1658.6771600143954        9.4102266079908468       -46.277566332443726        525.22113260741946     
   1729.4880717375511        9.3507497654101321       -49.048453268151967        574.26958587557147     
   1804.5476381640960        9.2864397631534636       -51.877958053025466        626.14754392859697     
   1884.1107785762335        9.2171036600976208       -54.754424432830099        680.90196836142707     
   1968.4477074130994        9.1425679470195558       -57.664709983174475        738.56667834460154     
   2057.8448519801773        9.0626855459769491       -60.593688435028419        799.16036677962995     
   2152.6058252212797        8.9773404495751539       -63.524806882345722        862.68517366197568     
   2253.0524568568485        8.8864459776038167       -66.441745089656919        929.12691875163262     
   2359.5258863905515        8.7899412292609416       -69.329245827937697        998.45616457957033     
   2465.9993159242545        8.6935509718722255       -72.022907233116740        1070.4790718126872     
   2572.4727454579574        8.5975004496397300       -74.533831024752672        1145.0129028374399     
   2685.3345807636824        8.4962868818395449       -77.003626577609310        1222.0165294150493     
   2804.9681261877508        8.3898828816461783       -79.421752745201033        1301.4382821602503     
   2931.7796843372635        8.2782855925553189       -81.777117133057601        1383.2153992933079     
   3066.1999359757469        8.1615288373940942       -84.056571210638850        1467.2719705039467     
   3208.6854027125391        8.0396895121470244       -86.245665148572670        1553.5176356525194     
   3359.7199974535392        7.9128676478349114       -88.333523044541550        1641.8511586970610     
   3519.8166678789989        7.7811654478441508       -90.314130278896656        1732.1652889759578     
   3679.9133383044586        7.6522508512479082       -92.087451737863503        1824.2527407138214     
   3807.9906746448264        7.5509213434999261       -93.384114619577289        1917.6368553333987     
   3943.7526511656165        7.4455401515526924       -94.633971638438027        2012.2708269718366     
   4079.5146276864066        7.3421836614795648       -95.769146309723453        2108.0399732815599     
   4223.4223227984439        7.2349040686851644       -96.851276815541169        2204.8912500971010     
   4375.9644796172033        7.1237596810390933       -97.869180171373571        2302.7604302684745     
   4537.6591658450889        7.0088257317869269       -98.815367137751792        2401.5757974062262     
   4709.0555332466474        6.8901789919735688       -99.685915512194597        2501.2617129184209     
   4890.7356826922996        6.7679374757278605       -100.47188917682055        2601.7336020952416     
   5083.3166411046905        6.6422526894744820       -101.16487438476823        2702.8984764800098     
   5283.3166411046905        6.5157679906733250       -101.75805541051434        2804.6565318905241     
   5483.3166411046905        6.3930881923346359       -102.25326268104435        2906.9097945715685     
   5683.3166411046905        6.2740457670825895       -102.65858082758061        3009.5683753991489     
   5883.3166411046905        6.1585521319634982       -102.97358398961448        3112.5419593887632     
   6083.3166411046905        6.0464671719680112       -103.21205324207199        3215.7540126308349     
   6283.3166411046905        5.9376262510620004       -103.38715972941667        3319.1411723602514     
   6483.3166411046905        5.8319761272621191       -103.49198637342903        3422.6331587336804     
   6683.3166411046905        5.7295056070185648       -103.52230500146869        3526.1554637351492     
   6883.3166411046905        5.6301317730745923       -103.48953995581749        3629.6450036909669     
   7043.3166411046905        5.5525297134348355       -103.43338489158513        3733.0783885825522     
   7212.9166411046908        5.4722256596243151       -103.35963913901317        3836.4380277215655     
   7382.5166411046912        5.3937490195664424       -103.27377402348762        3939.7118017450530     
   7562.2926411046910        5.3125812378417132       -103.15691413186416        4042.8687158769171     
   7752.8552011046913        5.2288143630056503       -102.99522357222330        4145.8639394491402     
   7952.8552011046913        5.1432757081090550       -102.80053935119534        4248.6644788003359     
   8152.8552011046913        5.0599368439459100       -102.59532687892739        4351.2598056792631     
   8352.8552011046922        4.9787514068879046       -102.36832048038528        4453.6281261596487     
   8552.8552011046922        4.8997482951815741       -102.10734583470843        4555.7354719943569     
   8752.8552011046922        4.8229264505660678       -101.81281362642893        4657.5482856207855     
   8952.8552011046922        4.7482012102359965       -101.49674160000976        4759.0450272207954     
   9152.8552011046922        4.6753979199692690       -101.17763081884584        4860.2226580396409     
   9352.8552011046922        4.6043716907521368       -100.86030087770271        4961.0829589173436     
   9552.8552011046922        4.5350568786031999       -100.53843153312926        5061.6213904504730     
   9752.8552011046922        4.4674513055164100       -100.20268834866285        5161.8240787991363     
   9952.8552011046922        4.4015419634454247       -99.851927675069334        5261.6760064742057     
   10152.855201104692        4.3371539098598522       -99.509900788303881        5361.1859072625093     
   10352.855201104692        4.2741073670763896       -99.186844712693528        5460.3727519752028     
   10552.855201104692        4.2124091029718445       -98.862042746719268        5559.2347947219223     
   10752.855201104692        4.1521307373618663       -98.520715844145215        5657.7555105660676     
   10952.855201104692        4.0933032594115462       -98.162225216339507        5755.9177357824074     
   11152.855201104692        4.0359015647949166       -97.792680388200424        5853.7104161706075     
   11352.855201104692        3.9798459860942694       -97.421833153507947        5951.1322493241150     
   11552.855201104692        3.9249720461789135       -97.066902612092250        6048.1991519362073     
   11752.855201104692        3.8712573858322328       -96.714793772017813        6144.9139457082247     
   11952.855201104692        3.8187259953294226       -96.356515382374099        6241.2704610905985     
   12152.855201104692        3.7673831970836877       -95.991274415804909        6337.2617355064031     
   12352.855201104692        3.7172035170999713       -95.622427086686784        6432.8841625930900     
   12552.855201104692        3.6679840294212367       -95.277865650186627        6528.1620282432768     
   12752.855201104692        3.6195854930066433       -94.959448112327777        6623.1214763556045     
   12952.855201104692        3.5719793669291207       -94.655262253012907        6717.7767386086171     
   13152.855201104692        3.5253205869005422       -94.335074233357744        6812.1118128419748     
   13352.855201104692        3.4797273497794126       -93.992148788036843        6906.1039616300113     
   13552.855201104692        3.4351969866226577       -93.638071318872832        6999.7420329488841     
   13752.855201104692        3.3916619510370825       -93.284477617922349        7093.0265105668068     
   13952.855201104692        3.3490363701255497       -92.938896637773766        7185.9654072045805     
   14152.855201104692        3.3071562058460025       -92.617762786377597        7278.5831699909577     
   14352.855201104692        3.2660895502299732       -92.294156861939669        7370.8773268528976     
   14552.855201104692        3.2259040957558698       -91.960604937112223        7462.8379317900099     
   14752.855201104692        3.1865864480316013       -91.624416343930008        7554.4623481339395     
   14952.855201104692        3.1480806674560382       -91.293157459303160        7645.7555055932426     
   15152.855201104692        3.1103261510443869       -90.970706522384944        7736.7262121156273     
   15352.855201104692        3.0730561756020540       -90.691067776319059        7827.4172798919462     
   15552.855201104692        3.0361796070575116       -90.442345424231164        7917.8596253161777     
   15752.855201104692        2.9999277765620898       -90.176184483779622        8008.0358097999570     
   15952.855201104692        2.9644737418804206       -89.883193555703215        8097.9190033556606     
   16152.855201104692        2.9298267112052883       -89.578598182376865        8187.4976015380371     
   16352.855201104692        2.8959003565785633       -89.278943286034846        8276.7765448240716     
   16552.855201104692        2.8626022467724113       -88.991703623570544        8365.7682484476427     
   16752.855201104692        2.8298660992906086       -88.717932343716313        8454.4861807913585     
   16952.855201104692        2.7975501362801789       -88.471507012669335        8542.9576878040280     
   17152.855201104692        2.7658554091311180       -88.207080266188370        8631.1647680702172     
   17352.855201104692        2.7349297374025836       -87.917187390947461        8719.0819554611644     
   17552.855201104692        2.7047332014207504       -87.622413393095528        8806.7043688542599     
   17752.855201104692        2.6751571899528264       -87.338098496984159        8894.0424673512443     
   17952.855201104692        2.6461004702783519       -87.070339442020284        8981.1128067932641     
   18152.855201104692        2.6174905472569225       -86.819703064043267        9067.9325098573081     
   18352.855201104692        2.5889979832969998       -86.627580289145087        9154.5600901464531     
   18552.855201104692        2.5606064596299865       -86.464317736421663        9241.0244078828746     
   18752.855201104692        2.5324764106141764       -86.297823142130355        9327.3222310250057     
   18952.855201104692        2.5049824255577469       -86.081990577583042        9413.4042216025882     
   19152.855201104692        2.4782640827852074       -85.829514165289780        9499.2337357678789     
   19352.855201104692        2.4522125155789460       -85.574607489405224        9584.8083432572839     
   19552.855201104692        2.4266676872100259       -85.336071427230110        9670.1444146845133     
   19752.855201104692        2.4015104023059308       -85.118230724503761        9755.2626454090168     
   19952.855201104692        2.3766712609017073       -84.919070705536043        9840.1817161145536     
   20152.855201104692        2.3521138635433214       -84.735293352559182        9924.9170094671135     
   20352.855201104692        2.3276473144804291       -84.590228727477253        10009.507238194590     
   20552.855201104692        2.3036213869523148       -84.411465958373000        10093.918704152964     
   20752.855201104692        2.2802212908243913       -84.198495573843857        10178.117199726808     
   20952.855201104692        2.2574259223554756       -83.974112960317839        10262.091312687126     
   21152.855201104692        2.2351342456076129       -83.755550857777266        10345.846863544903     
   21352.855201104692        2.2132392287075229       -83.551497497652846        10429.398361042555     
   21552.855201104692        2.1916535663984908       -83.364985163003197        10512.763346205558     
   21752.855201104692        2.1699133931678243       -83.256849096583181        10596.020195302141     
   21952.855201104692        2.1480873003864165       -83.172485430361760        10679.192680732502     
   22152.855201104692        2.1264193343281521       -83.072970989002826        10762.265651721504     
   22352.855201104692        2.1053908780794450       -82.903947056398536        10845.169598777902     
   22552.855201104692        2.0850830172212484       -82.697994241288029        10927.867593019189     
   22752.855201104692        2.0653429452425023       -82.492924707476860        11010.360517726665     
   22952.855201104692        2.0459647754788111       -82.310894480888507        11092.671412207554     
   23152.855201104692        2.0268123555818187       -82.154373954354043        11174.825786161908     
   23352.855201104692        2.0078184207358660       -82.018789949836844        11256.844576111744     
   23552.855201104692        1.9889543906970333       -81.899296834889853        11338.743872946634     
   23752.855201104692        1.9702084625924710       -81.792460143981742        11420.536333090615     
   23952.855201104692        1.9513407662400211       -81.731636808718449        11502.267969899332     
   24152.855201104692        1.9328947033733443       -81.611186606400310        11583.879156505733     
   24352.855201104692        1.9150385953381071       -81.450181912595696        11665.329338418329     
   24552.855201104692        1.8976862685994305       -81.282338695357438        11746.611677113686     
   24752.855201104692        1.8807092769877922       -81.124214277354270        11827.735891391039     
   24952.855201104692        1.8640066539062896       -80.980821717033194        11908.716713108073     
   25152.855201104692        1.8475067186347500       -80.852958191456196        11989.569671299529     
   25352.855201104692        1.8311565722305829       -80.740375854204970        12070.310047153733     
   25552.855201104692        1.8143552330724448       -80.727503457202573        12151.037550610936     
   25752.855201104692        1.7973536596651045       -80.720069230730985        12231.757619841666     
   25952.855201104692        1.7804932686311272       -80.679002836161473        12312.436622677827     
   26152.855201104692        1.7639253960674386       -80.610553045586698        12393.047175723414     
   26352.855201104692        1.7481488433391399       -80.456236741777460        12473.503412465190     
   26552.855201104692        1.7330995276112566       -80.274426047691023        12553.777838512880     
   26752.855201104692        1.7184223735210777       -80.122238554005577        12633.900077066886     
   26952.855201104692        1.7038769631987494       -80.007904255247155        12713.907981322134     
   27152.855201104692        1.6893641464711699       -79.922042314257567        12793.830023636392     
   27352.855201104692        1.6748584794945249       -79.855095907698725        12873.685119544090     
   27552.855201104692        1.6603597973878053       -79.801123831011637        12953.486243375102     
   27752.855201104692        1.6458719208341308       -79.757077808242315        13033.243321183345     
   27952.855201104692        1.6311007056991307       -79.766298672428235        13113.009619855773     
   28152.855201104692        1.6168562603307639       -79.678492710668579        13192.688112566442     
   28352.855201104692        1.6032018093590503       -79.552078011702264        13272.240190578144     
   28552.855201104692        1.5899315430062093       -79.432979387005332        13351.673169965150     
   28752.855201104692        1.5768760670639435       -79.333447668208706        13431.006617633358     
   28952.855201104692        1.5639462866077642       -79.251605259344117        13510.258222892702     
   29152.855201104692        1.5511032739028185       -79.183161760587396        13589.441384653290     
   29352.855201104692        1.5383282718907210       -79.125204553262037        13668.566589206552     
   29552.855201104692        1.5256063586388189       -79.076545898133674        13747.643135104685     
   29752.855201104692        1.5121503849303064       -79.153649615582708        13826.796784720267     
   29952.855201104692        1.4985025507838483       -79.202426331273841        13905.999211051541     
   30152.855201104692        1.4850825875662319       -79.195957288962603        13985.195168340504     
   30352.855201104692        1.4719856220334804       -79.159131518257382        14064.354299858762     
   30552.855201104692        1.4591656698634845       -79.113575097728628        14143.467874956490     
   30752.855201104692        1.4472562683008079       -78.963516855834683        14222.431391812324     
   30952.855201104692        1.4360170194151074       -78.804105202007023        14301.235497014331     
   31152.855201104692        1.4249331630009567       -78.701833828901073        14379.937330843233     
   31352.855201104692        1.4137611448562899       -78.649221631986137        14458.586552475219     
   31552.855201104692        1.4024548502958258       -78.625494009062962        14537.212046484281     
   31752.855201104692        1.3910403427088363       -78.616444528242852        14615.828491012524     
   31952.855201104692        1.3795532745638686       -78.615127834836343        14694.443618847361     
   32152.855201104692        1.3680187349363928       -78.618979938912815        14773.062598786273     
   32352.855201104692        1.3564489658657091       -78.627521521364997        14851.690120307638     
   32552.855201104692        1.3444613330843367       -78.699234179202620        14930.389354486841     
   32752.855201104692        1.3332247220418645       -78.622933583225134        15009.012288070066     
   32952.855201104692        1.3227743324196060       -78.492577351636854        15087.504865421703     
   33152.855201104692        1.3126187331759196       -78.399384856378205        15165.904250278081     
   33352.855201104692        1.3024968886775605       -78.345894962060115        15244.250145240141     
   33552.855201104692        1.2923297661353241       -78.317685398838364        15322.567830638980     
   33752.855201104692        1.2821142096827534       -78.303465816178772        15400.871296455160     
   33952.855201104692        1.2718678522886731       -78.296894262073536        15479.168190717233     
   34152.855201104692        1.2616069712752105       -78.295149380632324        15557.463340097866     
   34352.855201104692        1.2513393622032623       -78.297520874003297        15635.760860971868     
   34552.855201104692        1.2399889305013527       -78.466527110982440        15714.227388082851     
   34752.855201104692        1.2285682244294840       -78.552464422251276        15792.779852505102     
   34952.855201104692        1.2175461750777501       -78.559447726021332        15871.339300231124     
   35152.855201104692        1.2069169401508824       -78.536869349171994        15949.876169580297     
   35352.855201104692        1.1965543298705530       -78.512390736248378        16028.388560316545     
   35552.855201104692        1.1863496811531018       -78.495554638186888        16106.884114954732     
   35752.855201104692        1.1772743000423953       -78.331028960900596        16185.215143915631     
   35952.855201104692        1.1688143258773278       -78.183056998863805        16263.398200914495     
   36152.855201104692        1.1602555708382007       -78.126849797309760        16341.525050711805     
   36352.855201104692        1.1513872484697332       -78.130060122055525        16419.655110833861     
   36552.855201104692        1.1422413951638797       -78.159297788594046        16497.814408622457     
   36752.855201104692        1.1329034888180198       -78.196919056120379        16576.011327678578     
   36952.855201104692        1.1234456115438367       -78.235966786582466        16654.247294465160     
   37152.855201104692        1.1139135969298883       -78.274771455881620        16732.522065921043     
   37352.855201104692        1.1043307042815043       -78.313881739652473        16810.835947660697     
   37552.855201104692        1.0947044002525772       -78.354565216989059        16889.190512877685     
   37752.855201104692        1.0845594116973842       -78.469260281357336        16967.659773159041     
   37952.855201104692        1.0755883273978255       -78.361177592782042        17046.020950751823     
   38152.855201104692        1.0675381995677453       -78.213088828776236        17124.234039580599     
   38352.855201104692        1.0596173916958245       -78.142059167415027        17202.376098748013     
   38552.855201104692        1.0515400502531145       -78.127122368832360        17280.503221116844     
   38752.855201104692        1.0432669477217686       -78.141484161496109        17358.644705278341     
   38952.855201104692        1.0348341069284388       -78.169204892130224        17436.813910170469     
   39152.855201104692        1.0262894170235151       -78.202158035172189        17515.016068205641     
   39352.855201104692        1.0176728736374192       -78.236676659072614        17593.252744864712     
   39552.855201104692        1.0090122261716228       -78.271494557885077        17671.524239422597     
   39752.855201104692        1.0003231961743018       -78.306667064458395        17749.830906487055     
   39952.855201104692       0.99161103859883604       -78.342972573363241        17828.173879060418     
   40152.855201104692       0.98273395510420569       -78.394842890233960        17906.568721950651     
   40352.855201104692       0.97180777314822764       -78.753221260085112        17985.321943210736     
   40552.855201104692       0.96134125041869045       -78.853161094365149        18064.175104305101     
   40752.855201104692       0.95193298268244586       -78.797478418056770        18142.972582723156     
   40952.855201104692       0.94294722539827447       -78.769576909511443        18221.742159632668     
   41152.855201104692       0.93408014701623943       -78.771865546238615        18300.514025178905     
   41352.855201104692       0.92526250929023446       -78.787715132017823        18379.301740310922     
   41552.855201104692       0.91807035864383979       -78.571161482043436        18457.872901792965     
   41752.855201104692       0.91142491434564477       -78.423052847291729        18536.295954640256     
   41952.855201104692       0.90449205386776688       -78.394135035233489        18614.690089675489     
   42152.855201104692       0.89709246154879185       -78.432474406335672        18693.122564081823     
   42352.855201104692       0.88931124232856684       -78.496164809267668        18771.618728891091     
   42552.855201104692       0.88128007394718233       -78.564051960319077        18850.182780851410     
   42752.855201104692       0.87310576792209438       -78.627985884881568        18928.810766736293     
   42952.855201104692       0.86485787238632661       -78.686290577938735        19007.497057314231     
   43152.855201104692       0.85657423881374906       -78.740089550830746        19086.237146865060     
   43352.855201104692       0.84826989108978001       -78.791472330450290        19165.028619195509     
   43552.855201104692       0.83995371627481885       -78.848650911811788        19243.877270107321     
   43752.855201104692       0.83090889455762529       -79.007250276756196        19322.884520384079     
   43952.855201104692       0.82400445750225160       -78.773027973955436        19401.657548358035     
   44152.855201104692       0.81582391027734391       -78.922339184703802        19480.579887542739     
   44352.855201104692       0.80887873477554961       -78.793936716390249        19559.373824259128     
   44552.855201104692       0.80251825037097491       -78.682022691914923        19638.055846951043     
   44752.855201104692       0.79615240753474836       -78.639127604602592        19716.694974555645     
   44952.855201104692       0.78957652267996759       -78.644424288287098        19795.339398843931     
   45152.855201104692       0.78276973376569403       -78.675672453138205        19874.015071297068     
   45352.855201104692       0.77576855889610508       -78.710766651785974        19952.725837948856     
   45552.855201104692       0.76834683426034112       -78.798441449160890        20031.524279398018     
   45752.855201104692       0.76068361319982403       -78.884229520555948        20110.408508918576     
   45952.855201104692       0.75292880320723876       -78.956681984748997        20189.365190903325     
   46152.855201104692       0.74514851339981880       -79.019042081463652        20268.384232984790     
   46352.855201104692       0.73736218030123313       -79.075922912866460        20347.460155897657     
   46552.855201104692       0.72956902212551800       -79.130722431039487        20426.590878328698     
   46752.855201104692       0.71947252303833109       -79.527200137931047        20506.118078466629     
   46952.855201104692       0.71024214683190823       -79.589042959466099        20585.707121426094     
   47152.855201104692       0.70209467503226075       -79.532345147546593        20665.239466573639     
   47352.855201104692       0.69457090982880088       -79.473669859985023        20744.713136433624     
   47552.855201104692       0.68731109944299318       -79.442107888873778        20824.155244322497     
   47752.855201104692       0.68012311667304537       -79.436812488411675        20903.592056810910     
   47952.855201104692       0.67520194019159807       -79.109768302757487        20982.701825113669     
   48152.855201104692       0.66806342985684575       -79.324561743373650        21062.026386857044     
   48352.855201104692       0.66245193613678555       -79.150050995827385        21141.176437852871     
   48552.855201104692       0.65710279017136741       -79.061754647501587        21220.238192500372     
   48752.855201104692       0.65123601622666583       -79.092797096817577        21299.330989597191     
   48952.855201104692       0.64481990951399482       -79.174035909142233        21378.505025506332     
   49152.855201104692       0.63801459514954495       -79.266044082359912        21457.771069588693     
   49352.855201104692       0.63097324131581123       -79.353324781913173        21537.124394370607     
   49552.855201104692       0.62380163247040310       -79.431865022396053        21616.556259393004     
   49752.855201104692       0.61656218587160383       -79.502347424684942        21696.058606817689     
   49952.855201104692       0.60928605884626785       -79.567046299013569        21775.625653116702     
   50152.855201104692       0.60198392448326954       -79.628509003052343        21855.254162119752     
   50352.855201104692       0.59465385586328556       -79.689039044033180        21934.943201163787     
   50552.855201104692       0.58728672050441999       -79.750526465786976        22014.693727629576     
   50752.855201104692       0.57986976496072051       -79.814424483990692        22094.508152113565     
   50952.855201104692       0.57148503085532276       -80.025098707640382        22174.533250821205     
   51152.855201104692       0.56642428693075764       -79.639249581173814        22254.172500402379     
   51352.855201104692       0.56209833935266751       -79.430959405214537        22333.603459807593     
   51552.855201104692       0.55734626737570969       -79.391095808125911        22412.994555615718     
   51752.855201104692       0.55197702038311158       -79.435484131506499        22492.430039747225     
   51952.855201104692       0.54609341143126366       -79.512965767132073        22571.943005514357     
   52152.855201104692       0.53983916247195296       -79.599549487730101        22651.542555002088     
   52352.855201104692       0.53333209103853652       -79.685332032701112        22731.227887034791     
   52552.855201104692       0.52665636311090636       -79.766825735380195        22810.994712770171     
   52752.855201104692       0.51986868358337956       -79.843332582121988        22890.838045352291     
   52952.855201104692       0.51300602413549812       -79.915275153231860        22970.753320505522     
   53152.855201104692       0.50609205119625778       -79.983424045155942        23050.736744550679     
   53352.855201104692       0.49914053597697849       -80.048751446586792        23130.785495997265     
   53552.855201104692       0.49215803596837648       -80.112268625210078        23210.897764622474     
   53752.855201104692       0.48514588277742349       -80.174947293502086        23291.072711915975     
   53952.855201104692       0.47810176421704209       -80.237665733221192        23371.310377649195     
   54152.855201104692       0.46767545510701136       -80.796705923129096        23452.107083572326     
   54352.855201104692       0.45919824955592953       -80.768694837085562        23532.875778409412     
   54552.855201104692       0.45219878709673789       -80.644015058042228        23613.519793467454     
   54752.855201104692       0.44583503079526521       -80.557242781702712        23694.077036249157     
   54952.855201104692       0.43964426015266023       -80.519923401568064        23774.596959650724     
   55152.855201104692       0.43343190290036954       -80.518521662106394        23855.115481312831     
   55352.855201104692       0.42713465296586056       -80.539460639427702        23935.654941952260     
   55552.855201104692       0.42421043237326428       -80.055689905275443        24015.710631857535     
   55752.855201104692       0.41727317685021353       -80.486015551331320        24096.196647408866     
   55952.855201104692       0.41314678174060249       -80.172827735765836        24176.369475144631     
   56152.855201104692       0.40900580434270228       -80.097163366579522        24256.466638511210     
   56352.855201104692       0.40395215224051451       -80.178928987871956        24336.645567499083     
   56552.855201104692       0.39816623427351983       -80.300966062904223        24416.946533561986     
   56752.855201104692       0.39193399050062505       -80.419784295609702        24497.366317857595     
   56952.855201104692       0.38546316408725623       -80.523582669444863        24577.889900527040     
   57152.855201104692       0.37887975100384236       -80.611910568243260        24658.501811095284     
   57352.855201104692       0.37225217971024049       -80.687811888833593        24739.189622984119     
   57552.855201104692       0.36561236923261442       -80.754976897397654        24819.944599881517     
   57752.855201104692       0.35897023316676308       -80.816763237514110        24900.761363119032     
   57952.855201104692       0.35232294505780992       -80.875932176145085        24981.637295295179     
   58152.855201104692       0.34566070065354282       -80.934642561773714        25062.571937856952     
   58352.855201104692       0.33897027705558003       -80.994524686296188        25143.566462543247     
   58552.855201104692       0.33223722944399897       -81.056768872882003        25224.623231416128     
   58752.855201104692       0.32544723503794459       -81.122208253467178        25305.745439669594     
   58952.855201104692       0.31740572803075917       -81.358928672083181        25387.104368341676     
   59152.855201104692       0.31452000834199667       -80.748438451247267        25467.852806792922     
   59352.855201104692       0.31187878467792890       -80.525696564545257        25548.378503357468     
   59552.855201104692       0.30824376644273810       -80.529712151925267        25628.908215509393     
   59752.855201104692       0.30366162119695594       -80.619165872019579        25709.527381381413     
   59952.855201104692       0.29840397257962037       -80.731179533079001        25790.258560914492     
   60152.855201104692       0.29270317701054005       -80.842469217063140        25871.101030131555     
   60352.855201104692       0.28671901517446252       -80.945892198580012        25952.046922330133     
   60552.855201104692       0.28055449404005456       -81.040285569186906        26033.087207899320     
   60752.855201104692       0.27427454340669988       -81.126515859262994        26114.213723758581     
   60952.855201104692       0.26791963099335536       -81.205992736048159        26195.419716494631     
   61152.855201104692       0.26151571864426726       -81.279973548732229        26276.699690043362     
   61352.855201104692       0.25507846346048002       -81.349694010015980        26358.049384053378     
   61552.855201104692       0.24861654096745317       -81.416256013611516        26439.465640066988     
   61752.855201104692       0.24213375668817069       -81.480630001484300        26520.946270068471     
   61952.855201104692       0.23563046203637386       -81.543666128291136        26602.489936196762     
   62152.855201104692       0.22910460070244407       -81.606097980099548        26684.096034176862     
   62352.855201104692       0.22255255209890745       -81.668539629976820        26765.764573806839     
   62552.855201104692       0.21116862932553798       -82.434309136473829        26848.198882943314     
   62752.855201104692       0.20360074170509251       -82.227666226666798        26930.426549169981     
   62952.855201104692       0.19780989813574051       -82.020047479612543        27012.446596649592     
   63152.855201104692       0.19252043381629214       -81.909332216631228        27094.355928866222     
   63352.855201104692       0.18723014478782257       -81.871304052323822        27176.227232918547     
   63552.855201104692       0.18178874535632161       -81.876139043673859        27258.103371962221     
   63752.855201104692       0.17617943252616669       -81.903972609842924        27340.007344572063     
   63952.855201104692       0.17042755228633555       -81.943345743817460        27421.950690315880     
   64152.855201104692       0.16456620368029859       -81.988035254610764        27503.938725570490     
   64352.855201104692       0.16396604069456677       -80.746932867551763        27584.685658438040     
   64552.855201104692       0.15626908726536118       -81.987832005794687        27666.673490443834     
   64752.855201104692       0.15392843478186310       -80.971526132110242        27747.645016575945     
   64952.855201104692       0.15082161786205872       -80.994691465613727        27828.639708041559     
   65152.855201104692       0.14627619716546314       -81.177772088796402        27909.817480130354     
   65352.855201104692       0.14083764784915259       -81.359399193319774        27991.176879323673     
   65552.855201104685       0.13493453203010405       -81.509139018585856        28072.686018342258     
   65752.855201104685       0.12882049395407200       -81.627015030416999        28154.313033372673     
   65952.855201104685       0.12263170546252544       -81.719873764288096        28236.032907136960     
   66152.855201104685       0.11643467218347092       -81.794959665874387        28317.827866802832     
   66352.855201104685       0.11025640594774613       -81.858289808614018        28399.686156611446     
   66552.855201104685       0.10410232045446605       -81.914448893888064        28481.600605505333     
   66752.855201104685        9.7966244729630808E-002  -81.966841413941211        28563.567446919275     
   66952.855201104685        9.1836200501429543E-002  -82.017952166159617        28645.585399085434     
   67152.855201104685        8.5697721412154759E-002  -82.069575163647627        28727.654974249082     
   67352.855201104685        7.9535755988757090E-002  -82.122992441408698        28809.777966690490     
   67552.855201104685        7.3335751122617421E-002  -82.179107813600041        28891.957074504091     
   67752.855201104685        6.7084251862925076E-002  -82.238546327628370        28974.195620831721     
   67952.855201104685        6.0769203413668538E-002  -82.301729671147243        29056.497350502868     
   68152.855201104685        5.2790791152041605E-002  -77.919563433723667        29134.416913936591     
   68352.855201104685        5.2740345917324682E-002  -77.958448882625802        29212.375362819217     
   68552.855201104685        5.1659888533908072E-002  -78.643578469091864        29291.018941288308     
   68752.855201104685        4.8809285979845435E-002  -79.249327004571839        29370.268268292879     
   68952.855201104685        4.4693089431668276E-002  -79.691180379471859        29449.959448672351     
   69152.855201104685        3.9794596464702570E-002  -80.002370077467162        29529.961818749816     
   69352.855201104685        3.4429815748754228E-002  -80.224073884446042        29610.185892634261     
   69552.855201104685        2.8788037417317391E-002  -80.387044575847284        29690.572937210109     
   69752.855201104685        2.2980502756104720E-002  -80.512978592105625        29771.085915802214     
   69952.855201104685        1.7072358943411692E-002  -80.615768661469133        29851.701684463682     
   70152.855201104685        1.1102417310334511E-002  -80.702840413285642        29932.404524876969     
   70352.855201104685        5.0948570557619588E-003  -80.780506229051539        30013.185031106019     
   70552.855201104685       -9.3604975790245737E-004  -80.853120854495813        30094.038151960514     
   70752.855201104685       -6.9822046982129793E-003  -80.923840515903478        30174.961992476419     
   70952.855201104685       -1.3039592858665017E-002  -80.995041037763514        30255.957033514183     
   71152.855201104685       -1.9107010815029635E-002  -81.068573353331061        30337.025606867515     
   71352.855201104685       -2.5185223887872532E-002  -81.145926444693629        30418.171533312208     
   71552.855201104685       -3.1276349720597285E-002  -81.228336501060184        30499.399869813267     
   71752.855201104685       -3.7383365942337210E-002  -81.316865129672806        30580.716734942940     
   71952.855201104685       -4.3509697992803575E-002  -81.412460009096378        30662.129194952038     
   72152.855201104685       -4.9658877134156398E-002  -81.516005532142913        30743.645200484181     
   72352.855201104685       -6.2994740946671346E-002  -77.984427321704729        30821.629627805887     
   72552.855201104685       -6.9249467001461396E-002  -77.297602223373758        30898.927230029261     
   72752.855201104685       -7.3640811126726491E-002  -77.506977730936171        30976.434207760198     
   72952.855201104685       -7.7813314153127422E-002  -77.932463317976016        31054.366671078173     
   73152.855201104685       -8.2222338495051450E-002  -78.359600944707225        31132.726272022879     
   73352.855201104685       -8.6934219480399089E-002  -78.729567848363502        31211.455839871243     
   73552.855201104685       -9.1903670681051319E-002  -79.038740322410320        31290.494580193652     
   73752.855201104685       -9.7066255588752870E-002  -79.298599143098855        31369.793179336750     
   73952.855201104685      -0.10236562555605494       -79.522516962506344        31449.315696299254     
   74152.855201104685      -0.10775885852131512       -79.721914610182836        31529.037610909436     
   74352.855201104685      -0.10363188461539652       -81.902804008316139        31610.940414917754     
   74552.855201104685      -0.11464774269079309       -80.796617699544882        31691.737032617297     
   74752.855201104685      -0.11303912125064902       -82.404758187911241        31774.141790805206     
   74952.855201104685      -0.11553347103203704       -83.069172910227664        31857.210963715435     
   75152.855201104685      -0.11999525698110841       -83.292014024415934        31940.502977739852     
   75352.855201104685      -0.12536976842572667       -83.322610918744502        32023.825588658598     
   75552.855201104685      -0.13112681646196495       -83.286874498999111        32107.112463157595     
   75752.855201104685      -0.13700485034149651       -83.246726155632771        32190.359189313229     
   75952.855201104685      -0.14288157997032408       -83.230709959313671        32273.589899272542     
   76152.855201104685      -0.14870667722516051       -83.250235200896284        32356.840134473438     
   76352.855201104685      -0.15446648685351155       -83.308201523088556        32440.148335996528     
   76552.855201104685      -0.16016550154815895       -83.403535824295133        32523.551871820822     
   76752.855201104685      -0.16581665934035322       -83.533542871952136        32607.085414692774     
   76952.855201104685      -0.17143628907711916       -83.695096875361727        32690.780511568137     
   77152.855201104685      -0.17704132777786097       -83.885166281567365        32774.665677849705     
   77352.855201104685      -0.18264823903425581       -84.101213860659456        32858.766891710366     
   77552.855201104685      -0.18827237542262210       -84.341242031209177        32943.108133741574     
   77752.855201104685      -0.19392767267393224       -84.603817800298501        33027.711951541874     
   77952.855201104685      -0.19962653429501021       -84.888068706286191        33112.600020248159     
   78152.855201104685      -0.20537982659333709       -85.193662525625697        33197.793682773787     
   78352.855201104685      -0.21119694145983420       -85.520777655631250        33283.314460429421     
   78552.855201104685      -0.21708590597642613       -85.870066937622170        33369.184527367041     
   78752.855201104685      -0.21005142477645489       -89.169408498895450        33458.353935865933     
   78952.855201104685      -0.20957501886776492       -90.654467032671803        33549.008402898602     
   79152.855201104685      -0.21224531726307105       -91.352338288439441        33640.360741187040     
   79352.855201104685      -0.21643666526838934       -91.727893690106384        33732.088634877146     
   79552.855201104685      -0.22137004502483942       -91.992290228847395        33824.080925105991     
   79752.855201104685      -0.22666869672182177       -92.240922998101183        33916.321848104089     
   79952.855201104685      -0.23214822649312106       -92.516184129781180        34008.838032233871     
   80152.855201104685      -0.23771726143173533       -92.836221035916054        34101.674253269790     
   80352.855201104685      -0.24333011204640809       -93.208148253194437        34194.882401522984     
   80552.855201104685      -0.24896395420629958       -93.634114977168565        34288.516516500153     
   80752.855201104685      -0.25460769298944586       -94.114070007194314        34382.630586507345     
   80952.855201104685      -0.26025641906149943       -94.647004631217783        34477.277591138562     
   81152.855201104685      -0.26590862179867214       -95.231488127941020        34572.509079266500     
   81352.855201104685      -0.27156476603417179       -95.865880829596776        34668.374960096095     
   81552.855201104685      -0.27722654549690212       -96.548407326917669        34764.923367423013     
   81752.855201104685      -0.28289644047260859       -97.277152634532413        34862.200520057544     
   81952.855201104685      -0.28857748092643210       -98.050079481964261        34960.250599539511     
   82152.855201104685      -0.29427312348899981       -98.865073310745828        35059.115672850254     
   82352.855201104685      -0.29998710563779551       -99.719946454289570        35158.835619304540     
   82552.855201104685      -0.30572331859342428       -100.61246386979116        35259.448083174335     
   82752.855201104685      -0.31148569580169361       -101.54038211684832        35360.988465291186     
   82952.855201104685      -0.31727811893445512       -102.50149357952226        35463.489958870705     
   83152.855201104685      -0.32310434772835456       -103.49366905136488        35566.983627922069     
   83352.855201104685      -0.32896798145113121       -104.51489230285954        35671.498520224930     
   83552.855201104685      -0.32996668459289152       -106.77683226543675        35778.275352490367     
   83752.855201104685      -0.33330215673496594       -108.22564075847509        35886.500993248839     
   83952.855201104685      -0.33774925054126542       -109.32987186567560        35995.830865114513     
   84152.855201104685      -0.34271096481759844       -110.30839965653219        36106.139264771045     
   84352.855201104685      -0.34790908833178563       -111.25747717915850        36217.396741950201     
   84552.855201104685      -0.35321502305625685       -112.21705043559757        36329.613792385797     
   84752.855201104685      -0.35856925335515855       -113.20183784724065        36442.815630233039     
   84952.855201104685      -0.36394431334012955       -114.21574479523657        36557.031375028273     
   85152.855201104685      -0.36932759838565071       -115.25795183547345        36672.289326863749     
   85352.855201104685      -0.37471356816019813       -116.32570141592257        36788.615028279673     
   85552.855201104685      -0.38010020868879107       -117.41547983079265        36906.030508110467     
   85752.855201104685      -0.38548743611430825       -118.52349272975738        37024.554000840224     
   85952.855201104685      -0.38794849800772785       -120.37306032758590        37144.927061167808     
   86152.855201104685      -0.39451885172383983       -121.00865125072990        37265.935712418541     
   86352.855201104685      -0.39756896519978857       -122.65357741725762        37388.589289835800     
   86552.855201104685      -0.40152116662311826       -123.92496018578501        37512.514250021588     
