 #              _____________________  _______________________             #
 #              ___  __ \__  __ \_  / / /_  /___  ____/_  ___/             #
 #              __  / / /_  /_/ /  / / /_  __/_  __/  _____ \              #
 #              _  /_/ /_  _, _// /_/ / / /_ _  /___  ____/ /              #
 #              /_____/ /_/ |_| \____/  \__/ /_____/  /____/               #
 #                                                                         #
  
 #        time                      T            heat flux [W.L-2]   in    x              directions   cumulative flux
 #-----------------------------------------------------------------------------------------------

   0.0000000000000000        10.000000000000000       -0.0000000000000000        0.0000000000000000     
   1.0000000000000000        10.000000000000000       -3.3892888495756747E-012   3.3892888495756747E-012
   1.9540000000000002        9.9999999999999982       -3.1068481121110355E-011   3.4457769970686033E-011
   2.8641160000000001        9.9999999999999876       -1.4743406495654191E-010   1.8189183492722794E-010
   3.8288389600000006        9.9999999999999289       -6.1402616324812677E-010   7.9591799817535471E-010
   4.8514452976000007        9.9999999999996980       -2.3030217732866744E-009   3.0989397714620290E-009
   5.9354080154560007        9.9999999999988738       -7.8247381907204098E-009   1.0923677962182440E-008
   7.0844084963833609        9.9999999999961666       -2.4385933272697313E-008   3.5309611234879756E-008
   8.3023490061663630        9.9999999999879119       -7.0522627737548618E-008   1.0583223897242837E-007
   9.5933659465363448        9.9999999999642988       -1.9112764704234178E-007   2.9695988601477018E-007
   10.961843903328527        9.9999999999005187       -4.8944098907113092E-007   7.8640087508590110E-007
   12.412430537528239        9.9999999997366906       -1.1923167946300559E-006   1.9787176697159570E-006
   13.950052369779934        9.9999999993342676       -2.7784943732498277E-006   4.7572120429657847E-006
   15.579931511966731        9.9999999983846664       -6.2222519190623411E-006   1.0979463962028127E-005
   17.307603402684734        9.9999999962238135       -1.3441901501307324E-005   2.4421365463335452E-005
   19.138935606845820        9.9999999914671616       -2.8101605554976555E-005   5.2522971018312004E-005
   21.080147743256571        9.9999999813110989       -5.7005909946236701E-005   1.0952888096454871E-004
   23.137832607851966        9.9999999602312375       -1.1246241158204704E-004   2.2199129254659575E-004
   25.318978564323086        9.9999999176173056       -2.1618508036843744E-004   4.3817637291503319E-004
   27.630993278182473        9.9999998335791513       -4.0558721566369269E-004   8.4376358857872588E-004
   30.081728874873424        9.9999996716818149       -7.4368736433867884E-004   1.5874509529174047E-003
   32.679508607365833        9.9999993666446336       -1.3343395213527066E-003   2.9217904742701115E-003
   35.433155123807786        9.9999988039724101       -2.3451079314265409E-003   5.2668984056966524E-003
   38.352020431236255        9.9999977869580050       -4.0408293753490159E-003   9.3077277810456674E-003
   41.446017657110431        9.9999959843718482       -6.8317101980725362E-003   1.6139437979118203E-002
   44.725654716537058        9.9999928492983301       -1.1340626545105526E-002   2.7480064524223729E-002
   48.202069999529286        9.9999874958749011       -1.8495027265298648E-002   4.5975091789522374E-002
   51.887070199501046        9.9999785160718826       -2.9649325680545451E-002   7.5624417470067817E-002
   55.793170411471110        9.9999637131513825       -4.6743709771228402E-002  0.12236812724129623     
   59.933636636159378        9.9999397222436546       -7.2504668147941639E-002  0.19487279538923785     
   64.322530834328944        9.9999014819647982      -0.11069098125742256       0.30556377664666040     
   68.974758684388689        9.9998415148080220      -0.16638625480158700       0.47195003144824743     
   73.906120205452012        9.9997489690834822      -0.24633514849208041       0.71828517994032781     
   79.133363417779137        9.9996083726284244      -0.35931529067296408        1.0776004706132918     
   84.674241222845893        9.9993980497148716      -0.51653067258853658        1.5941311432018284     
   90.547571696216650        9.9990881589479930      -0.73200551752713672        2.3261366607289649     
   96.773301997989648        9.9986383227205984       -1.0229508837797543        3.3490875445087189     
   99.476364677492242        9.9984181330119490       -1.1616749479686146        4.5107624924773333     
   102.34161111776500        9.9981543068277361       -1.3233636967831408        5.8341261892604743     
   105.37877234445412        9.9978374376656731       -1.5120095464675978        7.3461357357280725     
   108.59816324474458        9.9974560425013745       -1.7322702187555374        9.0784059544836104     
   112.01071759905247        9.9969961197492889       -1.9895602983342004        11.067966252817811     
   115.62802521461883        9.9964406242691677       -2.2901480538380117        13.358114306655823     
   119.46237128711918        9.9957688486711600       -2.6412550100432051        15.999369316699028     
   123.52677812396955        9.9949557007340584       -3.0511545537974198        19.050523870496448     
   127.83504937103093        9.9939708682704058       -3.5292644327364875        22.579788303232935     
   132.40181689291600        9.9927778655572581       -4.0862264243644626        26.666014727597396     
   137.24259046611419        9.9913329598082683       -4.7339648295415522        31.399979557138948     
   142.37381045370427        9.9895839823484565       -5.4857139534996309        36.885693510638582     
   147.81290364054973        9.9874690373152664       -6.3560036082611822        43.241697118899765     
   153.57834241860593        9.9849151308170665       -7.3605911673232853        50.602288286223050     
   159.68970752334550        9.9818367552558733       -8.5163290943709402        59.118617380593989     
   166.16775453436946        9.9781344763949065       -9.8409583780935872        68.959575758687578     
   173.03448436605484        9.9736935838463587       -11.352821065524196        80.312396824211774     
   180.31321798764137        9.9683828778264232       -13.070489084146319        93.382885908358091     
   188.02867562652307        9.9620536749523403       -15.012311595971669        108.39519750432976     
   196.20706072373767        9.9545391221574082       -17.195888924433774        125.59108642876353     
   204.87614892678516        9.9456539090396898       -19.637487396024163        145.22857382478770     
   214.06538242201549        9.9351944633266687       -22.351416496208433        167.57999032099613     
   223.80596992695965        9.9229396986633844       -25.349398671836770        192.92938899283291     
   234.13099268220046        9.9086523536921813       -28.639974569040241        221.56936356187316     
   245.07551680275571        9.8920809092167801       -32.228003832817812        253.79736739469098     
   256.67671237054429        9.8729619861859046       -36.114345189260092        289.91171258395104     
   268.97397967240016        9.8510229951151889       -40.295833795171283        330.20754637912233     
   282.00908301236740        9.8259845922465416       -44.765734314425465        374.97328069354779     
   286.53670623455429        9.8170767940091714       -46.321570662125552        421.29485135567336     
   291.33598685007240        9.8074026127997822       -47.973014528251937        469.26786588392531     
   296.42322430252159        9.7968935953964547       -49.724535916103328        518.99240180002869     
   301.81569600211776        9.7854756734299109       -51.580588380065478        570.57299018009417     
   307.53171600368967        9.7730688416733127       -53.545584854860600        624.11857503495480     
   313.59069720535592        9.7595868318269794       -55.623874159388556        679.74244919434341     
   320.01321727912210        9.7449367873743942       -57.819713896384563        737.56216309072795     
   326.82108855731428        9.7290189461664642       -60.137234675196495        797.69939776592446     
   334.03743211219796        9.7117263427745115       -62.580388863062410        860.27978662898681     
   341.68675628037471        9.6929445498945448       -65.152875985479739        925.43266261446661     
   349.79503989864202        9.6725514867684108       -67.858036839285518        993.29069945375215     
   358.38982053400537        9.6504173318895372       -70.698709612131850        1063.9894090658840     
   367.50028800749055        9.6264045860293876       -73.677043864294660        1137.6664529301788     
   377.15738352938484        9.6003683385384537       -76.794271915230766        1214.4607248454097     
   387.39390478259281        9.5721567936759193       -80.050441564517385        1294.5111664099270     
   398.24461731099325        9.5416121133534677       -83.444118669009455        1377.9552850789364     
   409.74637259109772        9.5085716272444074       -86.972072607829077        1464.9273576867654     
   421.93823318800844        9.4728694494796759       -90.628962395960201        1555.5563200827255     
   434.86160542073378        9.4343385204949222       -94.407047418056592        1649.9633675007822     
   448.56037998742266        9.3928130578221793       -98.295956400185815        1748.2593239009680     
   463.08108102811286        9.3481313427785810       -102.28256283809451        1850.5418867390624     
   478.47302413124447        9.3001386811660982       -106.35103495361730        1956.8929216926797     
   494.78848382056401        9.2486902410812117       -110.48315535278184        2067.3760770454614     
   512.08287109124274        9.1936532543268381       -114.65905476286177        2182.0351318083231     
   530.41492159816221        9.1349076585000759       -118.85862783051532        2300.8937596388382     
   549.84689513549677        9.0723433473195918       -123.06422296526608        2423.9579826041045     
   570.44478708507143        9.0058527755700126       -127.26407573189297        2551.2220583359976     
   591.04267903464608        8.9393112325334823       -131.22925215409396        2682.4513104900916     
   612.87644450119524        8.8688246593326276       -135.19775348094208        2817.6490639710337     
   636.02023589573730        8.7942506016833164       -139.17135311390533        2956.8204170849390     
   660.55265477395187        8.7154407855414568       -143.14865829298424        3099.9690753779232     
   686.55701878485934        8.6322533256965137       -147.12115533662302        3247.0902307145461     
   714.12164463642125        8.5445666813529577       -151.07189794279793        3398.1621286573441     
   743.34014803907689        8.4522907540644994       -154.97700578624810        3553.1391344435920     
   774.31176164589192        8.3553732741839806       -158.80841900166459        3711.9475534452567     
   807.14167206911577        8.2538009397760455       -162.53706639886190        3874.4846198441187     
   841.94137711773305        8.1475910748049571       -166.13803612149235        4040.6226559656111     
   878.82906446926745        8.0367584790303468       -169.60267551314516        4210.2253314787558     
   917.93001306189387        7.9212787733732979       -172.94148977614435        4383.1668212549002     
   957.03096165452030        7.8077796132519826       -175.99937690571187        4559.1661981606121     
   998.47796716270432        7.6896778015725804       -178.95516969196746        4738.1213678525792     
   1042.4117930013795        7.5670276289636274       -181.76603167353005        4919.8873995261092     
   1088.9816483903751        7.4400366454745610       -184.36365772663308        5104.2510572527426     
   1138.3456951027104        7.3090422757709099       -186.68320927195788        5290.9342665247004     
   1190.6715846177858        7.1743607618537917       -188.71334224100227        5479.6476087657029     
   1246.1370275037657        7.0359629666221650       -190.56358729398278        5670.2111960596858     
   1301.6024703897456        6.9015182972999867       -192.21154788459040        5862.4227439442766     
   1360.3958398488844        6.7630547680631601       -193.77535923324700        6056.1981031775240     
   1413.3098723621092        6.6416095745935708       -195.00925600289068        6251.2073591804146     
   1469.3987468261275        6.5164726708380405       -196.08472495508352        6447.2920841354980     
   1528.8529537579871        6.3879046446275760       -196.96330183755168        6644.2553859730497     
   1591.8744131057581        6.2560845459377568       -197.65724557128607        6841.9126315443355     
   1658.6771600143954        6.1210549794209657       -198.20623845261571        7040.1188699969516     
   1729.4880717375511        5.9828210879979622       -198.63030300076090        7238.7491729977128     
   1804.5476381640960        5.8414868876430308       -198.91077229689228        7437.6599452946048     
   1884.1107785762335        5.6974736869876503       -198.96244270736301        7636.6223880019679     
   1968.4477074130994        5.5515666454263926       -198.67255982156814        7835.2949478235359     
   2057.8448519801773        5.4043644618576874       -198.05641181357856        8033.3513596371149     
   2152.6058252212797        5.2555082568612921       -197.34017589692988        8230.6915355340443     
   2253.0524568568485        5.1043856510295686       -196.63965216340543        8427.3311876974494     
   2359.5258863905515        4.9513305200660769       -195.79342762775593        8623.1246153252050     
   2465.9993159242545        4.8050352880980700       -194.84561891740654        8817.9702342426117     
   2572.4727454579574        4.6650075668522257       -193.83487919104158        9011.8051134336529     
   2685.3345807636824        4.5227888848402458       -192.77671063335737        9204.5818240670105     
   2804.9681261877508        4.3787725145637815       -191.57327050244984        9396.1550945694598     
   2931.7796843372635        4.2335776648135157       -190.16153417919662        9586.3166287486565     
   3066.1999359757469        4.0882403921712402       -188.44042045494328        9774.7570492035993     
   3208.6854027125391        3.9427910786424398       -186.56564072599738        9961.3226899295969     
   3359.7199974535392        3.7957146741542518       -184.85095621750577        10146.173646147103     
   3519.8166678789989        3.6468921067151525       -183.15340771344844        10329.327053860552     
   3679.9133383044586        3.5055128235574138       -181.36096506841028        10510.688018928962     
   3807.9906746448264        3.3971622696130854       -179.86850483048696        10690.556523759449     
   3943.7526511656165        3.2861782807746263       -178.49091863795076        10869.047442397399     
   4079.5146276864066        3.1802902959420960       -176.89864438421932        11045.946086781618     
   4223.4223227984439        3.0740208380263025       -175.05273410154854        11220.998820883166     
   4375.9644796172033        2.9674680487214977       -173.06625167165677        11394.065072554822     
   4537.6591658450889        2.8590042028886096       -171.26524751251407        11565.330320067336     
   4709.0555332466474        2.7490035207148469       -169.41771659091350        11734.748036658249     
   4890.7356826922996        2.6400791818656373       -167.12735520793220        11901.875391866182     
   5083.3166411046905        2.5307682041398740       -164.91116450459873        12066.786556370782     
   5283.3166411046905        2.4205327065425535       -163.11041225816336        12229.896968628946     
   5483.3166411046905        2.3125441585705611       -161.63344912470055        12391.530417753645     
   5683.3166411046905        2.2121636244048748       -159.50275015803766        12551.033167911683     
   5883.3166411046905        2.1182140344195308       -157.33074810760570        12708.363916019289     
   6083.3166411046905        2.0256729640145541       -155.82223836120232        12864.186154380492     
   6283.3166411046905        1.9366735446530505       -154.20131313807431        13018.387467518565     
   6483.3166411046905        1.8562783068396729       -151.81494821785850        13170.202415736423     
   6683.3166411046905        1.7807632995810736       -149.69347541319488        13319.895891149617     
   6883.3166411046905        1.7066914932228894       -148.07774424647735        13467.973635396094     
   7043.3166411046905        1.6476155736359126       -147.03370493562213        13615.007340331716     
   7212.9166411046908        1.5824079652740903       -146.54566449161820        13761.553004823334     
   7382.5166411046912        1.5221398108326769       -145.09124320953921        13906.644248032873     
   7562.2926411046910        1.4636969092241225       -143.26952221278779        14049.913770245661     
   7752.8552011046913        1.4048452853132145       -141.58684199934919        14191.500612245010     
   7952.8552011046913        1.3403442779137074       -140.76290507201909        14332.263517317029     
   8152.8552011046913        1.2769438511590743       -139.72566451153318        14471.989181828563     
   8352.8552011046922        1.2206711037338334       -137.79705547880710        14609.786237307369     
   8552.8552011046922        1.1683505582367339       -136.04156624355812        14745.827803550928     
   8752.8552011046922        1.1176417490282877       -134.57288716888328        14880.400690719811     
   8952.8552011046922        1.0667006164262363       -133.46596658344149        15013.866657303251     
   9152.8552011046922        1.0140684177868013       -132.73656493558104        15146.603222238833     
   9352.8552011046922       0.96375156760666458       -131.64961530719430        15278.252837546028     
   9552.8552011046922       0.91657866527842857       -130.32384766506499        15408.576685211094     
   9752.8552011046922       0.87270415160719483       -128.87975315732373        15537.456438368417     
   9952.8552011046922       0.82987241506487108       -127.68895238043977        15665.145390748858     
   10152.855201104692       0.78140373458261170       -127.57056723671617        15792.715957985574     
   10352.855201104692       0.73416334647882198       -126.88212175940740        15919.598079744981     
   10552.855201104692       0.69432161876393972       -125.15884557917401        16044.756925324155     
   10752.855201104692       0.65652139333546156       -123.91517714317739        16168.672102467332     
   10952.855201104692       0.61949908334037707       -122.82608807512668        16291.498190542457     
   11152.855201104692       0.58294111137416516       -121.85072148754837        16413.348912030007     
   11352.855201104692       0.54582210983904189       -121.09150558742812        16534.440417617436     
   11552.855201104692       0.50547639991066229       -120.81930455783881        16655.259722175273     
   11752.855201104692       0.47188592937906426       -119.41305623010678        16774.672778405380     
   11952.855201104692       0.43910961085951250       -118.41199526489974        16893.084773670278     
   12152.855201104692       0.40710868323526245       -117.47631313865259        17010.561086808932     
   12352.855201104692       0.37554836725389212       -116.62226780422523        17127.183354613157     
   12552.855201104692       0.33645054726174828       -116.99809526861598        17244.181449881773     
   12752.855201104692       0.30077096033826434       -116.30425906004882        17360.485708941822     
   12952.855201104692       0.26737952899373141       -115.47751798243421        17475.963226924257     
   13152.855201104692       0.24208402433762258       -112.60571371762983        17588.568940641886     
   13352.855201104692       0.21579661367286745       -111.80620731032499        17700.375147952211     
   13552.855201104692       0.18829709616697105       -111.19184656432012        17811.566994516532     
   13752.855201104692       0.16055391251570117       -110.59853087349777        17922.165525390028     
   13952.855201104692       0.13255258651865531       -110.09438954361933        18032.259914933646     
   14152.855201104692       0.10027185069676753       -101.96621189943738        18134.226126833084     
   14352.855201104692        7.8347978676228502E-002  -101.61294075828613        18235.839067591369     
   14552.855201104692        5.4742858349382417E-002  -101.56819789353035        18337.407265484901     
   14752.855201104692        3.0193691796067679E-002  -101.63888633573269        18439.046151820632     
   14952.855201104692        5.4868209135673363E-003  -101.88554041471740        18540.931692235350     
   15152.855201104692       -1.9104307675222865E-002  -102.45991551409605        18643.391607749447     
   15352.855201104692       -5.4437373998192207E-002  -97.449178307455711        18740.840786056902     
   15552.855201104692       -8.2138978227618675E-002  -96.471240913671778        18837.312026970572     
   15752.855201104692       -9.6013455022512073E-002  -99.338524575589616        18936.650551546161     
   15952.855201104692      -0.11533678923657237       -101.24584573585402        19037.896397282017     
   16152.855201104692      -0.13713489831945724       -103.57616394175975        19141.472561223778     
   16352.855201104692      -0.15984768812339817       -106.28761072071829        19247.760171944497     
   16552.855201104692      -0.18263384626288331       -109.79857968023079        19357.558751624729     
   16752.855201104692      -0.20527922654497516       -114.32206420959773        19471.880815834327     
   16952.855201104692      -0.21038799682865506       -123.99829034666107        19595.879106180990     
   17152.855201104692      -0.22344390086218752       -131.86251597809391        19727.741622159083     
   17352.855201104692      -0.24369374524676335       -138.12342760194298        19865.865049761025     
   17552.855201104692      -0.26401765421911866       -145.33357473963079        20011.198624500656     
   17752.855201104692      -0.28489951833087002       -153.25836836932029        20164.456992869975     
   17952.855201104692      -0.30641385053753567       -161.86600033888311        20326.322993208858     
   18152.855201104692      -0.32854263051862298       -171.19217843966138        20497.515171648520     
   18352.855201104692      -0.34405795060028121       -182.98509636271308        20680.500268011234     
   18552.855201104692      -0.36423693346727737       -193.00053138276388        20873.500799393998     
   18752.855201104692      -0.38568471881603861       -202.97533640929623        21076.476135803296     
   18952.855201104692      -0.40446370075700433       -213.50660802095231        21289.982743824246     
   19152.855201104692      -0.42626327478679094       -222.28039251948465        21512.263136343732     
   19352.855201104692      -0.44922349048309418       -230.10751200848784        21742.370648352218     
   19552.855201104692      -0.47381107832836056       -236.69295536523839        21979.063603717455     
   19752.855201104692      -0.50028508151771434       -241.97520077465026        22221.038804492106     
   19952.855201104692      -0.52888884814227333       -246.02718730383495        22467.065991795942     
   20152.855201104692      -0.55989023891522105       -248.99992468518931        22716.065916481130     
   20352.855201104692      -0.58918432595648784       -251.89736633041636        22967.963282811546     
   20552.855201104692      -0.61957659283123512       -254.05955096385057        23222.022833775398     
   20752.855201104692      -0.65213738185280279       -255.54358256506526        23477.566416340462     
   20952.855201104692      -0.68691292069532661       -256.55217571345719        23734.118592053917     
   21152.855201104692      -0.72381158087347852       -257.23567510291474        23991.354267156832     
   21352.855201104692      -0.76272673655410861       -257.68493760112426        24249.039204757955     
   21552.855201104692      -0.80361537325693899       -257.93871551978128        24506.977920277735     
   21752.855201104692      -0.84495819072047551       -258.24308531007227        24765.221005587809     
   21952.855201104692      -0.88567896777326549       -258.71478712774740        25023.935792715558     
   22152.855201104692      -0.92768869173557889       -258.89118397928178        25282.826976694840     
   22352.855201104692      -0.96974332043558165       -259.02988047540987        25541.856857170249     
   22552.855201104692       -1.0110944569051061       -259.20230249338738        25801.059159663637     
   22752.855201104692       -1.0510407171191811       -259.47317947820301        26060.532339141839     
   22952.855201104692       -1.0901922596584119       -259.64260002626605        26320.174939168104     
   23152.855201104692       -1.1278982963071984       -259.79945475348461        26579.974393921588     
   23352.855201104692       -1.1637972741592293       -259.94398856560031        26839.918382487187     
   23552.855201104692       -1.1977886996521352       -260.10327916636771        27100.021661653554     
   23752.855201104692       -1.2300123160483829       -260.24210121637469        27360.263762869930     
   23952.855201104692       -1.2594446668292882       -260.51929737519509        27620.783060245125     
   24152.855201104692       -1.2865754529679938       -260.81768417772355        27881.600744422849     
   24352.855201104692       -1.3125381076832070       -260.95665617121045        28142.557400594058     
   24552.855201104692       -1.3379993074258394       -260.91598088461313        28403.473381478670     
   24752.855201104692       -1.3634916217275175       -260.69396358279675        28664.167345061469     
   24952.855201104692       -1.3894151883575325       -260.30252426861841        28924.469869330089     
   25152.855201104692       -1.4160600237646841       -259.76004485836694        29184.229914188454     
   25352.855201104692       -1.4436360418116652       -259.08576542955160        29443.315679618005     
   25552.855201104692       -1.4717302746036007       -258.38092936290639        29701.696608980910     
   25752.855201104692       -1.4999476994615966       -257.70436190635644        29959.400970887265     
   25952.855201104692       -1.5287429322906716       -256.96127259848788        30216.362243485753     
   26152.855201104692       -1.5583189535400357       -256.14309594488918        30472.505339430641     
   26352.855201104692       -1.5883227339000332       -255.32395182541094        30727.829291256054     
   26552.855201104692       -1.6182392893458020       -254.57039888360222        30982.399690139657     
   26752.855201104692       -1.6482095301479032       -253.82305024584039        31236.222740385496     
   26952.855201104692       -1.6781071185631071       -253.09524327351019        31489.317983659006     
   27152.855201104692       -1.7077127492901756       -252.40778123680860        31741.725764895815     
   27352.855201104692       -1.7367851274635115       -251.77688627166393        31993.502651167481     
   27552.855201104692       -1.7650954019743619       -251.21234404669252        32244.714995214174     
   27752.855201104692       -1.7924881983564127       -250.71186783491342        32495.426863049088     
   27952.855201104692       -1.8182783282120503       -250.35322627797458        32745.780089327061     
   28152.855201104692       -1.8423034796518989       -250.11059506727000        32995.890684394333     
   28352.855201104692       -1.8649381253034427       -249.89388995947999        33245.784574353813     
   28552.855201104692       -1.8865302133447985       -249.66071313490852        33495.445287488721     
   28752.855201104692       -1.9074077836115721       -249.38571751314387        33744.831005001863     
   28952.855201104692       -1.9278732825201774       -249.05350182662349        33993.884506828486     
   29152.855201104692       -1.9481965030880337       -248.65568439821357        34242.540191226697     
   29352.855201104692       -1.9686105411409640       -248.18899231379336        34490.729183540490     
   29552.855201104692       -1.9893107501446119       -247.65378597473719        34738.382969515231     
   29752.855201104692       -2.0101976928522234       -247.08952476433012        34985.472494279558     
   29952.855201104692       -2.0311629614583011       -246.51946815920846        35231.991962438769     
   30152.855201104692       -2.0523519936781525       -245.92009470234632        35477.912057141119     
   30352.855201104692       -2.0739190183253431       -245.27914148974006        35723.191198630855     
   30552.855201104692       -2.0959661048039013       -244.59593181491888        35967.787130445773     
   30752.855201104692       -2.1183580676731109       -243.90183182282706        36211.688962268599     
   30952.855201104692       -2.1408628245780390       -243.22823323207771        36454.917195500675     
   31152.855201104692       -2.1635003585825801       -242.55772363624703        36697.474919136919     
   31352.855201104692       -2.1862679361375448       -241.88698961822050        36939.361908755141     
   31552.855201104692       -2.2091138313941636       -241.22128671746239        37180.583195472602     
   31752.855201104692       -2.2319455245141842       -240.56940336753536        37421.152598840134     
   31952.855201104692       -2.2546427918939309       -239.94081488737245        37661.093413727504     
   32152.855201104692       -2.2770751212687985       -239.34348270701008        37900.436896434512     
   32352.855201104692       -2.2991215447246378       -238.78210964416610        38139.219006078682     
   32552.855201104692       -2.3203632002880914       -238.30231774076253        38377.521323819441     
   32752.855201104692       -2.3405357351001452       -237.91114579457721        38615.432469614017     
   32952.855201104692       -2.3596334118851843       -237.58148094997532        38853.013950563996     
   33152.855201104692       -2.3778428278407295       -237.27324023758746        39090.287190801580     
   33352.855201104692       -2.3953460177532064       -236.96536561685016        39327.252556418433     
   33552.855201104692       -2.4123054735346607       -236.64608613746236        39563.898642555898     
   33752.855201104692       -2.4288742849941309       -236.30733523999595        39800.205977795893     
   33952.855201104692       -2.4451986910581169       -235.94312895475389        40036.149106750650     
   34152.855201104692       -2.4614167256527759       -235.54911952912832        40271.698226279776     
   34352.855201104692       -2.4776556697769250       -235.12243107574963        40506.820657355522     
   34552.855201104692       -2.4938968330943383       -234.67972098721791        40741.500378342738     
   34752.855201104692       -2.5101088581636546       -234.23137601708808        40975.731754359826     
   34952.855201104692       -2.5263534899557363       -233.77001140351533        41209.501765763343     
   35152.855201104692       -2.5427265711575702       -233.28752300976544        41442.789288773107     
   35352.855201104692       -2.5593135330410091       -232.78017019465793        41675.569458967766     
   35552.855201104692       -2.5761775137397369       -232.24776948557860        41907.817228453343     
   35752.855201104692       -2.5932629464429082       -231.70533662642433        42139.522565079766     
   35952.855201104692       -2.6104547250185486       -231.16927028121657        42370.691835360980     
   36152.855201104692       -2.6277365196922089       -230.63562553496155        42601.327460895940     
   36352.855201104692       -2.6451177573182187       -230.10031053763709        42831.427771433577     
   36552.855201104692       -2.6625987477991906       -229.56264856144318        43060.990419995018     
   36752.855201104692       -2.6801614153435218       -229.02471002139796        43290.015130016414     
   36952.855201104692       -2.6977677158270685       -228.49038287778399        43518.505512894197     
   37152.855201104692       -2.7153624093034452       -227.96444125808992        43746.469954152286     
   37352.855201104692       -2.7328787934470009       -227.45165402303317        43973.921608175318     
   37552.855201104692       -2.7502461873415127       -226.95600444439756        44200.877612619719     
   37752.855201104692       -2.7672265526696673       -226.50319908455111        44427.380811704272     
   37952.855201104692       -2.7836089779283055       -226.10569239408196        44653.486504098357     
   38152.855201104692       -2.7993080416206282       -225.75650937439175        44879.243013472747     
   38352.855201104692       -2.8143754258435196       -225.43532028337859        45104.678333756128     
   38552.855201104692       -2.8288947875318229       -225.12776717064733        45329.806100926777     
   38752.855201104692       -2.8429477237215792       -224.82525719817531        45554.631358124949     
   38952.855201104692       -2.8566130312456925       -224.52201882425786        45779.153376949209     
   39152.855201104692       -2.8699685982585939       -224.21364063872778        46003.367017587938     
   39352.855201104692       -2.8830921540373557       -223.89647972804954        46227.263497315987     
   39552.855201104692       -2.8960608564131540       -223.56745547656178        46450.830952792552     
   39752.855201104692       -2.9089500019701058       -223.22402312521555        46674.054975917767     
   39952.855201104692       -2.9218315848828622       -222.86416995568544        46896.919145873449     
   40152.855201104692       -2.9348488000862218       -222.48899151425297        47119.408137387705     
   40352.855201104692       -2.9476765596716339       -222.12084636238214        47341.528983750090     
   40552.855201104692       -2.9605327591279211       -221.74211411274689        47563.271097862838     
   40752.855201104692       -2.9735095830101628       -221.35737343270284        47784.628471295538     
   40952.855201104692       -2.9864133303645959       -220.98010481587994        48005.608576111415     
   41152.855201104692       -2.9993046585751757       -220.59918738054597        48226.207763491962     
   41352.855201104692       -3.0122589330163878       -220.20683070856157        48446.414594200527     
   41552.855201104692       -3.0252839063629544       -219.80694666966545        48666.221540870196     
   41752.855201104692       -3.0383514156798492       -219.40558645314280        48885.627127323336     
   41952.855201104692       -3.0514502099694418       -219.00379799375460        49104.630925317091     
   42152.855201104692       -3.0645887761136539       -218.59988769767421        49323.230813014765     
   42352.855201104692       -3.0777824991175597       -218.19216588208289        49541.422978896844     
   42552.855201104692       -3.0910418317285679       -217.78024655325541        49759.203225450103     
   42752.855201104692       -3.1043670681859545       -217.36506913643689        49976.568294586541     
   42952.855201104692       -3.1177468956125463       -216.94856916837165        50193.516863754914     
   43152.855201104692       -3.1311592717749721       -216.53327101793471        50410.050134772850     
   43352.855201104692       -3.1445736685291839       -216.12189724134609        50626.172032014198     
   43552.855201104692       -3.1579418149886527       -215.70750500106146        50841.879537015258     
   43752.855201104692       -3.1712704568057433       -215.30327309775396        51057.182810113016     
   43952.855201104692       -3.1844782572722261       -214.92559695361004        51272.108407066626     
   44152.855201104692       -3.1972666451958287       -214.57988142514850        51486.688288491772     
   44352.855201104692       -3.2097231758818818       -214.25639058086139        51700.944679072636     
   44552.855201104692       -3.2217943917516472       -213.95662209165440        51914.901301164289     
   44752.855201104692       -3.2334651595084622       -213.67700591842123        52128.578307082709     
   44952.855201104692       -3.2447571826504231       -213.41113274131231        52341.989439824021     
   45152.855201104692       -3.2557147787518357       -213.15257459658810        52555.142014420606     
   45352.855201104692       -3.2664744023726970       -212.89366021651222        52768.035674637118     
   45552.855201104692       -3.2769655391634367       -212.63815252584180        52980.673827162958     
   45752.855201104692       -3.2872513104967371       -212.38013896216285        53193.053966125124     
   45952.855201104692       -3.2973936738118459       -212.11583142766568        53405.169797552793     
   46152.855201104692       -3.3074478489674792       -211.84318847020185        53617.012986022994     
   46352.855201104692       -3.3174627105848451       -211.56100210861334        53828.573988131604     
   46552.855201104692       -3.3274821818298399       -211.26850574838795        54039.842493879994     
   46752.855201104692       -3.3375005049811608       -210.97111252586421        54250.813606405856     
   46952.855201104692       -3.3474970896057190       -210.67334687591668        54461.486953281776     
   47152.855201104692       -3.3574669698488155       -210.37581739577882        54671.862770677551     
   47352.855201104692       -3.3674248601898964       -210.07659789296727        54881.939368570522     
   47552.855201104692       -3.3773974469074624       -209.77313462462524        55091.712503195144     
   47752.855201104692       -3.3874149547091621       -209.46334650144496        55301.175849696592     
   47952.855201104692       -3.3974759854878021       -209.14983474582681        55510.325684442418     
   48152.855201104692       -3.4075912282322669       -208.83213275729798        55719.157817199717     
   48352.855201104692       -3.4177617443574952       -208.51120327999328        55927.669020479712     
   48552.855201104692       -3.4279710909351078       -208.18977624257445        56135.858796722285     
   48752.855201104692       -3.4382066181725639       -207.86892403394685        56343.727720756229     
   48952.855201104692       -3.4484656604839401       -207.54817095451537        56551.275891710742     
   49152.855201104692       -3.4587518252188376       -207.22660981305270        56758.502501523792     
   49352.855201104692       -3.4690695645210301       -206.90366401975857        56965.406165543551     
   49552.855201104692       -3.4794197776817222       -206.57942530311857        57171.985590846671     
   49752.855201104692       -3.4897981763264889       -206.25456145455669        57378.240152301230     
   49952.855201104692       -3.5001951584085109       -205.93013062256611        57584.170282923798     
   50152.855201104692       -3.5105965274852560       -205.60739221825642        57789.777675142053     
   50352.855201104692       -3.5209846915767740       -205.28763928763723        57995.065314429688     
   50552.855201104692       -3.5313401100683048       -204.97205982354868        58200.037374253239     
   50752.855201104692       -3.5416428312537214       -204.66162801737931        58404.699002270616     
   50952.855201104692       -3.5517650981599722       -204.36430642641329        58609.063308697027     
   51152.855201104692       -3.5617875088911113       -204.07957242140475        58813.142881118431     
   51352.855201104692       -3.5715272224987880       -203.81916754062954        59016.962048659057     
   51552.855201104692       -3.5809527526357270       -203.57931863734731        59220.541367296406     
   51752.855201104692       -3.5900732849205306       -203.35376193835913        59423.895129234763     
   51952.855201104692       -3.5989177153427696       -203.13692860767017        59627.032057842436     
   52152.855201104692       -3.6075216251281170       -202.92458614849659        59829.956643990932     
   52352.855201104692       -3.6159213262972019       -202.71381956185542        60032.670463552786     
   52552.855201104692       -3.6241515944985565       -202.50260698125945        60235.173070534045     
   52752.855201104692       -3.6322452098584872       -202.28953063416563        60437.462601168212     
   52952.855201104692       -3.6402329858130615       -202.07352999595741        60639.536131164168     
   53152.855201104692       -3.6481440402287237       -201.85376829396481        60841.389899458132     
   53352.855201104692       -3.6560059876711506       -201.62954098086826        61043.019440438999     
   53552.855201104692       -3.6638450606318669       -201.40023838996876        61244.419678828970     
   53752.855201104692       -3.6716861114345427       -201.16532619054601        61445.585005019515     
   53952.855201104692       -3.6795525676187446       -200.92434169914537        61646.509346718660     
   54152.855201104692       -3.6874391661490185       -200.68040555946294        61847.189752278122     
   54352.855201104692       -3.6953266032251690       -200.43684302061763        62047.626595298738     
   54552.855201104692       -3.7032017413659832       -200.19483190641802        62247.821427205155     
   54752.855201104692       -3.7110645722703968       -199.95361871421781        62447.775045919370     
   54952.855201104692       -3.7189259065895595       -199.71157657943598        62647.486622498807     
   55152.855201104692       -3.7268023524002665       -199.46704797842301        62846.953670477233     
   55352.855201104692       -3.7347119536255962       -199.21876188267055        63046.172432359905     
   55552.855201104692       -3.7426533830099018       -198.96826329199223        63245.140695651899     
   55752.855201104692       -3.7506292288123424       -198.71569975647790        63443.856395408373     
   55952.855201104692       -3.7586370040752231       -198.46179886206750        63642.318194270440     
   56152.855201104692       -3.7666641384219557       -198.20825702972195        63840.526451300160     
   56352.855201104692       -3.7746990464236596       -197.95596412156931        64038.482415421728     
   56552.855201104692       -3.7827368204845531       -197.70473599216245        64236.187151413891     
   56752.855201104692       -3.7907784619017013       -197.45386788464694        64433.641019298535     
   56952.855201104692       -3.7988277704446602       -197.20267071449115        64630.843690013025     
   57152.855201104692       -3.8068884989259528       -196.95074614046987        64827.794436153497     
   57352.855201104692       -3.8149626671718515       -196.69803582630865        65024.492471979807     
   57552.855201104692       -3.8230493214974777       -196.44483363708113        65220.937305616892     
   57752.855201104692       -3.8311444123958260       -196.19167520422280        65417.128980821115     
   57952.855201104692       -3.8392412107850342       -195.93922274328506        65613.068203564399     
   58152.855201104692       -3.8473309418670940       -195.68817346466830        65808.756377029073     
   58352.855201104692       -3.8554035059618799       -195.43918987658392        66004.195566905662     
   58552.855201104692       -3.8634482235369019       -195.19284726552783        66199.388414171190     
   58752.855201104692       -3.8714545651677765       -194.94959494967219        66394.338009120867     
   58952.855201104692       -3.8793777608485547       -194.71423204060079        66589.052241161466     
   59152.855201104692       -3.8871576668536276       -194.49165644758335        66783.543897609052     
   59352.855201104692       -3.8947482679850940       -194.28344672834629        66977.827344337391     
   59552.855201104692       -3.9021279785688101       -194.08817316423156        67171.915517501620     
   59752.855201104692       -3.9092963543438390       -193.90293939275986        67365.818456894383     
   59952.855201104692       -3.9162667445568422       -193.72461996321377        67559.543076857604     
   60152.855201104692       -3.9230597442799198       -193.55049485924701        67753.093571716847     
   60352.855201104692       -3.9296987573623916       -193.37844392227385        67946.472015639127     
   60552.855201104692       -3.9362076150053156       -193.20689241122085        68139.678908050351     
   60752.855201104692       -3.9426091757322013       -193.03472171099480        68332.713629761347     
   60952.855201104692       -3.9489247616472274       -192.86114772219381        68525.574777483547     
   61152.855201104692       -3.9551741749957525       -192.68559622059644        68718.260373704150     
   61352.855201104692       -3.9613758710261262       -192.50761811344435        68910.767991817600     
   61552.855201104692       -3.9675471325165348       -192.32683913196379        69103.094830949558     
   61752.855201104692       -3.9737042025723062       -192.14293239766852        69295.237763347221     
   61952.855201104692       -3.9798623679192819       -191.95560529666625        69487.193368643886     
   62152.855201104692       -3.9860359992123136       -191.76459468553378        69678.957963329420     
   62352.855201104692       -3.9922385617031826       -191.56966619362754        69870.527629523043     
   62552.855201104692       -3.9984664859932995       -191.37267640879236        70061.900305931835     
   62752.855201104692       -4.0047047953709560       -191.17598760613470        70253.076293537975     
   62952.855201104692       -4.0109396334189302       -190.98085964604192        70444.057153184011     
   63152.855201104692       -4.0171648918104443       -190.78722927763977        70634.844382461655     
   63352.855201104692       -4.0233826664121555       -190.59421213680659        70825.438594598469     
   63552.855201104692       -4.0296008117932924       -190.40066225172296        71015.839256850188     
   63752.855201104692       -4.0358300460628032       -190.20553588597235        71206.044792736153     
   63952.855201104692       -4.0420816677104296       -190.00805395005790        71396.052846686216     
   64152.855201104692       -4.0483660883490948       -189.80773311229314        71585.860579798507     
   64352.855201104692       -4.0546807094427022       -189.60579801806944        71775.466377816570     
   64552.855201104692       -4.0610228697213238       -189.40282382277090        71964.869201639347     
   64752.855201104692       -4.0673867840714690       -189.19955901634455        72154.068760655689     
   64952.855201104692       -4.0737605702164892       -188.99725509293589        72343.066015748627     
   65152.855201104692       -4.0801323627024919       -188.79671488790996        72531.862730636538     
   65352.855201104692       -4.0864948913947936       -188.59797382046833        72720.460704457000     
   65552.855201104685       -4.0928460601459804       -188.40055633150709        72908.861260788501     
   65752.855201104685       -4.0991873291623389       -188.20384000703530        73097.065100795531     
   65952.855201104685       -4.1055216853095384       -188.00730419968224        73285.072404995211     
   66152.855201104685       -4.1118520400671237       -187.81063851428235        73472.883043509501     
   66352.855201104685       -4.1181802528981404       -187.61375426196710        73660.496797771470     
   66552.855201104685       -4.1245068135972005       -187.41673090516906        73847.913528676640     
   66752.855201104685       -4.1308305448470755       -187.21979737198617        74035.133326048628     
   66952.855201104685       -4.1371487116800321       -187.02327485192762        74222.156600900562     
   67152.855201104685       -4.1434573505190668       -186.82751941422649        74408.984120314795     
   67352.855201104685       -4.1497516635304006       -186.63287909150552        74595.616999406295     
   67552.855201104685       -4.1560264152903095       -186.43966414740188        74782.056663553696     
   67752.855201104685       -4.1622763096021247       -186.24812674109305        74968.304790294787     
   67952.855201104685       -4.1684963372460739       -186.05844719887992        75154.363237493671     
   68152.855201104685       -4.1746607204962052       -185.87344234940991        75340.236679843088     
   68352.855201104685       -4.1807302660464032       -185.69651999829080        75525.933199841384     
   68552.855201104685       -4.1866703733900179       -185.52939029599634        75711.462590137380     
   68752.855201104685       -4.1924606802653406       -185.37174650148066        75896.834336638858     
   68952.855201104685       -4.1980957045652261       -185.22199727171824        76082.056333910572     
   69152.855201104685       -4.2035812421856917       -185.07808262909390        76267.134416539673     
   69352.855201104685       -4.2089300548397128       -184.93801156013041        76452.072428099797     
   69552.855201104685       -4.2141583795293114       -184.80011297082800        76636.872541070625     
   69752.855201104685       -4.2192835827249793       -184.66309684412212        76821.535637914742     
   69952.855201104685       -4.2243227866454998       -184.52601823757328        77006.061656152320     
   70152.855201104685       -4.2292921774439591       -184.38820529946875        77190.449861451794     
   70352.855201104685       -4.2342067756196560       -184.24917942441584        77374.699040876207     
   70552.855201104685       -4.2390804395464343       -184.10858929069644        77558.807630166906     
   70752.855201104685       -4.2439258121573395       -183.96618271633920        77742.773812883242     
   70952.855201104685       -4.2487544379821678       -183.82176805168325        77926.595580934925     
   71152.855201104685       -4.2535769200328968       -183.67518650625996        78110.270767441179     
   71352.855201104685       -4.2584030486315116       -183.52629768572601        78293.797065126899     
   71552.855201104685       -4.2632418930054090       -183.37497342160515        78477.172038548510     
   71752.855201104685       -4.2681018634423475       -183.22109583385452        78660.393134382364     
   71952.855201104685       -4.2729907536511842       -183.06455723635665        78843.457691618722     
   72152.855201104685       -4.2779157717396874       -182.90526055113952        79026.362952169860     
   72352.855201104685       -4.2828735091281604       -182.74439420657808        79209.107346376433     
   72552.855201104685       -4.2878512716401431       -182.58373162215548        79391.691077998592     
   72752.855201104685       -4.2928348898010080       -182.42452425563562        79574.115602254227     
   72952.855201104685       -4.2978145701109636       -182.26710745888818        79756.382709713114     
   73152.855201104685       -4.3027866978600677       -182.11108922573717        79938.493798938856     
   73352.855201104685       -4.3077529530819945       -181.95571572190414        80120.449514660766     
   73552.855201104685       -4.3127184723519933       -181.80017157985907        80302.249686240626     
   73752.855201104685       -4.3176900692010722       -181.64375452344240        80483.893440764063     
   73952.855201104685       -4.3226748930948666       -181.48594603533803        80665.379386799395     
   74152.855201104685       -4.3276795638185961       -181.32641811126967        80846.705804910671     
   74352.855201104685       -4.3327026233318975       -181.16590303678549        81027.871707947459     
   74552.855201104685       -4.3377412498985164       -181.00490622361338        81208.876614171066     
   74752.855201104685       -4.3427903552062785       -180.84401516330831        81389.720629334377     
   74952.855201104685       -4.3478409299554412       -180.68410475427143        81570.404734088646     
   75152.855201104685       -4.3528834014302422       -180.52582259405440        81750.930556682695     
   75352.855201104685       -4.3579109828094094       -180.36931082910056        81931.299867511800     
   75552.855201104685       -4.3629207570375765       -180.21429326582964        82111.514160777631     
   75752.855201104685       -4.3679130430257462       -180.06029752510008        82291.574458302726     
   75952.855201104685       -4.3728901232788848       -179.90684581755971        82471.481304120287     
   76152.855201104685       -4.3778550262264373       -179.75356466456495        82651.234868784857     
   76352.855201104685       -4.3828106335775345       -179.60022450683425        82830.835093291695     
   76552.855201104685       -4.3877591407449072       -179.44673561608411        83010.281828907784     
   76752.855201104685       -4.3927018029874869       -179.29312289946284        83189.574951807241     
   76952.855201104685       -4.3976388821140286       -179.13949406510193        83368.714445872349     
   77152.855201104685       -4.4025698157907049       -178.98599684325421        83547.700442715606     
   77352.855201104685       -4.4074932584553608       -178.83281115877105        83726.533253874382     
   77552.855201104685       -4.4124072172349216       -178.68013032775153        83905.213384202129     
   77752.855201104685       -4.4173092599800450       -178.52813999829320        84083.741524200421     
   77952.855201104685       -4.4221967352690834       -178.37700250151971        84262.118526701946     
   78152.855201104685       -4.4270669759398702       -178.22684701667873        84440.345373718621     
   78352.855201104685       -4.4319174788520614       -178.07776382132678        84618.423137539954     
   78552.855201104685       -4.4367460609529186       -177.92980112230106        84796.352938662254     
   78752.855201104685       -4.4415377867773209       -177.78463004599462        84974.137568708247     
   78952.855201104685       -4.4462669952370604       -177.64460354364272        85151.782172251886     
   79152.855201104685       -4.4509079995362324       -177.51127317556083        85329.293445427451     
   79352.855201104685       -4.4554428696635560       -177.38489298713756        85506.678338414582     
   79552.855201104685       -4.4598637201772444       -177.26469366018856        85683.943032074763     
   79752.855201104685       -4.4641714466104974       -177.14937689013527        85861.092408964905     
   79952.855201104685       -4.4683731673915474       -177.03752341383407        86038.129932378739     
   80152.855201104685       -4.4724797044110112       -176.92783652886359        86215.057768907602     
   80352.855201104685       -4.4765036238173845       -176.81924735397357        86391.877016261569     
   80552.855201104685       -4.4804579106567655       -176.71093250739759        86568.587948768967     
   80752.855201104685       -4.4843551698889499       -176.60228708831193        86745.190235857284     
   80952.855201104685       -4.4882072053589859       -176.49288106060195        86921.683116917891     
   81152.855201104685       -4.4920248449129376       -176.38241458930054        87098.065531507193     
   81352.855201104685       -4.4958179124241910       -176.27067949255311        87274.336210999740     
   81552.855201104685       -4.4995952787305207       -176.15752909654952        87450.493740096295     
   81752.855201104685       -4.5033649817412087       -176.04285204692502        87626.536592143224     
   81952.855201104685       -4.5071343214302875       -175.92655920241828        87802.463151345641     
   82152.855201104685       -4.5109098923386792       -175.80858199118626        87978.271733336820     
   82352.855201104685       -4.5146976539299555       -175.68886509020297        88153.960598427017     
   82552.855201104685       -4.5185030119117968       -175.56736008231985        88329.527958509338     
   82752.855201104685       -4.5223308869717194       -175.44402237052191        88504.971980879855     
   82952.855201104685       -4.5261857674825565       -175.31881027915432        88680.290791159015     
   83152.855201104685       -4.5300717502728274       -175.19168506362851        88855.482476222649     
   83352.855201104685       -4.5339925741389822       -175.06261108792796        89030.545087310573     
   83552.855201104685       -4.5379454070031482       -174.93234154836767        89205.477428858940     
   83752.855201104685       -4.5419203850883783       -174.80215018108555        89380.279579040027     
   83952.855201104685       -4.5459051725421826       -174.67311852592695        89554.952697565954     
   84152.855201104685       -4.5498894514628097       -174.54574647307163        89729.498444039025     
   84352.855201104685       -4.5538670962615564       -174.41996386774852        89903.918407906778     
   84552.855201104685       -4.5578362961001710       -174.29533327166547        90078.213741178450     
   84752.855201104685       -4.5617986083909106       -174.17126759024515        90252.385008768688     
   84952.855201104685       -4.5657577060059849       -174.04718966234262        90426.432198431037     
   85152.855201104685       -4.5697182680893045       -173.92261868099493        90600.354817112035     
   85352.855201104685       -4.5736851652200388       -173.79720097728057        90774.152018089313     
   85552.855201104685       -4.5776629318405426       -173.67070802297582        90947.822726112296     
   85752.855201104685       -4.5816554637028704       -173.54301908781252        91121.365745200106     
   85952.855201104685       -4.5856613457830928       -173.41466826772790        91294.780413467830     
   86152.855201104685       -4.5896773841064835       -173.28613512246611        91468.066548590301     
   86352.855201104685       -4.5936985933153593       -173.15793489774191        91641.224483488040     
   86552.855201104685       -4.5977173285642401       -173.03074305900682        91814.255226547044     
