 #              _____________________  _______________________             #
 #              ___  __ \__  __ \_  / / /_  /___  ____/_  ___/             #
 #              __  / / /_  /_/ /  / / /_  __/_  __/  _____ \              #
 #              _  /_/ /_  _, _// /_/ / / /_ _  /___  ____/ /              #
 #              /_____/ /_/ |_| \____/  \__/ /_____/  /____/               #
 #                                                                         #
  
 #        time                      T            heat flux [W.L-2]   in    x              directions   cumulative flux
 #-----------------------------------------------------------------------------------------------

   0.0000000000000000        10.000000000000000       -0.0000000000000000        0.0000000000000000     
   1.0000000000000000        9.4274556195231192       -176.56559877024213        176.56559877024213     
   1.9540000000000002        8.9268228575785731       -326.21858678896587        502.78418555920803     
   2.8641160000000001        8.4866162678494277       -453.71419706435529        956.49838262356332     
   3.8288389600000006        8.0564561600989109       -574.01002658813536        1530.5084092116986     
   4.8514452976000007        7.6372509786700205       -686.74125638408759        2217.2496655957862     
   5.9354080154560007        7.2297753673621896       -791.61925239327184        3008.8689179890580     
   7.0844084963833609        6.8346566279220111       -888.43734976985286        3897.3062677589110     
   8.3023490061663630        6.4523644068963950       -977.07484324310008        4874.3811110020106     
   9.5933659465363448        6.0832041517021880       -1057.4989375572127        5931.8800485592237     
   10.961843903328527        5.7273147559138806       -1129.7644800332050        7061.6445285924292     
   12.412430537528239        5.3846706560514592       -1194.0113830824525        8255.6559116748813     
   13.950052369779934        5.0550884533380165       -1250.4597446559396        9506.1156563308214     
   15.579931511966731        4.7382379232733456       -1299.4027839860960        10805.518440316917     
   17.307603402684734        4.4336570559762167       -1341.1978218198244        12146.716262136741     
   19.138935606845820        4.1407705562119057       -1376.2556406950616        13522.971902831803     
   21.080147743256571        3.8589110404451539       -1405.0286531292143        14928.000555961018     
   23.137832607851966        3.5873420157200790       -1427.9983755297092        16355.998931490727     
   25.318978564323086        3.3252816264549843       -1445.6627460075506        17801.661677498276     
   27.630993278182473        3.0719261215088207       -1458.5238299571190        19260.185507455393     
   30.081728874873424        2.8264720309902649       -1467.0764260429876        20727.261933498379     
   32.679508607365833        2.5881361495929305       -1471.7980183520322        22199.059951850410     
   35.433155123807786        2.3561725930797670       -1473.1404228059414        23672.200374656350     
   38.352020431236255        2.1298864125782959       -1471.5233557033346        25143.723730359685     
   41.446017657110431        1.9086434979119160       -1467.3300202463611        26611.053750606046     
   44.725654716537058        1.6918767534157566       -1460.9046752350794        28071.958425841127     
   48.202069999529286        1.4790887642533619       -1452.5520308045657        29524.510456645694     
   51.887070199501046        1.2698513673284211       -1442.5382195274490        30967.048676173144     
   55.793170411471110        1.0638026827699221       -1431.0930248528773        32398.141701026023     
   59.933636636159378       0.86064224100126863       -1418.4130163036677        33816.554717329687     
   64.322530834328944       0.66012485580740066       -1404.6652415596900        35221.219958889378     
   68.974758684388689       0.46205385230276663       -1389.9911551582718        36611.211114047648     
   73.906120205452012       0.26627417294902822       -1374.5105147807938        37985.721628828440     
   79.133363417779137        7.2665771042846883E-002  -1358.3250401071100        39344.046668935553     
   84.674241222845893      -0.11886242346586373       -1393.4073604150121        40737.454029350563     
   90.547571696216650      -0.30837780089735345       -1380.5239387889508        42117.977968139516     
   96.773301997989648      -0.49592857005393887       -1320.3080166686723        43438.285984808186     
   99.476364677492242      -0.56726205384596207       -1310.8169606943113        44749.102945502498     
   102.34161111776500      -0.54669334339530651       -1275.3582921779650        46024.461237680465     
   105.37877234445412      -0.53158809606636470       -1242.9244060739666        47267.385643754431     
   108.59816324474458      -0.52102194333209551       -1212.8745591953909        48480.260202949823     
   112.01071759905247      -0.51403701155356529       -1184.6725740817431        49664.932777031565     
   115.62802521461883      -0.50982870517956180       -1157.9342735635441        50822.867050595109     
   119.46237128711918      -0.50777637003692022       -1132.3953721260364        51955.262422721142     
   123.52677812396955      -0.50743311509383415       -1107.8816413024326        53063.144064023574     
   127.83504937103093      -0.50849732550444493       -1084.2846225603735        54147.428686583946     
   132.40181689291600      -0.51078558279190478       -1061.5456561958604        55208.974342779809     
   137.24259046611419      -0.51421265828745544       -1039.6467778579029        56248.621120637712     
   142.37381045370427      -0.51878006970911705       -1018.6070315133694        57267.228152151081     
   147.81290364054973      -0.52457372831436944       -998.48352737129471        58265.711679522377     
   153.57834241860593      -0.53177148570385879       -979.37736702337872        59245.089046545756     
   159.68970752334550      -0.54066200158968236       -961.44513928886499        60206.534185834622     
   166.16775453436946      -0.55167635986931018       -944.91662320179944        61151.450809036418     
   173.03448436605484      -0.56543103993689647       -930.11713727271217        62081.567946309129     
   180.31321798764137      -0.58276962497379625       -917.48458151345687        62999.052527822583     
   188.02867562652307      -0.60476093202667636       -907.54884308242163        63906.601370905002     
   196.20706072373767      -0.63256330138999373       -900.80356623839248        64807.404937143394     
   204.87614892678516      -0.66708009359615150       -897.40531884874770        65704.810255992139     
   214.06538242201549      -0.70863004571164923       -896.84669183868516        66601.656947830823     
   223.80596992695965      -0.75730315255922920       -898.07206114780729        67499.729008978626     
   234.13099268220046      -0.81425858265299556       -900.17565307084112        68399.904662049463     
   245.07551680275571      -0.88344161888821382       -903.14603697422308        69303.050699023690     
   256.67671237054429      -0.97412723161541948       -908.58111687813289        70211.631815901826     
   268.97397967240016       -1.1064714806902662       -921.13042731352459        71132.762243215344     
   282.00908301236740       -1.3230054824198749       -949.94938486130343        72082.711628076650     
   286.53670623455429       -1.4034106005130271       -959.77495581712708        73042.486583893769     
   291.33598685007240       -1.3866002687645604       -937.11623824976380        73979.602822143526     
   296.42322430252159       -1.3686012132388758       -914.68564981234897        74894.288471955879     
   301.81569600211776       -1.3501988882801681       -892.81425695705150        75787.102728912927     
   307.53171600368967       -1.3320437462259691       -871.77483662306736        76658.877565535993     
   313.59069720535592       -1.3146874624896236       -851.79991764029216        77510.677483176289     
   320.01321727912210       -1.2986161056006926       -833.09826202656268        78343.775745202845     
   326.82108855731428       -1.2842807985025015       -815.87017920361779        79159.645924406461     
   334.03743211219796       -1.2721269407941505       -800.32221327251204        79959.968137678967     
   341.68675628037471       -1.2626231405624389       -786.68165898099915        80746.649796659971     
   349.79503989864202       -1.2562906886477638       -775.21101464294020        81521.860811302904     
   358.38982053400537       -1.2537334478315882       -766.22167204606717        82288.082483348975     
   367.50028800749055       -1.2556658142200234       -760.08447103690287        83048.166954385873     
   377.15738352938484       -1.2629319090224989       -757.23160794546413        83805.398562331335     
   387.39390478259281       -1.2765013322517342       -758.13935151709984        84563.537913848428     
   398.24461731099325       -1.2974167674092529       -763.27537266062109        85326.813286509045     
   409.74637259109772       -1.3266658132032367       -772.99497447198735        86099.808260981037     
   421.93823318800844       -1.3649506091931849       -787.38332104725305        86887.191582028288     
   434.86160542073378       -1.4125297584912806       -806.13044451565315        87693.322026543945     
   448.56037998742266       -1.4692876099504928       -828.55103883573986        88521.873065379681     
   463.08108102811286       -1.5351885009045905       -853.79025854470660        89375.663323924382     
   478.47302413124447       -1.6111250008305544       -881.13221190322292        90256.795535827609     
   494.78848382056401       -1.7000566028826265       -910.22416871997723        91167.019704547580     
   512.08287109124274       -1.8086577751695334       -941.10335515377585        92108.123059701349     
   530.41492159816221       -1.9502054339651811       -973.95329507445160        93082.076354775796     
   549.84689513549677       -2.1495671243853733       -1008.4690058366755        94090.545360612465     
   570.44478708507143       -2.2037592343201280       -981.54051785379829        95072.085878466256     
   591.04267903464608       -2.2642481708829649       -977.29867704804838        96049.384555514305     
   612.87644450119524       -2.3749024732136381       -1003.8528018406979        97053.237357354999     
   636.02023589573730       -2.5191752072427303       -1046.1574842382920        98099.394841593297     
   660.55265477395187       -2.6704153240317159       -1102.8805178599364        99202.275359453241     
   686.55701878485934       -2.8050550136657924       -1149.4072022010619        100351.68256165431     
   714.12164463642125       -2.9122329279908552       -1178.1413992060136        101529.82396086032     
   743.34014803907689       -3.0005919542517652       -1195.0440556870763        102724.86801654739     
   774.31176164589192       -3.0744483889916374       -1200.1334486299058        103925.00146517729     
   807.14167206911577       -3.1433690393578062       -1194.7451357373632        105119.74660091466     
   841.94137711773305       -3.2187445182975272       -1181.8405165505972        106301.58711746526     
   878.82906446926745       -3.3133223486818686       -1162.6362816218907        107464.22339908715     
   917.93001306189387       -3.3654734161394773       -1161.2838066812665        108625.50720576842     
   957.03096165452030       -3.3952475086241281       -1155.5483200575113        109781.05552582593     
   998.47796716270432       -3.4248576964464634       -1144.3353912178961        110925.39091704383     
   1042.4117930013795       -3.4697828734819578       -1128.5892424088963        112053.98015945272     
   1088.9816483903751       -3.5404522940026841       -1109.4922942697074        113163.47245372242     
   1138.3456951027104       -3.6405263545360418       -1088.5738155690124        114252.04626929143     
   1190.6715846177858       -3.7747622419274136       -1064.4554039418515        115316.50167323329     
   1246.1370275037657       -3.8633987136412777       -1046.2340216847422        116362.73569491802     
   1301.6024703897456       -3.9743510237719755       -1021.5468881576537        117384.28258307568     
   1360.3958398488844       -4.1070808408260300       -997.81275607451732        118382.09533915020     
   1413.3098723621092       -4.2413601323371974       -968.99116063233851        119351.08649978254     
   1469.3987468261275       -4.3708154722454946       -947.78980332623098        120298.87630310877     
   1528.8529537579871       -4.4806557688678810       -929.58916675223918        121228.46546986101     
   1591.8744131057581       -4.5777750206209262       -913.37157560140827        122141.83704546242     
   1658.6771600143954       -4.6488026072350772       -900.27548280838607        123042.11252827081     
   1729.4880717375511       -4.6991539681221175       -890.99577639293022        123933.10830466374     
   1804.5476381640960       -4.7371785909882025       -883.95948298527526        124817.06778764901     
   1884.1107785762335       -4.7761156028213811       -877.64441526284429        125694.71220291185     
   1968.4477074130994       -4.8326581020261266       -869.68133414945078        126564.39353706130     
   2057.8448519801773       -4.9011703020498274       -859.14493433065866        127423.53847139196     
   2152.6058252212797       -4.9764767925973228       -847.24892619638081        128270.78739758834     
   2253.0524568568485       -5.0552045590277128       -834.52124800519766        129105.30864559354     
   2359.5258863905515       -5.1710814379809005       -819.05592388200887        129924.36456947555     
   2465.9993159242545       -5.2943665221428491       -798.89217262413115        130723.25674209968     
   2572.4727454579574       -5.4147251540939809       -778.47661672436061        131501.73335882404     
   2685.3345807636824       -5.5091045137879826       -760.04125157053545        132261.77461039458     
   2804.9681261877508       -5.5734267449348671       -746.19196421640356        133007.96657461100     
   2931.7796843372635       -5.6224392899527693       -736.36825219470416        133744.33482680569     
   3066.1999359757469       -5.6723788719070196       -728.26538146650239        134472.60020827220     
   3208.6854027125391       -5.7257080568490464       -719.81410764039356        135192.41431591258     
   3359.7199974535392       -5.7881411607768358       -710.60895382654212        135903.02326973912     
   3519.8166678789989       -5.8624573253104781       -699.76935688798892        136602.79262662711     
   3679.9133383044586       -5.9596699452316964       -686.37258366276944        137289.16521028988     
   3807.9906746448264       -6.0356971095918830       -670.17136788562539        137959.33657817551     
   3943.7526511656165       -6.1187602657724875       -657.28708984229343        138616.62366801780     
   4079.5146276864066       -6.1750941767185896       -644.62990940359725        139261.25357742139     
   4223.4223227984439       -6.2248007958324649       -635.61766647143361        139896.87124389282     
   4375.9644796172033       -6.2655431595320037       -627.78331263634539        140524.65455652916     
   4537.6591658450889       -6.3019010274806622       -621.20664197218355        141145.86119850134     
   4709.0555332466474       -6.3412891998671750       -615.11182079749881        141760.97301929884     
   4890.7356826922996       -6.3855560036307981       -608.42248169564641        142369.39550099449     
   5083.3166411046905       -6.4391920995328968       -600.81956725108262        142970.21506824557     
   5283.3166411046905       -6.5126770461617340       -591.28399441092211        143561.49906265648     
   5483.3166411046905       -6.5807004619486626       -579.14130062665095        144140.64036328314     
   5683.3166411046905       -6.6435498283613894       -567.95983169180852        144708.60019497495     
   5883.3166411046905       -6.6920020819655281       -557.87234283601686        145266.47253781097     
   6083.3166411046905       -6.7291030488046939       -550.09873094136697        145816.57126875233     
   6283.3166411046905       -6.7599644885487908       -544.09581479178746        146360.66708354413     
   6483.3166411046905       -6.7890713572802666       -538.99133122455919        146899.65841476870     
   6683.3166411046905       -6.8193189089949255       -534.09735499626731        147433.75576976498     
   6883.3166411046905       -6.8526025811335458       -528.95640920766323        147962.71217897264     
   7043.3166411046905       -6.8777732357285188       -523.44949247513171        148486.16167144777     
   7212.9166411046908       -6.9152355304072719       -518.85619696052197        149005.01786840829     
   7382.5166411046912       -6.9499458420472902       -512.71245754860797        149517.73032595689     
   7562.2926411046910       -6.9906723835875244       -506.78666679953903        150024.51699275643     
   7752.8552011046913       -7.0286434822295210       -500.14427863199887        150524.66127138844     
   7952.8552011046913       -7.0625683501068721       -493.97083437610991        151018.63210576455     
   8152.8552011046913       -7.0888439194247201       -488.53294238763027        151507.16504815218     
   8352.8552011046922       -7.1118973577839135       -484.23992260911029        151991.40497076130     
   8552.8552011046922       -7.1325501573095273       -480.46420236542122        152471.86917312673     
   8752.8552011046922       -7.1533749840644774       -477.01271178321696        152948.88188490996     
   8952.8552011046922       -7.1752191255794928       -473.50800935099568        153422.38989426097     
   9152.8552011046922       -7.1983881558632232       -469.82301425827575        153892.21290851923     
   9352.8552011046922       -7.2221101273290440       -465.93722510366172        154358.15013362290     
   9552.8552011046922       -7.2486469717257727       -461.90507582927273        154820.05520945217     
   9752.8552011046922       -7.2765204067504046       -457.43919544789082        155277.49440490006     
   9952.8552011046922       -7.3049692134833535       -452.77075728722463        155730.26516218728     
   10152.855201104692       -7.3314378993651950       -448.07792182717469        156178.34308401446     
   10352.855201104692       -7.3549583805550736       -443.74704936291533        156622.09013337738     
   10552.855201104692       -7.3752493740313030       -439.91528031530800        157062.00541369268     
   10752.855201104692       -7.3930500064458533       -436.60276546803868        157498.60817916071     
   10952.855201104692       -7.4092065513448784       -433.68104569890312        157932.28922485962     
   11152.855201104692       -7.4247440711383410       -431.00429631561246        158363.29352117522     
   11352.855201104692       -7.4404704023027319       -428.40767702525051        158791.70119820046     
   11552.855201104692       -7.4564964674230652       -425.77534898895385        159217.47654718941     
   11752.855201104692       -7.4727658953570693       -423.09644421522131        159640.57299140462     
   11952.855201104692       -7.4897211051422783       -420.36421433654766        160060.93720574118     
   12152.855201104692       -7.5077119305444269       -417.50775407882054        160478.44495982002     
   12352.855201104692       -7.5268279257203368       -414.47580237955810        160892.92076219956     
   12552.855201104692       -7.5463949249765623       -411.27440630046982        161304.19516850004     
   12752.855201104692       -7.5654522159084241       -408.02600605961231        161712.22117455964     
   12952.855201104692       -7.5835636268918165       -404.87486089889916        162117.09603545855     
   13152.855201104692       -7.6001933872189191       -401.89649243091191        162518.99252788947     
   13352.855201104692       -7.6152806537718858       -399.16779974822714        162918.16032763768     
   13552.855201104692       -7.6289692940744089       -396.69207473939372        163314.85240237709     
   13752.855201104692       -7.6416611498823546       -394.43827653260610        163709.29067890969     
   13952.855201104692       -7.6538075266088583       -392.33793651231019        164101.62861542200     
   14152.855201104692       -7.6655922876781606       -390.32283293828215        164491.95144836028     
   14352.855201104692       -7.6771932312270170       -388.36379881707438        164880.31524717735     
   14552.855201104692       -7.6888247893801980       -386.42907409203673        165266.74432126939     
   14752.855201104692       -7.7007616189679977       -384.48159099933270        165651.22591226871     
   14952.855201104692       -7.7132421701082663       -382.47657304062159        166033.70248530933     
   15152.855201104692       -7.7264468926236773       -380.37584660351627        166414.07833191284     
   15352.855201104692       -7.7402445981791068       -378.15776927741149        166792.23610119024     
   15552.855201104692       -7.7542432869383990       -375.85226549378513        167168.08836668404     
   15752.855201104692       -7.7681342126966655       -373.52171891823741        167541.61008560227     
   15952.855201104692       -7.7815877733306653       -371.21854183142159        167912.82862743369     
   16152.855201104692       -7.7943701725103383       -368.99508820377298        168281.82371563747     
   16352.855201104692       -7.8063721503682615       -366.88651024832353        168648.71022588579     
   16552.855201104692       -7.8175852936640764       -364.90832800062520        169013.61855388642     
   16752.855201104692       -7.8280972423656969       -363.05922360776083        169376.67777749419     
   16952.855201104692       -7.8379349178102524       -361.32605119201503        169738.00382868620     
   17152.855201104692       -7.8472348140132899       -359.70160189707548        170097.70543058327     
   17352.855201104692       -7.8561448853159108       -358.16290860995554        170455.86833919323     
   17552.855201104692       -7.8648707744052144       -356.68320573457817        170812.55154492782     
   17752.855201104692       -7.8736102945078894       -355.22865935332572        171167.78020428115     
   17952.855201104692       -7.8825367824741566       -353.76700502334899        171521.54720930450     
   18152.855201104692       -7.8917939793167555       -352.27019508142337        171873.81740438592     
   18352.855201104692       -7.9014178850596410       -350.71717606919657        172224.53458045510     
   18552.855201104692       -7.9113336998465442       -349.10531055736635        172573.63989101246     
   18752.855201104692       -7.9215143190991206       -347.44553027938559        172921.08542129185     
   18952.855201104692       -7.9318518383924719       -345.74456280009974        173266.82998409195     
   19152.855201104692       -7.9421905516292082       -344.02192949927615        173610.85191359124     
   19352.855201104692       -7.9523892393394817       -342.30301878026268        173953.15493237149     
   19552.855201104692       -7.9623160859948348       -340.61115726569392        174293.76608963718     
   19752.855201104692       -7.9718668455861064       -338.96754220828910        174632.73363184548     
   19952.855201104692       -7.9809798061751245       -337.38835521040403        174970.12198705587     
   20152.855201104692       -7.9896479695383098       -335.88234502118718        175306.00433207705     
   20352.855201104692       -7.9978346508599634       -334.45138115436777        175640.45571323141     
   20552.855201104692       -8.0055638453096023       -333.10020340753567        175973.55591663896     
   20752.855201104692       -8.0128987857480194       -331.82339942691272        176305.37931606587     
   20952.855201104692       -8.0199600190887992       -330.60893027117083        176635.98824633704     
   21152.855201104692       -8.0268721554389106       -329.43659475714333        176965.42484109418     
   21352.855201104692       -8.0337605567508668       -328.28561176841004        177293.71045286258     
   21552.855201104692       -8.0407326735561249       -327.13559869345198        177620.84605155603     
   21752.855201104692       -8.0478426334582771       -325.97008981627624        177946.81614137231     
   21952.855201104692       -8.0550931248204787       -324.78162964388554        178271.59777101621     
   22152.855201104692       -8.0625004997723657       -323.56929112285195        178595.16706213905     
   22352.855201104692       -8.0700569499390085       -322.33100481147989        178917.49806695053     
   22552.855201104692       -8.0777349009514978       -321.06868331533144        179238.56675026586     
   22752.855201104692       -8.0854745676970019       -319.78781751235726        179558.35456777821     
   22952.855201104692       -8.0932287907511089       -318.49796362631781        179876.85253140453     
   23152.855201104692       -8.1009392087918890       -317.20731869378204        180194.05985009830     
   23352.855201104692       -8.1085446553627243       -315.92568568276874        180509.98553578107     
   23552.855201104692       -8.1159832061438841       -314.66327778202617        180824.64881356311     
   23752.855201104692       -8.1232062584550651       -313.43004102817326        181138.07885459129     
   23952.855201104692       -8.1301405384452661       -312.23469853744876        181450.31355312874     
   24152.855201104692       -8.1367426629529866       -311.08879195005812        181761.40234507879     
   24352.855201104692       -8.1430022745061681       -309.99846569243357        182071.40081077121     
   24552.855201104692       -8.1489577399041160       -308.96414152457515        182380.36495229579     
   24752.855201104692       -8.1546695887842269       -307.97880905889224        182688.34376135468     
   24952.855201104692       -8.1602144755063613       -307.03193559044144        182995.37569694512     
   25152.855201104692       -8.1656694761240054       -306.11073998795877        183301.48643693308     
   25352.855201104692       -8.1711082237104460       -305.20247921575873        183606.68891614882     
   25552.855201104692       -8.1765750879167349       -304.29567499618673        183910.98459114501     
   25752.855201104692       -8.1820896068971738       -303.38369192585407        184214.36828307086     
   25952.855201104692       -8.1876696888568432       -302.46326775565370        184516.83155082652     
   26152.855201104692       -8.1933379706023182       -301.53130022930867        184818.36285105583     
   26352.855201104692       -8.1991018068789376       -300.58442491611680        185118.94727597196     
   26552.855201104692       -8.2049481196886465       -299.62202665963861        185418.56930263160     
   26752.855201104692       -8.2108612804219394       -298.64631805613453        185717.21562068773     
   26952.855201104692       -8.2168226373143369       -297.65999697780575        186014.87561766553     
   27152.855201104692       -8.2228086499512170       -296.66630495432270        186311.54192261986     
   27352.855201104692       -8.2287893330780406       -295.66934217944163        186607.21126479929     
   27552.855201104692       -8.2347294500557382       -294.67424918234383        186901.88551398163     
   27752.855201104692       -8.2405924115575431       -293.68693353193953        187195.57244751358     
   27952.855201104692       -8.2463200646510693       -292.71405697476445        187488.28650448835     
   28152.855201104692       -8.2518584545550908       -291.76527502878719        187780.05177951715     
   28352.855201104692       -8.2571703413668587       -290.84902885338789        188070.90080837053     
   28552.855201104692       -8.2622480839613157       -289.97072803637599        188360.87153640689     
   28752.855201104692       -8.2671042123170295       -289.13108540087899        188650.00262180777     
   28952.855201104692       -8.2717685733287336       -288.32753389090959        188938.33015569867     
   29152.855201104692       -8.2762799668491489       -287.55485397866937        189225.88500967735     
   29352.855201104692       -8.2806823648402865       -286.80643985347535        189512.69144953083     
   29552.855201104692       -8.2850202874080310       -286.07495242138020        189798.76640195222     
   29752.855201104692       -8.2893256623817990       -285.35331211559048        190084.11971406781     
   29952.855201104692       -8.2936189855994460       -284.63655106714083        190368.75626513496     
   30152.855201104692       -8.2979170610604118       -283.92132846205141        190652.67759359701     
   30352.855201104692       -8.3022393527573310       -283.20478018835269        190935.88237378537     
   30552.855201104692       -8.3066058203220496       -282.48365086855335        191218.36602465392     
   30752.855201104692       -8.3110273974188829       -281.75485663320092        191500.12088128712     
   30952.855201104692       -8.3155025197045518       -281.01694439296864        191781.13782568008     
   31152.855201104692       -8.3200263380766337       -280.27024575707611        192061.40807143715     
   31352.855201104692       -8.3245936242970977       -279.51558486371698        192340.92365630087     
   31552.855201104692       -8.3291980131420260       -278.75386321892660        192619.67751951981     
   31752.855201104692       -8.3338304283535667       -277.98621564918284        192897.66373516899     
   31952.855201104692       -8.3384778977681560       -277.21426141974206        193174.87799658874     
   32152.855201104692       -8.3431235711575713       -276.44026823964077        193451.31826482838     
   32352.855201104692       -8.3477478234102467       -275.66711926820392        193726.98538409660     
   32552.855201104692       -8.3523155895781542       -274.89849291771162        194001.88387701430     
   32752.855201104692       -8.3567865396760066       -274.14040235604722        194276.02427937035     
   32952.855201104692       -8.3611247828701138       -273.39945000725641        194549.42372937760     
   33152.855201104692       -8.3653099945616560       -272.68114618777923        194822.10487556536     
   33352.855201104692       -8.3693380907370507       -271.98844442021459        195094.09331998558     
   33552.855201104692       -8.3732167781723597       -271.32169945077686        195365.41501943636     
   33752.855201104692       -8.3769621615536582       -270.67939609837254        195636.09441553472     
   33952.855201104692       -8.3805953607910020       -270.05871387312078        195906.15312940784     
   34152.855201104692       -8.3841404932266368       -269.45605273789090        196175.60918214574     
   34352.855201104692       -8.3876229169807690       -268.86736194143947        196444.47654408717     
   34552.855201104692       -8.3910618876260976       -268.28857982347654        196712.76512391065     
   34752.855201104692       -8.3944711407915698       -267.71666976051500        196980.48179367118     
   34952.855201104692       -8.3978616530612236       -267.14940374353148        197247.63119741471     
   35152.855201104692       -8.4012461397063376       -266.58491076524996        197514.21610817997     
   35352.855201104692       -8.4046382537367705       -266.02104752334469        197780.23715570330     
   35552.855201104692       -8.4080521960579198       -265.45552528091241        198045.69268098421     
   35752.855201104692       -8.4114964338196252       -264.88613221158050        198310.57881319578     
   35952.855201104692       -8.4149722333389949       -264.31166891968604        198574.89048211547     
   36152.855201104692       -8.4184775031689423       -263.73200576609059        198838.62248788157     
   36352.855201104692       -8.4220102397474168       -263.14749226882083        199101.76998015039     
   36552.855201104692       -8.4255686276082500       -262.55845657804974        199364.32843672845     
   36752.855201104692       -8.4291506672536869       -261.96520598257200        199626.29364271101     
   36952.855201104692       -8.4327529925520128       -261.36811104036508        199887.66175375137     
   37152.855201104692       -8.4363702408926269       -260.76778725912811        200148.42954101050     
   37352.855201104692       -8.4399947042637553       -260.16519222264787        200408.59473323316     
   37552.855201104692       -8.4436166047625623       -259.56166650554252        200668.15639973871     
   37752.855201104692       -8.4472164382947881       -258.95909730690022        200927.11549704563     
   37952.855201104692       -8.4507686087652054       -258.36091526511802        201185.47641231073     
   38152.855201104692       -8.4542468328874563       -257.77140558581556        201443.24781789654     
   38352.855201104692       -8.4576322904287995       -257.19472016106312        201700.44253805760     
   38552.855201104692       -8.4609157613935597       -256.63373809941885        201957.07627615702     
   38752.855201104692       -8.4640958729807849       -256.08977897678335        202213.16605513380     
   38952.855201104692       -8.4671772109597754       -255.56290759271502        202468.72896272651     
   39152.855201104692       -8.4701682904591582       -255.05225227558429        202723.78121500209     
   39352.855201104692       -8.4730803212445664       -254.55632095683342        202978.33753595891     
   39552.855201104692       -8.4759262119895595       -254.07320021238499        203232.41073617130     
   39752.855201104692       -8.4787199243422737       -253.60071146612214        203486.01144763743     
   39952.855201104692       -8.4814759105819935       -253.13651626381670        203739.14796390125     
   40152.855201104692       -8.4842593263089601       -252.67994739790495        203991.82791129916     
   40352.855201104692       -8.4869222250369436       -252.21660891543470        204244.04452021461     
   40552.855201104692       -8.4896504552554646       -251.77137377091259        204495.81589398551     
   40752.855201104692       -8.4923744867388145       -251.32021332699142        204747.13610731249     
   40952.855201104692       -8.4950721963720675       -250.86728328527801        204998.00339059776     
   41152.855201104692       -8.4977746446347879       -250.41791013460144        205248.42130073236     
   41352.855201104692       -8.5004685562185358       -249.96810440705403        205498.38940513940     
   41552.855201104692       -8.5031696416760045       -249.51930403456356        205747.90870917396     
   41752.855201104692       -8.5058736162665731       -249.06942563330242        205996.97813480726     
   41952.855201104692       -8.5085857495152162       -248.61892732750886        206245.59706213477     
   42152.855201104692       -8.5113042482241319       -248.16711972039883        206493.76418185516     
   42352.855201104692       -8.5140319562450166       -247.71417782719641        206741.47835968237     
   42552.855201104692       -8.5167694149244610       -247.25968960168618        206988.73804928406     
   42752.855201104692       -8.5195185101750770       -246.80352903475807        207235.54157831881     
   42952.855201104692       -8.5222792734079018       -246.34543132565608        207481.88700964447     
   43152.855201104692       -8.5250510271965929       -245.88540977199915        207727.77241941646     
   43352.855201104692       -8.5278311883337086       -245.42362752320952        207973.19604693967     
   43552.855201104692       -8.5305709057458827       -244.95877501415160        208218.15482195382     
   43752.855201104692       -8.5333613813535525       -244.50116329631115        208462.65598525014     
   43952.855201104692       -8.5361656415637270       -244.03913060383263        208706.69511585397     
   44152.855201104692       -8.5388690552984112       -243.57192284053806        208950.26703869452     
   44352.855201104692       -8.5415990888796340       -243.12102590707102        209193.38806460160     
   44552.855201104692       -8.5442403384165146       -242.66885778312994        209436.05692238474     
   44752.855201104692       -8.5468448733127378       -242.23004916938581        209678.28697155413     
   44952.855201104692       -8.5493677429750221       -241.79858569795482        209920.08555725208     
   45152.855201104692       -8.5518303351000533       -241.38013611123671        210161.46569336331     
   45352.855201104692       -8.5542612702521090       -240.97351328167818        210402.43920664498     
   45552.855201104692       -8.5565908028948190       -240.57139835890686        210643.01060500389     
   45752.855201104692       -8.5588838687585440       -240.18444100915664        210883.19504601305     
   45952.855201104692       -8.5611121331285744       -239.80431441212613        211122.99936042516     
   46152.855201104692       -8.5633072377790924       -239.43413871780339        211362.43349914296     
   46352.855201104692       -8.5654651105434443       -239.06959706203540        211601.50309620501     
   46552.855201104692       -8.5676040886054405       -238.71077033849232        211840.21386654349     
   46752.855201104692       -8.5697259864853592       -238.35504486615869        212078.56891140965     
   46952.855201104692       -8.5718382289788870       -238.00196805585085        212316.57087946549     
   47152.855201104692       -8.5739410656718462       -237.65049401923349        212554.22137348473     
   47352.855201104692       -8.5760377877675857       -237.30049985727939        212791.52187334202     
   47552.855201104692       -8.5781303669806857       -236.95147279621287        213028.47334613823     
   47752.855201104692       -8.5802230035875233       -236.60302540457954        213265.07637154282     
   47952.855201104692       -8.5823182898711785       -236.25450107260042        213501.33087261542     
   48152.855201104692       -8.5844192456352815       -235.90545664538999        213737.23632926081     
   48352.855201104692       -8.5865277231444033       -235.55542021752601        213972.79174947832     
   48552.855201104692       -8.5886444414287322       -235.20411319786933        214207.99586267618     
   48752.855201104692       -8.5907689689992761       -234.85144615697800        214442.84730883315     
   48952.855201104692       -8.5929006834917701       -234.49749585951164        214677.34480469266     
   49152.855201104692       -8.5950391509071373       -234.14236093813767        214911.48716563080     
   49352.855201104692       -8.5971843200483349       -233.78610356296991        215145.27326919377     
   49552.855201104692       -8.5993362482972486       -233.42872943836721        215378.70199863214     
   49752.855201104692       -8.6014948139383645       -233.07023376436121        215611.77223239650     
   49952.855201104692       -8.6036594095803309       -232.71064963633833        215844.48288203284     
   50152.855201104692       -8.6058287790649661       -232.35009529632441        216076.83297732918     
   50352.855201104692       -8.6080009545952549       -231.98879865523230        216308.82177598440     
   50552.855201104692       -8.6101733178456783       -231.62710449372429        216540.44888047813     
   50752.855201104692       -8.6123427391779899       -231.26546223478559        216771.71434271292     
   50952.855201104692       -8.6144691889290357       -230.90323910213780        217002.61758181505     
   51152.855201104692       -8.6166471336153574       -230.54992652030109        217233.16750833535     
   51352.855201104692       -8.6187441660485558       -230.18942667414422        217463.35693500951     
   51552.855201104692       -8.6208350524412509       -229.84040568704259        217693.19734069656     
   51752.855201104692       -8.6228585243418827       -229.49403762915333        217922.69137832572     
   51952.855201104692       -8.6248430935454277       -229.15813415954622        218151.84951248526     
   52152.855201104692       -8.6267677103985587       -228.82926882656972        218380.67878131184     
   52352.855201104692       -8.6286469744069976       -228.50999807286706        218609.18877938471     
   52552.855201104692       -8.6304769632366032       -228.19838483757496        218837.38716422228     
   52752.855201104692       -8.6322674842607583       -227.89471698105231        219065.28188120332     
   52952.855201104692       -8.6340211380843801       -227.59755362479075        219292.87943482812     
   53152.855201104692       -8.6357456200341876       -227.30632617266428        219520.18576100079     
   53352.855201104692       -8.6374456830256712       -227.01983166851718        219747.20559266931     
   53552.855201104692       -8.6391278571636576       -226.73723137167994        219973.94282404101     
   53752.855201104692       -8.6407973705292438       -226.45747259696716        220200.40029663796     
   53952.855201104692       -8.6424599563824156       -226.17967132092772        220426.57996795888     
   54152.855201104692       -8.6441192027122504       -225.90292969888739        220652.48289765776     
   54352.855201104692       -8.6457769074002453       -225.62669739523619        220878.10959505299     
   54552.855201104692       -8.6474332072608480       -225.35071876719161        221103.46031382016     
   54752.855201104692       -8.6490879887497147       -225.07497746307553        221328.53529128325     
   54952.855201104692       -8.6507415319401488       -224.79948195079197        221553.33477323403     
   55152.855201104692       -8.6523950000019489       -224.52416229074669        221777.85893552477     
   55352.855201104692       -8.6540503247745200       -224.24880458602996        222002.10774011081     
   55552.855201104692       -8.6557090239057839       -223.97309821658595        222226.08083832738     
   55752.855201104692       -8.6573724463472796       -223.69679490359081        222449.77763323099     
   55952.855201104692       -8.6590413350208770       -223.41968604860131        222673.19731927960     
   56152.855201104692       -8.6607155548043835       -223.14167110250474        222896.33899038209     
   56352.855201104692       -8.6623942534958100       -222.86279142687948        223119.20178180898     
   56552.855201104692       -8.6640763940136036       -222.58319372579331        223341.78497553477     
   56752.855201104692       -8.6657611763231266       -222.30304438990481        223564.08801992467     
   56952.855201104692       -8.6674482226461471       -222.02246549088622        223786.11048541556     
   57152.855201104692       -8.6691375142199227       -221.74151048610673        224007.85199590167     
   57352.855201104692       -8.6708292149292383       -221.46017771184501        224229.31217361352     
   57552.855201104692       -8.6725234387791321       -221.17844122121110        224450.49061483474     
   57752.855201104692       -8.6742200629560475       -220.89628828879430        224671.38690312352     
   57952.855201104692       -8.6759186071795256       -220.61374878850822        224892.00065191204     
   58152.855201104692       -8.6776181912576664       -220.33091322116974        225112.33156513321     
   58352.855201104692       -8.6793175530152524       -220.04793819369991        225332.37950332690     
   58552.855201104692       -8.6810151139650014       -219.76504217814295        225552.14454550503     
   58752.855201104692       -8.6827090753405720       -219.48249377960789        225771.62703928465     
   58952.855201104692       -8.6843956135417777       -219.20064599452292        225990.82768527916     
   59152.855201104692       -8.6860685490060270       -218.92019750556912        226209.74788278472     
   59352.855201104692       -8.6877203795890363       -218.64221190171895        226428.39009468645     
   59552.855201104692       -8.6893440404124096       -218.36792656462231        226646.75802125107     
   59752.855201104692       -8.6909341729837699       -218.09847270815726        226864.85649395923     
   59952.855201104692       -8.6924877158043685       -217.83468195619454        227082.69117591542     
   60152.855201104692       -8.6940038435216831       -217.57700515693622        227300.26818107234     
   60352.855201104692       -8.6954835815277214       -217.32553102492733        227517.59371209727     
   60552.855201104692       -8.6969293031810970       -217.08005337924851        227734.67376547650     
   60752.855201104692       -8.6983442557976751       -216.84015408322992        227951.51391955974     
   60952.855201104692       -8.6997321729908013       -216.60527968736514        228168.11919924710     
   61152.855201104692       -8.7010970004927568       -216.37480298374783        228384.49400223084     
   61352.855201104692       -8.7024427176779007       -216.14806613872540        228600.64206836958     
   61552.855201104692       -8.7037732323055810       -215.92440848360584        228816.56647685319     
   61752.855201104692       -8.7050923221150356       -215.70318280894205        229032.26965966212     
   61952.855201104692       -8.7064036052275835       -215.48376433216981        229247.75342399429     
   62152.855201104692       -8.7077105256053606       -215.26555523044880        229463.01897922473     
   62352.855201104692       -8.7090163460112819       -215.04798686486424        229678.06696608959     
   62552.855201104692       -8.7103232524061802       -214.83054444059744        229892.89751053019     
   62752.855201104692       -8.7116319943310252       -214.61290185759555        230107.51041238778     
   62952.855201104692       -8.7129421510523866       -214.39496510101347        230321.90537748879     
   63152.855201104692       -8.7142528631163909       -214.17681569310497        230536.08219318188     
   63352.855201104692       -8.7155634742886434       -213.95859131064918        230750.04078449254     
   63552.855201104692       -8.7168739204462824       -213.74038558403282        230963.78117007657     
   63752.855201104692       -8.7181848111725930       -213.52219144454304        231177.30336152113     
   63952.855201104692       -8.7194973231679054       -213.30389248117487        231390.60725400230     
   64152.855201104692       -8.7208129963788501       -213.08528323897852        231603.69253724127     
   64352.855201104692       -8.7221328921865471       -212.86612001431703        231816.55865725558     
   64552.855201104692       -8.7234576772379384       -212.64623647791799        232029.20489373349     
   64752.855201104692       -8.7247874088260247       -212.42553770351316        232241.63043143699     
   64952.855201104692       -8.7261214246055800       -212.20403311108046        232453.83446454807     
   65152.855201104692       -8.7274584770171639       -211.98184837101383        232665.81631291908     
   65352.855201104692       -8.7287971397176030       -211.75919585926141        232877.57550877833     
   65552.855201104685       -8.7301361765909409       -211.53630800667182        233089.11181678501     
   65752.855201104685       -8.7314747591474600       -211.31337986443538        233300.42519664945     
   65952.855201104685       -8.7328124893414856       -211.09053803584121        233511.51573468529     
   66152.855201104685       -8.7341493021473671       -210.86784003524986        233722.38357472053     
   66352.855201104685       -8.7354853114050748       -210.64529199558680        233933.02886671611     
   66552.855201104685       -8.7368206671136974       -210.42287402562661        234143.45174074173     
   66752.855201104685       -8.7381554293608374       -210.20056353112849        234353.65230427287     
   66952.855201104685       -8.7394894866201120       -209.97835503369666        234563.63065930657     
   67152.855201104685       -8.7408225161877695       -209.75627266438048        234773.38693197095     
   67352.855201104685       -8.7421539847994154       -209.53437569295096        234982.92130766390     
   67552.855201104685       -8.7434831766479704       -209.31275770502356        235192.23406536892     
   67752.855201104685       -8.7448092404408762       -209.09154143678987        235401.32560680571     
   67952.855201104685       -8.7461312464693748       -208.87087067764250        235610.19647748335     
   68152.855201104685       -8.7474470501290611       -208.65093231341308        235818.84740979676     
   68352.855201104685       -8.7487528618878549       -208.43212674567260        236027.27953654242     
   68552.855201104685       -8.7500437219462555       -208.21511565020938        236235.49465219263     
   68752.855201104685       -8.7513146088317200       -208.00072628900142        236443.49537848163     
   68952.855201104685       -8.7525614036584880       -207.78977081925993        236651.28514930088     
   69152.855201104685       -8.7537814621154766       -207.58289610616561        236858.86804540706     
   69352.855201104685       -8.7549737293682313       -207.38050053313472        237066.24854594018     
   69552.855201104685       -8.7561385676721155       -207.18272241856997        237273.43126835875     
   69752.855201104685       -8.7572774348169506       -206.98947263041148        237480.42074098915     
   69952.855201104685       -8.7583925427143985       -206.80048863220293        237687.22122962135     
   70152.855201104685       -8.7594865545124794       -206.61539030512486        237893.83661992647     
   70352.855201104685       -8.7605623531553292       -206.43372849139928        238100.27034841786     
   70552.855201104685       -8.7616228792798161       -206.25502170166510        238306.52537011952     
   70752.855201104685       -8.7626710202940572       -206.07878175792953        238512.60415187746     
   70952.855201104685       -8.7637095444524604       -205.90453107678675        238718.50868295424     
   71152.855201104685       -8.7647410672058186       -205.73181279673963        238924.24049575097     
   71352.855201104685       -8.7657680395956259       -205.56019580111064        239129.80069155208     
   71552.855201104685       -8.7667927485190873       -205.38927633866203        239335.18996789074     
   71752.855201104685       -8.7678173228810206       -205.21867782497878        239540.40864571571     
   71952.855201104685       -8.7688437415705636       -205.04804977050506        239745.45669548621     
   72152.855201104685       -8.7698738415788551       -204.87706644887515        239950.33376193509     
   72352.855201104685       -8.7709087567716875       -204.70544059065864        240155.03920252575     
   72552.855201104685       -8.7719485798790888       -204.53301086460095        240359.57221339035     
   72752.855201104685       -8.7729924508010306       -204.35978690845781        240563.93200029881     
   72952.855201104685       -8.7740390333412179       -204.18592440507055        240768.11792470387     
   73152.855201104685       -8.7750870267494978       -204.01164483092080        240972.12956953479     
   73352.855201104685       -8.7761355377266437       -203.83715398150420        241175.96672351629     
   73552.855201104685       -8.7771842333830392       -203.66258581175717        241379.62930932804     
   73752.855201104685       -8.7782333271384374       -203.48798136331965        241583.11729069136     
   73952.855201104685       -8.7792834603046703       -203.31329385224129        241786.43058454359     
   74152.855201104685       -8.7803355478679102       -203.13840931979453        241989.56899386339     
   74352.855201104685       -8.7813902265350112       -202.96318281426528        242192.53217667766     
   74552.855201104685       -8.7824478296757817       -202.78751632125821        242395.31969299892     
   74752.855201104685       -8.7835082457088571       -202.61136606759879        242597.93105906653     
   74952.855201104685       -8.7845708447613937       -202.43476428226208        242800.36582334878     
   75152.855201104685       -8.7856345551736457       -202.25782745345668        243002.62365080224     
   75352.855201104685       -8.7866981363665708       -202.08073841758065        243204.70438921981     
   75552.855201104685       -8.7877604622421810       -201.90370067158057        243406.60808989138     
   75752.855201104685       -8.7888207201223185       -201.72689342369100        243608.33498331506     
   75952.855201104685       -8.7898784742610481       -201.55044204323528        243809.88542535828     
   76152.855201104685       -8.7909336282685331       -201.37441014468905        244011.25983550298     
   76352.855201104685       -8.7919863269271552       -201.19880743525704        244212.45864293823     
   76552.855201104685       -8.7930368427917482       -201.02360645729476        244413.48224939551     
   76752.855201104685       -8.7940854728247508       -200.84876120113483        244614.33101059665     
   76952.855201104685       -8.7951324600205592       -200.67422365451407        244815.00523425118     
   77152.855201104685       -8.7961779481105324       -200.49995597928429        245015.50519023047     
   77352.855201104685       -8.7972219546900394       -200.32593756876872        245215.83112779923     
   77552.855201104685       -8.7982643639773155       -200.15216900470699        245415.98329680393     
   77752.855201104685       -8.7993049349025778       -199.97867285956423        245615.96196966348     
   77952.855201104685       -8.8003433223484429       -199.80549200375032        245815.76746166722     
   78152.855201104685       -8.8013791060221500       -199.63268586899414        246015.40014753622     
   78352.855201104685       -8.8024118234507238       -199.46032553333751        246214.86047306957     
   78552.855201104685       -8.8034410037031101       -199.28848820912327        246414.14896127870     
   78752.855201104685       -8.8044654446497042       -199.11727161595385        246613.26623289465     
   78952.855201104685       -8.8054828015988633       -198.94690600415632        246812.21313889881     
   79152.855201104685       -8.8064897578699455       -198.77780729394044        247010.99094619276     
   79352.855201104685       -8.8074827021542372       -198.61053534363623        247209.60148153640     
   79552.855201104685       -8.8084584339610998       -198.44568048728505        247408.04716202369     
   79752.855201104685       -8.8094146663309179       -198.28375144913949        247606.33091347283     
   79952.855201104685       -8.8103502240152913       -198.12509967749267        247804.45601315034     
   80152.855201104685       -8.8112650090945959       -197.96989246684396        248002.42590561719     
   80352.855201104685       -8.8121598202456752       -197.81812252685813        248200.24402814405     
   80552.855201104685       -8.8130361196155338       -197.66963944187992        248397.91366758593     
   80752.855201104685       -8.8138958020357610       -197.52418841585953        248595.43785600178     
   80952.855201104685       -8.8147410002357400       -197.38144774347100        248792.81930374526     
   81152.855201104685       -8.8155739352504536       -197.24106004817003        248990.06036379343     
   81352.855201104685       -8.8163968117868912       -197.10265600319184        249187.16301979663     
   81552.855201104685       -8.8172117508989096       -196.96587076975985        249384.12889056638     
   81752.855201104685       -8.8180207535089803       -196.83035439404932        249580.95924496042     
   81952.855201104685       -8.8188256836460646       -196.69577736213731        249777.65502232255     
   82152.855201104685       -8.8196282617763568       -196.56183312573370        249974.21685544829     
   82352.855201104685       -8.8204300659620234       -196.42823900657316        250170.64509445487     
   82552.855201104685       -8.8212325382348435       -196.29473586639409        250366.93983032127     
   82752.855201104685       -8.8220369941528816       -196.16108696217705        250563.10091728345     
   82952.855201104685       -8.8228446333323269       -196.02707632961383        250759.12799361304     
   83152.855201104685       -8.8236565497859623       -195.89250703490035        250955.02050064795     
   83352.855201104685       -8.8244737414026311       -195.75719947620101        251150.77770012416     
   83552.855201104685       -8.8252967589608655       -195.62099932859931        251346.39869945275     
   83752.855201104685       -8.8261254249221821       -195.48383409873290        251541.88253355148     
   83952.855201104685       -8.8269588239448353       -195.34575276801669        251737.22828631950     
   84152.855201104685       -8.8277955902847047       -195.20691955388054        251932.43520587339     
   84352.855201104685       -8.8286342838527911       -195.06756374873859        252127.50276962214     
   84552.855201104685       -8.8294737094327953       -194.92791862366883        252322.43068824580     
   84752.855201104685       -8.8303130945895347       -194.78817201280668        252517.21886025861     
   84952.855201104685       -8.8311521338664889       -194.64844021436662        252711.86730047298     
   85152.855201104685       -8.8319909355079211       -194.50876319536314        252906.37606366834     
   85352.855201104685       -8.8328299196893809       -194.36911473340956        253100.74517840176     
   85552.855201104685       -8.8336697033583214       -194.22941970864846        253294.97459811042     
   85752.855201104685       -8.8345109950882961       -194.08957300979696        253489.06417112020     
   85952.855201104685       -8.8353542483589802       -193.94946342174194        253683.01363454195     
   86152.855201104685       -8.8361996167367671       -193.80902334900870        253876.82265789097     
   86352.855201104685       -8.8370468734506122       -193.66823724608341        254070.49089513705     
   86552.855201104685       -8.8378953748447273       -193.52715384375551        254264.01804898080     
