 #              _____________________  _______________________             #
 #              ___  __ \__  __ \_  / / /_  /___  ____/_  ___/             #
 #              __  / / /_  /_/ /  / / /_  __/_  __/  _____ \              #
 #              _  /_/ /_  _, _// /_/ / / /_ _  /___  ____/ /              #
 #              /_____/ /_/ |_| \____/  \__/ /_____/  /____/               #
 #                                                                         #
  
 #        time                      T            heat flux [W.L-2]   in    x              directions   cumulative flux
 #-----------------------------------------------------------------------------------------------

   0.0000000000000000        10.000000000000000       -0.0000000000000000        0.0000000000000000     
   1.0000000000000000        10.000000000000000        5.6488147492927924E-013   5.6488147492927924E-013
   1.9540000000000002        10.000000000000000        5.6488147492927924E-013   1.1297629498585585E-012
   2.8641160000000001        10.000000000000000        1.1297629498585585E-012   2.2595258997171170E-012
   3.8288389600000006        10.000000000000000        1.1297629498585585E-012   3.3892888495756755E-012
   4.8514452976000007        10.000000000000000        1.1297629498585585E-012   4.5190517994342340E-012
   5.9354080154560007        10.000000000000000        5.6488147492927924E-013   5.0839332743635136E-012
   7.0844084963833609        10.000000000000000       -0.0000000000000000        5.0839332743635136E-012
   8.3023490061663630        10.000000000000000       -1.1297629498585585E-012   6.2136962242220721E-012
   9.5933659465363448        10.000000000000000       -5.6488147492927914E-013   6.7785776991513509E-012
   10.961843903328527        10.000000000000000       -5.6488147492927914E-013   7.3434591740806306E-012
   12.412430537528239        10.000000000000000       -5.6488147492927914E-013   7.9083406490099102E-012
   13.950052369779934        10.000000000000000       -0.0000000000000000        7.9083406490099102E-012
   15.579931511966731        10.000000000000000       -0.0000000000000000        7.9083406490099102E-012
   17.307603402684734        10.000000000000000       -0.0000000000000000        7.9083406490099102E-012
   19.138935606845820        10.000000000000000        5.6488147492927924E-013   8.4732221239391899E-012
   21.080147743256571        10.000000000000000        5.6488147492927924E-013   9.0381035988684695E-012
   23.137832607851966        10.000000000000000       -0.0000000000000000        9.0381035988684695E-012
   25.318978564323086        10.000000000000000       -0.0000000000000000        9.0381035988684695E-012
   27.630993278182473        10.000000000000000       -0.0000000000000000        9.0381035988684695E-012
   30.081728874873424        10.000000000000000       -5.6488147492927924E-013   9.6029850737977492E-012
   32.679508607365833        10.000000000000000       -1.1297629498585585E-012   1.0732748023656307E-011
   35.433155123807786        10.000000000000000       -5.6488147492927924E-013   1.1297629498585586E-011
   38.352020431236255        10.000000000000000       -5.6488147492927924E-013   1.1862510973514866E-011
   41.446017657110431        10.000000000000000       -5.6488147492927924E-013   1.2427392448444146E-011
   44.725654716537058        10.000000000000000       -5.6488147492927924E-013   1.2992273923373425E-011
   48.202069999529286        10.000000000000000        5.6488147492927924E-013   1.3557155398302705E-011
   51.887070199501046        10.000000000000000        1.1297629498585585E-012   1.4686918348161264E-011
   55.793170411471110        10.000000000000000        1.1297629498585585E-012   1.5816681298019824E-011
   59.933636636159378        10.000000000000000        1.1297629498585585E-012   1.6946444247878383E-011
   64.322530834328944        10.000000000000000        1.6946444247878377E-012   1.8641088672666222E-011
   68.974758684388689        10.000000000000000        2.2595258997171170E-012   2.0900614572383341E-011
   73.906120205452012        10.000000000000000        1.6946444247878377E-012   2.2595258997171179E-011
   79.133363417779137        10.000000000000000        1.6946444247878377E-012   2.4289903421959018E-011
   84.674241222845893        10.000000000000000        1.1297629498585585E-012   2.5419666371817578E-011
   90.547571696216650        10.000000000000000        1.1297629498585585E-012   2.6549429321676137E-011
   96.773301997989648        10.000000000000000        1.1297629498585585E-012   2.7679192271534696E-011
   99.476364677492242        10.000000000000000        1.1297629498585585E-012   2.8808955221393256E-011
   102.34161111776500        10.000000000000000        1.6946444247878377E-012   3.0503599646181095E-011
   105.37877234445412        10.000000000000000        1.6946444247878373E-012   3.2198244070968933E-011
   108.59816324474458        10.000000000000000        1.6946444247878377E-012   3.3892888495756772E-011
   112.01071759905247        10.000000000000000        1.6946444247878377E-012   3.5587532920544611E-011
   115.62802521461883        10.000000000000000        1.1297629498585585E-012   3.6717295870403171E-011
   119.46237128711918        10.000000000000000        5.6488147492927924E-013   3.7282177345332450E-011
   123.52677812396955        10.000000000000000        1.1297629498585585E-012   3.8411940295191010E-011
   127.83504937103093        10.000000000000000        5.6488147492927924E-013   3.8976821770120289E-011
   132.40181689291600        10.000000000000000       -0.0000000000000000        3.8976821770120289E-011
   137.24259046611419        10.000000000000000       -5.6488147492927924E-013   3.9541703245049569E-011
   142.37381045370427        10.000000000000000       -1.1297629498585585E-012   4.0671466194908128E-011
   147.81290364054973        10.000000000000000       -5.6488147492927924E-013   4.1236347669837408E-011
   153.57834241860593        10.000000000000000       -5.6488147492927914E-013   4.1801229144766687E-011
   159.68970752334550        10.000000000000000       -5.6488147492927914E-013   4.2366110619695967E-011
   166.16775453436946        10.000000000000000       -0.0000000000000000        4.2366110619695967E-011
   173.03448436605484        10.000000000000000       -0.0000000000000000        4.2366110619695967E-011
   180.31321798764137        10.000000000000000       -5.6488147492927914E-013   4.2930992094625247E-011
   188.02867562652307        10.000000000000000       -5.6488147492927914E-013   4.3495873569554526E-011
   196.20706072373767        10.000000000000000       -5.6488147492927914E-013   4.4060755044483806E-011
   204.87614892678516        10.000000000000000       -0.0000000000000000        4.4060755044483806E-011
   214.06538242201549        10.000000000000000       -0.0000000000000000        4.4060755044483806E-011
   223.80596992695965        10.000000000000000       -0.0000000000000000        4.4060755044483806E-011
   234.13099268220046        10.000000000000000       -0.0000000000000000        4.4060755044483806E-011
   245.07551680275571        10.000000000000000       -0.0000000000000000        4.4060755044483806E-011
   256.67671237054429        10.000000000000000       -0.0000000000000000        4.4060755044483806E-011
   268.97397967240016        10.000000000000000       -0.0000000000000000        4.4060755044483806E-011
   282.00908301236740        10.000000000000000        1.1297629498585583E-012   4.5190517994342365E-011
   286.53670623455429        10.000000000000000        5.6488147492927914E-013   4.5755399469271645E-011
   291.33598685007240        10.000000000000000        5.6488147492927914E-013   4.6320280944200925E-011
   296.42322430252159        10.000000000000000       -5.6488147492927914E-013   4.6885162419130204E-011
   301.81569600211776        10.000000000000000       -5.6488147492927914E-013   4.7450043894059484E-011
   307.53171600368967        10.000000000000000       -0.0000000000000000        4.7450043894059484E-011
   313.59069720535592        10.000000000000000       -0.0000000000000000        4.7450043894059484E-011
   320.01321727912210        10.000000000000000        5.6488147492927914E-013   4.8014925368988764E-011
   326.82108855731428        10.000000000000000        5.6488147492927914E-013   4.8579806843918043E-011
   334.03743211219796        10.000000000000000        5.6488147492927914E-013   4.9144688318847323E-011
   341.68675628037471        10.000000000000000        1.6946444247878371E-012   5.0839332743635162E-011
   349.79503989864202        10.000000000000000        1.1297629498585583E-012   5.1969095693493721E-011
   358.38982053400537        10.000000000000000        1.1297629498585583E-012   5.3098858643352280E-011
   367.50028800749055        10.000000000000000        5.6488147492927914E-013   5.3663740118281560E-011
   377.15738352938484        10.000000000000000        5.6488147492927914E-013   5.4228621593210840E-011
   387.39390478259281        10.000000000000000       -0.0000000000000000        5.4228621593210840E-011
   398.24461731099325        10.000000000000000        5.6488147492927914E-013   5.4793503068140119E-011
   409.74637259109772        10.000000000000000       -0.0000000000000000        5.4793503068140119E-011
   421.93823318800844        10.000000000000000        5.6488147492927914E-013   5.5358384543069399E-011
   434.86160542073378        10.000000000000000        5.6488147492927914E-013   5.5923266017998679E-011
   448.56037998742266        10.000000000000000        5.6488147492927914E-013   5.6488147492927958E-011
   463.08108102811286        10.000000000000000        5.6488147492927914E-013   5.7053028967857238E-011
   478.47302413124447        10.000000000000000        5.6488147492927914E-013   5.7617910442786518E-011
   494.78848382056401        10.000000000000000       -0.0000000000000000        5.7617910442786518E-011
   512.08287109124274        10.000000000000000       -0.0000000000000000        5.7617910442786518E-011
   530.41492159816221        10.000000000000000       -0.0000000000000000        5.7617910442786518E-011
   549.84689513549677        10.000000000000000       -5.6488147492927914E-013   5.8182791917715797E-011
   570.44478708507143        10.000000000000000       -5.6488147492927914E-013   5.8747673392645070E-011
   591.04267903464608        10.000000000000000       -5.6488147492927914E-013   5.9312554867574350E-011
   612.87644450119524        10.000000000000000       -1.1297629498585583E-012   6.0442317817432909E-011
   636.02023589573730        10.000000000000000       -3.3892888495756743E-012   6.3831606667008587E-011
   660.55265477395187        10.000000000000000       -7.3434591740806290E-012   7.1175065841089210E-011
   686.55701878485934        10.000000000000000       -1.8076207197736933E-011   8.9251273038826146E-011
   714.12164463642125        10.000000000000000       -4.6320280944200886E-011   1.3557155398302704E-010
   743.34014803907689        10.000000000000000       -1.2088463563486569E-010   2.5645618961789275E-010
   774.31176164589192        10.000000000000000       -3.1520386301053758E-010   5.7166005262843038E-010
   807.14167206911577        10.000000000000000       -8.1004003504858567E-010   1.3817000876770160E-009
   841.94137711773305        10.000000000000000       -2.0561685687425721E-009   3.4378686564195881E-009
   878.82906446926745        10.000000000000000       -5.1409863033313435E-009   8.5788549597509320E-009
   917.93001306189387        10.000000000000000       -1.2664077786439340E-008   2.1242932746190272E-008
   957.03096165452030        10.000000000000000       -2.8660956274960838E-008   4.9903889021151110E-008
   998.47796716270432        10.000000000000000       -6.4359770846062381E-008   1.1426365986721348E-007
   1042.4117930013795        10.000000000000000       -1.4308334783660976E-007   2.5734700770382324E-007
   1088.9816483903751        10.000000000000000       -3.1433281577605749E-007   5.7167982347988073E-007
   1138.3456951027104        10.000000000000000       -6.8125835639350532E-007   1.2529381798733861E-006
   1190.6715846177858        10.000000000000000       -1.4546675224346051E-006   2.7076057023079912E-006
   1246.1370275037657        10.000000000000000       -3.0566725150840691E-006   5.7642782173920603E-006
   1301.6024703897456        10.000000000000000       -5.9952548631553478E-006   1.1759533080547407E-005
   1360.3958398488844        10.000000000000000       -1.1639414424010535E-005   2.3398947504557942E-005
   1413.3098723621092        10.000000000000000       -1.9835894334250857E-005   4.3234841838808800E-005
   1469.3987468261275        10.000000000000000       -3.3824693177178065E-005   7.7059535015986872E-005
   1528.8529537579871        10.000000000000000       -5.7607327945543022E-005   1.3466686296152990E-004
   1591.8744131057581        10.000000000000000       -9.7821933804516524E-005   2.3248879676604641E-004
   1658.6771600143954        10.000000000000000       -1.6535670566552126E-004   3.9784550243156767E-004
   1729.4880717375511        10.000000000000000       -2.7785007091138013E-004   6.7569557334294780E-004
   1804.5476381640960        10.000000000000000       -4.6349337933580202E-004   1.1391889526787499E-003
   1884.1107785762335        10.000000000000000       -7.6670214687329095E-004   1.9058910995520409E-003
   1968.4477074130994        10.000000000000000       -1.2564012501670209E-003   3.1622923497190616E-003
   2057.8448519801773        10.000000000000000       -2.0378703665402680E-003   5.2001627162593291E-003
   2152.6058252212797        10.000000000000000       -3.2693026992334740E-003   8.4694654154928023E-003
   2253.0524568568485        10.000000000000000       -5.1844155975024359E-003   1.3653881012995238E-002
   2359.5258863905515        10.000000000000000       -8.1225789773251861E-003   2.1776459990320424E-002
   2465.9993159242545        10.000000000000000       -1.2227569108068773E-002   3.4004029098389198E-002
   2572.4727454579574        10.000000000000000       -1.7792222589469997E-002   5.1796251687859195E-002
   2685.3345807636824        10.000000000000000       -2.5719201156664640E-002   7.7515452844523838E-002
   2804.9681261877508        10.000000000000000       -3.6907095535055300E-002  0.11442254837957913     
   2931.7796843372635        10.000000000000000       -5.2543309201239077E-002  0.16696585758081822     
   3066.1999359757469        10.000000000000000       -7.4173711292605332E-002  0.24113956887342355     
   3208.6854027125391        10.000000000000000      -0.10378026352689433       0.34491983240031787     
   3359.7199974535392        10.000000000000000      -0.14386440774645254       0.48878424014677041     
   3519.8166678789989        10.000000000000000      -0.19753279725331802       0.68631703740008843     
   3679.9133383044586        10.000000000000000      -0.26372750411150259       0.95004454151159101     
   3807.9906746448264        10.000000000000000      -0.32535794087489783        1.2754024823864889     
   3943.7526511656165        10.000000000000000      -0.40116589542780245        1.6765683778142915     
   4079.5146276864066        10.000000000000000      -0.48812724812540320        2.1646956259396948     
   4223.4223227984439        10.000000000000000      -0.59355744228952267        2.7582530682292177     
   4375.9644796172033        10.000000000000000      -0.72094618416523926        3.4791992523944568     
   4537.6591658450889        10.000000000000000      -0.87428075768576596        4.3534800100802231     
   4709.0555332466474        10.000000000000000       -1.0580694279713674        5.4115494380515905     
   4890.7356826922996        10.000000000000000       -1.2773526785225293        6.6889021165741198     
   5083.3166411046905        10.000000000000000       -1.5376988630299167        8.2266009796040365     
   5283.3166411046905        10.000000000000000       -1.8383283792716669        10.064929358875704     
   5483.3166411046905        10.000000000000000       -2.1690860426095155        12.234015401485220     
   5683.3166411046905        10.000000000000000       -2.5295935670788321        14.763608968564052     
   5883.3166411046905        10.000000000000000       -2.9192500358560403        17.682859004420092     
   6083.3166411046905        10.000000000000000       -3.3372621228090544        21.020121127229146     
   6283.3166411046905        10.000000000000000       -3.7826735771995454        24.802794704428692     
   6483.3166411046905        10.000000000000000       -4.2543933553790954        29.057188059807785     
   6683.3166411046905        10.000000000000000       -4.7512219550166064        33.808410014824389     
   6883.3166411046905        10.000000000000000       -5.2718756358478744        39.080285650672266     
   7043.3166411046905        10.000000000000000       -5.7029616478922094        44.783247298564476     
   7212.9166411046908        10.000000000000000       -6.1754360379129727        50.958683336477449     
   7382.5166411046912        10.000000000000000       -6.6625755556028103        57.621258892080263     
   7562.2926411046910        10.000000000000000       -7.1943872018235311        64.815646093903794     
   7752.8552011046913        10.000000000000000       -7.7742239151006967        72.589870009004485     
   7952.8552011046913        10.000000000000000       -8.3991062223583128        80.988976231362798     
   8152.8552011046913        10.000000000000000       -9.0389126546183896        90.027888885981184     
   8352.8552011046922        10.000000000000000       -9.6922638177796951        99.720152703760874     
   8552.8552011046922        10.000000000000000       -10.357813609211368        110.07796631297224     
   8752.8552011046922        10.000000000000000       -11.034255221404329        121.11222153437657     
   8952.8552011046922        10.000000000000000       -11.720325874066772        132.83254740844333     
   9152.8552011046922        10.000000000000000       -12.414810370364357        145.24735777880770     
   9352.8552011046922        10.000000000000000       -13.116543627571028        158.36390140637872     
   9552.8552011046922        10.000000000000000       -13.824412139678959        172.18831354605769     
   9752.8552011046922        10.000000000000000       -14.537355092530312        186.72566863858799     
   9952.8552011046922        10.000000000000000       -15.254364496308661        201.98003313489664     
   10152.855201104692        10.000000000000000       -15.974485154172282        217.95451828906891     
   10352.855201104692        10.000000000000000       -16.696814219253458        234.65133250832238     
   10552.855201104692        10.000000000000000       -17.420500506003652        252.07183301432605     
   10752.855201104692        10.000000000000000       -18.144743616516923        270.21657663084295     
   10952.855201104692        10.000000000000000       -18.868792914126296        289.08536954496924     
   11152.855201104692        10.000000000000000       -19.591946334546218        308.67731587951545     
   11352.855201104692        10.000000000000000       -20.313548999017986        328.99086487853344     
   11552.855201104692        10.000000000000000       -21.032991606046028        350.02385648457948     
   11752.855201104692        10.000000000000000       -21.749708621433445        371.77356510601294     
   11952.855201104692        10.000000000000000       -22.463176328559225        394.23674143457214     
   12152.855201104692        10.000000000000000       -23.172910814041423        417.40965224861355     
   12352.855201104692        10.000000000000000       -23.878465946624900        441.28811819523844     
   12552.855201104692        10.000000000000000       -24.579431384822747        465.86754958006117     
   12752.855201104692        10.000000000000000       -25.275430647055654        491.14298022711682     
   12952.855201104692        10.000000000000000       -25.966119292961242        517.10909952007808     
   13152.855201104692        10.000000000000000       -26.651183264087489        543.76028278416561     
   13352.855201104692        10.000000000000000       -27.330337392355087        571.09062017652070     
   13552.855201104692        10.000000000000000       -28.003324020671084        599.09394419719183     
   13752.855201104692        10.000000000000000       -28.669911635703812        627.76385583289562     
   13952.855201104692        10.000000000000000       -29.329893419862469        657.09374925275813     
   14152.855201104692        10.000000000000000       -29.983085687921651        687.07683494067976     
   14352.855201104692        10.000000000000000       -30.629326246971498        717.70616118765122     
   14552.855201104692        10.000000000000000       -31.268472759921167        748.97463394757233     
   14752.855201104692        10.000000000000000       -31.900401184976591        780.87503513254887     
   14952.855201104692        10.000000000000000       -32.525004327190494        813.40003945973933     
   15152.855201104692        10.000000000000000       -33.142190506467216        846.54222996620661     
   15352.855201104692        10.000000000000000       -33.751882345330401        880.29411231153699     
   15552.855201104692        10.000000000000000       -34.354015708482855        914.64812802001984     
   15752.855201104692        10.000000000000000       -34.948538844767654        949.59666686478749     
   15952.855201104692        10.000000000000000       -35.535411749300508        985.13207861408796     
   16152.855201104692        10.000000000000000       -36.114605688162406        1021.2466843022504     
   16352.855201104692        10.000000000000000       -36.686102764998779        1057.9327870672491     
   16552.855201104692        10.000000000000000       -37.249895405928690        1095.1826824731779     
   16752.855201104692        10.000000000000000       -37.805985697673457        1132.9886681708513     
   16952.855201104692        10.000000000000000       -38.354384599224282        1171.3430527700755     
   17152.855201104692        10.000000000000000       -38.895111107984953        1210.2381638780605     
   17352.855201104692        10.000000000000000       -39.428191459220521        1249.6663553372809     
   17552.855201104692        10.000000000000000       -39.953658384895853        1289.6200137221767     
   17752.855201104692        10.000000000000000       -40.471550406294547        1330.0915641284712     
   17952.855201104692        10.000000000000000       -40.981911126189196        1371.0734752546605     
   18152.855201104692        10.000000000000000       -41.484788521372607        1412.5582637760331     
   18352.855201104692        10.000000000000000       -41.980234294512222        1454.5384980705453     
   18552.855201104692        10.000000000000000       -42.468303394154873        1497.0068014647002     
   18752.855201104692        10.000000000000000       -42.949053813015880        1539.9558552777160     
   18952.855201104692        10.000000000000000       -43.422546698001739        1583.3784019757177     
   19152.855201104692        10.000000000000000       -43.888846672389668        1627.2672486481074     
   19352.855201104692        10.000000000000000       -44.348022159962170        1671.6152708080695     
   19552.855201104692        10.000000000000000       -44.800145488775911        1716.4154162968453     
   19752.855201104692        10.000000000000000       -45.245292649900811        1761.6607089467461     
   19952.855201104692        10.000000000000000       -45.683542734431363        1807.3442516811774     
   20152.855201104692        10.000000000000000       -46.114977192413185        1853.4592288735905     
   20352.855201104692        10.000000000000000       -46.539679109056593        1899.9989079826471     
   20552.855201104692        10.000000000000000       -46.957732663969601        1946.9566406466167     
   20752.855201104692        10.000000000000000       -47.369222836745486        1994.3258634833621     
   20952.855201104692        10.000000000000000       -47.774235296342390        2042.1000987797045     
   21152.855201104692        10.000000000000000       -48.172856332855339        2090.2729551125599     
   21352.855201104692        10.000000000000000       -48.565172698944664        2138.8381278115044     
   21552.855201104692        10.000000000000000       -48.951271307776572        2187.7893991192809     
   21752.855201104692        10.000000000000000       -49.331238847744508        2237.1206379670252     
   21952.855201104692        10.000000000000000       -49.705161469976488        2286.8257994370019     
   22152.855201104692        10.000000000000000       -50.073124721152482        2336.8989241581544     
   22352.855201104692        10.000000000000000       -50.435213794837203        2387.3341379529916     
   22552.855201104692        10.000000000000000       -50.791514001092054        2438.1256519540834     
   22752.855201104692        10.000000000000000       -51.142111218304379        2489.2677631723877     
   22952.855201104692        10.000000000000000       -51.487092085282974        2540.7548552576709     
   23152.855201104692        10.000000000000000       -51.826543817220902        2592.5813990748916     
   23352.855201104692        10.000000000000000       -52.160553703285181        2644.7419527781767     
   23552.855201104692        10.000000000000000       -52.489208471320275        2697.2311612494968     
   23752.855201104692        10.000000000000000       -52.812593736638334        2750.0437549861354     
   23952.855201104692        10.000000000000000       -53.130793706818679        2803.1745486929540     
   24152.855201104692        10.000000000000000       -53.443891216809021        2856.6184399097629     
   24352.855201104692        10.000000000000000       -53.751968036303253        2910.3704079460663     
   24552.855201104692        10.000000000000000       -54.055105274602397        2964.4255132206686     
   24752.855201104692        10.000000000000000       -54.353383671993114        3018.7788968926616     
   24952.855201104692        10.000000000000000       -54.646883632533481        3073.4257805251950     
   25152.855201104692        10.000000000000000       -54.935684979446528        3128.3614655046417     
   25352.855201104692        10.000000000000000       -55.219866532034445        3183.5813320366760     
   25552.855201104692        10.000000000000000       -55.499505686077576        3239.0808377227536     
   25752.855201104692        10.000000000000000       -55.774678211314821        3294.8555159340685     
   25952.855201104692        10.000000000000000       -56.045458424798305        3350.9009743588667     
   26152.855201104692        10.000000000000000       -56.311919755194324        3407.2128941140609     
   26352.855201104692        10.000000000000000       -56.574135528039349        3463.7870296421002     
   26552.855201104692        10.000000000000000       -56.832179662733701        3520.6192093048339     
   26752.855201104692        10.000000000000000       -57.086126968354129        3577.7053362731881     
   26952.855201104692        10.000000000000000       -57.336052878970001        3635.0413891521580     
   27152.855201104692        10.000000000000000       -57.582032701052817        3692.6234218532109     
   27352.855201104692        10.000000000000000       -57.824140632678251        3750.4475624858892     
   27552.855201104692        10.000000000000000       -58.062448874189926        3808.5100113600793     
   27752.855201104692        10.000000000000000       -58.297027082174843        3866.8070384422540     
   27952.855201104692        10.000000000000000       -58.527942292343184        3925.3349807345971     
   28152.855201104692        10.000000000000000       -58.755259291634118        3984.0902400262312     
   28352.855201104692        10.000000000000000       -58.979041270847809        4043.0692812970792     
   28552.855201104692        10.000000000000000       -59.199350491291192        4102.2686317883708     
   28752.855201104692        10.000000000000000       -59.416248714525842        4161.6848805028967     
   28952.855201104692        10.000000000000000       -59.629797270865190        4221.3146777737620     
   29152.855201104692        10.000000000000000       -59.840056806139579        4281.1547345799017     
   29352.855201104692        10.000000000000000       -60.047086863728133        4341.2018214436303     
   29552.855201104692        10.000000000000000       -60.250945489909931        4401.4527669335403     
   29752.855201104692        10.000000000000000       -60.451689038972418        4461.9044559725126     
   29952.855201104692        10.000000000000000       -60.649372323572351        4522.5538282960852     
   30152.855201104692        10.000000000000000       -60.844049167995330        4583.3978774640809     
   30352.855201104692        10.000000000000000       -61.035773270205247        4644.4336507342859     
   30552.855201104692        10.000000000000000       -61.224599137261741        4705.6582498715479     
   30752.855201104692        10.000000000000000       -61.410582787241459        4767.0688326587897     
   30952.855201104692        10.000000000000000       -61.593781932931968        4828.6626145917216     
   31152.855201104692        10.000000000000000       -61.774255496398972        4890.4368700881205     
   31352.855201104692        10.000000000000000       -61.952062526839960        4952.3889326149601     
   31552.855201104692        10.000000000000000       -62.127260813247197        5014.5161934282078     
   31752.855201104692        10.000000000000000       -62.299905589629390        5076.8160990178376     
   31952.855201104692        10.000000000000000       -62.470048679303659        5139.2861476971411     
   32152.855201104692        10.000000000000000       -62.637738259283466        5201.9238859564248     
   32352.855201104692        10.000000000000000       -62.803019233143218        5264.7269051895682     
   32552.855201104692        10.000000000000000       -62.965934072259365        5327.6928392618274     
   32752.855201104692        10.000000000000000       -63.126523909100086        5390.8193631709273     
   32952.855201104692        10.000000000000000       -63.284829596740266        5454.1041927676679     
   33152.855201104692        10.000000000000000       -63.440892428307947        5517.5450851959758     
   33352.855201104692        10.000000000000000       -63.594754312535152        5581.1398395085107     
   33552.855201104692        10.000000000000000       -63.746457408237667        5644.8862969167485     
   33752.855201104692        10.000000000000000       -63.896043421780718        5708.7823403385291     
   33952.855201104692        10.000000000000000       -64.043552864333734        5772.8258932028630     
   34152.855201104692        10.000000000000000       -64.189024526879351        5837.0149177297426     
   34352.855201104692        10.000000000000000       -64.332495309369222        5901.3474130391114     
   34552.855201104692        10.000000000000000       -64.474000450859052        5965.8214134899708     
   34752.855201104692        10.000000000000000       -64.613574168771876        6030.4349876587430     
   34952.855201104692        10.000000000000000       -64.751250641601729        6095.1862383003445     
   35152.855201104692        10.000000000000000       -64.887065135446463        6160.0733034357909     
   35352.855201104692        10.000000000000000       -65.021054971044649        6225.0943584068355     
   35552.855201104692        10.000000000000000       -65.153260048919549        6290.2476184557554     
   35752.855201104692        10.000000000000000       -65.283722753822133        6355.5313412095775     
   35952.855201104692        10.000000000000000       -65.412487174620750        6420.9438283841982     
   36152.855201104692        10.000000000000000       -65.539597715569727        6486.4834260997677     
   36352.855201104692        10.000000000000000       -65.665097355380126        6552.1485234551483     
   36552.855201104692        10.000000000000000       -65.789025960101640        6617.9375494152500     
   36752.855201104692        10.000000000000000       -65.911419073601380        6683.8489684888518     
   36952.855201104692        10.000000000000000       -66.032307468778157        6749.8812759576304     
   37152.855201104692        10.000000000000000       -66.151717512360904        6816.0329934699912     
   37352.855201104692        10.000000000000000       -66.269672182071602        6882.3026656520624     
   37552.855201104692        10.000000000000000       -66.386192451736036        6948.6888581037983     
   37752.855201104692        10.000000000000000       -66.501298763364716        7015.1901568671628     
   37952.855201104692        10.000000000000000       -66.615012342924075        7081.8051692100871     
   38152.855201104692        10.000000000000000       -66.727356106126891        7148.5325253162137     
   38352.855201104692        10.000000000000000       -66.838354919800821        7215.3708802360143     
   38552.855201104692        10.000000000000000       -66.948035138492415        7282.3189153745070     
   38752.855201104692        10.000000000000000       -67.056423586411810        7349.3753389609192     
   38952.855201104692        10.000000000000000       -67.163546352126559        7416.5388853130462     
   39152.855201104692        10.000000000000000       -67.269427796343635        7483.8083131093899     
   39352.855201104692        10.000000000000000       -67.374090046227877        7551.1824031556180     
   39552.855201104692        10.000000000000000       -67.477553051640228        7618.6599562072579     
   39752.855201104692        10.000000000000000       -67.579835105047863        7686.2397913123059     
   39952.855201104692        10.000000000000000       -67.680953631799696        7753.9207449441055     
   40152.855201104692        10.000000000000000       -67.780809993665827        7821.7015549377711     
   40352.855201104692        10.000000000000000       -67.879698221945247        7889.5812531597167     
   40552.855201104692        10.000000000000000       -67.977455292941826        7957.5587084526587     
   40752.855201104692        10.000000000000000       -68.074007644755852        8025.6327160974142     
   40952.855201104692        10.000000000000000       -68.169542432669132        8093.8022585300832     
   41152.855201104692        10.000000000000000       -68.264069020421744        8162.0663275505049     
   41352.855201104692        10.000000000000000       -68.357616272727284        8230.4239438232325     
   41552.855201104692        10.000000000000000       -68.450219578659542        8298.8741634018916     
   41752.855201104692        10.000000000000000       -68.541916755449535        8367.4160801573416     
   41952.855201104692        10.000000000000000       -68.632745108976081        8436.0488252663181     
   42152.855201104692        10.000000000000000       -68.722738780124800        8504.7715640464430     
   42352.855201104692        10.000000000000000       -68.811926589610025        8573.5834906360524     
   42552.855201104692        10.000000000000000       -68.900330757188968        8642.4838213932417     
   42752.855201104692        10.000000000000000       -68.987966715427135        8711.4717881086690     
   42952.855201104692        10.000000000000000       -69.074843964309750        8780.5466320729793     
   43152.855201104692        10.000000000000000       -69.160967674296046        8849.7075997472748     
   43352.855201104692        10.000000000000000       -69.246340630557654        8918.9539403778326     
   43552.855201104692        10.000000000000000       -69.331066274596992        8988.2850066524297     
   43752.855201104692        10.000000000000000       -69.415007689070436        9057.7000143415007     
   43952.855201104692        10.000000000000000       -69.498091565356404        9127.1981059068567     
   44152.855201104692        10.000000000000000       -69.580568225502006        9196.7786741323580     
   44352.855201104692        10.000000000000000       -69.662294819216356        9266.4409689515742     
   44552.855201104692        10.000000000000000       -69.743299932551594        9336.1842688841261     
   44752.855201104692        10.000000000000000       -69.823601908002104        9406.0078707921275     
   44952.855201104692        10.000000000000000       -69.903216323778594        9475.9110871159064     
   45152.855201104692        10.000000000000000       -69.982156210944140        9545.8932433268510     
   45352.855201104692        10.000000000000000       -70.060337853042839        9615.9535811798942     
   45552.855201104692        10.000000000000000       -70.137897579154526        9686.0914787590482     
   45752.855201104692        10.000000000000000       -70.214820304633250        9756.3062990636809     
   45952.855201104692        10.000000000000000       -70.291101805113328        9826.5974008687936     
   46152.855201104692        10.000000000000000       -70.366740003774439        9896.9641408725674     
   46352.855201104692        10.000000000000000       -70.441734394318246        9967.4058752668861     
   46552.855201104692        10.000000000000000       -70.516086747600085        10037.921962014487     
   46752.855201104692        10.000000000000000       -70.589801946292411        10108.511763960780     
   46952.855201104692        10.000000000000000       -70.662888780126906        10179.174652740907     
   47152.855201104692        10.000000000000000       -70.735360667764198        10249.910013408671     
   47352.855201104692        10.000000000000000       -70.807236107803689        10320.717249516474     
   47552.855201104692        10.000000000000000       -70.878538546999664        10391.595788063474     
   47752.855201104692        10.000000000000000       -70.949295467298413        10462.545083530773     
   47952.855201104692        10.000000000000000       -71.019536677047228        10533.564620207821     
   48152.855201104692        10.000000000000000       -71.089292020842720        10604.653912228663     
   48352.855201104692        10.000000000000000       -71.158588911365854        10675.812501140030     
   48552.855201104692        10.000000000000000       -71.227450104311146        10747.039951244340     
   48752.855201104692        10.000000000000000       -71.295892028424902        10818.335843272765     
   48952.855201104692        10.000000000000000       -71.363923873171672        10889.699767145938     
   49152.855201104692        10.000000000000000       -71.431547556679007        10961.131314702616     
   49352.855201104692        10.000000000000000       -71.498758593846858        11032.630073296463     
   49552.855201104692        10.000000000000000       -71.565547735837015        11104.195621032301     
   49752.855201104692        10.000000000000000       -71.631903102631441        11175.827524134933     
   49952.855201104692        10.000000000000000       -71.697812446397606        11247.525336581330     
   50152.855201104692        10.000000000000000       -71.763265197554617        11319.288601778884     
   50352.855201104692        10.000000000000000       -71.828254041817914        11391.116855820703     
   50552.855201104692        10.000000000000000       -71.892775910602452        11463.009631731305     
   50752.855201104692        10.000000000000000       -71.956832393556397        11534.966464124862     
   50952.855201104692        10.000000000000000       -72.020503922670827        11606.986968047533     
   51152.855201104692        10.000000000000000       -72.083621912292159        11679.070589959825     
   51352.855201104692        10.000000000000000       -72.146319937452063        11751.216909897277     
   51552.855201104692        10.000000000000000       -72.208602893727587        11823.425512791006     
   51752.855201104692        10.000000000000000       -72.270483707942290        11895.695996498947     
   51952.855201104692        10.000000000000000       -72.331974372687270        11968.027970871635     
   52152.855201104692        10.000000000000000       -72.393082954484981        12040.421053826120     
   52352.855201104692        10.000000000000000       -72.453812455808432        12112.874866281927     
   52552.855201104692        10.000000000000000       -72.514161038917379        12185.389027320845     
   52752.855201104692        10.000000000000000       -72.574123294437612        12257.963150615284     
   52952.855201104692        10.000000000000000       -72.633692110530077        12330.596842725814     
   53152.855201104692        10.000000000000000       -72.692860671036101        12403.289703396849     
   53352.855201104692        10.000000000000000       -72.751624202386893        12476.041327599236     
   53552.855201104692        10.000000000000000       -72.809981240168554        12548.851308839405     
   53752.855201104692        10.000000000000000       -72.867934337962183        12621.719243177367     
   53952.855201104692        10.000000000000000       -72.925490257283997        12694.644733434652     
   54152.855201104692        10.000000000000000       -72.982659879564224        12767.627393314217     
   54352.855201104692        10.000000000000000       -73.039458189335008        12840.666851503551     
   54552.855201104692        10.000000000000000       -73.095904448112009        12913.762755951662     
   54752.855201104692        10.000000000000000       -73.152022277663079        12986.914778229326     
   54952.855201104692        10.000000000000000       -73.207839189522488        13060.122617418849     
   55152.855201104692        10.000000000000000       -73.263385292092337        13133.386002710940     
   55352.855201104692        10.000000000000000       -73.318691299812102        13206.704694010752     
   55552.855201104692        10.000000000000000       -73.373786144491490        13280.078480155244     
   55752.855201104692        10.000000000000000       -73.428694557912507        13353.507174713157     
   55952.855201104692        10.000000000000000       -73.483435007593656        13426.990609720751     
   56152.855201104692        10.000000000000000       -73.538018246599819        13500.528627967351     
   56352.855201104692        10.000000000000000       -73.592446584269396        13574.121074551620     
   56552.855201104692        10.000000000000000       -73.646713929492279        13647.767788481113     
   56752.855201104692        10.000000000000000       -73.700806660670395        13721.468595141783     
   56952.855201104692        10.000000000000000       -73.754705315852718        13795.223300457636     
   57152.855201104692        10.000000000000000       -73.808386942120421        13869.031687399756     
   57352.855201104692        10.000000000000000       -73.861827775247193        13942.893515175003     
   57552.855201104692        10.000000000000000       -73.915005837316443        14016.808521012319     
   57752.855201104692        10.000000000000000       -73.967903080365801        14090.776424092684     
   57952.855201104692        10.000000000000000       -74.020506838901440        14164.796930931587     
   58152.855201104692        10.000000000000000       -74.072810521325124        14238.869741452912     
   58352.855201104692        10.000000000000000       -74.124813614573881        14312.994555067486     
   58552.855201104692        10.000000000000000       -74.176521166977722        14387.171076234463     
   58752.855201104692        10.000000000000000       -74.227942947781557        14461.399019182245     
   58952.855201104692        10.000000000000000       -74.279092516889165        14535.678111699133     
   59152.855201104692        10.000000000000000       -74.329986248215675        14610.008097947350     
   59352.855201104692        10.000000000000000       -74.380642011256896        14684.388739958606     
   59552.855201104692        10.000000000000000       -74.431077182379383        14758.819817140986     
   59752.855201104692        10.000000000000000       -74.481306084080970        14833.301123225066     
   59952.855201104692        10.000000000000000       -74.531337476198331        14907.832460701266     
   60152.855201104692        10.000000000000000       -74.581172911974178        14982.413633613240     
   60352.855201104692        10.000000000000000       -74.630806513743153        15057.044440126983     
   60552.855201104692        10.000000000000000       -74.680226226821532        15131.724666353804     
   60752.855201104692        10.000000000000000       -74.729416163003179        15206.454082516808     
   60952.855201104692        10.000000000000000       -74.778359420086062        15281.232441936894     
   61152.855201104692        10.000000000000000       -74.827040776918864        15356.059482713814     
   61352.855201104692        10.000000000000000       -74.875448832328630        15430.934931546142     
   61552.855201104692        10.000000000000000       -74.923577376790760        15505.858508922933     
   61752.855201104692        10.000000000000000       -74.971425980360578        15580.829934903293     
   61952.855201104692        10.000000000000000       -75.018999912237206        15655.848934815531     
   62152.855201104692        10.000000000000000       -75.066309571960332        15730.915244387492     
   62352.855201104692        10.000000000000000       -75.113369623560274        15806.028614011053     
   62552.855201104692        10.000000000000000       -75.160198191440557        15881.188812202494     
   62752.855201104692        10.000000000000000       -75.206816515728519        15956.395628718223     
   62952.855201104692        10.000000000000000       -75.253249068769946        16031.648877786993     
   63152.855201104692        10.000000000000000       -75.299523612023592        16106.948401399017     
   63352.855201104692        10.000000000000000       -75.345670544379814        16182.294071943397     
   63552.855201104692        10.000000000000000       -75.391721264021243        16257.685793207418     
   63752.855201104692        10.000000000000000       -75.437705811675102        16333.123499019093     
   63952.855201104692        10.000000000000000       -75.483650411809847        16408.607149430904     
   64152.855201104692        10.000000000000000       -75.529575538821419        16484.136724969725     
   64352.855201104692        10.000000000000000       -75.575494684569790        16559.712219654295     
   64552.855201104692        10.000000000000000       -75.621413709056881        16635.333633363352     
   64752.855201104692        10.000000000000000       -75.667330639112663        16711.000964002465     
   64952.855201104692        10.000000000000000       -75.713235789778949        16786.714199792244     
   65152.855201104692        10.000000000000000       -75.759112133368490        16862.473311925613     
   65352.855201104692        10.000000000000000       -75.804935999657232        16938.278247925271     
   65552.855201104685        10.000000000000000       -75.850678321207212        17014.128926246478     
   65752.855201104685        10.000000000000000       -75.896306574675975        17090.025232821154     
   65952.855201104685        10.000000000000000       -75.941787327840515        17165.967020148993     
   66152.855201104685        10.000000000000000       -75.987089045838999        17241.954109194834     
   66352.855201104685        10.000000000000000       -76.032184689264781        17317.986293884100     
   66552.855201104685        10.000000000000000       -76.077053692283769        17394.063347576383     
   66752.855201104685        10.000000000000000       -76.121683085046925        17470.185030661429     
   66952.855201104685        10.000000000000000       -76.166067730920972        17546.351098392348     
   67152.855201104685        10.000000000000000       -76.210209814026911        17622.561308206376     
   67352.855201104685        10.000000000000000       -76.254117804460265        17698.815426010835     
   67552.855201104685        10.000000000000000       -76.297805149043697        17775.113231159878     
   67752.855201104685        10.000000000000000       -76.341288905100697        17851.454520064977     
   67952.855201104685        10.000000000000000       -76.384588478311144        17927.839108543289     
   68152.855201104685        10.000000000000000       -76.427724625872614        18004.266833169160     
   68352.855201104685        10.000000000000000       -76.470718586851319        18080.737551756010     
   68552.855201104685        10.000000000000000       -76.513590777055441        18157.251142533067     
   68752.855201104685        10.000000000000000       -76.556358583995390        18233.807501117062     
   68952.855201104685        10.000000000000000       -76.599033499166396        18310.406534616228     
   69152.855201104685        10.000000000000000       -76.641618517537793        18387.048153133765     
   69352.855201104685        10.000000000000000       -76.684106855230084        18463.732259988996     
   69552.855201104685        10.000000000000000       -76.726482560590483        18540.458742549585     
   69752.855201104685        10.000000000000000       -76.768722894157747        18617.227465443742     
   69952.855201104685        10.000000000000000       -76.810801819440258        18694.038267263182     
   70152.855201104685        10.000000000000000       -76.852693756471183        18770.890961019653     
   70352.855201104685        10.000000000000000       -76.894376865798179        18847.785337885452     
   70552.855201104685        10.000000000000000       -76.935835408945792        18924.721173294398     
   70752.855201104685        10.000000000000000       -76.977061031288571        19001.698234325686     
   70952.855201104685        10.000000000000000       -77.018053046195632        19078.716287371881     
   71152.855201104685        10.000000000000000       -77.058817935271733        19155.775105307152     
   71352.855201104685        10.000000000000000       -77.099368327512835        19232.874473634663     
   71552.855201104685        10.000000000000000       -77.139721706571919        19310.014195341235     
   71752.855201104685        10.000000000000000       -77.179899048401012        19387.194094389637     
   71952.855201104685        10.000000000000000       -77.219923533351619        19464.414017922987     
   72152.855201104685        10.000000000000000       -77.259819421446551        19541.673837344435     
   72352.855201104685        10.000000000000000       -77.299611415275464        19618.973448759709     
   72552.855201104685        10.000000000000000       -77.339324861159923        19696.312773620870     
   72752.855201104685        10.000000000000000       -77.378986558201134        19773.691760179070     
   72952.855201104685        10.000000000000000       -77.418625303812831        19851.110385482883     
   73152.855201104685        10.000000000000000       -77.458271305789850        19928.568656788673     
   73352.855201104685        10.000000000000000       -77.497954237994804        20006.066611026668     
   73552.855201104685        10.000000000000000       -77.537700466011302        20083.604311492680     
   73752.855201104685        10.000000000000000       -77.577530339293659        20161.181841831974     
   73952.855201104685        10.000000000000000       -77.617456336186663        20238.799298168160     
   74152.855201104685        10.000000000000000       -77.657482451630813        20316.456780619792     
   74352.855201104685        10.000000000000000       -77.697604474869010        20394.154385094662     
   74552.855201104685        10.000000000000000       -77.737810602038024        20471.892195696699     
   74752.855201104685        10.000000000000000       -77.778082073729934        20549.670277770430     
   74952.855201104685        10.000000000000000       -77.818393711489321        20627.488671481919     
   75152.855201104685        10.000000000000000       -77.858714389509473        20705.347385871428     
   75352.855201104685        10.000000000000000       -77.899007723650897        20783.246393595080     
   75552.855201104685        10.000000000000000       -77.939233390291804        20861.185626985371     
   75752.855201104685        10.000000000000000       -77.979349315025829        20939.164976300395     
   75952.855201104685        10.000000000000000       -78.019314584756160        21017.184290885150     
   76152.855201104685        10.000000000000000       -78.059092591676929        21095.243383476827     
   76352.855201104685        10.000000000000000       -78.098653798786557        21173.342037275615     
   76552.855201104685        10.000000000000000       -78.137977638896700        21251.480014914512     
   76752.855201104685        10.000000000000000       -78.177053317421112        21329.657068231932     
   76952.855201104685        10.000000000000000       -78.215879555721486        21407.872947787655     
   77152.855201104685        10.000000000000000       -78.254463502032678        21486.127411289686     
   77352.855201104685        10.000000000000000       -78.292819123450229        21564.420230413136     
   77552.855201104685        10.000000000000000       -78.330965390251890        21642.751195803387     
   77752.855201104685        10.000000000000000       -78.368924505709018        21721.120120309097     
   77952.855201104685        10.000000000000000       -78.406720353531128        21799.526840662627     
   78152.855201104685        10.000000000000000       -78.444377255345273        21877.971217917973     
   78352.855201104685        10.000000000000000       -78.481919065597950        21956.453136983571     
   78552.855201104685        10.000000000000000       -78.519368585595629        22034.972505569167     
   78752.855201104685        10.000000000000000       -78.556747339919838        22113.529252909088     
   78952.855201104685        10.000000000000000       -78.594075359195102        22192.123328268284     
   79152.855201104685        10.000000000000000       -78.631370110714727        22270.754698378998     
   79352.855201104685        10.000000000000000       -78.668644041894609        22349.423342420894     
   79552.855201104685        10.000000000000000       -78.705901279723179        22428.129243700616     
   79752.855201104685        10.000000000000000       -78.743134889032831        22506.872378589647     
   79952.855201104685        10.000000000000000       -78.780326047585902        22585.652704637232     
   80152.855201104685        10.000000000000000       -78.817445691514649        22664.470150328747     
   80352.855201104685        10.000000000000000       -78.854458226265763        22743.324608555013     
   80552.855201104685        10.000000000000000       -78.891326288940377        22822.215934843953     
   80752.855201104685        10.000000000000000       -78.928015439528579        22901.143950283480     
   80952.855201104685        10.000000000000000       -78.964497924285368        22980.108448207764     
   81152.855201104685        10.000000000000000       -79.000755071926804        23059.109203279691     
   81352.855201104685        10.000000000000000       -79.036778270617887        23138.145981550308     
   81552.855201104685        10.000000000000000       -79.072568738427648        23217.218550288737     
   81752.855201104685        10.000000000000000       -79.108136426835415        23296.326686715573     
   81952.855201104685        10.000000000000000       -79.143498414846931        23375.470185130420     
   82152.855201104685        10.000000000000000       -79.178677102268125        23454.648862232687     
   82352.855201104685        10.000000000000000       -79.213698432694670        23533.862560665380     
   82552.855201104685        10.000000000000000       -79.248590295822979        23613.111150961202     
   82752.855201104685        10.000000000000000       -79.283381189107772        23692.394532150309     
   82952.855201104685        10.000000000000000       -79.318099166353818        23771.712631316663     
   83152.855201104685        10.000000000000000       -79.352771065286660        23851.065402381948     
   83352.855201104685        10.000000000000000       -79.387421985133471        23930.452824367083     
   83552.855201104685        10.000000000000000       -79.422075388030379        24009.874899755112     
   83752.855201104685        10.000000000000000       -79.456754202367208        24089.331653957481     
   83952.855201104685        10.000000000000000       -79.491482452251716        24168.823136409734     
   84152.855201104685        10.000000000000000       -79.526286163612667        24248.349422573345     
   84352.855201104685        10.000000000000000       -79.561192516236517        24327.910615089582     
   84552.855201104685        10.000000000000000       -79.596227218983401        24407.506842308565     
   84752.855201104685        10.000000000000000       -79.631411038706588        24487.138253347272     
   84952.855201104685        10.000000000000000       -79.666756731442348        24566.805010078715     
   85152.855201104685        10.000000000000000       -79.702267307170388        24646.507277385885     
   85352.855201104685        10.000000000000000       -79.737935952766520        24726.245213338651     
   85552.855201104685        10.000000000000000       -79.773747391959361        24806.018960730609     
   85752.855201104685        10.000000000000000       -79.809680155393224        24885.828640886004     
   85952.855201104685        10.000000000000000       -79.845708697140907        24965.674349583143     
   86152.855201104685        10.000000000000000       -79.881804615771117        25045.556154198915     
   86352.855201104685        10.000000000000000       -79.917936938914707        25125.474091137829     
   86552.855201104685        10.000000000000000       -79.954071740647336        25205.428162878477     
