 #              _____________________  _______________________             #
 #              ___  __ \__  __ \_  / / /_  /___  ____/_  ___/             #
 #              __  / / /_  /_/ /  / / /_  __/_  __/  _____ \              #
 #              _  /_/ /_  _, _// /_/ / / /_ _  /___  ____/ /              #
 #              /_____/ /_/ |_| \____/  \__/ /_____/  /____/               #
 #                                                                         #
  
 DRUtES is initializing, reading input files
 ---------------------------------------------------------------
 17hrs : 40min : 21.537s  -  2021/01/04    total number of parallel images is:                    1
 ---------------------------------------------------------------
 17hrs : 40min : 21.538s  -  2021/01/04    reading input files and allocating...
 ---------------------------------------------------------------
 17hrs : 40min : 21.540s  -  2021/01/04    number of nodes:                   61 number of elements:                   60
 ---------------------------------------------------------------
 17hrs : 40min : 21.544s  -  2021/01/04    analyzing mesh structure...
 ---------------------------------------------------------------
 17hrs : 40min : 21.556s  -  2021/01/04    DRUtES solves coupled water and heat flow considering freezing and melting
 ---------------------------------------------------------------
 17hrs : 40min : 21.556s  -  2021/01/04    making output files for observation time
 ---------------------------------------------------------------
 17hrs : 40min : 21.574s  -  2021/01/04    go 4 solving
 ---------------------------------------------------------------
 17hrs : 40min : 21.663s  -  2021/01/04    current simulation time:   1.0000000000000000 total iteration count:                    2
 ---------------------------------------------------------------
 17hrs : 40min : 44.520s  -  2021/01/04    making output files for observation time
 ---------------------------------------------------------------
 17hrs : 41min : 35.713s  -  2021/01/04    making output files for observation time
 ---------------------------------------------------------------
 17hrs : 42min : 35.977s  -  2021/01/04    making output files for observation time
 ---------------------------------------------------------------
 17hrs : 44min : 40.462s  -  2021/01/04    making output files for observation time
 ---------------------------------------------------------------
 17hrs : 44min : 40.488s  -  2021/01/04    making output files for observation time
 ---------------------------------------------------------------
 17hrs : 44min : 40.602s  -  2021/01/04    # real elapsed CPU time =   4.3171666666666777 min
 ---------------------------------------------------------------
 17hrs : 44min : 40.608s  -  2021/01/04    minimal adjusted time step was  0.91011600000000015
 ---------------------------------------------------------------
 17hrs : 44min : 40.609s  -  2021/01/04    F I N I S H E D !!!!!
 ---------------------------------------------------------------
 17hrs : 44min : 40.634s  -  2021/01/04    Peak RAM  consumption on image                    1 was:                    0 kB
