                  121                  121                  543
                    1                    1  -4.3660223742243821E-017
                    1                    2   4.3660223742243821E-017
                    1                   62  -3.5302073776678546E-006
                    1                   63   5.3183408890990209E-015
                    2                    1   4.3660223742243821E-017
                    2                    2  -2.9730751245979462E-004
                    2                    3   9.2975878101398166E-016
                    2                   62   5.3183408890990209E-015
                    2                   63  -1.3510179419273270E-005
                    2                   64   9.4971728340058956E-014
                    3                    2   9.2975878101398166E-016
                    3                    3  -7.2796306204264618E-004
                    3                    4   4.7900150146836139E-011
                    3                   63   9.4971728340058956E-014
                    3                   64  -4.0862164381751140E-005
                    3                   65   1.1591258830067454E-009
                    4                    3   4.7900150146836139E-011
                    4                    4  -8.1396648333165026E-004
                    4                    5   3.9728636926359307E-005
                    4                   64   1.1591258830067454E-009
                    4                   65  -1.6041132348030369E-004
                    4                   66   4.0188881835026825E-007
                    5                    4   3.9728636926359307E-005
                    5                    5  -8.6257051594561870E-004
                    5                    6   5.2263050294108041E-005
                    5                   65   4.0188881835026825E-007
                    5                   66  -1.1655499894185551E-005
                    5                   67   4.3267421261793293E-007
                    6                    5   5.2263050294108041E-005
                    6                    6  -8.7833182722219438E-004
                    6                    7   5.4679368327840520E-005
                    6                   66   4.3267421261793293E-007
                    6                   67  -8.8978475493733026E-007
                    6                   68   4.5711054231939733E-007
                    7                    6   5.4679368327840520E-005
                    7                    7  -8.8562380883291719E-004
                    7                    8   5.6543026900493603E-005
                    7                   67   4.5711054231939733E-007
                    7                   68  -9.3611227810737115E-007
                    7                   69   4.7900173578797382E-007
                    8                    7   5.6543026900493603E-005
                    8                    8  -8.9500801008406215E-004
                    8                    9   5.9432859819696422E-005
                    8                   68   4.7900173578797382E-007
                    8                   69  -9.8598725421644116E-007
                    8                   70   5.0698551842846723E-007
                    9                    8   5.9432859819696422E-005
                    9                    9  -9.0791184404461021E-004
                    9                   10   6.2816727469073685E-005
                    9                   69   5.0698551842846723E-007
                    9                   70  -1.0451110003947492E-006
                    9                   71   5.3812548196628183E-007
                   10                    9   6.2816727469073685E-005
                   10                   10  -9.2152690414054432E-004
                   10                   11   6.6228127031398154E-005
                   10                   70   5.3812548196628183E-007
                   10                   71  -1.1079296425704980E-006
                   10                   72   5.6980416060421622E-007
                   11                   10   6.6228127031398154E-005
                   11                   11  -9.3416619767745790E-004
                   11                   12   6.9421586932143470E-005
                   11                   71   5.6980416060421622E-007
                   11                   72  -1.1704385024422534E-006
                   11                   73   6.0063434183803722E-007
                   12                   11   6.9421586932143470E-005
                   12                   12  -9.4521357039407689E-004
                   12                   13   7.2308719646840816E-005
                   12                   72   6.0063434183803722E-007
                   12                   73  -1.2307285353716143E-006
                   12                   74   6.3009419353357720E-007
                   13                   12   7.2308719646840816E-005
                   13                   13  -9.5462569682665623E-004
                   13                   14   7.4884078533627284E-005
                   13                   73   6.3009419353357720E-007
                   13                   74  -1.2882029933963453E-006
                   13                   75   6.5810879986276801E-007
                   14                   13   7.4884078533627284E-005
                   14                   14  -9.6258688817908744E-004
                   14                   15   7.7176630828454287E-005
                   14                   74   6.5810879986276801E-007
                   14                   75  -1.3428930471456090E-006
                   14                   76   6.8478424728284084E-007
                   15                   14   7.7176630828454287E-005
                   15                   15  -9.6933584044576267E-004
                   15                   16   7.9224770021362698E-005
                   15                   75   6.8478424728284084E-007
                   15                   76  -1.3950589844503194E-006
                   15                   77   7.1027473716747869E-007
                   16                   15   7.9224770021362698E-005
                   16                   16  -9.7509631556440691E-004
                   16                   17   8.1065790058625168E-005
                   16                   76   7.1027473716747869E-007
                   16                   77  -1.4450031535360974E-006
                   16                   78   7.3472841636861877E-007
                   17                   16   8.1065790058625168E-005
                   17                   17  -9.8005744910918745E-004
                   17                   18   8.2732514462520619E-005
                   17                   77   7.3472841636861877E-007
                   17                   78  -1.4929994646823813E-006
                   17                   79   7.5827104831376251E-007
                   18                   17   8.2732514462520619E-005
                   18                   18  -9.8437346209399174E-004
                   18                   19   8.4252833503672785E-005
                   18                   78   7.5827104831376251E-007
                   18                   79  -1.5392756444292098E-006
                   18                   80   7.8100459611544716E-007
                   19                   18   8.4252833503672785E-005
                   19                   19  -9.8816892772816750E-004
                   19                   20   8.5650147790826392E-005
                   19                   79   7.8100459611544716E-007
                   19                   80  -1.5840147416164977E-006
                   19                   81   8.0301014550105063E-007
                   20                   19   8.5650147790826392E-005
                   20                   20  -9.9154438966685653E-004
                   20                   21   8.6943957557887458E-005
                   20                   80   8.0301014550105063E-007
                   20                   81  -1.6273613934495438E-006
                   20                   82   8.2435124794849316E-007
                   21                   20   8.6943957557887458E-005
                   21                   21  -9.9458094930159426E-004
                   21                   22   8.8150390973089043E-005
                   21                   81   8.2435124794849316E-007
                   21                   82  -1.6694279518130791E-006
                   21                   83   8.4507670386458606E-007
                   22                   21   8.8150390973089043E-005
                   22                   22  -9.9734380114860854E-004
                   22                   23   8.9282656790930199E-005
                   22                   82   8.4507670386458606E-007
                   22                   83  -1.7102995158721701E-006
                   22                   84   8.6522281200758407E-007
                   23                   22   8.9282656790930199E-005
                   23                   23  -9.9988500734890778E-004
                   23                   24   9.0351446256619903E-005
                   23                   83   8.6522281200758407E-007
                   23                   84  -1.7500381121371659E-006
                   23                   85   8.8481530012958175E-007
                   24                   23   9.0351446256619903E-005
                   24                   24  -1.0022457642646617E-003
                   24                   25   9.1365301860602165E-005
                   24                   84   8.8481530012958175E-007
                   24                   85  -1.7886863864384394E-006
                   24                   86   9.0387108630885762E-007
                   25                   24   9.1365301860602165E-005
                   25                   25  -1.0044583138708876E-003
                   25                   26   9.2330957996843954E-005
                   25                   85   9.0387108630885762E-007
                   25                   86  -1.8262710145547465E-006
                   25                   87   9.2239992824588890E-007
                   26                   25   9.2330957996843954E-005
                   26                   26  -1.0065475784904051E-003
                   26                   27   9.3253651793941800E-005
                   26                   86   9.2239992824588890E-007
                   26                   87  -1.8628058901814389E-006
                   26                   88   9.4040596193555006E-007
                   27                   26   9.3253651793941800E-005
                   27                   27  -1.0085325590519548E-003
                   27                   28   9.4137401050287012E-005
                   27                   87   9.4040596193555006E-007
                   27                   88  -1.8982950732310599E-006
                   27                   89   9.5788911129550985E-007
                   28                   27   9.4137401050287012E-005
                   28                   28  -1.0104275222817573E-003
                   28                   29   9.4985247588192569E-005
                   28                   88   9.5788911129550985E-007
                   28                   89  -1.9327354623471415E-006
                   28                   90   9.7484635105163182E-007
                   29                   28   9.4985247588192569E-005
                   29                   29  -1.0122429985473958E-003
                   29                   30   9.5799466343230791E-005
                   29                   89   9.7484635105163182E-007
                   29                   90  -1.9661191644617670E-006
                   29                   91   9.9127281341013494E-007
                   30                   29   9.5799466343230791E-005
                   30                   30  -1.0139866118310775E-003
                   30                   31   9.6581742111080855E-005
                   30                   90   9.9127281341013494E-007
                   30                   91  -1.9984355510665879E-006
                   30                   92   1.0071627376564532E-006
                   31                   30   9.6581742111080855E-005
                   31                   31  -1.0156637631562643E-003
                   31                   32   9.7333316827344414E-005
                   31                   91   1.0071627376564532E-006
                   31                   92  -2.0296730058545093E-006
                   31                   93   1.0225102681980563E-006
                   32                   31   9.7333316827344414E-005
                   32                   32  -1.0172781878168440E-003
                   32                   33   9.8055110651600454E-005
                   32                   92   1.0225102681980563E-006
                   32                   93  -2.0598203786707647E-006
                   32                   94   1.0373101104727086E-006
                   33                   32   9.8055110651600454E-005
                   33                   33  -1.0188324050747627E-003
                   33                   34   9.8747820154508769E-005
                   33                   93   1.0373101104727086E-006
                   33                   94  -2.0888681666554091E-006
                   33                   95   1.0515580561827003E-006
                   34                   33   9.8747820154508769E-005
                   34                   34  -1.0203280769579561E-003
                   34                   35   9.9411996730089741E-005
                   34                   94   1.0515580561827003E-006
                   34                   95  -2.1168094463497191E-006
                   34                   96   1.0652513901670186E-006
                   35                   34   9.9411996730089741E-005
                   35                   35  -1.0217662906958362E-003
                   35                   36   1.0004810808260995E-004
                   35                   95   1.0652513901670186E-006
                   35                   96  -2.1436405815378996E-006
                   35                   97   1.0783891913708810E-006
                   36                   35   1.0004810808260995E-004
                   36                   36  -1.0231477773336296E-003
                   36                   37   1.0065658532807809E-004
                   36                   96   1.0783891913708810E-006
                   36                   97  -2.1693617314580010E-006
                   36                   98   1.0909725400871202E-006
                   37                   36   1.0065658532807809E-004
                   37                   37  -1.0244730772280492E-003
                   37                   38   1.0123785793221140E-004
                   37                   97   1.0909725400871202E-006
                   37                   98  -2.1939771831438516E-006
                   37                   99   1.1030046430567314E-006
                   38                   37   1.0123785793221140E-004
                   38                   38  -1.0257426614492253E-003
                   38                   39   1.0179237839146221E-004
                   38                   98   1.1030046430567314E-006
                   38                   99  -2.2174955302424763E-006
                   38                  100   1.1144908871857450E-006
                   39                   38   1.0179237839146221E-004
                   39                   39  -1.0269570165819836E-003
                   39                   40   1.0232063825590181E-004
                   39                   99   1.1144908871857450E-006
                   39                  100  -2.2399297187823437E-006
                   39                  101   1.1254388315965988E-006
                   40                   39   1.0232063825590181E-004
                   40                   40  -1.0281166990157111E-003
                   40                   41   1.0282317679496155E-004
                   40                  100   1.1254388315965988E-006
                   40                  101  -2.2612969781148175E-006
                   40                  102   1.1358581465182188E-006
                   41                   40   1.0282317679496155E-004
                   41                   41  -1.0292223635231727E-003
                   41                   42   1.0330058332115157E-004
                   41                  101   1.1358581465182188E-006
                   41                  102  -2.2816186526845523E-006
                   41                  103   1.1457605061663338E-006
                   42                   41   1.0330058332115157E-004
                   42                   42  -1.0302747697468596E-003
                   42                   43   1.0375349391512826E-004
                   42                  102   1.1457605061663338E-006
                   42                  103  -2.3009199474833203E-006
                   42                  104   1.1551594413169867E-006
                   43                   42   1.0375349391512826E-004
                   43                   43  -1.0312747691324704E-003
                   43                   44   1.0418258304005021E-004
                   43                  103   1.1551594413169867E-006
                   43                  104  -2.3192295970921016E-006
                   43                  105   1.1640701557751150E-006
                   44                   43   1.0418258304005021E-004
                   44                   44  -1.0322232738716722E-003
                   44                   45   1.0458855029656439E-004
                   44                  104   1.1640701557751150E-006
                   44                  105  -2.3365794652066398E-006
                   44                  106   1.1725093094315247E-006
                   45                   44   1.0458855029656439E-004
                   45                   45  -1.0331212085418521E-003
                   45                   46   1.0497210235490928E-004
                   45                  105   1.1725093094315247E-006
                   45                  106  -2.3530040785627339E-006
                   45                  107   1.1804947691312092E-006
                   46                   45   1.0497210235490928E-004
                   46                   46  -1.0339694443636960E-003
                   46                   47   1.0533392991149196E-004
                   46                  106   1.1804947691312092E-006
                   46                  107  -2.3685400963258502E-006
                   46                  108   1.1880453271946413E-006
                   47                   46   1.0533392991149196E-004
                   47                   47  -1.0347687153474611E-003
                   47                   48   1.0567467935891283E-004
                   47                  107   1.1880453271946413E-006
                   47                  108  -2.3832257133894275E-006
                   47                  109   1.1951803861947865E-006
                   48                   47   1.0567467935891283E-004
                   48                   48  -1.0355195150803776E-003
                   48                   49   1.0599491873774899E-004
                   48                  108   1.1951803861947865E-006
                   48                  109  -2.3970999937553719E-006
                   48                  110   1.2019196075605852E-006
                   49                   48   1.0599491873774899E-004
                   49                   49  -1.0362219725411218E-003
                   49                   50   1.0629509746401318E-004
                   49                  109   1.2019196075605852E-006
                   49                  110  -2.4102021283828550E-006
                   49                  111   1.2082825208222698E-006
                   50                   49   1.0629509746401318E-004
                   50                   50  -1.0368757051388044E-003
                   50                   51   1.0657549930850541E-004
                   50                  110   1.2082825208222698E-006
                   50                  111  -2.4225706107361494E-006
                   50                  112   1.2142880899138796E-006
                   51                   50   1.0657549930850541E-004
                   51                   51  -1.0374796471933055E-003
                   51                   52   1.0683618815478733E-004
                   51                  111   1.2142880899138796E-006
                   51                  112  -2.4342423228974169E-006
                   51                  113   1.2199542329835374E-006
                   52                   51   1.0683618815478733E-004
                   52                   52  -1.0380318523320079E-003
                   52                   53   1.0707694619341858E-004
                   52                  112   1.2199542329835374E-006
                   52                  113  -2.4452515256951611E-006
                   52                  114   1.2252972927116236E-006
                   53                   52   1.0707694619341858E-004
                   53                   53  -1.0385292688029658E-003
                   53                   54   1.0729720443256637E-004
                   53                  113   1.2252972927116236E-006
                   53                  114  -2.4556287479764122E-006
                   53                  115   1.2303314552647888E-006
                   54                   53   1.0729720443256637E-004
                   54                   54  -1.0389674875162251E-003
                   54                   55   1.0749596572827763E-004
                   54                  114   1.2303314552647888E-006
                   54                  115  -2.4653995730281933E-006
                   54                  116   1.2350681177634044E-006
                   55                   54   1.0749596572827763E-004
                   55                   55  -1.0393404637288957E-003
                   55                   56   1.0767172096653160E-004
                   55                  115   1.2350681177634044E-006
                   55                  116  -2.4745833242817546E-006
                   55                  117   1.2395152065183499E-006
                   56                   55   1.0767172096653160E-004
                   56                   56  -1.0396402146718210E-003
                   56                   57   1.0782235956287859E-004
                   56                  116   1.2395152065183499E-006
                   56                  117  -2.4831916577807792E-006
                   56                  118   1.2436764512624293E-006
                   57                   56   1.0782235956287859E-004
                   57                   57  -1.0398564970377452E-003
                   57                   58   1.0794507607571116E-004
                   57                  117   1.2436764512624293E-006
                   57                  118  -2.4912270753331804E-006
                   57                  119   1.2475506240707511E-006
                   58                   57   1.0794507607571116E-004
                   58                   58  -1.0399764700474881E-003
                   58                   59   1.0803627543912675E-004
                   58                  118   1.2475506240707511E-006
                   58                  119  -2.4986813795579578E-006
                   58                  120   1.2511307554872066E-006
                   59                   58   1.0803627543912675E-004
                   59                   59  -1.0399843516908469E-003
                   59                   60   1.0809148008495495E-004
                   59                  119   1.2511307554872066E-006
                   59                  120  -2.5055340998426971E-006
                   59                  121   1.2544033443554903E-006
                   60                   59   1.0809148008495495E-004
                   60                   60  -1.0398610775913465E-003
                   60                   61   1.0810524300649909E-004
                   60                  120   1.2544033443554903E-006
                   60                  121  -2.5117509261209867E-006
                   61                   60   1.0810524300649909E-004
                   61                   61  -5.1985789349524988E-004
                   61                  121   1.2573475817654964E-006
                   62                    1   126606.68627723433     
                   62                   62  -52814.299306438043     
                   62                   63   35617.404300916838     
                   63                    2   266023.80476663820     
                   63                   62   35617.404300913702     
                   63                   63  -121631.49349063470     
                   63                   64   29893.468610871962     
                   64                    3   264784.83014178637     
                   64                   63   29893.468610783242     
                   64                   64  -197093.30776392319     
                   64                   65   18898.800149230272     
                   65                    4   150098.61725047411     
                   65                   64   18898.798476774798     
                   65                   65  -579149.13209272164     
                   65                   66   8542.4222442220835     
                   66                    5   4690.5868653513789     
                   66                   65   8550.4122667193787     
                   66                   66  -65963.111579912453     
                   66                   67   8289.6122835276819     
                   67                   66   8286.8247629121342     
                   67                   67  -29199.676896125871     
                   67                   68   8309.5641405535407     
                   68                   67   8308.7438776211748     
                   68                   68  -29260.059215025321     
                   68                   69   8327.0182708496486     
                   69                   68   8325.0581043882048     
                   69                   69  -29340.382767046183     
                   69                   70   8358.4965748123759     
                   70                   69   8355.8083026298918     
                   70                   70  -29453.951280512025     
                   70                   71   8394.2285302229957     
                   71                   70   8391.3281904934447     
                   71                   71  -29571.992767711017     
                   71                   72   8427.5365232751301     
                   72                   71   8424.7311581163340     
                   72                   72  -29677.969349138450     
                   72                   73   8455.8155138394141     
                   73                   72   8453.2374794191292     
                   73                   73  -29766.447232614642     
                   73                   74   8478.7495704322646     
                   74                   73   8476.4301578002032     
                   74                   74  -29837.688109041908     
                   74                   75   8496.9467842655449     
                   75                   74   8494.8707009241043     
                   75                   75  -29894.056247865123     
                   75                   76   8511.2429503681269     
                   76                   75   8509.3787720770488     
                   76                   76  -29938.292850713377     
                   76                   77   8522.4242169163608     
                   77                   76   8520.7383798464689     
                   77                   77  -29972.868932174752     
                   77                   78   8531.1491809292838     
                   78                   77   8529.6111383210064     
                   78                   78  -29999.829587663859     
                   78                   79   8537.9479521587400     
                   79                   78   8536.5314186465475     
                   79                   79  -30020.818693285524     
                   79                   80   8543.2428426960978     
                   80                   79   8541.9256580250640     
                   80                   80  -30037.148527925019     
                   80                   81   8547.3702219963361     
                   81                   80   8546.1338940077076     
                   81                   81  -30049.866616432137     
                   81                   82   8550.5981853684661     
                   82                   81   8549.4274477151084     
                   82                   82  -30059.808847979202     
                   82                   83   8553.1399763561167     
                   83                   82   8552.0224130676361     
                   83                   83  -30067.640107400028     
                   83                   84   8555.1643057653710     
                   84                   83   8554.0900190367283     
                   84                   84  -30073.885961543016     
                   84                   85   8556.8035731154869     
                   85                   84   8555.7648701003673     
                   85                   85  -30078.958223233665     
                   85                   86   8558.1606214255116     
                   86                   85   8557.1517108366534     
                   86                   86  -30083.176111202716     
                   86                   87   8559.3143747172744     
                   87                   86   8558.3310749207994     
                   87                   87  -30086.783962170834     
                   87                   88   8560.3245554319183     
                   88                   87   8559.3640197849145     
                   88                   88  -30089.966057559046     
                   88                   89   8561.2356126209106     
                   89                   88   8560.2960774746662     
                   89                   89  -30092.858961068283     
                   89                   90   8562.0799669288008     
                   90                   89   8561.1605256760849     
                   90                   90  -30095.561700968530     
                   90                   91   8562.8806681178303     
                   91                   90   8561.9810725121843     
                   91                   91  -30098.144101927915     
                   91                   92   8563.6535532081398     
                   92                   91   8562.7740415655262     
                   92                   92  -30100.653546157344     
                   92                   93   8564.4089846847637     
                   93                   92   8563.5501355750348     
                   93                   93  -30103.120415042627     
                   93                   94   8565.1532386375438     
                   94                   93   8564.3158481471619     
                   94                   94  -30105.562431316135     
                   94                   95   8565.8896030293581     
                   95                   94   8565.0745834577992     
                   95                   95  -30107.988090931281     
                   95                   96   8566.6192372251498     
                   96                   95   8565.8275350362928     
                   96                   96  -30110.399345124759     
                   96                   97   8567.3418358010531     
                   97                   96   8566.5743667088464     
                   97                   97  -30112.793667524529     
                   97                   98   8568.0561325309936     
                   98                   97   8567.3137317156270     
                   98                   98  -30115.165618637351     
                   98                   99   8568.7602742281288     
                   99                   98   8568.0436598355209     
                   99                   99  -30117.508000313974     
                   99                  100   8569.4520886700102     
                  100                   99   8568.7618369346801     
                  100                  100  -30119.812675442274     
                  100                  101   8570.1292660346462     
                  101                  100   8569.4657965777569     
                  101                  101  -30122.071112803496     
                  101                  102   8570.7894690361063     
                  102                  101   8570.1530391209108     
                  102                  102  -30124.274703469840     
                  102                  103   8571.4303831930938     
                  103                  102   8570.8210899630922     
                  103                  103  -30126.414883117795     
                  103                  104   8572.0497153509186     
                  104                  103   8571.4675053254559     
                  104                  104  -30128.483084032265     
                  104                  105   8572.6451456639406     
                  105                  104   8572.0898310152952     
                  105                  105  -30130.470531272902     
                  105                  106   8573.2142357094763     
                  106                  105   8572.6855170879280     
                  106                  106  -30132.367889394161     
                  106                  107   8573.7542932254019     
                  107                  106   8573.2517891273474     
                  107                  107  -30134.164759228694     
                  107                  108   8574.2621921521404     
                  108                  107   8573.7854750325696     
                  108                  108  -30135.849018580724     
                  108                  109   8574.7341452199071     
                  109                  108   8574.2827847248900     
                  109                  109  -30137.405996309313     
                  109                  110   8575.1654252972967     
                  110                  109   8574.7390391230037     
                  110                  110  -30138.817466345732     
                  110                  111   8575.5500311516480     
                  111                  110   8575.1483441102973     
                  111                  111  -30140.060446866810     
                  111                  112   8575.8802932302478     
                  112                  111   8575.5032051055441     
                  112                  112  -30141.105790351037     
                  112                  113   8576.1464156159273     
                  113                  112   8575.7940783049689     
                  113                  113  -30141.916552794715     
                  113                  114   8576.3359515110133     
                  114                  113   8576.0088557612289     
                  114                  114  -30142.446135143862     
                  114                  115   8576.4332114905865     
                  115                  114   8576.1322832356309     
                  115                  115  -30142.636197101783     
                  115                  116   8576.4186063566685     
                  116                  115   8576.1453122253661     
                  116                  116  -30142.414352869906     
                  116                  117   8576.2679296720526     
                  117                  116   8576.0243906864616     
                  117                  117  -30141.691669852920     
                  117                  118   8575.9515888534734     
                  118                  117   8575.7407006517842     
                  118                  118  -30140.360004477039     
                  118                  119   8575.4337978850363     
                  119                  118   8575.2593550175152     
                  119                  119  -30138.289223368971     
                  119                  120   8574.6717490324008     
                  120                  119   8574.5385700107709     
                  120                  120  -30135.324372354873     
                  120                  121   8573.6147851007772     
                  121                  120   8573.5288339698400     
                  121                  121  -30131.282869049493     
