 #              _____________________  _______________________             #
 #              ___  __ \__  __ \_  / / /_  /___  ____/_  ___/             #
 #              __  / / /_  /_/ /  / / /_  __/_  __/  _____ \              #
 #              _  /_/ /_  _, _// /_/ / / /_ _  /___  ____/ /              #
 #              /_____/ /_/ |_| \____/  \__/ /_____/  /____/               #
 #                                                                         #
  
 DRUtES is initializing, reading input files
 ---------------------------------------------------------------
 16hrs : 29min : 26.546s  -  2021/02/03    total number of parallel images is:                    1
 ---------------------------------------------------------------
 16hrs : 29min : 26.547s  -  2021/02/03    reading input files and allocating...
 ---------------------------------------------------------------
 16hrs : 29min : 26.550s  -  2021/02/03    number of nodes:                   61 number of elements:                   60
 ---------------------------------------------------------------
 16hrs : 29min : 26.554s  -  2021/02/03    analyzing mesh structure...
 ---------------------------------------------------------------
 16hrs : 29min : 26.563s  -  2021/02/03    DRUtES solves coupled water and heat flow considering freezing and melting
 ---------------------------------------------------------------
 16hrs : 29min : 26.564s  -  2021/02/03    making output files for observation time
 ---------------------------------------------------------------
 16hrs : 29min : 26.583s  -  2021/02/03    go 4 solving
 ---------------------------------------------------------------
 16hrs : 29min : 26.676s  -  2021/02/03    current simulation time:   1.0000000000000000 total iteration count:                    2
 ---------------------------------------------------------------
 16hrs : 29min : 49.720s  -  2021/02/03    making output files for observation time
 ---------------------------------------------------------------
 16hrs : 30min : 14.573s  -  2021/02/03    making output files for observation time
 ---------------------------------------------------------------
 16hrs : 30min : 33.012s  -  2021/02/03    making output files for observation time
 ---------------------------------------------------------------
 16hrs : 31min : 00.667s  -  2021/02/03    making output files for observation time
 ---------------------------------------------------------------
 16hrs : 32min : 07.710s  -  2021/02/03    making output files for observation time
 ---------------------------------------------------------------
 16hrs : 32min : 07.859s  -  2021/02/03    # real elapsed CPU time =   2.7001666666667008 min
 ---------------------------------------------------------------
 16hrs : 32min : 07.864s  -  2021/02/03    minimal adjusted time step was  0.91011600000000015
 ---------------------------------------------------------------
 16hrs : 32min : 07.865s  -  2021/02/03    F I N I S H E D !!!!!
 ---------------------------------------------------------------
 16hrs : 32min : 07.888s  -  2021/02/03    Peak RAM  consumption on image                    1 was:                    0 kB
