 #              _____________________  _______________________             #
 #              ___  __ \__  __ \_  / / /_  /___  ____/_  ___/             #
 #              __  / / /_  /_/ /  / / /_  __/_  __/  _____ \              #
 #              _  /_/ /_  _, _// /_/ / / /_ _  /___  ____/ /              #
 #              /_____/ /_/ |_| \____/  \__/ /_____/  /____/               #
 #                                                                         #
  
 DRUtES is initializing, reading input files
 ---------------------------------------------------------------
 14hrs : 32min : 38.604s  -  2021/01/04    total number of parallel images is:                    1
 ---------------------------------------------------------------
 14hrs : 32min : 38.604s  -  2021/01/04    reading input files and allocating...
 ---------------------------------------------------------------
 14hrs : 32min : 38.606s  -  2021/01/04    number of nodes:                   61 number of elements:                   60
 ---------------------------------------------------------------
 14hrs : 32min : 38.609s  -  2021/01/04    analyzing mesh structure...
 ---------------------------------------------------------------
 14hrs : 32min : 38.623s  -  2021/01/04    DRUtES solves coupled water and heat flow considering freezing and melting
 ---------------------------------------------------------------
 14hrs : 32min : 38.624s  -  2021/01/04    making output files for observation time
 ---------------------------------------------------------------
 14hrs : 32min : 38.641s  -  2021/01/04    go 4 solving
 ---------------------------------------------------------------
 14hrs : 32min : 38.732s  -  2021/01/04    current simulation time:   1.0000000000000000 total iteration count:                    2
 ---------------------------------------------------------------
 14hrs : 33min : 32.836s  -  2021/01/04    making output files for observation time
 ---------------------------------------------------------------
 14hrs : 34min : 32.946s  -  2021/01/04    making output files for observation time
 ---------------------------------------------------------------
 14hrs : 35min : 52.680s  -  2021/01/04    making output files for observation time
 ---------------------------------------------------------------
 14hrs : 38min : 17.026s  -  2021/01/04    making output files for observation time
 ---------------------------------------------------------------
 14hrs : 38min : 17.055s  -  2021/01/04    making output files for observation time
 ---------------------------------------------------------------
 14hrs : 38min : 17.184s  -  2021/01/04    # real elapsed CPU time =   5.6338333333333308 min
 ---------------------------------------------------------------
 14hrs : 38min : 17.190s  -  2021/01/04    minimal adjusted time step was  0.91011600000000015
 ---------------------------------------------------------------
 14hrs : 38min : 17.190s  -  2021/01/04    F I N I S H E D !!!!!
 ---------------------------------------------------------------
 14hrs : 38min : 17.217s  -  2021/01/04    Peak RAM  consumption on image                    1 was:                    0 kB
