                  121                  121                  540
                    1                    1 -0.91874866538290101     
                    1                    2   2.5659727121274924E-002
                    1                   62  -5.5544371239776368E-002
                    1                   63   4.7236256047742863E-005
                    2                    1   1.3080007862622100E-002
                    2                    2 -0.96432051738385660     
                    2                    3   1.8881272169110470E-002
                    2                   62   2.4078611498289737E-005
                    2                   63  -3.6557253320480330E-003
                    2                   64   3.8398640864625921E-005
                    3                    2   1.8843338665280620E-002
                    3                    3 -0.96105196979517216     
                    3                    4   1.9940508107042117E-002
                    3                   63   3.8321495904410676E-005
                    3                   64  -8.2091716252526728E-005
                    3                   65   4.3770220348116065E-005
                    4                    3   1.9866004115060502E-002
                    4                    4 -0.95918720842826877     
                    4                    5   2.0764462330006426E-002
                    4                   64   4.3606681077785338E-005
                    4                   65  -9.1162563332125040E-005
                    4                   66   4.7555882254339702E-005
                    5                    4   2.0660682616905863E-002
                    5                    5 -0.95793221295708730     
                    5                    6   2.1213187071311864E-002
                    5                   65   4.7318200404544464E-005
                    5                   66  -9.6958677347501644E-005
                    5                   67   4.9640476942957187E-005
                    6                    5   2.1141771631572562E-002
                    6                    6 -0.95723132255920385     
                    6                    7   2.1426669522118944E-002
                    6                   66   4.9473359362848526E-005
                    6                   67  -1.0011814355229262E-004
                    6                   68   5.0644784189444105E-005
                    7                    6   2.1388893352919654E-002
                    7                    7 -0.95689022786046074     
                    7                    8   2.1517610611508357E-002
                    7                   67   5.0555495187500670E-005
                    7                   68  -1.0163408755568175E-004
                    7                   69   5.1078592368181086E-005
                    8                    7   2.1500616937968377E-002
                    8                    8 -0.95674184974128396     
                    8                    9   2.1552957450114155E-002
                    8                   68   5.1038252716197498E-005
                    8                   69  -1.0228793531678498E-004
                    8                   70   5.1249682600587474E-005
                    9                    8   2.1546151649050372E-002
                    9                    9 -0.95668309127289841     
                    9                   10   2.1565665879370814E-002
                    9                   69   5.1233499431982006E-005
                    9                   70  -1.0254559934018871E-004
                    9                   71   5.1312099908206707E-005
                   10                    9   2.1563174793014811E-002
                   10                   10 -0.95666161250176540     
                   10                   11   2.1569933636546499E-002
                   10                   70   5.1306172761199321E-005
                   10                   71  -1.0263953433666917E-004
                   10                   72   5.1333361575469860E-005
                   11                   10   2.1569086577794491E-002
                   11                   11 -0.95665428841927835     
                   11                   12   2.1571281966653377E-002
                   11                   71   5.1331345696611569E-005
                   11                   72  -1.0267151813683995E-004
                   11                   73   5.1340172440228370E-005
                   12                   11   2.1571011505751404E-002
                   12                   12 -0.95665193990898123     
                   12                   13   2.1571685055296556E-002
                   12                   72   5.1339528736744862E-005
                   12                   73  -1.0268176498534295E-004
                   12                   74   5.1342236248598074E-005
                   13                   12   2.1571603356311458E-002
                   13                   13 -0.95665122724421092     
                   13                   14   2.1571799654255232E-002
                   13                   73   5.1342041798856047E-005
                   13                   74  -1.0268487261121333E-004
                   13                   75   5.1342830812357297E-005
                   14                   13   2.1571776173471075E-002
                   14                   14 -0.95665102151249770     
                   14                   15   2.1571830775397084E-002
                   14                   74   5.1342774925971012E-005
                   14                   75  -1.0268576931706517E-004
                   14                   76   5.1342994391094156E-005
                   15                   14   2.1571824324990326E-002
                   15                   15 -0.95665096476177824     
                   15                   16   2.1571838880073954E-002
                   15                   75   5.1342979038516921E-005
                   15                   76  -1.0268601657874411E-004
                   15                   77   5.1343037540227193E-005
                   16                   15   2.1571837179744202E-002
                   16                   16 -0.95665094974504061     
                   16                   17   2.1571840911245817E-002
                   16                   76   5.1343033493279933E-005
                   16                   77  -1.0268608198466247E-004
                   16                   78   5.1343048491382533E-005
                   17                   16   2.1571840479700056E-002
                   17                   17 -0.95665094592036193     
                   17                   18   2.1571841402661586E-002
                   17                   77   5.1343047464262270E-005
                   17                   78  -1.0268609863820002E-004
                   17                   79   5.1343051173937768E-005
                   18                   17   2.1571841296888772E-002
                   18                   18 -0.95665094497988978     
                   18                   19   2.1571841517757217E-002
                   18                   78   5.1343050922188327E-005
                   18                   79  -1.0268610273211661E-004
                   18                   80   5.1343051809928275E-005
                   19                   18   2.1571841492653364E-002
                   19                   19 -0.95665094475601520     
                   19                   20   2.1571841543918585E-002
                   19                   79   5.1343051750178700E-005
                   19                   80  -1.0268610370640865E-004
                   19                   81   5.1343051956229967E-005
                   20                   19   2.1571841538135350E-002
                   20                   20 -0.95665094470429912     
                   20                   21   2.1571841549702670E-002
                   20                   80   5.1343051942465309E-005
                   20                   81  -1.0268610393142343E-004
                   20                   82   5.1343051988958107E-005
                   21                   20   2.1571841548406710E-002
                   21                   21 -0.95665094469268019     
                   21                   22   2.1571841550949176E-002
                   21                   81   5.1343051985873600E-005
                   21                   82  -1.0268610398196605E-004
                   21                   83   5.1343051996092449E-005
                   22                   21   2.1571841550666104E-002
                   22                   22 -0.95665094469013645     
                   22                   23   2.1571841551211359E-002
                   22                   82   5.1343051995418712E-005
                   22                   83  -1.0268610399302911E-004
                   22                   84   5.1343051997610413E-005
                   23                   22   2.1571841551150977E-002
                   23                   23 -0.95665094468959300     
                   23                   24   2.1571841551265299E-002
                   23                   83   5.1343051997466696E-005
                   23                   84  -1.0268610399539294E-004
                   23                   85   5.1343051997926242E-005
                   24                   23   2.1571841551252750E-002
                   24                   24 -0.95665094468947920     
                   24                   25   2.1571841551276311E-002
                   24                   84   5.1343051997896372E-005
                   24                   85  -1.0268610399588734E-004
                   24                   86   5.1343051997990975E-005
                   25                   24   2.1571841551273733E-002
                   25                   25 -0.95665094468945577     
                   25                   26   2.1571841551278382E-002
                   25                   85   5.1343051997984836E-005
                   25                   86  -1.0268610399598843E-004
                   25                   87   5.1343051998003593E-005
                   26                   25   2.1571841551277834E-002
                   26                   26 -0.95665094468945133     
                   26                   27   2.1571841551278767E-002
                   26                   86   5.1343051998002285E-005
                   26                   87  -1.0268610399600832E-004
                   26                   88   5.1343051998006046E-005
                   27                   26   2.1571841551278677E-002
                   27                   27 -0.95665094468945044     
                   27                   28   2.1571841551278833E-002
                   27                   87   5.1343051998005829E-005
                   27                   88  -1.0268610399601236E-004
                   27                   89   5.1343051998006520E-005
                   28                   27   2.1571841551278795E-002
                   28                   28 -0.95665094468945022     
                   28                   29   2.1571841551278965E-002
                   28                   88   5.1343051998006432E-005
                   28                   89  -1.0268610399601327E-004
                   28                   90   5.1343051998006838E-005
                   29                   28   2.1571841551278972E-002
                   29                   29 -0.95665094468944989     
                   29                   30   2.1571841551279124E-002
                   29                   89   5.1343051998006852E-005
                   29                   90  -1.0268610399601406E-004
                   29                   91   5.1343051998007198E-005
                   30                   29   2.1571841551279128E-002
                   30                   30 -0.95665094468944989     
                   30                   31   2.1571841551278930E-002
                   30                   90   5.1343051998007211E-005
                   30                   91  -1.0268610399601396E-004
                   30                   92   5.1343051998006750E-005
                   31                   30   2.1571841551278906E-002
                   31                   31 -0.95665094468945011     
                   31                   32   2.1571841551278882E-002
                   31                   91   5.1343051998006696E-005
                   31                   92  -1.0268610399601337E-004
                   31                   93   5.1343051998006676E-005
                   32                   31   2.1571841551278882E-002
                   32                   32 -0.95665094468945022     
                   32                   33   2.1571841551278937E-002
                   32                   92   5.1343051998006669E-005
                   32                   93  -1.0268610399601346E-004
                   32                   94   5.1343051998006791E-005
                   33                   32   2.1571841551278934E-002
                   33                   33 -0.95665094468945011     
                   33                   34   2.1571841551278934E-002
                   33                   93   5.1343051998006777E-005
                   33                   94  -1.0268610399601355E-004
                   33                   95   5.1343051998006777E-005
                   34                   33   2.1571841551278934E-002
                   34                   34 -0.95665094468945011     
                   34                   35   2.1571841551278934E-002
                   34                   94   5.1343051998006777E-005
                   34                   95  -1.0268610399601354E-004
                   34                   96   5.1343051998006757E-005
                   35                   34   2.1571841551278927E-002
                   35                   35 -0.95665094468945011     
                   35                   36   2.1571841551278927E-002
                   35                   95   5.1343051998006750E-005
                   35                   96  -1.0268610399601347E-004
                   35                   97   5.1343051998006730E-005
                   36                   35   2.1571841551278965E-002
                   36                   36 -0.95665094468944989     
                   36                   37   2.1571841551279086E-002
                   36                   96   5.1343051998006825E-005
                   36                   97  -1.0268610399601393E-004
                   36                   98   5.1343051998007109E-005
                   37                   36   2.1571841551279100E-002
                   37                   37 -0.95665094468944989     
                   37                   38   2.1571841551278972E-002
                   37                   97   5.1343051998007143E-005
                   37                   98  -1.0268610399601403E-004
                   37                   99   5.1343051998006886E-005
                   38                   37   2.1571841551278940E-002
                   38                   38 -0.95665094468945022     
                   38                   39   2.1571841551278850E-002
                   38                   98   5.1343051998006811E-005
                   38                   99  -1.0268610399601341E-004
                   38                  100   5.1343051998006594E-005
                   39                   38   2.1571841551278847E-002
                   39                   39 -0.95665094468945022     
                   39                   40   2.1571841551278937E-002
                   39                   99   5.1343051998006581E-005
                   39                  100  -1.0268610399601338E-004
                   39                  101   5.1343051998006798E-005
                   40                   39   2.1571841551278930E-002
                   40                   40 -0.95665094468945022     
                   40                   41   2.1571841551278847E-002
                   40                  100   5.1343051998006791E-005
                   40                  101  -1.0268610399601338E-004
                   40                  102   5.1343051998006581E-005
                   41                   40   2.1571841551278857E-002
                   41                   41 -0.95665094468945022     
                   41                   42   2.1571841551278909E-002
                   41                  101   5.1343051998006615E-005
                   41                  102  -1.0268610399601334E-004
                   41                  103   5.1343051998006723E-005
                   42                   41   2.1571841551278937E-002
                   42                   42 -0.95665094468944989     
                   42                   43   2.1571841551279058E-002
                   42                  102   5.1343051998006791E-005
                   42                  103  -1.0268610399601388E-004
                   42                  104   5.1343051998007089E-005
                   43                   42   2.1571841551279083E-002
                   43                   43 -0.95665094468945000     
                   43                   44   2.1571841551278875E-002
                   43                  103   5.1343051998007143E-005
                   43                  104  -1.0268610399601380E-004
                   43                  105   5.1343051998006662E-005
                   44                   43   2.1571841551278826E-002
                   44                   44 -0.95665094468945033     
                   44                   45   2.1571841551278857E-002
                   44                  104   5.1343051998006547E-005
                   44                  105  -1.0268610399601318E-004
                   44                  106   5.1343051998006635E-005
                   45                   44   2.1571841551278871E-002
                   45                   45 -0.95665094468945033     
                   45                   46   2.1571841551278829E-002
                   45                  105   5.1343051998006669E-005
                   45                  106  -1.0268610399601324E-004
                   45                  107   5.1343051998006574E-005
                   46                   45   2.1571841551278829E-002
                   46                   46 -0.95665094468945033     
                   46                   47   2.1571841551278836E-002
                   46                  106   5.1343051998006567E-005
                   46                  107  -1.0268610399601313E-004
                   46                  108   5.1343051998006567E-005
                   47                   46   2.1571841551278819E-002
                   47                   47 -0.95665094468945033     
                   47                   48   2.1571841551278857E-002
                   47                  107   5.1343051998006533E-005
                   47                  108  -1.0268610399601313E-004
                   47                  109   5.1343051998006601E-005
                   48                   47   2.1571841551278895E-002
                   48                   48 -0.95665094468945000     
                   48                   49   2.1571841551279107E-002
                   48                  108   5.1343051998006689E-005
                   48                  109  -1.0268610399601389E-004
                   48                  110   5.1343051998007198E-005
                   49                   48   2.1571841551279100E-002
                   49                   49 -0.95665094468944989     
                   49                   50   2.1571841551278986E-002
                   49                  109   5.1343051998007184E-005
                   49                  110  -1.0268610399601408E-004
                   49                  111   5.1343051998006899E-005
                   50                   49   2.1571841551278937E-002
                   50                   50 -0.95665094468945011     
                   50                   51   2.1571841551278927E-002
                   50                  110   5.1343051998006784E-005
                   50                  111  -1.0268610399601357E-004
                   50                  112   5.1343051998006784E-005
                   51                   50   2.1571841551278927E-002
                   51                   51 -0.95665094468945011     
                   51                   52   2.1571841551278934E-002
                   51                  111   5.1343051998006777E-005
                   51                  112  -1.0268610399601355E-004
                   51                  113   5.1343051998006777E-005
                   52                   51   2.1571841551278934E-002
                   52                   52 -0.95665094468945011     
                   52                   53   2.1571841551278934E-002
                   52                  112   5.1343051998006777E-005
                   52                  113  -1.0268610399601355E-004
                   52                  114   5.1343051998006777E-005
                   53                   52   2.1571841551278937E-002
                   53                   53 -0.95665094468945011     
                   53                   54   2.1571841551278878E-002
                   53                  113   5.1343051998006784E-005
                   53                  114  -1.0268610399601343E-004
                   53                  115   5.1343051998006655E-005
                   54                   53   2.1571841551278892E-002
                   54                   54 -0.95665094468945022     
                   54                   55   2.1571841551278875E-002
                   54                  114   5.1343051998006689E-005
                   54                  115  -1.0268610399601335E-004
                   54                  116   5.1343051998006662E-005
                   55                   54   2.1571841551278875E-002
                   55                   55 -0.95665094468945033     
                   55                   56   2.1571841551278826E-002
                   55                  115   5.1343051998006662E-005
                   55                  116  -1.0268610399601320E-004
                   55                  117   5.1343051998006533E-005
                   56                   55   2.1571841551278826E-002
                   56                   56 -0.95665094468945033     
                   56                   57   2.1571841551278857E-002
                   56                  116   5.1343051998006527E-005
                   56                  117  -1.0268610399601312E-004
                   56                  118   5.1343051998006594E-005
                   57                   56   2.1571841551278850E-002
                   57                   57 -0.95665094468945022     
                   57                   58   2.1571841551278937E-002
                   57                  117   5.1343051998006581E-005
                   57                  118  -1.0268610399601338E-004
                   57                  119   5.1343051998006798E-005
                   58                   57   2.1571841551279034E-002
                   58                   58 -0.95665094468944978     
                   58                   59   2.1571841551279183E-002
                   58                  118   5.1343051998007028E-005
                   58                  119  -1.0268610399601441E-004
                   58                  120   5.1343051998007387E-005
                   59                   58   2.1571841551279197E-002
                   59                   59 -0.95665094468944978     
                   59                   60   2.1571841551278975E-002
                   59                  119   5.1343051998007421E-005
                   59                  120  -1.0268610399601433E-004
                   59                  121   5.1343051998006906E-005
                   60                   59   2.1572949172329971E-002
                   60                   60 -0.95670006459061296     
                   60                   61   2.1572949172330040E-002
                   60                  120   5.1345688242347936E-005
                   60                  121  -1.0269137648469604E-004
                   61                   60   4.3148113814260210E-002
                   61                   61 -0.95674918953622490     
                   61                  121   1.0269664951484567E-004
                   62                    1  0.66736141985896436     
                   62                   62 -0.33166916614011860     
                   62                   63   9.6941400091690006E-004
                   63                    2  0.60616711762666864     
                   63                   62   6.9308151671647862E-003
                   63                   63 -0.38001828112443337     
                   63                   64   6.8837860817330832E-003
                   64                   63   7.0441569095253384E-002
                   64                   64 -0.85911873563324415     
                   64                   65   7.0439695271502442E-002
                   65                   64   7.0398502575740762E-002
                   65                   65 -0.85915668754453400     
                   65                   66   7.0444809879725262E-002
                   66                   65   7.0382920719047129E-002
                   66                   66 -0.85920142710306768     
                   66                   67   7.0415652177885230E-002
                   67                   66   7.0374446590867445E-002
                   67                   67 -0.85923512755180054     
                   67                   68   7.0390425857332059E-002
                   68                   67   7.0369445114629128E-002
                   68                   68 -0.85925463820399672     
                   68                   69   7.0375916681374037E-002
                   69                   68   7.0366804212687248E-002
                   69                   69 -0.85926408276912558     
                   69                   70   7.0369113018187185E-002
                   70                   69   7.0365577623309528E-002
                   70                   70 -0.85926809817638483     
                   70                   71   7.0366324200305655E-002
                   71                   70   7.0365067180715918E-002
                   71                   71 -0.85926964317867360     
                   71                   72   7.0365289640610437E-002
                   72                   71   7.0364873501591291E-002
                   72                   72 -0.85927019126949933     
                   72                   73   7.0364935228909326E-002
                   73                   72   7.0364805610997838E-002
                   73                   73 -0.85927037271984197     
                   73                   74   7.0364821669160221E-002
                   74                   73   7.0364783403711273E-002
                   74                   74 -0.85927042925962649     
                   74                   75   7.0364787336662210E-002
                   75                   74   7.0364776570330842E-002
                   75                   75 -0.85927044595060253     
                   75                   76   7.0364777479066651E-002
                   76                   75   7.0364774579150677E-002
                   76                   76 -0.85927045064362617     
                   76                   77   7.0364774777223221E-002
                   77                   76   7.0364774026643789E-002
                   77                   77 -0.85927045190609896     
                   77                   78   7.0364774067257288E-002
                   78                   77   7.0364773879963163E-002
                   78                   78 -0.85927045223229470     
                   78                   79   7.0364773887742149E-002
                   79                   78   7.0364773842554101E-002
                   79                   79 -0.85927045231352084     
                   79                   80   7.0364773843925088E-002
                   80                   79   7.0364773833356500E-002
                   80                   80 -0.85927045233307253     
                   80                   81   7.0364773833571065E-002
                   81                   80   7.0364773831169389E-002
                   81                   81 -0.85927045233763399     
                   81                   82   7.0364773831196548E-002
                   82                   81   7.0364773830665236E-002
                   82                   82 -0.85927045233866761     
                   82                   83   7.0364773830667152E-002
                   83                   82   7.0364773830552466E-002
                   83                   83 -0.85927045233889565     
                   83                   84   7.0364773830551786E-002
                   84                   83   7.0364773830527569E-002
                   84                   84 -0.85927045233894517     
                   84                   85   7.0364773830527305E-002
                   85                   84   7.0364773830522351E-002
                   85                   85 -0.85927045233895516     
                   85                   86   7.0364773830522448E-002
                   86                   85   7.0364773830521449E-002
                   86                   86 -0.85927045233895738     
                   86                   87   7.0364773830521241E-002
                   87                   86   7.0364773830520991E-002
                   87                   87 -0.85927045233895805     
                   87                   88   7.0364773830520991E-002
                   88                   87   7.0364773830520935E-002
                   88                   88 -0.85927045233895816     
                   88                   89   7.0364773830520949E-002
                   89                   88   7.0364773830520949E-002
                   89                   89 -0.85927045233895816     
                   89                   90   7.0364773830520963E-002
                   90                   89   7.0364773830521019E-002
                   90                   90 -0.85927045233895760     
                   90                   91   7.0364773830521421E-002
                   91                   90   7.0364773830521435E-002
                   91                   91 -0.85927045233895760     
                   91                   92   7.0364773830521019E-002
                   92                   91   7.0364773830520935E-002
                   92                   92 -0.85927045233895816     
                   92                   93   7.0364773830520935E-002
                   93                   92   7.0364773830520935E-002
                   93                   93 -0.85927045233895816     
                   93                   94   7.0364773830520935E-002
                   94                   93   7.0364773830520935E-002
                   94                   94 -0.85927045233895816     
                   94                   95   7.0364773830520935E-002
                   95                   94   7.0364773830520935E-002
                   95                   95 -0.85927045233895816     
                   95                   96   7.0364773830520935E-002
                   96                   95   7.0364773830520935E-002
                   96                   96 -0.85927045233895816     
                   96                   97   7.0364773830520935E-002
                   97                   96   7.0364773830521019E-002
                   97                   97 -0.85927045233895760     
                   97                   98   7.0364773830521393E-002
                   98                   97   7.0364773830521407E-002
                   98                   98 -0.85927045233895760     
                   98                   99   7.0364773830521032E-002
                   99                   98   7.0364773830520935E-002
                   99                   99 -0.85927045233895816     
                   99                  100   7.0364773830520935E-002
                  100                   99   7.0364773830520935E-002
                  100                  100 -0.85927045233895816     
                  100                  101   7.0364773830520935E-002
                  101                  100   7.0364773830520935E-002
                  101                  101 -0.85927045233895816     
                  101                  102   7.0364773830520935E-002
                  102                  101   7.0364773830520935E-002
                  102                  102 -0.85927045233895816     
                  102                  103   7.0364773830520935E-002
                  103                  102   7.0364773830521032E-002
                  103                  103 -0.85927045233895760     
                  103                  104   7.0364773830521421E-002
                  104                  103   7.0364773830521421E-002
                  104                  104 -0.85927045233895760     
                  104                  105   7.0364773830521032E-002
                  105                  104   7.0364773830520949E-002
                  105                  105 -0.85927045233895816     
                  105                  106   7.0364773830520949E-002
                  106                  105   7.0364773830520963E-002
                  106                  106 -0.85927045233895816     
                  106                  107   7.0364773830520949E-002
                  107                  106   7.0364773830520949E-002
                  107                  107 -0.85927045233895816     
                  107                  108   7.0364773830520949E-002
                  108                  107   7.0364773830520935E-002
                  108                  108 -0.85927045233895816     
                  108                  109   7.0364773830520935E-002
                  109                  108   7.0364773830521032E-002
                  109                  109 -0.85927045233895760     
                  109                  110   7.0364773830521407E-002
                  110                  109   7.0364773830521407E-002
                  110                  110 -0.85927045233895760     
                  110                  111   7.0364773830521032E-002
                  111                  110   7.0364773830520935E-002
                  111                  111 -0.85927045233895816     
                  111                  112   7.0364773830520935E-002
                  112                  111   7.0364773830520935E-002
                  112                  112 -0.85927045233895816     
                  112                  113   7.0364773830520935E-002
                  113                  112   7.0364773830520935E-002
                  113                  113 -0.85927045233895816     
                  113                  114   7.0364773830520935E-002
                  114                  113   7.0364773830520935E-002
                  114                  114 -0.85927045233895816     
                  114                  115   7.0364773830520935E-002
                  115                  114   7.0364773830520949E-002
                  115                  115 -0.85927045233895816     
                  115                  116   7.0364773830520949E-002
                  116                  115   7.0364773830520935E-002
                  116                  116 -0.85927045233895816     
                  116                  117   7.0364773830520935E-002
                  117                  116   7.0364773830520935E-002
                  117                  117 -0.85927045233895816     
                  117                  118   7.0364773830520935E-002
                  118                  117   7.0364773830520935E-002
                  118                  118 -0.85927045233895816     
                  118                  119   7.0364773830520935E-002
                  119                  118   7.0364773830521116E-002
                  119                  119 -0.85927045233895705     
                  119                  120   7.0364773830521893E-002
                  120                  119   7.0364773830521907E-002
                  120                  120 -0.85927045233895694     
                  120                  121   7.0364773830521116E-002
                  121                  120   7.5690735301044781E-002
                  121                  121 -0.92430926469895525     
