                  121                  121                  550
                    1                    1 -0.99999903104503074     
                    1                    2   2.0864595233630361E-027
                    1                   62  -9.6895496921609926E-007
                    1                   63   2.7704769061821679E-025
                    2                    1   9.8098389569625624E-028
                    2                    2 -0.99999893847915700     
                    2                    3   1.6927712874796388E-027
                    2                   62   1.3025861263689652E-025
                    2                   63  -1.0615208429978659E-006
                    2                   64   2.2349343329371084E-025
                    3                    2   1.5825640974015293E-027
                    3                    3 -0.99999874302823211     
                    3                    4   2.8136645902894379E-027
                    3                   63   2.0894298370469297E-025
                    3                   64  -1.2569717679106358E-006
                    3                   65   3.6941190520986026E-025
                    4                    3   2.6935753597403479E-027
                    4                    4 -0.99999844271138261     
                    4                    5   5.2240959504029943E-027
                    4                   64   3.5364513911932134E-025
                    4                   65  -1.5572886173394605E-006
                    4                   66   6.8182793050647430E-025
                    5                    4   6.7384590906838464E-027
                    5                    5 -0.99999724007394375     
                    5                    6   1.5753804303597540E-026
                    5                   65   8.7947649894314870E-025
                    5                   66  -2.7599260562518594E-006
                    5                   67   2.0421754322933956E-024
                    6                    5   1.6172595539890515E-026
                    6                    6 -0.99999573419297283     
                    6                    7   4.6641174454863712E-026
                    6                   66   2.0964636002517844E-024
                    6                   67  -4.2658070271316671E-006
                    6                   68   6.0024802819046669E-024
                    7                    6   4.4258133308502116E-026
                    7                    7 -0.99999328019041678     
                    7                    8   1.6487365955331550E-025
                    7                   67   5.6957950909936712E-024
                    7                   68  -6.7198095832420525E-006
                    7                   69   2.1063324066713174E-023
                    8                    7   1.5380739058121770E-025
                    8                    8 -0.99998791576713397     
                    8                    9   9.0275516544228774E-025
                    8                   68   1.9649560278123687E-023
                    8                   69  -1.2084232865959898E-005
                    8                   70   1.1447300533601447E-022
                    9                    8   8.8390574039522983E-025
                    9                    9 -0.99996817448091990     
                    9                   10   1.8753828642226391E-023
                    9                   69   1.1208282202098960E-022
                    9                   70  -3.1825519080083829E-005
                    9                   71   2.3509779596520062E-021
                   10                    9   2.0028408017462423E-023
                   10                   10 -0.99969337637158895     
                   10                   11   8.1138912872773959E-020
                   10                   70   2.5107590942764291E-021
                   10                   71  -3.0662362841115038E-004
                   10                   72   3.7060747255063568E-018
                   11                   10   7.6652627726351051E-020
                   11                   11 -0.93826907417789218     
                   11                   12   3.0934283282345092E-002
                   11                   71   3.5011606170483973E-018
                   11                   72  -3.0742437792375964E-002
                   11                   73   5.4204747386736055E-005
                   12                   11   2.5605247377153178E-002
                   12                   12 -0.86363680228156425     
                   12                   13   8.8752615504470708E-002
                   12                   72   4.4866918466657845E-005
                   12                   73  -2.1806052132723599E-002
                   12                   74   1.5441578562145754E-004
                   13                   12   8.0648090648480691E-002
                   13                   13 -0.83910173806052302     
                   13                   14   7.9686369219961889E-002
                   13                   73   1.4031516936791980E-004
                   13                   74  -2.8190103551723128E-004
                   13                   75   1.4158586614931149E-004
                   14                   13   8.0129324112562711E-002
                   14                   14 -0.83887234885177353     
                   14                   15   8.0422970385224501E-002
                   14                   74   1.4237290354037198E-004
                   14                   75  -2.8767832521968509E-004
                   14                   76   1.4530542167931314E-004
                   15                   14   8.0413295792423845E-002
                   15                   15 -0.83794402875820595     
                   15                   16   8.1054704063737756E-002
                   15                   75   1.4528794196201671E-004
                   15                   76  -2.9398569281615934E-004
                   15                   77   1.4869775085414266E-004
                   16                   15   8.0908867457232261E-002
                   16                   16 -0.83682251105619621     
                   16                   17   8.1667753082226902E-002
                   16                   76   1.4843020838847015E-004
                   16                   77  -3.0043420217228589E-004
                   16                   78   1.5200399378381577E-004
                   17                   16   8.1459357387197118E-002
                   17                   17 -0.83563754773158794     
                   17                   18   8.2289294916211550E-002
                   17                   77   1.5161611758132018E-004
                   17                   78  -3.0689998250167585E-004
                   17                   79   1.5528386492035567E-004
                   18                   17   8.2039601573195661E-002
                   18                   18 -0.83442392081056516     
                   18                   19   8.2909802754103992E-002
                   18                   78   1.5481268154968916E-004
                   18                   79  -3.1333743106749589E-004
                   18                   80   1.5852474951780676E-004
                   19                   18   8.2634954208373176E-002
                   19                   19 -0.83320489906214323     
                   19                   20   8.3520719873978327E-002
                   19                   79   1.5799923509828107E-004
                   19                   80  -3.1971342775262532E-004
                   19                   81   1.6171419265434425E-004
                   20                   19   8.3231446359982170E-002
                   20                   20 -0.83199643141118484     
                   20                   21   8.4120118407185307E-002
                   20                   80   1.6115409651481434E-004
                   20                   81  -3.2600191082380578E-004
                   20                   82   1.6484781430899139E-004
                   21                   20   8.3821258782588781E-002
                   21                   21 -0.83080625730780999     
                   21                   22   8.4708114769612070E-002
                   21                   81   1.6426214756442659E-004
                   21                   82  -3.3218456999456356E-004
                   21                   83   1.6792242243013697E-004
                   22                   21   8.4401700425569257E-002
                   22                   22 -0.82963772796938107     
                   22                   23   8.5284075334618986E-002
                   22                   82   1.6731499728487250E-004
                   22                   83  -3.3824813521526127E-004
                   22                   84   1.7093313793038875E-004
                   23                   22   8.4971883434524040E-002
                   23                   23 -0.82849333716159557     
                   23                   24   8.5846416408424595E-002
                   23                   83   1.7030741805349145E-004
                   23                   84  -3.4418149772799379E-004
                   23                   85   1.7387407967450232E-004
                   24                   23   8.5530775172669160E-002
                   24                   24 -0.82737600226384178     
                   24                   25   8.6393273776130958E-002
                   24                   84   1.7323477716578499E-004
                   24                   85  -3.4997439367902359E-004
                   24                   86   1.7673961651323863E-004
                   25                   24   8.6076831757573427E-002
                   25                   25 -0.82628889196755406     
                   25                   26   8.6923041731383349E-002
                   25                   85   1.7609225314148524E-004
                   25                   86  -3.5561727174455787E-004
                   25                   87   1.7952501860307265E-004
                   26                   25   8.6608320158518839E-002
                   26                   26 -0.82523489384923499     
                   26                   27   8.7434582854917675E-002
                   26                   86   1.7887501378159056E-004
                   26                   87  -3.6110156866426017E-004
                   26                   88   1.8222655488266958E-004
                   27                   26   8.7123686273230957E-002
                   27                   27 -0.82421625617179417     
                   27                   28   8.7927217653228418E-002
                   27                   87   1.8157860059323728E-004
                   27                   88  -3.6641995087325355E-004
                   27                   89   1.8484135028001630E-004
                   28                   27   8.7621750496163969E-002
                   28                   28 -0.82323449001712334     
                   28                   29   8.8400626673559954E-002
                   28                   88   1.8419919460530053E-004
                   28                   89  -3.7156640657638008E-004
                   28                   90   1.8736721197107957E-004
                   29                   28   8.8101741693761462E-002
                   29                   29 -0.82229044246126370     
                   29                   30   8.8854743404169934E-002
                   29                   89   1.8673371821122567E-004
                   29                   90  -3.7653622040240153E-004
                   29                   91   1.8980250219117589E-004
                   30                   29   8.8563242105988968E-002
                   30                   30 -0.82138443737225253     
                   30                   31   8.9289668740927572E-002
                   30                   90   1.8917982664604425E-004
                   30                   91  -3.8132589041546999E-004
                   30                   92   1.9214606376942575E-004
                   31                   30   8.9006103714841286E-002
                   31                   31 -0.82051641797624508     
                   31                   32   8.9705612248420691E-002
                   31                   91   1.9153584867563652E-004
                   31                   92  -3.8593303024653177E-004
                   31                   93   1.9439718157089527E-004
                   32                   31   8.9430369503460019E-002
                   32                   32 -0.81968606239388120     
                   32                   33   9.0102855548236452E-002
                   32                   92   1.9380071483345170E-004
                   32                   93  -3.9035627721120816E-004
                   32                   94   1.9655556237775646E-004
                   33                   32   8.9836212244688990E-002
                   33                   33 -0.81889286624256774     
                   33                   34   9.0481731087359851E-002
                   33                   93   1.9597389130679939E-004
                   33                   94  -3.9459521269170477E-004
                   33                   95   1.9862132138490535E-004
                   34                   33   9.0223892055623311E-002
                   34                   34 -0.81813619690602801     
                   34                   35   9.0842610450408923E-002
                   34                   94   1.9805532503876260E-004
                   34                   95  -3.9865029396991288E-004
                   34                   96   2.0059496893115028E-004
                   35                   34   9.0593729264806439E-002
                   35                   35 -0.81741532713656295     
                   35                   36   9.1185898009968680E-002
                   35                   95   2.0004539958868038E-004
                   35                   96  -4.0252279433091657E-004
                   35                   97   2.0247739474223622E-004
                   36                   35   9.0946088101308345E-002
                   36                   36 -0.81672945520962870     
                   36                   37   9.1512027192694495E-002
                   36                   96   2.0194489918537272E-004
                   36                   97  -4.0621474818420536E-004
                   36                   98   2.0426984899883267E-004
                   37                   36   9.1281367261315235E-002
                   37                   37 -0.81607771720195421     
                   37                   38   9.1821457739300408E-002
                   37                   97   2.0375497821301005E-004
                   37                   98  -4.0972889871513139E-004
                   37                   99   2.0597392050212139E-004
                   38                   37   9.1599994418638350E-002
                   38                   38 -0.81545919522695687     
                   38                   39   9.2114673061463426E-002
                   38                   98   2.0547713391729395E-004
                   38                   99  -4.1306864647070460E-004
                   38                  100   2.0759151255341068E-004
                   39                   38   9.1902422713474416E-002
                   39                   39 -0.81487292406020706     
                   39                   40   9.2392177230273334E-002
                   39                   99   2.0711318082498317E-004
                   39                  100  -4.1623799802262566E-004
                   39                  101   2.0912481719764244E-004
                   40                   39   9.2189128002232265E-002
                   40                   40 -0.81431789760899354     
                   40                   41   9.2654491360036409E-002
                   40                  100   2.0866522598581960E-004
                   40                  101  -4.1924151436891063E-004
                   40                  102   2.1057628838309106E-004
                   41                   40   9.2460606160160608E-002
                   41                   41 -0.81379307606806461     
                   41                   42   9.2902149253667396E-002
                   41                  101   2.1013564459817604E-004
                   41                  102  -4.2208425905370615E-004
                   41                  103   2.1194861445553007E-004
                   42                   41   9.2717370039005820E-002
                   42                   42 -0.81329739426157732     
                   42                   43   9.3135692207115969E-002
                   42                  102   2.1152705587112352E-004
                   42                  103  -4.2477174615035564E-004
                   42                  104   2.1324469027923207E-004
                   43                   42   9.2959945850498882E-002
                   43                   43 -0.81282977150619751     
                   43                   44   9.3355662866675973E-002
                   43                  103   2.1284229913898936E-004
                   43                  104  -4.2730988831378918E-004
                   43                  105   2.1446758917479977E-004
                   44                   43   9.3188868823849635E-002
                   44                   44 -0.81238912326925872     
                   44                   45   9.3562598016683596E-002
                   44                  104   2.1408441031713616E-004
                   44                  105  -4.2970494510396437E-004
                   44                  106   2.1562053478682818E-004
                   45                   44   9.3404678010405459E-002
                   45                   45 -0.81197437488821989     
                   45                   46   9.3757020157893015E-002
                   45                  105   2.1525659880248154E-004
                   45                  106  -4.3196347174085075E-004
                   45                  107   2.1670687293836924E-004
                   46                   45   9.3607910107324832E-002
                   46                   46 -0.81158447763102548     
                   46                   47   9.3939427724864299E-002
                   46                  106   2.1636222490318321E-004
                   46                  107  -4.3409226839273676E-004
                   46                  108   2.1773004348955358E-004
                   47                   46   9.3799092160918640E-002
                   47                   47 -0.81121842739235239     
                   47                   48   9.4110283786656937E-002
                   47                  107   2.1740477784571219E-004
                   47                  108  -4.3609833003602688E-004
                   47                  109   2.1869355219031469E-004
                   48                   47   9.3978732998300951E-002
                   48                   48 -0.81087528632723027     
                   48                   49   9.4270003080740128E-002
                   48                  108   2.1838785436387707E-004
                   48                  109  -4.3798879686438957E-004
                   48                  110   2.1960094250051253E-004
                   49                   48   9.4147313228401613E-002
                   49                   49 -0.81055420771475417     
                   49                   50   9.4418937246496401E-002
                   49                  109   2.1931513782958543E-004
                   49                  110  -4.3977090517392678E-004
                   49                  111   2.2045576734434140E-004
                   50                   49   9.4305273652943444E-002
                   50                   50 -0.81025446431627135     
                   50                   51   9.4557358153558951E-002
                   50                  110   2.2019037784233488E-004
                   50                  111  -4.4145193861311473E-004
                   50                  112   2.2126156077077988E-004
                   51                   50   9.4453001936722125E-002
                   51                   51 -0.80997548044104750     
                   51                   52   9.4685439262900725E-002
                   51                  111   2.2101737015606373E-004
                   51                  112  -4.4303917966479275E-004
                   51                  113   2.2202180950872902E-004
                   52                   51   9.4590817406047828E-002
                   52                   52 -0.80971686785493102     
                   52                   53   9.4803235016571508E-002
                   52                  112   2.2179993678953273E-004
                   52                  113  -4.4453986122478201E-004
                   52                  114   2.2273992443524928E-004
                   53                   52   9.4718953876271272E-002
                   53                   53 -0.80947846556146563     
                   53                   54   9.4910658325945280E-002
                   53                  113   2.2254190614169096E-004
                   53                  114  -4.4596111815885969E-004
                   53                  115   2.2341921201716875E-004
                   54                   53   9.4837540455320987E-002
                   54                   54 -0.80926038334894879     
                   54                   55   9.5007456318217984E-002
                   54                  114   2.2324709291771891E-004
                   54                  115  -4.4730993875618526E-004
                   54                  116   2.2406284583846632E-004
                   55                   54   9.4946580331325303E-002
                   55                   55 -0.80906304883142044     
                   55                   56   9.5093184605153300E-002
                   55                  115   2.2391927766608294E-004
                   55                  116  -4.4859311605045078E-004
                   55                  117   2.2467383838436784E-004
                   56                   55   9.5045927628930632E-002
                   56                   56 -0.80888725751930279     
                   56                   57   9.5167180453676531E-002
                   56                  116   2.2456218573247200E-004
                   56                  117  -4.4981719904503017E-004
                   56                  118   2.2525501331255811E-004
                   57                   56   9.5135262510129909E-002
                   57                   57 -0.80873422524190464     
                   57                   58   9.5228535360069644E-002
                   57                  117   2.2517946545284187E-004
                   57                  118  -4.5098844394790490E-004
                   57                  119   2.2580897849506306E-004
                   58                   57   9.5214064799031606E-002
                   58                   58 -0.80860564201783791     
                   58                   59   9.5276067651957452E-002
                   58                  118   2.2577466543339622E-004
                   58                  119  -4.5211276558652366E-004
                   58                  120   2.2633810015312744E-004
                   59                   58   9.5281586522311015E-002
                   59                   59 -0.80850372624176725     
                   59                   60   9.5308295857480338E-002
                   59                  119   2.2635121079740152E-004
                   59                  120  -4.5319568922069651E-004
                   59                  121   2.2684447842329493E-004
                   60                   59   9.5358501713783378E-002
                   60                   60 -0.80861510024987782     
                   60                   61   9.5345088472982925E-002
                   60                  120   2.2696397401582852E-004
                   60                  121  -4.5434558933999753E-004
                   61                   60  0.19078995941499044     
                   61                   61 -0.80875503939035742     
                   61                  121   4.5500119465205561E-004
                   62                    1   2.8968885031895840E-002
                   62                   62 -0.57864852149987045     
                   62                   63  0.39238259346823373     
                   63                    2   3.2620831679562569E-002
                   63                   62  0.19184741992612500     
                   63                   63 -0.57552113413157857     
                   63                   64  0.20001061426273378     
                   64                    3   3.8522800234410730E-002
                   64                   63  0.19005434726818643     
                   64                   64 -0.56884407074028998     
                   64                   65  0.20257878175711297     
                   65                    4   4.8499911645710762E-002
                   65                   64  0.20164381093245751     
                   65                   65 -0.56403901178529126     
                   65                   66  0.18581726563654044     
                   66                    5   6.8543969146368830E-002
                   66                   65  0.19736726922803166     
                   66                   66 -0.55648889456342232     
                   66                   67  0.17759986706217726     
                   67                    6   9.8376288288201774E-002
                   67                   66  0.17768166384922215     
                   67                   67 -0.54151682978427962     
                   67                   68  0.18242521807829637     
                   68                    7  0.14093312585333373     
                   68                   67  0.16936132880733851     
                   68                   68 -0.51460313594558438     
                   68                   69  0.17510240939374333     
                   69                    8  0.21341320359514079     
                   69                   68  0.15553356255659861     
                   69                   69 -0.47017869600795947     
                   69                   70  0.16087453784030106     
                   70                    9  0.35443566949570171     
                   70                   69  0.13046849840732799     
                   70                   70 -0.38716840363595523     
                   70                   71  0.12792742846101512     
                   71                   10  0.64317732956970330     
                   71                   70   6.7370157119645627E-002
                   71                   71 -0.22452304983820154     
                   71                   72   6.4929463472449614E-002
                   72                   11  0.69555984641152224     
                   72                   71   6.0393620224527015E-003
                   72                   72 -0.29328183092901766     
                   72                   73   5.1189606370074872E-003
                   73                   12  0.64428763279279777     
                   73                   72   6.9579999436243612E-003
                   73                   73 -0.34221459801505139     
                   73                   74   6.5397692485265006E-003
                   74                   73  0.18042017385263054     
                   74                   74 -0.63965518344572792     
                   74                   75  0.17992464270164138     
                   75                   74  0.18021436406410141     
                   75                   75 -0.63970014499163774     
                   75                   76  0.18008549094426080     
                   76                   75  0.18017740976355795     
                   76                   76 -0.63970422130379634     
                   76                   77  0.18011836893264574     
                   77                   76  0.18016252493812732     
                   77                   77 -0.63970558799395305     
                   77                   78  0.18013188706791963     
                   78                   77  0.18015239483402209     
                   78                   78 -0.63970623102443247     
                   78                   79  0.18014137414154552     
                   79                   78  0.18014566191888065     
                   79                   79 -0.63970660219591524     
                   79                   80  0.18014773588520408     
                   80                   79  0.18014141078827098     
                   80                   80 -0.63970673351274387     
                   80                   81  0.18015185569898509     
                   81                   80  0.18013839121354608     
                   81                   81 -0.63970658447417716     
                   81                   82  0.18015502431227676     
                   82                   81  0.18013590619775693     
                   82                   82 -0.63970616120172841     
                   82                   83  0.18015793260051463     
                   83                   82  0.18013381843389475     
                   83                   83 -0.63970551441248447     
                   83                   84  0.18016066715362083     
                   84                   83  0.18013220072338260     
                   84                   84 -0.63970470959787917     
                   84                   85  0.18016308967873815     
                   85                   84  0.18013110365681451     
                   85                   85 -0.63970380557724205     
                   85                   86  0.18016509076594353     
                   86                   85  0.18013049671710818     
                   86                   86 -0.63970284639823949     
                   86                   87  0.18016665688465230     
                   87                   86  0.18013029449503612     
                   87                   87 -0.63970186167006116     
                   87                   88  0.18016784383490270     
                   88                   87  0.18013039664596309     
                   88                   88 -0.63970087014877697     
                   88                   89  0.18016873320525986     
                   89                   88  0.18013071391167818     
                   89                   89 -0.63969988357552021     
                   89                   90  0.18016940251280156     
                   90                   89  0.18013117812615473     
                   90                   90 -0.63969890961292653     
                   90                   91  0.18016991226091877     
                   91                   90  0.18013174216493355     
                   91                   91 -0.63969795372260563     
                   91                   92  0.18017030411246088     
                   92                   91  0.18013237561031162     
                   92                   92 -0.63969702020727415     
                   92                   93  0.18017060418241412     
                   93                   92  0.18013305963871964     
                   93                   93 -0.63969611270757432     
                   93                   94  0.18017082765370601     
                   94                   93  0.18013378269946773     
                   94                   94 -0.63969523439105491     
                   94                   95  0.18017098290947725     
                   95                   94  0.18013453741145460     
                   95                   95 -0.63969438799412504     
                   95                   96  0.18017107459442033     
                   96                   95  0.18013531857793341     
                   96                   96 -0.63969357581262021     
                   96                   97  0.18017110560944624     
                   97                   96  0.18013612204784202     
                   97                   97 -0.63969279969112558     
                   97                   98  0.18017107826103237     
                   98                   97  0.18013694414802220     
                   98                   98 -0.63969206103334442     
                   98                   99  0.18017099481863341     
                   99                   98  0.18013778146790749     
                   99                   99 -0.63969136084080114     
                   99                  100  0.18017085769129140     
                  100                   99  0.18013863084579157     
                  100                  100 -0.63969069978046822     
                  100                  101  0.18017066937374024     
                  101                  100  0.18013948946282446     
                  101                  101 -0.63969007827994517     
                  101                  102  0.18017043225723037     
                  102                  101  0.18014035499221978     
                  102                  102 -0.63968949664918262     
                  102                  103  0.18017014835859774     
                  103                  102  0.18014122577772296     
                  103                  103 -0.63968895522901115     
                  103                  104  0.18016981899326603     
                  104                  103  0.18014210103081871     
                  104                  104 -0.63968845456806356     
                  104                  105  0.18016944440111768     
                  105                  104  0.18014298104389589     
                  105                  105 -0.63968799563073397     
                  105                  106  0.18016902332537033     
                  106                  105  0.18014386741966390     
                  106                  106 -0.63968758003951476     
                  106                  107  0.18016855254082140     
                  107                  106  0.18014476331742094     
                  107                  107 -0.63968721035534593     
                  107                  108  0.18016802632723330     
                  108                  107  0.18014567371580659     
                  108                  108 -0.63968689039952253     
                  108                  109  0.18016743588467091     
                  109                  108  0.18014660568988114     
                  109                  109 -0.63968662562031042     
                  109                  110  0.18016676868980847     
                  110                  109  0.18014756869828372     
                  110                  110 -0.63968642350661686     
                  110                  111  0.18016600779509934     
                  111                  110  0.18014857487383862     
                  111                  111 -0.63968629404988731     
                  111                  112  0.18016513107627402     
                  112                  111  0.18014963930845132     
                  112                  112 -0.63968625025381209     
                  112                  113  0.18016411043773642     
                  113                  112  0.18015078032038614     
                  113                  113 -0.63968630868938336     
                  113                  114  0.18016291099023049     
                  114                  113  0.18015201968936356     
                  114                  114 -0.63968649009034739     
                  114                  115  0.18016149022028891     
                  115                  114  0.18015338284230645     
                  115                  115 -0.63968681998124433     
                  115                  116  0.18015979717644925     
                  116                  115  0.18015489897042428     
                  116                  116 -0.63968732932701211     
                  116                  117  0.18015777170256358     
                  117                  116  0.18015660105685116     
                  117                  117 -0.63968805518978555     
                  117                  118  0.18015534375336320     
                  118                  117  0.18015852579358752     
                  118                  118 -0.63968904137515414     
                  118                  119  0.18015243283125834     
                  119                  118  0.18016071336731010     
                  119                  119 -0.63969033904703831     
                  119                  120  0.18014894758565164     
                  120                  119  0.18016320709592309     
                  120                  120 -0.63969200728771802     
                  120                  121  0.18014478561635883     
                  121                  120  0.21975217270922234     
                  121                  121 -0.78024782729077768     
