                  121                  121                  570
                    1                    1 -0.99999932053383489     
                    1                    2   8.3424648796975872E-028
                    1                   62  -6.7946616508239587E-007
                    1                   63   1.1194647303062633E-025
                    2                    1   3.9221588020928484E-028
                    2                    2 -0.99999932633600486     
                    2                    3   4.7444528196753026E-028
                    2                   62   5.2630949112996082E-026
                    2                   63  -6.7366399510028939E-007
                    2                   64   6.3521790100942458E-026
                    3                    2   4.4352793469805537E-028
                    3                    3 -0.99999931883503201     
                    3                    4   5.3467920815300563E-028
                    3                   63   5.9382376519706896E-026
                    3                   64  -6.8116496796370815E-007
                    3                   65   7.1431009038080213E-026
                    4                    3   5.1183043596936509E-028
                    4                    4 -0.99999929453401759     
                    4                    5   6.2320249504523962E-028
                    4                   64   6.8378504232448018E-026
                    4                   65  -7.0546598228768120E-007
                    4                   66   8.3071390834918971E-026
                    5                    4   8.0381066894038495E-028
                    5                    5 -0.99999900699845312     
                    5                    6   1.0069660772294557E-027
                    5                   65   1.0714602519679762E-025
                    5                   66  -9.9300154687402594E-007
                    5                   67   1.3389109765023179E-025
                    6                    5   1.0336724240961341E-027
                    6                    6 -0.99999887482419358     
                    6                    7   1.3183287253298731E-027
                    6                   66   1.3744210316776186E-025
                    6                   67  -1.1251758063940090E-006
                    6                   68   1.7483131741303136E-025
                    7                    6   1.2509020025526612E-027
                    7                    7 -0.99999881663694101     
                    7                    8   1.6018921497171909E-027
                    7                   67   1.6588946357529938E-025
                    7                   68  -1.1833630589845085E-006
                    7                   69   2.1188619913935577E-025
                    8                    7   1.4942780170112547E-027
                    8                    8 -0.99999877421572925     
                    8                    9   1.9202965364170693E-027
                    8                   68   1.9765181416108822E-025
                    8                   69  -1.2257842706749060E-006
                    8                   70   2.5335604437536416E-025
                    9                    8   1.8799101344706318E-027
                    9                    9 -0.99999866366288137     
                    9                   10   2.4437808947104133E-027
                    9                   69   2.4802762824292959E-025
                    9                   70  -1.3363371185827652E-006
                    9                   71   3.2159347808366489E-025
                   10                    9   2.6061360007879509E-027
                   10                   10 -0.99999840114336980     
                   10                   11   3.4610628420937635E-027
                   10                   70   3.4295887273141413E-025
                   10                   71  -1.5988566302281075E-006
                   10                   72   4.5424440530083160E-025
                   11                   10   3.3457108498531681E-027
                   11                   11 -0.99999825275480003     
                   11                   12   4.4669196720397826E-027
                   11                   71   4.3910512597936821E-025
                   11                   72  -1.7472451999552051E-006
                   11                   73   5.8471971748831977E-025
                   12                   11   3.6636176400399342E-027
                   12                   12 -0.99999838228369797     
                   12                   13   4.8535678918712119E-027
                   12                   72   4.7956749365299448E-025
                   12                   73  -1.6177163020637183E-006
                   12                   74   6.3377651347567062E-025
                   13                   12   4.6563882229923340E-027
                   13                   13 -0.99999825201023351     
                   13                   14   6.1392371930614640E-027
                   13                   73   6.0802888907761917E-025
                   13                   74  -1.7479897665535953E-006
                   13                   75   7.9980896975501121E-025
                   14                   13   5.4472711607014703E-027
                   14                   14 -0.99999825352001148     
                   14                   15   7.2263114519467419E-027
                   14                   74   7.0966085818297339E-025
                   14                   75  -1.7464799884276910E-006
                   14                   76   9.3930472223821419E-025
                   15                   14   7.8477242255763026E-027
                   15                   15 -0.99999785254172013     
                   15                   16   1.0575912422142732E-026
                   15                   75   1.0200784276909659E-024
                   15                   76  -2.1474582798334039E-006
                   15                   77   1.3715680038935707E-024
                   16                   15   9.5173436543408490E-027
                   16                   16 -0.99999779736104810     
                   16                   17   1.2979427634095648E-026
                   16                   76   1.2342844302514259E-024
                   16                   77  -2.2026389518904974E-006
                   16                   78   1.6794793875802474E-024
                   17                   16   1.4588884216547010E-026
                   17                   17 -0.99999714926736982     
                   17                   18   2.0948517321339571E-026
                   17                   77   1.8877358093296759E-024
                   17                   78  -2.8507326301680324E-006
                   17                   79   2.7039022660230710E-024
                   18                   17   2.5748530915294186E-026
                   18                   18 -0.99999584344492920     
                   18                   19   3.9444314136230896E-026
                   18                   78   3.3234576949132283E-024
                   18                   79  -4.1565550707933014E-006
                   18                   80   5.0772570154565825E-024
                   19                   18   3.4610881311192350E-026
                   19                   19 -0.99999558823824630     
                   19                   20   5.4158040607668697E-026
                   19                   79   4.4550993925630012E-024
                   19                   80  -4.4117617537049528E-006
                   19                   81   6.9526063944724022E-024
                   20                   19   5.0933489521135805E-026
                   20                   20 -0.99999495103484726     
                   20                   21   8.0940871452165325E-026
                   20                   80   6.5386506041228328E-024
                   20                   81  -5.0489651527310852E-006
                   20                   82   1.0364444311817428E-023
                   21                   20   7.6685800238070702E-026
                   21                   21 -0.99999410806960709     
                   21                   22   1.2670500453101325E-025
                   21                   81   9.8195842448318103E-024
                   21                   82  -5.8919303929692246E-006
                   21                   83   1.6183523928997697E-023
                   22                   21   1.2919128658422819E-025
                   22                   22 -0.99999244398708920     
                   22                   23   2.2535379254167527E-025
                   22                   82   1.6501086800735670E-023
                   22                   83  -7.5560129108404394E-006
                   22                   84   2.8710500267166833E-023
                   23                   22   2.2025846986666298E-025
                   23                   23 -0.99999043308599034     
                   23                   24   4.1938014487511006E-025
                   23                   83   2.8061346501559857E-023
                   23                   84  -9.5669140097693610E-006
                   23                   85   5.3289653004486388E-023
                   24                   23   4.6502944411390566E-025
                   24                   24 -0.99998557083450601     
                   24                   25   1.0138404789697925E-024
                   24                   84   5.9090202568075807E-023
                   24                   85  -1.4429165494050986E-005
                   24                   86   1.2846887741968052E-022
                   25                   24   1.0013772546625919E-024
                   25                   25 -0.99997921124610056     
                   25                   26   2.6258677480538373E-024
                   25                   85   1.2688959895429242E-022
                   25                   86  -2.0788753899395638E-005
                   25                   87   3.3175735571356333E-022
                   26                   25   2.7565792300281596E-024
                   26                   26 -0.99996495242967620     
                   26                   27   9.4511067685632033E-024
                   26                   86   3.4827170440966272E-022
                   26                   87  -3.5047570323809424E-005
                   26                   88   1.1897830505779687E-021
                   27                   26   8.8080399872144041E-024
                   27                   27 -0.99993938260835946     
                   27                   28   4.5890106258407384E-023
                   27                   87   1.1088285152442361E-021
                   27                   88  -6.0617391640584701E-005
                   27                   89   5.7247565851751856E-021
                   28                   27   4.4486261792553789E-023
                   28                   28 -0.99986114882430244     
                   28                   29   5.6790836277072408E-022
                   28                   88   5.5496280333866455E-021
                   28                   89  -1.3885117569758328E-004
                   28                   90   6.6632819866369927E-020
                   29                   28   5.6637197983009756E-022
                   29                   29 -0.99946369001611690     
                   29                   30   1.0179993954620248E-019
                   29                   89   6.6452555699754968E-020
                   29                   90  -5.3630998388305956E-004
                   29                   91   7.2654895432163997E-018
                   30                   29   1.0702128019590883E-019
                   30                   30 -0.99630536031779859     
                   30                   31   1.0828961898599250E-014
                   30                   90   7.6381380542186575E-018
                   30                   91  -3.6946396820533461E-003
                   30                   92   1.3717876615234601E-013
                   31                   30   1.0417964756766537E-014
                   31                   31 -0.94377405867254338     
                   31                   32   3.7180131282433693E-002
                   31                   91   1.3197235012311931E-013
                   31                   92  -1.8975183572762473E-002
                   31                   93   7.0626472117981087E-005
                   32                   31   5.8948887642289415E-002
                   32                   32 -0.89544859244078545     
                   32                   33   4.2919724684817744E-002
                   32                   92   1.1197787167096933E-004
                   32                   93  -2.4726814989091211E-003
                   32                   94   9.8135861527214648E-005
                   33                   32   4.2963506635874872E-002
                   33                   33 -0.89231470549591496     
                   33                   34   6.4254067644644933E-002
                   33                   93   9.8235968867554934E-005
                   33                   94  -2.3386011178259922E-004
                   33                   95   1.3562414291504429E-004
                   34                   33   5.5806933830108284E-002
                   34                   34 -0.87800649108716522     
                   34                   35   6.5680506974751349E-002
                   34                   94   1.1779437235450762E-004
                   34                   95  -2.5303405398757316E-004
                   34                   96   1.3523968163306555E-004
                   35                   34   6.1877483530904089E-002
                   35                   35 -0.87103063814116932     
                   35                   36   6.6563856156260953E-002
                   35                   95   1.2740905267664323E-004
                   35                   96  -2.6401108583283864E-004
                   35                   97   1.3660203315619542E-004
                   36                   35   6.4837904500175333E-002
                   36                   36 -0.86743085164093159     
                   36                   37   6.7187784132505785E-002
                   36                   96   1.3306004326911429E-004
                   36                   97  -2.7172986319369931E-004
                   36                   98   1.3866981992458500E-004
                   37                   36   6.6351333658694805E-002
                   37                   37 -0.86530111548236688     
                   37                   38   6.7791279481450903E-002
                   37                   97   1.3694345793666100E-004
                   37                   98  -2.7813568874372903E-004
                   37                   99   1.4119223080706804E-004
                   38                   37   6.7268415348280111E-002
                   38                   38 -0.86370829544759387     
                   38                   39   6.8455072592767757E-002
                   38                   98   1.4010323596973668E-004
                   38                   99  -2.8410830567914328E-004
                   38                  100   1.4400506970940662E-004
                   39                   38   6.7996007642792664E-002
                   39                   39 -0.86224300463551873     
                   39                   40   6.9180937066098541E-002
                   39                   99   1.4303936070321539E-004
                   39                  100  -2.9002532779503565E-004
                   39                  101   1.4698596709182028E-004
                   40                   39   6.8700851919416953E-002
                   40                   40 -0.86076252948613907     
                   40                   41   6.9944580706299678E-002
                   40                  100   1.4596594940249660E-004
                   40                  101  -2.9601894407217964E-004
                   40                  102   1.5005299466968306E-004
                   41                   40   6.9431387250113663E-002
                   41                   41 -0.85924310346345922     
                   41                   42   7.0721286330797939E-002
                   41                  101   1.4895203424976220E-004
                   41                  102  -3.0211147781457657E-004
                   41                  103   1.5315944356481434E-004
                   42                   41   7.0187659795750049E-002
                   42                   42 -0.85770231140570219     
                   42                   43   7.1493456486917586E-002
                   42                  102   1.5200378099955694E-004
                   42                  103  -3.0828615581512579E-004
                   42                  104   1.5628237481556890E-004
                   43                   42   7.0955977218677205E-002
                   43                   43 -0.85616488869454832     
                   43                   44   7.2250096062279029E-002
                   43                  103   1.5510746258468364E-004
                   43                  104  -3.1451901224770369E-004
                   43                  105   1.5941154966302002E-004
                   44                   43   7.1722578858490885E-002
                   44                   44 -0.85465150375980037     
                   44                   45   7.2984337846275546E-002
                   44                  104   1.5824764346063542E-004
                   44                  105  -3.2078976771661910E-004
                   44                  106   1.6254212425598365E-004
                   45                   44   7.2477111812793441E-002
                   45                   45 -0.85317730308809137     
                   45                   46   7.3691418144505236E-002
                   45                  105   1.6141249015374969E-004
                   45                  106  -3.2708347730497190E-004
                   45                  107   1.6567098715122223E-004
                   46                   45   7.3212314978164814E-002
                   46                   46 -0.85175334938822256     
                   46                   47   7.4367557048520008E-002
                   46                  106   1.6459388079998814E-004
                   46                  107  -3.3338929254630236E-004
                   46                  108   1.6879541174631419E-004
                   47                   46   7.3922910358777252E-002
                   47                   47 -0.85038817980977210     
                   47                   48   7.5009511844487536E-002
                   47                  107   1.6778617702010429E-004
                   47                  108  -3.3969899348148928E-004
                   47                  109   1.7191281646138499E-004
                   48                   47   7.4604744201051634E-002
                   48                   48 -0.84908876675908707     
                   48                   49   7.5614476984457404E-002
                   48                  108   1.7098513750595106E-004
                   48                  109  -3.4600602770196902E-004
                   48                  110   1.7502089019601793E-004
                   49                   48   7.5254338267253695E-002
                   49                   49 -0.84786095170987008     
                   49                   50   7.6180099961146872E-002
                   49                  109   1.7418729587132266E-004
                   49                  110  -3.5230503086466106E-004
                   49                  111   1.7811773499333837E-004
                   50                   49   7.5868724227809187E-002
                   50                   50 -0.84670959610641205     
                   50                   51   7.6704496427858079E-002
                   50                  110   1.7738970312698108E-004
                   50                  111  -3.5859161896034122E-004
                   50                  112   1.8120191583336019E-004
                   51                   50   7.6445406945617772E-002
                   51                   51 -0.84563864192517779     
                   51                   52   7.7186226573463940E-002
                   51                  111   1.8058985900826422E-004
                   51                  112  -3.6486227787025158E-004
                   51                  113   1.8427241886198733E-004
                   52                   51   7.6982355395334823E-002
                   52                   52 -0.84465118115022642     
                   52                   53   7.7624234940751158E-002
                   52                  112   1.8378570203700641E-004
                   52                  113  -3.7111425684380639E-004
                   52                  114   1.8732855480679998E-004
                   53                   52   7.7477975972892937E-002
                   53                   53 -0.84374956342523078     
                   53                   54   7.8017769730313324E-002
                   53                  113   1.8697559182948592E-004
                   53                  114  -3.7734543578148768E-004
                   53                  115   1.9036984395200175E-004
                   54                   53   7.7931059238032480E-002
                   54                   54 -0.84293553462107851     
                   54                   55   7.8366297800752327E-002
                   54                  114   1.9015826314237896E-004
                   54                  115  -3.8355417006832583E-004
                   54                  116   1.9339590692594690E-004
                   55                   54   7.8340707962254133E-002
                   55                   55 -0.84221038712573348     
                   55                   56   7.8669426655408770E-002
                   55                  115   1.9333275516092375E-004
                   55                  116  -3.8973912830176640E-004
                   55                  117   1.9640637314084268E-004
                   56                   55   7.8706258559442868E-002
                   56                   56 -0.84157510394297708     
                   56                   57   7.8926839222247594E-002
                   56                  116   1.9649832780474150E-004
                   56                  117  -3.9589913766620370E-004
                   56                  118   1.9940080986146220E-004
                   57                   56   7.9027206039135142E-002
                   57                   57 -0.84103048491045096     
                   57                   58   7.9138242957569188E-002
                   57                  117   1.9965437664264598E-004
                   57                  118  -4.0203304642232203E-004
                   57                  119   2.0237866977967608E-004
                   58                   57   7.9303138762645969E-002
                   58                   58 -0.84057724998701089     
                   58                   59   7.9303332036029711E-002
                   58                  118   2.0280035457373425E-004
                   58                  119  -4.0813960715677404E-004
                   58                  120   2.0533925258303979E-004
                   59                   58   7.9533685617391867E-002
                   59                   59 -0.84021611979172062     
                   59                   60   7.9421759831363986E-002
                   59                  119   2.0593570459851427E-004
                   59                  120  -4.1421737976177116E-004
                   59                  121   2.0828167516325695E-004
                   60                   59   7.9735315969229281E-002
                   60                   60 -0.84012531560174575     
                   60                   61   7.9509911029768579E-002
                   60                  120   2.0910396867313352E-004
                   60                  121  -4.2035343058332192E-004
                   61                   60  0.15948052651798664     
                   61                   61 -0.84009575051495500     
                   61                  121   4.2372296705834038E-004
                   62                    1   2.0990944317050172E-002
                   62                   62 -0.58336588767645881     
                   62                   63  0.39564316800649113     
                   63                    2   2.1636076129845121E-002
                   63                   62  0.19404881533154389     
                   63                   63 -0.58200540878007734     
                   63                   64  0.20230969975853369     
                   64                    3   2.2244709393961986E-002
                   64                   63  0.19330645713338437     
                   64                   64 -0.57839767060828651     
                   64                   65  0.20605116286436698     
                   65                    4   2.4035513150493452E-002
                   65                   64  0.20688722566726936     
                   65                   65 -0.57842368898486995     
                   65                   66  0.19065357219736737     
                   66                    5   2.8172027676495928E-002
                   66                   65  0.20602273437707030     
                   66                   66 -0.58041073412149935     
                   66                   67  0.18539450382493444     
                   67                    6   3.1803747530798551E-002
                   67                   66  0.19096383058966493     
                   67                   67 -0.58115487411796007     
                   67                   68  0.19607754776157646     
                   68                    7   3.4027090464660348E-002
                   68                   67  0.19072887054090962     
                   68                   68 -0.57802237594336559     
                   68                   69  0.19722166305106448     
                   69                    8   3.6323377354639329E-002
                   69                   68  0.19113950774439808     
                   69                   69 -0.57477967314435030     
                   69                   70  0.19775744175661239     
                   70                    9   3.9696438121717997E-002
                   70                   69  0.19576945869334172     
                   70                   70 -0.57243524666773971     
                   70                   71  0.19209885651720049     
                   71                   10   4.4814916505661918E-002
                   71                   70  0.19519146700275167     
                   71                   71 -0.57061157895795911     
                   71                   72  0.18938203753362742     
                   72                   11   4.8581329212822752E-002
                   72                   71  0.18358383473158393     
                   72                   72 -0.56629219680426723     
                   72                   73  0.20154263925132629     
                   73                   12   5.0304931769021850E-002
                   73                   72  0.18696021775484786     
                   73                   73 -0.56122647657802427     
                   73                   74  0.20150837389810597     
                   74                   13   5.2583383033681992E-002
                   74                   73  0.18919952276635613     
                   74                   74 -0.55534463950341595     
                   74                   75  0.20287245469654583     
                   75                   14   5.6371626429895440E-002
                   75                   74  0.19550674591469769     
                   75                   75 -0.55201672537348578     
                   75                   76  0.19610490228192096     
                   76                   15   6.2535108969083972E-002
                   76                   75  0.19473345175732690     
                   76                   76 -0.54736817594000897     
                   76                   77  0.19536326333358020     
                   77                   16   6.8383190557089149E-002
                   77                   76  0.19024635507295687     
                   77                   77 -0.54374289112804175     
                   77                   78  0.19762756324191230     
                   78                   17   8.0893731549338974E-002
                   78                   77  0.20652675536864853     
                   78                   78 -0.53953334653076679     
                   78                   79  0.17304616655124569     
                   79                   18  0.10035819451498251     
                   79                   78  0.18502079293679477     
                   79                   79 -0.53294139857389455     
                   79                   80  0.18167961397432819     
                   80                   19  0.11277475440274512     
                   80                   79  0.17330429327004196     
                   80                   80 -0.52446434307630374     
                   80                   81  0.18945660925090924     
                   81                   20  0.12465774058780794     
                   81                   80  0.17726075360051649     
                   81                   81 -0.51413847411213076     
                   81                   82  0.18394303169954476     
                   82                   21  0.14246726902138057     
                   82                   81  0.17661828206523572     
                   82                   82 -0.50295928752978969     
                   82                   83  0.17795516138359418     
                   83                   22  0.16603831442888520     
                   83                   82  0.17184232121676460     
                   83                   83 -0.48861654451999792     
                   83                   84  0.17350281983435215     
                   84                   23  0.19828961524815544     
                   84                   83  0.16841406143222803     
                   84                   84 -0.47092709177873326     
                   84                   85  0.16236923154088320     
                   85                   24  0.24490784588526548     
                   85                   84  0.15794531323807756     
                   85                   85 -0.44510324201957174     
                   85                   86  0.15204359885708529     
                   86                   25  0.30411310344086556     
                   86                   85  0.14257666615908024     
                   86                   86 -0.41212993161681721     
                   86                   87  0.14118029878323693     
                   87                   26  0.37851594190700810     
                   87                   86  0.12618547654246068     
                   87                   87 -0.36896081037632367     
                   87                   88  0.12633777117420741     
                   88                   27  0.46669526614870899     
                   88                   87  0.10509852769305789     
                   88                   88 -0.31790016563556056     
                   88                   89  0.11030604052267262     
                   89                   28  0.57172338444444115     
                   89                   88   8.4225870651151905E-002
                   89                   89 -0.25870977719469179     
                   89                   90   8.5340967709715165E-002
                   90                   29  0.69109491193550521     
                   90                   89   5.5356277882452967E-002
                   90                   90 -0.20038923553320620     
                   90                   91   5.3159574648835591E-002
                   91                   30  0.76882152044393925     
                   91                   90   2.2100931573551030E-002
                   91                   91 -0.18753907119955734     
                   91                   92   2.1538476782952471E-002
                   92                   31  0.71909749596297723     
                   92                   91   7.9785995741976853E-003
                   92                   92 -0.26717351579616605     
                   92                   93   5.7503886666590148E-003
                   93                   32  0.50475205811864843     
                   93                   92   5.9878267355755889E-002
                   93                   93 -0.38388092441998289     
                   93                   94   5.1488750105612845E-002
                   94                   93  0.17695266341046609     
                   94                   94 -0.64034832559656019     
                   94                   95  0.18269901099297370     
                   95                   94  0.17879866015024840     
                   95                   95 -0.64014815116513635     
                   95                   96  0.18105318868461540     
                   96                   95  0.17949068695545856     
                   96                   96 -0.64009349269088889     
                   96                   97  0.18041582035365247     
                   97                   96  0.17977444737777021     
                   97                   97 -0.64007398338110433     
                   97                   98  0.18015156924112555     
                   98                   97  0.17987958133878063     
                   98                   98 -0.64006430717072360     
                   98                   99  0.18005611149049580     
                   99                   98  0.17990888236738531     
                   99                   99 -0.64005699099164359     
                   99                  100  0.18003412664097124     
                  100                   99  0.17991125891870782     
                  100                  100 -0.64004994435766638     
                  100                  101  0.18003879672362580     
                  101                  100  0.17990821001935106     
                  101                  101 -0.64004277817760069     
                  101                  102  0.18004901180304825     
                  102                  101  0.17990729380249595     
                  102                  102 -0.64003561240007101     
                  102                  103  0.18005709379743312     
                  103                  102  0.17990991215568330     
                  103                  103 -0.64002867036217492     
                  103                  104  0.18006141748214177     
                  104                  103  0.17991540906858086     
                  104                  104 -0.64002215266277906     
                  104                  105  0.18006243826864024     
                  105                  104  0.17992282984271965     
                  105                  105 -0.64001621549865306     
                  105                  106  0.18006095465862731     
                  106                  105  0.17993145630874691     
                  106                  106 -0.64001097993377987     
                  106                  107  0.18005756375747317     
                  107                  106  0.17994084227574772     
                  107                  107 -0.64000654310169747     
                  107                  108  0.18005261462255490     
                  108                  107  0.17995071545283145     
                  108                  108 -0.64000298425889401     
                  108                  109  0.18004630028827456     
                  109                  108  0.17996088713582209     
                  109                  109 -0.64000036693536388     
                  109                  110  0.18003874592881391     
                  110                  109  0.17997120187207347     
                  110                  110 -0.63999873979906419     
                  110                  111  0.18003005832886232     
                  111                  110  0.17998151936927703     
                  111                  111 -0.63999813785260140     
                  111                  112  0.18002034277812143     
                  112                  111  0.17999171332510377     
                  112                  112 -0.63999858441970192     
                  112                  113  0.18000970225519419     
                  113                  112  0.18000167562380506     
                  113                  113 -0.64000009370920474     
                  113                  114  0.17999823066699028     
                  114                  113  0.18001131987540636     
                  114                  114 -0.64000267353844420     
                  114                  115  0.17998600658614941     
                  115                  114  0.18002058230571438     
                  115                  115 -0.64000632785469402     
                  115                  116  0.17997308983959165     
                  116                  115  0.18002942014075132     
                  116                  116 -0.64001105884126774     
                  116                  117  0.17995952101798102     
                  117                  116  0.18003780840756661     
                  117                  117 -0.64001686853761008     
                  117                  118  0.17994532305482328     
                  118                  117  0.18004573612322952     
                  118                  118 -0.64002376000444605     
                  118                  119  0.17993050387232440     
                  119                  118  0.18005320261000868     
                  119                  119 -0.64003173812414582     
                  119                  120  0.17991505926584533     
                  120                  119  0.18006021439884246     
                  120                  120 -0.64004081015422509     
                  120                  121  0.17989897544693256     
                  121                  120  0.21956210405289536     
                  121                  121 -0.78043789594710467     
