 #              _____________________  _______________________             #
 #              ___  __ \__  __ \_  / / /_  /___  ____/_  ___/             #
 #              __  / / /_  /_/ /  / / /_  __/_  __/  _____ \              #
 #              _  /_/ /_  _, _// /_/ / / /_ _  /___  ____/ /              #
 #              /_____/ /_/ |_| \____/  \__/ /_____/  /____/               #
 #                                                                         #
  
 DRUtES is initializing, reading input files
 ---------------------------------------------------------------
 14hrs : 47min : 50.953s  -  2020/12/14    total number of parallel images is:                    1
 ---------------------------------------------------------------
 14hrs : 47min : 50.954s  -  2020/12/14    reading input files and allocating...
 ---------------------------------------------------------------
 14hrs : 47min : 51.060s  -  2020/12/14    number of nodes:                   61 number of elements:                   60
 ---------------------------------------------------------------
 14hrs : 47min : 51.106s  -  2020/12/14    analyzing mesh structure...
 ---------------------------------------------------------------
 14hrs : 47min : 51.119s  -  2020/12/14    DRUtES solves coupled water and heat flow considering freezing and melting
 ---------------------------------------------------------------
 14hrs : 47min : 51.120s  -  2020/12/14    making output files for observation time
 ---------------------------------------------------------------
 14hrs : 47min : 51.140s  -  2020/12/14    go 4 solving
 ---------------------------------------------------------------
 14hrs : 47min : 51.249s  -  2020/12/14    current simulation time:   1.0000000000000000 total iteration count:                    2
 ---------------------------------------------------------------
 14hrs : 48min : 08.806s  -  2020/12/14    making output files for observation time
 ---------------------------------------------------------------
 14hrs : 48min : 21.133s  -  2020/12/14    making output files for observation time
 ---------------------------------------------------------------
 14hrs : 48min : 33.930s  -  2020/12/14    making output files for observation time
 ---------------------------------------------------------------
 14hrs : 48min : 51.732s  -  2020/12/14    making output files for observation time
 ---------------------------------------------------------------
 14hrs : 48min : 51.783s  -  2020/12/14    making output files for observation time
 ---------------------------------------------------------------
 14hrs : 48min : 51.926s  -  2020/12/14    # real elapsed CPU time =   1.0168333333334885 min
 ---------------------------------------------------------------
 14hrs : 48min : 51.932s  -  2020/12/14    minimal adjusted time step was  0.91011600000000015
 ---------------------------------------------------------------
 14hrs : 48min : 51.932s  -  2020/12/14    F I N I S H E D !!!!!
 ---------------------------------------------------------------
 14hrs : 48min : 51.960s  -  2020/12/14    Peak RAM  consumption on image                    1 was:                    0 kB
