                  121                  121                  540
                    1                    1  -3.0752476775339823E-005
                    1                    2   3.3400562304168499E-007
                    1                   62  -4.7735830755096572E-006
                    1                   63   2.8388450220071393E-007
                    2                    1   3.3400562304168499E-007
                    2                    2  -6.3420958754463881E-005
                    2                    3   3.7329162208751527E-007
                    2                   62   2.8388450220071393E-007
                    2                   63  -8.7519193083638019E-007
                    2                   64   2.1040939316630018E-008
                    3                    2   3.7329162208751527E-007
                    3                    3  -6.3500302045627034E-005
                    3                    4   4.0084703656517737E-007
                    3                   63   2.1040939316630018E-008
                    3                   64  -4.5368927474742367E-008
                    3                   65   2.4327988158112345E-008
                    4                    3   4.0084703656517737E-007
                    4                    4  -6.3614965205287824E-005
                    4                    5   4.1790526776107678E-007
                    4                   64   2.4327988158112345E-008
                    4                   65  -5.0818669036246092E-008
                    4                   66   2.6490680878133743E-008
                    5                    4   4.1790526776107678E-007
                    5                    5  -6.3689639940168015E-005
                    5                    6   4.2734214986914546E-007
                    5                   65   2.6490680878133743E-008
                    5                   66  -5.4205567553979354E-008
                    5                   67   2.7714886675845607E-008
                    6                    5   4.2734214986914546E-007
                    6                    6  -6.3733783607405561E-005
                    6                    7   4.3196580300841182E-007
                    6                   66   2.7714886675845607E-008
                    6                   67  -5.6036763624322139E-008
                    6                   68   2.8321876948476535E-008
                    7                    6   4.3196580300841182E-007
                    7                    7  -6.3755643884159968E-005
                    7                    8   4.3400889745790371E-007
                    7                   67   2.8321876948476535E-008
                    7                   68  -5.6913424498979861E-008
                    7                   69   2.8591547550503329E-008
                    8                    7   4.3400889745790371E-007
                    8                    8  -6.3765203865694031E-005
                    8                    9   4.3483458620298165E-007
                    8                   68   2.8591547550503329E-008
                    8                   69  -5.7292322220396409E-008
                    8                   70   2.8700774669893080E-008
                    9                    8   4.3483458620298165E-007
                    9                    9  -6.3768996611276242E-005
                    9                   10   4.3514319199493501E-007
                    9                   69   2.8700774669893080E-008
                    9                   70  -5.7442408229206801E-008
                    9                   71   2.8741633559313721E-008
                   10                    9   4.3514319199493501E-007
                   10                   10  -6.3770385203907177E-005
                   10                   11   4.3525081903536515E-007
                   10                   70   2.8741633559313721E-008
                   10                   71  -5.7497521024704734E-008
                   10                   72   2.8755887465391010E-008
                   11                   10   4.3525081903536515E-007
                   11                   11  -6.3770859840193370E-005
                   11                   12   4.3528609908520565E-007
                   11                   71   2.8755887465391010E-008
                   11                   72  -5.7516447809713553E-008
                   11                   73   2.8760560344322540E-008
                   12                   11   4.3528609908520565E-007
                   12                   12  -6.3771012568248373E-005
                   12                   13   4.3529703556896149E-007
                   12                   72   2.8760560344322540E-008
                   12                   73  -5.7522569281391184E-008
                   12                   74   2.8762008937068644E-008
                   13                   12   4.3529703556896149E-007
                   13                   13  -6.3771059127379652E-005
                   13                   14   4.3530025840506293E-007
                   13                   73   2.8762008937068644E-008
                   13                   74  -5.7524444758928632E-008
                   13                   75   2.8762435821859984E-008
                   14                   13   4.3530025840506293E-007
                   14                   14  -6.3771072643678843E-005
                   14                   15   4.3530116536148098E-007
                   14                   74   2.8762435821859984E-008
                   14                   75  -5.7524991776064531E-008
                   14                   76   2.8762555954204547E-008
                   15                   14   4.3530116536148098E-007
                   15                   15  -6.3771076396657212E-005
                   15                   16   4.3530141007475068E-007
                   15                   75   2.8762555954204547E-008
                   15                   76  -5.7525144322312488E-008
                   15                   77   2.8762588368107944E-008
                   16                   15   4.3530141007475068E-007
                   16                   16  -6.3771077397144069E-005
                   16                   17   4.3530147360571261E-007
                   16                   76   2.8762588368107944E-008
                   16                   77  -5.7525185151316609E-008
                   16                   78   2.8762596783208665E-008
                   17                   16   4.3530147360571261E-007
                   17                   17  -6.3771077654078016E-005
                   17                   18   4.3530148952534576E-007
                   17                   77   2.8762596783208665E-008
                   17                   78  -5.7525195675078986E-008
                   17                   79   2.8762598891870320E-008
                   18                   17   4.3530148952534576E-007
                   18                   18  -6.3771077717831190E-005
                   18                   19   4.3530149338648600E-007
                   18                   78   2.8762598891870320E-008
                   18                   79  -5.7525198295174727E-008
                   18                   80   2.8762599403304407E-008
                   19                   18   4.3530149338648600E-007
                   19                   19  -6.3771077733156551E-005
                   19                   20   4.3530149429519374E-007
                   19                   79   2.8762599403304407E-008
                   19                   80  -5.7525198926973122E-008
                   19                   81   2.8762599523668718E-008
                   20                   19   4.3530149429519374E-007
                   20                   20  -6.3771077736734269E-005
                   20                   21   4.3530149450317479E-007
                   20                   80   2.8762599523668718E-008
                   20                   81  -5.7525199074886237E-008
                   20                   82   2.8762599551217515E-008
                   21                   20   4.3530149450317479E-007
                   21                   21  -6.3771077737547041E-005
                   21                   22   4.3530149454957415E-007
                   21                   81   2.8762599551217515E-008
                   21                   82  -5.7525199108580361E-008
                   21                   83   2.8762599557362842E-008
                   22                   21   4.3530149454957415E-007
                   22                   22  -6.3771077737727141E-005
                   22                   23   4.3530149455966776E-007
                   22                   82   2.8762599557362842E-008
                   22                   83  -5.7525199116063222E-008
                   22                   84   2.8762599558700380E-008
                   23                   22   4.3530149455966776E-007
                   23                   23  -6.3771077737766172E-005
                   23                   24   4.3530149456182288E-007
                   23                   83   2.8762599558700380E-008
                   23                   84  -5.7525199117685965E-008
                   23                   85   2.8762599558985588E-008
                   24                   23   4.3530149456182288E-007
                   24                   24  -6.3771077737774317E-005
                   24                   25   4.3530149456227297E-007
                   24                   84   2.8762599558985588E-008
                   24                   85  -5.7525199118030720E-008
                   24                   86   2.8762599559045135E-008
                   25                   24   4.3530149456227297E-007
                   25                   25  -6.3771077737775984E-005
                   25                   26   4.3530149456236387E-007
                   25                   85   2.8762599559045135E-008
                   25                   86  -5.7525199118102374E-008
                   25                   87   2.8762599559057235E-008
                   26                   25   4.3530149456236387E-007
                   26                   26  -6.3771077737776431E-005
                   26                   27   4.3530149456238457E-007
                   26                   86   2.8762599559057235E-008
                   26                   87  -5.7525199118117052E-008
                   26                   88   2.8762599559059820E-008
                   27                   26   4.3530149456238457E-007
                   27                   27  -6.3771077737776540E-005
                   27                   28   4.3530149456238547E-007
                   27                   87   2.8762599559059820E-008
                   27                   88  -5.7525199118119924E-008
                   27                   89   2.8762599559060101E-008
                   28                   27   4.3530149456238547E-007
                   28                   28  -6.3771077737776567E-005
                   28                   29   4.3530149456238626E-007
                   28                   88   2.8762599559060101E-008
                   28                   89  -5.7525199118120321E-008
                   28                   90   2.8762599559060220E-008
                   29                   28   4.3530149456238626E-007
                   29                   29  -6.3771077737776350E-005
                   29                   30   4.3530149456238864E-007
                   29                   89   2.8762599559060220E-008
                   29                   90  -5.7525199118120618E-008
                   29                   91   2.8762599559060399E-008
                   30                   29   4.3530149456238864E-007
                   30                   30  -6.3771077737776336E-005
                   30                   31   4.3530149456238626E-007
                   30                   90   2.8762599559060399E-008
                   30                   91  -5.7525199118120625E-008
                   30                   92   2.8762599559060230E-008
                   31                   30   4.3530149456238626E-007
                   31                   31  -6.3771077737776567E-005
                   31                   32   4.3530149456238626E-007
                   31                   91   2.8762599559060230E-008
                   31                   92  -5.7525199118120446E-008
                   31                   93   2.8762599559060217E-008
                   32                   31   4.3530149456238626E-007
                   32                   32  -6.3771077737776567E-005
                   32                   33   4.3530149456238626E-007
                   32                   92   2.8762599559060217E-008
                   32                   93  -5.7525199118120440E-008
                   32                   94   2.8762599559060220E-008
                   33                   32   4.3530149456238626E-007
                   33                   33  -6.3771077737776540E-005
                   33                   34   4.3530149456238626E-007
                   33                   93   2.8762599559060220E-008
                   33                   94  -5.7525199118120453E-008
                   33                   95   2.8762599559060233E-008
                   34                   33   4.3530149456238626E-007
                   34                   34  -6.3771077737776540E-005
                   34                   35   4.3530149456238626E-007
                   34                   94   2.8762599559060233E-008
                   34                   95  -5.7525199118120453E-008
                   34                   96   2.8762599559060220E-008
                   35                   34   4.3530149456238626E-007
                   35                   35  -6.3771077737776594E-005
                   35                   36   4.3530149456238626E-007
                   35                   95   2.8762599559060220E-008
                   35                   96  -5.7525199118120440E-008
                   35                   97   2.8762599559060217E-008
                   36                   35   4.3530149456238626E-007
                   36                   36  -6.3771077737776404E-005
                   36                   37   4.3530149456238864E-007
                   36                   96   2.8762599559060217E-008
                   36                   97  -5.7525199118120592E-008
                   36                   98   2.8762599559060375E-008
                   37                   36   4.3530149456238864E-007
                   37                   37  -6.3771077737776431E-005
                   37                   38   4.3530149456238769E-007
                   37                   97   2.8762599559060375E-008
                   37                   98  -5.7525199118120685E-008
                   37                   99   2.8762599559060309E-008
                   38                   37   4.3530149456238769E-007
                   38                   38  -6.3771077737776553E-005
                   38                   39   4.3530149456238626E-007
                   38                   98   2.8762599559060309E-008
                   38                   99  -5.7525199118120546E-008
                   38                  100   2.8762599559060233E-008
                   39                   38   4.3530149456238626E-007
                   39                   39  -6.3771077737776540E-005
                   39                   40   4.3530149456238626E-007
                   39                   99   2.8762599559060233E-008
                   39                  100  -5.7525199118120466E-008
                   39                  101   2.8762599559060230E-008
                   40                   39   4.3530149456238626E-007
                   40                   40  -6.3771077737776567E-005
                   40                   41   4.3530149456238626E-007
                   40                  100   2.8762599559060230E-008
                   40                  101  -5.7525199118120453E-008
                   40                  102   2.8762599559060220E-008
                   41                   40   4.3530149456238626E-007
                   41                   41  -6.3771077737776553E-005
                   41                   42   4.3530149456238626E-007
                   41                  101   2.8762599559060220E-008
                   41                  102  -5.7525199118120453E-008
                   41                  103   2.8762599559060230E-008
                   42                   41   4.3530149456238626E-007
                   42                   42  -6.3771077737776377E-005
                   42                   43   4.3530149456238864E-007
                   42                  102   2.8762599559060230E-008
                   42                  103  -5.7525199118120612E-008
                   42                  104   2.8762599559060382E-008
                   43                   42   4.3530149456238864E-007
                   43                   43  -6.3771077737776404E-005
                   43                   44   4.3530149456238626E-007
                   43                  103   2.8762599559060382E-008
                   43                  104  -5.7525199118120605E-008
                   43                  105   2.8762599559060223E-008
                   44                   43   4.3530149456238626E-007
                   44                   44  -6.3771077737776512E-005
                   44                   45   4.3530149456238769E-007
                   44                  104   2.8762599559060223E-008
                   44                  105  -5.7525199118120559E-008
                   44                  106   2.8762599559060336E-008
                   45                   44   4.3530149456238769E-007
                   45                   45  -6.3771077737776499E-005
                   45                   46   4.3530149456238864E-007
                   45                  105   2.8762599559060336E-008
                   45                  106  -5.7525199118120731E-008
                   45                  107   2.8762599559060395E-008
                   46                   45   4.3530149456238864E-007
                   46                   46  -6.3771077737776512E-005
                   46                   47   4.3530149456239013E-007
                   46                  106   2.8762599559060395E-008
                   46                  107  -5.7525199118120883E-008
                   46                  108   2.8762599559060488E-008
                   47                   46   4.3530149456239013E-007
                   47                   47  -6.3771077737776512E-005
                   47                   48   4.3530149456238626E-007
                   47                  107   2.8762599559060488E-008
                   47                  108  -5.7525199118120718E-008
                   47                  109   2.8762599559060233E-008
                   48                   47   4.3530149456238626E-007
                   48                   48  -6.3771077737776377E-005
                   48                   49   4.3530149456238864E-007
                   48                  108   2.8762599559060233E-008
                   48                  109  -5.7525199118120612E-008
                   48                  110   2.8762599559060382E-008
                   49                   48   4.3530149456238864E-007
                   49                   49  -6.3771077737776363E-005
                   49                   50   4.3530149456238626E-007
                   49                  109   2.8762599559060382E-008
                   49                  110  -5.7525199118120625E-008
                   49                  111   2.8762599559060243E-008
                   50                   49   4.3530149456238626E-007
                   50                   50  -6.3771077737776485E-005
                   50                   51   4.3530149456238626E-007
                   50                  110   2.8762599559060243E-008
                   50                  111  -5.7525199118120486E-008
                   50                  112   2.8762599559060243E-008
                   51                   50   4.3530149456238626E-007
                   51                   51  -6.3771077737776512E-005
                   51                   52   4.3530149456238769E-007
                   51                  111   2.8762599559060243E-008
                   51                  112  -5.7525199118120572E-008
                   51                  113   2.8762599559060329E-008
                   52                   51   4.3530149456238769E-007
                   52                   52  -6.3771077737776540E-005
                   52                   53   4.3530149456238626E-007
                   52                  112   2.8762599559060329E-008
                   52                  113  -5.7525199118120559E-008
                   52                  114   2.8762599559060230E-008
                   53                   52   4.3530149456238626E-007
                   53                   53  -6.3771077737776553E-005
                   53                   54   4.3530149456238626E-007
                   53                  113   2.8762599559060230E-008
                   53                  114  -5.7525199118120446E-008
                   53                  115   2.8762599559060217E-008
                   54                   53   4.3530149456238626E-007
                   54                   54  -6.3771077737776594E-005
                   54                   55   4.3530149456238626E-007
                   54                  114   2.8762599559060217E-008
                   54                  115  -5.7525199118120440E-008
                   54                  116   2.8762599559060223E-008
                   55                   54   4.3530149456238626E-007
                   55                   55  -6.3771077737776512E-005
                   55                   56   4.3530149456238626E-007
                   55                  115   2.8762599559060223E-008
                   55                  116  -5.7525199118120466E-008
                   55                  117   2.8762599559060246E-008
                   56                   55   4.3530149456238626E-007
                   56                   56  -6.3771077737776485E-005
                   56                   57   4.3530149456238774E-007
                   56                  116   2.8762599559060246E-008
                   56                  117  -5.7525199118120585E-008
                   56                  118   2.8762599559060339E-008
                   57                   56   4.3530149456238774E-007
                   57                   57  -6.3771077737776540E-005
                   57                   58   4.3530149456238626E-007
                   57                  117   2.8762599559060339E-008
                   57                  118  -5.7525199118120559E-008
                   57                  119   2.8762599559060217E-008
                   58                   57   4.3530149456238626E-007
                   58                   58  -6.3771077737776296E-005
                   58                   59   4.3530149456239277E-007
                   58                  118   2.8762599559060217E-008
                   58                  119  -5.7525199118120837E-008
                   58                  120   2.8762599559060624E-008
                   59                   58   4.3530149456239277E-007
                   59                   59  -6.3771077737776268E-005
                   59                   60   4.3530149456238626E-007
                   59                  119   2.8762599559060624E-008
                   59                  120  -5.7525199118120837E-008
                   59                  121   2.8762599559060217E-008
                   60                   59   4.3530149456238626E-007
                   60                   60  -6.3771077737776594E-005
                   60                   61   4.3530149456238626E-007
                   60                  120   2.8762599559060217E-008
                   60                  121  -5.7525199118120433E-008
                   61                   60   4.3530149456238626E-007
                   61                   61  -3.1885538868888304E-005
                   61                  121   2.8762599559060217E-008
                   62                    1   26519.851738979902     
                   62                   62  -21082.493042760201     
                   62                   63   980.12117592026573     
                   63                    2   3368.4628269606433     
                   63                   62   975.53641525680712     
                   63                   63  -13730.644525435036     
                   63                   64   965.71992677070750     
                   64                   63   965.55899903659156     
                   64                   64  -11791.372838702004     
                   64                   65   965.83496017975119     
                   65                   64   965.71209728168333     
                   65                   65  -11792.630069394143     
                   65                   66   965.84467522358284     
                   66                   65   965.76602642330113     
                   66                   66  -11793.376093065128     
                   66                   67   965.83969663338974     
                   67                   66   965.79762438421778     
                   67                   67  -11793.839081149348     
                   67                   68   965.83048719818805     
                   68                   67   965.81087728136242     
                   68                   68  -11794.069172960204     
                   68                   69   965.82368943927429     
                   69                   68   965.81548918838951     
                   69                   69  -11794.168882915645     
                   69                   70   965.81999788191183     
                   70                   69   965.81685929588571     
                   70                   70  -11794.207889097232     
                   70                   71   965.81831657094551     
                   71                   70   965.81720203552641     
                   71                   71  -11794.221947897633     
                   71                   72   965.81763945198020     
                   72                   71   965.81726871138380     
                   72                   72  -11794.226678941624     
                   72                   73   965.81739156436606     
                   73                   72   965.81727520406923     
                   73                   73  -11794.228179005406     
                   73                   74   965.81730766099656     
                   74                   73   965.81727300123384     
                   74                   74  -11794.228630119665     
                   74                   75   965.81728109651124     
                   75                   74   965.81727125052953     
                   75                   75  -11794.228759462043     
                   75                   76   965.81727316082163     
                   76                   75   965.81727048201299     
                   76                   76  -11794.228794971166     
                   76                   77   965.81727090877837     
                   77                   76   965.81727020815811     
                   77                   77  -11794.228804340113     
                   77                   78   965.81727029829676     
                   78                   77   965.81727012156932     
                   78                   78  -11794.228806723564     
                   78                   79   965.81727013949546     
                   79                   78   965.81727009637655     
                   79                   79  -11794.228807309879     
                   79                   80   965.81727009970473     
                   80                   79   965.81727008950202     
                   80                   80  -11794.228807449708     
                   80                   81   965.81727009006363     
                   81                   80   965.81727008771702     
                   81                   81  -11794.228807482123     
                   81                   82   965.81727008780081     
                   82                   81   965.81727008727512     
                   82                   82  -11794.228807489424     
                   82                   83   965.81727008728706     
                   83                   82   965.81727008717212     
                   83                   83  -11794.228807491036     
                   83                   84   965.81727008716985     
                   84                   83   965.81727008714529     
                   84                   84  -11794.228807491392     
                   84                   85   965.81727008714483     
                   85                   84   965.81727008713972     
                   85                   85  -11794.228807491454     
                   85                   86   965.81727008714222     
                   86                   85   965.81727008714097     
                   86                   86  -11794.228807491469     
                   86                   87   965.81727008713847     
                   87                   86   965.81727008713813     
                   87                   87  -11794.228807491483     
                   87                   88   965.81727008713847     
                   88                   87   965.81727008713847     
                   88                   88  -11794.228807491485     
                   88                   89   965.81727008713835     
                   89                   88   965.81727008713835     
                   89                   89  -11794.228807491487     
                   89                   90   965.81727008713835     
                   90                   89   965.81727008713835     
                   90                   90  -11794.228807491463     
                   90                   91   965.81727008714347     
                   91                   90   965.81727008714347     
                   91                   91  -11794.228807491461     
                   91                   92   965.81727008713835     
                   92                   91   965.81727008713835     
                   92                   92  -11794.228807491487     
                   92                   93   965.81727008713847     
                   93                   92   965.81727008713847     
                   93                   93  -11794.228807491487     
                   93                   94   965.81727008713835     
                   94                   93   965.81727008713835     
                   94                   94  -11794.228807491485     
                   94                   95   965.81727008713835     
                   95                   94   965.81727008713835     
                   95                   95  -11794.228807491487     
                   95                   96   965.81727008713835     
                   96                   95   965.81727008713835     
                   96                   96  -11794.228807491487     
                   96                   97   965.81727008713847     
                   97                   96   965.81727008713847     
                   97                   97  -11794.228807491465     
                   97                   98   965.81727008714358     
                   98                   97   965.81727008714358     
                   98                   98  -11794.228807491465     
                   98                   99   965.81727008713847     
                   99                   98   965.81727008713847     
                   99                   99  -11794.228807491485     
                   99                  100   965.81727008713835     
                  100                   99   965.81727008713835     
                  100                  100  -11794.228807491487     
                  100                  101   965.81727008713835     
                  101                  100   965.81727008713835     
                  101                  101  -11794.228807491487     
                  101                  102   965.81727008713835     
                  102                  101   965.81727008713835     
                  102                  102  -11794.228807491487     
                  102                  103   965.81727008713835     
                  103                  102   965.81727008713835     
                  103                  103  -11794.228807491465     
                  103                  104   965.81727008714358     
                  104                  103   965.81727008714358     
                  104                  104  -11794.228807491465     
                  104                  105   965.81727008713835     
                  105                  104   965.81727008713835     
                  105                  105  -11794.228807491485     
                  105                  106   965.81727008713835     
                  106                  105   965.81727008713835     
                  106                  106  -11794.228807491483     
                  106                  107   965.81727008713835     
                  107                  106   965.81727008713835     
                  107                  107  -11794.228807491483     
                  107                  108   965.81727008713835     
                  108                  107   965.81727008713835     
                  108                  108  -11794.228807491483     
                  108                  109   965.81727008713835     
                  109                  108   965.81727008713835     
                  109                  109  -11794.228807491465     
                  109                  110   965.81727008714358     
                  110                  109   965.81727008714358     
                  110                  110  -11794.228807491463     
                  110                  111   965.81727008713813     
                  111                  110   965.81727008713813     
                  111                  111  -11794.228807491483     
                  111                  112   965.81727008713835     
                  112                  111   965.81727008713835     
                  112                  112  -11794.228807491483     
                  112                  113   965.81727008713835     
                  113                  112   965.81727008713835     
                  113                  113  -11794.228807491487     
                  113                  114   965.81727008713835     
                  114                  113   965.81727008713835     
                  114                  114  -11794.228807491487     
                  114                  115   965.81727008713847     
                  115                  114   965.81727008713847     
                  115                  115  -11794.228807491487     
                  115                  116   965.81727008713835     
                  116                  115   965.81727008713835     
                  116                  116  -11794.228807491483     
                  116                  117   965.81727008713813     
                  117                  116   965.81727008713813     
                  117                  117  -11794.228807491483     
                  117                  118   965.81727008713835     
                  118                  117   965.81727008713835     
                  118                  118  -11794.228807491485     
                  118                  119   965.81727008713847     
                  119                  118   965.81727008713847     
                  119                  119  -11794.228807491443     
                  119                  120   965.81727008714915     
                  120                  119   965.81727008714915     
                  120                  120  -11794.228807491443     
                  120                  121   965.81727008713847     
                  121                  120   965.81727008713847     
                  121                  121  -11794.228807491487     
