                  121                  121                  540
                    1                    1 -0.85083331499965131     
                    1                    2   9.2409828826849182E-003
                    1                   62 -0.13207142768477814     
                    1                   63   7.8542744328855829E-003
                    2                    1   5.1142848274514990E-003
                    2                    2 -0.97109995977493369     
                    2                    3   5.7158309541952643E-003
                    2                   62   4.3468316165819016E-003
                    2                   63  -1.3400914548153771E-002
                    2                   64   3.2217827868406460E-004
                    3                    2   5.7995896297251808E-003
                    3                    3 -0.98656297499732237     
                    3                    4   6.2277002183147153E-003
                    3                   63   3.2689941654194315E-004
                    3                   64  -7.0486757731890110E-004
                    3                   65   3.7796816077695784E-004
                    4                    3   6.2112781050207046E-003
                    4                    4 -0.98573821055805755     
                    4                    5   6.4756019200234959E-003
                    4                   64   3.7697147889757739E-004
                    4                   65  -7.8745470844912872E-004
                    4                   66   4.1048322955155128E-004
                    5                    4   6.4647887330027990E-003
                    5                    5 -0.98524737173114962     
                    5                    6   6.6107726528843664E-003
                    5                   65   4.0979779026964052E-004
                    5                   66  -8.3853344148160608E-004
                    5                   67   4.2873565121196550E-004
                    6                    5   6.6044518902168958E-003
                    6                    6 -0.98498757434878437     
                    6                    7   6.6759091399281297E-003
                    6                   66   4.2832572389473855E-004
                    6                   67  -8.6603231053528421E-004
                    6                   68   4.3770658664054571E-004
                    7                    6   6.6727864482113292E-003
                    7                    7 -0.98486452757216447     
                    7                    8   6.7043471246816377E-003
                    7                   67   4.3750184707566512E-004
                    7                   68  -8.7916942747131319E-004
                    7                   69   4.4166758039564818E-004
                    8                    7   6.7029817324865031E-003
                    8                    8 -0.98481159990845979     
                    8                    9   6.7157339516400608E-003
                    8                   68   4.4157763137363286E-004
                    8                   69  -8.8484220370688659E-004
                    8                   70   4.4326457233325372E-004
                    9                    8   6.7151918284917194E-003
                    9                    9 -0.98479067337864412     
                    9                   10   6.7199576570575797E-003
                    9                   69   4.4322879009601324E-004
                    9                   70  -8.8708856790336427E-004
                    9                   71   4.4385977780735103E-004
                   10                    9   6.7197589247878506E-003
                   10                   10 -0.98478299326374907     
                   10                   11   6.7214209702450324E-003
                   10                   70   4.4384665134650307E-004
                   10                   71  -8.8791342060898888E-004
                   10                   72   4.4406676926248570E-004
                   11                   10   6.7213529430421217E-003
                   11                   11 -0.98478035588115331     
                   11                   12   6.7218977545771162E-003
                   11                   71   4.4406227488245025E-004
                   11                   72  -8.8819671061373827E-004
                   11                   73   4.4413443573128802E-004
                   12                   11   6.7218758327946011E-003
                   12                   12 -0.98477950275972570     
                   12                   13   6.7220447186974791E-003
                   12                   72   4.4413298729829138E-004
                   12                   73  -8.8828834439105147E-004
                   12                   74   4.4415535709276004E-004
                   13                   12   6.7220380264757327E-003
                   13                   13 -0.98477924133477490     
                   13                   14   6.7220877948523973E-003
                   13                   73   4.4415491490793928E-004
                   13                   74  -8.8831642194852787E-004
                   13                   75   4.4416150704058854E-004
                   14                   13   6.7220858495289732E-003
                   14                   14 -0.98477916507106733     
                   14                   15   6.7220998551234708E-003
                   14                   74   4.4416137850347183E-004
                   14                   75  -8.8832461214007953E-004
                   14                   76   4.4416323363660775E-004
                   15                   14   6.7220993143241340E-003
                   15                   15 -0.98477914379967824     
                   15                   16   6.7221030932869148E-003
                   15                   75   4.4416319790325251E-004
                   15                   76  -8.8832689635530914E-004
                   15                   77   4.4416369845205674E-004
                   16                   15   6.7221029489569163E-003
                   16                   16 -0.98477913810545437     
                   16                   17   6.7221039300280928E-003
                   16                   76   4.4416368891543628E-004
                   16                   77  -8.8832750778031005E-004
                   16                   78   4.4416381886487377E-004
                   17                   16   6.7221038929246840E-003
                   17                   17 -0.98477913663753447     
                   17                   18   6.7221041387621888E-003
                   17                   77   4.4416381641326156E-004
                   17                   78  -8.8832766538934134E-004
                   17                   79   4.4416384897607973E-004
                   18                   17   6.7221041295469465E-003
                   18                   18 -0.98477913627201663     
                   18                   19   6.7221041891722573E-003
                   18                   78   4.4416384836718149E-004
                   18                   79  -8.8832770463213786E-004
                   18                   80   4.4416385626495637E-004
                   19                   18   6.7221041869550959E-003
                   19                   19 -0.98477913618386592     
                   19                   20   6.7221042009877330E-003
                   19                   79   4.4416385611845713E-004
                   19                   80  -8.8832771409562926E-004
                   19                   81   4.4416385797717219E-004
                   20                   19   6.7221042004697203E-003
                   20                   20 -0.98477913616322632     
                   20                   21   6.7221042036814489E-003
                   20                   80   4.4416385794294441E-004
                   20                   81  -8.8832771631130872E-004
                   20                   82   4.4416385836836426E-004
                   21                   20   6.7221042035636776E-003
                   21                   21 -0.98477913615852419     
                   21                   22   6.7221042042801956E-003
                   21                   81   4.4416385836058250E-004
                   21                   82  -8.8832771681606371E-004
                   21                   83   4.4416385845548115E-004
                   22                   21   6.7221042042540820E-003
                   22                   22 -0.98477913615747970     
                   22                   23   6.7221042044099521E-003
                   22                   82   4.4416385845375570E-004
                   22                   83  -8.8832771692816620E-004
                   22                   84   4.4416385847441051E-004
                   23                   22   6.7221042044042908E-003
                   23                   23 -0.98477913615725310     
                   23                   24   6.7221042044375706E-003
                   23                   83   4.4416385847403646E-004
                   23                   84  -8.8832771695247716E-004
                   23                   85   4.4416385847844076E-004
                   24                   23   6.7221042044363832E-003
                   24                   24 -0.98477913615720503     
                   24                   25   6.7221042044433342E-003
                   24                   84   4.4416385847836231E-004
                   24                   85  -8.8832771695764414E-004
                   24                   86   4.4416385847928183E-004
                   25                   24   6.7221042044430905E-003
                   25                   25 -0.98477913615719503     
                   25                   26   6.7221042044444939E-003
                   25                   85   4.4416385847926578E-004
                   25                   86  -8.8832771695871848E-004
                   25                   87   4.4416385847945264E-004
                   26                   25   6.7221042044444323E-003
                   26                   26 -0.98477913615719292     
                   26                   27   6.7221042044447524E-003
                   26                   86   4.4416385847944852E-004
                   26                   87  -8.8832771695893694E-004
                   26                   88   4.4416385847948842E-004
                   27                   26   6.7221042044447376E-003
                   27                   27 -0.98477913615719248     
                   27                   28   6.7221042044447515E-003
                   27                   87   4.4416385847948750E-004
                   27                   88  -8.8832771695897944E-004
                   27                   89   4.4416385847949184E-004
                   28                   27   6.7221042044447489E-003
                   28                   28 -0.98477913615719248     
                   28                   29   6.7221042044447610E-003
                   28                   88   4.4416385847949167E-004
                   28                   89  -8.8832771695898519E-004
                   28                   90   4.4416385847949352E-004
                   29                   28   6.7221042044447836E-003
                   29                   29 -0.98477913615719248     
                   29                   30   6.7221042044448209E-003
                   29                   89   4.4416385847949498E-004
                   29                   90  -8.8832771695899278E-004
                   29                   91   4.4416385847949774E-004
                   30                   29   6.7221042044448209E-003
                   30                   30 -0.98477913615719226     
                   30                   31   6.7221042044447836E-003
                   30                   90   4.4416385847949774E-004
                   30                   91  -8.8832771695899289E-004
                   30                   92   4.4416385847949514E-004
                   31                   30   6.7221042044447610E-003
                   31                   31 -0.98477913615719248     
                   31                   32   6.7221042044447610E-003
                   31                   91   4.4416385847949368E-004
                   31                   92  -8.8832771695898714E-004
                   31                   93   4.4416385847949346E-004
                   32                   31   6.7221042044447610E-003
                   32                   32 -0.98477913615719248     
                   32                   33   6.7221042044447610E-003
                   32                   92   4.4416385847949346E-004
                   32                   93  -8.8832771695898703E-004
                   32                   94   4.4416385847949352E-004
                   33                   32   6.7221042044447645E-003
                   33                   33 -0.98477913615719248     
                   33                   34   6.7221042044447645E-003
                   33                   93   4.4416385847949368E-004
                   33                   94  -8.8832771695898757E-004
                   33                   95   4.4416385847949390E-004
                   34                   33   6.7221042044447645E-003
                   34                   34 -0.98477913615719248     
                   34                   35   6.7221042044447645E-003
                   34                   94   4.4416385847949390E-004
                   34                   95  -8.8832771695898757E-004
                   34                   96   4.4416385847949368E-004
                   35                   34   6.7221042044447584E-003
                   35                   35 -0.98477913615719248     
                   35                   36   6.7221042044447584E-003
                   35                   95   4.4416385847949330E-004
                   35                   96  -8.8832771695898660E-004
                   35                   97   4.4416385847949325E-004
                   36                   35   6.7221042044447784E-003
                   36                   36 -0.98477913615719248     
                   36                   37   6.7221042044448148E-003
                   36                   96   4.4416385847949455E-004
                   36                   97  -8.8832771695899159E-004
                   36                   98   4.4416385847949704E-004
                   37                   36   6.7221042044448105E-003
                   37                   37 -0.98477913615719226     
                   37                   38   6.7221042044447957E-003
                   37                   97   4.4416385847949677E-004
                   37                   98  -8.8832771695899245E-004
                   37                   99   4.4416385847949574E-004
                   38                   37   6.7221042044447836E-003
                   38                   38 -0.98477913615719226     
                   38                   39   6.7221042044447610E-003
                   38                   98   4.4416385847949487E-004
                   38                   99  -8.8832771695898866E-004
                   38                  100   4.4416385847949373E-004
                   39                   38   6.7221042044447645E-003
                   39                   39 -0.98477913615719248     
                   39                   40   6.7221042044447645E-003
                   39                   99   4.4416385847949390E-004
                   39                  100  -8.8832771695898779E-004
                   39                  101   4.4416385847949384E-004
                   40                   39   6.7221042044447610E-003
                   40                   40 -0.98477913615719248     
                   40                   41   6.7221042044447610E-003
                   40                  100   4.4416385847949368E-004
                   40                  101  -8.8832771695898725E-004
                   40                  102   4.4416385847949352E-004
                   41                   40   6.7221042044447628E-003
                   41                   41 -0.98477913615719248     
                   41                   42   6.7221042044447628E-003
                   41                  101   4.4416385847949362E-004
                   41                  102  -8.8832771695898736E-004
                   41                  103   4.4416385847949373E-004
                   42                   41   6.7221042044447810E-003
                   42                   42 -0.98477913615719248     
                   42                   43   6.7221042044448174E-003
                   42                  102   4.4416385847949498E-004
                   42                  103  -8.8832771695899224E-004
                   42                  104   4.4416385847949731E-004
                   43                   42   6.7221042044448140E-003
                   43                   43 -0.98477913615719226     
                   43                   44   6.7221042044447767E-003
                   43                  103   4.4416385847949704E-004
                   43                  104  -8.8832771695899159E-004
                   43                  105   4.4416385847949460E-004
                   44                   43   6.7221042044447671E-003
                   44                   44 -0.98477913615719248     
                   44                   45   6.7221042044447888E-003
                   44                  104   4.4416385847949395E-004
                   44                  105  -8.8832771695898963E-004
                   44                  106   4.4416385847949568E-004
                   45                   44   6.7221042044447888E-003
                   45                   45 -0.98477913615719226     
                   45                   46   6.7221042044448035E-003
                   45                  105   4.4416385847949568E-004
                   45                  106  -8.8832771695899224E-004
                   45                  107   4.4416385847949661E-004
                   46                   45   6.7221042044448027E-003
                   46                   46 -0.98477913615719226     
                   46                   47   6.7221042044448252E-003
                   46                  106   4.4416385847949650E-004
                   46                  107  -8.8832771695899441E-004
                   46                  108   4.4416385847949791E-004
                   47                   46   6.7221042044448252E-003
                   47                   47 -0.98477913615719226     
                   47                   48   6.7221042044447654E-003
                   47                  107   4.4416385847949791E-004
                   47                  108  -8.8832771695899191E-004
                   47                  109   4.4416385847949400E-004
                   48                   47   6.7221042044447810E-003
                   48                   48 -0.98477913615719248     
                   48                   49   6.7221042044448174E-003
                   48                  108   4.4416385847949503E-004
                   48                  109  -8.8832771695899224E-004
                   48                  110   4.4416385847949731E-004
                   49                   48   6.7221042044448174E-003
                   49                   49 -0.98477913615719226     
                   49                   50   6.7221042044447810E-003
                   49                  109   4.4416385847949731E-004
                   49                  110  -8.8832771695899245E-004
                   49                  111   4.4416385847949514E-004
                   50                   49   6.7221042044447697E-003
                   50                   50 -0.98477913615719248     
                   50                   51   6.7221042044447697E-003
                   50                  110   4.4416385847949444E-004
                   50                  111  -8.8832771695898888E-004
                   50                  112   4.4416385847949444E-004
                   51                   50   6.7221042044447671E-003
                   51                   51 -0.98477913615719248     
                   51                   52   6.7221042044447888E-003
                   51                  111   4.4416385847949422E-004
                   51                  112  -8.8832771695898985E-004
                   51                  113   4.4416385847949558E-004
                   52                   51   6.7221042044447845E-003
                   52                   52 -0.98477913615719226     
                   52                   53   6.7221042044447628E-003
                   52                  112   4.4416385847949531E-004
                   52                  113  -8.8832771695898898E-004
                   52                  114   4.4416385847949373E-004
                   53                   52   6.7221042044447628E-003
                   53                   53 -0.98477913615719248     
                   53                   54   6.7221042044447628E-003
                   53                  113   4.4416385847949373E-004
                   53                  114  -8.8832771695898725E-004
                   53                  115   4.4416385847949357E-004
                   54                   53   6.7221042044447584E-003
                   54                   54 -0.98477913615719248     
                   54                   55   6.7221042044447584E-003
                   54                  114   4.4416385847949325E-004
                   54                  115  -8.8832771695898660E-004
                   54                  116   4.4416385847949335E-004
                   55                   54   6.7221042044447671E-003
                   55                   55 -0.98477913615719248     
                   55                   56   6.7221042044447671E-003
                   55                  115   4.4416385847949395E-004
                   55                  116  -8.8832771695898812E-004
                   55                  117   4.4416385847949428E-004
                   56                   55   6.7221042044447697E-003
                   56                   56 -0.98477913615719248     
                   56                   57   6.7221042044447923E-003
                   56                  116   4.4416385847949449E-004
                   56                  117  -8.8832771695899039E-004
                   56                  118   4.4416385847949590E-004
                   57                   56   6.7221042044447853E-003
                   57                   57 -0.98477913615719226     
                   57                   58   6.7221042044447628E-003
                   57                  117   4.4416385847949541E-004
                   57                  118  -8.8832771695898898E-004
                   57                  119   4.4416385847949357E-004
                   58                   57   6.7221042044447897E-003
                   58                   58 -0.98477913615719248     
                   58                   59   6.7221042044448903E-003
                   58                  118   4.4416385847949531E-004
                   58                  119  -8.8832771695899690E-004
                   58                  120   4.4416385847950159E-004
                   59                   58   6.7221042044448912E-003
                   59                   59 -0.98477913615719226     
                   59                   60   6.7221042044447905E-003
                   59                  119   4.4416385847950170E-004
                   59                  120  -8.8832771695899701E-004
                   59                  121   4.4416385847949541E-004
                   60                   59   6.7250912469216193E-003
                   60                   60 -0.98521673382312613     
                   60                   61   6.7250912469216193E-003
                   60                  120   4.4436122767693703E-004
                   60                  121  -8.8872245535387407E-004
                   61                   60   1.3456161890460696E-002
                   61                   61 -0.98565472056482162     
                   61                  121   8.8911754471759344E-004
                   62                    1  0.54587290324233351     
                   62                   62 -0.43395271580354933     
                   62                   63   2.0174380954117097E-002
                   63                    2  0.17691168514534442     
                   63                   62   5.1235177589729328E-002
                   63                   63 -0.72113352170140832     
                   63                   64   5.0719615563517881E-002
                   64                   63   7.0361831054584448E-002
                   64                   64 -0.85925622816024816     
                   64                   65   7.0381940785167463E-002
                   65                   64   7.0365706063794012E-002
                   65                   65 -0.85925892770504275     
                   65                   66   7.0375366231163264E-002
                   66                   65   7.0365559631480196E-002
                   66                   66 -0.85926351313720772     
                   66                   67   7.0370927231312053E-002
                   67                   66   7.0365373420268759E-002
                   67                   67 -0.85926685886471765     
                   67                   68   7.0367767715013615E-002
                   68                   67   7.0365126305998796E-002
                   68                   68 -0.85926881394530574     
                   68                   69   7.0366059748695420E-002
                   69                   68   7.0364946428955868E-002
                   69                   69 -0.85926977865907905     
                   69                   70   7.0365274911965009E-002
                   70                   69   7.0364847880359641E-002
                   70                   70 -0.85927019806911298     
                   70                   71   7.0364954050527326E-002
                   71                   70   7.0364802493235901E-002
                   71                   71 -0.85927036314546634     
                   71                   72   7.0364834361297798E-002
                   72                   71   7.0364784026475752E-002
                   72                   72 -0.85927042299657330     
                   72                   73   7.0364792976951016E-002
                   73                   72   7.0364777206358572E-002
                   73                   73 -0.85927044322262802     
                   73                   74   7.0364779571013364E-002
                   74                   73   7.0364774880735531E-002
                   74                   74 -0.85927044964874622     
                   74                   75   7.0364775470518282E-002
                   75                   74   7.0364774139778818E-002
                   75                   75 -0.85927045158126780     
                   75                   76   7.0364774278953449E-002
                   76                   75   7.0364773917237833E-002
                   76                   76 -0.85927045213443232     
                   76                   77   7.0364773948329892E-002
                   77                   76   7.0364773853790280E-002
                   77                   77 -0.85927045228585242     
                   77                   78   7.0364773860357346E-002
                   78                   77   7.0364773836521191E-002
                   78                   78 -0.85927045232565147     
                   78                   79   7.0364773837827202E-002
                   79                   78   7.0364773832013200E-002
                   79                   79 -0.85927045233573107     
                   79                   80   7.0364773832255673E-002
                   80                   79   7.0364773830880203E-002
                   80                   80 -0.85927045233819865     
                   80                   81   7.0364773830921115E-002
                   81                   80   7.0364773830604743E-002
                   81                   81 -0.85927045233878452     
                   81                   82   7.0364773830610836E-002
                   82                   81   7.0364773830540003E-002
                   82                   82 -0.85927045233891908     
                   82                   83   7.0364773830540878E-002
                   83                   82   7.0364773830525376E-002
                   83                   83 -0.85927045233894939     
                   83                   84   7.0364773830525210E-002
                   84                   83   7.0364773830521851E-002
                   84                   84 -0.85927045233895627     
                   84                   85   7.0364773830521810E-002
                   85                   84   7.0364773830521171E-002
                   85                   85 -0.85927045233895749     
                   85                   86   7.0364773830521352E-002
                   86                   85   7.0364773830521199E-002
                   86                   86 -0.85927045233895771     
                   86                   87   7.0364773830521019E-002
                   87                   86   7.0364773830520935E-002
                   87                   87 -0.85927045233895816     
                   87                   88   7.0364773830520963E-002
                   88                   87   7.0364773830520949E-002
                   88                   88 -0.85927045233895816     
                   88                   89   7.0364773830520949E-002
                   89                   88   7.0364773830520935E-002
                   89                   89 -0.85927045233895816     
                   89                   90   7.0364773830520935E-002
                   90                   89   7.0364773830521032E-002
                   90                   90 -0.85927045233895760     
                   90                   91   7.0364773830521393E-002
                   91                   90   7.0364773830521407E-002
                   91                   91 -0.85927045233895760     
                   91                   92   7.0364773830521032E-002
                   92                   91   7.0364773830520935E-002
                   92                   92 -0.85927045233895816     
                   92                   93   7.0364773830520935E-002
                   93                   92   7.0364773830520935E-002
                   93                   93 -0.85927045233895816     
                   93                   94   7.0364773830520935E-002
                   94                   93   7.0364773830520949E-002
                   94                   94 -0.85927045233895816     
                   94                   95   7.0364773830520949E-002
                   95                   94   7.0364773830520935E-002
                   95                   95 -0.85927045233895816     
                   95                   96   7.0364773830520935E-002
                   96                   95   7.0364773830520935E-002
                   96                   96 -0.85927045233895816     
                   96                   97   7.0364773830520935E-002
                   97                   96   7.0364773830521032E-002
                   97                   97 -0.85927045233895760     
                   97                   98   7.0364773830521393E-002
                   98                   97   7.0364773830521393E-002
                   98                   98 -0.85927045233895760     
                   98                   99   7.0364773830521032E-002
                   99                   98   7.0364773830520949E-002
                   99                   99 -0.85927045233895816     
                   99                  100   7.0364773830520949E-002
                  100                   99   7.0364773830520935E-002
                  100                  100 -0.85927045233895816     
                  100                  101   7.0364773830520935E-002
                  101                  100   7.0364773830520935E-002
                  101                  101 -0.85927045233895816     
                  101                  102   7.0364773830520935E-002
                  102                  101   7.0364773830520935E-002
                  102                  102 -0.85927045233895816     
                  102                  103   7.0364773830520935E-002
                  103                  102   7.0364773830521019E-002
                  103                  103 -0.85927045233895760     
                  103                  104   7.0364773830521393E-002
                  104                  103   7.0364773830521393E-002
                  104                  104 -0.85927045233895760     
                  104                  105   7.0364773830521019E-002
                  105                  104   7.0364773830520949E-002
                  105                  105 -0.85927045233895816     
                  105                  106   7.0364773830520949E-002
                  106                  105   7.0364773830520949E-002
                  106                  106 -0.85927045233895816     
                  106                  107   7.0364773830520949E-002
                  107                  106   7.0364773830520949E-002
                  107                  107 -0.85927045233895816     
                  107                  108   7.0364773830520949E-002
                  108                  107   7.0364773830520949E-002
                  108                  108 -0.85927045233895816     
                  108                  109   7.0364773830520949E-002
                  109                  108   7.0364773830521019E-002
                  109                  109 -0.85927045233895760     
                  109                  110   7.0364773830521393E-002
                  110                  109   7.0364773830521407E-002
                  110                  110 -0.85927045233895760     
                  110                  111   7.0364773830521005E-002
                  111                  110   7.0364773830520935E-002
                  111                  111 -0.85927045233895816     
                  111                  112   7.0364773830520949E-002
                  112                  111   7.0364773830520949E-002
                  112                  112 -0.85927045233895816     
                  112                  113   7.0364773830520949E-002
                  113                  112   7.0364773830520935E-002
                  113                  113 -0.85927045233895816     
                  113                  114   7.0364773830520935E-002
                  114                  113   7.0364773830520935E-002
                  114                  114 -0.85927045233895816     
                  114                  115   7.0364773830520935E-002
                  115                  114   7.0364773830520935E-002
                  115                  115 -0.85927045233895816     
                  115                  116   7.0364773830520935E-002
                  116                  115   7.0364773830520949E-002
                  116                  116 -0.85927045233895816     
                  116                  117   7.0364773830520935E-002
                  117                  116   7.0364773830520935E-002
                  117                  117 -0.85927045233895816     
                  117                  118   7.0364773830520949E-002
                  118                  117   7.0364773830520949E-002
                  118                  118 -0.85927045233895816     
                  118                  119   7.0364773830520949E-002
                  119                  118   7.0364773830521116E-002
                  119                  119 -0.85927045233895705     
                  119                  120   7.0364773830521893E-002
                  120                  119   7.0364773830521893E-002
                  120                  120 -0.85927045233895705     
                  120                  121   7.0364773830521116E-002
                  121                  120   7.5690735301044781E-002
                  121                  121 -0.92430926469895525     
