                  121                  121                  548
                    1                    1 -0.99457632771004079     
                    1                    2   1.0554577804232116E-010
                    1                   62  -5.4236582291008906E-003
                    1                   63   1.3955312531569380E-008
                    2                    1   6.6314080957434435E-011
                    2                    2 -0.99203853173351542     
                    2                    3   1.2770816315753450E-010
                    2                   62   8.7680790474983832E-009
                    2                   63  -7.9614425463826587E-003
                    2                   64   1.6758000690437252E-008
                    3                    2   1.3515875451324434E-010
                    3                    3 -0.98893169397855030     
                    3                    4   2.8895329093103334E-010
                    3                   63   1.7735675194526182E-008
                    3                   64  -1.1068250257685494E-002
                    3                   65   3.7603976914817542E-008
                    4                    3   2.8462596142911500E-010
                    4                    4 -0.98473107229590184     
                    4                    5   7.4117603254795432E-010
                    4                   64   3.7040824309188331E-008
                    4                   65  -1.5268794022015952E-002
                    4                   66   9.5615455878071499E-008
                    5                    4   7.3219330439884160E-010
                    5                    5 -0.97663728288745100     
                    5                    6   2.6981292356682189E-009
                    5                   65   9.4456638526606995E-008
                    5                   66  -2.3362274387627936E-002
                    5                   67   3.4483795989131950E-007
                    6                    5   2.6284493823237117E-009
                    6                    6 -0.95704839500502303     
                    6                    7   2.1920138859763348E-008
                    6                   66   3.3593243447941488E-007
                    6                   67  -4.2948471794123970E-002
                    6                   68   2.7727198303155743E-006
                    7                    6   2.0394234562760070E-008
                    7                    7 -0.84820757502400512     
                    7                    8   3.3487998272713448E-005
                    7                   67   2.5797053092611027E-006
                    7                   68 -0.14878322243013278     
                    7                   69   2.9731144480457188E-003
                    8                    7   1.5596512781249629E-005
                    8                    8 -0.32955109856952119     
                    8                    9   2.1170151177627380E-002
                    8                   68   1.3846816734592992E-003
                    8                   69 -0.44895818329736181     
                    8                   70  0.19892028876924911     
                    9                    8   2.0724562838885227E-002
                    9                    9 -0.32907838494871117     
                    9                   10   6.5925824925040483E-002
                    9                   69  0.19473342395798268     
                    9                   70 -0.34823621518426284     
                    9                   71   4.1301588145117522E-002
                   10                    9  0.10150958258631776     
                   10                   10 -0.63299992655211534     
                   10                   11  0.12269366353335225     
                   10                   70   6.3594304318981040E-002
                   10                   71  -7.2595118888419879E-002
                   10                   72   6.6074041208136775E-003
                   11                   10  0.12412518798419959     
                   11                   11 -0.70684568087176569     
                   11                   12  0.14082240466040383     
                   11                   71   6.6844958000673747E-003
                   11                   72  -1.4103363241815442E-002
                   11                   73   7.4188674417480669E-003
                   12                   11  0.13043635952667451     
                   12                   12 -0.69891773118966227     
                   12                   13  0.14207613352856896     
                   12                   72   6.8717052747834803E-003
                   12                   73  -1.4284887877547099E-002
                   12                   74   7.4131826027636176E-003
                   13                   12  0.13480454040665810     
                   13                   13 -0.69320988814346718     
                   13                   14  0.14301977494595794     
                   13                   73   7.0337687892895488E-003
                   13                   74  -1.4482898251958351E-002
                   13                   75   7.4491294626688005E-003
                   14                   13  0.13787256674974871     
                   14                   14 -0.68895174877761323     
                   14                   15  0.14378762120255198     
                   14                   74   7.1810391217396472E-003
                   14                   75  -1.4694031635043091E-002
                   14                   76   7.5129925133034453E-003
                   15                   14  0.14007463773143172     
                   15                   15 -0.68564787025241858     
                   15                   16  0.14444924734907735     
                   15                   75   7.3189868208297535E-003
                   15                   76  -1.4914122333536126E-002
                   15                   77   7.5951355127063707E-003
                   16                   15  0.14169878021610996     
                   16                   16 -0.68297861924665704     
                   16                   17  0.14504371168536964     
                   16                   76   7.4505160634429973E-003
                   16                   77  -1.5139444425931662E-002
                   16                   78   7.6889283624886652E-003
                   17                   16  0.14293605580195923     
                   17                   17 -0.68073636315729769     
                   17                   18  0.14559359958797793     
                   17                   77   7.5771991815954337E-003
                   17                   78  -1.5366990726382550E-002
                   17                   79   7.7897915447871172E-003
                   18                   17  0.14391358116999264     
                   18                   18 -0.67878570795610982     
                   18                   19  0.14611183280025863     
                   18                   78   7.6999043979307713E-003
                   18                   79  -1.5594439036819513E-002
                   18                   80   7.8945346388887404E-003
                   19                   18  0.14471594345161853     
                   19                   19 -0.67703846784787813     
                   19                   20  0.14660551829655663     
                   19                   79   7.8191136643947744E-003
                   19                   80  -1.5820035201973282E-002
                   19                   81   8.0009215375785071E-003
                   20                   19  0.14539919172703270     
                   20                   20 -0.67543754108496368     
                   20                   21  0.14707832875763974     
                   20                   80   7.9350868790772269E-003
                   20                   81  -1.6042469215181949E-002
                   20                   82   8.1073823361047237E-003
                   21                   20  0.14600016233304253     
                   21                   21 -0.67394629552298080     
                   21                   22  0.14753200695804261     
                   21                   81   8.0479506883562348E-003
                   21                   82  -1.6260767592966976E-002
                   21                   83   8.2128169046107417E-003
                   22                   21  0.14654280317889604     
                   22                   22 -0.67254148794431112     
                   22                   23  0.14796729454097238     
                   22                   82   8.1577498741609317E-003
                   22                   83  -1.6474207167910305E-002
                   22                   84   8.3164572937493731E-003
                   23                   22  0.14704249803163053     
                   23                   23 -0.67120852552417032     
                   23                   24  0.14838447790400966     
                   23                   83   8.2644793840416283E-003
                   23                   84  -1.6682249270094766E-002
                   23                   85   8.4177698860531357E-003
                   24                   23  0.14750901802901428     
                   24                   24 -0.66993831179078411     
                   24                   25  0.14878368771990619     
                   24                   84   8.3681055284580558E-003
                   24                   85  -1.6884491230147746E-002
                   24                   86   8.5163857016896920E-003
                   25                   24  0.14794851696808664     
                   25                   25 -0.66872517140913379     
                   25                   26  0.14916504827548577     
                   25                   85   8.4685804862237642E-003
                   25                   86  -1.7080631673646849E-002
                   25                   87   8.6120511874230848E-003
                   26                   25  0.14836486043360539     
                   26                   26 -0.66756550585689955     
                   26                   27  0.14952874115243928     
                   26                   86   8.5658523041491682E-003
                   26                   87  -1.7270446278527897E-002
                   26                   88   8.7045939743787288E-003
                   27                   26  0.14876049566374411     
                   27                   27 -0.66645693814051710     
                   27                   28  0.14987502389274690     
                   27                   87   8.6598717022576648E-003
                   27                   88  -1.7453771151495899E-002
                   27                   89   8.7938994492382343E-003
                   28                   27  0.14913701004066476     
                   28                   28 -0.66539777931824284     
                   28                   29  0.15020422754041593     
                   28                   88   8.7505965730231856E-003
                   28                   89  -1.7630491550338225E-002
                   28                   90   8.8798949773150424E-003
                   29                   28  0.14949548261023651     
                   29                   29 -0.66438670287486201     
                   29                   30  0.15051674605794219     
                   29                   89   8.8379948214488951E-003
                   29                   90  -1.7800534228479683E-002
                   29                   91   8.9625394070307878E-003
                   30                   29  0.14983670087220755     
                   30                   30 -0.66342255078449941     
                   30                   31  0.15081302403953434     
                   30                   90   8.9220460271555550E-003
                   30                   91  -1.7963862151879263E-002
                   30                   92   9.0418161247237099E-003
                   31                   30  0.15016129168044171     
                   31                   31 -0.66250422141903276     
                   31                   32  0.15109354546585407     
                   31                   91   9.0027422835155177E-003
                   31                   92  -1.8120470717335729E-002
                   31                   93   9.1177284338202127E-003
                   32                   31  0.15046979849422504     
                   32                   32 -0.66163060736835988     
                   32                   33  0.15135882436234657     
                   32                   92   9.0800884705696527E-003
                   32                   93  -1.8270384887534265E-002
                   32                   94   9.1902964169646145E-003
                   33                   32  0.15076272577624886     
                   33                   33 -0.66080056312656321     
                   33                   34  0.15160939736803644     
                   33                   93   9.1541021433697266E-003
                   33                   94  -1.8413656864575804E-002
                   33                   95   9.2595547212060789E-003
                   34                   33  0.15104056365826601     
                   34                   34 -0.66001289030046506     
                   34                   35  0.15184581790769164     
                   34                   94   9.2248131619470600E-003
                   34                   95  -1.8550364066788651E-002
                   34                   96   9.3255509048415907E-003
                   35                   34  0.15130380098355950     
                   35                   35 -0.65926633287487191     
                   35                   36  0.15206865160283353     
                   35                   95   9.2922631496243028E-003
                   35                   96  -1.8680607269367596E-002
                   35                   97   9.3883441197432915E-003
                   36                   35  0.15155293164150585     
                   36                   36 -0.65855957809279353     
                   36                   37  0.15227847260283514     
                   36                   96   9.3565048391596097E-003
                   36                   97  -1.8804508831432688E-002
                   36                   98   9.4480039922730796E-003
                   37                   36  0.15178845711992681     
                   37                   37 -0.65789126034752354     
                   37                   38  0.15247586059042731     
                   37                   97   9.4176013479619018E-003
                   37                   98  -1.8922210971061226E-002
                   37                   99   9.5046096230993245E-003
                   38                   37  0.15201088698725088     
                   38                   38 -0.65725996658223851     
                   38                   39  0.15266139828349912     
                   38                   98   9.4756254116567743E-003
                   38                   99  -1.9033874073505680E-002
                   38                  100   9.5582486618489074E-003
                   39                   38  0.15222073829057814     
                   39                   39 -0.65666424234043164     
                   39                   40  0.15283566930572290     
                   39                   99   9.5306585975954324E-003
                   39                  100  -1.9139675031633670E-002
                   39                  101   9.6090164340382391E-003
                   40                   39  0.15241853442986858     
                   40                   40 -0.65610259798967485     
                   40                   41  0.15299925632980749     
                   40                  100   9.5827905150789889E-003
                   40                  101  -1.9239805625324478E-002
                   40                  102   9.6570151102454913E-003
                   41                   40  0.15260480382355607     
                   41                   41 -0.65557351486578685     
                   41                   42  0.15315273940945229     
                   41                  101   9.6321180362039498E-003
                   41                  102  -1.9334470950602332E-002
                   41                  103   9.7023529143983808E-003
                   42                   41  0.15278007854329623     
                   42                   42 -0.65507545122505739     
                   42                   43  0.15329669440899107     
                   42                  102   9.6787445398125050E-003
                   42                  103  -1.9423887911327643E-002
                   42                  104   9.7451433715151359E-003
                   43                   42  0.15294489302061479     
                   43                   43 -0.65460684799358415     
                   43                   44  0.15343169141086530     
                   43                  103   9.7227791908572146E-003
                   43                  104  -1.9508283787467901E-002
                   43                  105   9.7855045966106884E-003
                   44                   43  0.15309978288959045     
                   44                   44 -0.65416613439584903     
                   44                   45  0.15355829292411829     
                   44                  104   9.7643362686679822E-003
                   44                  105  -1.9587894895221138E-002
                   44                  106   9.8235586265531527E-003
                   45                   44  0.15324528401066698     
                   45                   45 -0.65375173365368178     
                   45                   46  0.15367705162286910     
                   45                  105   9.8035345604257570E-003
                   45                  106  -1.9662965356391081E-002
                   45                  107   9.8594307959653238E-003
                   46                   45  0.15338193171117792     
                   46                   46 -0.65336206909460837     
                   46                   47  0.15378850719764364     
                   46                  106   9.8404968411874103E-003
                   46                  107  -1.9733745998285056E-002
                   46                  108   9.8932491570976472E-003
                   47                   46  0.15351026026827350     
                   47                   47 -0.65299557121965546     
                   47                   48  0.15389318168800281     
                   47                  107   9.8753494697307719E-003
                   47                  108  -1.9800493412034100E-002
                   47                  109   9.9251439423033282E-003
                   48                   47  0.15363080263996029     
                   48                   48 -0.65265068658197001     
                   48                   49  0.15399157236246130     
                   48                  108   9.9082221411507208E-003
                   48                  109  -1.9863469207804154E-002
                   48                  110   9.9552470666534314E-003
                   49                   48  0.15374409040430911     
                   49                   49 -0.65232588974732908     
                   49                   50  0.15408414080600796     
                   49                  109   9.9392478531890385E-003
                   49                  110  -1.9922939521176925E-002
                   49                  111   9.9836916679878884E-003
                   50                   49  0.15385065377442994     
                   50                   50 -0.65201970017040112     
                   50                   51  0.15417129636062613     
                   50                  110   9.9685631640448157E-003
                   50                  111  -1.9979174847271408E-002
                   50                  112   1.0010611683226592E-002
                   51                   50  0.15395102138605424     
                   51                   51 -0.65173070653832121     
                   51                   52  0.15425337145813112     
                   51                  111   9.9963088442025661E-003
                   51                  112  -2.0032450308746737E-002
                   51                  113   1.0036141464544171E-002
                   52                   51  0.15404571926564528     
                   52                   52 -0.65145760198964775     
                   52                   53  0.15433058574391076     
                   52                  112   1.0022631051387489E-002
                   52                  113  -2.0083046500398126E-002
                   52                  114   1.0060415449010639E-002
                   53                   52  0.15413526793216373     
                   53                   53 -0.65119923454693596     
                   53                   54  0.15440299533217958     
                   53                  113   1.0047683181318561E-002
                   53                  114  -2.0131251094360349E-002
                   53                  115   1.0083567913041788E-002
                   54                   53  0.15422017592129109     
                   54                   54 -0.65095467796572193     
                   54                   55  0.15447042325193280     
                   54                  114   1.0071628559523739E-002
                   54                  115  -2.0177361430527091E-002
                   54                  116   1.0105732871003354E-002
                   55                   54  0.15430092712205196     
                   55                   55 -0.65072332876401495     
                   55                   56  0.15453236742026691     
                   55                  115   1.0094644129384184E-002
                   55                  116  -2.0221688346833067E-002
                   55                  117   1.0127044217448880E-002
                   56                   55  0.15437795820746189     
                   56                   56 -0.65050503510524493     
                   56                   57  0.15458788367062412     
                   56                  116   1.0116925243982272E-002
                   56                  117  -2.0264561508334465E-002
                   56                  118   1.0147636264352193E-002
                   57                   56  0.15445162123237155     
                   57                   57 -0.65030026201560065     
                   57                   58  0.15463544384803193     
                   57                  117   1.0138691568124724E-002
                   57                  118  -2.0306336451997878E-002
                   57                  119   1.0167644883873152E-002
                   58                   57  0.15452212539790044     
                   58                   58 -0.65011029463050207     
                   58                   59  0.15467277306852389     
                   58                  118   1.0160193928703648E-002
                   58                  119  -2.0347403451536746E-002
                   58                  120   1.0187209522833097E-002
                   59                   58  0.15458945142673020     
                   59                   59 -0.64993747635613075     
                   59                   60  0.15469667601758988     
                   59                  119   1.0181721711333377E-002
                   59                  120  -2.0388198099774657E-002
                   59                  121   1.0206476388441282E-002
                   60                   59  0.15625099311674781     
                   60                   60 -0.65649856555938024     
                   60                   61  0.15630114279356402     
                   60                  120   1.0309026108196747E-002
                   60                  121  -2.0640272422111194E-002
                   61                   60  0.31585599479897924     
                   61                   61 -0.66326644779055044     
                   61                  121   2.0877557410470211E-002
                   62                    1   4.7741367616507838E-002
                   62                   62 -0.49002169506561366     
                   62                   63  0.46223693731787857     
                   63                    2   5.6078034036141852E-002
                   63                   62  0.23784940016992351     
                   63                   63 -0.48650941864091735     
                   63                   64  0.21956314715301714     
                   64                    3   7.1785434397712830E-002
                   64                   63  0.22407632614996623     
                   64                   64 -0.47993743084115975     
                   64                   65  0.22420080861116132     
                   65                    4   9.1589248005763943E-002
                   65                   64  0.21914365862159779     
                   65                   65 -0.47137367394789709     
                   65                   66  0.21789341942474119     
                   66                    5  0.12176316012998349     
                   66                   65  0.21069091071400656     
                   66                   66 -0.45883440600080899     
                   66                   67  0.20871152315520089     
                   67                    6  0.16941359831655461     
                   67                   66  0.19650276544771750     
                   67                   67 -0.44115384539690977     
                   67                   68  0.19292979083881814     
                   68                    7  0.23818906412206808     
                   68                   67  0.16853752903119851     
                   68                   68 -0.43913599201123144     
                   68                   69  0.15413741483550214     
                   69                    8  0.26186483236937674     
                   69                   68  0.11804127938862308     
                   69                   69 -0.51368707945681857     
                   69                   70  0.10640680878518159     
                   70                    9  0.22169531751802268     
                   70                   69  0.14678806133765504     
                   70                   70 -0.48746593605242039     
                   70                   71  0.14405068509190191     
                   71                   10   1.0563044366511488E-002
                   71                   70  0.23591901323553291     
                   71                   71 -0.51512372047965715     
                   71                   72  0.23839422191829843     
                   72                   71  0.23980700327682672     
                   72                   72 -0.51868686595494840     
                   72                   73  0.24150613076822491     
                   73                   72  0.24010970051901231     
                   73                   73 -0.51867788203094156     
                   73                   74  0.24121241745004610     
                   74                   73  0.24030625414854120     
                   74                   74 -0.51867223734589052     
                   74                   75  0.24102150850556830     
                   75                   74  0.24043418055846402     
                   75                   75 -0.51866868576819569     
                   75                   76  0.24089713367334029     
                   76                   75  0.24051753649081228     
                   76                   76 -0.51866645243822029     
                   76                   77  0.24081601107096740     
                   77                   76  0.24057171059812041     
                   77                   77 -0.51866505223098258     
                   77                   78  0.24076323717089698     
                   78                   77  0.24060668769796562     
                   78                   78 -0.51866417771113560     
                   78                   79  0.24072913459089876     
                   79                   78  0.24062904444714026     
                   79                   79 -0.51866363236312363     
                   79                   80  0.24070732318973612     
                   80                   79  0.24064315337245401     
                   80                   80 -0.51866329026507807     
                   80                   81  0.24069355636246792     
                   81                   80  0.24065192690016485     
                   81                   81 -0.51866307105701304     
                   81                   82  0.24068500204282223     
                   82                   81  0.24065729522676005     
                   82                   82 -0.51866292397027014     
                   82                   83  0.24067978080296987     
                   83                   82  0.24066052461596801     
                   83                   83 -0.51866281743115594     
                   83                   84  0.24067665795287602     
                   84                   83  0.24066243450099073     
                   84                   84 -0.51866273222485915     
                   84                   85  0.24067483327415010     
                   85                   84  0.24066354683960964     
                   85                   85 -0.51866265699780567     
                   85                   86  0.24067379616258469     
                   86                   85  0.24066418846035553     
                   86                   86 -0.51866258531838172     
                   86                   87  0.24067322622126283     
                   87                   86  0.24066456034295536     
                   87                   87 -0.51866251377832551     
                   87                   88  0.24067292587871914     
                   88                   87  0.24066478372977801     
                   88                   88 -0.51866244078413148     
                   88                   89  0.24067277548609053     
                   89                   88  0.24066493023741328     
                   89                   89 -0.51866236580009317     
                   89                   90  0.24067270396249357     
                   90                   89  0.24066504113758710     
                   90                   90 -0.51866228888226296     
                   90                   91  0.24067266998014994     
                   91                   90  0.24066513946633283     
                   91                   91 -0.51866221039659544     
                   91                   92  0.24067265013707179     
                   92                   91  0.24066523748877686     
                   92                   92 -0.51866213085169643     
                   92                   93  0.24067263165952663     
                   93                   92  0.24066534122044028     
                   93                   93 -0.51866205080170558     
                   93                   94  0.24067260797785409     
                   94                   93  0.24066545312074220     
                   94                   94 -0.51866197079143417     
                   94                   95  0.24067257608782364     
                   95                   94  0.24066557367314539     
                   95                   95 -0.51866189132660478     
                   95                   96  0.24067253500024971     
                   96                   95  0.24066570229915288     
                   96                   96 -0.51866181285881785     
                   96                   97  0.24067248484202927     
                   97                   96  0.24066583788038184     
                   97                   97 -0.51866173577906260     
                   97                   98  0.24067242634055563     
                   98                   97  0.24066597905370055     
                   98                   98 -0.51866166041614414     
                   98                   99  0.24067236053015531     
                   99                   98  0.24066612437705728     
                   99                   99 -0.51866158703791476     
                   99                  100  0.24067228858502801     
                  100                   99  0.24066627242316022     
                  100                  100 -0.51866151585410503     
                  100                  101  0.24067221172273481     
                  101                  100  0.24066642183438383     
                  101                  101 -0.51866144702008465     
                  101                  102  0.24067213114553146     
                  102                  101  0.24066657135911171     
                  102                  102 -0.51866138064121070     
                  102                  103  0.24067204799967759     
                  103                  102  0.24066671988299512     
                  103                  103 -0.51866131677765159     
                  103                  104  0.24067196333935331     
                  104                  103  0.24066686646633378     
                  104                  104 -0.51866125544976616     
                  104                  105  0.24067187808390009     
                  105                  104  0.24066701039973162     
                  105                  105 -0.51866119664432697     
                  105                  106  0.24067179295594143     
                  106                  105  0.24066715129415872     
                  106                  106 -0.51866114032214894     
                  106                  107  0.24067170838369215     
                  107                  106  0.24066728922846556     
                  107                  107 -0.51866108642807041     
                  107                  108  0.24067162434346412     
                  108                  107  0.24066742498795671     
                  108                  108 -0.51866103490476745     
                  108                  109  0.24067154010727576     
                  109                  108  0.24066756044189436     
                  109                  109 -0.51866098571264807     
                  109                  110  0.24067145384545752     
                  110                  109  0.24066769912598096     
                  110                  110 -0.51866093885906872     
                  110                  111  0.24067136201495021     
                  111                  110  0.24066784711685851     
                  111                  111 -0.51866089444141106     
                  111                  112  0.24067125844173040     
                  112                  111  0.24066801430696808     
                  112                  112 -0.51866085271007922     
                  112                  113  0.24067113298295273     
                  113                  112  0.24066821620435455     
                  113                  113 -0.51866081415913623     
                  113                  114  0.24067096963650916     
                  114                  113  0.24066847638497366     
                  114                  114 -0.51866077965380186     
                  114                  115  0.24067074396122448     
                  115                  114  0.24066882970220324     
                  115                  115 -0.51866075060497341     
                  115                  116  0.24067041969282335     
                  116                  115  0.24066932629443649     
                  116                  116 -0.51866072920062611     
                  116                  117  0.24066994450493748     
                  117                  116  0.24067003631051886     
                  117                  117 -0.51866071870157893     
                  117                  118  0.24066924498790207     
                  118                  117  0.24067105508201628     
                  118                  118 -0.51866072380374617     
                  118                  119  0.24066822111423758     
                  119                  118  0.24067250820925395     
                  119                  119 -0.51866075105982656     
                  119                  120  0.24066674073091954     
                  120                  119  0.24067455571239535     
                  120                  120 -0.51866080934003578     
                  120                  121  0.24066463494756885     
                  121                  120  0.31695674074268304     
                  121                  121 -0.68304325925731690     
