                  121                  121                  561
                    1                    1 -0.99613550772636050     
                    1                    2   4.1679045819986839E-011
                    1                   62  -3.8644866486408111E-003
                    1                   63   5.5833196441299628E-009
                    2                    1   2.6199880745486574E-011
                    2                    2 -0.99489153380567286     
                    2                    3   3.3052945309011980E-011
                    2                   62   3.5097326717107594E-009
                    2                   63  -5.1084582103482750E-003
                    2                   64   4.4149935266021986E-009
                    3                    2   3.4992325559947836E-011
                    3                    3 -0.99413404766702718     
                    3                    4   4.3221603504978101E-011
                    3                   63   4.6740430961171851E-009
                    3                   64  -5.8659418251481923E-003
                    3                   65   5.7555676099787006E-009
                    4                    3   4.2618675385813505E-011
                    4                    4 -0.99369333675190397     
                    4                    5   5.3349485955488645E-011
                    4                   64   5.6752792062083628E-009
                    4                   65  -6.3066503947615789E-003
                    4                   66   7.0820871564923824E-009
                    5                    4   5.2881979451320471E-011
                    5                    5 -0.99314979192360631     
                    5                    6   6.7023989072792644E-011
                    5                   65   7.0200261684725819E-009
                    5                   66  -6.8501920673720981E-003
                    5                   67   8.8690893929488248E-009
                    6                    5   6.6010111828843833E-011
                    6                    6 -0.99256565936345875     
                    6                    7   8.4754110666400702E-011
                    6                   66   8.7349259682637861E-009
                    6                   67  -7.4343205718664608E-003
                    6                   68   1.1178984508243479E-008
                    7                    6   8.3458727234632815E-011
                    7                    7 -0.99188235629789812     
                    7                    8   1.0916417083755238E-010
                    7                   67   1.1008124697408258E-008
                    7                   68  -8.1176181501723746E-003
                    7                   69   1.4351181944971399E-008
                    8                    7   1.0869948925446072E-010
                    8                    8 -0.99097050216796601     
                    8                    9   1.4507794940619648E-010
                    8                   68   1.4290092945767166E-008
                    8                   69  -9.0294642797360582E-003
                    8                   70   1.9008427495552885E-008
                    9                    8   1.4369904876861410E-010
                    9                    9 -0.98992188795084246     
                    9                   10   1.9626148380208567E-010
                    9                   69   1.8827760944224192E-008
                    9                   70  -1.0078067255151021E-002
                    9                   71   2.5626285056636923E-008
                   10                    9   1.9537720525358683E-010
                   10                   10 -0.98857845423858015     
                   10                   11   2.7472344189193849E-010
                   10                   70   2.5510822900159233E-008
                   10                   71  -1.1421484035134363E-002
                   10                   72   3.5745361855772447E-008
                   11                   10   2.7314546647856425E-010
                   11                   11 -0.98691187780516465     
                   11                   12   3.9665289489170318E-010
                   11                   71   3.5540045186171460E-008
                   11                   72  -1.3088034559927835E-002
                   11                   73   5.1425063941392182E-008
                   12                   11   3.9205633022041636E-010
                   12                   12 -0.98486826042256514     
                   12                   13   5.9344972941262410E-010
                   12                   72   5.0829130733350908E-008
                   12                   73  -1.5131611105388911E-002
                   12                   74   7.6657409176789313E-008
                   13                   12   5.8826780935215508E-010
                   13                   13 -0.98213136926297528     
                   13                   14   9.3783034801839678E-010
                   13                   73   7.5988047398176732E-008
                   13                   74  -1.7868432534354117E-002
                   13                   75   1.2068852514722269E-007
                   14                   13   9.2150576750072996E-010
                   14                   14 -0.97859547478168363     
                   14                   15   1.5650113478707839E-009
                   14                   74   1.1858772989093008E-007
                   14                   75  -2.1404203513511834E-002
                   14                   76   2.0063055756433374E-007
                   15                   14   1.5215847666958973E-009
                   15                   15 -0.97386551725855952     
                   15                   16   2.8198333580926975E-009
                   15                   75   1.9506337799973567E-007
                   15                   76  -2.6133923249419638E-002
                   15                   77   3.6008722469015787E-007
                   16                   15   2.7369688016103436E-009
                   16                   16 -0.96683238618408929     
                   16                   17   5.7577518746883283E-009
                   16                   76   3.4950558230931375E-007
                   16                   77  -3.3166523489457207E-002
                   16                   78   7.3232615045931924E-007
                   17                   16   5.5665522571741861E-009
                   17                   17 -0.95552338044852625     
                   17                   18   1.4231823680638124E-008
                   17                   77   7.0800754783266387E-007
                   17                   78  -4.4474089028579224E-002
                   17                   79   1.8027169708295005E-006
                   18                   17   1.3615361763755393E-008
                   18                   18 -0.93509644855834251     
                   18                   19   4.9349304640117461E-008
                   18                   78   1.7246309584974002E-006
                   18                   79  -6.4895541868415341E-002
                   18                   80   6.2219776173869699E-006
                   19                   18   4.6238889000890135E-008
                   19                   19 -0.88870703347004287     
                   19                   20   3.8262686839606212E-007
                   19                   79   5.8298153239326818E-006
                   19                   80 -0.11123931606500040     
                   19                   81   4.7391783875414320E-005
                   20                   19   3.3326649652498632E-007
                   20                   20 -0.72125783835018276     
                   20                   21   9.4191537966392252E-005
                   20                   80   4.1278057242650283E-005
                   20                   81 -0.27158011917559133     
                   20                   82   7.0262396125204286E-003
                   21                   20   6.1409071713648157E-005
                   21                   21 -0.33663340283127741     
                   21                   22   1.0979054561926929E-002
                   21                   81   4.5808239419181549E-003
                   21                   82 -0.48723922367608169     
                   21                   83  0.16050608591708224     
                   22                   21   1.1072810943852360E-002
                   22                   22 -0.26717770771574678     
                   22                   23   4.0128492069229950E-002
                   22                   82  0.16187673853636905     
                   22                   83 -0.42192355293925959     
                   22                   84   9.7820697795542394E-002
                   23                   22   6.6364419180395359E-002
                   23                   23 -0.49931241653093034     
                   23                   24   7.8312387632752070E-002
                   23                   83  0.16177567255261999     
                   23                   84 -0.18927638008303846     
                   23                   85   4.9587240202636608E-003
                   24                   23  0.10590609347647792     
                   24                   24 -0.74419534069010074     
                   24                   25  0.12156224996071634     
                   24                   84   6.7059517081364765E-003
                   24                   85  -1.4168157936352573E-002
                   24                   86   7.4622062282160969E-003
                   25                   24  0.11144785666005390     
                   25                   25 -0.73514963399260136     
                   25                   26  0.12475643008418828     
                   25                   85   6.8413252498924727E-003
                   25                   86  -1.4323039631578214E-002
                   25                   87   7.4817143816857416E-003
                   26                   25  0.11593039670838917     
                   26                   26 -0.72749185619684553     
                   26                   27  0.12764068984281346     
                   26                   86   6.9524121180958532E-003
                   26                   87  -1.4468528625975866E-002
                   26                   88   7.5161165078800147E-003
                   27                   26  0.11978347732432025     
                   27                   27 -0.72083187109012381     
                   27                   28  0.13016555849392658     
                   27                   87   7.0534448881254203E-003
                   27                   88  -1.4609546545814650E-002
                   27                   89   7.5561016576892277E-003
                   28                   27  0.12314787798227084     
                   28                   28 -0.71498472492018772     
                   28                   29  0.13236955665758721     
                   28                   88   7.1487257899036684E-003
                   28                   89  -1.4748920219977122E-002
                   28                   90   7.6001944300734536E-003
                   29                   28  0.12609915813263489     
                   29                   29 -0.70982093779780808     
                   29                   30  0.13430299304832366     
                   29                   89   7.2401701983162963E-003
                   29                   90  -1.4888455510616719E-002
                   29                   91   7.6482853123004237E-003
                   30                   29  0.12869649800319852     
                   30                   30 -0.70523503052851988     
                   30                   31  0.13600986140130822     
                   30                   90   7.3290066965834453E-003
                   30                   91  -1.5029305033486751E-002
                   30                   92   7.7002983369033060E-003
                   31                   30  0.13099083812189893     
                   31                   31 -0.70113903857938420     
                   31                   32  0.13752574835932149     
                   31                   91   7.4161426425064098E-003
                   31                   92  -1.5172187469697737E-002
                   31                   93   7.7560448271913277E-003
                   32                   31  0.13302586804943631     
                   32                   32 -0.69745993188587452     
                   32                   33  0.13887912330802193     
                   32                   92   7.5022649073084226E-003
                   32                   93  -1.5317538378333552E-002
                   32                   94   7.8152734710251314E-003
                   33                   32  0.13483848009552321     
                   33                   33 -0.69413734566824215     
                   33                   34  0.14009295173206324     
                   33                   93   7.5878906149677815E-003
                   33                   94  -1.5465611252085685E-002
                   33                   95   7.8777206371179031E-003
                   34                   33  0.13645952695717659     
                   34                   34 -0.69112137646129856     
                   34                   35  0.14118601082988577     
                   34                   94   7.6734055379023220E-003
                   34                   95  -1.5616542875819492E-002
                   34                   96   7.9431373379171694E-003
                   35                   34  0.13791474228609882     
                   35                   35 -0.68837060744681666     
                   35                   36  0.14217386050596356     
                   35                   95   7.7590954830636018E-003
                   35                   96  -1.5770394880560486E-002
                   35                   97   8.0112993974968821E-003
                   36                   35  0.13922564250132918     
                   36                   36 -0.68585045579383408     
                   36                   37  0.14306954122823071     
                   36                   96   7.8451714113807140E-003
                   36                   97  -1.5927180238302984E-002
                   36                   98   8.0820088269222701E-003
                   37                   36  0.14041031496483197     
                   37                   37 -0.68353184658908517     
                   37                   38  0.14388407745817111     
                   37                   97   7.9317889412004912E-003
                   37                   98  -1.6086880493955784E-002
                   37                   99   8.1550915527552927E-003
                   38                   37  0.14148406493683063     
                   38                   38 -0.68139017232951149     
                   38                   39  0.14462684807971415     
                   38                   98   8.0190631458248538E-003
                   38                   99  -1.6249457326971917E-002
                   38                  100   8.2303941811470611E-003
                   39                   38  0.14245992919303302     
                   39                   39 -0.67940448316314672     
                   39                   40  0.14530586648198893     
                   39                   99   8.1070796179607846E-003
                   39                  100  -1.6414860580915673E-002
                   39                  101   8.3077809629548867E-003
                   40                   39  0.14334907794436261     
                   40                   40 -0.67755685566737134     
                   40                   41  0.14592799836336062     
                   40                  100   8.1959026819535125E-003
                   40                  101  -1.6583034012452712E-002
                   40                  102   8.3871313304991982E-003
                   41                   40  0.14416112884037705     
                   41                   41 -0.67583189679856170     
                   41                   42  0.14649913536487374     
                   41                  101   8.2855814778367877E-003
                   41                  102  -1.6753919498093746E-002
                   41                  103   8.4683380202569564E-003
                   42                   41  0.14490439395791613     
                   42                   42 -0.67421634945441067     
                   42                   43  0.14702433629025538     
                   42                  102   8.3761544776347965E-003
                   42                  103  -1.6927460148708853E-002
                   42                  104   8.5513056710740578E-003
                   43                   42  0.14558607636563892     
                   43                   43 -0.67269877464249905     
                   43                   44  0.14750794375079618     
                   43                  103   8.4676528516825084E-003
                   43                  104  -1.7103602620532909E-002
                   43                  105   8.6359497688504022E-003
                   44                   43  0.14621242875323867     
                   44                   44 -0.67126929194550411     
                   44                   45  0.14795368166342615     
                   44                  104   8.5601029896247311E-003
                   44                  105  -1.7282298818915590E-002
                   44                  106   8.7221958292908602E-003
                   45                   44  0.14678888328658077     
                   45                   45 -0.66991936493075599     
                   45                   46  0.14836473751209614     
                   45                  105   8.6535283961437937E-003
                   45                  106  -1.7463507135283617E-002
                   45                  107   8.8099787391398201E-003
                   46                   45  0.14732015935272286     
                   46                   46 -0.66864162172037933     
                   46                   47  0.14874383228317239     
                   46                  106   8.7479511203823763E-003
                   46                  107  -1.7647193321862716E-002
                   46                  108   8.8992422014803410E-003
                   47                   46  0.14781035405688689     
                   47                   47 -0.66742970348258024     
                   47                   48  0.14909328029225569     
                   47                  107   8.8433928348342818E-003
                   47                  108  -1.7833331084138589E-002
                   47                  109   8.9899382493043058E-003
                   48                   47  0.14826301905311740     
                   48                   48 -0.66627813542399839     
                   48                   49  0.14941504061590413     
                   48                  108   8.9398756491923959E-003
                   48                  109  -1.8021902453490012E-002
                   48                  110   9.0820268042976163E-003
                   49                   48  0.14868122637974579     
                   49                   49 -0.66518221617751971     
                   49                   50  0.14971076146353202     
                   49                  109   9.0374227233784958E-003
                   49                  110  -1.8212897989601289E-002
                   49                  111   9.1754752662227927E-003
                   50                   49  0.14906762531592721     
                   50                   50 -0.66413792244250391     
                   50                   51  0.14998181853599832     
                   50                  110   9.1360587289112862E-003
                   50                  111  -1.8406316852785199E-002
                   50                  112   9.2702581238739128E-003
                   51                   50  0.14942449179633863     
                   51                   51 -0.66314182644820630     
                   51                   52  0.15022934819687636     
                   51                  111   9.2358101968757315E-003
                   51                  112  -1.8602166779289421E-002
                   51                  113   9.3663565824136912E-003
                   52                   51  0.14975377156378031     
                   52                   52 -0.66219102434449717     
                   52                   53  0.15045427611709342     
                   52                  112   9.3367057826112196E-003
                   52                  113  -1.8800463987314549E-002
                   52                  114   9.4637582047033316E-003
                   53                   52  0.15005711796878393     
                   53                   53 -0.66128307402201070     
                   53                   54  0.15065734193471719     
                   53                  113   9.4387764708395265E-003
                   53                  114  -1.9001233037244075E-002
                   53                  115   9.5624565664045470E-003
                   54                   53  0.15033592511832058     
                   54                   54 -0.66041594115653102     
                   54                   55  0.15083912039325789     
                   54                  114   9.5420557395544600E-003
                   54                  115  -1.9204506665945226E-002
                   54                  116   9.6624509263907640E-003
                   55                   54  0.15059135691911840     
                   55                   55 -0.65958795248056190     
                   55                   56  0.15100003937732939     
                   55                  115   9.6465796961423822E-003
                   55                  116  -1.9410325611495142E-002
                   55                  117   9.7637459153527596E-003
                   56                   55  0.15082437244897340     
                   56                   56 -0.65879775542604513     
                   56                   57  0.15114039524298317     
                   56                  116   9.7523871947771141E-003
                   56                  117  -1.9618738440999144E-002
                   56                  118   9.8663512462220295E-003
                   57                   56  0.15103574802240990     
                   57                   57 -0.65804428337647980     
                   57                   58  0.15126036582055252     
                   57                  117   9.8595199405776511E-003
                   57                  118  -1.9829801390278987E-002
                   57                  119   9.9702814497013327E-003
                   58                   57  0.15122609630025696     
                   58                   58 -0.65732672584502649     
                   58                   59  0.15136002141334440     
                   58                  118   9.9680225845938785E-003
                   58                  119  -2.0043578220686108E-002
                   58                  120   1.0075555636092227E-002
                   59                   58  0.15139588283168920     
                   59                   59 -0.65664450300683830     
                   59                   60  0.15143933396815887     
                   59                  119   1.0077942816751614E-002
                   59                  120  -2.0260140096656814E-002
                   59                  121   1.0182197279905200E-002
                   60                   59  0.15312109238157842     
                   60                   60 -0.66281779444603817     
                   60                   61  0.15307334481887908     
                   60                  120   1.0295272235360160E-002
                   60                  121  -2.0692496118144069E-002
                   61                   60  0.30957560752377783     
                   61                   61 -0.66939704180401960     
                   61                  121   2.1027350672202627E-002
                   62                    1   3.5766406530918407E-002
                   62                   62 -0.49533042799116361     
                   62                   63  0.46890316547791799     
                   63                    2   3.8688866422655503E-002
                   63                   62  0.24256697125488391     
                   63                   63 -0.49421333418658864     
                   63                   64  0.22453082813587186     
                   64                    3   4.2873603029402511E-002
                   64                   63  0.23157976166380431     
                   64                   64 -0.49268203718016401     
                   64                   65  0.23286459812662916     
                   65                    4   4.5929363438008249E-002
                   65                   64  0.23123379261433463     
                   65                   65 -0.49128053503325664     
                   65                   66  0.23155630891440046     
                   66                    5   4.9442746644858399E-002
                   66                   65  0.23020234861076624     
                   66                   66 -0.48969215653154169     
                   66                   67  0.23066274821283367     
                   67                    6   5.3344765844670940E-002
                   67                   66  0.22890024865964628     
                   67                   67 -0.48792617934142396     
                   67                   68  0.22982880615425877     
                   68                    7   5.7801497515563405E-002
                   68                   67  0.22804581081223937     
                   68                   68 -0.48592630920995988     
                   68                   69  0.22822638246223731     
                   69                    8   6.3022749228717714E-002
                   69                   68  0.22672257827363221     
                   69                   69 -0.48360929879832493     
                   69                   70  0.22664537369932516     
                   70                    9   6.9063021281135950E-002
                   70                   69  0.22498820487061882     
                   70                   70 -0.48095169383588160     
                   70                   71  0.22499708001236374     
                   71                   10   7.6133855919322382E-002
                   71                   70  0.22322704283565295     
                   71                   71 -0.47786400993812123     
                   71                   72  0.22277509130690354     
                   72                   11   8.4430077590876534E-002
                   72                   71  0.22068903196058182     
                   72                   72 -0.47427305668534608     
                   72                   73  0.22060783376319545     
                   73                   12   9.4169697809837943E-002
                   73                   72  0.21796303301571215     
                   73                   73 -0.47010230683112020     
                   73                   74  0.21776496234332973     
                   74                   13  0.10579998937326802     
                   74                   73  0.21465382568700608     
                   74                   74 -0.46519874860250504     
                   74                   75  0.21434743633722081     
                   75                   14  0.11960409872051957     
                   75                   74  0.21027566326378827     
                   75                   75 -0.45950349963560921     
                   75                   76  0.21061673838008296     
                   76                   15  0.13601774671554243     
                   76                   75  0.20532420627356160     
                   76                   76 -0.45296157623386119     
                   76                   77  0.20569647077703471     
                   77                   16  0.15592392682132661     
                   77                   76  0.19936192053651333     
                   77                   77 -0.44549152651971613     
                   77                   78  0.19922262612244396     
                   78                   17  0.18009210514135859     
                   78                   77  0.19153452534306678     
                   78                   78 -0.43742899919406136     
                   78                   79  0.19094437032151329     
                   79                   18  0.20874556901892419     
                   79                   78  0.18120776606974143     
                   79                   79 -0.43046785291324957     
                   79                   80  0.17957881199808487     
                   80                   19  0.23947528662753573     
                   80                   79  0.16627907349567694     
                   80                   80 -0.43198732336139345     
                   80                   81  0.16225831651539396     
                   81                   20  0.25465526792648435     
                   81                   80  0.13935547616655641     
                   81                   81 -0.48074781291374874     
                   81                   82  0.12524144299321038     
                   82                   21  0.25197679274940005     
                   82                   81  0.10830599758520633     
                   82                   82 -0.54285247419643068     
                   82                   83   9.6864735468962959E-002
                   83                   22  0.27354783476522521     
                   83                   82  0.12647468754027300     
                   83                   83 -0.47819898204778549     
                   83                   84  0.12177849564671650     
                   84                   23   9.1897013592849117E-002
                   84                   83  0.21073029751950653     
                   84                   84 -0.48582995664778422     
                   84                   85  0.21154273223985998     
                   85                   84  0.23970528330440655     
                   85                   85 -0.51873948262270575     
                   85                   86  0.24155523407288776     
                   86                   85  0.23988105065240278     
                   86                   86 -0.51872764474288391     
                   86                   87  0.24139130460471334     
                   87                   86  0.23999919353644267     
                   87                   87 -0.51871829862828445     
                   87                   88  0.24128250783527280     
                   88                   87  0.24009402755827222     
                   88                   88 -0.51871049152679360     
                   88                   89  0.24119548091493420     
                   89                   88  0.24017393846321752     
                   89                   89 -0.51870386513266087     
                   89                   90  0.24112219640412150     
                   90                   89  0.24024188445981359     
                   90                   90 -0.51869821165399221     
                   90                   91  0.24105990388619417     
                   91                   90  0.24029979834990084     
                   91                   91 -0.51869337382211711     
                   91                   92  0.24100682782798219     
                   92                   91  0.24034931911645685     
                   92                   92 -0.51868922364355019     
                   92                   93  0.24096145723999293     
                   93                   92  0.24039185799831372     
                   93                   93 -0.51868565596493321     
                   93                   94  0.24092248603675295     
                   94                   93  0.24042859541432418     
                   94                   94 -0.51868258443685245     
                   94                   95  0.24088882014882332     
                   95                   94  0.24046049619495913     
                   95                   95 -0.51867993803631318     
                   95                   96  0.24085956576872772     
                   96                   95  0.24048834017556153     
                   96                   96 -0.51867765806771160     
                   96                   97  0.24083400175672684     
                   97                   96  0.24051275688815210     
                   97                   97 -0.51867569569557070     
                   97                   98  0.24081154741627711     
                   98                   97  0.24053425746544441     
                   98                   98 -0.51867400998688151     
                   98                   99  0.24079173254767414     
                   99                   98  0.24055326105374014     
                   99                   99 -0.51867256638926484     
                   99                  100  0.24077417255699513     
                  100                   99  0.24057011543968421     
                  100                  100 -0.51867133555685385     
                  100                  101  0.24075854900346186     
                  101                  100  0.24058511265698035     
                  101                  101 -0.51867029244257179     
                  101                  102  0.24074459490044789     
                  102                  101  0.24059850063296562     
                  102                  102 -0.51866941559020963     
                  102                  103  0.24073208377682476     
                  103                  102  0.24061049186965905     
                  103                  103 -0.51866868657524534     
                  103                  104  0.24072082155509575     
                  104                  103  0.24062126996377017     
                  104                  104 -0.51866808955665822     
                  104                  105  0.24071064047957141     
                  105                  104  0.24063099456862708     
                  105                  105 -0.51866761091234848     
                  105                  106  0.24070139451902448     
                  106                  105  0.24063980523204606     
                  106                  106 -0.51866723893838118     
                  106                  107  0.24069295582957276     
                  107                  106  0.24064782441681506     
                  107                  107 -0.51866696359773590     
                  107                  108  0.24068521198544901     
                  108                  107  0.24065515991999428     
                  108                  108 -0.51866677630809166     
                  108                  109  0.24067806377191409     
                  109                  108  0.24066190684452718     
                  109                  109 -0.51866666976092124     
                  109                  110  0.24067142339455155     
                  110                  109  0.24066814923363844     
                  110                  110 -0.51866663776612154     
                  110                  111  0.24066521300023996     
                  111                  110  0.24067396144862113     
                  111                  111 -0.51866667511781939     
                  111                  112  0.24065936343355937     
                  112                  111  0.24067940934948842     
                  112                  112 -0.51866677747802648     
                  112                  113  0.24065381317248527     
                  113                  112  0.24068455132230732     
                  113                  113 -0.51866694127557056     
                  113                  114  0.24064850740212210     
                  114                  113  0.24068943918512120     
                  114                  114 -0.51866716361827347     
                  114                  115  0.24064339719660532     
                  115                  114  0.24069411899461676     
                  115                  115 -0.51866744221672445     
                  115                  116  0.24063843878865890     
                  116                  115  0.24069863176770445     
                  116                  116 -0.51866777531825248     
                  116                  117  0.24063359291404293     
                  117                  116  0.24070301412592235     
                  117                  117 -0.51866816164985585     
                  117                  118  0.24062882422422180     
                  118                  117  0.24070729886710193     
                  118                  118 -0.51866860036897278     
                  118                  119  0.24062410076392529     
                  119                  118  0.24071151547015801     
                  119                  119 -0.51866909102116709     
                  119                  120  0.24061939350867489     
                  120                  119  0.24071569054835668     
                  120                  120 -0.51866963350417550     
                  120                  121  0.24061467594746774     
                  121                  120  0.31699103766546122     
                  121                  121 -0.68300896233453878     
