                  121                  121                  561
                    1                    1  -5.2596252601701996E-005
                    1                    2   2.2006660792058910E-015
                    1                   62  -2.0404605033279461E-007
                    1                   63   2.9480094633808956E-013
                    2                    1   2.2006660792058910E-015
                    2                    2  -8.3566183838925873E-005
                    2                    3   2.7762910933066259E-015
                    2                   62   2.9480094633808956E-013
                    2                   63  -4.2908633095556859E-007
                    2                   64   3.7083857702599665E-013
                    3                    2   2.7762910933066259E-015
                    3                    3  -7.8874594869737105E-005
                    3                    4   3.4292020015568243E-015
                    3                   63   3.7083857702599665E-013
                    3                   64  -4.6540382162122340E-007
                    3                   65   4.5664673144209827E-013
                    4                    3   3.4292020015568243E-015
                    4                    4  -7.9954976274499353E-005
                    4                    5   4.2926290496932411E-015
                    4                   64   4.5664673144209827E-013
                    4                   65  -5.0744838878860269E-007
                    4                   66   5.6984191161247622E-013
                    5                    4   4.2926290496932411E-015
                    5                    5  -8.0617701752872206E-005
                    5                    6   5.4405891289496338E-015
                    5                   65   5.6984191161247622E-013
                    5                   66  -5.5605583923817006E-007
                    5                   67   7.1993732397147748E-013
                    6                    5   5.4405891289496338E-015
                    6                    6  -8.1807798630965326E-005
                    6                    7   6.9854796537994319E-015
                    6                   66   7.1993732397147748E-013
                    6                   67  -6.1274072356213606E-007
                    6                   68   9.2137795109248333E-013
                    7                    6   6.9854796537994319E-015
                    7                    7  -8.3020365256737075E-005
                    7                    8   9.1370204120865949E-015
                    7                   67   9.2137795109248333E-013
                    7                   68  -6.7944310085058527E-007
                    7                   69   1.2011912091917313E-012
                    8                    7   9.1370204120865949E-015
                    8                    8  -8.3298622359560332E-005
                    8                    9   1.2194907208487050E-014
                    8                   68   1.2011912091917313E-012
                    8                   69  -7.5899528139475122E-007
                    8                   70   1.5978031839869703E-012
                    9                    8   1.2194907208487050E-014
                    9                    9  -8.4008945575202257E-005
                    9                   10   1.6655577083327005E-014
                    9                   69   1.5978031839869703E-012
                    9                   70  -8.5526728305178452E-007
                    9                   71   2.1747546072287027E-012
                   10                    9   1.6655577083327005E-014
                   10                   10  -8.4274645172224618E-005
                   10                   11   2.3419709873980226E-014
                   10                   70   2.1747546072287027E-012
                   10                   71  -9.7366224225728491E-007
                   10                   72   3.0472317842170841E-012
                   11                   10   2.3419709873980226E-014
                   11                   11  -8.4618610542437254E-005
                   11                   12   3.4009335167812776E-014
                   11                   71   3.0472317842170841E-012
                   11                   72  -1.1221785086379645E-006
                   11                   73   4.4092259457390697E-012
                   12                   11   3.4009335167812776E-014
                   12                   12  -8.5433424186827475E-005
                   12                   13   5.1479415576569900E-014
                   12                   72   4.4092259457390697E-012
                   12                   73  -1.3126073832881345E-006
                   12                   74   6.6497268908370538E-012
                   13                   12   5.1479415576569900E-014
                   13                   13  -8.5946482376376033E-005
                   13                   14   8.2069692508122553E-014
                   13                   73   6.6497268908370538E-012
                   13                   74  -1.5636695557945505E-006
                   13                   75   1.0561473265415255E-011
                   14                   13   8.2069692508122553E-014
                   14                   14  -8.7154125929124319E-005
                   14                   15   1.3938057104062120E-013
                   14                   74   1.0561473265415255E-011
                   14                   75  -1.9062673970011817E-006
                   14                   76   1.7868242118218765E-011
                   15                   14   1.3938057104062120E-013
                   15                   15  -8.9208261598873142E-005
                   15                   16   2.5830304843535759E-013
                   15                   75   1.7868242118218765E-011
                   15                   76  -2.3939258763385577E-006
                   15                   77   3.2984795918226645E-011
                   16                   15   2.5830304843535759E-013
                   16                   16  -9.1245377927013548E-005
                   16                   17   5.4339123649905822E-013
                   16                   76   3.2984795918226645E-011
                   16                   77  -3.1301102585784452E-006
                   16                   78   6.9113713317183477E-011
                   17                   16   5.4339123649905822E-013
                   17                   17  -9.3275515474863061E-005
                   17                   18   1.3892707568660010E-012
                   17                   77   6.9113713317183477E-011
                   17                   78  -4.3414359756099647E-006
                   17                   79   1.7597618033216036E-010
                   18                   17   1.3892707568660010E-012
                   18                   18  -9.5414442405020554E-005
                   18                   19   5.0354553186162810E-012
                   18                   78   1.7597618033216036E-010
                   18                   79  -6.6217468278195334E-006
                   18                   80   6.3487197062374049E-010
                   19                   18   5.0354553186162810E-012
                   19                   19  -9.6780970630420566E-005
                   19                   20   4.1668399504005215E-011
                   19                   79   6.3487197062374049E-010
                   19                   80  -1.2114058486741769E-005
                   19                   81   5.1610065754299229E-009
                   20                   19   4.1668399504005215E-011
                   20                   20  -9.0179061103183485E-005
                   20                   21   1.1776793271465403E-008
                   20                   80   5.1610065754299229E-009
                   20                   81  -3.3955735188356858E-005
                   20                   82   8.7849262448563508E-007
                   21                   20   1.1776793271465403E-008
                   21                   21  -6.4558246571455488E-005
                   21                   22   2.1055204432151694E-006
                   21                   81   8.7849262448563508E-007
                   21                   82  -9.3440845967179947E-005
                   21                   83   3.0781233780438905E-005
                   22                   21   2.1055204432151694E-006
                   22                   22  -5.0804455022254274E-005
                   22                   23   7.6305249710843459E-006
                   22                   82   3.0781233780438905E-005
                   22                   83  -8.0229733054442906E-005
                   22                   84   1.8600830450594733E-005
                   23                   22   7.6305249710843459E-006
                   23                   23  -5.7410520724292639E-005
                   23                   24   9.0042923114058906E-006
                   23                   83   1.8600830450594733E-005
                   23                   84  -2.1762838618901514E-005
                   23                   85   5.7014990756545647E-007
                   24                   23   9.0042923114058906E-006
                   24                   24  -6.3272585782311614E-005
                   24                   25   1.0335401833338224E-005
                   24                   84   5.7014990756545647E-007
                   24                   85  -1.2045976901359172E-006
                   24                   86   6.3444778257046072E-007
                   25                   24   1.0335401833338224E-005
                   25                   25  -6.8175980253449067E-005
                   25                   26   1.1569606404777206E-005
                   25                   85   6.3444778257046072E-007
                   25                   86  -1.3282836880276162E-006
                   25                   87   6.9383590545715548E-007
                   26                   25   1.1569606404777206E-005
                   26                   26  -7.2602136090760142E-005
                   26                   27   1.2738268690912983E-005
                   26                   86   6.9383590545715548E-007
                   26                   87  -1.4439283070846196E-006
                   26                   88   7.5009240162746421E-007
                   27                   26   1.2738268690912983E-005
                   27                   27  -7.6656232228576734E-005
                   27                   28   1.3842341994372358E-005
                   27                   87   7.5009240162746421E-007
                   27                   88  -1.5536393959336307E-006
                   27                   89   8.0354699430616643E-007
                   28                   27   1.3842341994372358E-005
                   28                   28  -8.0367305107135735E-005
                   28                   29   1.4878897654749366E-005
                   28                   88   8.0354699430616643E-007
                   28                   89  -1.6578409719900253E-006
                   28                   90   8.5429397768385891E-007
                   29                   28   1.4878897654749366E-005
                   29                   29  -8.3754350489660310E-005
                   29                   30   1.5846897932424511E-005
                   29                   89   8.5429397768385891E-007
                   29                   90  -1.7567429399231197E-006
                   29                   91   9.0244896223926074E-007
                   30                   29   1.5846897932424511E-005
                   30                   30  -8.6838318995113484E-005
                   30                   31   1.6747420674773672E-005
                   30                   90   9.0244896223926074E-007
                   30                   91  -1.8506165012743336E-006
                   30                   92   9.4816753903507285E-007
                   31                   30   1.6747420674773672E-005
                   31                   31  -8.9641921518725305E-005
                   31                   32   1.7582921022638875E-005
                   31                   91   9.4816753903507285E-007
                   31                   92  -1.9397922003911400E-006
                   31                   93   9.9162466135606719E-007
                   32                   31   1.7582921022638875E-005
                   32                   32  -9.2187956211997729E-005
                   32                   33   1.8356585020823121E-005
                   32                   92   9.9162466135606719E-007
                   32                   93  -2.0246217635459368E-006
                   32                   94   1.0329971021898698E-006
                   33                   32   1.8356585020823121E-005
                   33                   33  -9.4498181771707944E-005
                   33                   34   1.9071916098919818E-005
                   33                   93   1.0329971021898698E-006
                   33                   94  -2.1054509636031951E-006
                   33                   95   1.0724538614133253E-006
                   34                   33   1.9071916098919818E-005
                   34                   34  -9.6592808138462182E-005
                   34                   35   1.9732501005472338E-005
                   34                   94   1.0724538614133253E-006
                   34                   95  -2.1826060966507675E-006
                   34                   96   1.1101522352374422E-006
                   35                   34   1.9732501005472338E-005
                   35                   35  -9.8490367878177479E-005
                   35                   36   2.0341885130496205E-005
                   35                   95   1.1101522352374422E-006
                   35                   96  -2.2563891842092216E-006
                   35                   97   1.1462369489717794E-006
                   36                   35   2.0341885130496205E-005
                   36                   36  -1.0020777019092186E-004
                   36                   37   2.0903506861601847E-005
                   36                   96   1.1462369489717794E-006
                   36                   97  -2.3270775773735458E-006
                   36                   98   1.1808406284017663E-006
                   37                   36   2.0903506861601847E-005
                   37                   37  -1.0176042015771446E-004
                   37                   38   2.1420661303804169E-005
                   37                   97   1.1808406284017663E-006
                   37                   98  -2.3949253078123102E-006
                   37                   99   1.2140846794105439E-006
                   38                   37   2.1420661303804169E-005
                   38                   38  -1.0316234625947396E-004
                   38                   39   2.1896478091264086E-005
                   38                   98   1.2140846794105439E-006
                   38                   99  -2.4601648385427117E-006
                   38                  100   1.2460801591321678E-006
                   39                   38   2.1896478091264086E-005
                   39                   39  -1.0442631457812052E-004
                   39                   40   2.2333906383203614E-005
                   39                   99   1.2460801591321678E-006
                   39                  100  -2.5230086601696292E-006
                   39                  101   1.2769285010374613E-006
                   40                   39   2.2333906383203614E-005
                   40                   40  -1.0556392549414357E-004
                   40                   41   2.2735704344052644E-005
                   40                  100   1.2769285010374613E-006
                   40                  101  -2.5836505856518157E-006
                   40                  102   1.3067220846143542E-006
                   41                   40   2.2735704344052644E-005
                   41                   41  -1.0658569557197295E-004
                   41                   42   2.3104432207957488E-005
                   41                  101   1.3067220846143542E-006
                   41                  102  -2.6422667703614108E-006
                   41                  103   1.3355446857470563E-006
                   42                   41   2.3104432207957488E-005
                   42                   42  -1.0750112894430291E-004
                   42                   43   2.3442448623916113E-005
                   42                  102   1.3355446857470563E-006
                   42                  103  -2.6990165361882041E-006
                   42                  104   1.3634718504411478E-006
                   43                   42   2.3442448623916113E-005
                   43                   43  -1.0831878197144722E-004
                   43                   44   2.3751910068054343E-005
                   43                  103   1.3634718504411478E-006
                   43                  104  -2.7540430769542438E-006
                   43                  105   1.3905712265130960E-006
                   44                   43   2.3751910068054343E-005
                   44                   44  -1.0904632382958733E-004
                   44                   45   2.4034773042708237E-005
                   44                  104   1.3905712265130960E-006
                   44                  105  -2.8074741033739409E-006
                   44                  106   1.4169028768608451E-006
                   45                   44   2.4034773042708237E-005
                   45                   45  -1.0969059463168435E-004
                   45                   46   2.4292798703852548E-005
                   45                  105   1.4169028768608451E-006
                   45                  106  -2.8594224653021042E-006
                   45                  107   1.4425195884412589E-006
                   46                   45   2.4292798703852548E-005
                   46                   46  -1.1025766190342152E-004
                   46                   47   2.4527559513720593E-005
                   46                  106   1.4425195884412589E-006
                   46                  107  -2.9099867726151661E-006
                   46                  108   1.4674671841739074E-006
                   47                   46   2.4527559513720593E-005
                   47                   47  -1.1075287572272162E-004
                   47                   48   2.4740447506517164E-005
                   47                  107   1.4674671841739074E-006
                   47                  108  -2.9592520245621624E-006
                   47                  109   1.4917848403882548E-006
                   48                   47   2.4740447506517164E-005
                   48                   48  -1.1118092252183213E-004
                   48                   49   2.4932683771382984E-005
                   48                  108   1.4917848403882548E-006
                   48                  109  -3.0072902498930168E-006
                   48                  110   1.5155054095047619E-006
                   49                   48   2.4932683771382984E-005
                   49                   49  -1.1154587737891491E-004
                   49                   50   2.5105328787170149E-005
                   49                  109   1.5155054095047619E-006
                   49                  110  -3.0541611553255623E-006
                   49                  111   1.5386557458208004E-006
                   50                   49   2.5105328787170149E-005
                   50                   50  -1.1185125454041622E-004
                   50                   51   2.5259293280239958E-005
                   50                  110   1.5386557458208004E-006
                   50                  111  -3.0999127769739171E-006
                   50                  112   1.5612570311531165E-006
                   51                   50   2.5259293280239958E-005
                   51                   51  -1.1210005588293839E-004
                   51                   52   2.5395349315132619E-005
                   51                  111   1.5612570311531165E-006
                   51                  112  -3.1445821275834634E-006
                   51                  113   1.5833250964303469E-006
                   52                   51   2.5395349315132619E-005
                   52                   52  -1.1229481702510442E-004
                   52                   53   2.5514141367195568E-005
                   52                  112   1.5833250964303469E-006
                   52                  113  -3.1881958314557703E-006
                   52                  114   1.6048707350254234E-006
                   53                   52   2.5514141367195568E-005
                   53                   53  -1.1243765082734091E-004
                   53                   54   2.5616197166521167E-005
                   53                  113   1.6048707350254234E-006
                   53                  114  -3.2307707386738164E-006
                   53                  115   1.6259000036483930E-006
                   54                   53   2.5616197166521167E-005
                   54                   54  -1.1253028806830229E-004
                   54                   55   2.5701938145371768E-005
                   54                  114   1.6259000036483930E-006
                   54                  115  -3.2723145106762786E-006
                   54                  116   1.6464145070278856E-006
                   55                   54   2.5701938145371768E-005
                   55                   55  -1.1257411516115754E-004
                   55                   56   2.5771689367997905E-005
                   55                  115   1.6464145070278856E-006
                   55                  116  -3.3128261704695325E-006
                   55                  117   1.6664116634416469E-006
                   56                   55   2.5771689367997905E-005
                   56                   56  -1.1257020886938128E-004
                   56                   57   2.5825688871845879E-005
                   56                  116   1.6664116634416469E-006
                   56                  117  -3.3522966128334843E-006
                   56                  118   1.6858849493918374E-006
                   57                   56   2.5825688871845879E-005
                   57                   57  -1.1251936808930957E-004
                   57                   58   2.5864096397520197E-005
                   57                  117   1.6858849493918374E-006
                   57                  118  -3.3907090725293493E-006
                   57                  119   1.7048241231375117E-006
                   58                   57   2.5864096397520197E-005
                   58                   58  -1.1242214285665726E-004
                   58                   59   2.5887001518525666E-005
                   58                  118   1.7048241231375117E-006
                   58                  119  -3.4280395509368241E-006
                   58                  120   1.7232154277993122E-006
                   59                   58   2.5887001518525666E-005
                   59                   59  -1.1227886074925365E-004
                   59                   60   2.5894431176550264E-005
                   59                  119   1.7232154277993122E-006
                   59                  120  -3.4642572019661166E-006
                   59                  121   1.7410417741668044E-006
                   60                   59   2.5894431176550264E-005
                   60                   60  -1.1208965070667588E-004
                   60                   61   2.5886356547791182E-005
                   60                  120   1.7410417741668044E-006
                   60                  121  -3.4993246734881457E-006
                   61                   60   2.5886356547791182E-005
                   61                   61  -5.5974211388229562E-005
                   61                  121   1.7582828993213415E-006
                   62                    1   6569.4482862951627     
                   62                   62  -90980.558209095616     
                   62                   63   86126.491187321037     
                   63                    2   13736.974559009886     
                   63                   62   86126.491186962870     
                   63                   63  -175476.73597562697     
                   63                   64   79722.528960159427     
                   64                    3   14759.459266040838     
                   64                   63   79722.528959656658     
                   64                   64  -169608.33578376274     
                   64                   65   80164.840547595333     
                   65                    4   15922.932607746960     
                   65                   64   80164.840546970474     
                   65                   65  -170318.64291763515     
                   65                   66   80276.651487215262     
                   66                    5   17241.779525247068     
                   66                   65   80276.651486424802     
                   66                   66  -170766.48793008813     
                   66                   67   80437.203012604703     
                   67                    6   18745.736559831563     
                   67                   66   80437.203011592588     
                   67                   67  -171460.78858443780     
                   67                   68   80763.504831443992     
                   68                    7   20470.674322672832     
                   68                   67   80763.504830134552     
                   68                   68  -172093.10568428008     
                   68                   69   80827.455135886063     
                   69                    8   22467.848039234344     
                   69                   68   80827.455134156597     
                   69                   69  -172408.54086400697     
                   69                   70   80799.931411934173     
                   70                    9   24802.577475847647     
                   70                   69   80799.931409598212     
                   70                   70  -172724.00522336958     
                   70                   71   80803.118735994503     
                   71                   10   27558.726403780296     
                   71                   70   80803.118732771225     
                   71                   71  -172975.91654957441     
                   71                   72   80639.522545790052     
                   72                   11   30850.654808531093     
                   72                   71   80639.522541200495     
                   72                   72  -173298.83821364149     
                   72                   73   80609.852811761419     
                   73                   12   34827.031786612104     
                   73                   72   80609.852805023605     
                   73                   73  -173859.19636302243     
                   73                   74   80536.599797278075     
                   74                   13   39695.408988635107     
                   74                   73   80536.599786973107     
                   74                   74  -174539.28583705000     
                   74                   75   80421.644666263412     
                   75                   14   45743.564312892035     
                   75                   74   80421.644649648704     
                   75                   75  -175740.86601075926     
                   75                   76   80552.091613295081     
                   76                   15   53362.017998007446     
                   76                   75   80552.091584857961     
                   76                   76  -177704.33908118229     
                   76                   77   80698.137123870561     
                   77                   16   63115.214707941283     
                   77                   76   80698.137070830548     
                   77                   77  -180326.99611958873     
                   77                   78   80641.753185234338     
                   78                   17   75824.152575857646     
                   78                   77   80641.753072727777     
                   78                   78  -184170.66728139532     
                   78                   79   80393.280190684687     
                   79                   18   92610.495245648344     
                   79                   78   80393.279900254885     
                   79                   79  -190978.14259239603     
                   79                   80   79670.590340818759     
                   80                   19   114741.66172090029     
                   80                   79   79670.589274542261     
                   80                   80  -206981.45525948727     
                   80                   81   77744.092625177640     
                   81                   20   142067.90440146855     
                   81                   80   77744.083706003963     
                   81                   81  -268201.14456050651     
                   81                   82   69870.101235832015     
                   82                   21   162550.95395373233     
                   82                   81   69868.510644529728     
                   82                   82  -350195.69292054878     
                   82                   83   62487.719536200617     
                   83                   22   135089.53706951460     
                   83                   82   62458.571479795057     
                   83                   83  -236154.96414874459     
                   83                   84   60139.392498047171     
                   84                   23   26216.847580978298     
                   84                   83   60118.211406088718     
                   84                   84  -138600.04178307013     
                   84                   85   60349.986916524438     
                   85                   84   60341.767569939875     
                   85                   85  -130583.92730551364     
                   85                   86   60807.461516058553     
                   86                   85   60800.206516853352     
                   86                   86  -131476.61243183890     
                   86                   87   61182.995202927734     
                   87                   86   61176.297162293449     
                   87                   87  -132222.38088722856     
                   87                   88   61503.416665242657     
                   88                   87   61497.194780303864     
                   88                   88  -132861.44789365178     
                   88                   89   61779.318797735410     
                   89                   88   61773.554711955905     
                   89                   89  -133412.40018422174     
                   89                   90   62017.449882965266     
                   90                   89   62012.125984041995     
                   90                   90  -133888.30561793706     
                   90                   91   62223.276191426390     
                   91                   90   62218.368089780975     
                   91                   91  -134299.96812233346     
                   91                   92   62401.431998363769     
                   92                   91   62396.911308985611     
                   92                   92  -134656.53076775110     
                   92                   93   62555.828040447712     
                   93                   92   62551.665466723665     
                   93                   93  -134965.68438076723     
                   93                   94   62689.738643677716     
                   94                   93   62685.905823241366     
                   94                   94  -135233.86261161370     
                   94                   95   62805.898223956523     
                   95                   94   62802.368564138756     
                   95                   95  -135466.44522005299     
                   95                   96   62906.595723489823     
                   96                   95   62903.344650119310     
                   96                   96  -135667.94741038975     
                   96                   97   62993.757638775947     
                   97                   96   62990.762567381644     
                   97                   97  -135842.18159465384     
                   97                   98   63069.016392492704     
                   98                   97   63066.256599143111     
                   98                   98  -135992.38856792980     
                   98                   99   63133.764611410836     
                   99                   98   63131.221088408631     
                   99                   99  -136121.34093620873     
                   99                  100   63189.197492020336     
                  100                   99   63186.852820806824     
                  100                  100  -136231.42376725981     
                  100                  101   63236.345767339924     
                  101                  100   63234.184015077342     
                  101                  101  -136324.69753949245     
                  101                  102   63276.101527841085     
                  102                  101   63274.108163870515     
                  102                  102  -136402.94771999016     
                  102                  103   63309.238699892878     
                  103                  102   63307.400525770921     
                  103                  103  -136467.72435418956     
                  103                  104   63336.429540804922     
                  104                  103   63334.734628328275     
                  104                  104  -136520.37418470555     
                  104                  105   63358.258142698891     
                  105                  104   63356.695775926688     
                  105                  105  -136562.06712817505     
                  105                  106   63375.231660083940     
                  106                  105   63373.792278892135     
                  106                  106  -136593.81842771784     
                  106                  107   63387.789775789657     
                  107                  106   63386.464919646074     
                  107                  107  -136616.50743255179     
                  107                  108   63396.312778497035     
                  108                  107   63395.095029926728     
                  108                  108  -136630.89369805524     
                  108                  109   63401.128525611966     
                  109                  108   63400.011453316220     
                  109                  109  -136637.63091738164     
                  109                  110   63402.518494785523     
                  110                  109   63401.496596678779     
                  110                  110  -136637.27906602155     
                  110                  111   63400.723076824099     
                  111                  110   63399.791723431590     
                  111                  111  -136630.31504708255     
                  111                  112   63395.946225942287     
                  112                  111   63395.101604702504     
                  112                  112  -136617.14205662272     
                  112                  113   63388.359556239804     
                  113                  112   63387.598617303956     
                  113                  113  -136598.09783808709     
                  113                  114   63378.105953430255     
                  114                  113   63377.426357554767     
                  114                  114  -136573.46195823862     
                  114                  115   63365.302756509373     
                  115                  114   63364.702825593864     
                  115                  115  -136543.46221109235     
                  115                  116   63350.044554263739     
                  116                  115   63349.523224989913     
                  116                  116  -136508.28023936486     
                  116                  117   63332.405635495124     
                  117                  116   63331.962416366012     
                  117                  117  -136468.05645312753     
                  117                  118   63312.442128748364     
                  118                  117   63312.077060625918     
                  118                  118  -136422.89432036597     
                  118                  119   63290.193865789661     
                  119                  118   63289.907485830270     
                  119                  119  -136372.86409988551     
                  119                  120   63265.686000587688     
                  120                  119   63265.479309395567     
                  120                  120  -136318.00607646021     
                  120                  121   63238.930407959495     
                  121                  120   63238.804840018682     
                  121                  121  -136258.33333067689     
