 #              _____________________  _______________________             #
 #              ___  __ \__  __ \_  / / /_  /___  ____/_  ___/             #
 #              __  / / /_  /_/ /  / / /_  __/_  __/  _____ \              #
 #              _  /_/ /_  _, _// /_/ / / /_ _  /___  ____/ /              #
 #              /_____/ /_/ |_| \____/  \__/ /_____/  /____/               #
 #                                                                         #
  
 #        time                      T            heat flux [W.L-2]   in    x              directions   cumulative flux
 #-----------------------------------------------------------------------------------------------

   0.0000000000000000        10.000000000000000       -0.0000000000000000        0.0000000000000000     
   1.0000000000000000        10.000000000000000       -0.0000000000000000        0.0000000000000000     
   1.9540000000000002        10.000000000000004       -0.0000000000000000        0.0000000000000000     
   2.8641160000000001        10.000000000000004       -0.0000000000000000        0.0000000000000000     
   3.8288389600000006        10.000000000000002       -0.0000000000000000        0.0000000000000000     
   4.8514452976000007        10.000000000000002       -0.0000000000000000        0.0000000000000000     
   5.9354080154560007        10.000000000000002       -0.0000000000000000        0.0000000000000000     
   7.0844084963833609        10.000000000000002       -0.0000000000000000        0.0000000000000000     
   8.3023490061663630        10.000000000000000       -0.0000000000000000        0.0000000000000000     
   9.5933659465363448        10.000000000000002       -0.0000000000000000        0.0000000000000000     
   10.961843903328527        10.000000000000000       -0.0000000000000000        0.0000000000000000     
   12.412430537528239        10.000000000000002       -0.0000000000000000        0.0000000000000000     
   13.950052369779934        10.000000000000002       -0.0000000000000000        0.0000000000000000     
   15.579931511966731        10.000000000000002        5.6488147492927924E-013   5.6488147492927924E-013
   17.307603402684734        10.000000000000002       -0.0000000000000000        5.6488147492927924E-013
   19.138935606845820        10.000000000000002       -0.0000000000000000        5.6488147492927924E-013
   21.080147743256571        10.000000000000002       -0.0000000000000000        5.6488147492927924E-013
   23.137832607851966        10.000000000000002       -0.0000000000000000        5.6488147492927924E-013
   25.318978564323086        10.000000000000002       -0.0000000000000000        5.6488147492927924E-013
   27.630993278182473        10.000000000000004       -0.0000000000000000        5.6488147492927924E-013
   30.081728874873424        10.000000000000004        5.6488147492927914E-013   1.1297629498585585E-012
   32.679508607365833        10.000000000000004       -0.0000000000000000        1.1297629498585585E-012
   35.433155123807786        10.000000000000004       -0.0000000000000000        1.1297629498585585E-012
   38.352020431236255        10.000000000000004        5.6488147492927914E-013   1.6946444247878377E-012
   41.446017657110431        10.000000000000004       -0.0000000000000000        1.6946444247878377E-012
   44.725654716537058        10.000000000000005       -0.0000000000000000        1.6946444247878377E-012
   48.202069999529286        10.000000000000005       -0.0000000000000000        1.6946444247878377E-012
   51.887070199501046        10.000000000000005       -0.0000000000000000        1.6946444247878377E-012
   55.793170411471110        10.000000000000005       -0.0000000000000000        1.6946444247878377E-012
   59.933636636159378        10.000000000000005       -0.0000000000000000        1.6946444247878377E-012
   64.322530834328944        10.000000000000007       -0.0000000000000000        1.6946444247878377E-012
   68.974758684388689        10.000000000000009       -5.6488147492927914E-013   2.2595258997171170E-012
   73.906120205452012        10.000000000000007       -0.0000000000000000        2.2595258997171170E-012
   79.133363417779137        10.000000000000007       -0.0000000000000000        2.2595258997171170E-012
   84.674241222845893        10.000000000000007       -0.0000000000000000        2.2595258997171170E-012
   90.547571696216650        10.000000000000007       -0.0000000000000000        2.2595258997171170E-012
   96.773301997989648        10.000000000000005       -0.0000000000000000        2.2595258997171170E-012
   99.476364677492242        10.000000000000005       -0.0000000000000000        2.2595258997171170E-012
   102.34161111776500        10.000000000000009       -5.6488147492927914E-013   2.8244073746463962E-012
   105.37877234445412        10.000000000000007       -0.0000000000000000        2.8244073746463962E-012
   108.59816324474458        10.000000000000007       -0.0000000000000000        2.8244073746463962E-012
   112.01071759905247        10.000000000000005       -0.0000000000000000        2.8244073746463962E-012
   115.62802521461883        10.000000000000007       -5.6488147492927914E-013   3.3892888495756755E-012
   119.46237128711918        10.000000000000007       -0.0000000000000000        3.3892888495756755E-012
   123.52677812396955        10.000000000000007       -0.0000000000000000        3.3892888495756755E-012
   127.83504937103093        10.000000000000007        5.6488147492927914E-013   3.9541703245049543E-012
   132.40181689291600        10.000000000000007        5.6488147492927914E-013   4.5190517994342331E-012
   137.24259046611419        10.000000000000009       -0.0000000000000000        4.5190517994342331E-012
   142.37381045370427        10.000000000000009       -0.0000000000000000        4.5190517994342331E-012
   147.81290364054973        10.000000000000009       -0.0000000000000000        4.5190517994342331E-012
   153.57834241860593        10.000000000000007       -0.0000000000000000        4.5190517994342331E-012
   159.68970752334550        10.000000000000005       -0.0000000000000000        4.5190517994342331E-012
   166.16775453436946        10.000000000000004       -0.0000000000000000        4.5190517994342331E-012
   173.03448436605484        10.000000000000002       -0.0000000000000000        4.5190517994342331E-012
   180.31321798764137        10.000000000000000       -0.0000000000000000        4.5190517994342331E-012
   188.02867562652307        10.000000000000002       -5.6488147492927914E-013   5.0839332743635120E-012
   196.20706072373767        10.000000000000000       -0.0000000000000000        5.0839332743635120E-012
   204.87614892678516        10.000000000000000       -0.0000000000000000        5.0839332743635120E-012
   214.06538242201549        10.000000000000002       -0.0000000000000000        5.0839332743635120E-012
   223.80596992695965        10.000000000000002       -5.6488147492927914E-013   5.6488147492927908E-012
   234.13099268220046        10.000000000000000       -0.0000000000000000        5.6488147492927908E-012
   245.07551680275571        10.000000000000002       -1.6946444247878371E-012   7.3434591740806273E-012
   256.67671237054429        9.9999999999999982       -4.5190517994342331E-012   1.1862510973514860E-011
   268.97397967240016        9.9999999999999840       -1.2427392448444141E-011   2.4289903421958999E-011
   282.00908301236740        9.9999999999999520       -3.5022651445615306E-011   5.9312554867574311E-011
   295.82629255273270        9.9999999999998597       -9.7159613687836009E-011   1.5647216855541031E-010
   310.47253466551990        9.9999999999995950       -2.6323476731704406E-010   4.1970693587245436E-010
   325.99755130507430        9.9999999999988614       -7.0214767333709398E-010   1.1218546092095483E-009
   342.45406894300197        9.9999999999968630       -1.8449028971190265E-009   2.9667575063285751E-009
   359.89797763920529        9.9999999999915055       -4.7608210707039714E-009   7.7275785770325456E-009
   378.38852085718082        9.9999999999773976       -1.2052311149091140E-008   1.9779889726123686E-008
   397.98849666823492        9.9999999999409948       -2.9908779453080795E-008   4.9688669179204477E-008
   418.76447102795225        9.9999999998490718       -7.2704199993724172E-008   1.2239286917292866E-007
   440.78700384925264        9.9999999996220232       -1.7300907373397272E-007   2.9540194290690136E-007
   462.80953667055303        9.9999999991354862       -3.7799608776371129E-007   6.7339803067061264E-007
   486.15342146113142        9.9999999980449967       -8.1571088017555283E-007   1.4891089108461654E-006
   510.89793933914450        9.9999999956374559       -1.7355604846620242E-006   3.2246693955081896E-006
   537.12712828983842        9.9999999904093642       -3.6354387766860239E-006   6.8601081721942130E-006
   563.35631724053235        9.9999999803939641       -7.1111878199391983E-006   1.3971295992133410E-005
   591.15925752826786        9.9999999602851197       -1.3767977073116534E-005   2.7739273065249943E-005
   620.63037423326750        9.9999999204285075       -2.6340950210462775E-005   5.4080223275712722E-005
   650.10149093826715        9.9999998499543068       -4.7598036062177550E-005   1.0167825933789027E-004
   679.57260764326679        9.9999997310743716       -8.1976331728785882E-005   1.8365459106667615E-004
   710.81199135056647        9.9999995198373117       -1.4046144821275606E-004   3.2411603927943219E-004
   743.92573808030409        9.9999991474196630       -2.3905718888491738E-004   5.6317322816434954E-004
   779.02630961382602        9.9999984968578701       -4.0355996499204548E-004   9.6673319315639496E-004
   816.23291543935920        9.9999973721981767       -6.7489902243160124E-004   1.6416322155879963E-003
   855.67191761442439        9.9999954500923280       -1.1169426941833288E-003   2.7585749097713249E-003
   895.11091978948957        9.9999924785476182       -1.7702864703844942E-003   4.5288613801558186E-003
   936.91626209505864        9.9999876526951592       -2.7835637851180827E-003   7.3124251652739013E-003
   981.22992493896186        9.9999798931163362       -4.3379181640252991E-003   1.1650343329299200E-002
   1028.2024075534994        9.9999675499672911       -6.6945621224083780E-003   1.8344905451707576E-002
   1077.9932391249090        9.9999481390741085       -1.0223954900410802E-002   2.8568860352118378E-002
   1127.7840706963186        9.9999203435920609       -1.5050558176341272E-002   4.3619418528459651E-002
   1177.5749022677282        9.9998817335784729       -2.1468612226920921E-002   6.5088030755380569E-002
   1227.3657338391379        9.9998294996197128       -2.9797100765006426E-002   9.4885131520386995E-002
   1269.5883590116932        9.9997734988111517       -3.8438927034815239E-002  0.13332405855520224     
   1314.3443416946020        9.9996984671009042       -4.9629543353719878E-002  0.18295360190892213     
   1359.1003243775108        9.9996050117893169       -6.3114471561294100E-002  0.24606807347021623     
   1406.5416660213941        9.9994816888887783       -8.0307271279289591E-002  0.32637534474950580     
   1456.8294881639104        9.9993191411949898      -0.10217375100041874       0.42854909574992456     
   1510.1345796349776        9.9991052735751751      -0.12989999012972808       0.55844908587965270     
   1566.6379765943088        9.9988245517096459      -0.16492993684753129       0.72337902272718402     
   1626.5315773712000        9.9984571622066589      -0.20900511591331000       0.93238413864049408     
   1690.0187941947047        9.9979780211955998      -0.26420512719330014        1.1965892658337942     
   1757.3152440276197        9.9973556221712485      -0.33298715973188114        1.5295764255656754     
   1828.6494808505095        9.9965507193119478      -0.41822228798326450        1.9477987135489399     
   1904.2637718827727        9.9955148498561073      -0.52322589597243740        2.4710246095213773     
   1984.4149203769718        9.9941887084187329      -0.65177922984955372        3.1228038393709312     
   2069.3751377808230        9.9925003972875750      -0.80813884130314129        3.9309426806740726     
   2159.4329682289049        9.9903635895246445      -0.99703059303916297        4.9279732737132358     
   2254.8942685038719        9.9876756555632795       -1.2236250248747480        6.1515982985879836     
   2350.3555687788389        9.9845348639455782       -1.4766448947094981        7.6282431932974815     
   2445.8168690538059        9.9809143701499323       -1.7558752788611898        9.3841184721586721     
   2547.0058473452709        9.9765097608955600       -2.0807542077174848        11.464872679876157     
   2654.2661643342240        9.9711759223578547       -2.4566108753425069        13.921483555218664     
   2767.9621003425141        9.9647480667601425       -2.8888994621864881        16.810383017405151     
   2888.4797925113016        9.9570408098255978       -3.3830929154433194        20.193475932848472     
   3016.2285462102163        9.9478475988091599       -3.9445600804070313        24.138036013255501     
   3151.6422251310660        9.9369405721405268       -4.5784285851886004        28.716464598444102     
   3295.1807247871666        9.9240709266461327       -5.2894372983672620        34.005901896811366     
   3447.3315344226330        9.9089698551869780       -6.0817839682145367        40.087685865025904     
   3599.4823440580994        9.8924316305551017       -6.9076293924535923        46.995315257479497     
   3751.6331536935659        9.8744879335453959       -7.7619728147867981        54.757288072266292     
   3903.7839633290323        9.8551783074064581       -8.6400574457330865        63.397345517999376     
   4065.0638215426270        9.8332302941562251       -9.5922033724967584        72.989548890496138     
   4236.0204712490377        9.8083756253013359       -10.619688885157421        83.609237775653554     
   4417.2345199378324        9.7803369887320954       -11.723026396014150        95.332264171667703     
   4609.3214115479550        9.7488310110920100       -12.901892870465099        108.23415704213281     
   4801.4083031580776        9.7156598339545770       -14.084251726701002        122.31840876883381     
   5001.4083031580776        9.6794532214352653       -15.313392475515379        137.63180124434919     
   5201.4083031580776        9.6417131214658891       -16.535702500284870        154.16750374463408     
   5381.4083031580776        9.6066021956062499       -17.627162677188878        171.79466642182297     
   5572.2083031580778        9.5682113688659012       -18.771317608314696        190.56598403013766     
   5772.2083031580778        9.5268062642019569       -19.953623412344207        210.51960744248186     
   5972.2083031580778        9.4843589353945674       -21.116515725243374        231.63612316772523     
   6172.2083031580778        9.4409846726192157       -22.258113292682914        253.89423646040814     
   6372.2083031580778        9.3967927807956855       -23.376986171339361        277.27122263174749     
   6572.2083031580778        9.3518864744690777       -24.472082817759055        301.74330544950652     
   6732.2083031580778        9.3155545905810317       -25.332533990342803        327.07583943984935     
   6901.8083031580782        9.2766426728773297       -26.226704352493858        353.30254379234322     
   7071.4083031580785        9.2373847423381310       -27.102726910598928        380.40527070294212     
   7241.0083031580789        9.1978321388280122       -27.960455059627616        408.36572576256975     
   7420.7843031580787        9.1556330957851593       -28.849014598187754        437.21474036075750     
   7611.3468631580790        9.1106598685974571       -29.767721492941739        466.98246185369925     
   7811.3468631580790        9.0632626605472879       -30.706560006031314        497.68902185973059     
   8011.3468631580790        9.0157339915793386       -31.620318821714569        529.30934068144518     
   8211.3468631580799        8.9681343651566401       -32.509400108808471        561.81874079025363     
   8411.3468631580799        8.9205197851989020       -33.374283594090635        595.19302438434431     
   8611.3468631580799        8.8729420737703517       -34.215497213983440        629.40852159832775     
   8811.3468631580799        8.8254490833507528       -35.033612760010520        664.44213435833831     
   9011.3468631580799        8.7780848211561580       -35.829249849758590        700.27138420809695     
   9211.3468631580799        8.7308896183353149       -36.603062372912341        736.87444658100924     
   9411.3468631580799        8.6839004754312636       -37.355706677534059        774.23015325854328     
   9611.3468631580799        8.6371514184167246       -38.087819443429900        812.31797270197319     
   9811.3468631580799        8.5906737544340714       -38.800019435791974        851.11799213776521     
   10011.346863158080        8.5444961451525447       -39.492927416012144        890.61091955377731     
   10211.346863158080        8.4986446010015797       -40.167182241885570        930.77810179566291     
   10411.346863158080        8.4531425465982810       -40.823436400216856        971.60153819587981     
   10611.346863158080        8.4080110659447733       -41.462328393681283        1013.0638665895611     
   10811.346863158080        8.3632692300179183       -42.084458798699771        1055.1483253882609     
   11011.346863158080        8.3189343075603297       -42.690394095230808        1097.8387194834918     
   11211.346863158080        8.2750218353893796       -43.280683743981776        1141.1194032274736     
   11411.346863158080        8.2315456779822096       -43.855865826016981        1184.9752690534906     
   11611.346863158080        8.1885182212613330       -44.416449236645200        1229.3917182901357     
   11811.346863158080        8.1459507074681152       -44.962885477314707        1274.3546037674505     
   12011.346863158080        8.1038534996961715       -45.495565331605597        1319.8501690990561     
   12211.346863158080        8.0622360697857811       -46.014853985793167        1365.8650230848493     
   12411.346863158080        8.0211067407449352       -46.521138803206370        1412.3861618880558     
   12611.346863158080        7.9804724282919031       -47.014851237029056        1459.4010131250848     
   12811.346863158080        7.9403385620286446       -47.496455880074038        1506.8974690051589     
   13011.346863158080        7.9007091881004978       -47.966425230622797        1554.8638942357816     
   13211.346863158080        7.8615872143397940       -48.425209985720350        1603.2891042215019     
   13411.346863158080        7.8229746737113119       -48.873222196063715        1652.1623264175657     
   13611.346863158080        7.7848728193431249       -49.310849070045577        1701.4731754876113     
   13811.346863158080        7.7472820804415266       -49.738474699544540        1751.2116501871558     
   14011.346863158080        7.7102020579243984       -50.156481869188497        1801.3681320563442     
   14211.346863158080        7.6736316579351573       -50.565233981520478        1851.9333660378647     
   14411.346863158080        7.6375693772028574       -50.965045721127161        1902.8984117589919     
   14611.346863158080        7.6020135957495008       -51.356167971014308        1954.2545797300061     
   14811.346863158080        7.5669627194327882       -51.738799240071486        2005.9933789700776     
   15011.346863158080        7.5324151147865974       -52.113116762905051        2058.1064957329827     
   15211.346863158080        7.4983689584725868       -52.479300585457700        2110.5857963184403     
   15411.346863158080        7.4648221667412704       -52.837534234080820        2163.4233305525213     
   15611.346863158080        7.4317723874994712       -53.188000105485614        2216.6113306580069     
   15811.346863158080        7.3992169165844883       -53.530891533335044        2270.1422221913417     
   16011.346863158080        7.3671525000111862       -53.866435726538974        2324.0086579178806     
   16211.346863158080        7.3355751928339270       -54.194896653065271        2378.2035545709459     
   16411.346863158080        7.3044805183481980       -54.516535016042326        2432.7200895869883     
   16611.346863158080        7.2738638637028572       -54.831559036348651        2487.5516486233369     
   16811.346863158080        7.2437207573308093       -55.140118684935608        2542.6917673082726     
   17011.346863158080        7.2140467966847197       -55.442347844521812        2598.1341151527945     
   17211.346863158080        7.1848373241437020       -55.738414236339679        2653.8725293891343     
   17411.346863158080        7.1560870089071562       -56.028556613235402        2709.9010860023695     
   17611.346863158080        7.1277896107395025       -56.313080084348961        2766.2141660867187     
   17811.346863158080        7.0999381580096372       -56.592300468552651        2822.8064665552715     
   18011.346863158080        7.0725254557550770       -56.866476096282838        2879.6729426515544     
   18211.346863158080        7.0455446894188665       -57.135760738887484        2936.8087033904421     
   18411.346863158080        7.0189898523039851       -57.400199679000416        2994.2089030694424     
   18611.346863158080        6.9928558615677900       -57.659762740296387        3051.8686658097386     
   18811.346863158080        6.9671383415791910       -57.914400440437916        3109.7830662501765     
   19011.346863158080        6.9418331274272376       -58.164108909469263        3167.9471751596457     
   19211.346863158080        6.9169356397916317       -58.408982539711481        3226.3561576993570     
   19411.346863158080        6.8924403951664290       -58.649226889853651        3285.0053845892107     
   19611.346863158080        6.8683410758063470       -58.885092574104149        3343.8904771633147     
   19811.346863158080        6.8446311715811126       -59.116771186939893        3403.0072483502545     
   20011.346863158080        6.8213046288833610       -59.344348838588168        3462.3515971888428     
   20211.346863158080        6.7983559670079607       -59.567852874867683        3521.9194500637104     
   20411.346863158080        6.7757798515643888       -59.787339057388003        3581.7067891210986     
   20611.346863158080        6.7535703655631405       -60.002971434155974        3641.7097605552544     
   20811.346863158080        6.7317204178060388       -60.215044416088396        3701.9248049713428     
   21011.346863158080        6.7102217181807653       -60.423921776442405        3762.3487267477853     
   21211.346863158080        6.6890654284754651       -60.629921127163335        3822.9786478749488     
   21411.346863158080        6.6682433060279038       -60.833190720595169        3883.8118385955440     
   21611.346863158080        6.6477488005060863       -61.033650693647715        3944.8454892891918     
   21811.346863158080        6.6275775227103555       -61.231039470695002        4006.0765287598870     
   22011.346863158080        6.6077268664936639       -61.425039215352690        4067.5015679752396     
   22211.346863158080        6.5881950915955105       -61.615401974543886        4129.1169699497832     
   22411.346863158080        6.5689803236868514       -61.802025651244982        4190.9189956010277     
   22611.346863158080        6.5500797366696517       -61.984979911070596        4252.9039755120984     
   22811.346863158080        6.5314889733950885       -62.164502903717164        4315.0684784158157     
   23011.346863158080        6.5132020573511307       -62.340941628604348        4377.4094200444197     
   23211.346863158080        6.4952119470681815       -62.514639780534878        4439.9240598249544     
   23411.346863158080        6.4775115484159844       -62.685821111302701        4502.6098809362575     
   23611.346863158080        6.4600946811665754       -62.854533938128498        4565.4644148743864     
   23811.346863158080        6.4429564492928515       -63.020695680412402        4628.4851105547987     
   24011.346863158080        6.4260928392326928       -63.184207727787040        4691.6693182825857     
   24211.346863158080        6.4094998593613619       -63.345065944155174        4755.0143842267407     
   24411.346863158080        6.3931725288776580       -63.503439867274885        4818.5178240940159     
   24611.346863158080        6.3771042259441675       -63.659670583955524        4882.1774946779715     
   24811.346863158080        6.3612867854984536       -63.814177668417315        4945.9916723463884     
   25011.346863158080        6.3457115852915322       -63.967283277921759        5009.9589556243100     
   25211.346863158080        6.3303711881027649       -64.119051121040386        5074.0780067453506     
   25411.346863158080        6.3152606464375269       -64.269246457011647        5138.3472532023625     
   25611.346863158080        6.3003777956089966       -64.417437763919665        5202.7646909662817     
   25811.346863158080        6.2857225005520183       -64.563171446825322        5267.3278624131071     
   26011.346863158080        6.2712953273025782       -64.706128702399226        5332.0339911155061     
   26211.346863158080        6.2570963119235898       -64.846195615146897        5396.8801867306529     
   26411.346863158080        6.2431241948905667       -64.983452654695228        5461.8636393853485     
   26611.346863158080        6.2293760643158933       -65.118135062933106        5526.9817744482816     
   26811.346863158080        6.2158471758312439       -65.250604112557554        5592.2323785608396     
   27011.346863158080        6.2025312198716147       -65.381271363115616        5657.6136499239556     
   27211.346863158080        6.1894210646302623       -65.510495649137212        5723.1241455730924     
   27411.346863158080        6.1765098045816780       -65.638485524604164        5788.7626310976966     
   27611.346863158080        6.1637918016078697       -65.765242231589667        5854.5278733292862     
   27811.346863158080        6.1512632387891681       -65.890587250003662        5920.4184605792898     
   28011.346863158080        6.1389218499333555       -66.014277570154277        5986.4327381494440     
   28211.346863158080        6.1267659576877076       -66.136148637900504        6052.5688867873441     
   28411.346863158080        6.1147930544081763       -66.256251505223531        6118.8251382925673     
   28611.346863158080        6.1029986630481066       -66.374889496639582        6185.2000277892066     
   28811.346863158080        6.0913761473582859       -66.492520121077277        6251.6925479102838     
   29011.346863158080        6.0799177390554870       -66.609552902185044        6318.3021008124688     
   29211.346863158080        6.0686162410456967       -66.726164771873798        6385.0282655843430     
   29411.346863158080        6.0574665541006008       -66.842225848363853        6451.8704914327072     
   29611.346863158080        6.0464664067302492       -66.957351859909139        6518.8278432926163     
   29811.346863158080        6.0356161304847848       -67.071039118008073        6585.8988824106245     
   30011.346863158080        6.0249177104764220       -67.182818098626768        6653.0817005092513     
   30211.346863158080        6.0143735219226651       -67.292373746858104        6720.3740742561095     
   30411.346863158080        6.0039851504856543       -67.399606464228839        6787.7736807203382     
   30611.346863158080        5.9937526662305505       -67.504617193031777        6855.2782979133699     
   30811.346863158080        5.9836744378086042       -67.607644018514421        6922.8859419318842     
   31011.346863158080        5.9737472167405308       -67.709008165229079        6990.5949500971128     
   31211.346863158080        5.9639661560209554       -67.809102053991339        7058.4040521511042     
   31411.346863158080        5.9543252473781560       -67.908314928774274        7126.3123670798786     
   31611.346863158080        5.9448181918152025       -68.006933344456499        7194.3193004243349     
   31811.346863158080        5.9354391743496659       -68.105103572199681        7262.4244039965342     
   32011.346863158080        5.9261834629776899       -68.202822887192283        7330.6272268837265     
   32211.346863158080        5.9170479359358259       -68.299930588535346        7398.9271574722616     
   32411.346863158080        5.9080312906101193       -68.396141813073399        7467.3232992853345     
   32611.346863158080        5.8991335838606540       -68.491154367751662        7535.8144536530863     
   32811.346863158076        5.8903551570566748       -68.584784403798409        7604.3992380568843     
   33011.346863158076        5.8816950496428140       -68.677112415165496        7673.0763504720499     
   33211.346863158076        5.8731498415148717       -68.768502372782351        7741.8448528448325     
   33411.346863158076        5.8647135963530452       -68.859476140877945        7810.7043289857102     
   33611.346863158076        5.8563787668241751       -68.950538363130178        7879.6548673488405     
   33811.346863158076        5.8481379043320123       -69.041979323860716        7948.6968466727012     
   34011.346863158076        5.8399854559270956       -69.133757600939148        8017.8306042736403     
   34211.346863158076        5.8319188750036890       -69.225517508789594        8087.0561217824297     
   34411.346863158076        5.8239387781798193       -69.316703362226519        8156.3728251446564     
   34611.346863158076        5.8160482965938982       -69.406708703689688        8225.7795338483465     
   34811.346863158076        5.8082519329814080       -69.495014671930008        8295.2745485202759     
   35011.346863158076        5.8005542657099767       -69.581289135779485        8364.8558376560559     
   35211.346863158076        5.7929587988166489       -69.665433127083318        8434.5212707831397     
   35411.346863158076        5.7854671613784223       -69.747575543001176        8504.2688463261402     
   35611.346863158076        5.7780789040467271       -69.828003314542940        8574.0968496406840     
   35811.346863158076        5.7707917796552648       -69.907073093746121        8644.0039227344296     
   36011.346863158076        5.7636020241393426       -69.985175101839744        8713.9890978362691     
   36211.346863158076        5.7565050120224743       -70.062650764783641        8784.0517486010522     
   36411.346863158076        5.7494962002531116       -70.139706111721097        8854.1914547127726     
   36611.346863158076        5.7425716648796072       -70.216422380982323        8924.4078770937558     
   36811.346863158076        5.7357279831620280       -70.292838765136850        8994.7007158588931     
   37011.346863158076        5.7289618010891807       -70.369023325185040        9065.0697391840786     
   37211.346863158076        5.7222698786176602       -70.445033758694450        9135.5147729427736     
   37411.346863158076        5.7156497846711698       -70.520813938672575        9206.0355868814459     
   37611.346863158076        5.7090991232806036       -70.596339395908558        9276.6319262773541     
   37811.346863158076        5.7026187002792339       -70.671245634806510        9347.3031719121609     
   38011.346863158076        5.6962086955945237       -70.745403703533313        9418.0485756156941     
   38211.346863158076        5.6898683554396001       -70.818874011185244        9488.8674496268795     
   38411.346863158076        5.6835959309221256       -70.891849338883745        9559.7592989657642     
   38611.346863158076        5.6773843998230733       -70.965072950311736        9630.7243719160761     
   38811.346863158076        5.6712242634938059       -71.039301204056144        9701.7636731201328     
   39011.346863158076        5.6651082377425315       -71.114759762059776        9772.8784328821930     
   39211.346863158076        5.6590313272519088       -71.191308959247920        9844.0697418414402     
   39411.346863158076        5.6529875467450141       -71.268967049742258        9915.3387088911823     
   39611.346863158076        5.6469778148429413       -71.347036565626880        9986.6857454568089     
   39811.346863158076        5.6410065615619009       -71.424691883409778        10058.110437340220     
   40011.346863158076        5.6350777584914482       -71.501443965775891        10129.611881305995     
   40211.346863158076        5.6291978162189071       -71.576717972952366        10201.188599278947     
   40411.346863158076        5.6233735935726932       -71.650070868320427        10272.838670147266     
   40611.346863158076        5.6176113767085223       -71.721253246348880        10344.559923393615     
   40811.346863158076        5.6119159304899515       -71.790243595193374        10416.350166988808     
   41011.346863158076        5.6062898300870767       -71.857240220560641        10488.207407209369     
   41211.346863158076        5.6007334155980741       -71.922580609666284        10560.129987819035     
   41411.346863158076        5.5952452444951568       -71.986643132630917        10632.116630951667     
   41611.346863158076        5.5898206100011860       -72.050007319696419        10704.166638271363     
   41811.346863158076        5.5844583404198866       -72.112744800024657        10776.279383071387     
   42011.346863158076        5.5791502615425168       -72.175570430576329        10848.454953501963     
   42211.346863158076        5.5738932251468754       -72.238482842221444        10920.693436344185     
   42411.346863158076        5.5686837930682778       -72.301496661507045        10992.994933005692     
   42611.346863158076        5.5635192332677219       -72.364597047158796        11065.359530052850     
   42811.346863158076        5.5583968579860361       -72.427828041860607        11137.787358094711     
   43011.346863158076        5.5533135793890320       -72.491305863152220        11210.278663957863     
   43211.346863158076        5.5482663030976198       -72.555113391743802        11282.833777349606     
   43411.346863158076        5.5432530798313113       -72.619152445858830        11355.452929795465     
   43611.346863158076        5.5382740308662282       -72.683109437192158        11428.136039232657     
   43811.346863158076        5.5333311822830860       -72.746582485574024        11500.882621718230     
   44011.346863158076        5.5284272248861672       -72.809278142262215        11573.691899860492     
   44211.346863158076        5.5235639030899382       -72.871154598521457        11646.563054459013     
   44411.346863158076        5.5187400628005943       -72.932561596733450        11719.495616055747     
   44611.346863158076        5.5139509830288524       -72.994137088776810        11792.489753144524     
   44811.346863158076        5.5091895444307628       -73.056525771150760        11865.546278915675     
   45011.346863158076        5.5044481550060711       -73.120158706884922        11938.666437622560     
   45211.346863158076        5.4997210868836994       -73.185069459670885        12011.851507082230     
   45411.346863158076        5.4950060122399496       -73.250895906145786        12085.102402988376     
   45611.346863158076        5.4903038924822045       -73.317081118408453        12158.419484106784     
   45811.346863158076        5.4856179779389711       -73.383061349238091        12231.802545456021     
   46011.346863158076        5.4809529728657207       -73.448326719957691        12305.250872175979     
   46211.346863158076        5.4763146054624121       -73.512412434270900        12378.763284610250     
   46411.346863158076        5.4717092784220718       -73.574904769063835        12452.338189379314     
   46611.346863158076        5.4671435191597899       -73.635484470688155        12525.973673850001     
   46811.346863158076        5.4626232265610017       -73.693982738330732        12599.667656588332     
   47011.346863158076        5.4581528950891247       -73.750418457524219        12673.418075045856     
   47211.346863158076        5.4537350167647478       -73.805000949068415        12747.223075994925     
   47411.346863158076        5.4493697825008294       -73.858099696331919        12821.081175691257     
   47611.346863158076        5.4450551042258128       -73.910192565147312        12894.991368256404     
   47811.346863158076        5.4407872790532483       -73.961749341975477        12968.953117598379     
   48011.346863158076        5.4365618851925266       -74.013144710020867        13042.966262308400     
   48211.346863158076        5.4323741147123812       -74.064690763446492        13117.030953071848     
   48411.346863158076        5.4282184061657315       -74.116735302675139        13191.147688374524     
   48611.346863158076        5.4240893671913089       -74.169498142318091        13265.317186516842     
   48811.346863158076        5.4199832438500462       -74.222930944807288        13339.540117461649     
   49011.346863158076        5.4158983076903562       -74.276805536579403        13413.816922998229     
   49211.346863158076        5.4118340171944777       -74.330905598675088        13488.147828596904     
   49411.346863158076        5.4077898436712628       -74.385150713577602        13562.532979310481     
   49611.346863158076        5.4037645136712094       -74.439605853185085        13636.972585163667     
   49811.346863158076        5.3997561572796702       -74.494375400101120        13711.466960563768     
   50011.346863158076        5.3957635851437749       -74.549404839691434        13786.016365403460     
   50211.346863158076        5.3917876907926612       -74.604376480135144        13860.620741883595     
   50411.346863158076        5.3878316950461214       -74.658814088053632        13935.279555971649     
   50611.346863158076        5.3838999526939366       -74.712314196502149        14009.991870168151     
   50811.346863158076        5.3799960553915760       -74.764744813354341        14084.756614981505     
   51011.346863158076        5.3761212078358076       -74.816313976012680        14159.572928957517     
   51211.346863158076        5.3722724281007146       -74.867666880850521        14234.440595838369     
   51411.346863158076        5.3684426316676364       -74.919671281088270        14309.360267119457     
   51611.346863158076        5.3646228234871973       -74.973043884479750        14384.333311003937     
   51811.346863158076        5.3608046199912174       -75.028139431235118        14459.361450435172     
   52011.346863158076        5.3569817316559538       -75.084968761994574        14534.446419197166     
   52211.346863158076        5.3531514894087167       -75.143142273439324        14609.589561470604     
   52411.346863158076        5.3493154601481221       -75.201956698348738        14684.791518168953     
   52611.346863158076        5.3454783218102087       -75.260667755029132        14760.052185923982     
   52811.346863158076        5.3416461872156384       -75.318678661512905        14835.370864585495     
   53011.346863158076        5.3378256364970706       -75.375541061861853        14910.746405647356     
   53211.346863158076        5.3340234937290534       -75.430883678564555        14986.177289325920     
   53411.346863158076        5.3302467472730157       -75.484383553133128        15061.661672879054     
   53611.346863158076        5.3265022010708840       -75.535798654994565        15137.197471534049     
   53811.346863158076        5.3227958457136939       -75.585023423696200        15212.782494957746     
   54011.346863158076        5.3191321601235293       -75.632127582136903        15288.414622539884     
   54211.346863158076        5.3155135651843928       -75.677360422107853        15364.091982961991     
   54411.346863158076        5.3119401571699525       -75.721122447702740        15439.813105409694     
   54611.346863158076        5.3084097438789399       -75.763916166755465        15515.577021576450     
   54811.346863158076        5.3049181322724230       -75.806289645974275        15591.383311222424     
   55011.346863158076        5.3014599374656601       -75.848729584067613        15667.232040806492     
   55211.346863158076        5.2980297149397986       -75.891559364357079        15743.123600170849     
   55411.346863158076        5.2946224536218747       -75.934975233830670        15819.058575404681     
   55611.346863158076        5.2912330266775855       -75.979194333419656        15895.037769738101     
   55811.346863158076        5.2878552900381912       -76.024559065028910        15971.062328803129     
   56011.346863158076        5.2844837272957079       -76.071206472720874        16047.133535275851     
   56211.346863158076        5.2811156139848210       -76.118876934691585        16123.252412210542     
   56411.346863158076        5.2777512002594413       -76.167101905356972        16199.419514115900     
   56611.346863158076        5.2743921502694633       -76.215499525443818        16275.635013641344     
   56811.346863158076        5.2710397660297348       -76.263928470827096        16351.898942112171     
   57011.346863158076        5.2676940006169630       -76.312469859175835        16428.211411971348     
   57211.346863158076        5.2643533730414127       -76.361323786764345        16504.572735758113     
   57411.346863158076        5.2610158547436043       -76.410639577766773        16580.983375335880     
   57611.346863158076        5.2576807623896338       -76.460292349986332        16657.443667685868     
   57811.346863158076        5.2543503476739462       -76.509816100724095        16733.953483786590     
   58011.346863158076        5.2510297354418132       -76.558585289139458        16810.512069075729     
   58211.346863158076        5.2477251995676175       -76.606108701612669        16887.118177777342     
   58411.346863158076        5.2444418241489164       -76.652248264430412        16963.770426041770     
   58611.346863158076        5.2411816727422345       -76.697272568857173        17040.467698610628     
   58811.346863158076        5.2379430466554115       -76.741764911448371        17117.209463522075     
   59011.346863158076        5.2347192803611442       -76.786692828051414        17193.996156350127     
   59211.346863158076        5.2314999315840582       -76.833081083486150        17270.829237433612     
   59411.346863158076        5.2282741500833882       -76.881567052172159        17347.710804485785     
   59611.346863158076        5.2250335993240222       -76.932254876422462        17424.643059362206     
   59811.346863158076        5.2217735164177723       -76.984860933992451        17501.627920296200     
   60011.346863158076        5.2184919037997259       -77.038994662139785        17578.666914958339     
   60211.346863158076        5.2151903175224446       -77.094013429483212        17655.760928387823     
   60411.346863158076        5.2118744997043578       -77.149014321819976        17732.909942709644     
   60611.346863158076        5.2085529480571537       -77.203133638503417        17810.113076348149     
   60811.346863158076        5.2052348709499521       -77.255753461543591        17887.368829809693     
   61011.346863158076        5.2019290945650614       -77.306477698368326        17964.675307508063     
   61211.346863158076        5.1986438883470694       -77.355030361509876        18042.030337869572     
   61411.346863158076        5.1953869808068900       -77.401207949750514        18119.431545819323     
   61611.346863158076        5.1921653204878995       -77.444899059118669        18196.876444878442     
   61811.346863158076        5.1889845820429787       -77.486127029616213        18274.362571908059     
   62011.346863158076        5.1858486246970061       -77.525076643091268        18351.887648551150     
   62211.346863158076        5.1827591001736648       -77.562090191566000        18429.449738742715     
   62411.346863158076        5.1797153111744327       -77.597636472271603        18507.047375214985     
   62611.346863158076        5.1767143284614905       -77.632263856208908        18584.679639071193     
   62811.346863158076        5.1737513154529431       -77.666549025464704        18662.346188096657     
   63011.346863158076        5.1708199838227227       -77.701050252379133        18740.047238349038     
   63211.346863158076        5.1679130710304797       -77.736275334800425        18817.783513683837     
   63411.346863158076        5.1650237406525168       -77.772516663614937        18895.556030347452     
   63611.346863158076        5.1621467521283444       -77.809808755080482        18973.365839102531     
   63811.346863158076        5.1592781029084085       -77.848113286432337        19051.213952388964     
   64011.346863158076        5.1564134612871380       -77.887554957700303        19129.101507346662     
   64211.346863158076        5.1535469474643669       -77.928476277105162        19207.029983623768     
   64411.346863158076        5.1506739008410758       -77.970891449926839        19285.000875073696     
   64611.346863158076        5.1477936055803433       -78.014299221942665        19363.015174295640     
   64811.346863158076        5.1449088065171793       -78.058032499590041        19441.073206795230     
   65011.346863158076        5.1420231750108707       -78.101653832352270        19519.174860627583     
   65211.346863158076        5.1391390411306661       -78.145092463472906        19597.319953091057     
   65411.346863158076        5.1362564777550741       -78.188555672004782        19675.508508763061     
   65611.346863158076        5.1333735676957586       -78.232363351984176        19753.740872115046     
   65811.346863158076        5.1304872312229861       -78.276811898930504        19832.017684013976     
   66011.346863158076        5.1275942411705966       -78.322079188150823        19910.339763202126     
   66211.346863158076        5.1246932288337987       -78.368013018785788        19988.707776220912     
   66411.346863158076        5.1217866440229631       -78.414028437715345        20067.121804658625     
   66611.346863158076        5.1188809096114003       -78.459297318938724        20145.581101977565     
   66811.346863158076        5.1159844949597684       -78.503102455717723        20224.084204433282     
   67011.346863158076        5.1131050701563385       -78.545124057786296        20302.629328491068     
   67211.346863158076        5.1102471180877940       -78.585534665508405        20381.214863156576     
   67411.346863158076        5.1074107739632852       -78.624915352708712        20459.839778509286     
   67611.346863158076        5.1045919502939858       -78.664075063789909        20538.503853573075     
   67811.346863158076        5.1017833653457227       -78.703857747413849        20617.207711320487     
   68011.346863158076        5.0989736063021800       -78.745351243582732        20695.953062564069     
   68211.346863158076        5.0961491815467621       -78.789487025390088        20774.742549589460     
   68411.346863158076        5.0932988613927019       -78.836546840627861        20853.579096430087     
   68611.346863158076        5.0904165451744259       -78.886137983082435        20932.465234413168     
   68811.346863158076        5.0875013374446230       -78.937511930241811        21011.402746343410     
   69011.346863158076        5.0845559077951767       -78.989898482329934        21090.392644825741     
   69211.346863158076        5.0815841167299105       -79.042762725340737        21169.435407551082     
   69411.346863158076        5.0785924942970873       -79.095370074342668        21248.530777625423     
   69611.346863158076        5.0755913385188149       -79.146726664605637        21327.677504290030     
   69811.346863158076        5.0725930437776672       -79.195944487575119        21406.873448777606     
   70011.346863158076        5.0696097673783980       -79.242467374278846        21486.115916151884     
   70211.346863158076        5.0666521472617969       -79.286042994131407        21565.401959146016     
   70411.346863158076        5.0637290004886317       -79.326614455525856        21644.728573601544     
   70611.346863158076        5.0608473443152411       -79.364251930904373        21724.092825532447     
   70811.346863158076        5.0580123545186444       -79.399135292635933        21803.491960825082     
   71011.346863158076        5.0552272218147243       -79.431556394019239        21882.923517219100     
   71211.346863158076        5.0524930132754227       -79.461915433852312        21962.385432652951     
   71411.346863158076        5.0498086407707810       -79.490702493604445        22041.876135146555     
   71611.346863158076        5.0471709819122559       -79.518466529154253        22121.394601675707     
   71811.346863158076        5.0445751466891862       -79.545778312117861        22200.940379987824     
   72011.346863158076        5.0420148514660985       -79.573193845439960        22280.513573833265     
   72211.346863158076        5.0394828498228446       -79.601223097819314        22360.114796931084     
   72411.346863158076        5.0369713709056505       -79.630306851827910        22439.745103782912     
   72611.346863158076        5.0344725248945057       -79.660802623131801        22519.405906406046     
   72811.346863158076        5.0319796967817121       -79.692819800585482        22599.098726206630     
   73011.346863158076        5.0294887425362660       -79.726175599729245        22678.824901806358     
   73211.346863158076        5.0269973954674088       -79.760620654082885        22758.585522460442     
   73411.346863158076        5.0245032594934198       -79.796122601470685        22838.381645061912     
   73611.346863158076        5.0220018135612783       -79.832997493750113        22918.214642555664     
   73811.346863158076        5.0194857231449710       -79.871812123633191        22998.086454679298     
   74011.346863158076        5.0169455498880176       -79.913175502876740        23077.999630182174     
   74211.346863158076        5.0143758900951969       -79.956840791543343        23157.956470973717     
   74411.346863158076        5.0117793156488526       -80.001655966172351        23237.958126939888     
   74611.346863158076        5.0091643384123907       -80.046314499399003        23318.004441439287     
   74811.346863158076        5.0065406106698598       -80.090000066652621        23398.094441505938     
   75011.346863158076        5.0039152214139833       -80.132539931953175        23478.226981437892     
   75211.346863158076        5.0012913915679995       -80.174217652393239        23558.401199090287     
   75411.346863158076        4.9986689751216939       -80.215503738846152        23638.616702829135     
   75611.346863158076        4.9960457110072749       -80.256853192609029        23718.873556021743     
   75811.346863158076        4.9934184694869144       -80.298603485610485        23799.172159507354     
   76011.346863158076        4.9907853385507952       -80.340770629507617        23879.512930136862     
   76211.346863158076        4.9881481804768910       -80.382864276104883        23959.895794412965     
   76411.346863158076        4.9855135425289818       -80.424016905629188        24040.319811318594     
   76611.346863158076        4.9828910068346994       -80.463372536253573        24120.783183854848     
   76811.346863158076        4.9802900468795972       -80.500458300568695        24201.283642155417     
   77011.346863158076        4.9777170663298049       -80.535351416192015        24281.818993571607     
   77211.346863158076        4.9751736995617577       -80.568628130361205        24362.387621701968     
   77411.346863158076        4.9726565957018742       -80.601180250804077        24442.988801952772     
   77611.346863158076        4.9701583386596235       -80.633997766543033        24523.622799719316     
   77811.346863158076        4.9676689561940313       -80.667986040513867        24604.290785759829     
   78011.346863158076        4.9651775215188572       -80.703848557803667        24684.994634317634     
   78211.346863158076        4.9626700311608163       -80.742565991527343        24765.737200309162     
   78411.346863158076        4.9601320179371511       -80.784833508848195        24846.522033818012     
   78611.346863158076        4.9575538260032417       -80.830477329127191        24927.352511147139     
   78811.346863158076        4.9549330946000971       -80.878584296983774        25008.231095444124     
   79011.346863158076        4.9522735109838898       -80.928007707013535        25089.159103151138     
   79211.346863158076        4.9495819205567146       -80.977778085798292        25170.136881236936     
   79411.346863158076        4.9468657520331902       -81.027263643077561        25251.164144880015     
   79611.346863158076        4.9441307896641558       -81.076256630948436        25332.240401510964     
   79811.346863158076        4.9413803100609197       -81.124861037318311        25413.365262548283     
   80011.346863158076        4.9386206841656133       -81.172512162222617        25494.537774710505     
   80211.346863158076        4.9358648580367763       -81.217915413022411        25575.755690123526     
   80411.346863158076        4.9331299364639705       -81.259787291969459        25657.015477415494     
   80611.346863158076        4.9304325359445524       -81.297420358264958        25738.312897773758     
   80811.346863158076        4.9277855323405753       -81.330762721315509        25819.643660495072     
   81011.346863158076        4.9251970189452843       -81.360221775434439        25901.003882270506     
   81211.346863158076        4.9226706972369012       -81.386434559737395        25982.390316830242     
   81411.346863158076        4.9202067755205032       -81.410110353132097        26063.800427183374     
   81611.346863158076        4.9178028440432335       -81.431950809995413        26145.232377993369     
   81811.346863158076        4.9154545558730378       -81.452618649213377        26226.684996642583     
   82011.346863158076        4.9131561279829814       -81.472727616053405        26308.157724258635     
   82211.346863158076        4.9109007296597085       -81.492837915943653        26389.650562174578     
   82411.346863158076        4.9086808152875427       -81.513451041932640        26471.164013216512     
   82611.346863158076        4.9064884315945578       -81.535003406630551        26552.699016623144     
   82811.346863158076        4.9043155063602795       -81.557860320814285        26634.256876943960     
   83011.346863158076        4.9021541122039283       -81.582312064598142        26715.839189008559     
   83211.346863158076        4.8999966945440008       -81.608573166775074        26797.447762175332     
   83411.346863158076        4.8978362541969176       -81.636785197271521        26879.084547372604     
   83611.346863158076        4.8956678883558356       -81.666808915749570        26960.751356288354     
   83811.346863158076        4.8934900277108593       -81.698184719837613        27042.449541008191     
   84011.346863158076        4.8913033427985217       -81.730438935029426        27124.179979943219     
   84211.346863158076        4.8891079905906460       -81.763436730834115        27205.943416674054     
   84411.346863158076        4.8869012490291643       -81.797495759490502        27287.740912433543     
   84611.346863158076        4.8846765827966587       -81.833278586710222        27369.574191020252     
   84811.346863158076        4.8824244321220087       -81.871537457647875        27451.445728477902     
   85011.346863158076        4.8801341239194080       -81.912854847925075        27533.358583325826     
   85211.346863158076        4.8777953277415431       -81.957582914624027        27615.316166240449     
   85411.346863158076        4.8754065548270296       -82.004703719989934        27697.320869960440     
   85611.346863158076        4.8729785993639068       -82.052104171262656        27779.372974131704     
   85811.346863158076        4.8705292124993393       -82.097834365199972        27861.470808496902     
   86011.346863158076        4.8680753411311786       -82.140926780367238        27943.611735277271     
   86211.346863158076        4.8656283174367863       -82.181417830625833        28025.793153107898     
   86411.346863158076        4.8631929185212766       -82.219949271119930        28108.013102379016     
