 #              _____________________  _______________________             #
 #              ___  __ \__  __ \_  / / /_  /___  ____/_  ___/             #
 #              __  / / /_  /_/ /  / / /_  __/_  __/  _____ \              #
 #              _  /_/ /_  _, _// /_/ / / /_ _  /___  ____/ /              #
 #              /_____/ /_/ |_| \____/  \__/ /_____/  /____/               #
 #                                                                         #
  
 #        time                      T            heat flux [W.L-2]   in    x              directions   cumulative flux
 #-----------------------------------------------------------------------------------------------

   0.0000000000000000        10.000000000000000       -0.0000000000000000        0.0000000000000000     
   1.0000000000000000        9.9999999999999982        5.6488147492927924E-013   5.6488147492927924E-013
   1.9540000000000002        10.000000000000000        1.1297629498585585E-012   1.6946444247878377E-012
   2.8641160000000001        9.9999999999999982        1.6946444247878373E-012   3.3892888495756751E-012
   3.8288389600000006        9.9999999999999964        1.6946444247878373E-012   5.0839332743635120E-012
   4.8514452976000007        9.9999999999999982        1.1297629498585585E-012   6.2136962242220705E-012
   5.9354080154560007        10.000000000000000        5.6488147492927924E-013   6.7785776991513493E-012
   7.0844084963833609        9.9999999999999982        1.1297629498585585E-012   7.9083406490099086E-012
   8.3023490061663630        9.9999999999999982        5.6488147492927924E-013   8.4732221239391883E-012
   9.5933659465363448        10.000000000000000        5.6488147492927924E-013   9.0381035988684679E-012
   10.961843903328527        9.9999999999999982        5.6488147492927924E-013   9.6029850737977475E-012
   12.412430537528239        10.000000000000000        5.6488147492927924E-013   1.0167866548727027E-011
   13.950052369779934        9.9999999999999982        1.1297629498585585E-012   1.1297629498585586E-011
   15.579931511966731        10.000000000000000        1.1297629498585585E-012   1.2427392448444146E-011
   17.307603402684734        9.9999999999999982        1.1297629498585585E-012   1.3557155398302705E-011
   19.138935606845820        10.000000000000000        5.6488147492927914E-013   1.4122036873231985E-011
   21.080147743256571        9.9999999999999982        1.1297629498585583E-012   1.5251799823090544E-011
   23.137832607851966        9.9999999999999982        1.1297629498585585E-012   1.6381562772949103E-011
   25.318978564323086        9.9999999999999982        1.1297629498585585E-012   1.7511325722807663E-011
   27.630993278182473        10.000000000000000        1.1297629498585585E-012   1.8641088672666222E-011
   30.081728874873424        9.9999999999999982        1.1297629498585585E-012   1.9770851622524781E-011
   32.679508607365833        9.9999999999999982        5.6488147492927924E-013   2.0335733097454061E-011
   35.433155123807786        10.000000000000000       -1.1297629498585585E-012   2.1465496047312620E-011
   38.352020431236255        9.9999999999999982       -3.9541703245049543E-012   2.5419666371817574E-011
   41.446017657110431        9.9999999999999947       -1.1862510973514863E-011   3.7282177345332437E-011
   44.725654716537058        9.9999999999999876       -3.5587532920544592E-011   7.2869710265877023E-011
   48.202069999529286        9.9999999999999538       -1.0111378401234097E-010   1.7398349427821798E-010
   51.887070199501046        9.9999999999998632       -2.8526514483928602E-010   4.5924863911750399E-010
   55.793170411471110        9.9999999999995985       -7.8179596130212262E-010   1.2410446004196266E-009
   59.933636636159378        9.9999999999988507       -2.0917561016631229E-009   3.3328007020827495E-009
   64.322530834328944        9.9999999999968026       -5.4686175587903670E-009   8.8014182608731161E-009
   68.974758684388689        9.9999999999913065       -1.3964999823201734E-008   2.2766418084074850E-008
   73.906120205452012        9.9999999999769269       -3.4844713781013171E-008   5.7611131865088021E-008
   79.133363417779137        9.9999999999401759       -8.4955914303467317E-008   1.4256704616855534E-007
   84.674241222845893        9.9999999998484217       -2.0244617715549886E-007   3.4501322332405419E-007
   90.547571696216650        9.9999999996246114       -4.7158734517448726E-007   8.1660056849854145E-007
   96.773301997989648        9.9999999990911981       -1.0740283542537115E-006   1.8906289227522530E-006
   99.476364677492242        9.9999999987879491       -1.4109569939089329E-006   3.3015859166611859E-006
   102.34161111776500        9.9999999983621546       -1.8757651965033769E-006   5.1773511131645630E-006
   105.37877234445412        9.9999999977573371       -2.5235661880202733E-006   7.7009173011848372E-006
   108.59816324474458        9.9999999968883166       -3.4355040625708164E-006   1.1136421363755655E-005
   112.01071759905247        9.9999999956255330       -4.7318838873977134E-006   1.5868305251153369E-005
   115.62802521461883        9.9999999937703290       -6.5922182166580872E-006   2.2460523467811454E-005
   119.46237128711918        9.9999999910157964       -9.2859063692096898E-006   3.1746429837021144E-005
   123.52677812396955        9.9999999868845553       -1.3219300353104889E-005   4.4965730190126029E-005
   127.83504937103093        9.9999999806295747       -1.9007970717566183E-005   6.3973700907692216E-005
   132.40181689291600        9.9999999710756811       -2.7587643060980163E-005   9.1561343968672379E-005
   137.24259046611419        9.9999999563661675       -4.0384367445488511E-005   1.3194571141416088E-004
   142.37381045370427        9.9999999335575147       -5.9574944573682430E-005   1.9152065598784332E-004
   147.81290364054973        9.9999998979720512       -8.8484249861072332E-005   2.8000490584891566E-004
   153.57834241860593        9.9999998421660976       -1.3218875054473724E-004   4.1219365639365291E-004
   159.68970752334550        9.9999997542907568       -1.9842819444595722E-004   6.1062185083961013E-004
   166.16775453436946        9.9999996154993713       -2.9897358852381536E-004   9.0959543936342544E-004
   173.03448436605484        9.9999993958701463       -4.5166363500835681E-004   1.3612590743717823E-003
   180.31321798764137        9.9999990480366527       -6.8340859202592550E-004   2.0446676663977079E-003
   188.02867562652307        9.9999984973158913       -1.0345751694575331E-003   3.0792428358552412E-003
   196.20706072373767        9.9999976265454595       -1.5653128637021000E-003   4.6445556995573407E-003
   204.87614892678516        9.9999962530293889       -2.3645631891452347E-003   7.0091188887025750E-003
   214.06538242201549        9.9999940938781826       -3.5627064312225968E-003   1.0571825319925171E-002
   223.80596992695965        9.9999907145405018       -5.3490368082570825E-003   1.5920862128182254E-002
   234.13099268220046        9.9999854533953982       -7.9954972327401456E-003   2.3916359360922401E-002
   245.07551680275571        9.9999773128598939       -1.1888317247577548E-002   3.5804676608499952E-002
   256.67671237054429        9.9999648045663747       -1.7569335905092014E-002   5.3374012513591966E-002
   268.97397967240016        9.9999457328468129       -2.5788795207698872E-002   7.9162807721290834E-002
   282.00908301236740        9.9999168971953054       -3.7571190956223813E-002  0.11673399867751465     
   295.82629255273270        9.9998736908551891       -5.4295300054492929E-002  0.17102929873200756     
   310.47253466551990        9.9998095696093205       -7.7788717662006318E-002  0.24881801639401388     
   325.99755130507430        9.9997153627700293      -0.11043611741299086       0.35925413380700477     
   342.45406894300197        9.9995783978744743      -0.15529901899370427       0.51455315280070901     
   359.89797763920529        9.9993814123251088      -0.21624317453803016       0.73079632733873923     
   378.38852085718082        9.9991012297949098      -0.29806785725369400        1.0288641845924333     
   397.98849666823492        9.9987071872270459      -0.40662944483332991        1.4354936294257632     
   418.76447102795225        9.9981593102373161      -0.54894982070800924        1.9844434501337724     
   440.78700384925264        9.9974062511264812      -0.73329836421054151        2.7177418143443139     
   462.80953667055303        9.9964545275631345      -0.95359666215812944        3.6713384765024433     
   486.15342146113142        9.9951913112902186       -1.2298710396471972        4.9012095161496401     
   510.89793933914450        9.9935303787694050       -1.5728473739297100        6.4740568900793498     
   537.12712828983842        9.9913672504406925       -1.9942902303784653        8.4683471204578158     
   563.35631724053235        9.9887636019844841       -2.4743213364800720        10.942668456937888     
   591.15925752826786        9.9854678051299839       -3.0488217497631829        13.991490206701071     
   620.63037423326750        9.9813292853216833       -3.7302891546799501        17.721779361381021     
   650.10149093826715        9.9765092573814691       -4.4820544901204755        22.203833851501496     
   679.57260764326679        9.9709775030974761       -5.3011907286298490        27.505024580131344     
   710.81199135056647        9.9642859145715104       -6.2409995910718861        33.746024171203231     
   743.92573808030409        9.9562381828520046       -7.3119944672196491        41.058018638422880     
   779.02630961382602        9.9466166041921866       -8.5242035547848118        49.582222193207691     
   816.23291543935920        9.9351821541250978       -9.8868976843526646        59.469119877560360     
   855.67191761442439        9.9216750769965927       -11.408299378918592        70.877419256478959     
   895.11091978948957        9.9067946422856679       -12.996420212451371        83.873839468930328     
   936.91626209505864        9.8895060910008858       -14.743084852107918        98.616924321038240     
   981.22992493896186        9.8695230848481721       -16.652488456362516        115.26941277740076     
   1028.2024075534994        9.8465453120511981       -18.727091562805125        133.99650434020589     
   1077.9932391249090        9.8202612791587036       -20.967384396675659        154.96388873688156     
   1127.7840706963186        9.7921479553849835       -23.234731530630739        178.19862026751230     
   1177.5749022677282        9.7623091023357418       -25.516466996375641        203.71508726388794     
   1227.3657338391379        9.7308515226751346       -27.801424029931717        231.51651129381966     
   1269.5883590116932        9.7030771789488206       -29.735355059030017        261.25186635284967     
   1314.3443416946020        9.6724801689582485       -31.774937545761663        293.02680389861132     
   1359.1003243775108        9.6408034990714508       -33.798820432425835        326.82562433103715     
   1406.5416660213941        9.6061018167235233       -35.921157412679406        362.74678174371655     
   1456.8294881639104        9.5681566052667755       -38.139681101145328        400.88646284486185     
   1510.1345796349776        9.5267462432256984       -40.450988911256452        441.33745175611830     
   1566.6379765943088        9.4816483415068475       -42.850433879043450        484.18788563516176     
   1626.5315773712000        9.4326419742188747       -45.332187738606919        529.52007337376870     
   1690.0187941947047        9.3795094650387725       -47.889441275465366        577.40951464923410     
   1757.3152440276197        9.3220380908687837       -50.514523579028193        627.92403822826225     
   1828.6494808505095        9.2600227905000398       -53.198703803068838        681.12274203133109     
   1904.2637718827727        9.1932710579818320       -55.931625440253960        737.05436747158501     
   1984.4149203769718        9.1216085413568919       -58.701090864415278        795.75545833600029     
   2069.3751377808230        9.0448816773811629       -61.493847639170227        857.24930597517050     
   2159.4329682289049        8.9629574349154026       -64.296518394600540        921.54582436977103     
   2254.8942685038719        8.8757224070437708       -67.096041867502350        988.64186623727335     
   2350.3555687788389        8.7883253081377184       -69.731135243098009        1058.3730014803714     
   2445.8168690538059        8.7009675943970350       -72.208812273756905        1130.5818137541282     
   2547.0058473452709        8.6086182943200651       -74.666738645991956        1205.2485524001202     
   2654.2661643342240        8.5112140594444430       -77.093521818681495        1282.3420742188016     
   2767.9621003425141        8.4087128138369849       -79.477908657426894        1361.8199828762286     
   2888.4797925113016        8.3011025649864720       -81.807183634250620        1443.6271665104791     
   3016.2285462102163        8.1884094620431362       -84.067058598632542        1527.6942251091116     
   3151.6422251310660        8.0706787067477954       -86.246866779005146        1613.9410918881167     
   3295.1807247871666        7.9479686682039068       -88.338204631676902        1702.2792965197937     
   3447.3315344226330        7.8203576483795461       -90.332646606677685        1792.6119431264713     
   3599.4823440580994        7.6952909096949007       -92.125073283786165        1884.7370164102574     
   3751.6331536935659        7.5728160732456864       -93.734617278638240        1978.4716336888957     
   3903.7839633290323        7.4529668077991715       -95.176196895287106        2073.6478305841829     
   4065.0638215426270        7.3288988382079623       -96.531449847550491        2170.1792804317333     
   4236.0204712490377        7.2007164741838965       -97.793612535953486        2267.9728929676867     
   4417.2345199378324        7.0685466501569287       -98.955833932516001        2366.9287269002025     
   4609.3214115479550        6.9325336595106872       -100.01257965518050        2466.9413065553831     
   4801.4083031580776        6.8005502682369512       -100.90802072545178        2567.8493272808350     
   5001.4083031580776        6.6674091626822385       -101.68369994090864        2669.5330272217439     
   5201.4083031580776        6.5383981502179322       -102.32610122205071        2771.8591284437944     
   5381.4083031580776        6.4255247140170750       -102.80819330471263        2874.6673217485068     
   5572.2083031580778        6.3094039399741630       -103.22057173479116        2977.8878934832978     
   5772.2083031580778        6.1913180928765783       -103.57238414403932        3081.4602776273373     
   5972.2083031580778        6.0766351158947112       -103.85946132364712        3185.3197389509846     
   6172.2083031580778        5.9652060274976355       -104.08324008567627        3289.4029790366608     
   6372.2083031580778        5.8569668893387092       -104.23821631151516        3393.6411953481761     
   6572.2083031580778        5.7518953568555542       -104.32037888568345        3497.9615742338597     
   6732.2083031580778        5.6698261666436949       -104.34462935438711        3602.3062035882467     
   6901.8083031580782        5.5849872037183417       -104.33238324429679        3706.6385868325433     
   7071.4083031580785        5.5022591717948792       -104.28120449068716        3810.9197913232306     
   7241.0083031580789        5.4216045298114430       -104.19210009355010        3915.1118914167805     
   7420.7843031580787        5.3383738536482808       -104.06069120540180        4019.1725826221823     
   7611.3468631580790        5.2525094022579601       -103.90047959334737        4123.0730622155297     
   7811.3468631580790        5.1647072172018387       -103.73249654336313        4226.8055587588924     
   8011.3468631580790        5.0791364632081279       -103.54836670814466        4330.3539254670368     
   8211.3468631580799        4.9959053254809298       -103.31871128629147        4433.6726367533283     
   8411.3468631580799        4.9149508728739111       -103.05922077200378        4536.7318575253321     
   8611.3468631580799        4.8361122735866946       -102.78838369836086        4639.5202412236931     
   8811.3468631580799        4.7591321057599432       -102.52968420624616        4742.0499254299393     
   9011.3468631580799        4.6839710800329204       -102.26292110010991        4844.3128465300488     
   9211.3468631580799        4.6107413213924282       -101.96231230523132        4946.2751588352803     
   9411.3468631580799        4.5394863545641710       -101.62820984757145        5047.9033686828516     
   9611.3468631580799        4.4700348651164994       -101.29045592157595        5149.1938246044274     
   9811.3468631580799        4.4022143855899589       -100.96012212517252        5250.1539467295997     
   10011.346863158080        4.3358522675571258       -100.64546151449785        5350.7994082440973     
   10211.346863158080        4.2709238363300255       -100.33084937384348        5451.1302576179405     
   10411.346863158080        4.2074893211335480       -100.00036537041829        5551.1306229883585     
   10611.346863158080        4.1456790851154350       -99.636760329705169        5650.7673833180634     
   10811.346863158080        4.0853607648413828       -99.271125578534168        5750.0385088965977     
   11011.346863158080        4.0263030430042788       -98.927843385338278        5848.9663522819355     
   11211.346863158080        3.9684918610345132       -98.586531683888595        5947.5528839658245     
   11411.346863158080        3.9119950405012371       -98.231389755272616        6045.7842737210967     
   11611.346863158080        3.8569746952380006       -97.841439942206037        6143.6257136633030     
   11811.346863158080        3.8034900137922456       -97.421861817460709        6241.0475754807640     
   12011.346863158080        3.7512826730486113       -97.019217249727518        6338.0667927304912     
   12211.346863158080        3.7000565318526886       -96.656816688809513        6434.7236094193004     
   12411.346863158080        3.6496902030637086       -96.323330528480383        6531.0469399477806     
   12611.346863158080        3.6002753857206251       -95.988005291474565        6627.0349452392547     
   12811.346863158080        3.5518484703285953       -95.648740693743136        6722.6836859329978     
   13011.346863158080        3.5043944434210323       -95.309584993717024        6817.9932709267150     
   13211.346863158080        3.4580187260089716       -94.952404309589056        6912.9456752363039     
   13411.346863158080        3.4126104931596086       -94.602702420447471        7007.5483776567517     
   13611.346863158080        3.3678966499960912       -94.292819043333594        7101.8411967000857     
   13811.346863158080        3.3239205878828524       -93.989940364055272        7195.8311370641413     
   14011.346863158080        3.2808044425069589       -93.674568887274759        7289.5057059514165     
   14211.346863158080        3.2386152358983185       -93.345571477425082        7382.8512774288420     
   14411.346863158080        3.1975052107058515       -92.986247830205173        7475.8375252590467     
   14611.346863158080        3.1573594873772310       -92.628760796397628        7568.4662860554445     
   14811.346863158080        3.1180557212190854       -92.283821992390770        7660.7501080478351     
   15011.346863158080        3.0794535945786601       -91.961209906834640        7752.7113179546695     
   15211.346863158080        3.0416196666883009       -91.636087335883531        7844.3474052905531     
   15411.346863158080        3.0046560049581927       -91.295856979664322        7935.6432622702177     
   15611.346863158080        2.9684313813452374       -90.968997922647105        8026.6122601928646     
   15811.346863158080        2.9327246276604111       -90.678115876571638        8117.2903760694362     
   16011.346863158080        2.8974293817451238       -90.417640100026745        8207.7080161694630     
   16211.346863158080        2.8627170759951128       -90.147626414753375        8297.8556425842162     
   16411.346863158080        2.8289557194680266       -89.823732969631820        8387.6793755538474     
   16611.346863158080        2.7961249686773311       -89.482615708808908        8477.1619912626556     
   16811.346863158080        2.7638882378680831       -89.178724587641241        8566.3407158502978     
   17011.346863158080        2.7319905131783475       -88.922411591378392        8655.2631274416763     
   17211.346863158080        2.7003818890512434       -88.694363069279063        8743.9574905109548     
   17411.346863158080        2.6688646754253611       -88.514548643054638        8832.4720391540086     
   17611.346863158080        2.6377127629443957       -88.319586666333166        8920.7916258203422     
   17811.346863158080        2.6072805473128895       -88.075119960917860        9008.8667457812608     
   18011.346863158080        2.5776498206919487       -87.801708482834144        9096.6684542640942     
   18211.346863158080        2.5489219133933876       -87.496462586615195        9184.1649168507101     
   18411.346863158080        2.5209550530066851       -87.193686925717813        9271.3586037764271     
   18611.346863158080        2.4936412156178935       -86.900367859905444        9358.2589716363327     
   18811.346863158080        2.4667443825420152       -86.642468983134350        9444.9014406194674     
   19011.346863158080        2.4399934593403776       -86.438411151452001        9531.3398517709193     
   19211.346863158080        2.4132325560022827       -86.283219238497551        9617.6230710094169     
   19411.346863158080        2.3865676248294667       -86.140505207478171        9703.7635762168957     
   19611.346863158080        2.3607135114484210       -85.905470879963730        9789.6690470968588     
   19811.346863158080        2.3358710884059781       -85.610501514744925        9875.2795486116029     
   20011.346863158080        2.3116081468097356       -85.348486856993645        9960.6280354685969     
   20211.346863158080        2.2874434216852872       -85.160553238333549        10045.788588706930     
   20411.346863158080        2.2632053726659240       -85.026697961441286        10130.815286668370     
   20611.346863158080        2.2385867293224808       -84.970162619638316        10215.785449288009     
   20811.346863158080        2.2138290751546794       -84.919831292611136        10300.705280580620     
   21011.346863158080        2.1894431380307098       -84.811635218439349        10385.516915799059     
   21211.346863158080        2.1658858540860635       -84.621071678893244        10470.137987477952     
   21411.346863158080        2.1436368640111185       -84.322686198805172        10554.460673676758     
   21611.346863158080        2.1225285268799712       -83.994727100100746        10638.455400776858     
   21811.346863158080        2.1020921352046154       -83.705104659383693        10722.160505436243     
   22011.346863158080        2.0818533397208117       -83.487564898490774        10805.648070334733     
   22211.346863158080        2.0616958046011491       -83.312920539305594        10888.960990874039     
   22411.346863158080        2.0415087221752897       -83.179130242512599        10972.140121116550     
   22611.346863158080        2.0211262439683950       -83.095475936233797        11055.235597052784     
   22811.346863158080        2.0003771364549197       -83.067913908293363        11138.303510961077     
   23011.346863158080        1.9798264902684950       -82.989596745995925        11221.293107707073     
   23211.346863158080        1.9599278257044725       -82.836890830715291        11304.129998537788     
   23411.346863158080        1.9409705993781501       -82.611531261755999        11386.741529799545     
   23611.346863158080        1.9227922592329314       -82.372766446822780        11469.114296246367     
   23811.346863158080        1.9048479623982533       -82.197041682677437        11551.311337929044     
   24011.346863158080        1.8866968023459916       -82.104268261481181        11633.415606190525     
   24211.346863158080        1.8682030649819650       -82.068900353255444        11715.484506543780     
   24411.346863158080        1.8489442505174769       -82.133459749916881        11797.617966293697     
   24611.346863158080        1.8293999930699540       -82.179986226983374        11879.797952520681     
   24811.346863158080        1.8100779653365915       -82.164423187741818        11961.962375708423     
   25011.346863158080        1.7920570324331142       -81.969986417876498        12043.932362126299     
   25211.346863158080        1.7755112330636025       -81.674863413499708        12125.607225539799     
   25411.346863158080        1.7600419227802617       -81.374274088936275        12206.981499628735     
   25611.346863158080        1.7450351064566139       -81.137758584593158        12288.119258213328     
   25811.346863158080        1.7300232224695931       -80.982348896490862        12369.101607109818     
   26011.346863158080        1.7147530974991005       -80.897177863989882        12449.998784973808     
   26211.346863158080        1.6993684100884421       -80.827806786805098        12530.826591760613     
   26411.346863158080        1.6838443946329114       -80.782232539021962        12611.608824299636     
   26611.346863158080        1.6679965262043719       -80.783312007978537        12692.392136307613     
   26811.346863158080        1.6515853327234420       -80.848103103997019        12773.240239411611     
   27011.346863158080        1.6354794755311768       -80.818764809057754        12854.059004220668     
   27211.346863158080        1.6197918071235802       -80.750296628964577        12934.809300849633     
   27411.346863158080        1.6049497164954678       -80.597082304915943        13015.406383154548     
   27611.346863158080        1.5910513433401468       -80.388441751247385        13095.794824905795     
   27811.346863158080        1.5776303643899932       -80.213169048799799        13176.007993954596     
   28011.346863158080        1.5640713946668396       -80.128925065699732        13256.136919020295     
   28211.346863158080        1.5500220044130337       -80.130705007121179        13336.267624027416     
   28411.346863158080        1.5347514319344187       -80.287541383563379        13416.555165410979     
   28611.346863158080        1.5188687528959113       -80.431198623300233        13496.986364034279     
   28811.346863158080        1.5030186362231168       -80.502647607914383        13577.489011642194     
   29011.346863158080        1.4882182512640296       -80.405771871349387        13657.894783513544     
   29211.346863158080        1.4746160296259858       -80.217934751602513        13738.112718265147     
   29411.346863158080        1.4621311827009063       -79.983099065609920        13818.095817330757     
   29611.346863158080        1.4504114042076526       -79.758898352537344        13897.854715683294     
   29811.346863158080        1.4390498168937151       -79.580961418875489        13977.435677102168     
   30011.346863158080        1.4276831759858748       -79.466488723522332        14056.902165825692     
   30211.346863158080        1.4160581331671018       -79.415437254736588        14136.317603080428     
   30411.346863158080        1.4040443422972735       -79.416903919713960        14215.734507000141     
   30611.346863158080        1.3918742033267471       -79.416230596077682        14295.150737596219     
   30811.346863158080        1.3795862473779701       -79.422204976922032        14374.572942573141     
   31011.346863158080        1.3669220588920508       -79.476899712253669        14454.049842285394     
   31211.346863158080        1.3535509186196328       -79.606661134513814        14533.656503419908     
   31411.346863158080        1.3407625749908889       -79.582483331599789        14613.238986751508     
   31611.346863158080        1.3284226968317014       -79.533311640448019        14692.772298391956     
   31811.346863158080        1.3162330335166892       -79.506807514095215        14772.279105906051     
   32011.346863158080        1.3047438540123548       -79.397879882954399        14851.676985789005     
   32211.346863158080        1.2941583201788909       -79.223952947951858        14930.900938736957     
   32411.346863158080        1.2839981681512238       -79.083333747715372        15009.984272484673     
   32611.346863158080        1.2735783110495551       -79.043591999640029        15089.027864484313     
   32811.346863158076        1.2625048716179998       -79.099762764630640        15168.127627248943     
   33011.346863158076        1.2497992967778710       -79.353349696815343        15247.480976945759     
   33211.346863158076        1.2365522369022228       -79.540555034607081        15327.021531980366     
   33411.346863158076        1.2232448355212362       -79.666185005808657        15406.687716986175     
   33611.346863158076        1.2101784784418474       -79.732501683368909        15486.420218669544     
   33811.346863158076        1.1985611038807966       -79.591993587016688        15566.012212256561     
   34011.346863158076        1.1881106562629029       -79.404032741576714        15645.416244998138     
   34211.346863158076        1.1785578846956133       -79.205217259294187        15724.621462257432     
   34411.346863158076        1.1696683764337765       -79.014313378193748        15803.635775635625     
   34611.346863158076        1.1610957590124782       -78.863800716922896        15882.499576352548     
   34811.346863158076        1.1524900228439168       -78.773701965409970        15961.273278317958     
   35011.346863158076        1.1435866076038426       -78.747259730507338        16040.020538048466     
   35211.346863158076        1.1342332153760162       -78.776214830818517        16118.796752879285     
   35411.346863158076        1.1243782466163821       -78.846904558920571        16197.643657438206     
   35611.346863158076        1.1144625238752703       -78.881627798659025        16276.525285236865     
   35811.346863158076        1.1043946769526787       -78.928902308211576        16355.454187545076     
   36011.346863158076        1.0936839998524397       -79.057696805263987        16434.511884350341     
   36211.346863158076        1.0837470440110777       -79.010673027088600        16513.522557377430     
   36411.346863158076        1.0742859197763754       -78.952297930537028        16592.474855307966     
   36611.346863158076        1.0645721145831502       -78.981726523288472        16671.456581831255     
   36811.346863158076        1.0544819821279081       -79.056121070549125        16750.512702901804     
   37011.346863158076        1.0441198647248420       -79.140551812853673        16829.653254714656     
   37211.346863158076        1.0345696784489058       -79.075650237358289        16908.728904952015     
   37411.346863158076        1.0260606429182932       -78.922439792874940        16987.651344744889     
   37611.346863158076        1.0177217983726310       -78.839295823881884        17066.490640568769     
   37811.346863158076        1.0089376255680309       -78.865297039608222        17145.355937608376     
   38011.346863158076       0.99946858246651193       -78.969516323279962        17224.325453931655     
   38211.346863158076       0.98923229112171474       -79.130996049278991        17303.456449980935     
   38411.346863158076       0.97659539644140658       -79.585403152556381        17383.041853133491     
   38611.346863158076       0.96415541283411543       -79.777336506817122        17462.819189640308     
   38811.346863158076       0.95266500848468127       -79.795627013738653        17542.614816654048     
   39011.346863158076       0.94130647413261803       -79.865273166838932        17622.480089820885     
   39211.346863158076       0.93159509660498285       -79.709210482623376        17702.189300303507     
   39411.346863158076       0.92284506742999584       -79.544481587821991        17781.733781891329     
   39611.346863158076       0.91449460982471065       -79.434724155396651        17861.168506046724     
   39811.346863158076       0.90679876031734530       -79.297692144637324        17940.466198191363     
   40011.346863158076       0.89981351818710020       -79.126285313031985        18019.592483504395     
   40211.346863158076       0.89317457522792576       -78.987741799724063        18098.580225304118     
   40411.346863158076       0.88645912000982174       -78.915345792286629        18177.495571096406     
   40611.346863158076       0.87937272319826398       -78.911725964960084        18256.407297061367     
   40811.346863158076       0.87176731892055226       -78.965045884592939        18335.372342945961     
   41011.346863158076       0.86360634731988983       -79.059291010369463        18414.431633956330     
   41211.346863158076       0.85550216374668686       -79.092505547613428        18493.524139503945     
   41411.346863158076       0.84731485165637954       -79.135560061202696        18572.659699565149     
   41611.346863158076       0.83842152210703880       -79.268506442951804        18651.928206008102     
   41811.346863158076       0.82859024199728204       -79.489510745957077        18731.417716754058     
   42011.346863158076       0.82036729179180523       -79.363834407415752        18810.781551161475     
   42211.346863158076       0.81242879674460644       -79.325560309410335        18890.107111470887     
   42411.346863158076       0.80404865635302114       -79.393217363433422        18969.500328834321     
   42611.346863158076       0.79515711867292949       -79.508735866635348        19049.009064700957     
   42811.346863158076       0.78590692209792623       -79.631923129923848        19128.640987830880     
   43011.346863158076       0.77646806966393211       -79.744608558763105        19208.385596389642     
   43211.346863158076       0.76810079717798607       -79.671777512508044        19288.057373902149     
   43411.346863158076       0.76109993929669006       -79.482795303777081        19367.540169205928     
   43611.346863158076       0.75463625163986636       -79.346641046620149        19446.886810252548     
   43811.346863158076       0.74779310406418398       -79.340415076474599        19526.227225329025     
   44011.346863158076       0.74005181625868688       -79.456173205056729        19605.683398534082     
   44211.346863158076       0.73131098437089548       -79.648832246371001        19685.332230780452     
   44411.346863158076       0.71986924240889616       -80.149440879454488        19765.481671659905     
   44611.346863158076       0.70884809099257395       -80.330573010521420        19845.812244670426     
   44811.346863158076       0.69851935960910583       -80.398781166574665        19926.211025837001     
   45011.346863158076       0.68858423130569502       -80.451271232562888        20006.662297069564     
   45211.346863158076       0.68095008499405796       -80.191624342200939        20086.853921411766     
   45411.346863158076       0.67379212122011223       -80.070026009251137        20166.923947421019     
   45611.346863158076       0.66634194606868913       -80.068004092236265        20246.991951513257     
   45811.346863158076       0.65932736578013418       -79.998179464417746        20326.990130977676     
   46011.346863158076       0.65311670918854670       -79.855946242818135        20406.846077220493     
   46211.346863158076       0.64753436883208737       -79.704011722233787        20486.550088942728     
   46411.346863158076       0.64222696183248118       -79.586476704609254        20566.136565647335     
   46611.346863158076       0.63685469281401896       -79.523897146493653        20645.660462793829     
   46811.346863158076       0.63115736473187234       -79.520984442858477        20725.181447236686     
   47011.346863158076       0.62496968175044465       -79.572726036343099        20804.754173273028     
   47211.346863158076       0.61821455481877485       -79.668803842775858        20884.422977115802     
   47411.346863158076       0.61088528924034124       -79.796966780678119        20964.219943896482     
   47611.346863158076       0.60302337562976716       -79.945453867312025        21044.165397763794     
   47811.346863158076       0.59565283625655507       -79.961927775452324        21124.127325539248     
   48011.346863158076       0.58817648459356475       -80.024411341073773        21204.151736880322     
   48211.346863158076       0.57975811870881566       -80.217837881551262        21284.369574761873     
   48411.346863158076       0.57021277590211406       -80.492061919351571        21364.861636681224     
   48611.346863158076       0.56347294119006197       -80.236986379888734        21445.098623061112     
   48811.346863158076       0.55708145991302394       -80.155045727539118        21525.253668788653     
   49011.346863158076       0.55005223929348446       -80.225963408376970        21605.479632197032     
   49211.346863158076       0.54235559877887962       -80.356798364704218        21685.836430561736     
   49411.346863158076       0.53420981534663170       -80.495507979715072        21766.331938541451     
   49611.346863158076       0.52582460261464647       -80.621653022437371        21846.953591563888     
   49811.346863158076       0.51810146308921956       -80.617780604184503        21927.571372168073     
   50011.346863158076       0.51226454660533771       -80.382865088692185        22007.954237256767     
   50211.346863158076       0.50739738431700876       -80.174717606276261        22088.128954863041     
   50411.346863158076       0.50228218307551509       -80.117644979695939        22168.246599842736     
   50611.346863158076       0.49618835482592560       -80.212664714544701        22248.459264557281     
   50811.346863158076       0.48890242453609067       -80.411179811088417        22328.870444368371     
   51011.346863158076       0.48055259744892043       -80.657525453668697        22409.527969822040     
   51211.346863158076       0.46875040927008438       -81.304929852044808        22490.832899674086     
   51411.346863158076       0.45849523963818029       -81.395703873039253        22572.228603547126     
   51611.346863158076       0.44932397052497969       -81.400529887022529        22653.629133434148     
   51811.346863158076       0.44056427621205263       -81.428890388436670        22735.058023822585     
   52011.346863158076       0.43193249743891515       -81.480252627230868        22816.538276449817     
   52211.346863158076       0.42649410959962464       -81.069452256711159        22897.607728706527     
   52411.346863158076       0.42096065307558356       -80.975764998865785        22978.583493705391     
   52611.346863158076       0.41462577065273243       -81.033874113773635        23059.617367819166     
   52811.346863158076       0.40871949890574610       -80.977328989814509        23140.594696808981     
   53011.346863158076       0.40369082175278048       -80.829287041190852        23221.423983850171     
   53211.346863158076       0.39929172033409971       -80.674007598370721        23302.097991448540     
   53411.346863158076       0.39513317134241660       -80.556957950384060        23382.654949398922     
   53611.346863158076       0.39087569703557257       -80.495756433568829        23463.150705832490     
   53811.346863158076       0.38627002719934805       -80.493308481960057        23543.644014314450     
   54011.346863158076       0.38115829389234190       -80.544471120272647        23624.188485434723     
   54211.346863158076       0.37546360068846651       -80.639773405357275        23704.828258840080     
   54411.346863158076       0.36917406884109194       -80.768007128299942        23785.596265968379     
   54611.346863158076       0.36232424705648525       -80.918144602995625        23866.514410571373     
   54811.346863158076       0.35497686767609787       -81.080591585278043        23947.595002156653     
   55011.346863158076       0.34811832226261652       -81.113003417671806        24028.708005574324     
   55211.346863158076       0.34167757010366639       -81.111710984483508        24109.819716558806     
   55411.346863158076       0.33434986548930068       -81.276449891302860        24191.096166450108     
   55611.346863158076       0.32562021159339338       -81.574371311406935        24272.670537761514     
   55811.346863158076       0.31592182940286140       -81.873336300039611        24354.543874061554     
   56011.346863158076       0.31095381936712785       -81.389446470320848        24435.933320531876     
   56211.346863158076       0.30591016609416954       -81.294976037985805        24517.228296569861     
   56411.346863158076       0.29976761887762265       -81.402904936842859        24598.631201506705     
   56611.346863158076       0.29273496407082633       -81.566565100242272        24680.197766606947     
   56811.346863158076       0.28517326196293347       -81.726861106449093        24761.924627713397     
   57011.346863158076       0.27735448010920905       -81.866135114913320        24843.790762828310     
   57211.346863158076       0.26944687026626757       -81.982698909588066        24925.773461737899     
   57411.346863158076       0.26263148352476839       -81.919360177521185        25007.692821915422     
   57611.346863158076       0.25819914390806342       -81.592126047790856        25089.284947963213     
   57811.346863158076       0.25469859041595494       -81.345863616785024        25170.630811579998     
   58011.346863158076       0.25072272081061497       -81.288620503393886        25251.919432083392     
   58211.346863158076       0.24555838378845762       -81.397748952348337        25333.317181035742     
   58411.346863158076       0.23904674986377134       -81.614188420576482        25414.931369456317     
   58611.346863158076       0.23136117112487184       -81.878864913122371        25496.810234369441     
   58811.346863158076       0.22281628905089929       -82.147496470032834        25578.957730839473     
   59011.346863158076       0.20980727164470098       -82.970050710945159        25661.927781550417     
   59211.346863158076       0.20032647720402441       -82.868758982719498        25744.796540533138     
   59411.346863158076       0.19231737620487166       -82.777601189102285        25827.574141722242     
   59611.346863158076       0.18466521492021809       -82.767898986112627        25910.342040708354     
   59811.346863158076       0.17702878411080195       -82.804957995628996        25993.146998703982     
   60011.346863158076       0.16846908146856926       -82.990922425539296        26076.137921129521     
   60211.346863158076       0.16538977099945462       -81.770704201163610        26157.908625330685     
   60411.346863158076       0.16151048217238401       -81.748820202794391        26239.657445533481     
   60611.346863158076       0.15627683432627376       -81.886632210426683        26321.544077743907     
   60811.346863158076       0.15161637581427592       -81.820877427210505        26403.364955171117     
   61011.346863158076       0.14783495584880144       -81.670123411715835        26485.035078582834     
   61211.346863158076       0.14457085178011481       -81.530583864262596        26566.565662447098     
   61411.346863158076       0.14143237505973166       -81.436330622353921        26648.001993069451     
   61611.346863158076       0.13811532173781357       -81.396429383611661        26729.398422453061     
   61811.346863158076       0.13440654859056547       -81.409767073669698        26810.808189526731     
   62011.346863158076       0.13017293452927306       -81.470197458827855        26892.278386985559     
   62211.346863158076       0.12534933293838235       -81.568914001621494        26973.847300987181     
   62411.346863158076       0.11992551822073899       -81.696066870934800        27055.543367858118     
   62611.346863158076       0.11393195671376735       -81.842048980248251        27137.385416838366     
   62811.346863158076       0.10742548100175214       -81.998435904791350        27219.383852743158     
   63011.346863158076       0.10047646466400975       -82.158515688316015        27301.542368431474     
   63211.346863158076        9.3078880862153018E-002  -82.328943940070175        27383.871312371542     
   63411.346863158076        8.7772023628499785E-002  -82.142879120240167        27466.014191491784     
   63611.346863158076        8.2031706283911709E-002  -82.210318265207732        27548.224509756990     
   63811.346863158076        7.4692333838624836E-002  -82.490181331860597        27630.714691088851     
   64011.346863158076        6.5649468788301635E-002  -82.870791775300972        27713.585482864153     
   64211.346863158076        5.6120642271001109E-002  -78.763021579454318        27792.348504443609     
   64411.346863158076        5.3583724519759790E-002  -78.945782741285299        27871.294287184894     
   64611.346863158076        4.9682102519335358E-002  -79.683864353375881        27950.978151538271     
   64811.346863158076        4.4011070279019293E-002  -80.282795675200290        28031.260947213472     
   65011.346863158076        3.7241818086679063E-002  -80.686857320880662        28111.947804534353     
   65211.346863158076        2.9921788577746244E-002  -80.944751842220811        28192.892556376573     
   65411.346863158076        2.2380799507284360E-002  -81.110045991340129        28274.002602367913     
   65611.346863158076        1.4796556759653301E-002  -81.220399096408372        28355.223001464321     
   65811.346863158076        7.2587803867065204E-003  -81.300014562945719        28436.523016027266     
   66011.346863158076        1.9073698864408017E-004  -81.312968826757839        28517.835984854024     
   66211.346863158076       -3.5986974857873943E-003  -80.930448697487876        28598.766433551511     
   66411.346863158076       -5.8692679920797630E-003  -80.955262938988952        28679.721696490498     
   66611.346863158076       -8.4720413195029098E-003  -81.255019081230827        28760.976715571731     
   66811.346863158076       -1.2313139135233853E-002  -81.652549121709228        28842.629264693442     
   67011.346863158076       -1.7642471570831098E-002  -82.042389661924844        28924.671654355367     
   67211.346863158076       -2.4331869083069835E-002  -82.372734964451368        29007.044389319817     
   67411.346863158076       -3.2072410394151707E-002  -82.628461368897575        29089.672850688716     
   67611.346863158076       -4.0512642173932634E-002  -82.818005494180312        29172.490856182896     
   67811.346863158076       -4.9342200415923132E-002  -82.961698849849483        29255.452555032745     
   68011.346863158076       -6.4401770197947739E-002  -79.194547242597054        29334.647102275343     
   68211.346863158076       -7.2561257915535804E-002  -78.463383584730209        29413.110485860074     
   68411.346863158076       -7.9065740405363127E-002  -78.611397512393438        29491.721883372466     
   68611.346863158076       -8.5413274216982527E-002  -78.959851697401518        29570.681735069866     
   68811.346863158076       -9.1925438869363774E-002  -79.289394729395937        29649.971129799262     
   69011.346863158076       -9.8590433331313621E-002  -79.560740837815160        29729.531870637078     
   69211.346863158076      -0.10653826186910909       -79.895227802693114        29809.427098439770     
   69411.346863158076      -0.10451061571102893       -81.832848084698725        29891.259946524468     
   69611.346863158076      -0.10731655803722789       -82.481626710371629        29973.741573234838     
   69811.346863158076      -0.11115319386206035       -82.434803090791945        30056.176376325631     
   70011.346863158076      -0.11428849403582109       -82.225379887923538        30138.401756213556     
   70211.346863158076      -0.11692313334012827       -82.248335136528965        30220.650091350086     
   70411.346863158076      -0.11940280907975087       -82.447403729592750        30303.097495079677     
   70611.346863158076      -0.12199791497011342       -82.758629247925526        30385.856124327602     
   70811.346863158076      -0.12490565419535610       -83.131156457929833        30468.987280785532     
   71011.346863158076      -0.12826017895067138       -83.526587016174105        30552.513867801707     
   71211.346863158076      -0.13214070694223495       -83.917173208998761        30636.431041010706     
   71411.346863158076      -0.13657929617798348       -84.284456324649000        30720.715497335354     
   71611.346863158076      -0.14156965041954628       -84.618091131400902        30805.333588466754     
   71811.346863158076      -0.14707698586803641       -84.914570699613009        30890.248159166367     
   72011.346863158076      -0.15304808287398591       -85.175775955759562        30975.423935122126     
   72211.346863158076      -0.15942041118816291       -85.407447721880715        31060.831382844008     
   72411.346863158076      -0.16612945017910619       -85.617732950096681        31146.449115794105     
   72611.346863158076      -0.17311389900734381       -85.815975539138392        31232.265091333244     
   72811.346863158076      -0.17762248982570483       -87.364465139187644        31319.629556472431     
   73011.346863158076      -0.18231069624157764       -89.200782510342222        31408.830338982774     
   73211.346863158076      -0.18885787865543885       -90.507202385757950        31499.337541368532     
   73411.346863158076      -0.19719200561529659       -91.189555409689106        31590.527096778220     
   73611.346863158076      -0.20702887351848875       -91.481215463982963        31682.008312242204     
   73811.346863158076      -0.21722960278236703       -91.364052206416801        31773.372364448620     
   74011.346863158076      -0.21236427390059076       -94.493862891734310        31867.866227340353     
   74211.346863158076      -0.21431571050372911       -95.632660618223085        31963.498887958576     
   74411.346863158076      -0.21938706294630822       -95.929116500056210        32059.428004458634     
   74611.346863158076      -0.22580895999055961       -95.916158059449856        32155.344162518082     
   74811.346863158076      -0.23275697894655784       -95.836386619199203        32251.180549137280     
   75011.346863158076      -0.23985746585025730       -95.796307395957115        32346.976856533238     
   75211.346863158076      -0.24694719778417368       -95.839699577604222        32442.816556110844     
   75411.346863158076      -0.25395986110079194       -95.981980451354971        32538.798536562197     
   75611.346863158076      -0.26087340126011671       -96.226006028653757        32635.024542590851     
   75811.346863158076      -0.26768580051876173       -96.569214848351066        32731.593757439201     
   76011.346863158076      -0.27133562937215139       -98.000626959519153        32829.594384398719     
   76211.346863158076      -0.27305886521052464       -100.52185472527238        32930.116239123992     
   76411.346863158076      -0.27531942364872058       -103.04507009606552        33033.161309220057     
   76611.346863158076      -0.27873518254162150       -105.26080106670769        33138.422110286767     
   76811.346863158076      -0.28343253285087627       -107.06857387305745        33245.490684159828     
   77011.346863158076      -0.28930568781323374       -108.47025341172753        33353.960937571552     
   77211.346863158076      -0.29612779418494972       -109.52708837790871        33463.488025949460     
   77411.346863158076      -0.30363243362855141       -110.32809061986237        33573.816116569324     
   77611.346863158076      -0.31157237800205051       -110.96544550191712        33684.781562071243     
   77811.346863158076      -0.31975118906627842       -111.51915024624383        33796.300712317483     
   78011.346863158076      -0.32803104150393153       -112.05063809736026        33908.351350414843     
   78211.346863158076      -0.32976423140691297       -114.21690878697406        34022.568259201820     
   78411.346863158076      -0.33453520530442415       -115.30265623672935        34137.870915438551     
   78611.346863158076      -0.34061343351428752       -115.97690249180401        34253.847817930357     
   78811.346863158076      -0.34718395406956765       -116.54158618657023        34370.389404116926     
   79011.346863158076      -0.35389074948851063       -117.12107246860815        34487.510476585536     
   79211.346863158076      -0.36058708163704428       -117.76060166186237        34605.271078247395     
   79411.346863158076      -0.36721787906744108       -118.47191520036863        34723.742993447762     
   79611.346863158076      -0.37546811309398903       -117.64475122730764        34841.387744675070     
   79811.346863158076      -0.38214049558490182       -117.74571763501412        34959.133462310085     
   80011.346863158076      -0.38481371326980279       -119.20758903595433        35078.341051346040     
   80211.346863158076      -0.38660065074160310       -121.37000435169470        35199.711055697735     
   80411.346863158076      -0.38858758025171186       -123.58861703432189        35323.299672732057     
   80611.346863158076      -0.39086004627620413       -125.78592966905688        35449.085602401115     
   80811.346863158076      -0.39346111550207136       -127.91457942663943        35577.000181827752     
   81011.346863158076      -0.39642170898699736       -129.93828425971520        35706.938466087471     
   81211.346863158076      -0.39976274082020241       -131.82944310504729        35838.767909192517     
   81411.346863158076      -0.40349430324650726       -133.56881459539170        35972.336723787907     
   81611.346863158076      -0.40761514784782643       -135.14532627565785        36107.482050063561     
   81811.346863158076      -0.41211325204529486       -136.55551145808613        36244.037561521647     
   82011.346863158076      -0.41696755521605405       -137.80246030935365        36381.840021830998     
   82211.346863158076      -0.42215055369837795       -138.89296652079810        36520.732988351796     
   82411.346863158076      -0.42763124443561185       -139.84415362814514        36660.577141979942     
   82611.346863158076      -0.43337790476293286       -140.71360657567547        36801.290748555621     
   82811.346863158076      -0.43936034183487022       -141.50694420401791        36942.797692759639     
   83011.346863158076      -0.44555144876474434       -142.23166907512689        37085.029361834764     
   83211.346863158076      -0.45192808269782053       -142.89572995365052        37227.925091788413     
   83411.346863158076      -0.45847139642222773       -143.50671481455211        37371.431806602966     
   83611.346863158076      -0.46667319587661749       -143.71745446117177        37515.149261064136     
   83811.346863158076      -0.47593288893754609       -143.74915480461848        37658.898415868753     
   84011.346863158076      -0.48533949222502332       -143.84224250571091        37802.740658374467     
   84211.346863158076      -0.49449353402209895       -144.06691541924536        37946.807573793711     
   84411.346863158076      -0.50332688260723235       -144.40517477250000        38091.212748566213     
   84611.346863158076      -0.51254412349960055       -143.78688155271800        38234.999630118931     
   84811.346863158076      -0.52090261142180339       -143.80320268967085        38378.802832808600     
   85011.346863158076      -0.52885047939615581       -144.12981845075799        38522.932651259362     
   85211.346863158076      -0.53278377635187968       -145.45946798444945        38668.392119243814     
   85411.346863158076      -0.53701751590134938       -146.53269411717190        38814.924813360987     
   85611.346863158076      -0.54165744476359545       -147.40157534804436        38962.326388709029     
   85811.346863158076      -0.54667178014279894       -148.12708701065273        39110.453475719682     
   86011.346863158076      -0.55201127804146910       -145.16137892104913        39255.614854640728     
   86211.346863158076      -0.55763276275993579       -145.51624317702948        39401.131097817757     
   86411.346863158076      -0.56350198526594131       -145.81919518251109        39546.950293000271     
