 #              _____________________  _______________________             #
 #              ___  __ \__  __ \_  / / /_  /___  ____/_  ___/             #
 #              __  / / /_  /_/ /  / / /_  __/_  __/  _____ \              #
 #              _  /_/ /_  _, _// /_/ / / /_ _  /___  ____/ /              #
 #              /_____/ /_/ |_| \____/  \__/ /_____/  /____/               #
 #                                                                         #
  
 #        time                      T            heat flux [W.L-2]   in    x              directions   cumulative flux
 #-----------------------------------------------------------------------------------------------

   0.0000000000000000        10.000000000000000       -0.0000000000000000        0.0000000000000000     
   1.0000000000000000        10.000000000000000       -0.0000000000000000        0.0000000000000000     
   1.9540000000000002        10.000000000000004       -0.0000000000000000        0.0000000000000000     
   2.8641160000000001        10.000000000000004       -0.0000000000000000        0.0000000000000000     
   3.8288389600000006        10.000000000000002       -0.0000000000000000        0.0000000000000000     
   4.8514452976000007        10.000000000000002       -0.0000000000000000        0.0000000000000000     
   5.9354080154560007        10.000000000000002       -0.0000000000000000        0.0000000000000000     
   7.0844084963833609        10.000000000000002       -0.0000000000000000        0.0000000000000000     
   8.3023490061663630        10.000000000000000       -0.0000000000000000        0.0000000000000000     
   9.5933659465363448        10.000000000000002       -0.0000000000000000        0.0000000000000000     
   10.961843903328527        10.000000000000000       -0.0000000000000000        0.0000000000000000     
   12.412430537528239        10.000000000000002       -0.0000000000000000        0.0000000000000000     
   13.950052369779934        10.000000000000002       -0.0000000000000000        0.0000000000000000     
   15.579931511966731        10.000000000000002       -5.6488147492927914E-013   5.6488147492927914E-013
   17.307603402684734        10.000000000000002       -5.6488147492927914E-013   1.1297629498585583E-012
   19.138935606845820        10.000000000000002       -5.6488147492927914E-013   1.6946444247878373E-012
   21.080147743256571        10.000000000000002       -0.0000000000000000        1.6946444247878373E-012
   23.137832607851966        10.000000000000002       -0.0000000000000000        1.6946444247878373E-012
   25.318978564323086        10.000000000000002       -0.0000000000000000        1.6946444247878373E-012
   27.630993278182473        10.000000000000004       -0.0000000000000000        1.6946444247878373E-012
   30.081728874873424        10.000000000000004       -0.0000000000000000        1.6946444247878373E-012
   32.679508607365833        10.000000000000004       -0.0000000000000000        1.6946444247878373E-012
   35.433155123807786        10.000000000000004       -0.0000000000000000        1.6946444247878373E-012
   38.352020431236255        10.000000000000005       -0.0000000000000000        1.6946444247878373E-012
   41.446017657110431        10.000000000000005       -0.0000000000000000        1.6946444247878373E-012
   44.725654716537058        10.000000000000005       -0.0000000000000000        1.6946444247878373E-012
   48.202069999529286        10.000000000000005       -0.0000000000000000        1.6946444247878373E-012
   51.887070199501046        10.000000000000005       -0.0000000000000000        1.6946444247878373E-012
   55.793170411471110        10.000000000000005       -0.0000000000000000        1.6946444247878373E-012
   59.933636636159378        10.000000000000005       -0.0000000000000000        1.6946444247878373E-012
   64.322530834328944        10.000000000000005       -0.0000000000000000        1.6946444247878373E-012
   68.974758684388689        10.000000000000007       -0.0000000000000000        1.6946444247878373E-012
   73.906120205452012        10.000000000000007       -0.0000000000000000        1.6946444247878373E-012
   79.133363417779137        10.000000000000007       -0.0000000000000000        1.6946444247878373E-012
   84.674241222845893        10.000000000000005       -0.0000000000000000        1.6946444247878373E-012
   90.547571696216650        10.000000000000005       -0.0000000000000000        1.6946444247878373E-012
   96.773301997989648        10.000000000000005       -0.0000000000000000        1.6946444247878373E-012
   99.476364677492242        10.000000000000005       -0.0000000000000000        1.6946444247878373E-012
   102.34161111776500        10.000000000000005       -0.0000000000000000        1.6946444247878373E-012
   105.37877234445412        10.000000000000005       -0.0000000000000000        1.6946444247878373E-012
   108.59816324474458        10.000000000000004       -0.0000000000000000        1.6946444247878373E-012
   112.01071759905247        10.000000000000002        5.6488147492927914E-013   2.2595258997171166E-012
   115.62802521461883        10.000000000000000        5.6488147492927914E-013   2.8244073746463958E-012
   119.46237128711918        10.000000000000004       -0.0000000000000000        2.8244073746463958E-012
   123.52677812396955        10.000000000000002       -0.0000000000000000        2.8244073746463958E-012
   127.83504937103093        10.000000000000000       -0.0000000000000000        2.8244073746463958E-012
   132.40181689291600        10.000000000000000       -0.0000000000000000        2.8244073746463958E-012
   137.24259046611419        10.000000000000000       -0.0000000000000000        2.8244073746463958E-012
   142.37381045370427        10.000000000000004       -1.1297629498585583E-012   3.9541703245049543E-012
   147.81290364054973        10.000000000000004       -1.1297629498585583E-012   5.0839332743635128E-012
   153.57834241860593        10.000000000000005       -1.6946444247878371E-012   6.7785776991513501E-012
   159.68970752334550        10.000000000000004       -1.1297629498585583E-012   7.9083406490099086E-012
   166.16775453436946        10.000000000000004       -1.1297629498585583E-012   9.0381035988684663E-012
   173.03448436605484        10.000000000000002       -5.6488147492927914E-013   9.6029850737977459E-012
   180.31321798764137        10.000000000000002       -5.6488147492927914E-013   1.0167866548727026E-011
   188.02867562652307        10.000000000000000       -5.6488147492927914E-013   1.0732748023656305E-011
   196.20706072373767        9.9999999999999982       -0.0000000000000000        1.0732748023656305E-011
   204.87614892678516        9.9999999999999982        5.6488147492927914E-013   1.1297629498585585E-011
   214.06538242201549        10.000000000000000       -0.0000000000000000        1.1297629498585585E-011
   223.80596992695965        9.9999999999999982       -5.6488147492927914E-013   1.1862510973514865E-011
   234.13099268220046        9.9999999999999982       -0.0000000000000000        1.1862510973514865E-011
   245.07551680275571        10.000000000000002       -5.6488147492927914E-013   1.2427392448444144E-011
   256.67671237054429        10.000000000000002       -1.1297629498585583E-012   1.3557155398302702E-011
   268.97397967240016        10.000000000000004       -1.6946444247878371E-012   1.5251799823090538E-011
   282.00908301236740        10.000000000000002       -5.6488147492927914E-013   1.5816681298019817E-011
   295.82629255273270        10.000000000000002       -0.0000000000000000        1.5816681298019817E-011
   310.47253466551990        10.000000000000000       -0.0000000000000000        1.5816681298019817E-011
   325.99755130507430        10.000000000000000       -0.0000000000000000        1.5816681298019817E-011
   342.45406894300197        10.000000000000000       -0.0000000000000000        1.5816681298019817E-011
   359.89797763920529        10.000000000000000       -5.6488147492927914E-013   1.6381562772949097E-011
   378.38852085718082        10.000000000000000       -5.6488147492927914E-013   1.6946444247878377E-011
   397.98849666823492        9.9999999999999982       -1.6946444247878371E-012   1.8641088672666212E-011
   418.76447102795225        9.9999999999999893       -6.2136962242220705E-012   2.4854784896888282E-011
   440.78700384925264        9.9999999999999645       -1.7511325722807653E-011   4.2366110619695935E-011
   462.80953667055303        9.9999999999998987       -4.9709569793776564E-011   9.2075680413472505E-011
   486.15342146113142        9.9999999999997016       -1.4009060578246125E-010   2.3216628619593375E-010
   510.89793933914450        9.9999999999991260       -3.9315750655077838E-010   6.2532379274671216E-010
   537.12712828983842        9.9999999999974865       -1.0783587356399940E-009   1.7036825283867062E-009
   563.35631724053235        9.9999999999934772       -2.6831870059140775E-009   4.3868695343007841E-009
   591.15925752826786        9.9999999999831921       -6.6181513602714437E-009   1.1005020894572228E-008
   620.63037423326750        9.9999999999571365       -1.6145442316428707E-008   2.7150463211000937E-008
   650.10149093826715        9.9999999998996518       -3.6306627038129783E-008   6.3457090249130726E-008
   679.57260764326679        9.9999999997808775       -7.6374234936339173E-008   1.3983132518546990E-007
   710.81199135056647        9.9999999995214779       -1.6040826267272118E-007   3.0023958785819105E-007
   743.92573808030409        9.9999999989581028       -3.3540854360582212E-007   6.3564813146401323E-007
   779.02630961382602        9.9999999977444070       -6.9642768352201059E-007   1.3320758149860239E-006
   816.23291543935920        9.9999999951565037       -1.4327156634410003E-006   2.7647914784270240E-006
   855.67191761442439        9.9999999897053531       -2.9146172515486940E-006   5.6794087299757184E-006
   895.11091978948957        9.9999999795140866       -5.5707108472814444E-006   1.1250119577257163E-005
   936.91626209505864        9.9999999594914986       -1.0567309491451185E-005   2.1817429068708350E-005
   981.22992493896186        9.9999999205606436       -1.9859094582127680E-005   4.1676523650836030E-005
   1028.2024075534994        9.9999998457627903       -3.6916295705633486E-005   7.8592819356469522E-005
   1077.9932391249090        9.9999997039408886       -6.7789524979814555E-005   1.4638234433628406E-004
   1127.7840706963186        9.9999994631453095       -1.1798728793853121E-004   2.6436963227481527E-004
   1177.5749022677282        9.9999990719189569       -1.9628636045166390E-004   4.6065599272647917E-004
   1227.3657338391379        9.9999984598984000       -3.1412543534546406E-004   7.7478142807194323E-004
   1269.5883590116932        9.9999977275967105       -4.5102023828674586E-004   1.2258016663586890E-003
   1314.3443416946020        9.9999966294100915       -6.5003209589176028E-004   1.8758337622504493E-003
   1359.1003243775108        9.9999951069130812       -9.1773715716905876E-004   2.7935709194195080E-003
   1406.5416660213941        9.9999928652291601       -1.2996250018560099E-003   4.0931959212755177E-003
   1456.8294881639104        9.9999895617379071       -1.8440992840125167E-003   5.9372952052880344E-003
   1510.1345796349776        9.9999846942578685       -2.6191914692925812E-003   8.5564866745806156E-003
   1566.6379765943088        9.9999775307200665       -3.7198367600690669E-003   1.2276323434649683E-002
   1626.5315773712000        9.9999670106685183       -5.2774493986069409E-003   1.7553772833256626E-002
   1690.0187941947047        9.9999516089583622       -7.4723268656605914E-003   2.5026099698917219E-002
   1757.3152440276197        9.9999291495796108       -1.0549447404672530E-002   3.5575547103589747E-002
   1828.6494808505095        9.9998965548632111       -1.4838223303823693E-002   5.0413770407413440E-002
   1904.2637718827727        9.9998495125884901       -2.0776716835997414E-002   7.1190487243410858E-002
   1984.4149203769718        9.9997820409600315       -2.8940700068291910E-002  0.10013118731170277     
   2069.3751377808230        9.9996859294118785       -4.0077728944349286E-002  0.14020891625605206     
   2159.4329682289049        9.9995500321862210       -5.5146096894164200E-002  0.19535501315021625     
   2254.8942685038719        9.9993593921717334       -7.5358132006234133E-002  0.27071314515645040     
   2350.3555687788389        9.9991131355427392      -0.10038167699071285       0.37109482214716327     
   2445.8168690538059        9.9988016800196640      -0.13077738349640389       0.50187220564356716     
   2547.0058473452709        9.9983863227234266      -0.16967455745253807       0.67154676309610517     
   2654.2661643342240        9.9978355846196578      -0.21912636260169041       0.89067312569779555     
   2767.9621003425141        9.9971098588795382      -0.28156437241150467        1.1722374981093002     
   2888.4797925113016        9.9961598421700639      -0.35983264989427177        1.5320701480035721     
   3016.2285462102163        9.9949248383332190      -0.45721525832924859        1.9892854063328207     
   3151.6422251310660        9.9933309801339334      -0.57745455353232278        2.5667399598651435     
   3295.1807247871666        9.9912894338957905      -0.72475765352334476        3.2914976133884881     
   3447.3315344226330        9.9886946718785889      -0.90378873049500974        4.1952863438834980     
   3599.4823440580994        9.9856375957316814       -1.1060301438806581        5.3013164877641561     
   3751.6331536935659        9.9820905001081854       -1.3315603119775594        6.6328767997417160     
   3903.7839633290323        9.9780297567900025       -1.5802424898160841        8.2131192895578007     
   4065.0638215426270        9.9731253336893850       -1.8694621281688055        10.082581417726606     
   4236.0204712490377        9.9672317240628860       -2.2040982499719193        12.286679667698525     
   4417.2345199378324        9.9601869857381935       -2.5892381990225246        14.875917866721050     
   4609.3214115479550        9.9518130602013226       -3.0301148927644181        17.906032759485470     
   4801.4083031580776        9.9425309333721987       -3.5018868686621882        21.407919628147660     
   5001.4083031580776        9.9318891575899180       -4.0244928221224932        25.432412450270153     
   5201.4083031580776        9.9202855602428350       -4.5763219668346480        30.008734417104801     
   5381.4083031580776        9.9090792100768468       -5.0950265932206253        35.103761010325428     
   5572.2083031580778        9.8963671551852137       -5.6677152735253351        40.771476283850760     
   5772.2083031580778        9.8821594360438390       -6.2909489651307871        47.062425248981548     
   5972.2083031580778        9.8671061023983704       -6.9349752354475260        53.997400484429072     
   6172.2083031580778        9.8512475605711831       -7.5977241794206023        61.595124663849674     
   6372.2083031580778        9.8346267167416332       -8.2772083698234944        69.872333033673172     
   6572.2083031580778        9.8172882483658306       -8.9715327423060653        78.843865775979239     
   6732.2083031580778        9.8029815789893107       -9.5355593311093383        88.379425107088579     
   6901.8083031580782        9.7873549760614971       -10.141997561184029        98.521422668272606     
   7071.4083031580785        9.7712952397798034       -10.756001545250411        109.27742421352302     
   7241.0083031580789        9.7548307392851292       -11.376618351077674        120.65404256460070     
   7420.7843031580787        9.7369571056234090       -12.040830467307973        132.69487303190868     
   7611.3468631580790        9.7175770912088577       -12.750839198772214        145.44571223068090     
   7811.3468631580790        9.6968038613663055       -13.501258980180376        158.94697121086128     
   8011.3468631580790        9.6756406174466267       -14.255714428356754        173.20268563921803     
   8211.3468631580799        9.6541294576990087       -15.013076307511918        188.21576194672994     
   8411.3468631580799        9.6323110121518862       -15.772296225144185        203.98805817187412     
   8611.3468631580799        9.6102243330848989       -16.532403223472727        220.52046139534684     
   8811.3468631580799        9.5879068155614355       -17.292499979676140        237.81296137502298     
   9011.3468631580799        9.5653941450819069       -18.051759038813195        255.86472041383618     
   9211.3468631580799        9.5427202593997151       -18.809419586230074        274.67414000006625     
   9411.3468631580799        9.5199173382200009       -19.564783453296279        294.23892345336253     
   9611.3468631580799        9.4970158061101468       -20.317210906623941        314.55613435998646     
   9811.3468631580799        9.4740443601567250       -21.066115869783854        335.62225022977032     
   10011.346863158080        9.4510300068748059       -21.810961863251880        357.43321209302218     
   10211.346863158080        9.4279981037282212       -22.551258998731125        379.98447109175328     
   10411.346863158080        9.4049724009638371       -23.286561802728791        403.27103289448206     
   10611.346863158080        9.3819750861872411       -24.016466985095942        427.28749987957798     
   10811.346863158080        9.3590268364718234       -24.740610501212554        452.02811038079051     
   11011.346863158080        9.3361468788160842       -25.458664176814736        477.48677455760526     
   11211.346863158080        9.3133530549453702       -26.170332620039712        503.65710717764495     
   11411.346863158080        9.2906618862475305       -26.875350727097892        530.53245790474284     
   11611.346863158080        9.2680886390281643       -27.573481328287361        558.10593923303020     
   11811.346863158080        9.2456473943914297       -28.264512255621426        586.37045148865161     
   12011.346863158080        9.2233511249451219       -28.948252850231277        615.31870433888287     
   12211.346863158080        9.2012117730229441       -29.624530957571917        644.94323529645476     
   12411.346863158080        9.1792403198036823       -30.293191596248974        675.23642689270378     
   12611.346863158080        9.1574468376093243       -30.954097463932346        706.19052435663616     
   12811.346863158080        9.1358405258742064       -31.607130333772513        737.79765469040865     
   13011.346863158080        9.1144297377450982       -32.252192132701666        770.04984682311033     
   13211.346863158080        9.0932220065403193       -32.889204833959269        802.93905165706963     
   13411.346863158080        9.0722240787617228       -33.518109025103975        836.45716068217359     
   13611.346863158080        9.0514419534645061       -34.138861933363067        870.59602261553664     
   13811.346863158080        9.0308809228270164       -34.751435840200983        905.34745845573764     
   14011.346863158080        9.0105456102198023       -35.355817062607457        940.70327551834509     
   14211.346863158080        8.9904400069879795       -35.952004953600628        976.65528047194573     
   14411.346863158080        8.9705675132416651       -36.540010164987734        1013.1952906369335     
   14611.346863158080        8.9509309870367915       -37.119851973197065        1050.3151426101306     
   14811.346863158080        8.9315328009142636       -37.691555290196000        1088.0066979003266     
   15011.346863158080        8.9123748990542673       -38.255148386952577        1126.2618462872792     
   15211.346863158080        8.8934588475023126       -38.810661900718493        1165.0725081879978     
   15411.346863158080        8.8747858745523676       -39.358128811298769        1204.4306369992964     
   15611.346863158080        8.8563569025268514       -39.897584793227558        1244.3282217925239     
   15811.346863158080        8.8381725715638844       -40.429068852929042        1284.7572906454529     
   16011.346863158080        8.8202332533860748       -40.952624574406485        1325.7099152198593     
   16211.346863158080        8.8025390545062052       -41.468301856860684        1367.1782170767201     
   16411.346863158080        8.7850898155962511       -41.976158030234025        1409.1543751069541     
   16611.346863158080        8.7678851184589650       -42.476257186093264        1451.6306322930475     
   16811.346863158080        8.7509243063535092       -42.968667962294042        1494.5993002553416     
   17011.346863158080        8.7342065118006396       -43.453461395197621        1538.0527616505392     
   17211.346863158080        8.7177306794623650       -43.930710375493241        1581.9834720260324     
   17411.346863158080        8.7014955730806189       -44.400491273001414        1626.3839632990337     
   17611.346863158080        8.6854997643967060       -44.862886887794275        1671.2468501868279     
   17811.346863158080        8.6697416143917518       -45.317988734230880        1716.5648389210587     
   18011.346863158080        8.6542192637949267       -45.765896868497464        1762.3307357895562     
   18211.346863158080        8.6389306466828035       -46.206716755414512        1808.5374525449708     
   18411.346863158080        8.6238735303403136       -46.640554206504774        1855.1780067514756     
   18611.346863158080        8.6090455730634989       -47.067510265096551        1902.2455170165722     
   18811.346863158080        8.5944443842181233       -47.487677882001208        1949.7331948985734     
   19011.346863158080        8.5800675690806187       -47.901141619671996        1997.6343365182454     
   19211.346863158080        8.5659127450113335       -48.307980640580020        2045.9423171588255     
   19411.346863158080        8.5519775254181241       -48.708273958003602        2094.6505911168292     
   19611.346863158080        8.5382594845244757       -49.102105285579434        2143.7526964024087     
   19811.346863158080        8.5247561281862012       -49.489564581489738        2193.2422609838986     
   20011.346863158080        8.5114648898413563       -49.870745718844987        2243.1130067027434     
   20211.346863158080        8.4983831496264255       -50.245742677402021        2293.3587493801456     
   20411.346863158080        8.4855082574586334       -50.614647446970991        2343.9733968271166     
   20611.346863158080        8.4728375373939624       -50.977551556583393        2394.9509483837001     
   20811.346863158080        8.4603682619725298       -51.334550736692307        2446.2854991203922     
   21011.346863158080        8.4480976054752404       -51.685749949394463        2497.9712490697866     
   21211.346863158080        8.4360226018251847       -52.031265330779902        2550.0025144005667     
   21411.346863158080        8.4241401374913121       -52.371220697909607        2602.3737350984761     
   21611.346863158080        8.4124469972170655       -52.705738975580722        2655.0794740740566     
   21811.346863158080        8.4009399553083455       -53.034931838699308        2708.1144059127560     
   22011.346863158080        8.3896158819749029       -53.358892095500032        2761.4732980082558     
   22211.346863158080        8.3784718278382826       -53.677691845772401        2815.1509898540280     
   22411.346863158080        8.3675050613055184       -53.991386609252004        2869.1423764632800     
   22611.346863158080        8.3567130518473789       -54.300023535274725        2923.4423999985547     
   22811.346863158080        8.3460934065243571       -54.603651266783508        2978.0460512653381     
   23011.346863158080        8.3356437795288638       -54.902328665111760        3032.9483799304498     
   23211.346863158080        8.3253617845824177       -55.196129497684083        3088.1445094281339     
   23411.346863158080        8.3152449410442184       -55.485141274147828        3143.6296507022817     
   23611.346863158080        8.3052906712141965       -55.769458856018659        3199.3991095583001     
   23811.346863158080        8.2954963419960119       -56.049176138105956        3255.4482856964059     
   24011.346863158080        8.2858593224998138       -56.324380098439740        3311.7726657948456     
   24211.346863158080        8.2763770241049350       -56.595149958044836        3368.3678157528902     
   24411.346863158080        8.2670468986641410       -56.861561854860845        3425.2293776077513     
   24611.346863158080        8.2578663910014232       -57.123696833276838        3482.3530744410282     
   24811.346863158080        8.2488328658118952       -57.381648111658500        3539.7347225526869     
   25011.346863158080        8.2399435490347592       -57.635522970184702        3597.3702455228718     
   25211.346863158080        8.2311955250527600       -57.885436661978332        3655.2556821848502     
   25411.346863158080        8.2225858067959585       -58.131500069523668        3713.3871822543738     
   25611.346863158080        8.2141114590468689       -58.373806508827514        3771.7609887632011     
   25811.346863158080        8.2057697291735767       -58.612423539143350        3830.3734123023446     
   26011.346863158080        8.1975581379232381       -58.847392927878921        3889.2208052302235     
   26211.346863158080        8.1894745041044832       -59.078737895018762        3948.2995431252421     
   26411.346863158080        8.1815169047457328       -59.306474097755370        4007.6060172229973     
   26611.346863158080        8.1736835897962692       -59.530620766765288        4067.1366379897627     
   26811.346863158080        8.1659728728263286       -59.751210041344031        4126.8878480311068     
   27011.346863158080        8.1583830212898896       -59.968292888916501        4186.8561409200238     
   27211.346863158080        8.1509121718351096       -60.181940149635210        4247.0380810696588     
   27411.346863158080        8.1435582928088923       -60.392238101872842        4307.4303191715317     
   27611.346863158080        8.1363192051280411       -60.599279438401943        4368.0295986099336     
   27811.346863158080        8.1291926534876051       -60.803152499416832        4428.8327511093503     
   28011.346863158080        8.1221763988486853       -61.003932937637153        4489.8366840469871     
   28211.346863158080        8.1152682932665403       -61.201681261501548        4551.0383653084882     
   28411.346863158080        8.1084663015427996       -61.396447827693493        4612.4348131361821     
   28611.346863158080        8.1017684559643648       -61.588283475411167        4674.0230966115932     
   28811.346863158080        8.0951727634416066       -61.777250781894288        4735.8003473934878     
   29011.346863158080        8.0886771128070141       -61.963429794711729        4797.7637771881991     
   29211.346863158080        8.0822792336426197       -62.146914677998566        4859.9106918661973     
   29411.346863158080        8.0759767338067920       -62.327802395389512        4922.2384942615872     
   29611.346863158080        8.0697672065130455       -62.506178285475592        4984.7446725470627     
   29811.346863158080        8.0636483693833831       -62.682104304662985        5047.4267768517257     
   30011.346863158080        8.0576181886841027       -62.855613994913000        5110.2823908466389     
   30211.346863158080        8.0516749514717638       -63.026715289510797        5173.3091061361501     
   30411.346863158080        8.0458172686489746       -63.195399581834479        5236.5045057179850     
   30611.346863158080        8.0400440153895794       -63.361653628307728        5299.8661593462930     
   30811.346863158080        8.0343542325068551       -63.525470578938190        5363.3916299252314     
   31011.346863158080        8.0287470149605777       -63.686857995151968        5427.0784879203838     
   31211.346863158080        8.0232214035070761       -63.845842947020749        5490.9243308674049     
   31411.346863158080        8.0177762948356239       -64.002473724705041        5554.9268045921099     
   31611.346863158080        8.0124103886490730       -64.156817166513108        5619.0836217586229     
   31811.346863158080        8.0071221812500806       -64.308952250991965        5683.3925740096147     
   32011.346863158080        8.0019100034031254       -64.458961644475821        5747.8515356540902     
   32211.346863158080        7.9967720947464240       -64.606922567693118        5812.4584582217831     
   32411.346863158080        7.9917067009592664       -64.752898562217169        5877.2113567840006     
   32611.346863158080        7.9867121688002864       -64.896934695602624        5942.1082914796034     
   32811.346863158076        7.9817870074992889       -65.039058571712914        6007.1473500513166     
   33011.346863158076        7.9769298857881115       -65.179288538521604        6072.3266385898378     
   33211.346863158076        7.9721395563813688       -65.317646904877662        6137.6442854947154     
   33411.346863158076        7.9674147345379502       -65.454172604841744        6203.0984580995573     
   33611.346863158076        7.9627539785548436       -65.588927924633225        6268.6873860241903     
   33811.346863158076        7.9581556236726421       -65.721995878111827        6334.4093819023019     
   34011.346863158076        7.9536178023910171       -65.853468556307249        6400.2628504586091     
   34211.346863158076        7.9491385495099234       -65.983430744645830        6466.2462812032554     
   34411.346863158076        7.9447159586492280       -66.111944705837615        6532.3582259090927     
   34611.346863158076        7.9403483428434809       -66.239040832735483        6598.5972667418282     
   34811.346863158076        7.9360343558254680       -66.364716301724201        6664.9619830435522     
   35011.346863158076        7.9317730463764224       -66.488941283602273        6731.4509243271541     
   35211.346863158076        7.9275638379833051       -66.611670440944366        6798.0625947680983     
   35411.346863158076        7.9234064439382639       -66.732856598413264        6864.7954513665118     
   35611.346863158076        7.9193007433624478       -66.852463058125863        6931.6479144246377     
   35811.346863158076        7.9152466497031186       -66.970471891110847        6998.6183863157485     
   36011.346863158076        7.9112439934884957       -67.086887986548646        7065.7052743022969     
   36211.346863158076        7.9072924369666779       -67.201738689238454        7132.9070129915353     
   36411.346863158076        7.9033914360378112       -67.315068843374164        7200.2220818349097     
   36611.346863158076        7.8995402489873880       -67.426933252006293        7267.6490150869158     
   36811.346863158076        7.8957379717873089       -67.537390089306427        7335.1864051762223     
   37011.346863158076        7.8919835743411593       -67.646497597850257        7402.8329027740729     
   37211.346863158076        7.8882759301013836       -67.754312770526411        7470.5872155445995     
   37411.346863158076        7.8846138533712660       -67.860888744462116        7538.4481042890620     
   37611.346863158076        7.8809973016006829       -67.966302770327005        7606.4144070593893     
   37811.346863158076        7.8774237906291837       -68.070554163150774        7674.4849612225398     
   38011.346863158076        7.8738922782445560       -68.173665318837450        7742.6586265413771     
   38211.346863158076        7.8704018358186607       -68.275652147318439        7810.9342786886955     
   38411.346863158076        7.8669504617916601       -68.376502393348403        7879.3107810820438     
   38611.346863158076        7.8635385225846921       -68.476286606676112        7947.7870676887196     
   38811.346863158076        7.8601659646269173       -68.575099230136601        8016.3621669188560     
   39011.346863158076        7.8568300202281254       -68.672993828388854        8085.0351607472448     
   39211.346863158076        7.8535278574764957       -68.770038368447871        8153.8051991156926     
   39411.346863158076        7.8502599470923853       -68.866394387059898        8222.6715935027532     
   39611.346863158076        7.8470231010315583       -68.962103118174241        8291.6336966209274     
   39811.346863158076        7.8438145185003680       -69.057173709285337        8360.6908703302124     
   40011.346863158076        7.8406340740469282       -69.151642904640610        8429.8425132348530     
   40211.346863158076        7.8374808179446678       -69.245477716751338        8499.0879909516043     
   40411.346863158076        7.8343542764297993       -69.338615721924313        8568.4266066735290     
   40611.346863158076        7.8312544391362513       -69.430975629672361        8637.8575823032006     
   40811.346863158076        7.8281816858990982       -69.522469976504311        8707.3800522797046     
   41011.346863158076        7.8251366645598317       -69.613018242178043        8776.9930705218831     
   41211.346863158076        7.8221201444640069       -69.702557679905098        8846.6956282017873     
   41411.346863158076        7.8191328760714223       -69.791049566967033        8916.4866777687548     
   41611.346863158076        7.8161764540855687       -69.878515048539526        8986.3651928172949     
   41811.346863158076        7.8132490894652422       -69.964901746279381        9056.3300945635747     
   42011.346863158076        7.8103530308973799       -70.050313425417926        9126.3804079889924     
   42211.346863158076        7.8074869089183796       -70.134770585416618        9196.5151785744092     
   42411.346863158076        7.8046502758246774       -70.218333104853059        9266.7335116792619     
   42611.346863158076        7.8018425036794241       -70.301059874829534        9337.0345715540916     
   42811.346863158076        7.7990628352138369       -70.383006015487538        9407.4175775695785     
   43011.346863158076        7.7963104097213058       -70.464224178103507        9477.8818017476824     
   43211.346863158076        7.7935842768634522       -70.544765892812549        9548.4265676404957     
   43411.346863158076        7.7908834299879786       -70.624678713740920        9619.0512463542364     
   43611.346863158076        7.7882068783121170       -70.703998971423488        9689.7552453256594     
   43811.346863158076        7.7855537421441134       -70.782744682999478        9760.5379900086591     
   44011.346863158076        7.7829233283021253       -70.860914167552309        9831.3989041762106     
   44211.346863158076        7.7803151451147947       -70.938492682959833        9902.3373968591713     
   44411.346863158076        7.7777288285921324       -71.015467155231150        9973.3528640144032     
   44611.346863158076        7.7751639939722859       -71.091843425245358        10044.444707439648     
   44811.346863158076        7.7726200743151965       -71.167657089175009        10115.612364528824     
   45011.346863158076        7.7700962139913958       -71.242972956137621        10186.855337484962     
   45211.346863158076        7.7675912660344295       -71.317872528168721        10258.173210013130     
   45411.346863158076        7.7651038989957089       -71.392434354077778        10329.565644367209     
   45611.346863158076        7.7626327672853819       -71.466716091780384        10401.032360458988     
   45811.346863158076        7.7601766813095985       -71.540744571580703        10472.573105030569     
   46011.346863158076        7.7577347371055865       -71.614514009775647        10544.187619040345     
   46211.346863158076        7.7553063973030048       -71.687989013061085        10615.875608053406     
   46411.346863158076        7.7528915300324766       -71.761109609170163        10687.636717662575     
   46611.346863158076        7.7504904103291246       -71.833797579400112        10759.470515241976     
   46811.346863158076        7.7481036829496510       -71.905964416388187        10831.376479658364     
   47011.346863158076        7.7457322854661470       -71.977520888939765        10903.354000547304     
   47211.346863158076        7.7433773364103118       -72.048387303031447        10975.402387850336     
   47411.346863158076        7.7410400007883418       -72.118502949645674        11047.520890799982     
   47611.346863158076        7.7387213502636119       -72.187833250075514        11119.708724050057     
   47811.346863158076        7.7364222433774064       -72.256372484765450        11191.965096534823     
   48011.346863158076        7.7341432484152826       -72.324141290000483        11264.289237824823     
   48211.346863158076        7.7318846092228997       -72.391181442734137        11336.680419267557     
   48411.346863158076        7.7296462316182142       -72.457551944941045        11409.137971212498     
   48611.346863158076        7.7274276952010421       -72.523323960388936        11481.661295172888     
   48811.346863158076        7.7252283137592901       -72.588571364833030        11554.249866537721     
   49011.346863158076        7.7230472394359033       -72.653359763314725        11626.903226301036     
   49211.346863158076        7.7208835712202442       -72.717739878220769        11699.620966179256     
   49411.346863158076        7.7187364264421214       -72.781748126160707        11772.402714305417     
   49611.346863158076        7.7166049598957622       -72.845412487837194        11845.248126793254     
   49811.346863158076        7.7144883489018046       -72.908758680667830        11918.156885473922     
   50011.346863158076        7.7123857889519538       -72.971810875195686        11991.128696349117     
   50211.346863158076        7.7102965372053971       -73.034585249871540        12064.163281598989     
   50411.346863158076        7.7082199990119005       -73.097081052296318        12137.260362651285     
   50611.346863158076        7.7061558112132289       -73.159276550356992        12210.419639201642     
   50811.346863158076        7.7041038680349461       -73.221134257296328        12283.640773458937     
   51011.346863158076        7.7020642622380731       -73.282614221602429        12356.923387680539     
   51211.346863158076        7.7000371324357051       -73.343693327397077        12430.267081007936     
   51411.346863158076        7.6980224557984780       -73.404382958347696        12503.671463966284     
   51611.346863158076        7.6960198703069640       -73.464735191902861        12577.136199158187     
   51811.346863158076        7.6940285975968861       -73.524834560254661        12650.661033718441     
   52011.346863158076        7.6920474807195642       -73.584780889886943        12724.245814608328     
   52211.346863158076        7.6900751256689208       -73.644667815736085        12797.890482424064     
   52411.346863158076        7.6881101130381451       -73.704562090679502        12871.595044514743     
   52611.346863158076        7.6861512145286923       -73.764490976323373        12945.359535491067     
   52811.346863158076        7.6841975520143055       -73.824441064961519        13019.183976556029     
   53011.346863158076        7.6822486782172490       -73.884365090706737        13093.068341646736     
   53211.346863158076        7.6803045960788623       -73.944190886392079        13167.012532533128     
   53411.346863158076        7.6783657423627982       -74.003829171621859        13241.016361704749     
   53611.346863158076        7.6764329484120619       -74.063180233995496        13315.079541938745     
   53811.346863158076        7.6745073774536827       -74.122140937163749        13389.201682875908     
   54011.346863158076        7.6725904342835971       -74.180612872009362        13463.382295747917     
   54211.346863158076        7.6706836485047312       -74.238511196179786        13537.620806944096     
   54411.346863158076        7.6687885405765179       -74.295772854899198        13611.916579798995     
   54611.346863158076        7.6669064855892337       -74.352362770862783        13686.268942569859     
   54811.346863158076        7.6650385908333636       -74.408277048245594        13760.677219618105     
   55011.346863158076        7.6631856074986082       -74.463541829259242        13835.140761447365     
   55211.346863158076        7.6613478961481780       -74.518207018253875        13909.658968465619     
   55411.346863158076        7.6595254432980404       -74.572337528543926        13984.231305994163     
   55611.346863158076        7.6577178974604667       -74.626007144232929        14058.857313138395     
   55811.346863158076        7.6559245886602536       -74.679297845031215        14133.536610983425     
   56011.346863158076        7.6541445600971549       -74.732296668153154        14208.268907651578     
   56211.346863158076        7.6523766612359898       -74.785084562229471        14283.053992213807     
   56411.346863158076        7.6506196940532494       -74.837723041240423        14357.891715255048     
   56611.346863158076        7.6488725508084521       -74.890247984721498        14432.781963239770     
   56811.346863158076        7.6471342867021814       -74.942673850907624        14507.724637090678     
   57011.346863158076        7.6454041139689553       -74.995004488246565        14582.719641578924     
   57211.346863158076        7.6436813427560439       -75.047244334580498        14657.766885913505     
   57411.346863158076        7.6419653160642014       -75.099404350001493        14732.866290263506     
   57611.346863158076        7.6402553943563110       -75.151498449696660        14808.017788713203     
   57811.346863158076        7.6385510193335957       -75.203531578035765        14883.221320291239     
   58011.346863158076        7.6368518311274158       -75.255487064506639        14958.476807355746     
   58211.346863158076        7.6351577711798058       -75.307322172428883        15033.784129528174     
   58411.346863158076        7.6334691055183583       -75.358975776026611        15109.143105304202     
   58611.346863158076        7.6317863426879144       -75.410385329168463        15184.553490633371     
   58811.346863158076        7.6301100676526463       -75.461506249916425        15260.014996883287     
   59011.346863158076        7.6284407117776087       -75.512331578894930        15335.527328462182     
   59211.346863158076        7.6267783188136553       -75.562904380408867        15411.090232842591     
   59411.346863158076        7.6251224027999864       -75.613313832136456        15486.703546674727     
   59611.346863158076        7.6234719561346376       -75.663675688285807        15562.367222363013     
   59811.346863158076        7.6218255881641932       -75.714107136823316        15638.081329499837     
   60011.346863158076        7.6201817172285633       -75.764707691076083        15713.846037190913     
   60211.346863158076        7.6185387828737738       -75.815544815653197        15789.661582006567     
   60411.346863158076        7.6168954702432963       -75.866641775384167        15865.528223781952     
   60611.346863158076        7.6152509040533323       -75.917972700657657        15941.446196482610     
   60811.346863158076        7.6136047609032076       -75.969468330463812        16017.415664813074     
   61011.346863158076        7.6119572889152014       -76.021028614762059        16093.436693427835     
   61211.346863158076        7.6103092627461564       -76.072535755969014        16169.509229183805     
   61411.346863158076        7.6086619079997346       -76.123864300087760        16245.633093483892     
   61611.346863158076        7.6070168126917679       -76.174888653253532        16321.807982137145     
   61811.346863158076        7.6053758273447887       -76.225489808295890        16398.033471945440     
   62011.346863158076        7.6037409503571300       -76.275562371873974        16474.309034317313     
   62211.346863158076        7.6021141995012247       -76.325021699319194        16550.634056016632     
   62411.346863158076        7.6004974772334997       -76.373810131082166        16627.007866147713     
   62611.346863158076        7.5988924420546926       -76.421901230670827        16703.429767378384     
   62811.346863158076        7.5973003987724859       -76.469301323692747        16779.899068702078     
   63011.346863158076        7.5957222178048207       -76.516048206131799        16856.415116908211     
   63211.346863158076        7.5941582885217898       -76.562207484893847        16932.977324393105     
   63411.346863158076        7.5926085255070594       -76.607864431424190        17009.585188824531     
   63611.346863158076        7.5910724381023496       -76.653111706809398        17086.238300531339     
   63811.346863158076        7.5895492331247336       -76.698038864933082        17162.936339396270     
   64011.346863158076        7.5880378935345210       -76.742729961308896        17239.679069357579     
   64211.346863158076        7.5865371980240699       -76.787269182567243        17316.466338540147     
   64411.346863158076        7.5850457494453085       -76.831740098085660        17393.298078638232     
   64611.346863158076        7.5835620860934121       -76.876212486108926        17470.174291124342     
   64811.346863158076        7.5820848510376306       -76.920727679141777        17547.095018803484     
   65011.346863158076        7.5806129290443991       -76.965295175388505        17624.060313978873     
   65211.346863158076        7.5791454852822708       -77.009902591228737        17701.070216570100     
   65411.346863158076        7.5776819057532734       -77.054531897922487        17778.124748468024     
   65611.346863158076        7.5762216855684699       -77.099173484432583        17855.223921952456     
   65811.346863158076        7.5747643184600797       -77.143833375246956        17932.367755327705     
   66011.346863158076        7.5733092254438548       -77.188532909812096        18009.556288237516     
   66211.346863158076        7.5718557604217089       -77.233299389310744        18086.789587626827     
   66411.346863158076        7.5704033144771188       -77.278148719621910        18164.067736346449     
   66611.346863158076        7.5689514877373298       -77.323067748023647        18241.390804094473     
   66811.346863158076        7.5675002486041887       -77.368006500336577        18318.758810594809     
   67011.346863158076        7.5660499984595724       -77.412885527738453        18396.171696122547     
   67211.346863158076        7.5646015041291887       -77.457615613895072        18473.629311736440     
   67411.346863158076        7.5631557171762900       -77.502121877078281        18551.131433613518     
   67611.346863158076        7.5617135374829463       -77.546363898553764        18628.677797512071     
   67811.346863158076        7.5602755872067426       -77.590346574110740        18706.268144086182     
   68011.346863158076        7.5588419988495161       -77.634127619253320        18783.902271705436     
   68211.346863158076        7.5574122587259662       -77.677816933351011        18861.580088638788     
   68411.346863158076        7.5559851929280155       -77.721558913416544        18939.301647552205     
   68611.346863158076        7.5545591285202338       -77.765501519832412        19017.067149072038     
   68811.346863158076        7.5531321681253907       -77.809766151909329        19094.876915223947     
   69011.346863158076        7.5517024731381976       -77.854429990589409        19172.731345214535     
   69211.346863158076        7.5502684652312517       -77.899524908023523        19250.630870122557     
   69411.346863158076        7.5488289745242394       -77.945038981179323        19328.575909103736     
   69611.346863158076        7.5473833839525462       -77.990913674483693        19406.566822778219     
   69811.346863158076        7.5459317449194465       -78.037044371783310        19484.603867150003     
   70011.346863158076        7.5444748117239175       -78.083290328035147        19562.687157478038     
   70211.346863158076        7.5430139817302440       -78.129491040688237        19640.816648518725     
   70411.346863158076        7.5415511700918767       -78.175482623098091        19718.992131141822     
   70611.346863158076        7.5400886570274794       -78.221110401030671        19797.213241542853     
   70811.346863158076        7.5386289324130917       -78.266237484065371        19875.479479026919     
   71011.346863158076        7.5371745473308565       -78.310750627143577        19953.790229654063     
   71211.346863158076        7.5357279748816168       -78.354564502907934        20032.144794156971     
   71411.346863158076        7.5342914821811027       -78.397624739769782        20110.542418896741     
   71611.346863158076        7.5328670176726362       -78.439909538402659        20188.982328435144     
   71811.346863158076        7.5314561194171485       -78.481429558207410        20267.463757993351     
   72011.346863158076        7.5300598496717264       -78.522225938801995        20345.985983932154     
   72211.346863158076        7.5286787590922462       -78.562366598372407        20424.548350530527     
   72411.346863158076        7.5273128811040859       -78.601941193055126        20503.150291723581     
   72611.346863158076        7.5259617541848804       -78.641055264888024        20581.791346988470     
   72811.346863158076        7.5246244885013081       -78.679820956639816        20660.471167945110     
   73011.346863158076        7.5232998880461253       -78.718344099033757        20739.189512044144     
   73211.346863158076        7.5219865944535211       -78.756714062831122        20817.946226106975     
   73411.346863158076        7.5206831876193867       -78.795003458492104        20896.741229565469     
   73611.346863158076        7.5193881962578830       -78.833278612628447        20975.574508178099     
   73811.346863158076        7.5181000252491632       -78.871614483749369        21054.446122661848     
   74011.346863158076        7.5168168510294047       -78.910105670740251        21133.356228332588     
   74211.346863158076        7.5155366383709108       -78.948854331293916        21212.305082663883     
   74411.346863158076        7.5142573594343283       -78.987936994386615        21291.293019658271     
   74611.346863158076        7.5129773098569110       -79.027375898537642        21370.320395556810     
   74811.346863158076        7.5116953412692755       -79.067135058855513        21449.387530615666     
   75011.346863158076        7.5104109070556664       -79.107140108637722        21528.494670724303     
   75211.346863158076        7.5091239382241630       -79.147307435329054        21607.641978159634     
   75411.346863158076        7.5078346351717755       -79.187568425246468        21686.829546584882     
   75611.346863158076        7.5065432633374209       -79.227882073059391        21766.057428657943     
   75811.346863158076        7.5052500063719663       -79.268236309263855        21845.325664967208     
   76011.346863158076        7.5039549156104508       -79.308638422051288        21924.634303389259     
   76211.346863158076        7.5026579844180761       -79.349095163202691        22003.983398552460     
   76411.346863158076        7.5013593256604683       -79.389589698288745        22083.372988250750     
   76611.346863158076        7.5000593674666902       -79.430067405395462        22162.803055656146     
   76811.346863158076        7.4987589650790021       -79.470438667457486        22242.273494323603     
   77011.346863158076        7.4974593679906292       -79.510597662631696        22321.784091986236     
   77211.346863158076        7.4961620477515556       -79.550448953749921        22401.334540939984     
   77411.346863158076        7.4948684430511925       -79.589931975915050        22480.924472915900     
   77611.346863158076        7.4935796967153774       -79.629036342672421        22560.553509258574     
   77811.346863158076        7.4922964477881120       -79.667805417464507        22640.221314676040     
   78011.346863158076        7.4910187148686482       -79.706329497624182        22719.927644173666     
   78211.346863158076        7.4897458086331241       -79.744742733828900        22799.672386907496     
   78411.346863158076        7.4884762969677929       -79.783215846448172        22879.455602753944     
   78611.346863158076        7.4872081234735459       -79.821931213149213        22959.277533967092     
   78811.346863158076        7.4859389003972190       -79.861046509737548        23039.138580476829     
   79011.346863158076        7.4846662778777908       -79.900665284071962        23119.039245760901     
   79211.346863158076        7.4833882584258440       -79.940826584378712        23198.980072345279     
   79411.346863158076        7.4821033774051209       -79.981513029094558        23278.961585374374     
   79611.346863158076        7.4808107282025187       -80.022671222026233        23358.984256596399     
   79811.346863158076        7.4795098660528616       -80.064235260663537        23439.048491857062     
   80011.346863158076        7.4782007603524070       -80.106129186879130        23519.154621043941     
   80211.346863158076        7.4768839015219637       -80.148247301251459        23599.302868345192     
   80411.346863158076        7.4755604774280968       -80.190436999836109        23679.493305345030     
   80611.346863158076        7.4742324617685014       -80.232502896684053        23759.725808241714     
   80811.346863158076        7.4729025336537607       -80.274230328009324        23840.000038569724     
   81011.346863158076        7.4715738548857447       -80.315414828938273        23920.315453398664     
   81211.346863158076        7.4702497844121787       -80.355885800557658        24000.671339199220     
   81411.346863158076        7.4689336040041887       -80.395519605330819        24081.066858804552     
   81611.346863158076        7.4676282976898847       -80.434243014385302        24161.501101818936     
   81811.346863158076        7.4663363973574981       -80.472030283791113        24241.973132102728     
   82011.346863158076        7.4650598890112771       -80.508897054902505        24322.482029157632     
   82211.346863158076        7.4638001676393237       -80.544893221785927        24403.026922379417     
   82411.346863158076        7.4625580287957707       -80.580095854419881        24483.607018233837     
   82611.346863158076        7.4613336875631706       -80.614602575646799        24564.221620809483     
   82811.346863158076        7.4601268181194813       -80.648525466230268        24644.870146275713     
   83011.346863158076        7.4589366088146791       -80.681985487457666        24725.552131763172     
   83211.346863158076        7.4577618284804679       -80.715107433706265        24806.267239196877     
   83411.346863158076        7.4566008999970901       -80.748015470933396        24887.015254667811     
   83611.346863158076        7.4554520053943474       -80.780825068897698        24967.796079736709     
   83811.346863158076        7.4543132399835859       -80.813630726667384        25048.609710463377     
   84011.346863158076        7.4531827741458052       -80.846497626104664        25129.456208089483     
   84211.346863158076        7.4520589443949117       -80.879465753527612        25210.335673843012     
   84411.346863158076        7.4509402257915340       -80.912566294180323        25291.248240137193     
   84611.346863158076        7.4498250997738822       -80.945842556144044        25372.194082693335     
   84811.346863158076        7.4487118823307998       -80.979365535557164        25453.173448228892     
   85011.346863158076        7.4475985906694300       -81.013237644643525        25534.186685873534     
   85211.346863158076        7.4464828895964299       -81.047586026484296        25615.234271900019     
   85411.346863158076        7.4453622694027182       -81.082527487890772        25696.316799387911     
   85611.346863158076        7.4442344821017699       -81.118115912456332        25777.434915300368     
   85811.346863158076        7.4430980195714405       -81.154310234617213        25858.589225534986     
   86011.346863158076        7.4419523752283236       -81.190984448921895        25939.780209983910     
   86211.346863158076        7.4407979922278695       -81.227968979558383        26021.008178963468     
   86411.346863158076        7.4396359772738165       -81.265098105693824        26102.273277069162     
