 #              _____________________  _______________________             #
 #              ___  __ \__  __ \_  / / /_  /___  ____/_  ___/             #
 #              __  / / /_  /_/ /  / / /_  __/_  __/  _____ \              #
 #              _  /_/ /_  _, _// /_/ / / /_ _  /___  ____/ /              #
 #              /_____/ /_/ |_| \____/  \__/ /_____/  /____/               #
 #                                                                         #
  
 #        time                      T            heat flux [W.L-2]   in    x              directions   cumulative flux
 #-----------------------------------------------------------------------------------------------

   0.0000000000000000        10.000000000000000       -0.0000000000000000        0.0000000000000000     
   1.0000000000000000        9.4274556195231192       -176.56559877024213        176.56559877024213     
   1.9540000000000002        8.9268228575785731       -326.21858678896587        502.78418555920803     
   2.8641160000000001        8.4866162678494277       -453.71419706435529        956.49838262356332     
   3.8288389600000006        8.0564561600989109       -574.01002658813536        1530.5084092116986     
   4.8514452976000007        7.6372509786700205       -686.74125638408759        2217.2496655957862     
   5.9354080154560007        7.2297753673621896       -791.61925239327184        3008.8689179890580     
   7.0844084963833609        6.8346566279220111       -888.43734976985286        3897.3062677589110     
   8.3023490061663630        6.4523644068963950       -977.07484324310008        4874.3811110020106     
   9.5933659465363448        6.0832041517021880       -1057.4989375572127        5931.8800485592237     
   10.961843903328527        5.7273147559138806       -1129.7644800332050        7061.6445285924292     
   12.412430537528239        5.3846706560514592       -1194.0113830824525        8255.6559116748813     
   13.950052369779934        5.0550884533380165       -1250.4597446559396        9506.1156563308214     
   15.579931511966731        4.7382379232733456       -1299.4027839860960        10805.518440316917     
   17.307603402684734        4.4336570559762167       -1341.1978218198244        12146.716262136741     
   19.138935606845820        4.1407705562119057       -1376.2556406950616        13522.971902831803     
   21.080147743256571        3.8589110404451539       -1405.0286531292143        14928.000555961018     
   23.137832607851966        3.5873420157200790       -1427.9983755297092        16355.998931490727     
   25.318978564323086        3.3252816264549843       -1445.6627460075506        17801.661677498276     
   27.630993278182473        3.0719261215088207       -1458.5238299571190        19260.185507455393     
   30.081728874873424        2.8264720309902649       -1467.0764260429876        20727.261933498379     
   32.679508607365833        2.5881361495929305       -1471.7980183520322        22199.059951850410     
   35.433155123807786        2.3561725930797670       -1473.1404228059414        23672.200374656350     
   38.352020431236255        2.1298864125782959       -1471.5233557033346        25143.723730359685     
   41.446017657110431        1.9086434979119160       -1467.3300202463611        26611.053750606046     
   44.725654716537058        1.6918767534157566       -1460.9046752350794        28071.958425841127     
   48.202069999529286        1.4790887642533619       -1452.5520308045657        29524.510456645694     
   51.887070199501046        1.2698513673284211       -1442.5382195274490        30967.048676173144     
   55.793170411471110        1.0638026827699221       -1431.0930248528773        32398.141701026023     
   59.933636636159378       0.86064224100126863       -1418.4130163036677        33816.554717329687     
   64.322530834328944       0.66012485580740066       -1404.6652415596900        35221.219958889378     
   68.974758684388689       0.46205385230276663       -1389.9911551582718        36611.211114047648     
   73.906120205452012       0.26627417294902822       -1374.5105147807938        37985.721628828440     
   79.133363417779137        7.2665771042846883E-002  -1358.3250401071100        39344.046668935553     
   84.674241222845893      -0.11886242346586373       -1392.7933983026726        40736.840067238227     
   90.547571696216650      -0.30837780089735345       -1378.4527309286934        42115.292798166920     
   96.773301997989648      -0.49592857005393887       -1328.2449242313660        43443.537722398287     
   99.476364677492242      -0.56726301861598172       -1310.8129709984073        44754.350693396693     
   102.34161111776500      -0.54691105499754977       -1297.2936018232995        46051.644295219994     
   105.37877234445412      -0.53196534479909308       -1261.3521124555079        47312.996407675499     
   108.59816324474458      -0.52153889479180748       -1228.7630705619608        48541.759478237458     
   112.01071759905247      -0.51470052186901116       -1198.9246574629358        49740.684135700394     
   115.62802521461883      -0.51066307587230420       -1171.3141153763622        50911.998251076759     
   119.46237128711918      -0.50881685142689059       -1145.5200910584958        52057.518342135256     
   123.52677812396955      -0.50872231305582505       -1121.2437048506415        53178.762046985896     
   127.83504937103093      -0.51008382690424137       -1098.2822550703547        54277.044302056252     
   132.40181689291600      -0.51272423779625220       -1076.5115778089189        55353.555879865169     
   137.24259046611419      -0.51656622973558575       -1055.8723442261960        56409.428224091367     
   142.37381045370427      -0.52162218524378123       -1036.3616151013962        57445.789839192767     
   147.81290364054973      -0.52799321637851560       -1018.0297162551204        58463.819555447888     
   153.57834241860593      -0.53587818289453493       -1000.9822283916228        59464.801783839510     
   159.68970752334550      -0.54559379198089564       -985.38658764958677        60450.188371489094     
   166.16775453436946      -0.55760602765235423       -947.02189256277097        61397.210264051864     
   173.03448436605484      -0.57256834045905958       -932.75090002726813        62329.961164079134     
   180.31321798764137      -0.59134712599652428       -920.76248996009667        63250.723654039233     
   188.02867562652307      -0.61498281746751760       -911.55712019442421        64162.280774233659     
   196.20706072373767      -0.64450259845461144       -905.52129870890440        65067.802072942563     
   204.87614892678516      -0.68058102694773792       -902.62198206463972        65970.424055007199     
   214.06538242201549      -0.74115165090963808       -907.89558563907735        66878.319640646281     
   223.80596992695965      -0.87755641589783551       -934.09364595090074        67812.413286597177     
   234.13099268220046      -0.94742926415952911       -935.24626829027216        68747.659554887447     
   245.07551680275571       -1.0420506149492066       -939.27544099789907        69686.934995885342     
   256.67671237054429       -1.1829941820388123       -951.33985154062952        70638.274847425972     
   268.97397967240016       -1.4077006033802186       -980.35585743087233        71618.630704856841     
   282.00908301236740       -1.3566987887484083       -922.04630697279504        72540.677011829641     
   295.82629255273270       -1.3165306666177927       -874.23620056890081        73414.913212398547     
   310.47253466551990       -1.2857731804100396       -835.22612491112818        74250.139337309680     
   325.99755130507430       -1.2648094943790176       -804.54209492406551        75054.681432233745     
   342.45406894300197       -1.2551897731102946       -782.53732897778912        75837.218761211538     
   359.89797763920529       -1.2594767828360167       -770.23234375629181        76607.451104967826     
   378.38852085718082       -1.2811754853837753       -769.14676340478798        77376.597868372613     
   397.98849666823492       -1.3241377321725478       -780.72850125256070        78157.326369625167     
   418.76447102795225       -1.3907198259246403       -804.98524593577133        78962.311615560931     
   440.78700384925264       -1.6015471493000559       -882.77607158837668        79845.087687149309     
   462.80953667055303       -1.7422160439774836       -927.50159439567074        80772.589281544977     
   486.15342146113142       -1.8930943490236416       -966.62866373597103        81739.217945280951     
   510.89793933914450       -2.1123994094622094       -1007.4892093008463        82746.707154581803     
   537.12712828983842       -2.1987286750607971       -981.86383678941843        83728.570991371220     
   563.35631724053235       -2.2801605681515955       -980.14422616477441        84708.715217535995     
   591.15925752826786       -2.4307349808723466       -1019.6264258889959        85728.341643424996     
   620.63037423326750       -2.7012760082827243       -1110.3994524863494        86838.741095911348     
   650.10149093826715       -2.8884388331411088       -1150.1939881447838        87988.935084056138     
   679.57260764326679       -2.9883007475468291       -1176.0699564376555        89165.005040493794     
   710.81199135056647       -3.0672047567559799       -1187.4236935768170        90352.428734070607     
   743.92573808030409       -3.1350675165103850       -1186.4240410966545        91538.852775167266     
   779.02630961382602       -3.2058133826035560       -1175.3675896795553        92714.220364846828     
   816.23291543935920       -3.2923129692101618       -1158.4922386362853        93872.712603483116     
   855.67191761442439       -3.3533655493609698       -1152.8781147225093        95025.590718205625     
   895.11091978948957       -3.3917870769231948       -1146.6665059430620        96172.257224148692     
   936.91626209505864       -3.4202100069801729       -1137.8115380452189        97310.068762193914     
   981.22992493896186       -3.4554223490375953       -1124.5317471301073        98434.600509324024     
   1028.2024075534994       -3.5116133797912572       -1107.0736663646487        99541.674175688677     
   1077.9932391249090       -3.6809891127591468       -1069.8105329173293        100611.48470860600     
   1127.7840706963186       -3.7792476045355348       -1053.3756083727901        101664.86031697880     
   1177.5749022677282       -3.8619382759179555       -1035.9475992457672        102700.80791622457     
   1227.3657338391379       -3.9520129604105763       -1015.7452900166661        103716.55320624124     
   1269.5883590116932       -4.0505117531624419       -991.94344194844564        104708.49664818968     
   1314.3443416946020       -4.1603272773190128       -973.52417849704625        105682.02082668673     
   1359.1003243775108       -4.2983682641008745       -947.71845724418790        106629.73928393092     
   1406.5416660213941       -4.4026999184519786       -931.83683203780549        107561.57611596872     
   1456.8294881639104       -4.4888768475494985       -917.78652309440736        108479.36263906313     
   1510.1345796349776       -4.5667529277182295       -905.17168834845234        109384.53432741157     
   1566.6379765943088       -4.6544396027271588       -891.32903165721416        110275.86335906878     
   1626.5315773712000       -4.7095907481460006       -880.95713139951056        111156.82049046829     
   1690.0187941947047       -4.7458881295109920       -874.31288205124815        112031.13337251954     
   1757.3152440276197       -4.7767851088759787       -869.19694363140138        112900.33031615094     
   1828.6494808505095       -4.8126550083289175       -863.65374220441117        113763.98405835535     
   1904.2637718827727       -4.8661486054152965       -856.05527915901143        114620.03933751436     
   1984.4149203769718       -4.9608760937706240       -843.54648573869292        115463.58582325306     
   2069.3751377808230       -5.0267999057565333       -830.30837576143256        116293.89419901450     
   2159.4329682289049       -5.1032923563386756       -818.76429750856687        117112.65849652306     
   2254.8942685038719       -5.1971872941093160       -804.75171398839609        117917.41021051146     
   2350.3555687788389       -5.3403762127075218       -785.59876321071897        118703.00897372217     
   2445.8168690538059       -5.4438987609733562       -764.46021826355127        119467.46919198573     
   2547.0058473452709       -5.5284409384321354       -748.88454907238929        120216.35374105812     
   2654.2661643342240       -5.5944346386440769       -736.29456178033570        120952.64830283845     
   2767.9621003425141       -5.6407378468291043       -726.55233054709788        121679.20063338555     
   2888.4797925113016       -5.6856872216539642       -719.08294535303810        122398.28357873858     
   3016.2285462102163       -5.7290155744859002       -711.83603945668528        123110.11961819527     
   3151.6422251310660       -5.8033216295877033       -703.38538816997789        123813.50500636525     
   3295.1807247871666       -5.8629113551557506       -691.73303010387997        124505.23803646912     
   3447.3315344226330       -5.9426357219398591       -681.09756880869031        125186.33560527781     
   3599.4823440580994       -6.0660753655550703       -666.05142673757007        125852.38703201538     
   3751.6331536935659       -6.1400174108521650       -647.52665914527529        126499.91369116066     
   3903.7839633290323       -6.2046363366821300       -635.64720935688160        127135.56090051755     
   4065.0638215426270       -6.2603626493193385       -625.41438836598729        127760.97528888354     
   4236.0204712490377       -6.3016046696045827       -616.73273455591800        128377.70802343945     
   4417.2345199378324       -6.3419925722573485       -610.04817511639772        128987.75619855586     
   4609.3214115479550       -6.4067301570029347       -602.66639077044749        129590.42258932631     
   4801.4083031580776       -6.4588799393509486       -592.26605511727291        130182.68864444358     
   5001.4083031580776       -6.5356824886549303       -582.98262310387952        130765.67126754746     
   5201.4083031580776       -6.6114430728951206       -570.24548979822862        131335.91675734569     
   5381.4083031580776       -6.6565235452094367       -558.43892426575724        131894.35568161146     
   5572.2083031580778       -6.7104220788388824       -550.78031727047085        132445.13599888192     
   5772.2083031580778       -6.7484170136045929       -542.40539221563427        132987.54139109756     
   5972.2083031580778       -6.7808797248290436       -536.26541678333456        133523.80680788090     
   6172.2083031580778       -6.8193509578854350       -530.73746857983042        134054.54427646074     
   6372.2083031580778       -6.8510789808208870       -524.52903534679376        134579.07331180753     
   6572.2083031580778       -6.8885020029788135       -519.11071891919846        135098.18403072673     
   6732.2083031580778       -6.9128970649772707       -513.13250097366779        135611.31653170040     
   6901.8083031580782       -6.9553773637245140       -508.52682232603058        136119.84335402644     
   7071.4083031580785       -6.9922190601614291       -501.67202179636246        136621.51537582281     
   7241.0083031580789       -7.0304315963759647       -495.52551913277671        137117.04089495560     
   7420.7843031580787       -7.0630718886500787       -489.44208099268775        137606.48297594828     
   7611.3468631580790       -7.0932000982977028       -484.18519334024074        138090.66816928852     
   7811.3468631580790       -7.1203055213521154       -479.32693333357741        138569.99510262208     
   8011.3468631580790       -7.1422955517374547       -474.98240653344732        139044.97750915552     
   8211.3468631580799       -7.1658913211868454       -471.30928752907715        139516.28679668461     
   8411.3468631580799       -7.1913921090317130       -467.34589150451728        139983.63268818913     
   8611.3468631580799       -7.2165351387569823       -463.12645220969887        140446.75914039882     
   8811.3468631580799       -7.2407370257817245       -458.99633373974916        140905.75547413857     
   9011.3468631580799       -7.2676901639466891       -454.92287821360839        141360.67835235217     
   9211.3468631580799       -7.2973716536691269       -450.37642736035292        141811.05477971252     
   9411.3468631580799       -7.3279538284279546       -445.44343462402003        142256.49821433655     
   9611.3468631580799       -7.3533054623075547       -440.52369404105991        142697.02190837762     
   9811.3468631580799       -7.3765484527007761       -436.39361979702636        143133.41552817464     
   10011.346863158080       -7.3971235964218653       -432.62882190068137        143566.04435007530     
   10211.346863158080       -7.4161608627042304       -429.26869950568039        143995.31304958099     
   10411.346863158080       -7.4328785298870956       -426.18565281604765        144421.49870239705     
   10611.346863158080       -7.4504665846506395       -423.39975353046418        144844.89845592750     
   10811.346863158080       -7.4691731024597319       -420.45642486358622        145265.35488079107     
   11011.346863158080       -7.4872680487891374       -417.37493645737624        145682.72981724844     
   11211.346863158080       -7.5045176057728824       -414.41120795552155        146097.14102520398     
   11411.346863158080       -7.5215874511229579       -411.56455564542716        146508.70558084940     
   11611.346863158080       -7.5412542132616318       -408.67266399171689        146917.37824484112     
   11811.346863158080       -7.5620020925803262       -405.38941265643143        147322.76765749755     
   12011.346863158080       -7.5827167877569561       -401.95422893626738        147724.72188643381     
   12211.346863158080       -7.6019183399552013       -398.57165767487169        148123.29354410869     
   12411.346863158080       -7.6187569251749725       -395.46240159836680        148518.75594570706     
   12611.346863158080       -7.6341154592235352       -392.72159742297566        148911.47754313002     
   12811.346863158080       -7.6482010662024722       -390.21835721178223        149301.69590034182     
   13011.346863158080       -7.6610954987090309       -387.92231742896513        149689.61821777077     
   13211.346863158080       -7.6739592109320203       -385.79377317275708        150075.41199094351     
   13411.346863158080       -7.6873844366008317       -383.65074567753578        150459.06273662104     
   13611.346863158080       -7.7003493880024028       -381.44147680696665        150840.50421342801     
   13811.346863158080       -7.7129231726359713       -379.30989021447118        151219.81410364248     
   14011.346863158080       -7.7251091670572940       -377.24421243915577        151597.05831608165     
   14211.346863158080       -7.7374141621289914       -375.22680295098246        151972.28511903263     
   14411.346863158080       -7.7511460151429352       -373.15473818672660        152345.43985721935     
   14611.346863158080       -7.7658223476300625       -370.85821350049412        152716.29807071984     
   14811.346863158080       -7.7808561003488448       -368.42093263917729        153084.71900335903     
   15011.346863158080       -7.7955138386587679       -365.94602840425995        153450.66503176329     
   15211.346863158080       -7.8092821098833092       -363.54794128863244        153814.21297305191     
   15411.346863158080       -7.8216216124530398       -361.31191143386280        154175.52488448579     
   15611.346863158080       -7.8330807380673120       -359.29798124980778        154534.82286573559     
   15811.346863158080       -7.8438147370177891       -357.42428500848251        154892.24715074408     
   16011.346863158080       -7.8539135956519868       -355.66763685432647        155247.91478759839     
   16211.346863158080       -7.8637449481655253       -354.00692092003061        155601.92170851844     
   16411.346863158080       -7.8735196888293491       -352.38353401785201        155954.30524253630     
   16611.346863158080       -7.8834182356777482       -350.76427255673423        156305.06951509303     
   16811.346863158080       -7.8934624707557823       -349.12475650248956        156654.19427159551     
   17011.346863158080       -7.9032300866442950       -347.47198445328934        157001.66625604880     
   17211.346863158080       -7.9128568747057306       -345.86271132910713        157347.52896737790     
   17411.346863158080       -7.9224347248429154       -344.27335577393200        157691.80232315185     
   17611.346863158080       -7.9325683946059931       -342.67606696026149        158034.47839011211     
   17811.346863158080       -7.9432211513201407       -340.98718710103407        158375.46557721315     
   18011.346863158080       -7.9542585476358578       -339.21546443762281        158714.68104165077     
   18211.346863158080       -7.9652539725497711       -337.39251110165907        159052.07355275244     
   18411.346863158080       -7.9758701514772898       -335.58610785021443        159387.65966060266     
   18611.346863158080       -7.9856052626517027       -333.85610083444624        159721.51576143710     
   18811.346863158080       -7.9947449912095223       -332.26474070807143        160053.78050214518     
   19011.346863158080       -8.0033861659892640       -330.76835603263623        160384.54885817782     
   19211.346863158080       -8.0117549330393807       -329.34816206445504        160713.89702024226     
   19411.346863158080       -8.0198098872909096       -327.97399654209096        161041.87101678437     
   19611.346863158080       -8.0276943533766172       -326.64820399837606        161368.51922078273     
   19811.346863158080       -8.0354663028167401       -325.34862716687257        161693.86784794962     
   20011.346863158080       -8.0432441894586031       -324.06429352825421        162017.93214147788     
   20211.346863158080       -8.0510780553622059       -322.77773502320463        162340.70987650109     
   20411.346863158080       -8.0587538400287055       -321.48751169761920        162662.19738819872     
   20611.346863158080       -8.0662634853773962       -320.22436975867242        162982.42175795740     
   20811.346863158080       -8.0735819937617901       -318.98905095519007        163301.41080891259     
   21011.346863158080       -8.0809907729340988       -317.77772849929482        163619.18853741189     
   21211.346863158080       -8.0887434602857802       -316.54457939569545        163935.73311680759     
   21411.346863158080       -8.0968465471100863       -315.25379214462157        164250.98690895221     
   21611.346863158080       -8.1051682606190987       -313.90893937617892        164564.89584832839     
   21811.346863158080       -8.1134928791664418       -312.53408786884700        164877.42993619724     
   22011.346863158080       -8.1216395811394211       -311.16375535333816        165188.59369155057     
   22211.346863158080       -8.1295281966465360       -309.82512712294556        165498.41881867353     
   22411.346863158080       -8.1369732302945561       -308.53424871509264        165806.95306738862     
   22611.346863158080       -8.1440621137580322       -307.31416418612287        166114.26723157475     
   22811.346863158080       -8.1508078742412753       -306.15251567000081        166420.41974724474     
   23011.346863158080       -8.1572661374295627       -305.04608213863457        166725.46582938338     
   23211.346863158080       -8.1634345612858841       -303.98727542459210        167029.45310480797     
   23411.346863158080       -8.1694329558411685       -302.97321173154705        167332.42631653952     
   23611.346863158080       -8.1753696380869947       -301.98395940846973        167634.41027594800     
   23811.346863158080       -8.1813502960036182       -301.00207115476962        167935.41234710277     
   24011.346863158080       -8.1874179934349520       -300.01178043009088        168235.42412753287     
   24211.346863158080       -8.1934483217093756       -299.01035770696927        168534.43448523985     
   24411.346863158080       -8.1994054237175220       -298.01627937541576        168832.45076461526     
   24611.346863158080       -8.2052458187358646       -297.03571996068689        169129.48648457596     
   24811.346863158080       -8.2109995411045027       -296.07341417157954        169425.55989874754     
   25011.346863158080       -8.2168732653084859       -295.11993927657238        169720.67983802411     
   25211.346863158080       -8.2229412866031719       -294.14440547580949        170014.82424349993     
   25411.346863158080       -8.2292068525594679       -293.13660174701545        170307.96084524694     
   25611.346863158080       -8.2355915711272338       -292.09836998931507        170600.05921523625     
   25811.346863158080       -8.2419974100855455       -291.04319636132732        170891.10241159759     
   26011.346863158080       -8.2483203442176602       -289.98741185825412        171181.08982345584     
   26211.346863158080       -8.2545062316737745       -288.94685038684736        171470.03667384270     
   26411.346863158080       -8.2604285689846737       -287.93223249794482        171757.96890634065     
   26611.346863158080       -8.2661170720643558       -286.96062705178997        172044.92953339245     
   26811.346863158080       -8.2715655622411699       -286.02762095368115        172330.95715434614     
   27011.346863158080       -8.2768120145855466       -285.13329361462434        172616.09044796077     
   27211.346863158080       -8.2818636301987532       -284.27211194214590        172900.36255990292     
   27411.346863158080       -8.2867660158510574       -283.44188140685594        173183.80444130977     
   27611.346863158080       -8.2915765082286654       -282.63475192884999        173466.43919323862     
   27811.346863158080       -8.2963593690537536       -281.84097936060238        173748.28017259922     
   28011.346863158080       -8.3011602386208825       -281.05054516507045        174029.33071776430     
   28211.346863158080       -8.3060065061823192       -280.25640440948928        174309.58712217378     
   28411.346863158080       -8.3108995663746530       -279.45471986691035        174589.04184204069     
   28611.346863158080       -8.3157445397800309       -278.64784749064302        174867.68968953134     
   28811.346863158080       -8.3204953419957945       -277.85035279908783        175145.54004233042     
   29011.346863158080       -8.3251239645760471       -277.06907801413320        175422.60912034457     
   29211.346863158080       -8.3297076005158317       -276.30594042352323        175698.91506076808     
   29411.346863158080       -8.3343249780934414       -275.54808493339345        175974.46314570148     
   29611.346863158080       -8.3390378462331025       -274.78287076954035        176249.24601647101     
   29811.346863158080       -8.3438613028543465       -274.00147133730013        176523.24748780832     
   30011.346863158080       -8.3487733915838440       -273.20243895916178        176796.44992676747     
   30211.346863158080       -8.3537240671776853       -272.39015288402510        177068.84007965151     
   30411.346863158080       -8.3586551604059007       -271.57309325527518        177340.41317290679     
   30611.346863158080       -8.3635223744132574       -270.76049513200161        177611.17366803880     
   30811.346863158080       -8.3682313939283794       -269.96093615148840        177881.13460419027     
   31011.346863158080       -8.3727801120365957       -269.18773412518738        178150.32233831545     
   31211.346863158080       -8.3771616834232550       -268.44107858758821        178418.76341690304     
   31411.346863158080       -8.3813991369175618       -267.72143962148186        178686.48485652450     
   31611.346863158080       -8.3854972376370789       -267.02545664605577        178953.51031317055     
   31811.346863158080       -8.3894727850133375       -266.35203254217777        179219.86234571273     
   32011.346863158080       -8.3933436651475457       -265.69836730285078        179485.56071301558     
   32211.346863158080       -8.3971477383057707       -265.06097128906396        179750.62168430464     
   32411.346863158080       -8.4009241840891526       -264.43350764642878        180015.05519195108     
   32611.346863158080       -8.4047088582815555       -263.80963937029099        180278.86483132138     
   32811.346863158076       -8.4085224322166994       -263.18385690530857        180542.04868822670     
   33011.346863158076       -8.4123678885269086       -262.55321682390843        180804.60190505060     
   33211.346863158076       -8.4162359091281651       -261.91758728921906        181066.51949233981     
   33411.346863158076       -8.4200706328739603       -261.27970221463812        181327.79919455445     
   33611.346863158076       -8.4238397387940207       -260.64829266015533        181588.44748721461     
   33811.346863158076       -8.4275208559004788       -260.02827714300099        181848.47576435760     
   34011.346863158076       -8.4311335621216568       -259.42228020792118        182107.89804456552     
   34211.346863158076       -8.4347355875544388       -258.82603445585869        182366.72407902137     
   34411.346863158076       -8.4383791200594391       -258.23007543328430        182624.95415445467     
   34611.346863158076       -8.4420968417835134       -257.62637419288808        182882.58052864755     
   34811.346863158076       -8.4458911303960189       -257.01036845066443        183139.59089709821     
   35011.346863158076       -8.4497431319177441       -256.38224005695946        183395.97313715518     
   35211.346863158076       -8.4536197018299024       -255.74548892747998        183651.71862608264     
   35411.346863158076       -8.4574841276487618       -255.10568389381476        183906.82430997645     
   35611.346863158076       -8.4613086284330361       -254.46864938289573        184161.29295935936     
   35811.346863158076       -8.4650804139277884       -253.83855200450304        184415.13151136387     
   36011.346863158076       -8.4687530451175181       -253.21837671132116        184668.34988807520     
   36211.346863158076       -8.4723038252978391       -252.61527952682226        184920.96516760203     
   36411.346863158076       -8.4757174520632468       -252.03269204170275        185172.99785964374     
   36611.346863158076       -8.4790033717056374       -251.47248601168150        185424.47034565543     
   36811.346863158076       -8.4821750210522264       -250.93300421682162        185675.40334987224     
   37011.346863158076       -8.4852521211553285       -250.41185692153397        185925.81520679378     
   37211.346863158076       -8.4882562455653385       -249.90574036257496        186175.72094715634     
   37411.346863158076       -8.4912161696640318       -249.41089876498972        186425.13184592134     
   37611.346863158076       -8.4942091306301712       -248.92452017715883        186674.05636609849     
   37811.346863158076       -8.4971480716601420       -248.43172945863660        186922.48809555714     
   38011.346863158076       -8.5001305573893458       -247.94528971309924        187170.43338527024     
   38211.346863158076       -8.5031155541740304       -247.45274899987055        187417.88613427011     
   38411.346863158076       -8.5060818839748240       -246.95711633016640        187664.84325060027     
   38611.346863158076       -8.5091159717251816       -246.46547772291933        187911.30872832320     
   38811.346863158076       -8.5121947651699710       -245.96659550074739        188157.27532382394     
   39011.346863158076       -8.5152190349756047       -245.45965587254761        188402.73497969648     
   39211.346863158076       -8.5181669281439998       -244.95910053215925        188647.69408022866     
   39411.346863158076       -8.5211439467442744       -244.47474275668091        188892.16882298535     
   39611.346863158076       -8.5239912432523344       -243.98658072445039        189136.15540370980     
   39811.346863158076       -8.5268167030400583       -243.51398300212367        189379.66938671193     
   40011.346863158076       -8.5296877586234174       -243.04621491007242        189622.71560162201     
   40211.346863158076       -8.5326008728278442       -242.57101352135211        189865.28661514336     
   40411.346863158076       -8.5355797661980226       -242.08822631148803        190107.37484145485     
   40611.346863158076       -8.5385997130383462       -241.59525081396069        190348.97009226881     
   40811.346863158076       -8.5416448931514424       -241.09592816929546        190590.06602043810     
   41011.346863158076       -8.5446849257718220       -240.59326492746774        190830.65928536557     
   41211.346863158076       -8.5477019474036453       -240.09194062834962        191070.75122599391     
   41411.346863158076       -8.5506831317576317       -239.59476212254597        191310.34598811646     
   41611.346863158076       -8.5536763013699595       -239.10531442809602        191549.45130254456     
   41811.346863158076       -8.5565087751005233       -238.61235336303372        191788.06365590761     
   42011.346863158076       -8.5593852469400975       -238.14645323085472        192026.21010913845     
   42211.346863158076       -8.5620729771113773       -237.67645871085981        192263.88656784932     
   42411.346863158076       -8.5647254238800379       -237.23357895869646        192501.12014680801     
   42611.346863158076       -8.5672538064265176       -236.79887011208666        192737.91901692009     
   42811.346863158076       -8.5697282424545076       -236.38279977430599        192974.30181669438     
   43011.346863158076       -8.5721232675020556       -235.97631315878343        193210.27812985316     
   43211.346863158076       -8.5744750776353520       -235.58198821002938        193445.86011806320     
   43411.346863158076       -8.5767864861583796       -235.19473020354604        193681.05484826674     
   43611.346863158076       -8.5790858755964070       -234.81340092639860        193915.86824919312     
   43811.346863158076       -8.5813856096156620       -234.43373667679467        194150.30198586991     
   44011.346863158076       -8.5837026084889558       -234.05357481300720        194384.35556068292     
   44211.346863158076       -8.5860428273173071       -233.67040932532794        194618.02597000825     
   44411.346863158076       -8.5884079335224719       -233.28336794557549        194851.30933795383     
   44611.346863158076       -8.5907913447088369       -232.89239090463661        195084.20172885846     
   44811.346863158076       -8.5931852599127811       -232.49859595553701        195316.70032481401     
   45011.346863158076       -8.5955821981863885       -232.10326259250729        195548.80358740652     
   45211.346863158076       -8.5979628023619448       -231.70793700298333        195780.51152440952     
   45411.346863158076       -8.6003077406927186       -231.31581311280144        196011.82733752232     
   45611.346863158076       -8.6026033051821091       -230.92993545211414        196242.75727297444     
   45811.346863158076       -8.6048548569404986       -230.55206862264370        196473.30934159708     
   46011.346863158076       -8.6070808656958508       -230.18098644813540        196703.49032804521     
   46211.346863158076       -8.6093043757242249       -229.81352119800172        196933.30384924321     
   46411.346863158076       -8.6115437184683366       -229.44599204590645        197162.74984128913     
   46611.346863158076       -8.6138091491444637       -229.07558327542668        197391.82542456457     
   46811.346863158076       -8.6161021740491481       -228.70082983421247        197620.52625439878     
   47011.346863158076       -8.6184175006255686       -228.32166003298775        197848.84791443177     
   47211.346863158076       -8.6207453525230875       -227.93906431867114        198076.78697875043     
   47411.346863158076       -8.6230739589572210       -227.55470851702324        198304.34168726744     
   47611.346863158076       -8.6253914599020352       -227.17053813770832        198531.51222540514     
   47811.346863158076       -8.6276893808464372       -226.78842265806662        198758.30064806322     
   48011.346863158076       -8.6299642768335492       -226.40962994446164        198984.71027800767     
   48211.346863158076       -8.6322170195634715       -226.03461631637740        199210.74489432405     
   48411.346863158076       -8.6344354668884034       -225.66357902360923        199436.40847334766     
   48611.346863158076       -8.6366071175602350       -225.29853062782891        199661.70700397549     
   48811.346863158076       -8.6387220345187465       -224.94146789033647        199886.64847186583     
   49011.346863158076       -8.6407771567598477       -224.59385166654616        200111.24232353238     
   49211.346863158076       -8.6427737792786434       -224.25607402717745        200335.49839755957     
   49411.346863158076       -8.6447166987750368       -223.92782994105463        200559.42622750063     
   49611.346863158076       -8.6466121985760065       -223.60828890207202        200783.03451640269     
   49811.346863158076       -8.6484665215806551       -223.29641471450205        201006.33093111721     
   50011.346863158076       -8.6502889058660752       -222.99109822870551        201229.32202934590     
   50211.346863158076       -8.6520916638107916       -222.69073407607772        201452.01276342198     
   50411.346863158076       -8.6538885210361016       -222.39325282597594        201674.40601624796     
   50611.346863158076       -8.6556917748779085       -222.09642593009306        201896.50244217805     
   50811.346863158076       -8.6575105639413419       -221.79830563741817        202118.30074781546     
   51011.346863158076       -8.6593503199776372       -221.49747986222374        202339.79822767767     
   51211.346863158076       -8.6612113300528470       -221.19318609557934        202560.99141377324     
   51411.346863158076       -8.6630894407042778       -220.88549261509411        202781.87690638832     
   51611.346863158076       -8.6649780748717262       -220.57514810232416        203002.45205449066     
   51811.346863158076       -8.6668707322068474       -220.26323614296584        203222.71529063361     
   52011.346863158076       -8.6687626366696549       -219.95078480498049        203442.66607543858     
   52211.346863158076       -8.6706426772182219       -219.63874860203259        203662.30482404062     
   52411.346863158076       -8.6724983825819528       -219.32899681752323        203881.63382085814     
   52611.346863158076       -8.6743194521537195       -219.02353142571479        204100.65735228386     
   52811.346863158076       -8.6761060277431170       -218.72377991372738        204319.38113219760     
   53011.346863158076       -8.6778674843234711       -218.42947833431757        204537.81061053192     
   53211.346863158076       -8.6796182214866668       -218.13894841150511        204755.94955894342     
   53411.346863158076       -8.6813719687266122       -217.84983092397624        204973.79938986740     
   53611.346863158076       -8.6831387110905585       -217.55995713009662        205191.35934699749     
   53811.346863158076       -8.6849233193280266       -217.26781200135227        205408.62715899883     
   54011.346863158076       -8.6867259393066441       -216.97271451556637        205625.59987351441     
   54211.346863158076       -8.6885429800513059       -216.67473788655087        205842.27461140096     
   54411.346863158076       -8.6903684574062012       -216.37453719793680        206058.64914859890     
   54611.346863158076       -8.6921952103217652       -216.07313094161128        206274.72227954050     
   54811.346863158076       -8.6940159416050324       -215.77170479460932        206490.49398433510     
   55011.346863158076       -8.6958246733234361       -215.47142892687162        206705.96541326196     
   55211.346863158076       -8.6976182332336958       -215.17321695892107        206921.13863022087     
   55411.346863158076       -8.6993964693127204       -214.87751385587478        207136.01614407674     
   55611.346863158076       -8.7011535522498846       -214.58449360257140        207350.60063767931     
   55811.346863158076       -8.7028825879108833       -214.29514580825790        207564.89578348756     
   56011.346863158076       -8.7045771017247251       -214.01059752026643        207778.90638100784     
   56211.346863158076       -8.7062335007816820       -213.73184224263380        207992.63822325048     
   56411.346863158076       -8.7078504659427907       -213.45941391127465        208206.09763716176     
   56611.346863158076       -8.7094288150979491       -213.19347459541666        208419.29111175716     
   56811.346863158076       -8.7109706762344103       -212.93385518652320        208632.22496694370     
   57011.346863158076       -8.7124791902482457       -212.68017798238097        208844.90514492607     
   57211.346863158076       -8.7139580908785810       -212.43190902316758        209057.33705394925     
   57411.346863158076       -8.7154111100898479       -212.18843199531085        209269.52548594456     
   57611.346863158076       -8.7168436157702160       -211.94908796421254        209481.47457390878     
   57811.346863158076       -8.7182630384437552       -211.71293693394716        209693.18751084272     
   58011.346863158076       -8.7196782020107566       -211.47871595330699        209904.66622679602     
   58211.346863158076       -8.7210977023709653       -211.24497440235845        210115.91120119838     
   58411.346863158076       -8.7225285727595185       -211.01033406082632        210326.92153525920     
   58611.346863158076       -8.7239755315748493       -210.77369423348702        210537.69522949267     
   58811.346863158076       -8.7254409997199023       -210.53433584938375        210748.22956534204     
   59011.346863158076       -8.7269243154228580       -210.29193967668658        210958.52150501873     
   59211.346863158076       -8.7284219733324804       -210.04668905804999        211168.56819407677     
   59411.346863158076       -8.7299286842168158       -209.79920907167980        211378.36740314844     
   59611.346863158076       -8.7314389341799519       -209.55037860181460        211587.91778175026     
   59811.346863158076       -8.7329481866186587       -209.30108233091454        211797.21886408117     
   60011.346863158076       -8.7344490005503506       -209.05214528859912        212006.27100936975     
   60211.346863158076       -8.7359328892848147       -208.80482293700999        212215.07583230676     
   60411.346863158076       -8.7373921411267528       -208.56049591902942        212423.63632822578     
   60611.346863158076       -8.7388220294172356       -208.32035929476334        212631.95668752055     
   60811.346863158076       -8.7402237880496116       -208.08503770899628        212840.04172522956     
   61011.346863158076       -8.7416042404796706       -207.85418181759763        213047.89590704715     
   61211.346863158076       -8.7429733596890902       -207.62658332550217        213255.52249037265     
   61411.346863158076       -8.7443412363033097       -207.40059307590136        213462.92308344855     
   61611.346863158076       -8.7457160032776446       -207.17459648262445        213670.09767993118     
   61811.346863158076       -8.7471028085870053       -206.94732881240824        213877.04500874359     
   62011.346863158076       -8.7485037145515534       -206.71802064059639        214083.76302938419     
   62211.346863158076       -8.7499181012249974       -206.48640137582072        214290.24943076001     
   62411.346863158076       -8.7513433317316789       -206.25262586258046        214496.50205662259     
   62611.346863158076       -8.7527754613130888       -206.01716342545220        214702.51922004804     
   62811.346863158076       -8.7542098958843368       -205.78068214041116        214908.29990218845     
   63011.346863158076       -8.7556419329507609       -205.54394318918037        215113.84384537762     
   63211.346863158076       -8.7570671486244258       -205.30771557655405        215319.15156095417     
   63411.346863158076       -8.7584824354226836       -205.07269519912387        215524.22425615331     
   63611.346863158076       -8.7598866892568292       -204.83934276690209        215729.06359892021     
   63811.346863158076       -8.7612807570845899       -204.60778970110368        215933.67138862133     
   64011.346863158076       -8.7626622070915392       -204.37798215113924        216138.04937077247     
   64211.346863158076       -8.7640268159453623       -204.15036809650945        216342.19973886898     
   64411.346863158076       -8.7653697392228072       -203.92566079340617        216546.12539966239     
   64611.346863158076       -8.7666873751730385       -203.70462738712550        216749.83002704952     
   64811.346863158076       -8.7679775957451760       -203.48782402136248        216953.31785107090     
   65011.346863158076       -8.7692398583157232       -203.27556065731289        217156.59341172822     
   65211.346863158076       -8.7704748003929254       -203.06789614416928        217359.66130787239     
   65411.346863158076       -8.7716839875411488       -202.86470106701321        217562.52600893940     
   65611.346863158076       -8.7728695934314800       -202.66570115162222        217765.19171009102     
   65811.346863158076       -8.7740342112087966       -202.47052664077063        217967.66223673179     
   66011.346863158076       -8.7751808256859292       -202.27873924034367        218169.94097597213     
   66211.346863158076       -8.7763130911373182       -202.08982873168108        218372.03080470380     
   66411.346863158076       -8.7774356815225421       -201.90316524938603        218573.93396995318     
   66611.346863158076       -8.7785541613959150       -201.71795401229414        218775.65192396549     
   66811.346863158076       -8.7796743815700804       -201.53326901847251        218977.18519298395     
   67011.346863158076       -8.7808016771252824       -201.34815793266623        219178.53335091661     
   67211.346863158076       -8.7819402174399599       -201.16177048269677        219379.69512139930     
   67411.346863158076       -8.7830926827706666       -200.97345722897413        219580.66857862828     
   67611.346863158076       -8.7842602935067280       -200.78281376080670        219781.45139238908     
   67811.346863158076       -8.7854430990765398       -200.58966910896140        219982.04106149805     
   68011.346863158076       -8.7866395917750548       -200.39405573639138        220182.43511723445     
   68211.346863158076       -8.7878466663101289       -200.19626417633847        220382.63138141079     
   68411.346863158076       -8.7890600950717985       -199.99683625314177        220582.62821766394     
   68611.346863158076       -8.7902754250521440       -199.79647564569555        220782.42469330964     
   68811.346863158076       -8.7914887933249073       -199.59590199611279        220982.02059530574     
   69011.346863158076       -8.7926974518406915       -199.39572388695487        221181.41631919271     
   69211.346863158076       -8.7938974408427786       -199.19642676393349        221380.61274595663     
   69411.346863158076       -8.7950838946915439       -198.99868786979511        221579.61143382642     
   69611.346863158076       -8.7962519016891285       -198.80331152571443        221778.41474535214     
   69811.346863158076       -8.7973987058239391       -198.61105214753456        221977.02579749966     
   70011.346863158076       -8.7985250513087525       -198.42227333985267        222175.44807083951     
   70211.346863158076       -8.7996349330971242       -198.23676755459897        222373.68483839411     
   70411.346863158076       -8.8007341851341181       -198.05382752225395        222571.73866591637     
   70611.346863158076       -8.8018289380788381       -197.87248260236763        222769.61114851874     
   70811.346863158076       -8.8029244519380576       -197.69174356047546        222967.30289207923     
   71011.346863158076       -8.8040244963269298       -197.51078098639090        223164.81367306563     
   71211.346863158076       -8.8051311668546397       -197.32901624427103        223362.14268930990     
   71411.346863158076       -8.8062450013023952       -197.14614398315626        223559.28883329305     
   71611.346863158076       -8.8073652531267523       -196.96210887172745        223756.25094216477     
   71811.346863158076       -8.8084902316039511       -196.77705872048944        223953.02800088527     
   72011.346863158076       -8.8096176431143487       -196.59128830774671        224149.61928919301     
   72211.346863158076       -8.8107448990803690       -196.40518391331685        224346.02447310631     
   72411.346863158076       -8.8118693712200979       -196.21917385968820        224542.24364696600     
   72611.346863158076       -8.8129885879260694       -196.03368791041711        224738.27733487642     
   72811.346863158076       -8.8141007053565854       -195.84911766228169        224934.12645253871     
   73011.346863158076       -8.8152049876278546       -195.66573856825306        225129.79219110697     
   73211.346863158076       -8.8163019580641837       -195.48363927418137        225325.27583038114     
   73411.346863158076       -8.8173931041168618       -195.30270829366441        225520.57853867480     
   73611.346863158076       -8.8184778228351455       -195.12275484585069        225715.70129352066     
   73811.346863158076       -8.8195544390802585       -194.94390630196969        225910.64519982264     
   74011.346863158076       -8.8206205681864915       -194.76645763606268        226105.41165745870     
   74211.346863158076       -8.8216738383999971       -194.59080208663815        226300.00245954533     
   74411.346863158076       -8.8227119413462045       -194.41732950835791        226494.41978905367     
   74611.346863158076       -8.8237329528974069       -194.24641090561209        226688.66619995929     
   74811.346863158076       -8.8247354730453953       -194.07835022487379        226882.74455018417     
   75011.346863158076       -8.8257188133665689       -193.91336000385368        227076.65791018802     
   75211.346863158076       -8.8266830111808545       -193.75153496320462        227270.40944515122     
   75411.346863158076       -8.8276287930524049       -193.59285097814623        227464.00229612936     
   75611.346863158076       -8.8285574477134894       -193.43717346797496        227657.43946959733     
   75811.346863158076       -8.8294706898828590       -193.28427860291293        227850.72374820025     
   76011.346863158076       -8.8303705670945121       -193.13387465871446        228043.85762285898     
   76211.346863158076       -8.8312597716774341       -192.98560680562110        228236.84322966461     
   76411.346863158076       -8.8321418183460221       -192.83900916175341        228429.68223882635     
   76611.346863158076       -8.8330209053099775       -192.69348374186632        228622.37572256822     
   76811.346863158076       -8.8339014443525929       -192.54833201191911        228814.92405458013     
   77011.346863158076       -8.8347875090091801       -192.40283457134331        229007.32688915147     
   77211.346863158076       -8.8356823751500126       -192.25633981958288        229199.58322897105     
   77411.346863158076       -8.8365882743267061       -192.10833423770885        229391.69156320876     
   77611.346863158076       -8.8375063641641560       -191.95847744767417        229583.65004065644     
   77811.346863158076       -8.8384368756059217       -191.80660249466067        229775.45664315112     
   78011.346863158076       -8.8393793624120267       -191.65268888293855        229967.10933203404     
   78211.346863158076       -8.8403324921830553       -191.49683338908454        230158.60616542312     
   78411.346863158076       -8.8412939310765815       -191.33928206472783        230349.94544748784     
   78611.346863158076       -8.8422605380007511       -191.18044118183374        230541.12588866969     
   78811.346863158076       -8.8432288827731007       -191.02083673326706        230732.14672540297     
   79011.346863158076       -8.8441958031489136       -190.86102791276880        230923.00775331573     
   79211.346863158076       -8.8451588261221925       -190.70151871824365        231113.70927203397     
   79411.346863158076       -8.8461163611170388       -190.54269435971960        231304.25196639370     
   79611.346863158076       -8.8470663014498232       -190.38483097145749        231494.63679736515     
   79811.346863158076       -8.8480060592775320       -190.22828883804891        231684.86508620321     
   80011.346863158076       -8.8489330169759093       -190.07349586832430        231874.93858207154     
   80211.346863158076       -8.8498457495485994       -189.92085296249903        232064.85943503404     
   80411.346863158076       -8.8507445171410133       -189.77055138578183        232254.62998641984     
   80611.346863158076       -8.8516312159715724       -189.62250556420801        232444.25249198405     
   80811.346863158076       -8.8525087919767209       -189.47637518489782        232633.72886716895     
   81011.346863158076       -8.8533806042639966       -189.33166324968110        232823.06053041862     
   81211.346863158076       -8.8542498489091290       -189.18781956796070        233012.24834998659     
   81411.346863158076       -8.8551191864862275       -189.04433054896018        233201.29268053555     
   81611.346863158076       -8.8559905337455991       -188.90077641165999        233390.19345694722     
   81811.346863158076       -8.8568650094247445       -188.75686155693944        233578.95031850415     
   82011.346863158076       -8.8577429759653672       -188.61242101848458        233767.56273952263     
   82211.346863158076       -8.8586241485337638       -188.46741182505207        233956.03015134769     
   82411.346863158076       -8.8595077344827295       -188.32189421429555        234144.35204556197     
   82611.346863158076       -8.8603925843113522       -188.17600831363808        234332.52805387561     
   82811.346863158076       -8.8612773356832975       -188.02994940372972        234520.55800327932     
   83011.346863158076       -8.8621605417472562       -187.88394455510067        234708.44194783442     
   83211.346863158076       -8.8630407771166766       -187.73823202903492        234896.18017986347     
   83411.346863158076       -8.8639167200044326       -187.59304440502700        235083.77322426849     
   83611.346863158076       -8.8647873866165217       -187.44859103960519        235271.22181530809     
   83811.346863158076       -8.8656524311642180       -187.30501767344296        235458.52683298153     
   84011.346863158076       -8.8665123089616706       -187.16236049486434        235645.68919347640     
   84211.346863158076       -8.8673681758959972       -187.02052609858609        235832.70971957498     
   84411.346863158076       -8.8682215824567514       -186.87931342819718        236019.58903300317     
   84611.346863158076       -8.8690727010722679       -186.73850261312856        236206.32753561629     
   84811.346863158076       -8.8699205829605905       -186.59809438162588        236392.92562999792     
   85011.346863158076       -8.8707639465580712       -186.45825394638496        236579.38388394431     
   85211.346863158076       -8.8716015546795770       -186.31919166097020        236765.70307560527     
   85411.346863158076       -8.8724320247347492       -186.18111554907193        236951.88419115433     
   85611.346863158076       -8.8732537162212921       -186.04426056013301        237137.92845171446     
   85811.346863158076       -8.8740648254708727       -185.90890172857991        237323.83735344303     
   86011.346863158076       -8.8748636623792692       -185.77533379471805        237509.61268723774     
   86211.346863158076       -8.8756489184571397       -185.64382576884046        237695.25651300658     
   86411.346863158076       -8.8764198469543611       -185.51457898304733        237880.77109198962     
