 #              _____________________  _______________________             #
 #              ___  __ \__  __ \_  / / /_  /___  ____/_  ___/             #
 #              __  / / /_  /_/ /  / / /_  __/_  __/  _____ \              #
 #              _  /_/ /_  _, _// /_/ / / /_ _  /___  ____/ /              #
 #              /_____/ /_/ |_| \____/  \__/ /_____/  /____/               #
 #                                                                         #
  
 #        time                      T            heat flux [W.L-2]   in    x              directions   cumulative flux
 #-----------------------------------------------------------------------------------------------

   0.0000000000000000        10.000000000000000       -0.0000000000000000        0.0000000000000000     
   1.0000000000000000        10.000000000000000       -3.3892888495756747E-012   3.3892888495756747E-012
   1.9540000000000002        9.9999999999999982       -3.1068481121110355E-011   3.4457769970686033E-011
   2.8641160000000001        9.9999999999999876       -1.4743406495654191E-010   1.8189183492722794E-010
   3.8288389600000006        9.9999999999999289       -6.1402616324812677E-010   7.9591799817535471E-010
   4.8514452976000007        9.9999999999996980       -2.3030217732866744E-009   3.0989397714620290E-009
   5.9354080154560007        9.9999999999988738       -7.8247381907204098E-009   1.0923677962182440E-008
   7.0844084963833609        9.9999999999961666       -2.4385933272697313E-008   3.5309611234879756E-008
   8.3023490061663630        9.9999999999879119       -7.0522627737548618E-008   1.0583223897242837E-007
   9.5933659465363448        9.9999999999642988       -1.9112764704234178E-007   2.9695988601477018E-007
   10.961843903328527        9.9999999999005187       -4.8944098907113092E-007   7.8640087508590110E-007
   12.412430537528239        9.9999999997366906       -1.1923167946300559E-006   1.9787176697159570E-006
   13.950052369779934        9.9999999993342676       -2.7784943732498277E-006   4.7572120429657847E-006
   15.579931511966731        9.9999999983846664       -6.2222519190623411E-006   1.0979463962028127E-005
   17.307603402684734        9.9999999962238135       -1.3441901501307324E-005   2.4421365463335452E-005
   19.138935606845820        9.9999999914671616       -2.8101605554976555E-005   5.2522971018312004E-005
   21.080147743256571        9.9999999813110989       -5.7005909946236701E-005   1.0952888096454871E-004
   23.137832607851966        9.9999999602312375       -1.1246241158204704E-004   2.2199129254659575E-004
   25.318978564323086        9.9999999176173056       -2.1618508036843744E-004   4.3817637291503319E-004
   27.630993278182473        9.9999998335791513       -4.0558721566369269E-004   8.4376358857872588E-004
   30.081728874873424        9.9999996716818149       -7.4368736433867884E-004   1.5874509529174047E-003
   32.679508607365833        9.9999993666446336       -1.3343395213527066E-003   2.9217904742701115E-003
   35.433155123807786        9.9999988039724101       -2.3451079314265409E-003   5.2668984056966524E-003
   38.352020431236255        9.9999977869580050       -4.0408293753490159E-003   9.3077277810456674E-003
   41.446017657110431        9.9999959843718482       -6.8317101980725362E-003   1.6139437979118203E-002
   44.725654716537058        9.9999928492983301       -1.1340626545105526E-002   2.7480064524223729E-002
   48.202069999529286        9.9999874958749011       -1.8495027265298648E-002   4.5975091789522374E-002
   51.887070199501046        9.9999785160718826       -2.9649325680545451E-002   7.5624417470067817E-002
   55.793170411471110        9.9999637131513825       -4.6743709771228402E-002  0.12236812724129623     
   59.933636636159378        9.9999397222436546       -7.2504668147941639E-002  0.19487279538923785     
   64.322530834328944        9.9999014819647982      -0.11069098125742256       0.30556377664666040     
   68.974758684388689        9.9998415148080220      -0.16638625480158700       0.47195003144824743     
   73.906120205452012        9.9997489690834822      -0.24633514849208041       0.71828517994032781     
   79.133363417779137        9.9996083726284244      -0.35931529067296408        1.0776004706132918     
   84.674241222845893        9.9993980497148716      -0.51653067258853658        1.5941311432018284     
   90.547571696216650        9.9990881589479930      -0.73200551752713672        2.3261366607289649     
   96.773301997989648        9.9986383227205984       -1.0229508837797543        3.3490875445087189     
   99.476364677492242        9.9984181330119490       -1.1616749479703095        4.5107624924790279     
   102.34161111776500        9.9981543068277325       -1.3233636967910491        5.8341261892700773     
   105.37877234445412        9.9978374376656785       -1.5120095464506511        7.3461357357207282     
   108.59816324474458        9.9974560425014634       -1.7322702184753558        9.0784059541960840     
   112.01071759905247        9.9969961197498378       -1.9895602968513839        11.067966251047467     
   115.62802521461883        9.9964406242714734       -2.2901480484004519        13.358114299447919     
   119.46237128711918        9.9957688486788889       -2.6412549939536500        15.999369293401569     
   123.52677812396955        9.9949557007561758       -3.0511545128456672        19.050523806247238     
   127.83504937103093        9.9939708683265085       -3.5292643398612307        22.579788146108470     
   132.40181689291600        9.9927778656864117       -4.0862262324583449        26.666014378566814     
   137.24259046611419        9.9913329600825485       -4.7339644626372515        31.399978841204067     
   142.37381045370427        9.9895839828922703       -5.4857132968221851        36.885692138026251     
   147.81290364054973        9.9874690383316533       -6.3560024973550027        43.241694635381251     
   153.57834241860593        9.9849151326229517       -7.3605893747173567        50.602284010098607     
   159.68970752334550        9.9818367583318430       -8.5163263076503739        59.118610317748981     
   166.16775453436946        9.9781344814648278       -9.8409541533545095        68.959564471103491     
   173.03448436605484        9.9736935920246577       -11.352814722139071        80.312379193242563     
   180.31321798764137        9.9683828909146452       -13.070479479230633        93.382858672473191     
   188.02867562652307        9.9620536960362891       -15.012296689995758        108.39515536246896     
   196.20706072373767        9.9545391567218253       -17.195865072913950        125.59102043538290     
   204.87614892678516        9.9456539667362289       -19.637448520871509        145.22846895625440     
   214.06538242201549        9.9351945576581304       -22.351356977266111        167.57982593352051     
   223.80596992695965        9.9229398146486787       -25.349353952997479        192.92917988651800     
   234.13099268220046        9.9086523094565671       -28.640148272648915        221.56932815916690     
   245.07551680275571        9.8920799874650900       -32.229028986741412        253.79835714590831     
   256.67671237054429        9.8729581545273124       -36.117727022131781        289.91608416804007     
   268.97397967240016        9.8510114504746440       -40.304641563748476        330.22072573178855     
   282.00908301236740        9.8259555586756306       -44.785321546589550        375.00604727837811     
   295.82629255273270        9.7974986888313254       -49.552893367683055        424.55894064606116     
   310.47253466551990        9.7653432159565909       -54.598121195090052        479.15706184115123     
   325.99755130507430        9.7291880796084556       -59.908944437099230        539.06600627825048     
   342.45406894300197        9.6887325470135348       -65.469549150887929        604.53555542913841     
   359.89797763920529        9.6436817376232344       -71.259193168349938        675.79474859748836     
   378.38852085718082        9.5937539900491924       -77.251066025591186        753.04581462307954     
   397.98849666823492        9.5386898323289628       -83.411434521775234        836.45724914485481     
   418.76447102795225        9.4782620236783295       -89.699273085462210        926.15652223031702     
   440.78700384925264        9.4122848991963135       -96.067170419376950        1022.2236926496939     
   462.80953667055303        9.3447496739560556       -102.12093313325282        1124.3446257829467     
   486.15342146113142        9.2718084550750088       -108.17570945345690        1232.5203352364035     
   510.89793933914450        9.1933823298252513       -114.19111517604287        1346.7114504124463     
   537.12712828983842        9.1094073430533911       -120.13982182359680        1466.8512722360431     
   563.35631724053235        9.0249013649172465       -125.69808634940124        1592.5493585854442     
   591.15925752826786        8.9350078450278847       -131.19721531049876        1723.7465738959429     
   620.63037423326750        8.8396181881078455       -136.63104043913842        1860.3776143350813     
   650.10149093826715        8.7443287375040946       -141.70577570730867        2002.0833900423900     
   679.57260764326679        8.6493134234363094       -146.44715097658710        2148.5305410189771     
   710.81199135056647        8.5490966818914806       -151.11744705386542        2299.6479880728425     
   743.92573808030409        8.4436467445503158       -155.68273427499892        2455.3307223478414     
   779.02630961382602        8.3329874178731771       -160.10555148892803        2615.4362738367695     
   816.23291543935920        8.2171773270311768       -164.35763917581698        2779.7939130125865     
   855.67191761442439        8.0962765635088356       -168.42707184783626        2948.2209848604225     
   895.11091978948957        7.9773283939159043       -172.11697479517812        3120.3379596556006     
   936.91626209505864        7.8534933529538140       -175.65457588723049        3295.9925355428309     
   981.22992493896186        7.7248395220874464       -179.01178416849274        3475.0043197113237     
   1028.2024075534994        7.5915719843385192       -182.12968849718470        3657.1340082085085     
   1077.9932391249090        7.4539738859335962       -184.96596823360852        3842.0999764421172     
   1127.7840706963186        7.3200967492073268       -187.39452381767273        4029.4945002597897     
   1177.5749022677282        7.1897788815286541       -189.52265178055731        4219.0171520403474     
   1227.3657338391379        7.0627230797039466       -191.44725359508004        4410.4644056354273     
   1269.5883590116932        6.9571917993085943       -192.94683996049591        4603.4112455959230     
   1314.3443416946020        6.8477505962254126       -194.37580869391559        4797.7870542898381     
   1359.1003243775108        6.7407362708045504       -195.62868563243828        4993.4157399222768     
   1406.5416660213941        6.6300852056028052       -196.74344173808814        5190.1591816603650     
   1456.8294881639104        6.5159794855955733       -197.68939206656154        5387.8485737269266     
   1510.1345796349776        6.3985853099377685       -198.46144949540846        5586.3100232223351     
   1566.6379765943088        6.2778326978317764       -199.13475977256078        5785.4447829948958     
   1626.5315773712000        6.1534952465086636       -199.77465203563725        5985.2194350305326     
   1690.0187941947047        6.0255195258720295       -200.34700580428427        6185.5664408348166     
   1757.3152440276197        5.8941698386701464       -200.75706173102992        6386.3235025658469     
   1828.6494808505095        5.7600277379592555       -200.89330000080707        6587.2168025666542     
   1904.2637718827727        5.6238720065601555       -200.66949378628439        6787.8862963529382     
   1984.4149203769718        5.4856492889010813       -200.27939730122498        6988.1656936541631     
   2069.3751377808230        5.3447245224345679       -199.91044952282931        7188.0761431769924     
   2159.4329682289049        5.2011653950653329       -199.44689334613358        7387.5230365231264     
   2254.8942685038719        5.0551365711632972       -198.85962750414666        7586.3826640272728     
   2350.3555687788389        4.9152654873837776       -198.09391280507850        7784.4765768323514     
   2445.8168690538059        4.7813482107929408       -197.18639400812944        7981.6629708404807     
   2547.0058473452709        4.6453920774926232       -196.18438958283267        8177.8473604233131     
   2654.2661643342240        4.5072430284777978       -195.12833289356269        8372.9756933168755     
   2767.9621003425141        4.3673345796606666       -193.91132771964081        8566.8870210365167     
   2888.4797925113016        4.2269371902933432       -192.34027449303255        8759.2272955295484     
   3016.2285462102163        4.0861550325249336       -190.59315293025489        8949.8204484598027     
   3151.6422251310660        3.9426929948358529       -189.16544900051903        9138.9858974603212     
   3295.1807247871666        3.7980921877420855       -187.49002644197350        9326.4759239022951     
   3447.3315344226330        3.6527517446416025       -185.66230941321655        9512.1382333155125     
   3599.4823440580994        3.5148748030547825       -183.79848533085553        9695.9367186463678     
   3751.6331536935659        3.3832320312789630       -182.04867672781475        9877.9853953741822     
   3903.7839633290323        3.2588968961187290       -180.06746575460215        10058.052861128785     
   4065.0638215426270        3.1337733290337351       -178.07168605725002        10236.124547186035     
   4236.0204712490377        3.0073724672081745       -176.10324594598984        10412.227793132024     
   4417.2345199378324        2.8808097151596206       -173.93558597274784        10586.163379104772     
   4609.3214115479550        2.7536084056526704       -171.76278665360721        10757.926165758379     
   4801.4083031580776        2.6350028040633173       -169.31454530563801        10927.240711064018     
   5001.4083031580776        2.5177003615503173       -167.07422292157105        11094.314933985588     
   5201.4083031580776        2.4048737189214258       -165.12684537031816        11259.441779355906     
   5381.4083031580776        2.3086020672274596       -163.18665003188664        11422.628429387792     
   5572.2083031580778        2.2119612357429759       -161.13714394034437        11583.765573328137     
   5772.2083031580778        2.1098469447935218       -159.97156087829023        11743.737134206427     
   5972.2083031580778        2.0125177709281377       -158.31705403754862        11902.054188243976     
   6172.2083031580778        1.9208755536108288       -156.43693091030454        12058.491119154280     
   6372.2083031580778        1.8354406790239279       -154.35154355760878        12212.842662711888     
   6572.2083031580778        1.7555036004063183       -152.25042213046203        12365.093084842350     
   6732.2083031580778        1.6923062214292215       -151.00410633200698        12516.097191174358     
   6901.8083031580782        1.6270576614133796       -149.69138187255800        12665.788573046917     
   7071.4083031580785        1.5669915888280217       -147.84688100950987        12813.635454056426     
   7241.0083031580789        1.5087357210381382       -146.37243974677517        12960.007893803202     
   7420.7843031580787        1.4487935718852807       -144.92680418145181        13104.934697984654     
   7611.3468631580790        1.3827611780671412       -144.16563366706893        13249.100331651724     
   7811.3468631580790        1.3121189067784664       -143.50936742430068        13392.609699076023     
   8011.3468631580790        1.2509060936493306       -141.39150606158802        13534.001205137611     
   8211.3468631580799        1.1977489957060947       -139.00242925503321        13673.003634392644     
   8411.3468631580799        1.1392379056826369       -138.33617762922887        13811.339812021874     
   8611.3468631580799        1.0815396224004974       -137.31987606365530        13948.659688085529     
   8811.3468631580799        1.0201569096207399       -137.03564681669522        14085.695334902224     
   9011.3468631580799       0.96911179632607358       -134.93192856584884        14220.627263468074     
   9211.3468631580799       0.92375333987634178       -132.92553067420485        14353.552794142279     
   9411.3468631580799       0.87811891960793065       -131.65229821527399        14485.205092357553     
   9611.3468631580799       0.82692403270908765       -131.39914568610592        14616.604238043659     
   9811.3468631580799       0.77832598549294052       -130.39659198051592        14747.000830024175     
   10011.346863158080       0.72818043361151807       -129.85795676498921        14876.858786789164     
   10211.346863158080       0.68439506183795284       -128.33844777017080        15005.197234559335     
   10411.346863158080       0.64389147291775817       -126.91432334153143        15132.111557900866     
   10611.346863158080       0.60915677510788457       -125.03398426137460        15257.145542162240     
   10811.346863158080       0.56488523522678191       -125.21275988547376        15382.358302047713     
   11011.346863158080       0.51975973249568286       -124.83134516901194        15507.189647216725     
   11211.346863158080       0.48347626024207391       -123.15051427661876        15630.340161493343     
   11411.346863158080       0.44893785408901965       -121.90726105635801        15752.247422549701     
   11611.346863158080       0.42158636129756799       -119.87471303049580        15872.122135580197     
   11811.346863158080       0.39262376186453041       -118.81885656894829        15990.940992149146     
   12011.346863158080       0.35282671884587147       -119.41850107773452        16110.359493226881     
   12211.346863158080       0.31282953997154039       -119.24788953172846        16229.607382758610     
   12411.346863158080       0.27698951926700516       -118.32442412117977        16347.931806879789     
   12611.346863158080       0.24785701893309853       -115.65935953749248        16463.591166417282     
   12811.346863158080       0.21536246056399933       -115.29436399835514        16578.885530415639     
   13011.346863158080       0.18391162435073477       -114.51791111052522        16693.403441526163     
   13211.346863158080       0.15994389701149325       -112.87829441972541        16806.281735945890     
   13411.346863158080       0.12626652300657246       -113.45853548302210        16919.740271428913     
   13611.346863158080        8.7524202005333507E-002  -104.57728993159834        17024.317561360513     
   13811.346863158080        6.1708244507672982E-002  -104.26603232354782        17128.583593684059     
   14011.346863158080        3.6086408712028506E-002  -104.49159970984026        17233.075193393899     
   14211.346863158080        1.0838606316410482E-002  -104.73987443611041        17337.815067830008     
   14411.346863158080       -6.7084850476089031E-003  -104.19425419396784        17442.009322023976     
   14611.346863158080       -3.5203464846676302E-002  -99.683083120763328        17541.692405144739     
   14811.346863158080       -6.0422037833840925E-002  -100.24249722040008        17641.934902365138     
   15011.346863158080       -8.8581877674470177E-002  -101.66854477781861        17743.603447142956     
   15211.346863158080      -0.10515468298608188       -106.63481673307169        17850.238263876028     
   15411.346863158080      -0.12465254791783836       -112.71452149885829        17962.952785374888     
   15611.346863158080      -0.15230170092711259       -116.44550210592097        18079.398287480810     
   15811.346863158080      -0.18218357277788433       -119.95209961838333        18199.350387099192     
   16011.346863158080      -0.20916528008956248       -122.72192305915611        18322.072310158346     
   16211.346863158080      -0.20288463178186156       -139.43235017425002        18461.504660332597     
   16411.346863158080      -0.21529807933660949       -151.30720181605051        18612.811862148646     
   16611.346863158080      -0.23887029686075478       -160.07313423386520        18772.884996382512     
   16811.346863158080      -0.27304188576629151       -165.57951631733690        18938.464512699848     
   17011.346863158080      -0.29900516043755587       -170.50186015632568        19108.966372856172     
   17211.346863158080      -0.32470532130357943       -176.63961634640611        19285.605989202577     
   17411.346863158080      -0.34052870449256256       -187.41284229756175        19473.018831500140     
   17611.346863158080      -0.35175976688093291       -203.18920329551210        19676.208034795651     
   17811.346863158080      -0.36861800434508252       -216.99177131063070        19893.199806106280     
   18011.346863158080      -0.39274447125722767       -227.20770409394646        20120.407510200228     
   18211.346863158080      -0.41608297556061902       -235.85592343972317        20356.263433639950     
   18411.346863158080      -0.44254694816696527       -242.06837879293352        20598.331812432883     
   18611.346863158080      -0.47661906076647609       -243.96640893408883        20842.298221366971     
   18811.346863158080      -0.51102952778656896       -247.55349985387801        21089.851721220850     
   19011.346863158080      -0.54562499909436224       -251.50663268312846        21341.358353903979     
   19211.346863158080      -0.58217100036527203       -248.40103108681768        21589.759384990797     
   19411.346863158080      -0.61546827796220149       -250.81812725185122        21840.577512242649     
   19611.346863158080      -0.65420494275798780       -251.77881212908946        22092.356324371740     
   19811.346863158080      -0.69492632879407823       -252.61055081997702        22344.966875191716     
   20011.346863158080      -0.73717613893192779       -253.35904662059335        22598.325921812309     
   20211.346863158080      -0.78062139332854064       -253.99927554385005        22852.325197356160     
   20411.346863158080      -0.81407722569286811       -256.38698748360434        23108.712184839766     
   20611.346863158080      -0.84946271189200251       -257.68014021938285        23366.392325059147     
   20811.346863158080      -0.88608322459754441       -258.49992047075250        23624.892245529900     
   21011.346863158080      -0.93087326465822617       -257.65673332437473        23882.548978854276     
   21211.346863158080      -0.98206158574721647       -255.95543626315032        24138.504415117426     
   21411.346863158080       -1.0291262102568943       -255.55500076399363        24394.059415881420     
   21611.346863158080       -1.0719166280797088       -255.76370313890445        24649.823119020326     
   21811.346863158080       -1.1107166113201676       -256.25839682552879        24906.081515845854     
   22011.346863158080       -1.1462211449535427       -256.81130482896162        25162.892820674817     
   22211.346863158080       -1.1806107951199356       -257.08505823418153        25419.977878908998     
   22411.346863158080       -1.2090276343139674       -258.04605643680424        25678.023935345802     
   22611.346863158080       -1.2397027102742748       -258.04193629527782        25936.065871641080     
   22811.346863158080       -1.2691893338310589       -258.04518765005412        26194.111059291135     
   23011.346863158080       -1.2973412299895040       -258.05253566365576        26452.163594954793     
   23211.346863158080       -1.3239333609205894       -258.09406185807308        26710.257656812864     
   23411.346863158080       -1.3523117068147250       -257.65495955442009        26967.912616367284     
   23611.346863158080       -1.3829729587908970       -256.83747480099260        27224.750091168276     
   23811.346863158080       -1.4146172255467526       -255.98840450516704        27480.738495673442     
   24011.346863158080       -1.4468925718603014       -255.14265200620642        27735.881147679647     
   24211.346863158080       -1.4754279155047123       -254.92255374263493        27990.803701422283     
   24411.346863158080       -1.5032325283705710       -254.60554799656722        28245.409249418852     
   24611.346863158080       -1.5303020234077138       -254.27843858366225        28499.687688002516     
   24811.346863158080       -1.5579875527220091       -253.73440104837488        28753.422089050891     
   25011.346863158080       -1.5907913495464472       -252.41204069299465        29005.834129743886     
   25211.346863158080       -1.6251391593571962       -251.15450592339016        29256.988635667276     
   25411.346863158080       -1.6589810984371982       -250.17650424954039        29507.165139916815     
   25611.346863158080       -1.6917266648301554       -249.41948389365098        29756.584623810464     
   25811.346863158080       -1.7228096024431712       -248.87246089477370        30005.457084705238     
   26011.346863158080       -1.7520265341744705       -248.48543542178581        30253.942520127024     
   26211.346863158080       -1.7801266126996145       -248.09910257514539        30502.041622702171     
   26411.346863158080       -1.8049079221768765       -248.04686246749085        30750.088485169661     
   26611.346863158080       -1.8294451574925079       -247.76507050783206        30997.853555677491     
   26811.346863158080       -1.8534485098930786       -247.41635457800155        31245.269910255494     
   27011.346863158080       -1.8765935040589081       -247.08574000982711        31492.355650265323     
   27211.346863158080       -1.8990676329931078       -246.73837662528990        31739.094026890612     
   27411.346863158080       -1.9214432053784041       -246.30550094420772        31985.399527834819     
   27611.346863158080       -1.9444360415422846       -245.72605144926570        32231.125579284086     
   27811.346863158080       -1.9682111463830458       -245.03451313985565        32476.160092423943     
   28011.346863158080       -1.9925275026320546       -244.30522755765935        32720.465319981602     
   28211.346863158080       -2.0172532087304509       -243.56126109544135        32964.026581077043     
   28411.346863158080       -2.0420386231538230       -242.84868587072472        33206.875266947769     
   28611.346863158080       -2.0646666196664851       -242.46095056281069        33449.336217510579     
   28811.346863158080       -2.0861245607815850       -242.12359032331091        33691.459807833889     
   29011.346863158080       -2.1071938533383423       -241.72166694368070        33933.181474777572     
   29211.346863158080       -2.1295055341764892       -241.07059505983409        34174.252069837406     
   29411.346863158080       -2.1533750116014669       -240.23693849092049        34414.489008328324     
   29611.346863158080       -2.1782869265365985       -239.35247967289141        34653.841488001213     
   29811.346863158080       -2.2035983101106700       -238.50885259833993        34892.350340599551     
   30011.346863158080       -2.2287086099574589       -237.75837528804647        35130.108715887596     
   30211.346863158080       -2.2531446765869907       -237.12078505912473        35367.229500946720     
   30411.346863158080       -2.2766301631094663       -236.58798963317926        35603.817490579902     
   30611.346863158080       -2.2992995064142119       -236.10480934285042        35839.922299922750     
   30811.346863158080       -2.3197914990917079       -235.84886324730022        36075.771163170051     
   31011.346863158080       -2.3396584168625059       -235.52386074329721        36311.295023913350     
   31211.346863158080       -2.3591040719666445       -235.15123785849090        36546.446261771838     
   31411.346863158080       -2.3780079085794155       -234.77968508184736        36781.225946853687     
   31611.346863158080       -2.3963729570729173       -234.41200239978193        37015.637949253469     
   31811.346863158080       -2.4142932908090522       -234.03877985078819        37249.676729104256     
   32011.346863158080       -2.4320138034346268       -233.63402519475099        37483.310754299004     
   32211.346863158080       -2.4499619299610620       -233.15694069921136        37716.467694998217     
   32411.346863158080       -2.4683649849009850       -232.60726850207035        37949.074963500287     
   32611.346863158080       -2.4871930720630924       -232.01690502640471        38181.091868526688     
   32811.346863158076       -2.5063428566541663       -231.41073053212665        38412.502599058811     
   33011.346863158076       -2.5255575618753250       -230.82390611957985        38643.326505178389     
   33211.346863158076       -2.5446562489106821       -230.26857194338675        38873.595077121776     
   33411.346863158076       -2.5626829358373877       -229.85901492203425        39103.454092043808     
   33611.346863158076       -2.5798991544187571       -229.50170695185460        39332.955798995667     
   33811.346863158076       -2.5966615054382318       -229.13600218855194        39562.091801184215     
   34011.346863158076       -2.6134619958394900       -228.71012619264334        39790.801927376859     
   34211.346863158076       -2.6312228887162510       -228.13060533713616        40018.932532713996     
   34411.346863158076       -2.6498853647968375       -227.46844985113708        40246.400982565130     
   34611.346863158076       -2.6691326254421934       -226.79015706006598        40473.191139625196     
   34811.346863158076       -2.6886027632569220       -226.13923165125652        40699.330371276454     
   35011.346863158076       -2.7079569367364940       -225.54129289089047        40924.871664167345     
   35211.346863158076       -2.7269293756189779       -225.00618621067213        41149.877850378020     
   35411.346863158076       -2.7453507224450622       -224.53129466757363        41374.409145045596     
   35611.346863158076       -2.7632728654100447       -224.08906516535777        41598.498210210957     
   35811.346863158076       -2.7808750395871380       -223.64841683384816        41822.146627044807     
   36011.346863158076       -2.7973217797102454       -223.32700005060772        42045.473627095416     
   36211.346863158076       -2.8128280859727823       -223.05217643164764        42268.525803527067     
   36411.346863158076       -2.8276825936341052       -222.77774665712602        42491.303550184195     
   36611.346863158076       -2.8420972934044473       -222.48723118969195        42713.790781373886     
   36811.346863158076       -2.8562038885217254       -222.17842340761436        42935.969204781497     
   37011.346863158076       -2.8700949033786669       -221.85207884364260        43157.821283625140     
   37211.346863158076       -2.8839182236669769       -221.49926284291274        43379.320546468050     
   37411.346863158076       -2.8979012775175290       -221.10290123967633        43600.423447707726     
   37611.346863158076       -2.9121626027003176       -220.67870262687941        43821.102150334606     
   37811.346863158076       -2.9265931944969887       -220.23555698755953        44041.337707322164     
   38011.346863158076       -2.9412337482674347       -219.77376867342062        44261.111475995582     
   38211.346863158076       -2.9560808090296966       -219.29895446850605        44480.410430464086     
   38411.346863158076       -2.9709175378201360       -218.82901497893036        44699.239445443018     
   38611.346863158076       -2.9858346329274488       -218.36246646346208        44917.601911906480     
   38811.346863158076       -3.0008180010480396       -217.91053063701500        45135.512442543499     
   39011.346863158076       -3.0151669094578177       -217.54342929583893        45353.055871839337     
   39211.346863158076       -3.0288529372749053       -217.21862541017683        45570.274497249513     
   39411.346863158076       -3.0422533263336389       -216.90086961163206        45787.175366861142     
   39611.346863158076       -3.0555125147888793       -216.56204702161745        46003.737413882758     
   39811.346863158076       -3.0692323566629423       -216.12588018117827        46219.863294063936     
   40011.346863158076       -3.0836739608121015       -215.61348315439633        46435.476777218333     
   40211.346863158076       -3.0986127116978519       -215.07974937954765        46650.556526597880     
   40411.346863158076       -3.1137583270306588       -214.56232187847533        46865.118848476355     
   40611.346863158076       -3.1288601596271541       -214.08011601149946        47079.198964487856     
   40811.346863158076       -3.1437341435161401       -213.63924383550849        47292.838208323366     
   41011.346863158076       -3.1582626726481315       -213.23806012874115        47506.076268452111     
   41211.346863158076       -3.1724481427724678       -212.86249411567755        47718.938762567785     
   41411.346863158076       -3.1863833075898405       -212.49401428965393        47931.432776857437     
   41611.346863158076       -3.2002335955347614       -212.12301762144611        48143.555794478882     
   41811.346863158076       -3.2133357287091338       -211.81903459969493        48355.374829078573     
   42011.346863158076       -3.2258791909358417       -211.55281936481737        48566.927648443394     
   42211.346863158076       -3.2378821004730423       -211.30245525948814        48778.230103702881     
   42411.346863158076       -3.2494832725003788       -211.05188622468620        48989.281989927564     
   42611.346863158076       -3.2607824974809505       -210.79522437651008        49200.077214304074     
   42811.346863158076       -3.2718518018276210       -210.53091213724619        49410.608126441322     
   43011.346863158076       -3.2827493993728014       -210.25828294934186        49620.866409390663     
   43211.346863158076       -3.2935504952863042       -209.97375165486585        49830.840161045526     
   43411.346863158076       -3.3043998629263953       -209.66534416378460        50040.505505209308     
   43611.346863158076       -3.3154148018066882       -209.32878587561316        50249.834291084924     
   43811.346863158076       -3.3266449614628213       -208.96862971143389        50458.802920796355     
   44011.346863158076       -3.3380855648760113       -208.59305862336191        50667.395979419714     
   44211.346863158076       -3.3497078368337512       -208.20922424066958        50875.605203660387     
   44411.346863158076       -3.3614154784446573       -207.83011711876421        51083.435320779150     
   44611.346863158076       -3.3731106200824597       -207.46390130202312        51290.899222081171     
   44811.346863158076       -3.3847420233896397       -207.11050138970194        51498.009723470874     
   45011.346863158076       -3.3963072149332372       -206.76489150828024        51704.774614979156     
   45211.346863158076       -3.4075316468831183       -206.46028323738389        51911.234898216542     
   45411.346863158076       -3.4183295346811615       -206.19153587491061        52117.426434091452     
   45611.346863158076       -3.4287633828730106       -205.93964130918189        52323.366075400634     
   45811.346863158076       -3.4391177699913915       -205.66618593088171        52529.032261331515     
   46011.346863158076       -3.4496434187673133       -205.35265018566164        52734.384911517176     
   46211.346863158076       -3.4604459107088088       -205.00356588694930        52939.388477404129     
   46411.346863158076       -3.4715183589557617       -204.63263844003680        53144.021115844167     
   46611.346863158076       -3.4827920149245148       -204.25413620702912        53348.275252051193     
   46811.346863158076       -3.4941727634775193       -203.87956113613208        53552.154813187328     
   47011.346863158076       -3.5055639692293568       -203.51681902307655        53755.671632210404     
   47211.346863158076       -3.5168798784968871       -203.17040260420688        53958.842034814610     
   47411.346863158076       -3.5280524285529982       -202.84199103557413        54161.684025850183     
   47611.346863158076       -3.5390336195514145       -202.53116568920356        54364.215191539384     
   47811.346863158076       -3.5498344093080556       -202.23101097428128        54566.446202513667     
   48011.346863158076       -3.5605076193089338       -201.93276280172014        54768.378965315387     
   48211.346863158076       -3.5711047768885731       -201.63141154527287        54970.010376860657     
   48411.346863158076       -3.5813643867448026       -201.36372851716663        55171.374105377821     
   48611.346863158076       -3.5912181987000897       -201.12540188843903        55372.499507266257     
   48811.346863158076       -3.6007088709033050       -200.90262381261439        55573.402131078874     
   49011.346863158076       -3.6099013955037829       -200.68572105354312        55774.087852132419     
   49211.346863158076       -3.6188542340384782       -200.46953894954245        55974.557391081958     
   49411.346863158076       -3.6276164655525198       -200.25141790715776        56174.808808989117     
   49611.346863158076       -3.6362307826772744       -200.02978879967051        56374.838597788788     
   49811.346863158076       -3.6447175209780047       -199.80591072334008        56574.644508512130     
   50011.346863158076       -3.6531621896085955       -199.57154562144930        56774.216054133576     
   50211.346863158076       -3.6616677486658742       -199.31937089493556        56973.535425028509     
   50411.346863158076       -3.6703074100478341       -199.04793264871606        57172.583357677227     
   50611.346863158076       -3.6791120620021336       -198.76049280055622        57371.343850477781     
   50811.346863158076       -3.6880795917533620       -198.46217395500852        57569.806024432786     
   51011.346863158076       -3.6971912685853097       -198.15763277704781        57767.963657209832     
   51211.346863158076       -3.7063864262010786       -197.85497441932657        57965.818631629161     
   51411.346863158076       -3.7155939687908059       -197.56051647296346        58163.379148102125     
   51611.346863158076       -3.7247643043261878       -197.27596084852760        58360.655108950654     
   51811.346863158076       -3.7338782926170979       -196.99936146152112        58557.654470412177     
   52011.346863158076       -3.7429412242458051       -196.72717644208083        58754.381646854257     
   52211.346863158076       -3.7518074031858593       -196.47699563004522        58950.858642484302     
   52411.346863158076       -3.7603946810694944       -196.25084279467913        59147.109485278983     
   52611.346863158076       -3.7687101086514163       -196.04016971099199        59343.149654989975     
   52811.346863158076       -3.7768962029451467       -195.82386147328580        59538.973516463258     
   53011.346863158076       -3.7851153654924587       -195.58715149154202        59734.560667954800     
   53211.346863158076       -3.7934689738721792       -195.32753449777547        59929.888202452574     
   53411.346863158076       -3.8019917663213612       -195.04987711795184        60124.938079570522     
   53611.346863158076       -3.8106713713860612       -194.76152855491617        60319.699608125440     
   53811.346863158076       -3.8194682149232726       -194.46965784892586        60514.169265974364     
   54011.346863158076       -3.8283303939998676       -194.18013006135268        60708.349396035715     
   54211.346863158076       -3.8372038044069798       -193.89717288873598        60902.246568924449     
   54411.346863158076       -3.8460386587112292       -193.62341659721031        61095.869985521662     
   54611.346863158076       -3.8547932741732618       -193.36011127695278        61289.230096798616     
   54811.346863158076       -3.8634357986463801       -193.10742011954960        61482.337516918167     
   55011.346863158076       -3.8719577962467593       -192.86302390206797        61675.200540820239     
   55211.346863158076       -3.8803820254693897       -192.62203004362604        61867.822570863864     
   55411.346863158076       -3.8887441184256213       -192.38008752487423        62060.202658388735     
   55611.346863158076       -3.8969284876590402       -192.15365960613107        62252.356317994869     
   55811.346863158076       -3.9048816627230032       -191.94390833353489        62444.300226328407     
   56011.346863158076       -3.9126025400046123       -191.74613619000971        62636.046362518420     
   56211.346863158076       -3.9201093784411007       -191.55595903336601        62827.602321551785     
   56411.346863158076       -3.9274248586021852       -191.37037248316557        63018.972694034950     
   56611.346863158076       -3.9345721637089088       -191.18733848935599        63210.160032524305     
   56811.346863158076       -3.9415745592342692       -191.00533998841007        63401.165372512718     
   57011.346863158076       -3.9484554607315143       -190.82314541413257        63591.988517926853     
   57211.346863158076       -3.9552383502442812       -190.63970705988342        63782.628224986736     
   57411.346863158076       -3.9619386249918098       -190.45512685613275        63973.083351842870     
   57611.346863158076       -3.9686033936569398       -190.26512111909366        64163.348472961967     
   57811.346863158076       -3.9752966951003299       -190.06483818057404        64353.413311142540     
   58011.346863158076       -3.9820734355889678       -189.85204625665315        64543.265357399192     
   58211.346863158076       -3.9889660994504830       -189.62747336609843        64732.892830765290     
   58411.346863158076       -3.9959843671306912       -189.39369483939331        64922.286525604686     
   58611.346863158076       -4.0031216800774239       -189.15381008916074        65111.440335693849     
   58811.346863158076       -4.0103636734921508       -188.91046647687105        65300.350802170717     
   59011.346863158076       -4.0176717972144402       -188.66836139751246        65489.019163568228     
   59211.346863158076       -4.0249965720724656       -188.43181825885574        65677.450981827089     
   59411.346863158076       -4.0322973466037872       -188.20273146851545        65865.653713295600     
   59611.346863158076       -4.0395515642973274       -187.98057034925174        66053.634283644846     
   59811.346863158076       -4.0467541262992519       -187.76338291270511        66241.397666557546     
   60011.346863158076       -4.0538288470240431       -187.55937733131793        66428.957043888862     
   60211.346863158076       -4.0607181116426680       -187.37105261423554        66616.328096503101     
   60411.346863158076       -4.0674073116173872       -187.19530905782190        66803.523405560918     
   60611.346863158076       -4.0739140031683938       -187.02706096343150        66990.550466524350     
   60811.346863158076       -4.0803209374774490       -186.85535298936946        67177.405819513719     
   61011.346863158076       -4.0867261103547126       -186.67168656614521        67364.077506079862     
   61211.346863158076       -4.0932016021078912       -186.47336633575443        67550.550872415610     
   61411.346863158076       -4.0997841028312045       -186.26198401611143        67736.812856431716     
   61611.346863158076       -4.1064808926784915       -186.04115534718730        67922.854011778909     
   61811.346863158076       -4.1132790897615088       -185.81498184416049        68108.668993623069     
   62011.346863158076       -4.1201537821493144       -185.58724370457520        68294.256237327645     
   62211.346863158076       -4.1270742512069738       -185.36104421982515        68479.617281547471     
   62411.346863158076       -4.1340084906692791       -185.13869734487213        68664.755978892339     
   62611.346863158076       -4.1409263569011081       -184.92174187339171        68849.677720765729     
   62811.346863158076       -4.1478015747183736       -184.71102797852103        69034.388748744255     
   63011.346863158076       -4.1546128301561813       -184.50683825124287        69218.895586995495     
   63211.346863158076       -4.1613437457824327       -184.30907185898752        69403.204658854476     
   63411.346863158076       -4.1679969341731411       -184.11555939588359        69587.320218250359     
   63611.346863158076       -4.1745928688630576       -183.92300272515922        69771.243220975521     
   63811.346863158076       -4.1811573135717177       -183.72879988508268        69954.972020860601     
   64011.346863158076       -4.1876291188327617       -183.54214844907258        70138.514169309681     
   64211.346863158076       -4.1939599799773557       -183.36641733633945        70321.880586646017     
   64411.346863158076       -4.2001321419321354       -183.20038638952650        70505.080973035540     
   64611.346863158076       -4.2061468753614655       -183.04161533643995        70688.122588371974     
   64811.346863158076       -4.2120142095621231       -182.88787676905108        70871.010465141022     
   65011.346863158076       -4.2177478153691847       -182.73742742089365        71053.747892561922     
   65211.346863158076       -4.2233628956769218       -182.58892718363217        71236.336819745557     
   65411.346863158076       -4.2288753037239086       -182.44132257997524        71418.778142325536     
   65611.346863158076       -4.2343010767840603       -182.29376487875317        71601.071907204285     
   65811.346863158076       -4.2396561133058182       -182.14555978533062        71783.217466989619     
   66011.346863158076       -4.2449586996926572       -181.99578560289970        71965.213252592526     
   66211.346863158076       -4.2502343127364126       -181.84278841173997        72147.056041004267     
   66411.346863158076       -4.2555178504436384       -181.68418223386686        72328.740223238128     
   66611.346863158076       -4.2608457482445781       -181.51806093539955        72510.258284173527     
   66811.346863158076       -4.2662469145593294       -181.34381575411206        72691.602099927637     
   67011.346863158076       -4.2717380042893840       -181.16215399870643        72872.764253926347     
   67211.346863158076       -4.2773233921902900       -180.97463938413190        73053.738893310481     
   67411.346863158076       -4.2829981463908577       -180.78311959438355        73234.522012904868     
   67611.346863158076       -4.2887521443894077       -180.58925795932097        73415.111270864189     
   67811.346863158076       -4.2945739665738749       -180.39425238837714        73595.505523252563     
   68011.346863158076       -4.3004392493362120       -180.20057086351275        73775.706094116074     
   68211.346863158076       -4.3063145975725865       -180.01094720966006        73955.717041325741     
   68411.346863158076       -4.3121692409711176       -179.82695563390888        74135.543996959648     
   68611.346863158076       -4.3179827897573118       -179.64864541793045        74315.192642377573     
   68811.346863158076       -4.3237468055205426       -179.47496308528599        74494.667605462862     
   69011.346863158076       -4.3294625674392506       -179.30436393324939        74673.971969396109     
   69211.346863158076       -4.3350930395081200       -179.14089051116267        74853.112859907269     
   69411.346863158076       -4.3406000403261435       -178.98702163709837        75032.099881544375     
   69611.346863158076       -4.3459649863749812       -178.84216213165757        75210.942043676027     
   69811.346863158076       -4.3512045763610017       -178.70203732652803        75389.644081002552     
   70011.346863158076       -4.3563677211468868       -178.56039505287382        75568.204476055427     
   70211.346863158076       -4.3615089095244608       -178.41272469011588        75746.617200745546     
   70411.346863158076       -4.3666707473621589       -178.25727482845318        75924.874475574004     
   70611.346863158076       -4.3718790816093893       -178.09438966969333        76102.968865243703     
   70811.346863158076       -4.3771445891046854       -177.92556851889395        76280.894433762602     
   71011.346863158076       -4.3824663349669670       -177.75276401749429        76458.647197780097     
   71211.346863158076       -4.3878353768450475       -177.57795741776943        76636.225155197870     
   71411.346863158076       -4.3932378434988815       -177.40292864548061        76813.628083843345     
   71611.346863158076       -4.3986574045327025       -177.22914572622727        76990.857229569578     
   71811.346863158076       -4.4040771726320411       -177.05772591790890        77167.914955487489     
   72011.346863158076       -4.4094810965257647       -176.88944095397733        77344.804396441468     
   72211.346863158076       -4.4148549034364510       -176.72474957017747        77521.529146011642     
   72411.346863158076       -4.4201866755845636       -176.56384304873006        77698.092989060373     
   72611.346863158076       -4.4254671185173819       -176.40669766782014        77874.499686728188     
   72811.346863158076       -4.4306955382844597       -176.25238227145385        78050.752068999645     
   73011.346863158076       -4.4358823882765446       -176.09908288835379        78226.851151887997     
   73211.346863158076       -4.4410446908496475       -175.94493896885484        78402.796090856849     
   73411.346863158076       -4.4461991095828832       -175.78878419375712        78578.584875050612     
   73611.346863158076       -4.4513124401839210       -175.63596099035706        78754.220836040971     
   73811.346863158076       -4.4563607242376122       -175.48818389638765        78929.709019937363     
   74011.346863158076       -4.4613313672945045       -175.34539287015897        79105.054412807527     
   74211.346863158076       -4.4662141816539780       -175.20759091148210        79280.262003719006     
   74411.346863158076       -4.4710005236258681       -175.07478125367160        79455.336784972678     
   74611.346863158076       -4.4756855066049273       -174.94663760038432        79630.283422573062     
   74811.346863158076       -4.4802692182642652       -174.82246253272848        79805.105885105790     
   75011.346863158076       -4.4847564213183766       -174.70133193974848        79979.807217045542     
   75211.346863158076       -4.4891554384388268       -174.58226422542569        80154.389481270962     
   75411.346863158076       -4.4934768740908781       -174.46434096954752        80328.853822240504     
   75611.346863158076       -4.4977325132101749       -174.34676903635162        80503.200591276851     
   75811.346863158076       -4.5019345029229925       -174.22889884604550        80677.429490122900     
   76011.346863158076       -4.5060957463011082       -174.11009899511632        80851.539589118023     
   76211.346863158076       -4.5102365784988123       -173.98890948349202        81025.528498601518     
   76411.346863158076       -4.5143837436209644       -173.86350903142534        81199.392007632938     
   76611.346863158076       -4.5185643041606252       -173.73253954341914        81373.124547176354     
   76811.346863158076       -4.5228000265543091       -173.59552670847285        81546.720073884833     
   77011.346863158076       -4.5271045096872768       -173.45285503514992        81720.172928919987     
   77211.346863158076       -4.5314829622747075       -173.30549971559643        81893.478428635586     
   77411.346863158076       -4.5359337279489145       -173.15469661355709        82066.633125249136     
   77611.346863158076       -4.5404506143507870       -173.00165719103455        82239.634782440175     
   77811.346863158076       -4.5450252989002511       -172.84737431759442        82412.482156757775     
   78011.346863158076       -4.5496493535924696       -172.69252530123521        82585.174682059005     
   78211.346863158076       -4.5543069519235004       -172.53854576257280        82757.713227821572     
   78411.346863158076       -4.5589753357737122       -172.38725542102168        82930.100483242597     
   78611.346863158076       -4.5636313811337885       -172.23996271033820        83102.340445952941     
   78811.346863158076       -4.5682573905686805       -172.09704762134558        83274.437493574282     
   79011.346863158076       -4.5728434216254605       -171.95807412805721        83446.395567702333     
   79211.346863158076       -4.5773867942774018       -171.82212777058280        83618.217695472922     
   79411.346863158076       -4.5818902555302419       -171.68814148797833        83789.905836960897     
   79611.346863158076       -4.5863352302972986       -171.55819663359111        83961.464033594486     
   79811.346863158076       -4.5907009588041934       -171.43373785505514        84132.897771449541     
   80011.346863158076       -4.5949772125608419       -171.31449949833876        84304.212270947886     
   80211.346863158076       -4.5991734148031904       -171.19814596754082        84475.410416915431     
   80411.346863158076       -4.6033122329065197       -171.08182025073384        84646.492237166167     
   80611.346863158076       -4.6074199352017553       -170.96331324328060        84817.455550409446     
   80811.346863158076       -4.6115199512270646       -170.84140369378233        84988.296954103222     
   81011.346863158076       -4.6156299704468147       -170.71574084161676        85159.012694944831     
   81211.346863158076       -4.6197612792206506       -170.58659275991562        85329.599287704754     
   81411.346863158076       -4.6239192338830470       -170.45460566265226        85500.053893367411     
   81611.346863158076       -4.6281042258361689       -170.32061521159235        85670.374508579000     
   81811.346863158076       -4.6323128084323200       -170.18551068497254        85840.560019263969     
   82011.346863158076       -4.6365388202167681       -170.05014243676865        86010.610161700737     
   82211.346863158076       -4.6407744177541010       -169.91526290946416        86180.525424610198     
   82411.346863158076       -4.6450109698751074       -169.78149342311445        86350.306918033311     
   82611.346863158076       -4.6492397882878329       -169.64931063376778        86519.956228667084     
   82811.346863158076       -4.6534526869407742       -169.51904753881394        86689.475276205892     
   83011.346863158076       -4.6576423769550184       -169.39090451777221        86858.866180723664     
   83211.346863158076       -4.6618027149799932       -169.26496643882879        87028.131147162494     
   83411.346863158076       -4.6659288287296832       -169.14122264407911        87197.272369806567     
   83611.346863158076       -4.6700202352335038       -169.01920263184073        87366.291572438407     
   83811.346863158076       -4.6740831788397914       -168.89786008221955        87535.189432520623     
   84011.346863158076       -4.6781291306500670       -168.77594637114296        87703.965378891764     
   84211.346863158076       -4.6821708884699946       -168.65249370103729        87872.617872592804     
   84411.346863158076       -4.6862189720910106       -168.52707315601842        88041.144945748820     
   84611.346863158076       -4.6902551429576977       -168.40284137223642        88209.547787121061     
   84811.346863158076       -4.6942597797109942       -168.28165710328116        88377.829444224335     
   85011.346863158076       -4.6982273360340603       -168.16305023872528        88545.992494463062     
   85211.346863158076       -4.7021545141179253       -168.04673344094914        88714.039227904010     
   85411.346863158076       -4.7060329425769556       -167.93327380842331        88881.972501712429     
   85611.346863158076       -4.7098511569487531       -167.82343607696347        89049.795937789386     
   85811.346863158076       -4.7135990435753179       -167.71759932536301        89217.513537114748     
   86011.346863158076       -4.7172706637696962       -167.61561135017010        89385.129148464912     
   86211.346863158076       -4.7208649373547447       -167.51691579110866        89552.646064256027     
   86411.346863158076       -4.7243849924675194       -167.42075039016686        89720.066814646198     
