 #              _____________________  _______________________             #
 #              ___  __ \__  __ \_  / / /_  /___  ____/_  ___/             #
 #              __  / / /_  /_/ /  / / /_  __/_  __/  _____ \              #
 #              _  /_/ /_  _, _// /_/ / / /_ _  /___  ____/ /              #
 #              /_____/ /_/ |_| \____/  \__/ /_____/  /____/               #
 #                                                                         #
  
 #        time                      T            heat flux [W.L-2]   in    x              directions   cumulative flux
 #-----------------------------------------------------------------------------------------------

   0.0000000000000000        10.000000000000000       -0.0000000000000000        0.0000000000000000     
   1.0000000000000000        10.000000000000000        5.6488147492927924E-013   5.6488147492927924E-013
   1.9540000000000002        10.000000000000000        5.6488147492927924E-013   1.1297629498585585E-012
   2.8641160000000001        10.000000000000000        1.1297629498585585E-012   2.2595258997171170E-012
   3.8288389600000006        10.000000000000000        1.1297629498585585E-012   3.3892888495756755E-012
   4.8514452976000007        10.000000000000000        1.1297629498585585E-012   4.5190517994342340E-012
   5.9354080154560007        10.000000000000000        5.6488147492927924E-013   5.0839332743635136E-012
   7.0844084963833609        10.000000000000000       -0.0000000000000000        5.0839332743635136E-012
   8.3023490061663630        10.000000000000000       -1.1297629498585585E-012   6.2136962242220721E-012
   9.5933659465363448        10.000000000000000       -5.6488147492927914E-013   6.7785776991513509E-012
   10.961843903328527        10.000000000000000       -5.6488147492927914E-013   7.3434591740806306E-012
   12.412430537528239        10.000000000000000       -5.6488147492927914E-013   7.9083406490099102E-012
   13.950052369779934        10.000000000000000       -0.0000000000000000        7.9083406490099102E-012
   15.579931511966731        10.000000000000000       -0.0000000000000000        7.9083406490099102E-012
   17.307603402684734        10.000000000000000       -0.0000000000000000        7.9083406490099102E-012
   19.138935606845820        10.000000000000000        5.6488147492927924E-013   8.4732221239391899E-012
   21.080147743256571        10.000000000000000        5.6488147492927924E-013   9.0381035988684695E-012
   23.137832607851966        10.000000000000000       -0.0000000000000000        9.0381035988684695E-012
   25.318978564323086        10.000000000000000       -0.0000000000000000        9.0381035988684695E-012
   27.630993278182473        10.000000000000000       -0.0000000000000000        9.0381035988684695E-012
   30.081728874873424        10.000000000000000       -5.6488147492927924E-013   9.6029850737977492E-012
   32.679508607365833        10.000000000000000       -1.1297629498585585E-012   1.0732748023656307E-011
   35.433155123807786        10.000000000000000       -5.6488147492927924E-013   1.1297629498585586E-011
   38.352020431236255        10.000000000000000       -5.6488147492927924E-013   1.1862510973514866E-011
   41.446017657110431        10.000000000000000       -5.6488147492927924E-013   1.2427392448444146E-011
   44.725654716537058        10.000000000000000       -5.6488147492927924E-013   1.2992273923373425E-011
   48.202069999529286        10.000000000000000        5.6488147492927924E-013   1.3557155398302705E-011
   51.887070199501046        10.000000000000000        1.1297629498585585E-012   1.4686918348161264E-011
   55.793170411471110        10.000000000000000        1.1297629498585585E-012   1.5816681298019824E-011
   59.933636636159378        10.000000000000000        1.1297629498585585E-012   1.6946444247878383E-011
   64.322530834328944        10.000000000000000        1.6946444247878377E-012   1.8641088672666222E-011
   68.974758684388689        10.000000000000000        2.2595258997171170E-012   2.0900614572383341E-011
   73.906120205452012        10.000000000000000        1.6946444247878377E-012   2.2595258997171179E-011
   79.133363417779137        10.000000000000000        1.6946444247878377E-012   2.4289903421959018E-011
   84.674241222845893        10.000000000000000        1.1297629498585585E-012   2.5419666371817578E-011
   90.547571696216650        10.000000000000000        1.1297629498585585E-012   2.6549429321676137E-011
   96.773301997989648        10.000000000000000        1.1297629498585585E-012   2.7679192271534696E-011
   99.476364677492242        10.000000000000000        1.1297629498585585E-012   2.8808955221393256E-011
   102.34161111776500        10.000000000000000        1.6946444247878377E-012   3.0503599646181095E-011
   105.37877234445412        10.000000000000000        1.6946444247878373E-012   3.2198244070968933E-011
   108.59816324474458        10.000000000000000        1.6946444247878377E-012   3.3892888495756772E-011
   112.01071759905247        10.000000000000000        1.6946444247878377E-012   3.5587532920544611E-011
   115.62802521461883        10.000000000000000        1.1297629498585585E-012   3.6717295870403171E-011
   119.46237128711918        10.000000000000000        5.6488147492927924E-013   3.7282177345332450E-011
   123.52677812396955        10.000000000000000        1.1297629498585585E-012   3.8411940295191010E-011
   127.83504937103093        10.000000000000000        5.6488147492927924E-013   3.8976821770120289E-011
   132.40181689291600        10.000000000000000       -0.0000000000000000        3.8976821770120289E-011
   137.24259046611419        10.000000000000000       -5.6488147492927924E-013   3.9541703245049569E-011
   142.37381045370427        10.000000000000000       -1.1297629498585585E-012   4.0671466194908128E-011
   147.81290364054973        10.000000000000000       -5.6488147492927924E-013   4.1236347669837408E-011
   153.57834241860593        10.000000000000000       -5.6488147492927914E-013   4.1801229144766687E-011
   159.68970752334550        10.000000000000000       -5.6488147492927914E-013   4.2366110619695967E-011
   166.16775453436946        10.000000000000000       -0.0000000000000000        4.2366110619695967E-011
   173.03448436605484        10.000000000000000       -0.0000000000000000        4.2366110619695967E-011
   180.31321798764137        10.000000000000000       -5.6488147492927914E-013   4.2930992094625247E-011
   188.02867562652307        10.000000000000000       -5.6488147492927914E-013   4.3495873569554526E-011
   196.20706072373767        10.000000000000000       -5.6488147492927914E-013   4.4060755044483806E-011
   204.87614892678516        10.000000000000000       -0.0000000000000000        4.4060755044483806E-011
   214.06538242201549        10.000000000000000       -0.0000000000000000        4.4060755044483806E-011
   223.80596992695965        10.000000000000000       -0.0000000000000000        4.4060755044483806E-011
   234.13099268220046        10.000000000000000       -0.0000000000000000        4.4060755044483806E-011
   245.07551680275571        10.000000000000000       -0.0000000000000000        4.4060755044483806E-011
   256.67671237054429        10.000000000000000       -0.0000000000000000        4.4060755044483806E-011
   268.97397967240016        10.000000000000000       -0.0000000000000000        4.4060755044483806E-011
   282.00908301236740        10.000000000000000        1.1297629498585583E-012   4.5190517994342365E-011
   295.82629255273270        10.000000000000000        5.6488147492927914E-013   4.5755399469271645E-011
   310.47253466551990        10.000000000000000       -0.0000000000000000        4.5755399469271645E-011
   325.99755130507430        10.000000000000000        5.6488147492927914E-013   4.6320280944200925E-011
   342.45406894300197        10.000000000000000        5.6488147492927914E-013   4.6885162419130204E-011
   359.89797763920529        10.000000000000000       -0.0000000000000000        4.6885162419130204E-011
   378.38852085718082        10.000000000000000       -0.0000000000000000        4.6885162419130204E-011
   397.98849666823492        10.000000000000000       -0.0000000000000000        4.6885162419130204E-011
   418.76447102795225        10.000000000000000       -0.0000000000000000        4.6885162419130204E-011
   440.78700384925264        10.000000000000000       -5.6488147492927914E-013   4.7450043894059484E-011
   462.80953667055303        10.000000000000000       -5.6488147492927914E-013   4.8014925368988764E-011
   486.15342146113142        10.000000000000000       -5.6488147492927914E-013   4.8579806843918043E-011
   510.89793933914450        10.000000000000000       -0.0000000000000000        4.8579806843918043E-011
   537.12712828983842        10.000000000000000       -0.0000000000000000        4.8579806843918043E-011
   563.35631724053235        10.000000000000000       -5.6488147492927914E-013   4.9144688318847323E-011
   591.15925752826786        10.000000000000000       -2.2595258997171166E-012   5.1404214218564441E-011
   620.63037423326750        10.000000000000000       -7.3434591740806290E-012   5.8747673392645070E-011
   650.10149093826715        10.000000000000000       -2.0335733097454048E-011   7.9083406490099125E-011
   679.57260764326679        10.000000000000000       -5.5358384543069347E-011   1.3444179103316848E-010
   710.81199135056647        10.000000000000000       -1.4460965758189549E-010   2.7905144861506394E-010
   743.92573808030409        10.000000000000000       -3.7508129935304122E-010   6.5413274796810521E-010
   779.02630961382602        10.000000000000000       -9.6820684802878366E-010   1.6223395959968889E-009
   816.23291543935920        10.000000000000000       -2.4826540823141758E-009   4.1049936783110644E-009
   855.67191761442439        10.000000000000000       -6.2950391566118469E-009   1.0400032834922911E-008
   895.11091978948957        10.000000000000000       -1.4656979629989768E-008   2.5057012464912679E-008
   936.91626209505864        10.000000000000000       -3.3949376643248297E-008   5.9006389108160973E-008
   981.22992493896186        10.000000000000000       -7.7985841784303646E-008   1.3699223089246462E-007
   1028.2024075534994        10.000000000000000       -1.7721405143329503E-007   3.1420628232575968E-007
   1077.9932391249090        10.000000000000000       -3.9747094149310282E-007   7.1167722381886250E-007
   1127.7840706963186        10.000000000000000       -8.2826367631018910E-007   1.5399409001290516E-006
   1177.5749022677282        10.000000000000000       -1.6243737341836595E-006   3.1643146343127109E-006
   1227.3657338391379        10.000000000000000       -3.0263530667987747E-006   6.1906677011114860E-006
   1269.5883590116932        10.000000000000000       -4.8562973375528342E-006   1.1046965038664320E-005
   1314.3443416946020        10.000000000000000       -7.8585678123717621E-006   1.8905532851036084E-005
   1359.1003243775108        10.000000000000000       -1.2391352445153956E-005   3.1296885296190041E-005
   1406.5416660213941        10.000000000000000       -1.9676533361845862E-005   5.0973418658035907E-005
   1456.8294881639104        10.000000000000000       -3.1418285102067283E-005   8.2391703760103190E-005
   1510.1345796349776        10.000000000000000       -5.0367833514176659E-005   1.3275953727427984E-004
   1566.6379765943088        10.000000000000000       -8.0945054717989788E-005   2.1370459199226963E-004
   1626.5315773712000        10.000000000000000       -1.3020622100523907E-004   3.4391081299750873E-004
   1690.0187941947047        10.000000000000000       -2.0933174893943772E-004   5.5324256193694642E-004
   1757.3152440276197        10.000000000000000       -3.3588182415358289E-004   8.8912438609052937E-004
   1828.6494808505095        10.000000000000000       -5.3716485729098432E-004   1.4262892433815136E-003
   1904.2637718827727        10.000000000000000       -8.5518641774475011E-004   2.2814756611262638E-003
   1984.4149203769718        10.000000000000000       -1.3537945109897761E-003   3.6352701721160396E-003
   2069.3751377808230        10.000000000000000       -2.1288065695856877E-003   5.7640767417017277E-003
   2159.4329682289049        10.000000000000000       -3.3220839182663826E-003   9.0861606599681108E-003
   2254.8942685038719        10.000000000000000       -5.1406924213733786E-003   1.4226853081341490E-002
   2350.3555687788389        10.000000000000000       -7.6726921227628841E-003   2.1899545204104375E-002
   2445.8168690538059        10.000000000000000       -1.1101274268904178E-002   3.3000819473008550E-002
   2547.0058473452709        10.000000000000000       -1.5989853870576772E-002   4.8990673343585325E-002
   2654.2661643342240        10.000000000000000       -2.2908849062617798E-002   7.1899522406203120E-002
   2767.9621003425141        10.000000000000000       -3.2623119655779506E-002  0.10452264206198263     
   2888.4797925113016        10.000000000000000       -4.6144845206360377E-002  0.15066748726834300     
   3016.2285462102163        10.000000000000000       -6.4795282778170371E-002  0.21546277004651337     
   3151.6422251310660        10.000000000000000       -9.0274854226243692E-002  0.30573762427275708     
   3295.1807247871666        10.000000000000000      -0.12474014466648334       0.43047776893924039     
   3447.3315344226330        10.000000000000000      -0.17088535286632373       0.60136312180556417     
   3599.4823440580994        10.000000000000000      -0.22784270446134905       0.82920582626691319     
   3751.6331536935659        10.000000000000000      -0.29675569974514182        1.1259615260120550     
   3903.7839633290323        10.000000000000000      -0.37869151796054645        1.5046530439726014     
   4065.0638215426270        10.000000000000000      -0.48132981868429980        1.9859828626569012     
   4236.0204712490377        10.000000000000000      -0.60907023376089997        2.5950530964178009     
   4417.2345199378324        10.000000000000000      -0.76696812851967766        3.3620212249374788     
   4609.3214115479550        10.000000000000000      -0.96075256167715783        4.3227737866146363     
   4801.4083031580776        10.000000000000000       -1.1817905277159066        5.5045643143305432     
   5001.4083031580776        10.000000000000000       -1.4420888168561412        6.9466531311866841     
   5201.4083031580776        10.000000000000000       -1.7328300865509907        8.6794832177376744     
   5381.4083031580776        10.000000000000000       -2.0191699437512187        10.698653161488894     
   5572.2083031580778        10.000000000000000       -2.3502033726575138        13.048856534146408     
   5772.2083031580778        10.000000000000000       -2.7269451943664111        15.775801728512819     
   5972.2083031580778        10.000000000000000       -3.1327375325227722        18.908539261035592     
   6172.2083031580778        10.000000000000000       -3.5667024820868050        22.475241743122396     
   6372.2083031580778        10.000000000000000       -4.0278096733640956        26.503051416486493     
   6572.2083031580778        10.000000000000000       -4.5149041928602101        31.017955609346703     
   6732.2083031580778        10.000000000000000       -4.9205775619464402        35.938533171293145     
   6901.8083031580782        10.000000000000000       -5.3677696141838913        41.306302785477037     
   7071.4083031580785        10.000000000000000       -5.8313096644616094        47.137612449938644     
   7241.0083031580789        10.000000000000000       -6.3103438375240000        53.447956287462645     
   7420.7843031580787        10.000000000000000       -6.8344932610202127        60.282449548482859     
   7611.3468631580790        10.000000000000000       -7.4072427422520111        67.689692290734868     
   7811.3468631580790        10.000000000000000       -8.0258081579875249        75.715500448722395     
   8011.3468631580790        10.000000000000000       -8.6603943878028371        84.375894836525234     
   8211.3468631580799        10.000000000000000       -9.3095920491728279        93.685486885698054     
   8411.3468631580799        10.000000000000000       -9.9720204981002212        103.65750738379828     
   8611.3468631580799        10.000000000000000       -10.646334582076618        114.30384196587489     
   8811.3468631580799        10.000000000000000       -11.331230155708541        125.63507212158343     
   9011.3468631580799        10.000000000000000       -12.025448341110430        137.66052046269385     
   9211.3468631580799        10.000000000000000       -12.727779105838371        150.38829956853223     
   9411.3468631580799        10.000000000000000       -13.437063489727693        163.82536305825994     
   9611.3468631580799        10.000000000000000       -14.152195579186277        177.97755863744621     
   9811.3468631580799        10.000000000000000       -14.872123285908572        192.84968192335478     
   10011.346863158080        10.000000000000000       -15.595848723695127        208.44553064704991     
   10211.346863158080        10.000000000000000       -16.322427980097199        224.76795862714710     
   10411.346863158080        10.000000000000000       -17.050970503564240        241.81892913071133     
   10611.346863158080        10.000000000000000       -17.780638212173848        259.59956734288517     
   10811.346863158080        10.000000000000000       -18.510644372617477        278.11021171550266     
   11011.346863158080        10.000000000000000       -19.240252256477405        297.35046397198005     
   11211.346863158080        10.000000000000000       -19.968773585764687        317.31923755774471     
   11411.346863158080        10.000000000000000       -20.695566807558119        338.01480436530284     
   11611.346863158080        10.000000000000000       -21.420035244554001        359.43483960985685     
   11811.346863158080        10.000000000000000       -22.141625138193167        381.57646474805000     
   12011.346863158080        10.000000000000000       -22.859823569490882        404.43628831754086     
   12211.346863158080        10.000000000000000       -23.574156259218402        428.01044457675926     
   12411.346863158080        10.000000000000000       -24.284185317102239        452.29462989386150     
   12611.346863158080        10.000000000000000       -24.989507073373421        477.28413696723493     
   12811.346863158080        10.000000000000000       -25.689750127573976        502.97388709480890     
   13011.346863158080        10.000000000000000       -26.384573684195104        529.35846077900396     
   13211.346863158080        10.000000000000000       -27.073666150257718        556.43212692926170     
   13411.346863158080        10.000000000000000       -27.756743896520206        584.18887082578192     
   13611.346863158080        10.000000000000000       -28.433550072947988        612.62242089872996     
   13811.346863158080        10.000000000000000       -29.103853416735060        641.72627431546505     
   14011.346863158080        10.000000000000000       -29.767447047457772        671.49372136292277     
   14211.346863158080        10.000000000000000       -30.424147262628278        701.91786862555102     
   14411.346863158080        10.000000000000000       -31.073792320369318        732.99166094592033     
   14611.346863158080        10.000000000000000       -31.716241158498722        764.70790210441908     
   14811.346863158080        10.000000000000000       -32.351371996271610        797.05927410069069     
   15011.346863158080        10.000000000000000       -32.979080811833732        830.03835491252437     
   15211.346863158080        10.000000000000000       -33.599279754556136        863.63763466708053     
   15411.346863158080        10.000000000000000       -34.211895586780216        897.84953025386073     
   15611.346863158080        10.000000000000000       -34.816868238316701        932.66639849217745     
   15811.346863158080        10.000000000000000       -35.414149529713484        968.08054802189099     
   16011.346863158080        10.000000000000000       -36.003702108766149        1004.0842501306571     
   16211.346863158080        10.000000000000000       -36.585498637915350        1040.6697487685724     
   16411.346863158080        10.000000000000000       -37.159521227210220        1077.8292699957826     
   16611.346863158080        10.000000000000000       -37.725761026292354        1115.5550310220749     
   16811.346863158080        10.000000000000000       -38.284217833805762        1153.8392488558807     
   17011.346863158080        10.000000000000000       -38.834899616511564        1192.6741484723923     
   17211.346863158080        10.000000000000000       -39.377821937667541        1232.0519704100598     
   17411.346863158080        10.000000000000000       -39.913007404986388        1271.9649778150460     
   17611.346863158080        10.000000000000000       -40.440485287865187        1312.4054631029112     
   17811.346863158080        10.000000000000000       -40.960291383248219        1353.3657544861594     
   18011.346863158080        10.000000000000000       -41.472468066055811        1394.8382225522153     
   18211.346863158080        10.000000000000000       -41.977064330145318        1436.8152868823606     
   18411.346863158080        10.000000000000000       -42.474135588776747        1479.2894224711374     
   18611.346863158080        10.000000000000000       -42.963743080048175        1522.2531655511857     
   18811.346863158080        10.000000000000000       -43.445952874807716        1565.6991184259934     
   19011.346863158080        10.000000000000000       -43.920834647581763        1609.6199530735753     
   19211.346863158080        10.000000000000000       -44.388460483762216        1654.0084135573375     
   19411.346863158080        10.000000000000000       -44.848904011404215        1698.8573175687416     
   19611.346863158080        10.000000000000000       -45.302240026783210        1744.1595575955248     
   19811.346863158080        10.000000000000000       -45.748544558679839        1789.9081021542047     
   20011.346863158080        10.000000000000000       -46.187895119459391        1836.0959972736641     
   20211.346863158080        10.000000000000000       -46.620370863451079        1882.7163681371153     
   20411.346863158080        10.000000000000000       -47.046052527732726        1929.7624206648479     
   20611.346863158080        10.000000000000000       -47.465022255028238        1977.2274429198762     
   20811.346863158080        10.000000000000000       -47.877363542204819        2025.1048064620811     
   21011.346863158080        10.000000000000000       -48.283161521954298        2073.3879679840356     
   21211.346863158080        10.000000000000000       -48.682503581143244        2122.0704715651791     
   21411.346863158080        10.000000000000000       -49.075480056303427        2171.1459516214827     
   21611.346863158080        10.000000000000000       -49.462184579909668        2220.6081362013924     
   21811.346863158080        10.000000000000000       -49.842713700163458        2270.4508499015560     
   22011.346863158080        10.000000000000000       -50.217165663117754        2320.6680155646736     
   22211.346863158080        10.000000000000000       -50.585638592481509        2371.2536541571553     
   22411.346863158080        10.000000000000000       -50.948228549071395        2422.2018827062266     
   22611.346863158080        10.000000000000000       -51.305027999609010        2473.5069107058357     
   22811.346863158080        10.000000000000000       -51.656125096264375        2525.1630358021002     
   23011.346863158080        10.000000000000000       -52.001603927073539        2577.1646397291738     
   23211.346863158080        10.000000000000000       -52.341545603589935        2629.5061853327638     
   23411.346863158080        10.000000000000000       -52.676029785093391        2682.1822151178571     
   23611.346863158080        10.000000000000000       -53.005136104298295        2735.1873512221555     
   23811.346863158080        10.000000000000000       -53.328945041183609        2788.5162962633390     
   24011.346863158080        10.000000000000000       -53.647538072575074        2842.1638343359141     
   24211.346863158080        10.000000000000000       -53.960997267827999        2896.1248316037422     
   24411.346863158080        10.000000000000000       -54.269404749184325        2950.3942363529263     
   24611.346863158080        10.000000000000000       -54.572842479211118        3004.9670788321373     
   24811.346863158080        10.000000000000000       -54.871392652629304        3059.8384714847666     
   25011.346863158080        10.000000000000000       -55.165138613083592        3115.0036100978500     
   25211.346863158080        10.000000000000000       -55.454165844668346        3170.4577759425183     
   25411.346863158080        10.000000000000000       -55.738562415984688        3226.1963383585030     
   25611.346863158080        10.000000000000000       -56.018418409963409        3282.2147567684665     
   25811.346863158080        10.000000000000000       -56.293824290433882        3338.5085810589003     
   26011.346863158080        10.000000000000000       -56.564868615303197        3395.0734496742034     
   26211.346863158080        10.000000000000000       -56.831635770871038        3451.9050854450743     
   26411.346863158080        10.000000000000000       -57.094204370070813        3508.9992898151449     
   26611.346863158080        10.000000000000000       -57.352646705185983        3566.3519365203310     
   26811.346863158080        10.000000000000000       -57.607029340115851        3623.9589658604468     
   27011.346863158080        10.000000000000000       -57.857414659558010        3681.8163805200047     
   27211.346863158080        10.000000000000000       -58.103862983558770        3739.9202435035636     
   27411.346863158080        10.000000000000000       -58.346434723720193        3798.2666782272836     
   27611.346863158080        10.000000000000000       -58.585192037765019        3856.8518702650485     
   27811.346863158080        10.000000000000000       -58.820199573429910        3915.6720698384784     
   28011.346863158080        10.000000000000000       -59.051524183866334        3974.7235940223445     
   28211.346863158080        10.000000000000000       -59.279233858149539        4034.0028278804939     
   28411.346863158080        10.000000000000000       -59.503396414115464        4093.5062242946092     
   28611.346863158080        10.000000000000000       -59.724078603194044        4153.2303028978031     
   28811.346863158080        10.000000000000000       -59.941346090446338        4213.1716489882492     
   29011.346863158080        10.000000000000000       -60.155264338075909        4273.3269133263248     
   29211.346863158080        10.000000000000000       -60.365899938366304        4333.6928132646908     
   29411.346863158080        10.000000000000000       -60.573321668312232        4394.2661349330028     
   29611.346863158080        10.000000000000000       -60.777600615244609        4455.0437355482472     
   29811.346863158080        10.000000000000000       -60.978809097645147        4516.0225446458926     
   30011.346863158080        10.000000000000000       -61.177018583964617        4577.1995632298576     
   30211.346863158080        10.000000000000000       -61.372297183285127        4638.5718604131425     
   30411.346863158080        10.000000000000000       -61.564707417722353        4700.1365678308648     
   30611.346863158080        10.000000000000000       -61.754304866530831        4761.8908726973959     
   30811.346863158080        10.000000000000000       -61.941137973851554        4823.8320106712472     
   31011.346863158080        10.000000000000000       -62.125248983852586        4885.9572596550997     
   31211.346863158080        10.000000000000000       -62.306675749931998        4948.2639354050316     
   31411.346863158080        10.000000000000000       -62.485454050715340        5010.7493894557465     
   31611.346863158080        10.000000000000000       -62.661619973829019        5073.4110094295756     
   31811.346863158080        10.000000000000000       -62.835211923281648        5136.2462213528570     
   32011.346863158080        10.000000000000000       -63.006271895683938        5199.2524932485412     
   32211.346863158080        10.000000000000000       -63.174845817324673        5262.4273390658655     
   32411.346863158080        10.000000000000000       -63.340982906975839        5325.7683219728415     
   32611.346863158080        10.000000000000000       -63.504734238352981        5389.2730562111947     
   32811.346863158076        10.000000000000000       -63.666150903182938        5452.9392071143775     
   33011.346863158076        10.000000000000000       -63.825282367058364        5516.7644894814357     
   33211.346863158076        10.000000000000000       -63.982175633283987        5580.7466651147197     
   33411.346863158076        10.000000000000000       -64.136875581868495        5644.8835406965882     
   33611.346863158076        10.000000000000000       -64.289426406284974        5709.1729671028734     
   33811.346863158076        10.000000000000000       -64.439873607951071        5773.6128407108245     
   34011.346863158076        10.000000000000000       -64.588265730242824        5838.2011064410672     
   34211.346863158076        10.000000000000000       -64.734655061400147        5902.9357615024674     
   34411.346863158076        10.000000000000000       -64.879096892022062        5967.8148583944894     
   34611.346863158076        10.000000000000000       -65.021647410930925        6032.8365058054205     
   34811.346863158076        10.000000000000000       -65.162360758050212        6097.9988665634710     
   35011.346863158076        10.000000000000000       -65.301285984764604        6163.3001525482359     
   35211.346863158076        10.000000000000000       -65.438464662917525        6228.7386172111537     
   35411.346863158076        10.000000000000000       -65.573929678802230        6294.3125468899561     
   35611.346863158076        10.000000000000000       -65.707705421802629        6360.0202523117587     
   35811.346863158076        10.000000000000000       -65.839809229395271        6425.8600615411542     
   36011.346863158076        10.000000000000000       -65.970253711900767        6491.8303152530552     
   36211.346863158076        10.000000000000000       -66.099049464973319        6557.9293647180284     
   36411.346863158076        10.000000000000000       -66.226207644164546        6624.1555723621932     
   36611.346863158076        10.000000000000000       -66.351741957265816        6690.5073143194586     
   36811.346863158076        10.000000000000000       -66.475669854640799        6756.9829841740993     
   37011.346863158076        10.000000000000000       -66.598012977724778        6823.5809971518238     
   37211.346863158076        10.000000000000000       -66.718797079880332        6890.2997942317043     
   37411.346863158076        10.000000000000000       -66.838051572985705        6957.1378458046902     
   37611.346863158076        10.000000000000000       -66.955677118903822        7024.0935229235938     
   37811.346863158076        10.000000000000000       -67.071890398675237        7091.1654133222692     
   38011.346863158076        10.000000000000000       -67.186697750378300        7158.3521110726479     
   38211.346863158076        10.000000000000000       -67.300124507674070        7225.6522355803218     
   38411.346863158076        10.000000000000000       -67.412326990375234        7293.0645625706966     
   38611.346863158076        10.000000000000000       -67.523157501676295        7360.5877200723726     
   38811.346863158076        10.000000000000000       -67.632548838901855        7428.2202689112746     
   39011.346863158076        10.000000000000000       -67.740716638828189        7495.9609855501030     
   39211.346863158076        10.000000000000000       -67.847800406882726        7563.8087859569860     
   39411.346863158076        10.000000000000000       -67.953545690845829        7631.7623316478321     
   39611.346863158076        10.000000000000000       -68.058195407301014        7699.8205270551334     
   39811.346863158076        10.000000000000000       -68.161903643831607        7767.9824306989649     
   40011.346863158076        10.000000000000000       -68.264551095766393        7836.2469817947313     
   40211.346863158076        10.000000000000000       -68.366209274959914        7904.6131910696913     
   40411.346863158076        10.000000000000000       -68.466925263108095        7973.0801163327997     
   40611.346863158076        10.000000000000000       -68.566732223022953        8041.6468485558225     
   40811.346863158076        10.000000000000000       -68.665650551678070        8110.3124991075010     
   41011.346863158076        10.000000000000000       -68.763688651646206        8179.0761877591476     
   41211.346863158076        10.000000000000000       -68.860844621587120        8247.9370323807343     
   41411.346863158076        10.000000000000000       -68.957108860791578        8316.8941412415261     
   41611.346863158076        10.000000000000000       -69.052355569891546        8385.9464968114171     
   41811.346863158076        10.000000000000000       -69.146834754477240        8455.0933315658949     
   42011.346863158076        10.000000000000000       -69.240246690134185        8524.3335782560298     
   42211.346863158076        10.000000000000000       -69.332750401805043        8593.6663286578350     
   42411.346863158076        10.000000000000000       -69.424323991008961        8663.0906526488434     
   42611.346863158076        10.000000000000000       -69.514965380687428        8732.6056180295309     
   42811.346863158076        10.000000000000000       -69.604681683013752        8802.2102997125439     
   43011.346863158076        10.000000000000000       -69.693486554544648        8871.9037862670884     
   43211.346863158076        10.000000000000000       -69.781398870274202        8941.6851851373631     
   43411.346863158076        10.000000000000000       -69.868441696348185        9011.5536268337110     
   43611.346863158076        10.000000000000000       -69.954641118788132        9081.5082679524985     
   43811.346863158076        10.000000000000000       -70.040024664775984        9151.5482926172754     
   44011.346863158076        10.000000000000000       -70.124619389604831        9221.6729120068794     
   44211.346863158076        10.000000000000000       -70.208450067275024        9291.8813620741548     
   44411.346863158076        10.000000000000000       -70.291538153165703        9362.1729002273205     
   44611.346863158076        10.000000000000000       -70.373902086595365        9432.5468023139165     
   44811.346863158076        10.000000000000000       -70.455559007987461        9503.0023613219037     
   45011.346863158076        10.000000000000000       -70.536527347343963        9573.5388886692472     
   45211.346863158076        10.000000000000000       -70.616829304489599        9644.1557179737374     
   45411.346863158076        10.000000000000000       -70.696492211790130        9714.8522101855269     
   45611.346863158076        10.000000000000000       -70.775548207969791        9785.6277583934971     
   45811.346863158076        10.000000000000000       -70.854032313806755        9856.4817907073029     
   46011.346863158076        10.000000000000000       -70.931979496946028        9927.4137702042481     
   46211.346863158076        10.000000000000000       -71.009421444577171        9998.4231916488261     
   46411.346863158076        10.000000000000000       -71.086383621407279        10069.509575270233     
   46611.346863158076        10.000000000000000       -71.162882982807815        10140.672458253041     
   46811.346863158076        10.000000000000000       -71.238926566450573        10211.911384819490     
   47011.346863158076        10.000000000000000       -71.314511102751055        10283.225895922242     
   47211.346863158076        10.000000000000000       -71.389623709682382        10354.615519631923     
   47411.346863158076        10.000000000000000       -71.464243631949316        10426.079763263873     
   47611.346863158076        10.000000000000000       -71.538344853166663        10497.618108117040     
   47811.346863158076        10.000000000000000       -71.611899248718842        10569.230007365759     
   48011.346863158076        10.000000000000000       -71.684879812589514        10640.914887178349     
   48211.346863158076        10.000000000000000       -71.757263511661066        10712.672150690010     
   48411.346863158076        10.000000000000000       -71.829033536935228        10784.501184226945     
   48611.346863158076        10.000000000000000       -71.900180851119984        10856.401365078065     
   48811.346863158076        10.000000000000000       -71.970704868761757        10928.372069946827     
   49011.346863158076        10.000000000000000       -72.040613103321576        11000.412683050148     
   49211.346863158076        10.000000000000000       -72.109919855570652        11072.522602905719     
   49411.346863158076        10.000000000000000       -72.178644352206277        11144.701247257926     
   49611.346863158076        10.000000000000000       -72.246808907559227        11216.948056165485     
   49811.346863158076        10.000000000000000       -72.314437539809575        11289.262493705295     
   50011.346863158076        10.000000000000000       -72.381555075986952        11361.644048781282     
   50211.346863158076        10.000000000000000       -72.448186384508617        11434.092235165790     
   50411.346863158076        10.000000000000000       -72.514355292875976        11506.606590458667     
   50611.346863158076        10.000000000000000       -72.580083064785555        11579.186673523453     
   50811.346863158076        10.000000000000000       -72.645386792905597        11651.832060316357     
   51011.346863158076        10.000000000000000       -72.710278366909932        11724.542338683268     
   51211.346863158076        10.000000000000000       -72.774764717614246        11797.317103400883     
   51411.346863158076        10.000000000000000       -72.838849710304316        11870.155953111187     
   51611.346863158076        10.000000000000000       -72.902537384053005        11943.058490495239     
   51811.346863158076        10.000000000000000       -72.965835588802506        12016.024326084042     
   52011.346863158076        10.000000000000000       -73.028758887210984        12089.053084971252     
   52211.346863158076        10.000000000000000       -73.091329813109127        12162.144414784361     
   52411.346863158076        10.000000000000000       -73.153578040188947        12235.297992824550     
   52611.346863158076        10.000000000000000       -73.215537641595105        12308.513530466145     
   52811.346863158076        10.000000000000000       -73.277243197110010        12381.790773663255     
   53011.346863158076        10.000000000000000       -73.338725725517406        12455.129499388773     
   53211.346863158076        10.000000000000000       -73.400009220653843        12528.529508609427     
   53411.346863158076        10.000000000000000       -73.461108176757620        12601.990616786185     
   53611.346863158076        10.000000000000000       -73.522026173966083        12675.512642960151     
   53811.346863158076        10.000000000000000       -73.582755466931829        12749.095398427084     
   54011.346863158076        10.000000000000000       -73.643277519748310        12822.738675946832     
   54211.346863158076        10.000000000000000       -73.703564448083242        12896.442240394916     
   54411.346863158076        10.000000000000000       -73.763581295704668        12970.205821690621     
   54611.346863158076        10.000000000000000       -73.823288986566155        13044.029110677187     
   54811.346863158076        10.000000000000000       -73.882647693984893        13117.911758371172     
   55011.346863158076        10.000000000000000       -73.941620263059136        13191.853378634232     
   55211.346863158076        10.000000000000000       -74.000175235194263        13265.853553869427     
   55411.346863158076        10.000000000000000       -74.058289074834363        13339.911842944261     
   55611.346863158076        10.000000000000000       -74.115947465359994        13414.027790409620     
   55811.346863158076        10.000000000000000       -74.173145888019462        13488.200936297639     
   56011.346863158076        10.000000000000000       -74.229889673013503        13562.430825970652     
   56211.346863158076        10.000000000000000       -74.286193364592108        13636.717019335245     
   56411.346863158076        10.000000000000000       -74.342079122833965        13711.059098458079     
   56611.346863158076        10.000000000000000       -74.397574232064130        13785.456672690143     
   56811.346863158076        10.000000000000000       -74.452708273279654        13859.909380963423     
   57011.346863158076        10.000000000000000       -74.507510715240016        13934.416891678664     
   57211.346863158076        10.000000000000000       -74.562009468769659        14008.978901147433     
   57411.346863158076        10.000000000000000       -74.616230478911987        14083.595131626345     
   57611.346863158076        10.000000000000000       -74.670197904946832        14158.265329531292     
   57811.346863158076        10.000000000000000       -74.723934133085322        14232.989263664378     
   58011.346863158076        10.000000000000000       -74.777459020677099        14307.766722685055     
   58211.346863158076        10.000000000000000       -74.830788339119778        14382.597511024174     
   58411.346863158076        10.000000000000000       -74.883932013227621        14457.481443037403     
   58611.346863158076        10.000000000000000       -74.936893059864559        14532.418336097267     
   58811.346863158076        10.000000000000000       -74.989667958150065        14607.408004055418     
   59011.346863158076        10.000000000000000       -75.042248829374742        14682.450252884793     
   59211.346863158076        10.000000000000000       -75.094627271904571        14757.544880156698     
   59411.346863158076        10.000000000000000       -75.146798982447194        14832.691679139145     
   59611.346863158076        10.000000000000000       -75.198767809701650        14907.890446948846     
   59811.346863158076        10.000000000000000       -75.250548033083149        14983.140994981930     
   60011.346863158076        10.000000000000000       -75.302164393650060        15058.443159375580     
   60211.346863158076        10.000000000000000       -75.353650035277610        15133.796809410858     
   60411.346863158076        10.000000000000000       -75.405042771409271        15209.201852182268     
   60611.346863158076        10.000000000000000       -75.456380302424634        15284.658232484693     
   60811.346863158076        10.000000000000000       -75.507695260890415        15360.165927745584     
   61011.346863158076        10.000000000000000       -75.559010991793357        15435.724938737378     
   61211.346863158076        10.000000000000000       -75.610338665928083        15511.335277403306     
   61411.346863158076        10.000000000000000       -75.661675879304553        15586.996953282611     
   61611.346863158076        10.000000000000000       -75.713006574249363        15662.709959856860     
   61811.346863158076        10.000000000000000       -75.764302021445801        15738.474261878306     
   62011.346863158076        10.000000000000000       -75.815522648534625        15814.289784526840     
   62211.346863158076        10.000000000000000       -75.866620566373172        15890.156405093214     
   62411.346863158076        10.000000000000000       -75.917542656772824        15966.073947749986     
   62611.346863158076        10.000000000000000       -75.968234042764621        16042.042181792751     
   62811.346863158076        10.000000000000000       -76.018641700693706        16118.060823493444     
   63011.346863158076        10.000000000000000       -76.068717932617233        16194.129541426062     
   63211.346863158076        10.000000000000000       -76.118423423100026        16270.247964849163     
   63411.346863158076        10.000000000000000       -76.167729561515856        16346.415694410678     
   63611.346863158076        10.000000000000000       -76.216619682796306        16422.632314093473     
   63811.346863158076        10.000000000000000       -76.265089079708545        16498.897403173181     
   64011.346863158076        10.000000000000000       -76.313144072841922        16575.210547246024     
   64211.346863158076        10.000000000000000       -76.360800770712373        16651.571348016736     
   64411.346863158076        10.000000000000000       -76.408083836263216        16727.979431853000     
   64611.346863158076        10.000000000000000       -76.455024919527148        16804.434456772527     
   64811.346863158076        10.000000000000000       -76.501660281916998        16880.936117054443     
   65011.346863158076        10.000000000000000       -76.548027699086759        16957.484144753529     
   65211.346863158076        10.000000000000000       -76.594163378424511        17034.078308131953     
   65411.346863158076        10.000000000000000       -76.640099784422532        17110.718407916374     
   65611.346863158076        10.000000000000000       -76.685864882466262        17187.404272798842     
   65811.346863158076        10.000000000000000       -76.731482727749437        17264.135755526589     
   66011.346863158076        10.000000000000000       -76.776974877703665        17340.912730404292     
   66211.346863158076        10.000000000000000       -76.822361829342441        17417.735092233634     
   66411.346863158076        10.000000000000000       -76.867663602898972        17494.602755836531     
   66611.346863158076        10.000000000000000       -76.912898882867040        17571.515654719398     
   66811.346863158076        10.000000000000000       -76.958082803230994        17648.473737522629     
   67011.346863158076        10.000000000000000       -77.003224203266157        17725.476961725893     
   67211.346863158076        10.000000000000000       -77.048323557055312        17802.525285282947     
   67411.346863158076        10.000000000000000       -77.093372597732184        17879.618657880681     
   67611.346863158076        10.000000000000000       -77.138356051123012        17956.757013931805     
   67811.346863158076        10.000000000000000       -77.183255182230425        18033.940269114035     
   68011.346863158076        10.000000000000000       -77.228052575488150        18111.168321689522     
   68211.346863158076        10.000000000000000       -77.272737396093632        18188.441059085617     
   68411.346863158076        10.000000000000000       -77.317309988458533        18265.758369074076     
   68611.346863158076        10.000000000000000       -77.361784483788639        18343.120153557866     
   68811.346863158076        10.000000000000000       -77.406188573138522        18420.526342131005     
   69011.346863158076        10.000000000000000       -77.450560569567799        18497.976902700571     
   69211.346863158076        10.000000000000000       -77.494944791338213        18575.471847491910     
   69411.346863158076        10.000000000000000       -77.539386358869734        18653.011233850779     
   69611.346863158076        10.000000000000000       -77.583925975907533        18730.595159826687     
   69811.346863158076        10.000000000000000       -77.628595012349322        18808.223754839037     
   70011.346863158076        10.000000000000000       -77.673411365271107        18885.897166204308     
   70211.346863158076        10.000000000000000       -77.718376684916691        18963.615542889223     
   70411.346863158076        10.000000000000000       -77.763475342303110        19041.379018231528     
   70611.346863158076        10.000000000000000       -77.808675126890378        19119.187693358417     
   70811.346863158076        10.000000000000000       -77.853929354179982        19197.041622712597     
   71011.346863158076        10.000000000000000       -77.899179948426422        19274.940802661022     
   71211.346863158076        10.000000000000000       -77.944361100484684        19352.885163761508     
   71411.346863158076        10.000000000000000       -77.989403187339988        19430.874566948849     
   71611.346863158076        10.000000000000000       -78.034236710554111        19508.908803659404     
   71811.346863158076        10.000000000000000       -78.078796048133810        19586.987599707536     
   72011.346863158076        10.000000000000000       -78.123022831917993        19665.110622539454     
   72211.346863158076        10.000000000000000       -78.166868781271432        19743.277491320725     
   72411.346863158076        10.000000000000000       -78.210297856839304        19821.487789177565     
   72611.346863158076        10.000000000000000       -78.253287647699494        19899.741076825263     
   72811.346863158076        10.000000000000000       -78.295829858859065        19978.036906684123     
   73011.346863158076        10.000000000000000       -78.337929696615802        20056.374836380739     
   73211.346863158076        10.000000000000000       -78.379604122841300        20134.754440503581     
   73411.346863158076        10.000000000000000       -78.420879393605517        20213.175319897186     
   73611.346863158076        10.000000000000000       -78.461788693012991        20291.637108590199     
   73811.346863158076        10.000000000000000       -78.502370664446758        20370.139479254645     
   74011.346863158076        10.000000000000000       -78.542669191456753        20448.682148446103     
   74211.346863158076        10.000000000000000       -78.582733697827535        20527.264882143932     
   74411.346863158076        10.000000000000000       -78.622618396047599        20605.887500539979     
   74611.346863158076        10.000000000000000       -78.662379389644769        20684.549879929622     
   74811.346863158076        10.000000000000000       -78.702070016905481        20763.251949946527     
   75011.346863158076        10.000000000000000       -78.741736035416565        20841.993685981943     
   75211.346863158076        10.000000000000000       -78.781412362985620        20920.775098344930     
   75411.346863158076        10.000000000000000       -78.821122278128357        20999.596220623058     
   75611.346863158076        10.000000000000000       -78.860878934387060        21078.457099557443     
   75811.346863158076        10.000000000000000       -78.900688329766425        21157.357787887209     
   76011.346863158076        10.000000000000000       -78.940552560691714        21236.298340447902     
   76211.346863158076        10.000000000000000       -78.980472148505697        21315.278812596407     
   76411.346863158076        10.000000000000000       -79.020446543996300        21394.299259140404     
   76611.346863158076        10.000000000000000       -79.060472672480216        21473.359731812885     
   76811.346863158076        10.000000000000000       -79.100542303589037        21552.460274116474     
   77011.346863158076        10.000000000000000       -79.140639621844613        21631.600913738319     
   77211.346863158076        10.000000000000000       -79.180740328694796        21710.781654067014     
   77411.346863158076        10.000000000000000       -79.220813001666741        21790.002467068680     
   77611.346863158076        10.000000000000000       -79.260822614820782        21869.263289683502     
   77811.346863158076        10.000000000000000       -79.300735447818738        21948.564025131320     
   78011.346863158076        10.000000000000000       -79.340524286332510        22027.904549417653     
   78211.346863158076        10.000000000000000       -79.380173215690661        22107.284722633343     
   78411.346863158076        10.000000000000000       -79.419681571445537        22186.704404204789     
   78611.346863158076        10.000000000000000       -79.459066243882276        22266.163470448671     
   78811.346863158076        10.000000000000000       -79.498361311445620        22345.661831760117     
   79011.346863158076        10.000000000000000       -79.537614581977650        22425.199446342096     
   79211.346863158076        10.000000000000000       -79.576881728289266        22504.776328070384     
   79411.346863158076        10.000000000000000       -79.616219525036470        22584.392547595420     
   79611.346863158076        10.000000000000000       -79.655679859598820        22664.048227455020     
   79811.346863158076        10.000000000000000       -79.695305732470672        22743.743533187491     
   80011.346863158076        10.000000000000000       -79.735129134244474        22823.478662321737     
   80211.346863158076        10.000000000000000       -79.775169482751906        22903.253831804490     
   80411.346863158076        10.000000000000000       -79.815431469108631        22983.069263273599     
   80611.346863158076        10.000000000000000       -79.855902411773926        23062.925165685374     
   80811.346863158076        10.000000000000000       -79.896550272759697        23142.821715958133     
   81011.346863158076        10.000000000000000       -79.937323570399315        23222.759039528533     
   81211.346863158076        10.000000000000000       -79.978153720963320        23302.737193249497     
   81411.346863158076        10.000000000000000       -80.018959488524672        23382.756152738020     
   81611.346863158076        10.000000000000000       -80.059652687412850        23462.815805425435     
   81811.346863158076        10.000000000000000       -80.100144174852332        23542.915949600287     
   82011.346863158076        10.000000000000000       -80.140349362325324        23623.056298962612     
   82211.346863158076        10.000000000000000       -80.180192774581030        23703.236491737192     
   82411.346863158076        10.000000000000000       -80.219611459519925        23783.456103196713     
   82611.346863158076        10.000000000000000       -80.258557242960350        23863.714660439673     
   82811.346863158076        10.000000000000000       -80.296997928173809        23944.011658367846     
   83011.346863158076        10.000000000000000       -80.334917584899827        24024.346575952746     
   83211.346863158076        10.000000000000000       -80.372316083358598        24104.718892036104     
   83411.346863158076        10.000000000000000       -80.409208024991173        24185.128100061094     
   83611.346863158076        10.000000000000000       -80.445621071039440        24265.573721132132     
   83811.346863158076        10.000000000000000       -80.481593495444088        24346.055314627578     
   84011.346863158076        10.000000000000000       -80.517170951456620        24426.572485579036     
   84211.346863158076        10.000000000000000       -80.552402960382864        24507.124888539420     
   84411.346863158076        10.000000000000000       -80.587340058561765        24587.712228597982     
   84611.346863158076        10.000000000000000       -80.622032479146327        24668.334261077129     
   84811.346863158076        10.000000000000000       -80.656530681439136        24748.990791758570     
   85011.346863158076        10.000000000000000       -80.690887290239559        24829.681679048808     
   85211.346863158076        10.000000000000000       -80.725159531136967        24910.406838579944     
   85411.346863158076        10.000000000000000       -80.759410463251669        24991.166249043195     
   85611.346863158076        10.000000000000000       -80.793707058582015        25071.959956101779     
   85811.346863158076        10.000000000000000       -80.828114566140542        25152.788070667921     
   86011.346863158076        10.000000000000000       -80.862688821966245        25233.650759489887     
   86211.346863158076        10.000000000000000       -80.897469427084431        25314.548228916970     
   86411.346863158076        10.000000000000000       -80.932476228755704        25395.480705145725     
