 #              _____________________  _______________________             #
 #              ___  __ \__  __ \_  / / /_  /___  ____/_  ___/             #
 #              __  / / /_  /_/ /  / / /_  __/_  __/  _____ \              #
 #              _  /_/ /_  _, _// /_/ / / /_ _  /___  ____/ /              #
 #              /_____/ /_/ |_| \____/  \__/ /_____/  /____/               #
 #                                                                         #
  
 DRUtES is initializing, reading input files
 ---------------------------------------------------------------
 10hrs : 59min : 02.721s  -  2021/02/04    total number of parallel images is:                    1
 ---------------------------------------------------------------
 10hrs : 59min : 02.721s  -  2021/02/04    reading input files and allocating...
 ---------------------------------------------------------------
 10hrs : 59min : 02.723s  -  2021/02/04    number of nodes:                   61 number of elements:                   60
 ---------------------------------------------------------------
 10hrs : 59min : 02.726s  -  2021/02/04    analyzing mesh structure...
 ---------------------------------------------------------------
 10hrs : 59min : 02.733s  -  2021/02/04    DRUtES solves coupled water and heat flow considering freezing and melting
 ---------------------------------------------------------------
 10hrs : 59min : 02.733s  -  2021/02/04    making output files for observation time
 ---------------------------------------------------------------
 10hrs : 59min : 02.750s  -  2021/02/04    go 4 solving
 ---------------------------------------------------------------
 10hrs : 59min : 02.860s  -  2021/02/04    current simulation time:   1.0000000000000000 total iteration count:                    2
 ---------------------------------------------------------------
 10hrs : 59min : 44.370s  -  2021/02/04    making output files for observation time
 ---------------------------------------------------------------
 11hrs : 00min : 17.420s  -  2021/02/04    making output files for observation time
 ---------------------------------------------------------------
 11hrs : 00min : 36.005s  -  2021/02/04    making output files for observation time
 ---------------------------------------------------------------
 11hrs : 01min : 11.007s  -  2021/02/04    making output files for observation time
 ---------------------------------------------------------------
 11hrs : 02min : 49.948s  -  2021/02/04    making output files for observation time
 ---------------------------------------------------------------
 11hrs : 02min : 50.081s  -  2021/02/04    # real elapsed CPU time =   3.8003333333334011 min
 ---------------------------------------------------------------
 11hrs : 02min : 50.086s  -  2021/02/04    minimal adjusted time step was  0.91011600000000015
 ---------------------------------------------------------------
 11hrs : 02min : 50.086s  -  2021/02/04    F I N I S H E D !!!!!
 ---------------------------------------------------------------
 11hrs : 02min : 50.112s  -  2021/02/04    Peak RAM  consumption on image                    1 was:                    0 kB
