 #              _____________________  _______________________             #
 #              ___  __ \__  __ \_  / / /_  /___  ____/_  ___/             #
 #              __  / / /_  /_/ /  / / /_  __/_  __/  _____ \              #
 #              _  /_/ /_  _, _// /_/ / / /_ _  /___  ____/ /              #
 #              /_____/ /_/ |_| \____/  \__/ /_____/  /____/               #
 #                                                                         #
  
 DRUtES is initializing, reading input files
 ---------------------------------------------------------------
 10hrs : 14min : 04.303s  -  2021/11/11    total number of parallel images is:                    1
 ---------------------------------------------------------------
 10hrs : 14min : 04.305s  -  2021/11/11    reading input files and allocating...
 ---------------------------------------------------------------
 10hrs : 14min : 04.317s  -  2021/11/11    number of nodes:                   61 number of elements:                   60
 ---------------------------------------------------------------
 10hrs : 14min : 04.335s  -  2021/11/11    analyzing mesh structure...
 ---------------------------------------------------------------
 10hrs : 14min : 04.421s  -  2021/11/11    DRUtES solves coupled water and heat flow considering freezing and melting
 ---------------------------------------------------------------
 10hrs : 14min : 04.423s  -  2021/11/11    making output files for observation time
 ---------------------------------------------------------------
 10hrs : 14min : 04.463s  -  2021/11/11    go 4 solving
 ---------------------------------------------------------------
 10hrs : 14min : 04.658s  -  2021/11/11    current simulation time:   1.0000000000000000 total iteration count:                    1
 ---------------------------------------------------------------
 10hrs : 14min : 33.454s  -  2021/11/11    making output files for observation time
 ---------------------------------------------------------------
 10hrs : 14min : 50.900s  -  2021/11/11    making output files for observation time
 ---------------------------------------------------------------
 10hrs : 15min : 00.091s  -  2021/11/11    making output files for observation time
 ---------------------------------------------------------------
 10hrs : 15min : 20.453s  -  2021/11/11    making output files for observation time
 ---------------------------------------------------------------
 10hrs : 17min : 07.887s  -  2021/11/11    making output files for observation time
 ---------------------------------------------------------------
 10hrs : 17min : 08.072s  -  2021/11/11    # real elapsed CPU time =   3.0669999999999988 min
 ---------------------------------------------------------------
 10hrs : 17min : 08.078s  -  2021/11/11    minimal adjusted time step was   1.0000000000000000
 ---------------------------------------------------------------
 10hrs : 17min : 08.078s  -  2021/11/11    F I N I S H E D !!!!!
 ---------------------------------------------------------------
 10hrs : 17min : 08.421s  -  2021/11/11    Peak RAM  consumption on image                    1 was:                    0 kB
