                  121                  121                  540
                    1                    1  -1.5272871879823075E-003
                    1                    2   1.0143326609774985E-006
                    1                   62  -6.0616236945057105E-005
                    1                   63   2.2746283541325000E-007
                    2                    1   1.0143326609774985E-006
                    2                    2  -3.1777377009964162E-003
                    2                    3   1.1324671256611950E-006
                    2                   62   2.2746283541325000E-007
                    2                   63  -7.9001461568814031E-006
                    2                   64   2.3033074250141270E-009
                    3                    2   1.1324671256611950E-006
                    3                    3  -3.1855590883634486E-003
                    3                    4   1.2109358537955343E-006
                    3                   63   2.3033074250141270E-009
                    3                   64  -4.9514092636832644E-009
                    3                   65   2.6481018386691370E-009
                    4                    3   1.2109358537955343E-006
                    4                    4  -3.1862891152856028E-003
                    4                    5   1.2592843871401399E-006
                    4                   64   2.6481018386691370E-009
                    4                   65  -5.5240203942214612E-009
                    4                   66   2.8759185555523242E-009
                    5                    4   1.2592843871401399E-006
                    5                    5  -3.1864577955594709E-003
                    5                    6   1.2854528526134885E-006
                    5                   65   2.8759185555523242E-009
                    5                   66  -5.8794168780019884E-009
                    5                   67   3.0034983224496641E-009
                    6                    5   1.2854528526134885E-006
                    6                    6  -3.1865516405708508E-003
                    6                    7   1.2980590978034960E-006
                    6                   66   3.0034983224496641E-009
                    6                   67  -6.0695440086980632E-009
                    6                   68   3.0660456862483991E-009
                    7                    6   1.2980590978034960E-006
                    7                    7  -3.1865968388897913E-003
                    7                    8   1.3035562183107136E-006
                    7                   67   3.0660456862483991E-009
                    7                   68  -6.1595901925791794E-009
                    7                   69   3.0935445063307799E-009
                    8                    7   1.3035562183107136E-006
                    8                    8  -3.1866162710489443E-003
                    8                    9   1.3057535614673837E-006
                    8                   68   3.0935445063307799E-009
                    8                   69  -6.1981194989553027E-009
                    8                   70   3.1045749926245223E-009
                    9                    8   1.3057535614673837E-006
                    9                    9  -3.1866238879145010E-003
                    9                   10   1.3065668729694972E-006
                    9                   69   3.1045749926245223E-009
                    9                   70  -6.2132383671390034E-009
                    9                   71   3.1086633745144811E-009
                   10                    9   1.3065668729694972E-006
                   10                   10  -3.1866266498123599E-003
                   10                   11   1.3068479493068780E-006
                   10                   70   3.1086633745144811E-009
                   10                   71  -6.2187403850357751E-009
                   10                   72   3.1100770105212940E-009
                   11                   10   1.3068479493068780E-006
                   11                   11  -3.1866275858624758E-003
                   11                   12   1.3069392847978171E-006
                   11                   71   3.1100770105212940E-009
                   11                   72  -6.2206134599916163E-009
                   11                   73   3.1105364494703223E-009
                   12                   11   1.3069392847978171E-006
                   12                   12  -3.1866278846726446E-003
                   12                   13   1.3069673587783533E-006
                   12                   72   3.1105364494703223E-009
                   12                   73  -6.2212141255084240E-009
                   12                   74   3.1106776760381013E-009
                   13                   12   1.3069673587783533E-006
                   13                   13  -3.1866279750669300E-003
                   13                   14   1.3069755636325228E-006
                   13                   73   3.1106776760381013E-009
                   13                   74  -6.2213966274161079E-009
                   13                   75   3.1107189513780067E-009
                   14                   13   1.3069755636325228E-006
                   14                   14  -3.1866280011123346E-003
                   14                   15   1.3069778540179366E-006
                   14                   74   3.1107189513780067E-009
                   14                   75  -6.2214494248259576E-009
                   14                   76   3.1107304734479509E-009
                   15                   14   1.3069778540179366E-006
                   15                   15  -3.1866280082910722E-003
                   15                   16   1.3069784671403090E-006
                   15                   75   3.1107304734479509E-009
                   15                   76  -6.2214640312888004E-009
                   15                   77   3.1107335578408495E-009
                   16                   15   1.3069784671403090E-006
                   16                   16  -3.1866280101909982E-003
                   16                   17   1.3069786250885196E-006
                   16                   76   3.1107335578408495E-009
                   16                   77  -6.2214679102613047E-009
                   16                   78   3.1107343524204548E-009
                   17                   16   1.3069786250885196E-006
                   17                   17  -3.1866280106754514E-003
                   17                   18   1.3069786643681066E-006
                   17                   77   3.1107343524204548E-009
                   17                   78  -6.2214689024421321E-009
                   17                   79   3.1107345500216770E-009
                   18                   17   1.3069786643681066E-006
                   18                   18  -3.1866280107948159E-003
                   18                   19   1.3069786738241893E-006
                   18                   78   3.1107345500216770E-009
                   18                   79  -6.2214691476134315E-009
                   18                   80   3.1107345975917549E-009
                   19                   18   1.3069786738241893E-006
                   19                   19  -3.1866280108233105E-003
                   19                   20   1.3069786760333412E-006
                   19                   79   3.1107345975917549E-009
                   19                   80  -6.2214692062969610E-009
                   19                   81   3.1107346087052065E-009
                   20                   19   1.3069786760333412E-006
                   20                   20  -3.1866280108299202E-003
                   20                   21   1.3069786765353156E-006
                   20                   80   3.1107346087052065E-009
                   20                   81  -6.2214692199356688E-009
                   20                   82   3.1107346112304627E-009
                   21                   20   1.3069786765353156E-006
                   21                   21  -3.1866280108314047E-003
                   21                   22   1.3069786766464804E-006
                   21                   81   3.1107346112304627E-009
                   21                   82  -6.2214692230201442E-009
                   21                   83   3.1107346117896815E-009
                   22                   21   1.3069786766464804E-006
                   22                   22  -3.1866280108317326E-003
                   22                   23   1.3069786766705088E-006
                   22                   82   3.1107346117896815E-009
                   22                   83  -6.2214692237002571E-009
                   22                   84   3.1107346119105760E-009
                   23                   22   1.3069786766705088E-006
                   23                   23  -3.1866280108318054E-003
                   23                   24   1.3069786766755906E-006
                   23                   83   3.1107346119105760E-009
                   23                   84  -6.2214692238467152E-009
                   23                   85   3.1107346119361392E-009
                   24                   23   1.3069786766755906E-006
                   24                   24  -3.1866280108318167E-003
                   24                   25   1.3069786766766483E-006
                   24                   84   3.1107346119361392E-009
                   24                   85  -6.2214692238775848E-009
                   24                   86   3.1107346119414456E-009
                   25                   24   1.3069786766766483E-006
                   25                   25  -3.1866280108318211E-003
                   25                   26   1.3069786766768582E-006
                   25                   85   3.1107346119414456E-009
                   25                   86  -6.2214692238839574E-009
                   25                   87   3.1107346119425114E-009
                   26                   25   1.3069786766768582E-006
                   26                   26  -3.1866280108318267E-003
                   26                   27   1.3069786766768986E-006
                   26                   86   3.1107346119425114E-009
                   26                   87  -6.2214692238852329E-009
                   26                   88   3.1107346119427211E-009
                   27                   26   1.3069786766768986E-006
                   27                   27  -3.1866280108318254E-003
                   27                   28   1.3069786766769088E-006
                   27                   87   3.1107346119427211E-009
                   27                   88  -6.2214692238854885E-009
                   27                   89   3.1107346119427674E-009
                   28                   27   1.3069786766769088E-006
                   28                   28  -3.1866280108318280E-003
                   28                   29   1.3069786766769168E-006
                   28                   88   3.1107346119427674E-009
                   28                   89  -6.2214692238855563E-009
                   28                   90   3.1107346119427889E-009
                   29                   28   1.3069786766769168E-006
                   29                   29  -3.1866280108318193E-003
                   29                   30   1.3069786766769240E-006
                   29                   89   3.1107346119427889E-009
                   29                   90  -6.2214692238855952E-009
                   29                   91   3.1107346119428063E-009
                   30                   29   1.3069786766769240E-006
                   30                   30  -3.1866280108318185E-003
                   30                   31   1.3069786766769143E-006
                   30                   90   3.1107346119428063E-009
                   30                   91  -6.2214692238855919E-009
                   30                   92   3.1107346119427852E-009
                   31                   30   1.3069786766769143E-006
                   31                   31  -3.1866280108318245E-003
                   31                   32   1.3069786766769141E-006
                   31                   91   3.1107346119427852E-009
                   31                   92  -6.2214692238855704E-009
                   31                   93   3.1107346119427852E-009
                   32                   31   1.3069786766769141E-006
                   32                   32  -3.1866280108318271E-003
                   32                   33   1.3069786766769164E-006
                   32                   92   3.1107346119427852E-009
                   32                   93  -6.2214692238855737E-009
                   32                   94   3.1107346119427889E-009
                   33                   32   1.3069786766769164E-006
                   33                   33  -3.1866280108318271E-003
                   33                   34   1.3069786766769073E-006
                   33                   93   3.1107346119427889E-009
                   33                   94  -6.2214692238855538E-009
                   33                   95   3.1107346119427653E-009
                   34                   33   1.3069786766769073E-006
                   34                   34  -3.1866280108318254E-003
                   34                   35   1.3069786766769086E-006
                   34                   94   3.1107346119427653E-009
                   34                   95  -6.2214692238855207E-009
                   34                   96   3.1107346119427550E-009
                   35                   34   1.3069786766769086E-006
                   35                   35  -3.1866280108318297E-003
                   35                   36   1.3069786766768849E-006
                   35                   95   3.1107346119427550E-009
                   35                   96  -6.2214692238853834E-009
                   35                   97   3.1107346119426284E-009
                   36                   35   1.3069786766768849E-006
                   36                   36  -3.1866280108318202E-003
                   36                   37   1.3069786766767591E-006
                   36                   96   3.1107346119426284E-009
                   36                   97  -6.2214692238846208E-009
                   36                   98   3.1107346119419927E-009
                   37                   36   1.3069786766767591E-006
                   37                   37  -3.1866280108318141E-003
                   37                   38   1.3069786766761217E-006
                   37                   97   3.1107346119419927E-009
                   37                   98  -6.2214692238808041E-009
                   37                   99   3.1107346119388114E-009
                   38                   37   1.3069786766761217E-006
                   38                   38  -3.1866280108318124E-003
                   38                   39   1.3069786766730747E-006
                   38                   98   3.1107346119388114E-009
                   38                   99  -6.2214692238622927E-009
                   38                  100   3.1107346119234813E-009
                   39                   38   1.3069786766730747E-006
                   39                   39  -3.1866280108317729E-003
                   39                   40   1.3069786766586400E-006
                   39                   99   3.1107346119234813E-009
                   39                  100  -6.2214692237743328E-009
                   39                  101   3.1107346118508511E-009
                   40                   39   1.3069786766586400E-006
                   40                   40  -3.1866280108315760E-003
                   40                   41   1.3069786765916909E-006
                   40                  100   3.1107346118508511E-009
                   40                  101  -6.2214692233649114E-009
                   40                  102   3.1107346115140608E-009
                   41                   40   1.3069786765916909E-006
                   41                   41  -3.1866280108306761E-003
                   41                   42   1.3069786762886079E-006
                   41                  101   3.1107346115140608E-009
                   41                  102  -6.2214692215034093E-009
                   41                  103   3.1107346099893485E-009
                   42                   41   1.3069786762886079E-006
                   42                   42  -3.1866280108266767E-003
                   42                   43   1.3069786749510677E-006
                   42                  102   3.1107346099893485E-009
                   42                  103  -6.2214692132499922E-009
                   42                  104   3.1107346032606437E-009
                   43                   42   1.3069786749510677E-006
                   43                   43  -3.1866280108093885E-003
                   43                   44   1.3069786692086718E-006
                   43                  103   3.1107346032606437E-009
                   43                  104  -6.2214691776334173E-009
                   43                  105   3.1107345743727740E-009
                   44                   43   1.3069786692086718E-006
                   44                   44  -3.1866280107367391E-003
                   44                   45   1.3069786452778760E-006
                   44                  104   3.1107345743727740E-009
                   44                  105  -6.2214690283584758E-009
                   44                  106   3.1107344539857018E-009
                   45                   44   1.3069786452778760E-006
                   45                   45  -3.1866280104408460E-003
                   45                   46   1.3069785487091871E-006
                   45                  105   3.1107344539857018E-009
                   45                  106  -6.2214684221696931E-009
                   45                  107   3.1107339681839909E-009
                   46                   45   1.3069785487091871E-006
                   46                   46  -3.1866280092760855E-003
                   46                   47   1.3069781724079818E-006
                   46                  106   3.1107339681839909E-009
                   46                  107  -6.2214660433348040E-009
                   46                  108   3.1107320751508127E-009
                   47                   46   1.3069781724079818E-006
                   47                   47  -3.1866280048572326E-003
                   47                   48   1.3069767608022280E-006
                   47                  107   3.1107320751508127E-009
                   47                  108  -6.2214570490374687E-009
                   47                  109   3.1107249738866564E-009
                   48                   47   1.3069767608022280E-006
                   48                   48  -3.1866279887539997E-003
                   48                   49   1.3069716808873211E-006
                   48                  108   3.1107249738866564E-009
                   48                  109  -6.2214243926866029E-009
                   48                  110   3.1106994187999461E-009
                   49                   48   1.3069716808873211E-006
                   49                   49  -3.1866279325949761E-003
                   49                   50   1.3069542126269319E-006
                   49                  109   3.1106994187999461E-009
                   49                  110  -6.2213109624683918E-009
                   49                  111   3.1106115436684460E-009
                   50                   49   1.3069542126269319E-006
                   50                   50  -3.1866277459685487E-003
                   50                   51   1.3068970727440658E-006
                   50                  110   3.1106115436684460E-009
                   50                  111  -6.2209356517291078E-009
                   50                  112   3.1103241080606618E-009
                   51                   50   1.3068970727440658E-006
                   51                   51  -3.1866271579064614E-003
                   51                   52   1.3067201897290766E-006
                   51                  111   3.1103241080606618E-009
                   51                  112  -6.2197585229824337E-009
                   51                  113   3.1094344149217719E-009
                   52                   51   1.3067201897290766E-006
                   52                   52  -3.1866254112018922E-003
                   52                   53   1.3062050758954006E-006
                   52                  112   3.1094344149217719E-009
                   52                  113  -6.2162787156199579E-009
                   52                  114   3.1068443006981856E-009
                   53                   52   1.3062050758954006E-006
                   53                   53  -3.1866205557871813E-003
                   53                   54   1.3048036448672987E-006
                   53                  113   3.1068443006981856E-009
                   53                  114  -6.2066480480612111E-009
                   53                  115   3.0998037473630251E-009
                   54                   53   1.3048036448672987E-006
                   54                   54  -3.1866080414718828E-003
                   54                   55   1.3012708103914189E-006
                   54                  114   3.0998037473630251E-009
                   54                  115  -6.1818988491349415E-009
                   54                  116   3.0820951017719164E-009
                   55                   54   1.3012708103914189E-006
                   55                   55  -3.1865785064596045E-003
                   55                   56   1.2930996177214643E-006
                   55                  115   3.0820951017719164E-009
                   55                  116  -6.1234471177043012E-009
                   55                  117   3.0413520159323848E-009
                   56                   55   1.2930996177214643E-006
                   56                   56  -3.1865157667382623E-003
                   56                   57   1.2759634784877589E-006
                   56                  116   3.0413520159323848E-009
                   56                  117  -5.9982270201614965E-009
                   56                  118   2.9568750042291121E-009
                   57                   56   1.2759634784877589E-006
                   57                   57  -3.1863986523541100E-003
                   57                   58   1.2438350937604922E-006
                   57                  117   2.9568750042291121E-009
                   57                  118  -5.7588460282500801E-009
                   57                  119   2.8019710240209675E-009
                   58                   57   1.2438350937604922E-006
                   58                   58  -3.1862132981037303E-003
                   58                   59   1.1908368982828926E-006
                   58                  118   2.8019710240209675E-009
                   58                  119  -5.3581798773236130E-009
                   58                  120   2.5562088533026458E-009
                   59                   58   1.1908368982828926E-006
                   59                   59  -3.1859863668307420E-003
                   59                   60   1.1151959273114640E-006
                   59                  119   2.5562088533026458E-009
                   59                  120  -4.7822903191242066E-009
                   59                  121   2.2260814658215604E-009
                   60                   59   1.1151959273114640E-006
                   60                   60  -3.1862458523538714E-003
                   60                   61   1.0241028023775608E-006
                   60                  120   2.2260814658215604E-009
                   60                  121  -4.0837064413418164E-009
                   61                   60   1.0241028023775608E-006
                   61                   61  -1.5937592293266182E-003
                   61                  121   1.8576249755202565E-009
                   62                    1   98548.395121446694     
                   62                   62  -210625.22776434381     
                   62                   63   1691.0585361717385     
                   63                    2   12517.287384955480     
                   63                   62   1687.1172891619549     
                   63                   63  -39141.057605006106     
                   63                   64   1678.6764489663285     
                   64                   63   1678.6600265128770     
                   64                   64  -13220.495634212497     
                   64                   65   1678.8560229126169     
                   65                   64   1678.8433389592294     
                   65                   65  -13220.746566612232     
                   65                   66   1678.8580562339628     
                   66                   65   1678.8501143651965     
                   66                   66  -13220.538708848009     
                   66                   67   1678.8575941276749     
                   67                   66   1678.8534164388795     
                   67                   67  -13220.412075018958     
                   67                   68   1678.8566507804123     
                   68                   67   1678.8547294491393     
                   68                   68  -13220.349054106795     
                   68                   69   1678.8559664163995     
                   69                   68   1678.8551719320549     
                   69                   69  -13220.321617981042     
                   69                   70   1678.8556007646921     
                   70                   69   1678.8552996956971     
                   70                   70  -13220.310808497830     
                   70                   71   1678.8554365210166     
                   71                   70   1678.8553305968892     
                   71                   71  -13220.306879333573     
                   71                   72   1678.8553711791762     
                   72                   71   1678.8553362561670     
                   72                   72  -13220.305545749159     
                   72                   73   1678.8553475231934     
                   73                   72   1678.8553366563051     
                   73                   73  -13220.305119606126     
                   73                   74   1678.8553395987703     
                   74                   73   1678.8553363889364     
                   74                   74  -13220.304990593795     
                   74                   75   1678.8553371141761     
                   75                   74   1678.8553362097737     
                   75                   75  -13220.304953399573     
                   75                   76   1678.8553363787887     
                   76                   75   1678.8553361346853     
                   76                   76  -13220.304943143321     
                   76                   77   1678.8553361719398     
                   77                   76   1678.8553361085937     
                   77                   77  -13220.304940427974     
                   77                   78   1678.8553361163376     
                   78                   77   1678.8553361004806     
                   78                   78  -13220.304939735433     
                   78                   79   1678.8553361019935     
                   79                   78   1678.8553360981539     
                   79                   79  -13220.304939564754     
                   79                   80   1678.8553360984329     
                   80                   79   1678.8553360975311     
                   80                   80  -13220.304939524003     
                   80                   81   1678.8553360975711     
                   81                   80   1678.8553360973651     
                   81                   81  -13220.304939514564     
                   81                   82   1678.8553360973715     
                   82                   81   1678.8553360973258     
                   82                   82  -13220.304939512422     
                   82                   83   1678.8553360973306     
                   83                   82   1678.8553360973206     
                   83                   83  -13220.304939511954     
                   83                   84   1678.8553360973160     
                   84                   83   1678.8553360973140     
                   84                   84  -13220.304939511860     
                   84                   85   1678.8553360973135     
                   85                   84   1678.8553360973133     
                   85                   85  -13220.304939511832     
                   85                   86   1678.8553360973181     
                   86                   85   1678.8553360973181     
                   86                   86  -13220.304939511829     
                   86                   87   1678.8553360973135     
                   87                   86   1678.8553360973135     
                   87                   87  -13220.304939511838     
                   87                   88   1678.8553360973135     
                   88                   87   1678.8553360973135     
                   88                   88  -13220.304939511836     
                   88                   89   1678.8553360973135     
                   89                   88   1678.8553360973135     
                   89                   89  -13220.304939511838     
                   89                   90   1678.8553360973135     
                   90                   89   1678.8553360973135     
                   90                   90  -13220.304939511820     
                   90                   91   1678.8553360973228     
                   91                   90   1678.8553360973228     
                   91                   91  -13220.304939511820     
                   91                   92   1678.8553360973135     
                   92                   91   1678.8553360973135     
                   92                   92  -13220.304939511834     
                   92                   93   1678.8553360973135     
                   93                   92   1678.8553360973135     
                   93                   93  -13220.304939511838     
                   93                   94   1678.8553360973135     
                   94                   93   1678.8553360973135     
                   94                   94  -13220.304939511838     
                   94                   95   1678.8553360973135     
                   95                   94   1678.8553360973135     
                   95                   95  -13220.304939511836     
                   95                   96   1678.8553360973135     
                   96                   95   1678.8553360973135     
                   96                   96  -13220.304939511840     
                   96                   97   1678.8553360973135     
                   97                   96   1678.8553360973135     
                   97                   97  -13220.304939511821     
                   97                   98   1678.8553360973228     
                   98                   97   1678.8553360973228     
                   98                   98  -13220.304939511820     
                   98                   99   1678.8553360973131     
                   99                   98   1678.8553360973135     
                   99                   99  -13220.304939511851     
                   99                  100   1678.8553360973135     
                  100                   99   1678.8553360973146     
                  100                  100  -13220.304939511912     
                  100                  101   1678.8553360973153     
                  101                  100   1678.8553360973215     
                  101                  101  -13220.304939512196     
                  101                  102   1678.8553360973206     
                  102                  101   1678.8553360973483     
                  102                  102  -13220.304939513482     
                  102                  103   1678.8553360973453     
                  103                  102   1678.8553360974695     
                  103                  103  -13220.304939519185     
                  103                  104   1678.8553360974536     
                  104                  103   1678.8553360979995     
                  104                  104  -13220.304939543910     
                  104                  105   1678.8553360978294     
                  105                  104   1678.8553361001623     
                  105                  105  -13220.304939647813     
                  105                  106   1678.8553360992651     
                  106                  105   1678.8553361089321     
                  106                  106  -13220.304940070813     
                  106                  107   1678.8553361043062     
                  107                  106   1678.8553361430636     
                  107                  107  -13220.304941735521     
                  107                  108   1678.8553361206857     
                  108                  107   1678.8553362706241     
                  108                  108  -13220.304948048968     
                  108                  109   1678.8553361684826     
                  109                  108   1678.8553367263903     
                  109                  109  -13220.304971046382     
                  109                  110   1678.8553362855259     
                  110                  109   1678.8553382749064     
                  110                  110  -13220.305051202713     
                  110                  111   1678.8553364753420     
                  111                  110   1678.8553432450381     
                  111                  111  -13220.305317378083     
                  111                  112   1678.8553363102628     
                  112                  111   1678.8553581893234     
                  112                  112  -13220.306155275437     
                  112                  113   1678.8553330375603     
                  113                  112   1678.8553998174575     
                  113                  113  -13220.308640667663     
                  113                  114   1678.8553143521847     
                  114                  113   1678.8555055389425     
                  114                  114  -13220.315534782381     
                  114                  115   1678.8552351780945     
                  115                  114   1678.8557441796872     
                  115                  115  -13220.333233440131     
                  115                  116   1678.8549549596219     
                  116                  115   1678.8562007096450     
                  116                  116  -13220.374644764664     
                  116                  117   1678.8541017546531     
                  117                  116   1678.8568600283718     
                  117                  117  -13220.460836413167     
                  117                  118   1678.8518729692842     
                  118                  117   1678.8572761890771     
                  118                  118  -13220.614037655518     
                  118                  119   1678.8470253389116     
                  119                  118   1678.8561202709639     
                  119                  119  -13220.829672091184     
                  119                  120   1678.8389589938838     
                  120                  119   1678.8516847673034     
                  120                  120  -13221.034746619964     
                  120                  121   1678.8333596164023     
                  121                  120   1678.8477406362424     
                  121                  121  -13221.500603818808     
