                  121                  121                  540
                    1                    1 -0.96107465092148592     
                    1                    2   6.3828821176395195E-004
                    1                   62  -3.8143925530539233E-002
                    1                   63   1.4313533621087082E-004
                    2                    1   3.1817066347471771E-004
                    2                    2 -0.99677645369350110     
                    2                    3   3.5522647608299544E-004
                    2                   62   7.1349374858471355E-005
                    2                   63  -2.4780773024303598E-003
                    2                   64   7.2248965235601040E-007
                    3                    2   3.5523784396813198E-004
                    3                    3 -0.99926180349174787     
                    3                    4   3.7985229958430774E-004
                    3                   63   7.2251277332230464E-007
                    3                   64  -1.5531823499138887E-006
                    3                   65   8.3066957659158413E-007
                    4                    3   3.7975009427955149E-004
                    4                    4 -0.99922187301584608     
                    4                    5   3.9491221871277009E-004
                    4                   64   8.3044607172582408E-007
                    4                   65  -1.7323355807267822E-006
                    4                   66   9.0188950900095816E-007
                    5                    4   3.9488201430897625E-004
                    5                    5 -0.99919834286092202     
                    5                    6   4.0308783061466087E-004
                    5                   65   9.0182052902612707E-007
                    5                   66  -1.8436470772262851E-006
                    5                   67   9.4182654820015789E-007
                    6                    5   4.0307102026787642E-004
                    6                    6 -0.99918609872762421     
                    6                    7   4.0702387789322736E-004
                    6                   66   9.4178727033145650E-007
                    6                   67  -1.9031871073083282E-006
                    6                   68   9.6139983697687172E-007
                    7                    6   4.0701577601445982E-004
                    7                    7 -0.99918038201855075     
                    7                    8   4.0873943772822609E-004
                    7                   67   9.6138070015136997E-007
                    7                   68  -1.9313838533283769E-006
                    7                   69   9.7000315317700737E-007
                    8                    7   4.0873595124727590E-004
                    8                    8 -0.99917795221378036     
                    8                    9   4.0942493813770953E-004
                    8                   68   9.6999487920781570E-007
                    8                   69  -1.9434484173094039E-006
                    8                   70   9.7345353810158836E-007
                    9                    8   4.0942356993083908E-004
                    9                    9 -0.99917700147849575     
                    9                   10   4.0967858658060361E-004
                    9                   69   9.7345028503687542E-007
                    9                   70  -1.9481824964326207E-006
                    9                   71   9.7473221139574504E-007
                   10                    9   4.0967808980407386E-004
                   10                   10 -0.99917665587741811     
                   10                   11   4.0976622216022521E-004
                   10                   70   9.7473102943480972E-007
                   10                   71  -1.9499053088179564E-006
                   10                   72   9.7517427938314686E-007
                   11                   10   4.0976605356324796E-004
                   11                   11 -0.99917653827072972     
                   11                   12   4.0979469207753845E-004
                   11                   71   9.7517387815086620E-007
                   11                   72  -1.9504918147479313E-006
                   11                   73   9.7531793659706511E-007
                   12                   11   4.0979463818516276E-004
                   12                   12 -0.99917650056115348     
                   12                   13   4.0980344086393144E-004
                   12                   72   9.7531780833234695E-007
                   12                   73  -1.9506798986683915E-006
                   12                   74   9.7536209033604437E-007
                   13                   12   4.0980342454016028E-004
                   13                   13 -0.99917648910417367     
                   13                   14   4.0980599719609963E-004
                   13                   73   9.7536205148427785E-007
                   13                   74  -1.9507370449716839E-006
                   13                   75   9.7537499348740609E-007
                   14                   13   4.0980599248720886E-004
                   14                   14 -0.99917648578971396     
                   14                   15   4.0980671064422378E-004
                   14                   74   9.7537498227982400E-007
                   14                   75  -1.9507535773382216E-006
                   14                   76   9.7537859505839718E-007
                   15                   14   4.0980670934494072E-004
                   15                   15 -0.99917648487276167     
                   15                   16   4.0980690159124467E-004
                   15                   75   9.7537859196598111E-007
                   15                   76  -1.9507581510523305E-006
                   15                   77   9.7537955908634959E-007
                   16                   15   4.0980690124703487E-004
                   16                   16 -0.99917648462924946     
                   16                   17   4.0980695077215672E-004
                   16                   76   9.7537955826709720E-007
                   16                   77  -1.9507593656769435E-006
                   16                   78   9.7537980740984592E-007
                   17                   16   4.0980695068430816E-004
                   17                   17 -0.99917648456696251     
                   17                   18   4.0980696300053720E-004
                   17                   77   9.7537980720075796E-007
                   17                   78  -1.9507596763599546E-006
                   17                   79   9.7537986915919639E-007
                   18                   17   4.0980696297887402E-004
                   18                   18 -0.99917648455157093     
                   18                   19   4.0980696594385585E-004
                   18                   78   9.7537986910763601E-007
                   18                   79  -1.9507597531310081E-006
                   18                   80   9.7537988402337185E-007
                   19                   18   4.0980696593868058E-004
                   19                   19 -0.99917648454788688     
                   19                   20   4.0980696663136639E-004
                   19                   79   9.7537988401105409E-007
                   19                   80  -1.9507597715067636E-006
                   19                   81   9.7537988749570931E-007
                   20                   19   4.0980696663016504E-004
                   20                   20 -0.99917648454703067     
                   20                   21   4.0980696678756149E-004
                   20                   80   9.7537988749284994E-007
                   20                   81  -1.9507597757775029E-006
                   20                   82   9.7537988828465316E-007
                   21                   20   4.0980696678729115E-004
                   21                   21 -0.99917648454683705     
                   21                   22   4.0980696682214608E-004
                   21                   81   9.7537988828400984E-007
                   21                   82  -1.9507597767433614E-006
                   21                   83   9.7537988845935137E-007
                   22                   21   4.0980696682208639E-004
                   22                   22 -0.99917648454679431     
                   22                   23   4.0980696682962214E-004
                   22                   82   9.7537988845920950E-007
                   22                   83  -1.9507597769563292E-006
                   22                   84   9.7537988849711994E-007
                   23                   22   4.0980696682960897E-004
                   23                   23 -0.99917648454678520     
                   23                   24   4.0980696683120144E-004
                   23                   83   9.7537988849708860E-007
                   23                   84  -1.9507597770021906E-006
                   23                   85   9.7537988850510216E-007
                   24                   23   4.0980696683119922E-004
                   24                   24 -0.99917648454678321     
                   24                   25   4.0980696683153028E-004
                   24                   84   9.7537988850509687E-007
                   24                   85  -1.9507597770118560E-006
                   24                   86   9.7537988850675938E-007
                   25                   24   4.0980696683152990E-004
                   25                   25 -0.99917648454678276     
                   25                   26   4.0980696683159566E-004
                   25                   85   9.7537988850675854E-007
                   25                   86  -1.9507597770138512E-006
                   25                   87   9.7537988850709269E-007
                   26                   25   4.0980696683159468E-004
                   26                   26 -0.99917648454678265     
                   26                   27   4.0980696683160807E-004
                   26                   86   9.7537988850709015E-007
                   26                   87  -1.9507597770142481E-006
                   26                   88   9.7537988850715770E-007
                   27                   26   4.0980696683160824E-004
                   27                   27 -0.99917648454678265     
                   27                   28   4.0980696683161030E-004
                   27                   87   9.7537988850715813E-007
                   27                   88  -1.9507597770143285E-006
                   27                   89   9.7537988850717020E-007
                   28                   27   4.0980696683160997E-004
                   28                   28 -0.99917648454678265     
                   28                   29   4.0980696683161328E-004
                   28                   88   9.7537988850716956E-007
                   28                   89  -1.9507597770143472E-006
                   28                   90   9.7537988850717761E-007
                   29                   28   4.0980696683161398E-004
                   29                   29 -0.99917648454678265     
                   29                   30   4.0980696683161718E-004
                   29                   89   9.7537988850717909E-007
                   29                   90  -1.9507597770143654E-006
                   29                   91   9.7537988850718629E-007
                   30                   29   4.0980696683161723E-004
                   30                   30 -0.99917648454678265     
                   30                   31   4.0980696683161371E-004
                   30                   90   9.7537988850718629E-007
                   30                   91  -1.9507597770143654E-006
                   30                   92   9.7537988850717867E-007
                   31                   30   4.0980696683161301E-004
                   31                   31 -0.99917648454678265     
                   31                   32   4.0980696683161046E-004
                   31                   91   9.7537988850717718E-007
                   31                   92  -1.9507597770143493E-006
                   31                   93   9.7537988850717210E-007
                   32                   31   4.0980696683161084E-004
                   32                   32 -0.99917648454678265     
                   32                   33   4.0980696683161073E-004
                   32                   92   9.7537988850717316E-007
                   32                   93  -1.9507597770143459E-006
                   32                   94   9.7537988850717274E-007
                   33                   32   4.0980696683161084E-004
                   33                   33 -0.99917648454678265     
                   33                   34   4.0980696683161067E-004
                   33                   93   9.7537988850717295E-007
                   33                   94  -1.9507597770143450E-006
                   33                   95   9.7537988850717210E-007
                   34                   33   4.0980696683161051E-004
                   34                   34 -0.99917648454678265     
                   34                   35   4.0980696683161133E-004
                   34                   94   9.7537988850717168E-007
                   34                   95  -1.9507597770143400E-006
                   34                   96   9.7537988850716850E-007
                   35                   34   4.0980696683161084E-004
                   35                   35 -0.99917648454678265     
                   35                   36   4.0980696683160336E-004
                   35                   95   9.7537988850716744E-007
                   35                   96  -1.9507597770142959E-006
                   35                   97   9.7537988850712869E-007
                   36                   35   4.0980696683160433E-004
                   36                   36 -0.99917648454678276     
                   36                   37   4.0980696683156644E-004
                   36                   96   9.7537988850713081E-007
                   36                   97  -1.9507597770140643E-006
                   36                   98   9.7537988850693345E-007
                   37                   36   4.0980696683156693E-004
                   37                   37 -0.99917648454678309     
                   37                   38   4.0980696683136792E-004
                   37                   97   9.7537988850693451E-007
                   37                   98  -1.9507597770128733E-006
                   37                   99   9.7537988850593882E-007
                   38                   37   4.0980696683136846E-004
                   38                   38 -0.99917648454678420     
                   38                   39   4.0980696683041187E-004
                   38                   98   9.7537988850594009E-007
                   38                   99  -1.9507597770070712E-006
                   38                  100   9.7537988850113085E-007
                   39                   38   4.0980696683041984E-004
                   39                   39 -0.99917648454678976     
                   39                   40   4.0980696682589042E-004
                   39                   99   9.7537988850114970E-007
                   39                  100  -1.9507597769795193E-006
                   39                  101   9.7537988847836959E-007
                   40                   39   4.0980696682592669E-004
                   40                   40 -0.99917648454681540     
                   40                   41   4.0980696680493599E-004
                   40                  100   9.7537988847845599E-007
                   40                  101  -1.9507597768513141E-006
                   40                  102   9.7537988837285809E-007
                   41                   40   4.0980696680509960E-004
                   41                   41 -0.99917648454693242     
                   41                   42   4.0980696671006581E-004
                   41                  101   9.7537988837324730E-007
                   41                  102  -1.9507597762684135E-006
                   41                  103   9.7537988789516644E-007
                   42                   41   4.0980696671079320E-004
                   42                   42 -0.99917648454745056     
                   42                   43   4.0980696629140358E-004
                   42                  102   9.7537988789689778E-007
                   42                  103  -1.9507597736839906E-006
                   42                  104   9.7537988578709287E-007
                   43                   42   4.0980696629454381E-004
                   43                   43 -0.99917648454968644     
                   43                   44   4.0980696449399934E-004
                   43                  103   9.7537988579456688E-007
                   43                  104  -1.9507597625312603E-006
                   43                  105   9.7537987673669321E-007
                   44                   43   4.0980696450718584E-004
                   44                   44 -0.99917648455905761     
                   44                   45   4.0980695700361554E-004
                   44                  104   9.7537987676807832E-007
                   44                  105  -1.9507597157884396E-006
                   44                  106   9.7537983902036123E-007
                   45                   44   4.0980695705727580E-004
                   45                   45 -0.99917648459711284     
                   45                   46   4.0980692677788287E-004
                   45                  105   9.7537983914807771E-007
                   45                  106  -1.9507595259716167E-006
                   45                  107   9.7537968682353860E-007
                   46                   45   4.0980692698892358E-004
                   46                   46 -0.99917648474645038     
                   46                   47   4.0980680899858473E-004
                   46                  106   9.7537968732583570E-007
                   46                  107  -1.9507587810856074E-006
                   46                  108   9.7537909375977191E-007
                   47                   46   4.0980680979844062E-004
                   47                   47 -0.99917648531108672     
                   47                   48   4.0980636718534970E-004
                   47                  107   9.7537909566350493E-007
                   47                  108  -1.9507559647049698E-006
                   47                  109   9.7537686904146508E-007
                   48                   47   4.0980637009707660E-004
                   48                   48 -0.99917648736114972     
                   48                   49   4.0980477727496227E-004
                   48                  108   9.7537687597164302E-007
                   48                  109  -1.9507457390714157E-006
                   48                  110   9.7536886309977247E-007
                   49                   48   4.0980478741763229E-004
                   49                   49 -0.99917649448194690     
                   49                   50   4.0979931019357148E-004
                   49                  109   9.7536888724015620E-007
                   49                  110  -1.9507102209761979E-006
                   49                  111   9.7534133373604168E-007
                   50                   49   4.0979934385704068E-004
                   50                   50 -0.99917651804326180     
                   50                   51   4.0978142747842274E-004
                   50                  110   9.7534141385665714E-007
                   50                  111  -1.9505927014316591E-006
                   50                  112   9.7525128757500197E-007
                   51                   50   4.0978153340914217E-004
                   51                   51 -0.99917659194715969     
                   51                   52   4.0972607120433378E-004
                   51                  111   9.7525153968274442E-007
                   51                  112  -1.9502241133885091E-006
                   51                  113   9.7497257370576492E-007
                   52                   51   4.0972638540072567E-004
                   52                   52 -0.99917681047581652     
                   52                   53   4.0956486977496306E-004
                   52                  112   9.7497332135861478E-007
                   52                  113  -1.9491345039388251E-006
                   52                  114   9.7416118258021009E-007
                   53                   52   4.0956574190814741E-004
                   53                   53 -0.99917741570255625     
                   53                   54   4.0912631769417804E-004
                   53                  113   9.7416325697271023E-007
                   53                  114  -1.9461189207402089E-006
                   53                  115   9.7195566376749864E-007
                   54                   53   4.0912856241551024E-004
                   54                   54 -0.99917897387670529     
                   54                   55   4.0802082218497309E-004
                   54                  114   9.7196099652053366E-007
                   54                  115  -1.9383693470613297E-006
                   54                  116   9.6640835054079621E-007
                   55                   54   4.0802611321862743E-004
                   55                   55 -0.99918266979771397     
                   55                   56   4.0546395631872788E-004
                   55                  115   9.6642088249708014E-007
                   55                  116  -1.9200663743353652E-006
                   55                  117   9.5364549183828534E-007
                   56                   55   4.0547518252256355E-004
                   56                   56 -0.99919066127783474     
                   56                   57   4.0010183070318737E-004
                   56                  116   9.5367189571096376E-007
                   56                  117  -1.8808544697409723E-006
                   56                  118   9.2718257403000835E-007
                   57                   56   4.0012276564372533E-004
                   57                   57 -0.99920621766886863     
                   57                   58   3.9004779220641774E-004
                   57                  117   9.2723108795962734E-007
                   57                  118  -1.8058866406354710E-006
                   57                  119   8.7865555267584353E-007
                   58                   57   3.9008097638167875E-004
                   58                   58 -0.99923309811671435     
                   58                   59   3.7346013335990178E-004
                   58                  118   8.7873030623280921E-007
                   58                  119  -1.6803867720567179E-006
                   58                  120   8.0165646582390877E-007
                   59                   58   3.7350191783603026E-004
                   59                   59 -0.99927372079802790     
                   59                   60   3.4977738615117355E-004
                   59                  119   8.0174615891954937E-007
                   59                  120  -1.4999489925254635E-006
                   59                  121   6.9820283360591406E-007
                   60                   59   3.4976756806601449E-004
                   60                   60 -0.99932705612095385     
                   60                   61   3.2119732314727940E-004
                   60                  120   6.9818323538387322E-007
                   60                  121  -1.2808045973832931E-006
                   61                   60   6.4215720647339835E-004
                   61                   61 -0.99935667798149586     
                   61                  121   1.1648120307706338E-006
                   62                    1  0.31701380378957827     
                   62                   62 -0.67754634203195152     
                   62                   63   5.4398541784701302E-003
                   63                    2  0.22748720242231260     
                   63                   62   3.0661402943521241E-002
                   63                   63 -0.71134339418618131     
                   63                   64   3.0508000447984886E-002
                   64                   63  0.10125822436050427     
                   64                   64 -0.79747172860667825     
                   64                   65  0.10127004703281750     
                   65                   64  0.10126661692500195     
                   65                   65 -0.79746587841462024     
                   65                   66  0.10126750466037789     
                   66                   65  0.10126825673245610     
                   66                   66 -0.79746303535573571     
                   66                   67  0.10126870791180823     
                   67                   66  0.10126921505551258     
                   67                   67 -0.79746137479199686     
                   67                   68  0.10126941015249065     
                   68                   67  0.10126967538839647     
                   68                   68 -0.79746057460848863     
                   68                   69  0.10126975000311488     
                   69                   68  0.10126986920812830     
                   69                   69 -0.79746023571622027     
                   69                   70  0.10126989507565155     
                   70                   69  0.10126994316948240     
                   70                   70 -0.79746010540761858     
                   70                   71  0.10126995142289910     
                   71                   70  0.10126996924589561     
                   71                   71 -0.79746005906025108     
                   71                   72  0.10126997169385332     
                   72                   71  0.10126997784365868     
                   72                   72 -0.79746004363304612     
                   72                   73  0.10126997852329526     
                   73                   72  0.10126998051693503     
                   73                   73 -0.79746003878863803     
                   73                   74  0.10126998069442701     
                   74                   73  0.10126998130571449     
                   74                   74 -0.79746003734482385     
                   74                   75  0.10126998134946159     
                   75                   74  0.10126998152770199     
                   75                   75 -0.79746003693440093     
                   75                   76  0.10126998153789717     
                   76                   75  0.10126998158754716     
                   76                   76 -0.79746003682265854     
                   76                   77  0.10126998158979439     
                   77                   76  0.10126998160305956     
                   77                   77 -0.79746003679341382     
                   77                   78  0.10126998160352668     
                   78                   77  0.10126998160693787     
                   78                   78 -0.79746003678603306     
                   78                   79  0.10126998160702916     
                   79                   78  0.10126998160787613     
                   79                   79 -0.79746003678423094     
                   79                   80  0.10126998160789291     
                   80                   79  0.10126998160809653     
                   80                   80 -0.79746003678380462     
                   80                   81  0.10126998160809898     
                   81                   80  0.10126998160814642     
                   81                   81 -0.79746003678370669     
                   81                   82  0.10126998160814676     
                   82                   81  0.10126998160815762     
                   82                   82 -0.79746003678368449     
                   82                   83  0.10126998160815794     
                   83                   82  0.10126998160816029     
                   83                   83 -0.79746003678367972     
                   83                   84  0.10126998160816002     
                   84                   83  0.10126998160816052     
                   84                   84 -0.79746003678367905     
                   84                   85  0.10126998160816052     
                   85                   84  0.10126998160816063     
                   85                   85 -0.79746003678367838     
                   85                   86  0.10126998160816091     
                   86                   85  0.10126998160816095     
                   86                   86 -0.79746003678367849     
                   86                   87  0.10126998160816067     
                   87                   86  0.10126998160816063     
                   87                   87 -0.79746003678367872     
                   87                   88  0.10126998160816063     
                   88                   87  0.10126998160816063     
                   88                   88 -0.79746003678367872     
                   88                   89  0.10126998160816063     
                   89                   88  0.10126998160816060     
                   89                   89 -0.79746003678367861     
                   89                   90  0.10126998160816063     
                   90                   89  0.10126998160816070     
                   90                   90 -0.79746003678367805     
                   90                   91  0.10126998160816129     
                   91                   90  0.10126998160816127     
                   91                   91 -0.79746003678367805     
                   91                   92  0.10126998160816068     
                   92                   91  0.10126998160816066     
                   92                   92 -0.79746003678367883     
                   92                   93  0.10126998160816063     
                   93                   92  0.10126998160816066     
                   93                   93 -0.79746003678367883     
                   93                   94  0.10126998160816066     
                   94                   93  0.10126998160816066     
                   94                   94 -0.79746003678367883     
                   94                   95  0.10126998160816066     
                   95                   94  0.10126998160816066     
                   95                   95 -0.79746003678367883     
                   95                   96  0.10126998160816066     
                   96                   95  0.10126998160816063     
                   96                   96 -0.79746003678367883     
                   96                   97  0.10126998160816063     
                   97                   96  0.10126998160816067     
                   97                   97 -0.79746003678367805     
                   97                   98  0.10126998160816127     
                   98                   97  0.10126998160816124     
                   98                   98 -0.79746003678367816     
                   98                   99  0.10126998160816068     
                   99                   98  0.10126998160816056     
                   99                   99 -0.79746003678367894     
                   99                  100  0.10126998160816056     
                  100                   99  0.10126998160816025     
                  100                  100 -0.79746003678367949     
                  100                  101  0.10126998160816025     
                  101                  100  0.10126998160815884     
                  101                  101 -0.79746003678368238     
                  101                  102  0.10126998160815878     
                  102                  101  0.10126998160815229     
                  102                  102 -0.79746003678369559     
                  102                  103  0.10126998160815207     
                  103                  102  0.10126998160812338     
                  103                  103 -0.79746003678375432     
                  103                  104  0.10126998160812239     
                  104                  103  0.10126998160799873     
                  104                  104 -0.79746003678401267     
                  104                  105  0.10126998160798846     
                  105                  104  0.10126998160747253     
                  105                  105 -0.79746003678510902     
                  105                  106  0.10126998160741839     
                  106                  105  0.10126998160533317     
                  106                  106 -0.79746003678961275     
                  106                  107  0.10126998160505415     
                  107                  106  0.10126998159691429     
                  107                  107 -0.79746003680752131     
                  107                  108  0.10126998159556441     
                  108                  107  0.10126998156497070     
                  108                  108 -0.79746003687621991     
                  108                  109  0.10126998155880948     
                  109                  108  0.10126998144847969     
                  109                  109 -0.79746003712963387     
                  109                  110  0.10126998142188642     
                  110                  109  0.10126998104161830     
                  110                  110 -0.79746003802531473     
                  110                  111  0.10126998093306704     
                  111                  110  0.10126997968608516     
                  111                  111 -0.79746004104614121     
                  111                  112  0.10126997926777360     
                  112                  111  0.10126997539778305     
                  112                  112 -0.79746005072160953     
                  112                  113  0.10126997388060746     
                  113                  112  0.10126996258618695     
                  113                  113 -0.79746007998296276     
                  113                  114  0.10126995743085022     
                  114                  113  0.10126992668723871     
                  114                  114 -0.79746016293390853     
                  114                  115  0.10126991037885290     
                  115                  114  0.10126983322081642     
                  115                  115 -0.79746038116471141     
                  115                  116  0.10126978561447222     
                  116                  115  0.10126961021455420     
                  116                  116 -0.79746090618111232     
                  116                  117  0.10126948360433362     
                  117                  116  0.10126913306075185     
                  117                  117 -0.79746203469934784     
                  117                  118  0.10126883223990023     
                  118                  117  0.10126824939903777     
                  118                  118 -0.79746411953063279     
                  118                  119  0.10126763107032942     
                  119                  118  0.10126691882724022     
                  119                  119 -0.79746719749655615     
                  119                  120  0.10126588367620372     
                  120                  119  0.10126545993486913     
                  120                  120 -0.79747018547199700     
                  120                  121  0.10126435459313390     
                  121                  120  0.11267171087721591     
                  121                  121 -0.88732828912278405     
