                  121                  121                  550
                    1                    1 -0.99999903710278970     
                    1                    2   2.0341266859719385E-019
                    1                   62  -9.6289721024142701E-007
                    1                   63   2.7013322654923650E-017
                    2                    1   1.0186330479445062E-019
                    2                    2 -0.99999887035654833     
                    2                    3   1.8042935950667656E-019
                    2                   62   1.3527507102118054E-017
                    2                   63  -1.1296434516254641E-006
                    2                   64   2.3817331552668554E-017
                    3                    2   1.8154475294333320E-019
                    3                    3 -0.99999853268412542     
                    3                    4   3.4544557505276731E-019
                    3                   63   2.3964567542227884E-017
                    3                   64  -1.4673158744909192E-006
                    3                   65   4.5315488515295596E-017
                    4                    3   3.4637466975778381E-019
                    4                    4 -0.99999803048098068     
                    4                    5   7.2334793824976928E-019
                    4                   64   4.5437366991893148E-017
                    4                   65  -1.9695190192092290E-006
                    4                   66   9.4273545217879947E-017
                    5                    4   7.2239875919783806E-019
                    5                    5 -0.99999723857083778     
                    5                    6   1.7059401055734250E-018
                    5                   65   9.4149839225866465E-017
                    5                   66  -2.7614291618478873E-006
                    5                   67   2.2084438748039390E-016
                    6                    5   1.6849086715776189E-018
                    6                    6 -0.99999591332563620     
                    6                    7   4.7488686488894495E-018
                    6                   66   2.1812173963158393E-016
                    6                   67  -4.0866743629877693E-006
                    6                   68   6.1050920368499922E-016
                    7                    6   4.7738207671402914E-018
                    7                    7 -0.99999319823662780     
                    7                    8   1.7938067852018645E-017
                    7                   67   6.1371701989763286E-016
                    7                   68  -6.8017633692553976E-006
                    7                   69   2.2894284032965871E-015
                    8                    7   1.7899118115648335E-017
                    8                    8 -0.99998662773352309     
                    8                    9   1.1521633900551049E-016
                    8                   68   2.2844572640700696E-015
                    8                   69  -1.3372266459942432E-005
                    8                   70   1.4593107568670212E-014
                    9                    8   1.1500294158986710E-016
                    9                    9 -0.99996094410349057     
                    9                   10   3.2522083511315223E-015
                    9                   69   1.4566079011190952E-014
                    9                   70  -3.9055896083218299E-005
                    9                   71   4.0823318319510656E-013
                   10                    9   3.3160519018244491E-015
                   10                   10 -0.99818499300985175     
                   10                   11   9.4027891814316685E-008
                   10                   70   4.1624713959392824E-013
                   10                   71  -1.8134743660897538E-003
                   10                   72   1.4385957470123694E-006
                   11                   10   9.6720618711734879E-008
                   11                   11 -0.96490572665721552     
                   11                   12   8.6299066426937551E-004
                   11                   71   1.4797935808438604E-006
                   11                   72  -3.4165587742223294E-002
                   11                   73   6.4118422092322369E-005
                   12                   11   8.7556646941617546E-004
                   12                   12 -0.99481330045827465     
                   12                   13   1.1555053735737900E-003
                   12                   72   6.5052778413819757E-005
                   12                   73  -3.0885583410692054E-003
                   12                   74   2.0165792523825133E-006
                   13                   12   1.1599613171114427E-003
                   13                   13 -0.99764990942231213     
                   13                   14   1.1819153296565830E-003
                   13                   73   2.0243557313962167E-006
                   13                   74  -4.1069654599210865E-006
                   13                   75   2.0826097285248694E-006
                   14                   13   1.1805040978371132E-003
                   14                   14 -0.99761834588989340     
                   14                   15   1.1927390072973339E-003
                   14                   74   2.0801230486056865E-006
                   14                   75  -4.2055024861060432E-006
                   14                   76   2.1253794375003566E-006
                   15                   14   1.1926600773787591E-003
                   15                   15 -0.99759440110400632     
                   15                   16   1.2043495556535904E-003
                   15                   75   2.1252387897769935E-006
                   15                   76  -4.2946314806780196E-006
                   15                   77   2.1693926909010265E-006
                   16                   15   1.2042970784566505E-003
                   16                   16 -0.99757134521330848     
                   16                   17   1.2155942413371089E-003
                   16                   76   2.1692981638204576E-006
                   16                   77  -4.3817334489034700E-006
                   16                   78   2.2124352850830128E-006
                   17                   16   1.2155429280423108E-003
                   17                   17 -0.99754910454627932     
                   17                   18   1.2264192462891964E-003
                   17                   77   2.2123418926168881E-006
                   17                   78  -4.4666396946016695E-006
                   17                   79   2.2542978019847814E-006
                   18                   17   1.2263689448559101E-003
                   18                   18 -0.99752774085120000     
                   18                   19   1.2367921815147228E-003
                   18                   78   2.2542053422400111E-006
                   18                   79  -4.5490112146837125E-006
                   18                   80   2.2948058724437019E-006
                   19                   18   1.2367431775813901E-003
                   19                   19 -0.99750731797578995     
                   19                   20   1.2466818443627624E-003
                   19                   79   2.2947149481027614E-006
                   19                   80  -4.6285011330125721E-006
                   19                   81   2.3337861849098102E-006
                   20                   19   1.2466344225459142E-003
                   20                   20 -0.99748789735270937     
                   20                   21   1.2560586902616393E-003
                   20                   80   2.3336974113534099E-006
                   20                   81  -4.7047672415438548E-006
                   20                   82   2.3710698301904449E-006
                   21                   20   1.2560131216940947E-003
                   21                   21 -0.99746953663101023     
                   21                   22   1.2648952897021067E-003
                   21                   81   2.3709838101210420E-006
                   21                   82  -4.7774787967891960E-006
                   21                   83   2.4064949866681531E-006
                   22                   21   1.2648518296942731E-003
                   22                   22 -0.99745228897435445     
                   22                   23   1.2731665538983179E-003
                   22                   82   2.4064123029141513E-006
                   22                   83  -4.8463210264663453E-006
                   22                   84   2.4399087235521945E-006
                   23                   22   1.2731254406260703E-003
                   23                   23 -0.99743620273627154     
                   23                   24   1.2808498267097295E-003
                   23                   83   2.4398299336787851E-006
                   23                   84  -4.9109981963747527E-006
                   23                   85   2.4711682626959676E-006
                   24                   23   1.2808112803443985E-003
                   24                   24 -0.99742132133389050     
                   24                   25   1.2879249140762372E-003
                   24                   84   2.4710938944502438E-006
                   24                   85  -4.9712358444387723E-006
                   24                   86   2.5001419499885286E-006
                   25                   24   1.2878891360895894E-003
                   25                   25 -0.99740768320549456     
                   25                   26   1.2943740932441479E-003
                   25                   85   2.5000724971467316E-006
                   25                   86  -5.0267825859143091E-006
                   25                   87   2.5267100887675775E-006
                   26                   25   1.2943412657446451E-003
                   26                   26 -0.99739532178890666     
                   26                   27   1.3001821219196152E-003
                   26                   86   2.5266460071588557E-006
                   26                   87  -5.0774117145191378E-006
                   26                   88   2.5507657073602821E-006
                   27                   26   1.3001524069679042E-003
                   27                   27 -0.99738426549467130     
                   27                   28   1.3053362529839706E-003
                   27                   87   2.5507074110043003E-006
                   27                   88  -5.1229226884434453E-006
                   27                   89   2.5722152774391455E-006
                   28                   27   1.3053097918940436E-003
                   28                   28 -0.99737453767055506     
                   28                   29   1.3098262525441939E-003
                   28                   88   2.5721631348439997E-006
                   28                   89  -5.1631425033428614E-006
                   28                   90   2.5909793684988617E-006
                   29                   28   1.3098031652054190E-003
                   29                   29 -0.99736615656491734     
                   29                   30   1.3136444160565097E-003
                   29                   89   2.5909336992214877E-006
                   29                   90  -5.1979269104182482E-006
                   29                   91   2.6069932111967605E-006
                   30                   29   1.3136248003189782E-003
                   30                   30 -0.99735913529965892     
                   30                   31   1.3167855771724797E-003
                   30                   90   2.6069542827820754E-006
                   30                   91  -5.2271614248241778E-006
                   30                   92   2.6202071420421028E-006
                   31                   30   1.3167695083324302E-003
                   31                   31 -0.99735348186222961     
                   31                   32   1.3192471052868966E-003
                   31                   91   2.6201751674441182E-006
                   31                   92  -5.2507620755940424E-006
                   31                   93   2.6305869081499242E-006
                   32                   31   1.3192346357011400E-003
                   32                   32 -0.99734919912309328     
                   32                   33   1.3210288894796275E-003
                   32                   92   2.6305620437186057E-006
                   32                   93  -5.2686758629783391E-006
                   32                   94   2.6381138192597338E-006
                   33                   32   1.3210200483344200E-003
                   33                   33 -0.99734628488175703     
                   33                   34   1.3221333080968829E-003
                   33                   93   2.6380961633647450E-006
                   33                   94  -5.2808809058128350E-006
                   33                   95   2.6427847424480900E-006
                   34                   33   1.3221281013383319E-003
                   34                   34 -0.99734473194168316     
                   34                   35   1.3225651844254063E-003
                   34                   94   2.6427743347668284E-006
                   34                   95  -5.2873862765475756E-006
                   34                   96   2.6446119417807468E-006
                   35                   34   1.3225635948261351E-003
                   35                   35 -0.99734452821246111     
                   35                   36   1.3223317296458845E-003
                   35                   95   2.6446087632053049E-006
                   35                   96  -5.2882315334256438E-006
                   35                   97   2.6436227702203389E-006
                   36                   35   1.3223337170019996E-003
                   36                   36 -0.99734565683656173     
                   36                   37   1.3214424745016723E-003
                   36                   96   2.6436267433684993E-006
                   36                   97  -5.2834859673561188E-006
                   36                   98   2.6398592239876204E-006
                   37                   36   1.3214479759537383E-003
                   37                   37 -0.99734809633788135     
                   37                   38   1.3199091909949022E-003
                   37                   97   2.6398702142950022E-006
                   37                   98  -5.2732475850284975E-006
                   37                   99   2.6333773707334957E-006
                   38                   37   1.3199181214858800E-003
                   38                   38 -0.99735182078912166     
                   38                   39   1.3177458056857648E-003
                   38                   98   2.6333951881356404E-006
                   38                   99  -5.2576418533350917E-006
                   38                  100   2.6242466651994517E-006
                   39                   38   1.3177580585246246E-003
                   39                   39 -0.99735679999495108     
                   39                   40   1.3149683060586120E-003
                   39                   99   2.6242710663179214E-006
                   39                  100  -5.2368202328391684E-006
                   39                  101   2.6125491665212474E-006
                   40                   39   1.3149837535576124E-003
                   40                   40 -0.99736299968841868     
                   40                   41   1.3115946409684139E-003
                   40                  100   2.6125798572614370E-006
                   40                  101  -5.2109585276300635E-006
                   40                  102   2.5983786703686269E-006
                   41                   40   1.3116131351301340E-003
                   41                   41 -0.99737038173861037     
                   41                   42   1.3076446161030455E-003
                   41                  101   2.5984153088496321E-006
                   41                  102  -5.1802550782287489E-006
                   41                  103   2.5818397693791169E-006
                   42                   41   1.3076659893234994E-003
                   42                   42 -0.99737890436775656     
                   42                   43   1.3031397852714761E-003
                   42                  102   2.5818819690944581E-006
                   42                  103  -5.1449288242604618E-006
                   42                  104   2.5630468551660033E-006
                   43                   42   1.3031638510130345E-003
                   43                   43 -0.99738852237622533     
                   43                   44   1.2981033382353094E-003
                   43                  103   2.5630941882486979E-006
                   43                  104  -5.1052172632052423E-006
                   43                  105   2.5421230749565444E-006
                   44                   43   1.2981298916076496E-003
                   44                   44 -0.99739918737397382     
                   44                   45   1.2925599857564298E-003
                   44                  104   2.5421750753933014E-006
                   44                  105  -5.0613743310772279E-006
                   44                  106   2.5191992556839269E-006
                   45                   44   1.2925888039194548E-003
                   45                   45 -0.99741084801708235     
                   45                   46   1.2865358425374830E-003
                   45                  105   2.5192554222801723E-006
                   45                  106  -5.0136682303887959E-006
                   45                  107   2.4944128081086236E-006
                   46                   45   1.2865666848021061E-003
                   46                   46 -0.99742345024794343     
                   46                   47   1.2800583087940664E-003
                   46                  106   2.4944726069399994E-006
                   46                  107  -4.9623792302243735E-006
                   46                  108   2.4679066232843741E-006
                   47                   46   1.2800909162327255E-003
                   47                   47 -0.99743693753750551     
                   47                   48   1.2731559513363981E-003
                   47                  107   2.4679694892595276E-006
                   47                  108  -4.9077974626777180E-006
                   47                  109   2.4398279734181908E-006
                   48                   47   1.2731900456041962E-003
                   48                   48 -0.99745125112761801     
                   48                   49   1.2658583852991211E-003
                   48                  108   2.4398933103851347E-006
                   48                  109  -4.8502207393324440E-006
                   48                  110   2.4103274289473094E-006
                   49                   48   1.2658936661695246E-003
                   49                   49 -0.99746633027088161     
                   49                   50   1.2581961581268513E-003
                   49                  109   2.4103946074331797E-006
                   49                  110  -4.7899524109924107E-006
                   49                  111   2.3795578035592315E-006
                   50                   49   1.2582322988920328E-003
                   50                   50 -0.99748211246426033     
                   50                   51   1.2502006382602529E-003
                   50                  110   2.3796261546182132E-006
                   50                  111  -4.7272992937088026E-006
                   50                  112   2.3476731390905885E-006
                   51                   50   1.2502372775045193E-003
                   51                   51 -0.99749853367063812     
                   51                   52   1.2419039124879272E-003
                   51                  111   2.3477419416227331E-006
                   51                  112  -4.6625696847302692E-006
                   51                  113   2.3148277431075361E-006
                   52                   51   1.2419406395081296E-003
                   52                   52 -0.99751552851842351     
                   52                   53   1.2333386990794244E-003
                   52                  112   2.3148961998733383E-006
                   52                  113  -4.5960714944827479E-006
                   52                  114   2.2811752946094095E-006
                   53                   52   1.2333750270842993E-003
                   53                   53 -0.99753303045784036     
                   53                   54   1.2245382940132426E-003
                   53                  113   2.2812424866526694E-006
                   53                  114  -4.5281105310547125E-006
                   53                  115   2.2468680444020427E-006
                   54                   53   1.2245736007462386E-003
                   54                   54 -0.99755097179300312     
                   54                   55   1.2155366281747502E-003
                   54                  114   2.2469328276517857E-006
                   54                  115  -4.4589890379130667E-006
                   54                  116   2.2120562102612819E-006
                   55                   54   1.2155699409151009E-003
                   55                   55 -0.99756928306946291     
                   55                   56   1.2063689794695638E-003
                   55                  115   2.2121168334070315E-006
                   55                  116  -4.3890050762266483E-006
                   55                  117   2.1768882428196176E-006
                   56                   55   1.2063977187898743E-003
                   56                   56 -0.99758788807919974     
                   56                   57   1.1970772881861992E-003
                   56                  116   2.1769401028139934E-006
                   56                  117  -4.3184569120438177E-006
                   56                  118   2.1415168092298246E-006
                   57                   56   1.1970892627698572E-003
                   57                   57 -0.99760667132300140     
                   57                   58   1.1877440588385409E-003
                   57                  117   2.1415382312152222E-006
                   57                  118  -4.2476776950821445E-006
                   57                  119   2.1061394638669223E-006
                   58                   57   1.1876747190071623E-003
                   58                   58 -0.99762531327757675     
                   58                   59   1.1786575808974671E-003
                   58                  118   2.1060165086273677E-006
                   58                  119  -4.1772112593475180E-006
                   58                  120   2.0711947507201508E-006
                   59                   58   1.1782316668715067E-003
                   59                   59 -0.99764275221074428     
                   59                   60   1.1707993948883448E-003
                   59                  119   2.0704463137617633E-006
                   59                  120  -4.1083637479397824E-006
                   59                  121   2.0379174341780192E-006
                   60                   59   1.1692811721729468E-003
                   60                   60 -0.99765871735750511     
                   60                   61   1.1659226278045291E-003
                   60                  120   2.0352747845881892E-006
                   60                  121  -4.0435677328869087E-006
                   61                   60   2.3278853623708217E-003
                   61                   61 -0.99766810487261881     
                   61                  121   4.0097650103081481E-006
                   62                    1   2.9575498934477279E-002
                   62                   62 -0.57932403744988470     
                   62                   63  0.39110046361563811     
                   63                    2   3.4160387759553740E-002
                   63                   62  0.19481560425980074     
                   63                   63 -0.57668421896925304     
                   63                   64  0.19433978901139237     
                   64                    3   4.3024276455932479E-002
                   64                   63  0.19296311632475910     
                   64                   64 -0.57156251953097570     
                   64                   65  0.19245008768833272     
                   65                    4   5.5659711637607363E-002
                   65                   64  0.19019012199923591     
                   65                   65 -0.56418974088069163     
                   65                   66  0.18996042548246506     
                   66                    5   7.4218411540373425E-002
                   66                   65  0.18586261179748204     
                   66                   66 -0.55304704888856582     
                   66                   67  0.18687192777357864     
                   67                    6  0.10296492616455372     
                   67                   66  0.18039029282882427     
                   67                   67 -0.53586102766546295     
                   67                   68  0.18078375334115901     
                   68                    7  0.15122694578124568     
                   68                   67  0.17096992793823851     
                   68                   68 -0.50725950882565030     
                   68                   69  0.17054361745486538     
                   69                    8  0.23825415199916808     
                   69                   68  0.15278430816259347     
                   69                   69 -0.45584818673803029     
                   69                   70  0.15311335310020810     
                   70                    9  0.40757124803194339     
                   70                   69  0.11816399046865958     
                   70                   70 -0.35622719420339455     
                   70                   71  0.11803756729600236     
                   71                   10  0.68247450007972299     
                   71                   70   4.3242089341567300E-002
                   71                   71 -0.23338356811014974     
                   71                   72   4.0899842468559933E-002
                   72                   11  0.66171121040928227     
                   72                   71   6.3930744928957471E-003
                   72                   72 -0.32662205033003433     
                   72                   73   5.2736647677875757E-003
                   73                   12  0.49866527948903222     
                   73                   72   4.7260566567121048E-002
                   73                   73 -0.40731101725944618     
                   73                   74   4.6763136684400394E-002
                   74                   73  0.18007967190626539     
                   74                   74 -0.63970807343481717     
                   74                   75  0.18021225465891752     
                   75                   74  0.18015128061236346     
                   75                   75 -0.63969489373591881     
                   75                   76  0.18015382565171778     
                   76                   75  0.18015235818935466     
                   76                   76 -0.63969524097757791     
                   76                   77  0.18015240083306749     
                   77                   76  0.18015210382409999     
                   77                   77 -0.63969576764425407     
                   77                   78  0.18015212853164603     
                   78                   77  0.18015186803760452     
                   78                   78 -0.63969621845288671     
                   78                   79  0.18015191350950860     
                   79                   78  0.18015167059196707     
                   79                   79 -0.63969659575508375     
                   79                   80  0.18015173365294906     
                   80                   79  0.18015150831637339     
                   80                   80 -0.63969690639996080     
                   80                   81  0.18015158528366571     
                   81                   80  0.18015137756532365     
                   81                   81 -0.63969715737246768     
                   81                   82  0.18015146506220861     
                   82                   81  0.18015127470830261     
                   82                   82 -0.63969735563726948     
                   82                   83  0.18015136965442788     
                   83                   82  0.18015119617940195     
                   83                   83 -0.63969750805341374     
                   83                   84  0.18015129576718433     
                   84                   83  0.18015113851813763     
                   84                   84 -0.63969762128859475     
                   84                   85  0.18015124019326759     
                   85                   84  0.18015109840769736     
                   85                   85 -0.63969770173823814     
                   85                   86  0.18015119985406458     
                   86                   85  0.18015107270934089     
                   86                   86 -0.63969775545259056     
                   86                   87  0.18015117183806856     
                   87                   86  0.18015105849255833     
                   87                   87 -0.63969778807287991     
                   87                   88  0.18015115343456187     
                   88                   87  0.18015105306101084     
                   88                   88 -0.63969780477662452     
                   88                   89  0.18015114216236452     
                   89                   88  0.18015105397436190     
                   89                   89 -0.63969781023183747     
                   89                   90  0.18015113579380063     
                   90                   89  0.18015105906609613     
                   90                   90 -0.63969780855984382     
                   90                   91  0.18015113237406016     
                   91                   90  0.18015106645734219     
                   91                   91 -0.63969780330651527     
                   91                   92  0.18015113023614246     
                   92                   91  0.18015107456669771     
                   92                   92 -0.63969779742176391     
                   92                   93  0.18015112801153849     
                   93                   92  0.18015108211619266     
                   93                   93 -0.63969779324717313     
                   93                   94  0.18015112463663427     
                   94                   93  0.18015108813347952     
                   94                   94 -0.63969779251157866     
                   94                   95  0.18015111935494196     
                   95                   94  0.18015109194999329     
                   95                   95 -0.63969779633426749     
                   95                   96  0.18015111171573922     
                   96                   95  0.18015108088388138     
                   96                   96 -0.63969779568881924     
                   96                   97  0.18015112342729930     
                   97                   96  0.18015108711767916     
                   97                   97 -0.63969778903686614     
                   97                   98  0.18015112384545462     
                   98                   97  0.18015109465861229     
                   98                   98 -0.63969778560377610     
                   98                   99  0.18015111973761161     
                   99                   98  0.18015109999552231     
                   99                   99 -0.63969778609178463     
                   99                  100  0.18015111391269292     
                  100                   99  0.18015110374667920     
                  100                  100 -0.63969778900499830     
                  100                  101  0.18015110724832251     
                  101                  100  0.18015110675725099     
                  101                  101 -0.63969779238420110     
                  101                  102  0.18015110085854794     
                  102                  101  0.18015111007656578     
                  102                  102 -0.63969779385064918     
                  102                  103  0.18015109607278498     
                  103                  102  0.18015111493282773     
                  103                  103 -0.63969779065396559     
                  103                  104  0.18015109441320670     
                  104                  103  0.18015112270536987     
                  104                  104 -0.63969777972352682     
                  104                  105  0.18015109757110342     
                  105                  104  0.18015113489443049     
                  105                  105 -0.63969775772267845     
                  105                  106  0.18015110738289103     
                  106                  105  0.18015115308831434     
                  106                  106 -0.63969772110507384     
                  106                  107  0.18015112580661191     
                  107                  106  0.18015117892746688     
                  107                  107 -0.63969766617232293     
                  107                  108  0.18015115490021016     
                  108                  107  0.18015121406453444     
                  108                  108 -0.63969758913198926     
                  108                  109  0.18015119680347622     
                  109                  108  0.18015126011847934     
                  109                  109 -0.63969748615471378     
                  109                  110  0.18015125372680685     
                  110                  109  0.18015131861906702     
                  110                  110 -0.63969735342879552     
                  110                  111  0.18015132795213754     
                  111                  110  0.18015139093477631     
                  111                  111 -0.63969718720973112     
                  111                  112  0.18015142185549252     
                  112                  111  0.18015147817112773     
                  112                  112 -0.63969698386073581     
                  112                  113  0.18015153796813640     
                  113                  112  0.18015158101251055     
                  113                  113 -0.63969673987690479     
                  113                  114  0.18015167911058469     
                  114                  113  0.18015169942589959     
                  114                  114 -0.63969645187310420     
                  114                  115  0.18015184870099624     
                  115                  114  0.18015183177054367     
                  115                  115 -0.63969611643301583     
                  115                  116  0.18015205179644037     
                  116                  115  0.18015196984903048     
                  116                  116 -0.63969572906358740     
                  116                  117  0.18015230108738209     
                  117                  116  0.18015206428279984     
                  117                  117 -0.63969527678423488     
                  117                  118  0.18015265893296525     
                  118                  117  0.18015180537675915     
                  118                  118 -0.63969469233267107     
                  118                  119  0.18015350229056964     
                  119                  118  0.18014957744887572     
                  119                  119 -0.63969364599366452     
                  119                  120  0.18015677655745976     
                  120                  119  0.18013962569688696     
                  120                  120 -0.63969105256456349     
                  120                  121  0.18016932173854941     
                  121                  120  0.21970462099337079     
                  121                  121 -0.78029537900662926     
