 #              _____________________  _______________________             #
 #              ___  __ \__  __ \_  / / /_  /___  ____/_  ___/             #
 #              __  / / /_  /_/ /  / / /_  __/_  __/  _____ \              #
 #              _  /_/ /_  _, _// /_/ / / /_ _  /___  ____/ /              #
 #              /_____/ /_/ |_| \____/  \__/ /_____/  /____/               #
 #                                                                         #
  
 DRUtES is initializing, reading input files
 ---------------------------------------------------------------
 11hrs : 15min : 06.283s  -  2021/11/11    total number of parallel images is:                    1
 ---------------------------------------------------------------
 11hrs : 15min : 06.284s  -  2021/11/11    reading input files and allocating...
 ---------------------------------------------------------------
 11hrs : 15min : 06.286s  -  2021/11/11    number of nodes:                   61 number of elements:                   60
 ---------------------------------------------------------------
 11hrs : 15min : 06.289s  -  2021/11/11    analyzing mesh structure...
 ---------------------------------------------------------------
 11hrs : 15min : 06.296s  -  2021/11/11    DRUtES solves coupled water and heat flow considering freezing and melting
 ---------------------------------------------------------------
 11hrs : 15min : 06.297s  -  2021/11/11    making output files for observation time
 ---------------------------------------------------------------
 11hrs : 15min : 06.318s  -  2021/11/11    go 4 solving
 ---------------------------------------------------------------
 11hrs : 15min : 06.378s  -  2021/11/11    current simulation time:   1.0000000000000000 total iteration count:                    1
 ---------------------------------------------------------------
 11hrs : 15min : 29.930s  -  2021/11/11    making output files for observation time
 ---------------------------------------------------------------
 11hrs : 15min : 49.551s  -  2021/11/11    making output files for observation time
 ---------------------------------------------------------------
 11hrs : 16min : 01.057s  -  2021/11/11    making output files for observation time
 ---------------------------------------------------------------
 11hrs : 16min : 41.425s  -  2021/11/11    making output files for observation time
 ---------------------------------------------------------------
 11hrs : 19min : 06.106s  -  2021/11/11    making output files for observation time
 ---------------------------------------------------------------
 11hrs : 19min : 06.415s  -  2021/11/11    # real elapsed CPU time =   4.0170000000000075 min
 ---------------------------------------------------------------
 11hrs : 19min : 06.424s  -  2021/11/11    minimal adjusted time step was   1.0000000000000000
 ---------------------------------------------------------------
 11hrs : 19min : 06.424s  -  2021/11/11    F I N I S H E D !!!!!
 ---------------------------------------------------------------
 11hrs : 19min : 06.829s  -  2021/11/11    Peak RAM  consumption on image                    1 was:                    0 kB
