 #              _____________________  _______________________             #
 #              ___  __ \__  __ \_  / / /_  /___  ____/_  ___/             #
 #              __  / / /_  /_/ /  / / /_  __/_  __/  _____ \              #
 #              _  /_/ /_  _, _// /_/ / / /_ _  /___  ____/ /              #
 #              /_____/ /_/ |_| \____/  \__/ /_____/  /____/               #
 #                                                                         #
  
 DRUtES is initializing, reading input files
 ---------------------------------------------------------------
 13hrs : 14min : 44.105s  -  2021/03/01    total number of parallel images is:                    1
 ---------------------------------------------------------------
 13hrs : 14min : 44.105s  -  2021/03/01    reading input files and allocating...
 ---------------------------------------------------------------
 13hrs : 14min : 44.107s  -  2021/03/01    number of nodes:                   61 number of elements:                   60
 ---------------------------------------------------------------
 13hrs : 14min : 44.111s  -  2021/03/01    analyzing mesh structure...
 ---------------------------------------------------------------
 13hrs : 14min : 44.116s  -  2021/03/01    DRUtES solves coupled water and heat flow considering freezing and melting
 ---------------------------------------------------------------
 13hrs : 14min : 44.117s  -  2021/03/01    making output files for observation time
 ---------------------------------------------------------------
 13hrs : 14min : 44.144s  -  2021/03/01    go 4 solving
 ---------------------------------------------------------------
 13hrs : 14min : 44.205s  -  2021/03/01    current simulation time:   1.0000000000000000 total iteration count:                    1
 ---------------------------------------------------------------
 13hrs : 16min : 53.970s  -  2021/03/01    making output files for observation time
 ---------------------------------------------------------------
 13hrs : 17min : 21.781s  -  2021/03/01    making output files for observation time
 ---------------------------------------------------------------
 13hrs : 17min : 34.801s  -  2021/03/01    making output files for observation time
 ---------------------------------------------------------------
 13hrs : 18min : 03.365s  -  2021/03/01    making output files for observation time
 ---------------------------------------------------------------
 13hrs : 19min : 52.257s  -  2021/03/01    making output files for observation time
 ---------------------------------------------------------------
 13hrs : 19min : 52.362s  -  2021/03/01    # real elapsed CPU time =   5.1338333333337989 min
 ---------------------------------------------------------------
 13hrs : 19min : 52.367s  -  2021/03/01    minimal adjusted time step was   4.2326726834630658E-002
 ---------------------------------------------------------------
 13hrs : 19min : 52.368s  -  2021/03/01    F I N I S H E D !!!!!
 ---------------------------------------------------------------
 13hrs : 19min : 52.396s  -  2021/03/01    Peak RAM  consumption on image                    1 was:                    0 kB
