 #              _____________________  _______________________             #
 #              ___  __ \__  __ \_  / / /_  /___  ____/_  ___/             #
 #              __  / / /_  /_/ /  / / /_  __/_  __/  _____ \              #
 #              _  /_/ /_  _, _// /_/ / / /_ _  /___  ____/ /              #
 #              /_____/ /_/ |_| \____/  \__/ /_____/  /____/               #
 #                                                                         #
  
 DRUtES is initializing, reading input files
 ---------------------------------------------------------------
 11hrs : 05min : 10.532s  -  2021/02/04    total number of parallel images is:                    1
 ---------------------------------------------------------------
 11hrs : 05min : 10.533s  -  2021/02/04    reading input files and allocating...
 ---------------------------------------------------------------
 11hrs : 05min : 10.535s  -  2021/02/04    number of nodes:                   61 number of elements:                   60
 ---------------------------------------------------------------
 11hrs : 05min : 10.540s  -  2021/02/04    analyzing mesh structure...
 ---------------------------------------------------------------
 11hrs : 05min : 10.546s  -  2021/02/04    DRUtES solves coupled water and heat flow considering freezing and melting
 ---------------------------------------------------------------
 11hrs : 05min : 10.547s  -  2021/02/04    making output files for observation time
 ---------------------------------------------------------------
 11hrs : 05min : 10.573s  -  2021/02/04    go 4 solving
 ---------------------------------------------------------------
 11hrs : 05min : 10.727s  -  2021/02/04    current simulation time:   1.0000000000000000 total iteration count:                    2
 ---------------------------------------------------------------
 11hrs : 05min : 45.447s  -  2021/02/04    making output files for observation time
 ---------------------------------------------------------------
 11hrs : 06min : 17.594s  -  2021/02/04    making output files for observation time
 ---------------------------------------------------------------
 11hrs : 06min : 36.332s  -  2021/02/04    making output files for observation time
 ---------------------------------------------------------------
 11hrs : 07min : 14.110s  -  2021/02/04    making output files for observation time
 ---------------------------------------------------------------
 11hrs : 08min : 42.530s  -  2021/02/04    making output files for observation time
 ---------------------------------------------------------------
 11hrs : 08min : 42.717s  -  2021/02/04    # real elapsed CPU time =   3.5336666666667345 min
 ---------------------------------------------------------------
 11hrs : 08min : 42.722s  -  2021/02/04    minimal adjusted time step was  0.91011600000000015
 ---------------------------------------------------------------
 11hrs : 08min : 42.723s  -  2021/02/04    F I N I S H E D !!!!!
 ---------------------------------------------------------------
 11hrs : 08min : 42.749s  -  2021/02/04    Peak RAM  consumption on image                    1 was:                    0 kB
