 #              _____________________  _______________________             #
 #              ___  __ \__  __ \_  / / /_  /___  ____/_  ___/             #
 #              __  / / /_  /_/ /  / / /_  __/_  __/  _____ \              #
 #              _  /_/ /_  _, _// /_/ / / /_ _  /___  ____/ /              #
 #              /_____/ /_/ |_| \____/  \__/ /_____/  /____/               #
 #                                                                         #
  
 DRUtES is initializing, reading input files
 ---------------------------------------------------------------
 15hrs : 57min : 20.919s  -  2021/02/03    total number of parallel images is:                    1
 ---------------------------------------------------------------
 15hrs : 57min : 20.920s  -  2021/02/03    reading input files and allocating...
 ---------------------------------------------------------------
 15hrs : 57min : 20.923s  -  2021/02/03    number of nodes:                   61 number of elements:                   60
 ---------------------------------------------------------------
 15hrs : 57min : 20.928s  -  2021/02/03    analyzing mesh structure...
 ---------------------------------------------------------------
 15hrs : 57min : 20.939s  -  2021/02/03    DRUtES solves coupled water and heat flow considering freezing and melting
 ---------------------------------------------------------------
 15hrs : 57min : 20.940s  -  2021/02/03    making output files for observation time
 ---------------------------------------------------------------
 15hrs : 57min : 20.959s  -  2021/02/03    go 4 solving
 ---------------------------------------------------------------
 15hrs : 57min : 21.050s  -  2021/02/03    current simulation time:   1.0000000000000000 total iteration count:                    2
 ---------------------------------------------------------------
 15hrs : 58min : 57.115s  -  2021/02/03    making output files for observation time
 ---------------------------------------------------------------
 16hrs : 00min : 00.569s  -  2021/02/03    making output files for observation time
 ---------------------------------------------------------------
 16hrs : 00min : 39.353s  -  2021/02/03    making output files for observation time
 ---------------------------------------------------------------
 16hrs : 01min : 43.966s  -  2021/02/03    making output files for observation time
 ---------------------------------------------------------------
 16hrs : 09min : 07.100s  -  2021/02/03    making output files for observation time
 ---------------------------------------------------------------
 16hrs : 09min : 07.299s  -  2021/02/03    # real elapsed CPU time =   11.767833333333328 min
 ---------------------------------------------------------------
 16hrs : 09min : 07.309s  -  2021/02/03    minimal adjusted time step was  0.30020698963045089
 ---------------------------------------------------------------
 16hrs : 09min : 07.310s  -  2021/02/03    F I N I S H E D !!!!!
 ---------------------------------------------------------------
 16hrs : 09min : 07.345s  -  2021/02/03    Peak RAM  consumption on image                    1 was:                    0 kB
