 #              _____________________  _______________________             #
 #              ___  __ \__  __ \_  / / /_  /___  ____/_  ___/             #
 #              __  / / /_  /_/ /  / / /_  __/_  __/  _____ \              #
 #              _  /_/ /_  _, _// /_/ / / /_ _  /___  ____/ /              #
 #              /_____/ /_/ |_| \____/  \__/ /_____/  /____/               #
 #                                                                         #
  
 DRUtES is initializing, reading input files
 ---------------------------------------------------------------
 17hrs : 34min : 20.065s  -  2021/01/04    total number of parallel images is:                    1
 ---------------------------------------------------------------
 17hrs : 34min : 20.066s  -  2021/01/04    reading input files and allocating...
 ---------------------------------------------------------------
 17hrs : 34min : 20.068s  -  2021/01/04    number of nodes:                   61 number of elements:                   60
 ---------------------------------------------------------------
 17hrs : 34min : 20.072s  -  2021/01/04    analyzing mesh structure...
 ---------------------------------------------------------------
 17hrs : 34min : 20.086s  -  2021/01/04    DRUtES solves coupled water and heat flow considering freezing and melting
 ---------------------------------------------------------------
 17hrs : 34min : 20.087s  -  2021/01/04    making output files for observation time
 ---------------------------------------------------------------
 17hrs : 34min : 20.105s  -  2021/01/04    go 4 solving
 ---------------------------------------------------------------
 17hrs : 34min : 20.205s  -  2021/01/04    current simulation time:   1.0000000000000000 total iteration count:                    2
 ---------------------------------------------------------------
 17hrs : 34min : 44.710s  -  2021/01/04    making output files for observation time
 ---------------------------------------------------------------
 17hrs : 35min : 39.468s  -  2021/01/04    making output files for observation time
 ---------------------------------------------------------------
 17hrs : 36min : 35.351s  -  2021/01/04    making output files for observation time
 ---------------------------------------------------------------
 17hrs : 38min : 55.443s  -  2021/01/04    making output files for observation time
 ---------------------------------------------------------------
 17hrs : 38min : 55.466s  -  2021/01/04    making output files for observation time
 ---------------------------------------------------------------
 17hrs : 38min : 55.559s  -  2021/01/04    # real elapsed CPU time =   4.6003333333333405 min
 ---------------------------------------------------------------
 17hrs : 38min : 55.567s  -  2021/01/04    minimal adjusted time step was  0.91011600000000015
 ---------------------------------------------------------------
 17hrs : 38min : 55.568s  -  2021/01/04    F I N I S H E D !!!!!
 ---------------------------------------------------------------
 17hrs : 38min : 55.592s  -  2021/01/04    Peak RAM  consumption on image                    1 was:                    0 kB
