                  121                  121                  545
                    1                    1  -2.5882185055497732E-012
                    1                    2   2.5882185055497732E-012
                    1                   62  -6.6501338178909908E-006
                    1                   63   3.2337780685844428E-010
                    2                    1   2.5882185055497732E-012
                    2                    2  -1.7960374785927540E-010
                    2                    3   1.7701552935372564E-010
                    2                   62   3.2337780685844428E-010
                    2                   63  -4.6616006701459092E-005
                    2                   64   1.9620188981559107E-008
                    3                    2   1.7701552935372564E-010
                    3                    3  -4.4618128472054220E-009
                    3                    4   4.2847973178516965E-009
                    3                   63   1.9620188981559107E-008
                    3                   64  -2.1597798335602794E-004
                    3                   65   3.5869593551628514E-007
                    4                    3   4.2847973178516965E-009
                    4                    4  -1.6830706419656649E-006
                    4                    5   1.6787858446478132E-006
                    4                   64   3.5869593551628514E-007
                    4                   65  -2.8208187917643087E-004
                    4                   66   3.5779945011489334E-005
                    5                    4   1.6787858446478132E-006
                    5                    5  -6.9298324892879269E-005
                    5                    6   4.2476199099201154E-005
                    5                   65   3.5779945011489334E-005
                    5                   66  -1.0578779867830811E-003
                    5                   67   2.9519521929044111E-004
                    6                    5   4.2476199099201154E-005
                    6                    6  -7.0062041556684916E-004
                    6                    7   6.1109831104526346E-005
                    6                   66   2.9519521929044111E-004
                    6                   67  -6.4526444511052157E-004
                    6                   68   6.7701527683705604E-005
                    7                    6   6.1109831104526346E-005
                    7                    7  -9.1049255850799771E-004
                    7                    8   6.3155351324736529E-005
                    7                   67   6.7701527683705604E-005
                    7                   68  -9.7223045425357039E-005
                    7                   69   4.7962013965880955E-007
                    8                    7   6.3155351324736529E-005
                    8                    8  -9.3057851077560263E-004
                    8                    9   6.3522078791291558E-005
                    8                   68   4.7962013965880955E-007
                    8                   69  -9.6731591062658092E-007
                    8                   70   4.8769577096777137E-007
                    9                    8   6.3522078791291558E-005
                    9                    9  -9.3089095453982910E-004
                    9                   10   6.3936376718993503E-005
                    9                   69   4.8769577096777137E-007
                    9                   70  -9.8380073052316853E-007
                    9                   71   4.9610495955539717E-007
                   10                    9   6.3936376718993503E-005
                   10                   10  -9.3148852236872018E-004
                   10                   11   6.4422661866094593E-005
                   10                   70   4.9610495955539717E-007
                   10                   71  -1.0010830003342335E-006
                   10                   72   5.0497804077883631E-007
                   11                   10   6.4422661866094593E-005
                   11                   11  -9.3242714207245124E-004
                   11                   12   6.4982745332227234E-005
                   11                   71   5.0497804077883631E-007
                   11                   72  -1.0193132999834546E-006
                   11                   73   5.1433525920461827E-007
                   12                   11   6.4982745332227234E-005
                   12                   12  -9.3368027699411557E-004
                   12                   13   6.5606232073467114E-005
                   12                   72   5.1433525920461827E-007
                   12                   73  -1.0384696103427923E-006
                   12                   74   5.2413435113817403E-007
                   13                   12   6.5606232073467114E-005
                   13                   13  -9.3518644895514754E-004
                   13                   14   6.6279420919746601E-005
                   13                   73   5.2413435113817403E-007
                   13                   74  -1.0584481469172472E-006
                   13                   75   5.3431379577907314E-007
                   14                   13   6.6279420919746601E-005
                   14                   14  -9.3688138783640002E-004
                   14                   15   6.6989923470239872E-005
                   14                   74   5.3431379577907314E-007
                   14                   75  -1.0791301289867582E-006
                   14                   76   5.4481633320768508E-007
                   15                   14   6.6989923470239872E-005
                   15                   15  -9.3871151942147833E-004
                   15                   16   6.7727982035816758E-005
                   15                   75   5.4481633320768508E-007
                   15                   76  -1.1004126546244247E-006
                   15                   77   5.5559632141673970E-007
                   16                   15   6.7727982035816758E-005
                   16                   16  -9.4063594380491974E-004
                   16                   17   6.8486223728668087E-005
                   16                   76   5.5559632141673970E-007
                   16                   77  -1.1222154006084202E-006
                   16                   78   5.6661907919168045E-007
                   17                   16   6.8486223728668087E-005
                   17                   17  -9.4262398973632064E-004
                   17                   18   6.9259012076985959E-005
                   17                   77   5.6661907919168045E-007
                   17                   78  -1.1444770470368536E-006
                   17                   79   5.7785796784517307E-007
                   18                   17   6.9259012076985959E-005
                   18                   18  -9.4465219887589474E-004
                   18                   19   7.0041882872233033E-005
                   18                   78   5.7785796784517307E-007
                   18                   79  -1.1671497040143061E-006
                   18                   80   5.8929173616913289E-007
                   19                   18   7.0041882872233033E-005
                   19                   19  -9.4670203388907666E-004
                   19                   20   7.0831165257595057E-005
                   19                   79   5.8929173616913289E-007
                   19                   80  -1.1901944516950155E-006
                   19                   81   6.0090271552588267E-007
                   20                   19   7.0831165257595057E-005
                   20                   20  -9.4875839736214065E-004
                   20                   21   7.1623749593868993E-005
                   20                   80   6.0090271552588267E-007
                   20                   81  -1.2135784314869052E-006
                   20                   82   6.1267571596102248E-007
                   21                   20   7.1623749593868993E-005
                   21                   21  -9.5080871115580767E-004
                   21                   22   7.2416944299222874E-005
                   21                   81   6.1267571596102248E-007
                   21                   82  -1.2372730669867061E-006
                   21                   83   6.2459735102568357E-007
                   22                   21   7.2416944299222874E-005
                   22                   22  -9.5284231995676927E-004
                   22                   23   7.3208380921340675E-005
                   22                   82   6.2459735102568357E-007
                   22                   83  -1.2612529437366150E-006
                   22                   84   6.3665559271093141E-007
                   23                   22   7.3208380921340675E-005
                   23                   23  -9.5485007273238319E-004
                   23                   24   7.3995945315013183E-005
                   23                   83   6.3665559271093141E-007
                   23                   84  -1.2854950403379607E-006
                   23                   85   6.4883944762702925E-007
                   24                   23   7.3995945315013183E-005
                   24                   24  -9.5682400729755666E-004
                   24                   25   7.4777724553922278E-005
                   24                   84   6.4883944762702925E-007
                   24                   85  -1.3099781516389989E-006
                   24                   86   6.6113870401196965E-007
                   25                   24   7.4777724553922278E-005
                   25                   25  -9.5875710320638145E-004
                   25                   26   7.5551965017682499E-005
                   25                   85   6.6113870401196965E-007
                   25                   86  -1.3346824324744049E-006
                   25                   87   6.7354372846243531E-007
                   26                   25   7.5551965017682499E-005
                   26                   26  -9.6064308644551281E-004
                   26                   27   7.6317039475229544E-005
                   26                   86   6.7354372846243531E-007
                   26                   87  -1.3595890317135522E-006
                   26                   88   6.8604530325111699E-007
                   27                   26   7.6317039475229544E-005
                   27                   27  -9.6247627645048867E-004
                   27                   28   7.7071421775561587E-005
                   27                   87   6.8604530325111699E-007
                   27                   88  -1.3846798021187327E-006
                   27                   89   6.9863449886761570E-007
                   28                   27   7.7071421775561587E-005
                   28                   28  -9.6425146828741076E-004
                   28                   29   7.7813667949283674E-005
                   28                   88   6.9863449886761570E-007
                   28                   89  -1.4099370759319613E-006
                   28                   90   7.1130257706434560E-007
                   29                   28   7.7813667949283674E-005
                   29                   29  -9.6596384360403984E-004
                   29                   30   7.8542402562613257E-005
                   29                   89   7.1130257706434560E-007
                   29                   90  -1.4353434965882784E-006
                   29                   91   7.2404091952393283E-007
                   30                   29   7.8542402562613257E-005
                   30                   30  -9.6760890443312974E-004
                   30                   31   7.9256309212502772E-005
                   30                   90   7.2404091952393283E-007
                   30                   91  -1.4608818966957141E-006
                   30                   92   7.3684097717178132E-007
                   31                   30   7.9256309212502772E-005
                   31                   31  -9.6918242452147946E-004
                   31                   32   7.9954124147061623E-005
                   31                   91   7.3684097717178132E-007
                   31                   92  -1.4865352125394491E-006
                   31                   93   7.4969423536766783E-007
                   32                   31   7.9954124147061623E-005
                   32                   32  -9.7068041360279939E-004
                   32                   33   8.0634632132637170E-005
                   32                   92   7.4969423536766783E-007
                   32                   93  -1.5122864260663299E-006
                   32                   94   7.6259219069866195E-007
                   33                   32   8.0634632132637170E-005
                   33                   33  -9.7209909086019993E-004
                   33                   34   8.1296663847934850E-005
                   33                   93   7.6259219069866195E-007
                   33                   94  -1.5381185264590535E-006
                   33                   95   7.7552633576039170E-007
                   34                   33   8.1296663847934850E-005
                   34                   34  -9.7343486464912478E-004
                   34                   35   8.1939094246830666E-005
                   34                   94   7.7552633576039170E-007
                   34                   95  -1.5640144848063279E-006
                   34                   96   7.8848814904593624E-007
                   35                   34   8.1939094246830666E-005
                   35                   35  -9.7468431630711306E-004
                   35                   36   8.2560841480552836E-005
                   35                   95   7.8848814904593624E-007
                   35                   96  -1.5899572368219861E-006
                   35                   97   8.0146908777604985E-007
                   36                   35   8.2560841480552836E-005
                   36                   36  -9.7584418652233752E-004
                   36                   37   8.3160866097849970E-005
                   36                   96   8.0146908777604985E-007
                   36                   97  -1.6159296699197556E-006
                   36                   98   8.1446058214370575E-007
                   37                   36   8.3160866097849970E-005
                   37                   37  -9.7691136325221825E-004
                   37                   38   8.3738170344799684E-005
                   37                   97   8.1446058214370575E-007
                   37                   98  -1.6419146121227564E-006
                   37                   99   8.2745402997905067E-007
                   38                   37   8.3738170344799684E-005
                   38                   38  -9.7788287057784529E-004
                   38                   39   8.4291797464036981E-005
                   38                   98   8.2745402997905067E-007
                   38                   99  -1.6678948212379749E-006
                   38                  100   8.4044079125892419E-007
                   39                   38   8.4291797464036981E-005
                   39                   39  -9.7875585816242804E-004
                   39                   40   8.4820830948682588E-005
                   39                   99   8.4044079125892419E-007
                   39                  100  -1.6938529734511645E-006
                   39                  101   8.5341218219224026E-007
                   40                   39   8.4820830948682588E-005
                   40                   40  -9.7952759117112204E-004
                   40                   41   8.5324393742915441E-005
                   40                  100   8.5341218219224026E-007
                   40                  101  -1.7197716510162349E-006
                   40                  102   8.6635946882399472E-007
                   41                   40   8.5324393742915441E-005
                   41                   41  -9.8019544062583649E-004
                   41                   42   8.5801647402917138E-005
                   41                  101   8.6635946882399472E-007
                   41                  102  -1.7456333290571649E-006
                   41                  103   8.7927386023317010E-007
                   42                   41   8.5801647402917138E-005
                   42                   42  -9.8075687423147947E-004
                   42                   43   8.6251791242858517E-005
                   42                  102   8.7927386023317010E-007
                   42                  103  -1.7714203617062404E-006
                   42                  104   8.9214650147307025E-007
                   43                   42   8.6251791242858517E-005
                   43                   43  -9.8120944773613921E-004
                   43                   44   8.6674061494057233E-005
                   43                  103   8.9214650147307025E-007
                   43                  104  -1.7971149679063057E-006
                   43                  105   9.0496846643323531E-007
                   44                   43   8.6674061494057233E-005
                   44                   44  -9.8155079689046148E-004
                   44                   45   8.7067730504217689E-005
                   44                  104   9.0496846643323531E-007
                   44                  105  -1.8226992172380810E-006
                   44                  106   9.1773075080484559E-007
                   45                   44   8.7067730504217689E-005
                   45                   45  -9.8177863006114604E-004
                   45                   46   8.7432105999814272E-005
                   45                  105   9.1773075080484559E-007
                   45                  106  -1.8481550161221792E-006
                   45                  107   9.3042426531733354E-007
                   46                   45   8.7432105999814272E-005
                   46                   46  -9.8189072153706970E-004
                   46                   47   8.7766530429761949E-005
                   46                  106   9.3042426531733354E-007
                   46                  107  -1.8734640947094093E-006
                   46                  108   9.4303982939207574E-007
                   47                   46   8.7766530429761949E-005
                   47                   47  -9.8188490554877196E-004
                   47                   48   8.8070380403392084E-005
                   47                  107   9.4303982939207574E-007
                   47                  108  -1.8986079947261011E-006
                   47                  109   9.5556816533402537E-007
                   48                   47   8.8070380403392084E-005
                   48                   48  -9.8175907100579501E-004
                   48                   49   8.8343066231097745E-005
                   48                  108   9.5556816533402537E-007
                   48                  109  -1.9235680584928441E-006
                   48                  110   9.6799989315881849E-007
                   49                   48   8.8343066231097745E-005
                   49                   49  -9.8151115694291961E-004
                   49                   50   8.8584031572048447E-005
                   49                  109   9.6799989315881849E-007
                   49                  110  -1.9483254192912604E-006
                   49                  111   9.8032552613244187E-007
                   50                   49   8.8584031572048447E-005
                   50                   50  -9.8113914865626635E-004
                   50                   51   8.8792753190248641E-005
                   50                  110   9.8032552613244187E-007
                   50                  111  -1.9728609932169392E-006
                   50                  112   9.9253546708449751E-007
                   51                   50   8.8792753190248641E-005
                   51                   51  -9.8064107450350079E-004
                   51                   52   8.8968740817827783E-005
                   51                  111   9.9253546708449751E-007
                   51                  112  -1.9971554726282896E-006
                   51                  113   1.0046200055437919E-006
                   52                   51   8.8968740817827783E-005
                   52                   52  -9.8001500333850643E-004
                   52                   53   8.9111537122822437E-005
                   52                  112   1.0046200055437919E-006
                   52                  113  -2.0211893212811530E-006
                   52                  114   1.0165693157373611E-006
                   53                   52   8.9111537122822437E-005
                   53                   53  -9.7925904254936628E-004
                   53                   54   8.9220717777578750E-005
                   53                  113   1.0165693157373611E-006
                   53                  114  -2.0449427712264233E-006
                   53                  115   1.0283734554890621E-006
                   54                   53   8.9220717777578750E-005
                   54                   54  -9.7837133666882131E-004
                   54                   55   8.9295891623242067E-005
                   54                  114   1.0283734554890621E-006
                   54                  115  -2.0683958215410689E-006
                   54                  116   1.0400223660520066E-006
                   55                   54   8.9295891623242067E-005
                   55                   55  -9.7735006652785688E-004
                   55                   56   8.9336700925421518E-005
                   55                  115   1.0400223660520066E-006
                   55                  116  -2.0915282389610880E-006
                   55                  117   1.0515058729090814E-006
                   56                   55   8.9336700925421518E-005
                   56                   56  -9.7619344892534089E-004
                   56                   57   8.9342821715916772E-005
                   56                  116   1.0515058729090814E-006
                   56                  117  -2.1143195604860801E-006
                   56                  118   1.0628136875769989E-006
                   57                   56   8.9342821715916772E-005
                   57                   57  -9.7489973678921427E-004
                   57                   58   8.9313964215288278E-005
                   57                  117   1.0628136875769989E-006
                   57                  118  -2.1367490980282344E-006
                   57                  119   1.0739354104512355E-006
                   58                   57   8.9313964215288278E-005
                   58                   58  -9.7346721980734268E-004
                   58                   59   8.9249873330948966E-005
                   58                  118   1.0739354104512355E-006
                   58                  119  -2.1587959451824522E-006
                   58                  120   1.0848605347312166E-006
                   59                   58   8.9249873330948966E-005
                   59                   59  -9.7189422550850993E-004
                   59                   60   8.9150329225307767E-005
                   59                  119   1.0848605347312166E-006
                   59                  120  -2.1804389861979043E-006
                   59                  121   1.0955784514666874E-006
                   60                   59   8.9150329225307767E-005
                   60                   60  -9.7017912077597629E-004
                   60                   61   8.9015147948313987E-005
                   60                  120   1.0955784514666874E-006
                   60                  121  -2.2016569072343982E-006
                   61                   60   8.9015147948313987E-005
                   61                   61  -4.8451050957327285E-004
                   61                  121   1.1060784557677108E-006
                   62                    1   118160.37031810444     
                   62                   62  -62752.487778407711     
                   62                   63   34992.231593293211     
                   63                    2   255241.07689004348     
                   63                   62   34992.231979205237     
                   63                   63  -235411.11597809987     
                   63                   64   32251.502621923319     
                   64                    3   270361.00217345875     
                   64                   63   32251.501439049338     
                   64                   64  -800824.17054158170     
                   64                   65   28870.966566482526     
                   65                    4   273000.72532989306     
                   65                   64   28870.895837056283     
                   65                   65  -893247.15308100765     
                   65                   66   21975.979037350531     
                   66                    5   253274.24481364567     
                   66                   65   21963.323743347428     
                   66                   66  -2502996.1435347293     
                   66                   67   11278.802003550660     
                   67                    6   172639.39184411147     
                   67                   66   11132.675878539110     
                   67                   67  -987862.14426884125     
                   67                   68   8961.1229064903619     
                   68                    7   37090.378466266397     
                   68                   67   8922.2236989548510     
                   68                   68  -128456.62001980633     
                   68                   69   8465.5287987539450     
                   69                   68   8465.4080924735517     
                   69                   69  -29765.033654225095     
                   69                   70   8462.8108215618176     
                   70                   69   8462.6611031515476     
                   70                   70  -29756.919166476793     
                   70                   71   8460.8571978879372     
                   71                   70   8460.6460796588799     
                   71                   71  -29751.815453643045     
                   71                   72   8459.9434888834439     
                   72                   71   8459.6610720484878     
                   72                   72  -29750.206197641070     
                   72                   73   8460.0358382942795     
                   73                   72   8459.6871367806234     
                   73                   73  -29751.752600611009     
                   73                   74   8460.9505863417671     
                   74                   73   8460.5464808484667     
                   74                   74  -29755.785624133336     
                   74                   75   8462.4763906766239     
                   75                   74   8462.0279474475246     
                   75                   75  -29761.627486597965     
                   75                   76   8464.4315847150538     
                   76                   75   8463.9478752531923     
                   76                   76  -29768.720927008111     
                   76                   77   8466.6768382467471     
                   77                   76   8466.1647465289625     
                   77                   77  -29776.643819186444     
                   77                   78   8469.1087183399413     
                   78                   77   8468.5734381740876     
                   78                   78  -29785.081518375482     
                   78                   79   8471.6495128228962     
                   79                   78   8471.0950869033604     
                   79                   79  -29793.795049914530     
                   79                   80   8474.2390564921097     
                   80                   79   8473.6687639777501     
                   80                   80  -29802.597347773946     
                   80                   81   8476.8293583843933     
                   81                   80   8476.2459551788415     
                   81                   81  -29811.337938051096     
                   81                   82   8479.3812710106340     
                   82                   81   8478.7871342480557     
                   82                   82  -29819.893355095508     
                   82                   83   8481.8623634234773     
                   83                   82   8481.2595832946572     
                   83                   83  -29828.160863968966     
                   83                   84   8484.2454540898234     
                   84                   83   8483.6358982483980     
                   84                   84  -29836.054014864720     
                   84                   85   8486.5075189995914     
                   85                   84   8485.8928817512551     
                   85                   85  -29843.499279956384     
                   85                   86   8488.6288414034698     
                   86                   85   8488.0106828983262     
                   86                   86  -29850.433420287642     
                   86                   87   8490.5923403212582     
                   87                   86   8489.9721179251628     
                   87                   87  -29856.801409365638     
                   87                   88   8492.3830430258859     
                   88                   87   8491.7621359826007     
                   88                   88  -29862.554809184170     
                   88                   89   8493.9876763495668     
                   89                   88   8493.3674045967709     
                   89                   89  -29867.650518174312     
                   89                   90   8495.3943549475589     
                   90                   89   8494.7759929543427     
                   90                   90  -29872.049819799580     
                   90                   91   8496.5923465503693     
                   91                   90   8495.9771330737804     
                   91                   91  -29875.717667228237     
                   91                   92   8497.5718963401669     
                   92                   91   8496.9610409811939     
                   92                   92  -29878.622147241349     
                   92                   93   8498.3240951408643     
                   93                   92   8497.7187825094352     
                   93                   93  -29880.734075479875     
                   93                   94   8498.8407789066750     
                   94                   93   8498.2421710954077     
                   94                   94  -29882.026684522345     
                   94                   95   8499.1144497647219     
                   95                   94   8498.5236877024363     
                   95                   95  -29882.475375274564     
                   95                   96   8499.1382113846685     
                   96                   95   8498.5564155096617     
                   96                   96  -29882.057510133680     
                   96                   97   8498.9057135920193     
                   97                   96   8498.3339841644211     
                   97                   97  -29880.752233034131     
                   97                   98   8498.4111028562311     
                   98                   97   8497.8505201251664     
                   98                   98  -29878.540306702656     
                   98                   99   8497.6489765804090     
                   99                   98   8497.1006009387256     
                   99                   99  -29875.403961323966     
                   99                  100   8496.6143400440396     
                  100                   99   8496.0792122405819     
                  100                  100  -29871.326751525026     
                  100                  101   8495.3025654627254     
                  101                  100   8494.7817068979675     
                  101                  101  -29866.293420349255     
                  101                  102   8493.7093530088678     
                  102                  101   8493.2037661107352     
                  102                  102  -29860.289769937459     
                  102                  103   8491.8306938373498     
                  103                  102   8491.3413624973491     
                  103                  103  -29853.302539165452     
                  103                  104   8489.6628352463031     
                  104                  103   8489.1907252879482     
                  104                  104  -29845.319288681123     
                  104                  105   8487.2022481128388     
                  105                  104   8486.7483077624838     
                  105                  105  -29836.328293769475     
                  105                  106   8484.4455967143931     
                  106                  105   8484.0107570462151     
                  106                  106  -29826.318445349414     
                  106                  107   8481.3897109946956     
                  107                  106   8480.9748863254572     
                  107                  107  -29815.279159239042     
                  107                  108   8478.0315612843315     
                  108                  107   8477.6376494980996     
                  108                  108  -29803.200293657330     
                  108                  109   8474.3682354357934     
                  109                  108   8473.9961182234874     
                  109                  109  -29790.072074783042     
                  109                  110   8470.3969182963901     
                  110                  109   8470.0474612991893     
                  110                  110  -29775.885030078243     
                  110                  111   8466.1148734143262     
                  111                  110   8465.7889262635908     
                  111                  111  -29760.629929005023     
                  111                  112   8461.5194268576433     
                  112                  111   8461.2178231067028     
                  112                  112  -29744.297730717895     
                  112                  113   8456.6079530149873     
                  113                  112   8456.3315099603242     
                  113                  113  -29726.879538296140     
                  113                  114   8451.3778622495520     
                  114                  113   8451.1273806403260     
                  114                  114  -29708.366559084054     
                  114                  115   8445.8265902792828     
                  115                  114   8445.6028539150866     
                  115                  115  -29688.750070725837     
                  115                  116   8439.9515891656683     
                  116                  115   8439.7553643830124     
                  116                  116  -29668.021392511415     
                  116                  117   8433.7503198032409     
                  117                  116   8433.5823548515655     
                  117                  117  -29646.171861685114     
                  117                  118   8427.2202458130196     
                  118                  117   8427.0812701211398     
                  118                  118  -29623.192814405698     
                  118                  119   8420.3588287540533     
                  119                  118   8420.2495520881548     
                  119                  119  -29599.075571083427     
                  119                  120   8413.1635245777961     
                  120                  119   8413.0846360921132     
                  120                  120  -29573.811425852728     
                  120                  121   8405.6317812584421     
                  121                  120   8405.5839484400421     
                  121                  121  -29547.391639969821     
