 #              _____________________  _______________________             #
 #              ___  __ \__  __ \_  / / /_  /___  ____/_  ___/             #
 #              __  / / /_  /_/ /  / / /_  __/_  __/  _____ \              #
 #              _  /_/ /_  _, _// /_/ / / /_ _  /___  ____/ /              #
 #              /_____/ /_/ |_| \____/  \__/ /_____/  /____/               #
 #                                                                         #
  
 DRUtES is initializing, reading input files
 ---------------------------------------------------------------
 15hrs : 43min : 34.801s  -  2021/02/03    total number of parallel images is:                    1
 ---------------------------------------------------------------
 15hrs : 43min : 34.802s  -  2021/02/03    reading input files and allocating...
 ---------------------------------------------------------------
 15hrs : 43min : 34.805s  -  2021/02/03    number of nodes:                   61 number of elements:                   60
 ---------------------------------------------------------------
 15hrs : 43min : 34.809s  -  2021/02/03    analyzing mesh structure...
 ---------------------------------------------------------------
 15hrs : 43min : 34.818s  -  2021/02/03    DRUtES solves coupled water and heat flow considering freezing and melting
 ---------------------------------------------------------------
 15hrs : 43min : 34.819s  -  2021/02/03    making output files for observation time
 ---------------------------------------------------------------
 15hrs : 43min : 34.838s  -  2021/02/03    go 4 solving
 ---------------------------------------------------------------
 15hrs : 43min : 34.931s  -  2021/02/03    current simulation time:   1.0000000000000000 total iteration count:                    2
 ---------------------------------------------------------------
 15hrs : 46min : 04.271s  -  2021/02/03    making output files for observation time
 ---------------------------------------------------------------
 15hrs : 48min : 49.730s  -  2021/02/03    making output files for observation time
 ---------------------------------------------------------------
 15hrs : 49min : 13.393s  -  2021/02/03    making output files for observation time
 ---------------------------------------------------------------
 15hrs : 50min : 01.499s  -  2021/02/03    making output files for observation time
 ---------------------------------------------------------------
 15hrs : 53min : 44.452s  -  2021/02/03    making output files for observation time
 ---------------------------------------------------------------
 15hrs : 53min : 44.555s  -  2021/02/03    # real elapsed CPU time =   10.167666666666689 min
 ---------------------------------------------------------------
 15hrs : 53min : 44.563s  -  2021/02/03    minimal adjusted time step was  0.17077431688924288
 ---------------------------------------------------------------
 15hrs : 53min : 44.563s  -  2021/02/03    F I N I S H E D !!!!!
 ---------------------------------------------------------------
 15hrs : 53min : 44.590s  -  2021/02/03    Peak RAM  consumption on image                    1 was:                    0 kB
