 #              _____________________  _______________________             #
 #              ___  __ \__  __ \_  / / /_  /___  ____/_  ___/             #
 #              __  / / /_  /_/ /  / / /_  __/_  __/  _____ \              #
 #              _  /_/ /_  _, _// /_/ / / /_ _  /___  ____/ /              #
 #              /_____/ /_/ |_| \____/  \__/ /_____/  /____/               #
 #                                                                         #
  
 DRUtES is initializing, reading input files
 ---------------------------------------------------------------
 10hrs : 42min : 59.570s  -  2021/02/04    total number of parallel images is:                    1
 ---------------------------------------------------------------
 10hrs : 42min : 59.571s  -  2021/02/04    reading input files and allocating...
 ---------------------------------------------------------------
 10hrs : 42min : 59.574s  -  2021/02/04    number of nodes:                   61 number of elements:                   60
 ---------------------------------------------------------------
 10hrs : 42min : 59.579s  -  2021/02/04    analyzing mesh structure...
 ---------------------------------------------------------------
 10hrs : 42min : 59.590s  -  2021/02/04    DRUtES solves coupled water and heat flow considering freezing and melting
 ---------------------------------------------------------------
 10hrs : 42min : 59.590s  -  2021/02/04    making output files for observation time
 ---------------------------------------------------------------
 10hrs : 42min : 59.609s  -  2021/02/04    go 4 solving
 ---------------------------------------------------------------
 10hrs : 42min : 59.705s  -  2021/02/04    current simulation time:   1.0000000000000000 total iteration count:                    2
 ---------------------------------------------------------------
 10hrs : 43min : 40.401s  -  2021/02/04    making output files for observation time
 ---------------------------------------------------------------
 10hrs : 44min : 45.041s  -  2021/02/04    making output files for observation time
 ---------------------------------------------------------------
 10hrs : 45min : 33.674s  -  2021/02/04    making output files for observation time
 ---------------------------------------------------------------
 10hrs : 46min : 37.190s  -  2021/02/04    making output files for observation time
 ---------------------------------------------------------------
 10hrs : 48min : 29.779s  -  2021/02/04    making output files for observation time
 ---------------------------------------------------------------
 10hrs : 48min : 29.880s  -  2021/02/04    # real elapsed CPU time =   5.5171666666668902 min
 ---------------------------------------------------------------
 10hrs : 48min : 29.886s  -  2021/02/04    minimal adjusted time step was  0.81000000000000005
 ---------------------------------------------------------------
 10hrs : 48min : 29.887s  -  2021/02/04    F I N I S H E D !!!!!
 ---------------------------------------------------------------
 10hrs : 48min : 29.917s  -  2021/02/04    Peak RAM  consumption on image                    1 was:                    0 kB
