 #              _____________________  _______________________             #
 #              ___  __ \__  __ \_  / / /_  /___  ____/_  ___/             #
 #              __  / / /_  /_/ /  / / /_  __/_  __/  _____ \              #
 #              _  /_/ /_  _, _// /_/ / / /_ _  /___  ____/ /              #
 #              /_____/ /_/ |_| \____/  \__/ /_____/  /____/               #
 #                                                                         #
  
 DRUtES is initializing, reading input files
 ---------------------------------------------------------------
 16hrs : 00min : 15.575s  -  2020/12/09    total number of parallel images is:                    1
 ---------------------------------------------------------------
 16hrs : 00min : 15.588s  -  2020/12/09    reading input files and allocating...
 ---------------------------------------------------------------
 16hrs : 00min : 15.614s  -  2020/12/09    number of nodes:                   61 number of elements:                   60
 ---------------------------------------------------------------
 16hrs : 00min : 15.628s  -  2020/12/09    analyzing mesh structure...
 ---------------------------------------------------------------
 16hrs : 00min : 15.633s  -  2020/12/09    DRUtES solves coupled water and heat flow considering freezing and melting
 ---------------------------------------------------------------
 16hrs : 00min : 15.633s  -  2020/12/09    making output files for observation time
 ---------------------------------------------------------------
 16hrs : 00min : 15.650s  -  2020/12/09    go 4 solving
 ---------------------------------------------------------------
 16hrs : 00min : 15.748s  -  2020/12/09    current simulation time:   1.0000000000000000 total iteration count:                    2
 ---------------------------------------------------------------
 16hrs : 00min : 26.324s  -  2020/12/09    making output files for observation time
 ---------------------------------------------------------------
 16hrs : 00min : 36.364s  -  2020/12/09    making output files for observation time
 ---------------------------------------------------------------
 16hrs : 00min : 47.528s  -  2020/12/09    making output files for observation time
 ---------------------------------------------------------------
 16hrs : 01min : 03.304s  -  2020/12/09    making output files for observation time
 ---------------------------------------------------------------
 16hrs : 01min : 03.332s  -  2020/12/09    making output files for observation time
 ---------------------------------------------------------------
 16hrs : 01min : 03.486s  -  2020/12/09    # real elapsed CPU time =   48.000000000000000 s
 ---------------------------------------------------------------
 16hrs : 01min : 03.491s  -  2020/12/09    minimal adjusted time step was  0.91011600000000015
 ---------------------------------------------------------------
 16hrs : 01min : 03.491s  -  2020/12/09    F I N I S H E D !!!!!
 ---------------------------------------------------------------
 16hrs : 01min : 03.517s  -  2020/12/09    Peak RAM  consumption on image                    1 was:                    0 kB
