 #              _____________________  _______________________             #
 #              ___  __ \__  __ \_  / / /_  /___  ____/_  ___/             #
 #              __  / / /_  /_/ /  / / /_  __/_  __/  _____ \              #
 #              _  /_/ /_  _, _// /_/ / / /_ _  /___  ____/ /              #
 #              /_____/ /_/ |_| \____/  \__/ /_____/  /____/               #
 #                                                                         #
  
 #        time                      T            heat flux [W.L-2]   in    x              directions   cumulative flux
 #-----------------------------------------------------------------------------------------------

   0.0000000000000000        10.000000000000000       -0.0000000000000000        0.0000000000000000     
   1.0000000000000000        9.4274556195231192       -176.56559877024213        176.56559877024213     
   1.9540000000000002        8.9268228575785731       -326.21858678896587        502.78418555920803     
   2.8641160000000001        8.4866162678494277       -453.71419706435529        956.49838262356332     
   3.8288389600000006        8.0564561600989109       -574.01002658813536        1530.5084092116986     
   4.8514452976000007        7.6372509786700205       -686.74125638408759        2217.2496655957862     
   5.9354080154560007        7.2297753673621896       -791.61925239327184        3008.8689179890580     
   7.0844084963833609        6.8346566279220111       -888.43734976985286        3897.3062677589110     
   8.3023490061663630        6.4523644068963950       -977.07484324310008        4874.3811110020106     
   9.5933659465363448        6.0832041517021880       -1057.4989375572127        5931.8800485592237     
   10.961843903328527        5.7273147559138806       -1129.7644800332050        7061.6445285924292     
   12.412430537528239        5.3846706560514592       -1194.0113830824525        8255.6559116748813     
   13.950052369779934        5.0550884533380165       -1250.4597446559396        9506.1156563308214     
   15.579931511966731        4.7382379232733456       -1299.4027839860960        10805.518440316917     
   17.307603402684734        4.4336570559762167       -1341.1978218198244        12146.716262136741     
   19.138935606845820        4.1407705562119057       -1376.2556406950616        13522.971902831803     
   21.080147743256571        3.8589110404451539       -1405.0286531292143        14928.000555961018     
   23.137832607851966        3.5873420157200790       -1427.9983755297092        16355.998931490727     
   25.318978564323086        3.3252816264549843       -1445.6627460075506        17801.661677498276     
   27.630993278182473        3.0719261215088207       -1458.5238299571190        19260.185507455393     
   30.081728874873424        2.8264720309902649       -1467.0764260429876        20727.261933498379     
   32.679508607365833        2.5881361495929305       -1471.7980183520322        22199.059951850410     
   35.433155123807786        2.3561725930797670       -1473.1404228059414        23672.200374656350     
   38.352020431236255        2.1298864125782959       -1471.5233557033346        25143.723730359685     
   41.446017657110431        1.9086434979119160       -1467.3300202463611        26611.053750606046     
   44.725654716537058        1.6918767534157566       -1460.9046752350794        28071.958425841127     
   48.202069999529286        1.4790887642533619       -1452.5520308045657        29524.510456645694     
   51.887070199501046        1.2698513673284211       -1442.5382195274490        30967.048676173144     
   55.793170411471110        1.0638026827699221       -1431.0930248528773        32398.141701026023     
   59.933636636159378       0.86064224100126863       -1418.4130163036677        33816.554717329687     
   64.322530834328944       0.66012485580740066       -1404.6652415596900        35221.219958889378     
   68.974758684388689       0.46205385230276663       -1389.9911551582718        36611.211114047648     
   73.906120205452012       0.26627417294902822       -1374.5105147807938        37985.721628828440     
   79.133363417779137        7.2665771042846883E-002  -1358.3250401071100        39344.046668935553     
   84.674241222845893      -0.11886242346586373       -1341.6438823444867        40685.690551280037     
   90.547571696216650      -0.30837780089735345       -1324.4262566040700        42010.116807884107     
   96.773301997989648      -0.49592857005393887       -1306.8611872424656        43316.977995126574     
   103.37257611786903      -0.66192842254712159       -1283.8486051546931        44600.826600281267     
   110.36780668494117      -0.82845017450889602       -1262.2654131896313        45863.092013470901     
   117.78275108603765      -0.99316543011189440       -1241.5438009345733        47104.635814405476     
   125.64259215119992       -1.1517963219761234       -1220.7830303658941        48325.418844771368     
   133.97402368027193       -1.2991118693147368       -1198.8651805494053        49524.284025320776     
   142.80534110108826       -1.4308862802739080       -1174.7187580141863        50699.002783334960     
   152.16653756715357       -1.5458573064118677       -1147.8138793956944        51846.816662730656     
   162.08940582118279       -1.6459323974359057       -1118.4779548749400        52965.294617605599     
   172.60764617045376       -1.6839358406627940       -1068.7204644834942        54034.015082089092     
   183.75698094068099       -1.7646050107334514       -1036.1118720784880        55070.126954167579     
   194.90631571090822       -1.7971644751613427       -992.23672768476843        56062.363681852345     
   206.72461056734909       -1.8372835896104955       -954.44493294301969        57016.808614795365     
   219.25200311517639       -1.8828050689317244       -921.14326867646150        57937.951883471826     
   232.53103921587336       -1.9328368097867983       -891.61881890077552        58829.570702372599     
   246.60681748261214       -1.9871770801346003       -865.70535827751428        59695.276060650111     
   261.52714244535525       -2.0460626733165017       -843.62927216298488        60538.905332813098     
   277.34268690586293       -2.1099501698885206       -825.85450326217494        61364.759836075275     
   294.10716403400107       -2.1791894151618747       -812.82625861115446        62177.586094686427     
   311.87750978982751       -2.2509227141038295       -800.59167364089706        62978.177768327325     
   330.71407629100355       -2.3260884732834475       -803.38241066133980        63781.560178988664     
   350.68083678225014       -2.4031715878353848       -811.89830903673737        64593.458488025404     
   371.84560290297151       -2.4802244502075039       -816.75686834170369        65410.215356367109     
   394.28025499093616       -2.5876050420501326       -794.22222078483844        66204.437577151941     
   418.06098620417873       -2.7233039647572839       -790.68620805109526        66995.123785203032     
   443.26856129021581       -2.7845872585714897       -768.10848744488703        67763.232272647918     
   469.98859088141512       -2.8549953479922952       -759.25128254309971        68522.483555191022     
   498.31182224808640       -2.9339500846597284       -759.46409298179162        69281.947648172820     
   528.33444749675800       -3.0240075893430847       -771.85952273348721        70053.807170906308     
   560.15843026034986       -3.1233600677187918       -791.47908415514200        70845.286255061452     
   593.89185198975724       -3.2280599883747714       -815.51766211816289        71660.803917179612     
   629.64927902292902       -3.3345970737657264       -838.55835884757448        72499.362276027183     
   667.55215167809115       -3.5079625520548703       -866.26369052366351        73365.625966550841     
   707.72919669256305       -3.6194984245937563       -874.24150310873438        74239.867469659570     
   750.31686440790327       -3.7413935225208168       -887.27152765243159        75127.138997311995     
   795.45979218616390       -3.8627599612125683       -899.23919932697027        76026.378196638965     
   843.31129563112017       -3.9943591275154517       -917.61851758223190        76943.996714221197     
   894.03388928277377       -4.1241543209835161       -935.13806718457238        77879.134781405766     
   947.79983855352657       -4.2572021173444261       -945.19197767882656        78824.326759084594     
   1004.7917447805246       -4.3838773207202077       -938.70828415555479        79763.035043240146     
   1065.2031653811425       -4.4776184898679272       -930.97896104463518        80694.014004284778     
   1129.2392712177975       -4.5736662253916904       -913.77935283625391        81607.793357121031     
   1197.1175434046518       -4.6871173286551446       -890.67152810177549        82498.464885222813     
   1269.0685119227173       -4.7865441151464223       -871.93030013718715        83370.395185360001     
   1345.3365385518669       -4.8889137587097622       -852.14693762786919        84222.542122987870     
   1426.1806467787653       -5.0300018383527139       -826.17643861555075        85048.718561603426     
   1511.8754014992776       -5.1529402729933222       -802.84047293342326        85851.559034536855     
   1602.7118415030207       -5.2788752143979920       -781.17446900842037        86632.733503545271     
   1693.5482815067637       -5.3937195147199155       -758.67641942854164        87391.409922973806     
   1789.8349079107313       -5.5150102985900418       -739.05423876119676        88130.464161734999     
   1891.8987318989371       -5.6248425680245013       -721.09950208282999        88851.563663817826     
   2000.0863853264352       -5.7200081530773295       -704.50369008588245        89556.067353903709     
   2114.7652979595832       -5.8186406099286270       -688.81812335855125        90244.885477262258     
   2236.3249453507201       -5.9059343667660507       -673.43103494385491        90918.316512206118     
   2365.1781715853253       -6.0144985140948855       -658.24438989219038        91576.560902098310     
   2501.7625913940069       -6.1398838561905356       -639.63302822721448        92216.193930325520     
   2646.5420763912093       -6.2348608072438445       -621.03621332770638        92837.230143653229     
   2800.0083304882437       -6.3360498088293964       -605.45296269668609        93442.683106349912     
   2962.6825598311002       -6.4275840663910921       -589.53101715624246        94032.214123506157     
   3135.1172429345279       -6.5154411808084518       -574.93421706919776        94607.148340575353     
   3317.8980070241614       -6.5938437586970631       -561.10170337967020        95168.250043955020     
   3511.6456169591729       -6.6924696311164462       -547.79753733109089        95716.047581286111     
   3705.3932268941844       -6.7668400942710951       -532.52204384931804        96248.569625135424     
   3905.3932268941844       -6.8462995656074348       -520.29410050729962        96768.863725642717     
   4105.3932268941844       -6.9160157824417325       -507.77963129887382        97276.643356941597     
   4305.3932268941844       -6.9842339011991417       -496.46544100649106        97773.108797948094     
   4505.3932268941844       -7.0462391983426880       -485.55543902669569        98258.664236974786     
   4705.3932268941844       -7.1021087847604889       -475.67872593174940        98734.342962906536     
   4905.3932268941844       -7.1600652316207682       -466.57164084227725        99200.914603748810     
   5105.3932268941844       -7.2177128026545176       -457.14760121585562        99658.062204964663     
   5305.3932268941844       -7.2661207211907790       -448.05967530042608        100106.12188026508     
   5505.3932268941844       -7.3133743178468675       -440.26907875240153        100546.39095901749     
   5705.3932268941844       -7.3568571603836208       -432.71568976985111        100979.10664878733     
   5905.3932268941844       -7.3986194280060342       -425.71249338328050        101404.81914217061     
   6105.3932268941844       -7.4384866463119828       -419.00318606871826        101823.82232823933     
   6305.3932268941844       -7.4771403881363243       -412.57731234206642        102236.39964058140     
   6505.3932268941844       -7.5157534936567867       -406.31608891989862        102642.71572950129     
   6705.3932268941844       -7.5536386001271953       -400.07834259017426        103042.79407209146     
   6905.3932268941844       -7.5876586665809587       -394.05200365329523        103436.84607574476     
   7105.3932268941844       -7.6200223351136120       -388.60133701323571        103825.44741275800     
   7305.3932268941844       -7.6502733692776257       -383.42114680617954        104208.86855956419     
   7505.3932268941844       -7.6805261307461041       -378.52427186996408        104587.39283143415     
   7705.3932268941844       -7.7094693137020602       -373.66041636396301        104961.05324779810     
   7905.3932268941844       -7.7381053409362011       -368.98701815970355        105330.04026595781     
   8105.3932268941844       -7.7656464094268181       -364.38238700000932        105694.42265295782     
   8305.3932268941844       -7.7927395343235712       -359.93882332632614        106054.36147628415     
   8505.3932268941844       -7.8190251738458487       -355.57760069089113        106409.93907697503     
   8705.3932268941844       -7.8435090134241134       -351.37560175515119        106761.31467873018     
   8905.3932268941844       -7.8667589864129219       -347.45352242114029        107108.76820115132     
   9105.3932268941844       -7.8887677623371619       -343.72821193651640        107452.49641308784     
   9305.3932268941844       -7.9104707644834207       -340.17737588840106        107792.67378897624     
   9505.3932268941844       -7.9314892421701870       -336.68475521740595        108129.35854419364     
   9705.3932268941844       -7.9519899681617252       -333.30086655997502        108462.65941075362     
   9905.3932268941844       -7.9718571424898261       -330.00352968883658        108792.66294044246     
   10105.393226894184       -7.9914087550123742       -326.79972502601646        109119.46266546848     
   10305.393226894184       -8.0106445721973820       -323.64656099743593        109443.10922646592     
   10505.393226894184       -8.0295732446574100       -320.54450720042871        109763.65373366635     
   10705.393226894184       -8.0476194798098479       -317.50866869686496        110081.16240236322     
   10905.393226894184       -8.0649470480702661       -314.61274658000713        110395.77514894323     
   11105.393226894184       -8.0815186741647906       -311.83310173330199        110707.60825067652     
   11305.393226894184       -8.0977513234058023       -309.16396553123474        111016.77221620776     
   11505.393226894184       -8.1138009118143497       -306.54450880283849        111323.31672501059     
   11705.393226894184       -8.1295686562013145       -303.95743624981731        111627.27416126041     
   11905.393226894184       -8.1451366724653216       -301.41483456037457        111928.68899582079     
   12105.393226894184       -8.1603158652805696       -298.90892035038388        112227.59791617117     
   12305.393226894184       -8.1751839869845355       -296.46458354754486        112524.06249971871     
   12505.393226894184       -8.1897109957794108       -294.07115162385350        112818.13365134256     
   12705.393226894184       -8.2039426564673317       -291.73161295390304        113109.86526429646     
   12905.393226894184       -8.2180001601192103       -289.43661227936366        113399.30187657582     
   13105.393226894184       -8.2315337067030558       -287.17908238124471        113686.48095895707     
   13305.393226894184       -8.2446027828335584       -285.00590653258979        113971.48686548966     
   13505.393226894184       -8.2572582268239909       -282.90592040643872        114254.39278589610     
   13705.393226894184       -8.2696843279771421       -280.86729143357087        114535.26007732967     
   13905.393226894184       -8.2818460102923463       -278.86666464650807        114814.12674197619     
   14105.393226894184       -8.2937775568233469       -276.90824896084479        115091.03499093703     
   14305.393226894184       -8.3055717525533055       -274.98425757607009        115366.01924851310     
   14505.393226894184       -8.3171559452913755       -273.08417193609932        115639.10342044920     
   14705.393226894184       -8.3285317894051030       -271.21856368879190        115910.32198413799     
   14905.393226894184       -8.3396686399806743       -269.38737244330258        116179.70935658130     
   15105.393226894184       -8.3505850922513964       -267.59430400663467        116447.30366058793     
   15305.393226894184       -8.3613588947098005       -265.83476050520471        116713.13842109314     
   15505.393226894184       -8.3718376048448366       -264.10224394548021        116977.24066503863     
   15705.393226894184       -8.3820268627295675       -262.41790817675633        117239.65857321538     
   15905.393226894184       -8.3919350552765000       -260.77990263418280        117500.43847584956     
   16105.393226894184       -8.4016536251257392       -259.18463860181578        117759.62311445137     
   16305.393226894184       -8.4112341539631927       -257.61855365119123        118017.24166810256     
   16505.393226894186       -8.4206706140542451       -256.07490954507301        118273.31657764764     
   16705.393226894186       -8.4299912068273848       -254.55398088778787        118527.87055853543     
   16905.393226894186       -8.4392223527156975       -253.05083461773435        118780.92139315317     
   17105.393226894186       -8.4483198480001498       -251.56337082463381        119032.48476397780     
   17305.393226894186       -8.4572582510745669       -250.09847937292588        119282.58324335073     
   17505.393226894186       -8.4660151105975849       -248.65987407260025        119531.24311742334     
   17705.393226894186       -8.4746206196823923       -247.24978122668045        119778.49289865002     
   17905.393226894186       -8.4831024561279946       -245.86331923817957        120024.35621788820     
   18105.393226894186       -8.4913972343518740       -244.49855847482701        120268.85477636302     
   18305.393226894186       -8.4994893120491763       -243.16473894094588        120512.01951530397     
   18505.393226894186       -8.5073793048404305       -241.86355443485093        120753.88306973882     
   18705.393226894186       -8.5151109631603639       -240.59375420193584        120994.47682394076     
   18905.393226894186       -8.5227204481325174       -239.34850626282264        121233.82533020357     
   19105.393226894186       -8.5302398645659672       -238.12208497931405        121471.94741518289     
   19305.393226894186       -8.5376884373558948       -236.90968140676884        121708.85709658967     
   19505.393226894186       -8.5450735145237271       -235.70853561879721        121944.56563220847     
   19705.393226894186       -8.5523996040840249       -234.51751055089724        122179.08314275937     
   19905.393226894186       -8.5596321020872885       -233.33698274500642        122412.42012550437     
   20105.393226894186       -8.5667477850691078       -232.17234775558799        122644.59247325997     
   20305.393226894186       -8.5737274511685708       -231.02710462402487        122875.61957788399     
   20505.393226894186       -8.5805870150435517       -229.90340500995117        123105.52298289395     
   20705.393226894186       -8.5873437597494071       -228.79858915890432        123334.32157205285     
   20905.393226894186       -8.5940146053169890       -227.70990813848618        123562.03148019133     
   21105.393226894186       -8.6005715621141263       -226.63587718185227        123788.66735737318     
   21305.393226894186       -8.6070051826858140       -225.58061451002320        124014.24797188320     
   21505.393226894186       -8.6133112804794507       -224.54535175797309        124238.79332364118     
   21705.393226894186       -8.6195064119104661       -223.53021956844316        124462.32354320963     
   21905.393226894186       -8.6256059789378003       -222.53257639827606        124684.85611960790     
   22105.393226894186       -8.6316260974211918       -221.54991428695607        124906.40603389485     
   22305.393226894186       -8.6375842169183716       -220.57959463037940        125126.98562852523     
   22505.393226894186       -8.6434885077011199       -219.61906524033324        125346.60469376556     
   22705.393226894186       -8.6493428977024323       -218.66711976708370        125565.27181353264     
   22905.393226894186       -8.6551299641628656       -217.72372006971722        125782.99553360236     
   23105.393226894186       -8.6608340253221279       -216.79169048063983        125999.78722408299     
   23305.393226894186       -8.6664411196204494       -215.87345297115368        126215.66067705414     
   23505.393226894186       -8.6719559441090102       -214.97075577940413        126430.63143283354     
   23705.393226894186       -8.6773883408296353       -214.08267123686272        126644.71410407040     
   23905.393226894186       -8.6827503512878579       -213.20756082005786        126857.92166489045     
   24105.393226894186       -8.6880491222594269       -212.34362138365503        127070.26528627411     
   24305.393226894186       -8.6932744296558955       -211.49017350037590        127281.75545977449     
   24505.393226894186       -8.6984194655299145       -210.64882864396367        127492.40428841846     
   24705.393226894186       -8.7034798976460177       -209.82055406055832        127702.22484247902     
   24905.393226894186       -8.7084609111810281       -209.00579838612359        127911.23064086513     
   25105.393226894186       -8.7133693157006853       -208.20367775206216        128119.43431861719     
   25305.393226894186       -8.7182178116237310       -207.41292979597324        128326.84724841316     
   25505.393226894186       -8.7230173147601544       -206.63154011621302        128533.47878852938     
   25705.393226894186       -8.7277737429834783       -205.85790510107535        128739.33669363045     
   25905.393226894186       -8.7324882954113683       -205.09119365729401        128944.42788728775     
   26105.393226894186       -8.7371608787907018       -204.33125224820736        129148.75913953595     
   26305.393226894186       -8.7417818504682607       -203.57835729033721        129352.33749682628     
   26505.393226894186       -8.7463413351481041       -202.83409980382720        129555.17159663011     
   26705.393226894186       -8.7508300869879072       -202.10002839064504        129757.27162502076     
   26905.393226894186       -8.7552500287725312       -201.37733236680887        129958.64895738757     
   27105.393226894186       -8.7596066320946537       -200.66558438843168        130159.31454177601     
   27305.393226894186       -8.7639076744897810       -199.96384917204287        130359.27839094805     
   27505.393226894186       -8.7681598069082227       -199.27090159441775        130558.54929254246     
   27705.393226894186       -8.7723604049429351       -198.58591707836493        130757.13520962083     
   27905.393226894186       -8.7765056639362182       -197.90938477713581        130955.04459439796     
   28105.393226894186       -8.7805913755132732       -197.24190015766413        131152.28649455562     
   28305.393226894186       -8.7846180707335311       -196.58401758553350        131348.87051214115     
   28505.393226894186       -8.7885881579056733       -195.93559783199655        131544.80610997314     
   28705.393226894186       -8.7925059531934213       -195.29619789532691        131740.10230786848     
   28905.393226894186       -8.7963795408751082       -194.66501821918027        131934.76732608766     
   29105.393226894186       -8.8002169835551278       -194.04074183475001        132128.80806792242     
   29305.393226894186       -8.8040230639338137       -193.42217418598383        132322.23024210840     
   29505.393226894186       -8.8077985214198247       -192.80865063361233        132515.03889274201     
   29705.393226894186       -8.8115425103397875       -192.20009819448197        132707.23899093649     
   29905.393226894186       -8.8152535094125568       -191.59667231284106        132898.83566324934     
   30105.393226894186       -8.8189260381922754       -190.99872609930293        133089.83438934863     
   30305.393226894186       -8.8225538100515148       -190.40717940929198        133280.24156875792     
   30505.393226894186       -8.8261331257997604       -189.82296371985694        133470.06453247779     
   30705.393226894186       -8.8296642552347766       -189.24656116633864        133659.31109364412     
   30905.393226894186       -8.8331497194593958       -188.67786960587057        133847.98896324998     
   31105.393226894186       -8.8365925750184200       -188.11646599988737        134036.10542924987     
   31305.393226894186       -8.8399966379559967       -187.56183633491682        134223.66726558478     
   31505.393226894186       -8.8433615778829751       -187.01347435748315        134410.68073994227     
   31705.393226894186       -8.8466859047043958       -186.47147729672795        134597.15221723900     
   31905.393226894186       -8.8499675230504682       -185.93610226923354        134783.08831950824     
   32105.393226894186       -8.8532055571617860       -185.40764370616836        134968.49596321440     
   32305.393226894186       -8.8564006815559875       -184.88620358038591        135153.38216679479     
   32505.393226894186       -8.8596019368403383       -184.37386163946690        135337.75602843426     
   32705.393226894186       -8.8627074164120607       -183.85975346045797        135521.61578189471     
   32905.393226894186       -8.8657996102977794       -183.35884182005881        135704.97462371478     
   33105.393226894186       -8.8688363679012046       -182.86123698236608        135887.83586069715     
   33305.393226894186       -8.8718525413423297       -182.37162730784590        136070.20748800499     
   33505.393226894186       -8.8748376310134134       -181.88563333123105        136252.09312133622     
   33705.393226894186       -8.8778042722232779       -181.40431332774313        136433.49743466396     
   33905.393226894186       -8.8807462917248863       -180.92614331719901        136614.42357798116     
   34105.393226894186       -8.8836653101437939       -180.45190482509244        136794.87548280624     
   34305.393226894186       -8.8865571677383066       -179.98149469780171        136974.85697750404     
   34505.393226894186       -8.8894195637420346       -179.51553286869935        137154.37251037275     
   34705.393226894186       -8.8922487010707396       -179.05443160992266        137333.42694198267     
   34905.393226894186       -8.8950433175427452       -178.59873445989177        137512.02567644257     
   35105.393226894186       -8.8978031035201539       -178.14861943716116        137690.17429587973     
   35305.393226894186       -8.9005291551780665       -177.70409827234909        137867.87839415207     
   35505.393226894186       -8.9032227927311620       -177.26498804299686        138045.14338219506     
   35705.393226894186       -8.9058860041633032       -176.83105743769238        138221.97443963276     
   35905.393226894186       -8.9085213814369624       -176.40196916885029        138398.37640880162     
   36105.393226894186       -8.9111299474117587       -175.97734763431350        138574.35375643594     
   36305.393226894186       -8.9137112602917199       -175.55706736341912        138749.91082379935     
   36505.393226894186       -8.9162640763199335       -175.14122124655452        138925.05204504592     
   36705.393226894186       -8.9187873391069505       -174.73000475646106        139099.78204980236     
   36905.393226894186       -8.9212805905625743       -174.32357206284601        139274.10562186522     
   37105.393226894186       -8.9237440845269287       -173.92197773215352        139448.02759959738     
   37305.393226894186       -8.9261786111888970       -173.52516622492567        139621.55276582230     
   37505.393226894186       -8.9285863673445203       -173.13297173479015        139794.68573755710     
   37705.393226894186       -8.9309708163254040       -172.74500536681052        139967.43074292390     
   37905.393226894186       -8.9333360091563616       -172.36069228372438        140139.79143520762     
   38105.393226894186       -8.9356856036209891       -171.97938941979561        140311.77082462743     
   38305.393226894186       -8.9380211414434587       -171.60056394214695        140483.37138856956     
   38505.393226894186       -8.9403420913213658       -171.22402314930508        140654.59541171885     
   38705.393226894186       -8.9426466035666881       -170.84988837541530        140825.44530009426     
   38905.393226894186       -8.9449325279866443       -170.47846612179333        140995.92376621606     
   39105.393226894186       -8.9471971285833085       -170.11011926879007        141166.03388548485     
   39305.393226894186       -8.9494375149089667       -169.74529346316777        141335.77917894803     
   39505.393226894186       -8.9516517271388629       -169.38442980690900        141505.16360875493     
   39705.393226894186       -8.9538391353873621       -169.02780847765959        141674.19141723259     
   39905.393226894186       -8.9560002012802364       -168.67550155282578        141842.86691878541     
   40105.393226894186       -8.9581359632095356       -168.32741892982841        142011.19433771525     
   40305.393226894186       -8.9602476303078191       -167.98338840914181        142179.17772612438     
   40505.393226894186       -8.9623365295257589       -167.64321163036828        142346.82093775476     
   40705.393226894186       -8.9644042377856135       -167.30666762223586        142514.12760537700     
   40905.393226894186       -8.9664526274582119       -166.97349385504913        142681.10109923204     
   41105.393226894186       -8.9684837391426360       -166.64338358806799        142847.74448282010     
   41305.393226894186       -8.9704987006776058       -166.31603231524267        143014.06051513535     
   41505.393226894186       -8.9724974281426082       -165.99129083840307        143180.05180597375     
   41705.393226894186       -8.9744788718036048       -165.66919879212784        143345.72100476589     
   41905.393226894186       -8.9764416345991531       -165.34993488591445        143511.07093965181     
   42105.393226894186       -8.9783844528944190       -165.03372088056111        143676.10466053238     
   42305.393226894186       -8.9803064817265348       -164.72074930387026        143840.82540983625     
   42505.393226894186       -8.9822077146600687       -164.41113373687975        144005.23654357312     
   42705.393226894186       -8.9840891598434141       -164.10484770335822        144169.34139127648     
   42905.393226894186       -8.9859526447634099       -163.80170632535135        144333.14309760183     
   43105.393226894186       -8.9878003520299181       -163.50140510130188        144496.64450270313     
   43305.393226894186       -8.9896345164708453       -163.20359040479670        144659.84809310792     
   43505.393226894186       -8.9914564108498922       -162.90792772021499        144822.75602082815     
   43705.393226894186       -8.9932661115678627       -162.61424404060432        144985.37026486875     
   43905.393226894186       -8.9950627350871368       -162.32255297128097        145147.69281784003     
   44105.393226894186       -8.9968449986603147       -162.03300781499837        145309.72582565501     
   44305.393226894186       -8.9986116472830364       -161.74581475612948        145471.47164041115     
   44505.393226894186       -9.0003617158244058       -161.46116842529199        145632.93280883646     
   44705.393226894186       -9.0020942300456213       -161.17922482785963        145794.11203366431     
   44905.393226894186       -9.0038084396952449       -160.90013506991701        145955.01216873422     
   45105.393226894186       -9.0055039600739555       -160.62401029065347        146115.63617902488     
   45305.393226894186       -9.0071808325839804       -160.35090100941207        146275.98708003428     
   45505.393226894186       -9.0088393917686886       -160.08079260411301        146436.06787263838     
   45705.393226894186       -9.0104801289469538       -159.81362683867908        146595.88149947705     
   45905.393226894186       -9.0121035775152905       -159.54932327980993        146755.43082275687     
   46105.393226894186       -9.0137102647966305       -159.28779600051277        146914.71861875738     
   46305.393226894186       -9.0153008485828146       -159.02895634021615        147073.74757509760     
   46505.393226894186       -9.0168762322898193       -158.77269147263229        147232.52026657024     
   46705.393226894186       -9.0184375687804739       -158.51884884550373        147391.03911541574     
   46905.393226894186       -9.0199861435140463       -158.26723882976179        147549.30635424549     
   47105.393226894186       -9.0215229347718306       -158.01766233404578        147707.32401657954     
   47305.393226894186       -9.0230482873533848       -157.76997865236277        147865.09399523190     
   47505.393226894186       -9.0245618825867737       -157.52415008236881        148022.61814531428     
   47705.393226894186       -9.0260629669057746       -157.28023977337972        148179.89838508767     
   47905.393226894186       -9.0275506457857713       -157.03837309384244        148336.93675818152     
   48105.393226894186       -9.0290241215419442       -156.79869173112860        148493.73544991264     
   48305.393226894186       -9.0304828244434496       -156.56131821004354        148650.29676812267     
   48505.393226894186       -9.0319264512304080       -156.32633723875057        148806.62310536142     
   48705.393226894186       -9.0333552058483129       -156.09378399227390        148962.71688935370     
   48905.393226894186       -9.0347698728537633       -155.86360983278564        149118.58049918650     
   49105.393226894186       -9.0361716890173884       -155.63567592713008        149274.21617511363     
   49305.393226894186       -9.0375620606757359       -155.40977813311144        149429.62595324675     
   49505.393226894186       -9.0389422977084930       -155.18569214125498        149584.81164538802     
   49705.393226894186       -9.0403136802578761       -154.96320736841679        149739.77485275644     
   49905.393226894186       -9.0416769837230841       -154.74213093620423        149894.51698369265     
   50105.393226894186       -9.0430322729824137       -154.52235695120237        150049.03934064385     
   50305.393226894186       -9.0443789458083081       -154.30389297220754        150203.34323361606     
   50505.393226894186       -9.0457160373681624       -154.08684594188975        150357.43007955796     
   50705.393226894186       -9.0470425121474403       -153.87137342029328        150511.30145297825     
   50905.393226894186       -9.0483574821667290       -153.65763847870500        150664.95909145696     
   51105.393226894186       -9.0496603023871725       -153.44577781389714        150818.40486927086     
   51305.393226894186       -9.0509505874325136       -153.23588847657112        150971.64075774743     
   51505.393226894186       -9.0522282277424733       -153.02802518051618        151124.66878292794     
   51705.393226894186       -9.0534933283505623       -152.82219979680144        151277.49098272473     
   51905.393226894186       -9.0547461093490451       -152.61839226482238        151430.10937498955     
   52105.393226894186       -9.0559868077396874       -152.41656661192204        151582.52594160146     
   52305.393226894186       -9.0572156226799851       -152.21668561316534        151734.74262721461     
   52505.393226894186       -9.0584327029791307       -152.01871848419498        151886.76134569882     
   52705.393226894186       -9.0596381644099946       -151.82264209400401        152038.58398779281     
   52905.393226894186       -9.0608321167448391       -151.62843791062483        152190.21242570344     
   53105.393226894186       -9.0620147532099651       -151.43608594555923        152341.64851164899     
   53305.393226894186       -9.0631864283487680       -151.24555064060800        152492.89406228959     
   53505.393226894186       -9.0643476798537375       -151.05676982354311        152643.95083211313     
   53705.393226894186       -9.0654991806111909       -150.86965307364287        152794.82048518676     
   53905.393226894186       -9.0666416550954736       -150.68409042009674        152945.50457560687     
   54105.393226894186       -9.0677757939995800       -150.49996587675764        153096.00454148362     
   54305.393226894186       -9.0689021783668089       -150.31717095916812        153246.32171244279     
   54505.393226894186       -9.0700211053372239       -150.13561959719951        153396.45733203998     
   54705.393226894186       -9.0711324971507832       -149.95527398253927        153546.41260602252     
   54905.393226894186       -9.0722359343151879       -149.77615589065840        153696.18876191319     
   55105.393226894186       -9.0733307943513868       -149.59833847650958        153845.78710038969     
   55305.393226894186       -9.0744164091816231       -149.42192339168895        153995.20902378138     
   55505.393226894186       -9.0754921917342095       -149.24701622584493        154144.45604000724     
   55705.393226894186       -9.0765577071542616       -149.07370757806171        154293.52974758530     
   55905.393226894186       -9.0776126956850653       -148.90206287231680        154442.43181045761     
   56105.393226894186       -9.0786571769975257       -148.73211645087386        154591.16392690848     
   56305.393226894186       -9.0796915041026960       -148.56385611657572        154739.72778302507     
   56505.393226894186       -9.0807163212350659       -148.39721703427691        154888.12500005934     
   56705.393226894186       -9.0817324307865768       -148.23209098461194        155036.35709104396     
   56905.393226894186       -9.0827406420947998       -148.06834831814010        155184.42543936209     
   57105.393226894186       -9.0837416508863882       -147.90586152069596        155332.33130088280     
   57305.393226894186       -9.0847359748281900       -147.74452314670398        155480.07582402951     
   57505.393226894186       -9.0857241751237954       -147.58424846403378        155627.66007249354     
   57705.393226894186       -9.0867066729410091       -147.42495071839903        155775.08502321193     
   57905.393226894186       -9.0876835718356919       -147.26657054991236        155922.35159376185     
   58105.393226894186       -9.0886545751558643       -147.10910206955799        156069.46069583140     
   58305.393226894186       -9.0896190941406694       -146.95260102281094        156216.41329685421     
   58505.393226894186       -9.0905764091812653       -146.79716592427746        156363.21046277849     
   58705.393226894186       -9.0915258272572359       -146.64291214661506        156509.85337492509     
   58905.393226894186       -9.0924667795390341       -146.48994814020219        156656.34332306529     
   59105.393226894186       -9.0933988671869770       -146.33836108391017        156802.68168414920     
   59305.393226894186       -9.0943218639374592       -146.18821066234051        156948.86989481153     
   59505.393226894186       -9.0952357582122101       -146.03952757243857        157094.90942238396     
   59705.393226894186       -9.0961407482830001       -145.89230800644003        157240.80173039041     
   59905.393226894186       -9.0970371729217945       -145.74651617732590        157386.54824656772     
   60105.393226894186       -9.0979254074210694       -145.60209644149703        157532.15034300921     
   60305.393226894186       -9.0988057792994894       -145.45898953882269        157677.60933254805     
   60505.393226894186       -9.0996785251217425       -145.31714508057533        157822.92647762861     
   60705.393226894186       -9.1005437877280766       -145.17652742471910        157968.10300505333     
   60905.393226894186       -9.1014016378838907       -145.03711546457575        158113.14012051790     
   61105.393226894186       -9.1022521050960155       -144.89889888939581        158258.03901940730     
   61305.393226894186       -9.1030952066882875       -144.76187326019033        158402.80089266750     
   61505.393226894186       -9.1039309696340034       -144.62603551458255        158547.42692818207     
   61705.393226894186       -9.1047594722928071       -144.49137990365432        158691.91830808573     
   61905.393226894186       -9.1055808828592824       -144.35789134886014        158836.27619943459     
   62105.393226894186       -9.1063954732570025       -144.22553990389380        158980.50173933848     
   62305.393226894186       -9.1072035990199325       -144.09427943286423        159124.59601877135     
   62505.393226894186       -9.1080056576387882       -143.96405143709742        159268.56007020845     
   62705.393226894186       -9.1088020418442248       -143.83479191116115        159412.39486211960     
   62905.393226894186       -9.1095931017435099       -143.70643864005118        159556.10130075965     
   63105.393226894186       -9.1103791215961607       -143.57893691232704        159699.68023767197     
   63305.393226894186       -9.1111603113311048       -143.45224286901498        159843.13248054098     
   63505.393226894186       -9.1119369007603535       -143.32632208920609        159986.45880263019     
   63705.393226894186       -9.1127090870780343       -143.20113837668637        160129.65994100689     
   63905.393226894186       -9.1134769360310166       -143.07666347269597        160272.73660447958     
   64105.393226894186       -9.1142403064990969       -142.95289236264077        160415.68949684221     
   64305.393226894186       -9.1149988642633346       -142.82985302899669        160558.51934987120     
   64505.393226894186       -9.1157521510456228       -142.70760273983447        160701.22695261103     
   64705.393226894186       -9.1164996745294733       -142.58621634580803        160843.81316895684     
   64905.393226894186       -9.1172409827334882       -142.46577218170049        160986.27894113853     
   65105.393226894186       -9.1179757119786569       -142.34634078080964        161128.62528191935     
   65305.393226894186       -9.1187036069242033       -142.22797789027774        161270.85325980964     
   65505.393226894186       -9.1194245204632161       -142.11072178173632        161412.96398159137     
   65705.393226894186       -9.1201384560974077       -141.99459211471486        161554.95857370607     
   65905.393226894186       -9.1208455966038109       -141.87958347539947        161696.83815718148     
   66105.393226894186       -9.1215462887334695       -141.76566194206075        161838.60381912356     
   66305.393226894186       -9.1222409796757340       -141.65276885731143        161980.25658798087     
   66505.393226894186       -9.1229301373500835       -141.54083151324599        162121.79741949411     
   66705.393226894186       -9.1236141809516518       -141.42977573260936        162263.22719522670     
   66905.393226894186       -9.1242934381285874       -141.31953635407936        162404.54673158078     
   67105.393226894186       -9.1249681295639817       -141.21006340118430        162545.75679498195     
   67305.393226894186       -9.1256383751946988       -141.10132398600618        162686.85811896797     
   67505.393226894186       -9.1263042132136238       -140.99330096126738        162827.85141992924     
   67705.393226894186       -9.1269656243542645       -140.88598971238349        162968.73740964162     
   67905.393226894186       -9.1276227669666330       -140.77938852614952        163109.51679816778     
   68105.393226894186       -9.1282759162976213       -140.67346869990504        163250.19026686769     
   68305.393226894186       -9.1289253037168852       -140.56818702228540        163390.75845388998     
   68505.393226894186       -9.1295709633149453       -140.46351150404277        163531.22196539401     
   68705.393226894186       -9.1302127116652496       -140.35944252005106        163671.58140791405     
   68905.393226894186       -9.1308502064104555       -140.25601395066525        163811.83742186471     
   69105.393226894186       -9.1314830422339988       -140.15328272321440        163951.99070458792     
   69305.393226894186       -9.1321108314234856       -140.05131374857072        164092.04201833651     
   69505.393226894186       -9.1327332573986659       -139.95016765394161        164231.99218599044     
   69705.393226894186       -9.1333500976252449       -139.84989297362299        164371.84207896405     
   69905.393226894186       -9.1339612258662477       -139.75052300913441        164511.59260197319     
   70105.393226894186       -9.1345666013179070       -139.65207581954456        164651.24467779274     
   70305.393226894186       -9.1351662880945028       -139.55455515065188        164790.79923294339     
   70505.393226894186       -9.1357604653190130       -139.45794754873904        164930.25718049213     
   70705.393226894186       -9.1363494102078224       -139.36222146356693        165069.61940195569     
   70905.393226894186       -9.1369334820261141       -139.26732995148342        165208.88673190717     
   71105.393226894186       -9.1375130692999722       -139.17321425999145        165348.05994616717     
   71305.393226894186       -9.1380885207406948       -139.07981278271362        165487.13975894987     
   71505.393226894186       -9.1386600860484730       -138.98707193503770        165626.12683088490     
   71705.393226894186       -9.1392278910694209       -138.89495477498690        165765.02178565989     
   71905.393226894186       -9.1397919457293160       -138.80344412638743        165903.82522978628     
   72105.393226894186       -9.1403521738380604       -138.71254070916120        166042.53777049543     
   72305.393226894186       -9.1409084497959796       -138.62225814553173        166181.16002864097     
   72505.393226894186       -9.1414606323449803       -138.53261711841637        166319.69264575938     
   72705.393226894186       -9.1420085899644636       -138.44364015203575        166458.13628591140     
   72905.393226894186       -9.1425522169685891       -138.35534776565609        166596.49163367707     
   73105.393226894186       -9.1430914413824862       -138.26775609833527        166734.75938977540     
   73305.393226894186       -9.1436262415005878       -138.18087540214356        166872.94026517755     
   73505.393226894186       -9.1441566608503670       -138.09470741464821        167011.03497259220     
   73705.393226894186       -9.1446828109226619       -138.00924327598975        167149.04421586820     
   73905.393226894186       -9.1452048568203121       -137.92446355011649        167286.96867941832     
   74105.393226894186       -9.1457229923168963       -137.84034082564412        167424.80902024396     
   74305.393226894186       -9.1462374129422290       -137.75684379243631        167562.56586403641     
   74505.393226894186       -9.1467482943752536       -137.67394144005044        167700.23980547645     
   74705.393226894186       -9.1472557791679669       -137.59160631862230        167837.83141179508     
   74905.393226894186       -9.1477599718091653       -137.50981645564175        167975.34122825073     
   75105.393226894186       -9.1482609403448034       -137.42855597547705        168112.76978422620     
   75305.393226894186       -9.1487587223014941       -137.34781472194331        168250.11759894816     
   75505.393226894186       -9.1492533329807060       -137.26758723874087        168387.38518618690     
   75705.393226894186       -9.1497447742504097       -137.18787141799240        168524.57305760490     
   75905.393226894186       -9.1502330424989964       -137.10866710451941        168661.68172470940     
   76105.393226894186       -9.1507182563004701       -137.02997156912193        168798.71169627854     
   76305.393226894186       -9.1512006635442731       -136.95176218765360        168935.66345846618     
   76505.393226894186       -9.1516805517937261       -136.87399790146296        169072.53745636763     
   76705.393226894186       -9.1521581218726418       -136.79663466759234        169209.33409103521     
   76905.393226894186       -9.1526334178400059       -136.71964432333317        169346.05373535855     
   77105.393226894186       -9.1531063210174519       -136.64302415393806        169482.69675951250     
   77305.393226894186       -9.1535765930938382       -136.56679653245774        169619.26355604496     
   77505.393226894186       -9.1540439345280245       -136.49100155521646        169755.75455760019     
   77705.393226894186       -9.1545080386595874       -136.41568773672722        169892.17024533692     
   77905.393226894186       -9.1549686300059250       -136.34090370747319        170028.51114904438     
   78105.393226894186       -9.1554254861016666       -136.26669247945640        170164.77784152384     
   78305.393226894186       -9.1558784453938049       -136.19308829890778        170300.97092982274     
   78505.393226894186       -9.1563274058465485       -136.12011562290999        170437.09104544565     
   78705.393226894186       -9.1567723180776390       -136.04778949182273        170573.13883493748     
   78905.393226894186       -9.1572131972020738       -135.97611612941034        170709.11495106688     
   79105.393226894186       -9.1576501350989403       -135.90509102225093        170845.02004208913     
   79305.393226894186       -9.1580832976368374       -135.83469734814815        170980.85473943729     
   79505.393226894186       -9.1585129010087094       -135.76490698833913        171116.61964642562     
   79705.393226894186       -9.1589391774210771       -135.69568463212994        171252.31533105776     
   79905.393226894186       -9.1593623416491869       -135.62699328814227        171387.94232434590     
   80105.393226894186       -9.1597825671771869       -135.55879942072571        171523.50112376662     
   80305.393226894186       -9.1601999744499860       -135.49107647223892        171658.99220023886     
   80505.393226894186       -9.1606146300267550       -135.42380646426307        171794.41600670313     
   80705.393226894186       -9.1610265532734925       -135.35697993092782        171929.77298663405     
   80905.393226894186       -9.1614357271309732       -135.29059472940676        172065.06358136347     
   81105.393226894186       -9.1618421100629686       -135.22465427101324        172200.28823563448     
   81305.393226894186       -9.1622456472721208       -135.15916561341746        172335.44740124789     
   81505.393226894186       -9.1626462801081363       -135.09413769999651        172470.54153894787     
   81705.393226894186       -9.1630439532670014       -135.02957990157824        172605.57111884945     
   81905.393226894186       -9.1634386198002762       -134.96550091407224        172740.53661976353     
   82105.393226894186       -9.1638302441973671       -134.90190800225869        172875.43852776580     
   82305.393226894186       -9.1642188039033332       -134.83880654472100        173010.27733431052     
   82505.393226894186       -9.1646044638284110       -134.77619510319832        173145.05352941371     
   82705.393226894186       -9.1649875714031150       -134.71404214381963        173279.76757155752     
   82905.393226894186       -9.1653685322281486       -134.65229005295706        173414.41986161048     
   83105.393226894186       -9.1657476477486224       -134.59087621748040        173549.01073782798     
   83305.393226894186       -9.1661250346298768       -134.52975699773623        173683.54049482572     
   83505.393226894186       -9.1665006221347731       -134.46891862989597        173818.00941345561     
   83705.393226894186       -9.1668742051313643       -134.40837614932332        173952.41778960492     
   83905.393226894186       -9.1672455097192476       -134.34816450159087        174086.76595410652     
   84105.393226894186       -9.1676142512825685       -134.28832816071980        174221.05428226723     
   84305.393226894186       -9.1679801735437021       -134.22891227692443        174355.28319454414     
   84505.393226894186       -9.1683430700263369       -134.16995685052345        174489.45315139467     
   84705.393226894186       -9.1687027913176902       -134.11149365219163        174623.56464504686     
   84905.393226894186       -9.1690592435864939       -134.05354528686698        174757.61819033374     
   85105.393226894186       -9.1694123822683284       -133.99612556297927        174891.61431589673     
   85305.393226894186       -9.1697622040200244       -133.93924055769799        175025.55355645443     
   85505.393226894186       -9.1701087385602502       -133.88288991794420        175159.43644637236     
   85705.393226894186       -9.1704520412835908       -133.82706815584157        175293.26351452820     
   85905.393226894186       -9.1707922050320132       -133.77176532160180        175427.03527984981     
   86105.393226894186       -9.1711293689187858       -133.71696518589420        175560.75224503569     
   86305.393226894186       -9.1714637131182890       -133.66264419604639        175694.41488923173     
   86505.393226894186       -9.1717954386578793       -133.60877272157876        175828.02366195331     
