 #              _____________________  _______________________             #
 #              ___  __ \__  __ \_  / / /_  /___  ____/_  ___/             #
 #              __  / / /_  /_/ /  / / /_  __/_  __/  _____ \              #
 #              _  /_/ /_  _, _// /_/ / / /_ _  /___  ____/ /              #
 #              /_____/ /_/ |_| \____/  \__/ /_____/  /____/               #
 #                                                                         #
  
 #        time                      T            heat flux [W.L-2]   in    x              directions   cumulative flux
 #-----------------------------------------------------------------------------------------------

   0.0000000000000000        10.000000000000000       -0.0000000000000000        0.0000000000000000     
   1.0000000000000000        9.9999999999999982        5.6488147492927924E-013   5.6488147492927924E-013
   1.9540000000000002        10.000000000000000        1.1297629498585585E-012   1.6946444247878377E-012
   2.8641160000000001        9.9999999999999982        1.6946444247878373E-012   3.3892888495756751E-012
   3.8288389600000006        9.9999999999999964        1.6946444247878373E-012   5.0839332743635120E-012
   4.8514452976000007        9.9999999999999982        1.1297629498585585E-012   6.2136962242220705E-012
   5.9354080154560007        10.000000000000000        5.6488147492927924E-013   6.7785776991513493E-012
   7.0844084963833609        9.9999999999999982        1.1297629498585585E-012   7.9083406490099086E-012
   8.3023490061663630        9.9999999999999982        5.6488147492927924E-013   8.4732221239391883E-012
   9.5933659465363448        10.000000000000000        5.6488147492927924E-013   9.0381035988684679E-012
   10.961843903328527        9.9999999999999982        5.6488147492927924E-013   9.6029850737977475E-012
   12.412430537528239        10.000000000000000        5.6488147492927924E-013   1.0167866548727027E-011
   13.950052369779934        9.9999999999999982        1.1297629498585585E-012   1.1297629498585586E-011
   15.579931511966731        10.000000000000000        1.1297629498585585E-012   1.2427392448444146E-011
   17.307603402684734        9.9999999999999982        1.1297629498585585E-012   1.3557155398302705E-011
   19.138935606845820        10.000000000000000        5.6488147492927914E-013   1.4122036873231985E-011
   21.080147743256571        9.9999999999999982        1.1297629498585583E-012   1.5251799823090544E-011
   23.137832607851966        9.9999999999999982        1.1297629498585585E-012   1.6381562772949103E-011
   25.318978564323086        9.9999999999999982        1.1297629498585585E-012   1.7511325722807663E-011
   27.630993278182473        10.000000000000000        1.1297629498585585E-012   1.8641088672666222E-011
   30.081728874873424        9.9999999999999982        1.1297629498585585E-012   1.9770851622524781E-011
   32.679508607365833        9.9999999999999982        5.6488147492927924E-013   2.0335733097454061E-011
   35.433155123807786        10.000000000000000       -1.1297629498585585E-012   2.1465496047312620E-011
   38.352020431236255        9.9999999999999982       -3.9541703245049543E-012   2.5419666371817574E-011
   41.446017657110431        9.9999999999999947       -1.1862510973514863E-011   3.7282177345332437E-011
   44.725654716537058        9.9999999999999876       -3.5587532920544592E-011   7.2869710265877023E-011
   48.202069999529286        9.9999999999999538       -1.0111378401234097E-010   1.7398349427821798E-010
   51.887070199501046        9.9999999999998632       -2.8526514483928602E-010   4.5924863911750399E-010
   55.793170411471110        9.9999999999995985       -7.8179596130212262E-010   1.2410446004196266E-009
   59.933636636159378        9.9999999999988507       -2.0917561016631229E-009   3.3328007020827495E-009
   64.322530834328944        9.9999999999968026       -5.4686175587903670E-009   8.8014182608731161E-009
   68.974758684388689        9.9999999999913065       -1.3964999823201734E-008   2.2766418084074850E-008
   73.906120205452012        9.9999999999769269       -3.4844713781013171E-008   5.7611131865088021E-008
   79.133363417779137        9.9999999999401759       -8.4955914303467317E-008   1.4256704616855534E-007
   84.674241222845893        9.9999999998484217       -2.0244617715549886E-007   3.4501322332405419E-007
   90.547571696216650        9.9999999996246114       -4.7158734517448726E-007   8.1660056849854145E-007
   96.773301997989648        9.9999999990911981       -1.0740283542537115E-006   1.8906289227522530E-006
   103.37257611786903        9.9999999978488496       -2.3918290494887659E-006   4.2824579722410187E-006
   110.36780668494117        9.9999999950209517       -5.2090997115902737E-006   9.4915576838312923E-006
   117.78275108603765        9.9999999887292610       -1.1096070750280275E-005   2.0587628434111567E-005
   125.64259215119992        9.9999999750456148       -2.3120928659862133E-005   4.3708557093973704E-005
   133.97402368027193        9.9999999459508615       -4.7133284348381542E-005   9.0841841442355252E-005
   142.80534110108826        9.9999998854647014       -9.4014854688843853E-005   1.8485669613119911E-004
   152.16653756715357        9.9999997624998631       -1.8351672271669275E-004   3.6837341884789188E-004
   162.08940582118279        9.9999995180162813       -3.5061824172929757E-004   7.1899166057718951E-004
   172.60764617045376        9.9999990425398622       -6.5576531885459322E-004   1.3747569794317826E-003
   183.75698094068099        9.9999981378649156       -1.2008799367890588E-003   2.5756369162208415E-003
   194.90631571090822        9.9999966066641033       -2.0715616434898178E-003   4.6471985597106597E-003
   206.72461056734909        9.9999939017488657       -3.5219818427773041E-003   8.1691804024879647E-003
   219.25200311517639        9.9999891995517309       -5.8981432317836693E-003   1.4067323634271635E-002
   232.53103921587336        9.9999811590463086       -9.7250477880825806E-003   2.3792371422354214E-002
   246.60681748261214        9.9999676395078883       -1.5782563831812268E-002   3.9574935254166485E-002
   261.52714244535525        9.9999452914149938       -2.5204493689346952E-002   6.4779428943513434E-002
   277.34268690586293        9.9999089785554602       -3.9603710139808859E-002  0.10438313908332229     
   294.10716403400107        9.9998509829430411       -6.1224661193760944E-002  0.16560780027708324     
   311.87750978982751        9.9997599401369541       -9.3122054939305587E-002  0.25872985521638880     
   330.71407629100355        9.9996194527634650      -0.13936111082756922       0.39809096604395799     
   350.68083678225014        9.9994063363722425      -0.20523054638311361       0.60332151242707166     
   371.84560290297151        9.9990884659471249      -0.29745480675652264       0.90077631918359424     
   394.28025499093616        9.9986222145526913      -0.42438750714835255        1.3251638263319467     
   418.06098620417873        9.9979495076759477      -0.59616446509448884        1.9213282914264356     
   443.26856129021581        9.9969945559117441      -0.82479309542867796        2.7461213868551138     
   469.98859088141512        9.9956603707025202       -1.1241563015629048        3.8702776884180183     
   498.31182224808640        9.9938252074520353       -1.5099136441247034        5.3801913325427222     
   528.33444749675800        9.9913391126407074       -1.9992896500704642        7.3794809826131864     
   560.15843026034986        9.9880207740944478       -2.6107469553574183        9.9902279379706052     
   593.89185198975724        9.9836548866728947       -3.3635488657225601        13.353776803693165     
   629.64927902292902        9.9779902513574950       -4.2772210359534695        17.630997839646636     
   667.55215167809115        9.9707388212975037       -5.3709275069395517        23.001925346586187     
   707.72919669256305        9.9615758803034282       -6.6627868161301533        29.664712162716341     
   750.31686440790327        9.9501414608478100       -8.1691741298728822        37.833886292589227     
   795.45979218616390        9.9360429746657033       -9.9040755337756980        47.737961826364923     
   843.31129563112017        9.9188588616632103       -11.878569587167391        59.616531413532314     
   894.03388928277377        9.8981429447366551       -14.100487255389577        73.717018668921895     
   947.79983855352657        9.8734292386615454       -16.574230685924821        90.291249354846713     
   1004.7917447805246        9.8442370975761033       -19.300697435136012        109.59194678998273     
   1065.2031653811425        9.8100767609389123       -22.277240446985104        131.86918723696783     
   1129.2392712177975        9.7704556358504409       -25.497562947306449        157.36675018427428     
   1197.1175434046518        9.7248855359384407       -28.951569545361760        186.31831972963604     
   1269.0685119227173        9.6728907316998765       -32.625278634781750        218.94359836441780     
   1345.3365385518669        9.6140167685252198       -36.500778772868969        255.44437713728678     
   1426.1806467787653        9.5478397647054969       -40.556294234389000        296.00067137167576     
   1511.8754014992776        9.4739731668929430       -44.767067752305223        340.76773912398096     
   1602.7118415030207        9.3920703972256270       -49.106760176420778        389.87449930040174     
   1693.5482815067637        9.3070886382042861       -53.306064408540571        443.18056370894232     
   1789.8349079107313        9.2141115281198722       -57.587029578125367        500.76759328706771     
   1891.8987318989371        9.1128971706481199       -61.925254705234913        562.69284799230263     
   2000.0863853264352        9.0032500265518856       -66.294746024155174        628.98759401645782     
   2114.7652979595832        8.8850257668839276       -70.668563094024350        699.65615711048213     
   2236.3249453507201        8.7581398478610772       -75.018269968673351        774.67442707915552     
   2365.1781715853253        8.6225723078931740       -79.314726036777984        853.98915311593350     
   2501.7625913940069        8.4783418030199389       -83.534256465676208        937.52340958160971     
   2646.5420763912093        8.3255043662821393       -87.655485713114430        1025.1788952947240     
   2800.0083304882437        8.1641455009495782       -91.660226978597350        1116.8391222733214     
   2962.6825598311002        7.9944167389413865       -95.525928308851647        1212.3650505821731     
   3135.1172429345279        7.8165569651815332       -99.226565158004320        1311.5916157401775     
   3317.8980070241614        7.6308841422770275       -102.73725008907634        1414.3288658292538     
   3511.6456169591729        7.4376811708207118       -106.05171386745378        1520.3805796967076     
   3705.3932268941844        7.2483966413371492       -108.99769019630033        1629.3782698930079     
   3905.3932268941844        7.0574555764410007       -111.67908371283920        1741.0573536058471     
   4105.3932268941844        6.8711186566403963       -114.03996897183747        1855.0973225776845     
   4305.3932268941844        6.6893747306959099       -116.12769350653645        1971.2250160842209     
   4505.3932268941844        6.5122136149355150       -117.96917292583605        2089.1941890100570     
   4705.3932268941844        6.3396498943450021       -119.58168283836402        2208.7758718484210     
   4905.3932268941844        6.1716163753397453       -120.99342648170141        2329.7692983301226     
   5105.3932268941844        6.0080458702326691       -122.22284363670936        2451.9921419668322     
   5305.3932268941844        5.8487255683613606       -123.30746940323456        2575.2996113700665     
   5505.3932268941844        5.6935895686039046       -124.24713984089330        2699.5467512109599     
   5705.3932268941844        5.5425666691049598       -125.05206689409033        2824.5988181050502     
   5905.3932268941844        5.3954984263720869       -125.74504917869952        2950.3438672837497     
   6105.3932268941844        5.2523895695693579       -126.31541256247415        3076.6592798462239     
   6305.3932268941844        5.1130372340416832       -126.79691252780152        3203.4561923740252     
   6505.3932268941844        4.9773402347106979       -127.19009250660737        3330.6462848806327     
   6705.3932268941844        4.8450918240043146       -127.51797525346234        3458.1642601340950     
   6905.3932268941844        4.7160233159418521       -127.80334172209658        3585.9676018561918     
   7105.3932268941844        4.5901779212092606       -128.01396075429085        3713.9815626104828     
   7305.3932268941844        4.4673577854800381       -128.18052978775140        3842.1620923982341     
   7505.3932268941844        4.3475405269081078       -128.28843160011755        3970.4505239983519     
   7705.3932268941844        4.2306228678850211       -128.34912414701586        4098.7996481453674     
   7905.3932268941844        4.1164195428380204       -128.38069457137320        4227.1803427167406     
   8105.3932268941844        4.0049608279487163       -128.36036966384384        4355.5407123805844     
   8305.3932268941844        3.8964339683607081       -128.25950312355482        4483.8002155041395     
   8505.3932268941844        3.7903558311258578       -128.16806576845522        4611.9682812725950     
   8705.3932268941844        3.6867164112245598       -128.04648657156412        4740.0147678441590     
   8905.3932268941844        3.5854176682544194       -127.90342374293283        4867.9181915870922     
   9105.3932268941844        3.4862418040762870       -127.76075148061331        4995.6789430677054     
   9305.3932268941844        3.3893285197804826       -127.57488667733530        5123.2538297450410     
   9505.3932268941844        3.2949938833341679       -127.30598197394427        5250.5598117189857     
   9705.3932268941844        3.2026581704659574       -127.07083410693808        5377.6306458259241     
   9905.3932268941844        3.1124066746171355       -126.80832081429799        5504.4389666402221     
   10105.393226894184        3.0240718480038455       -126.54551952835988        5630.9844861685824     
   10305.393226894184        2.9373516413104470       -126.31165944308465        5757.2961456116673     
   10505.393226894184        2.8523634656478598       -126.05810239506435        5883.3542480067317     
   10705.393226894184        2.7694727795443255       -125.73366853594294        6009.0879165426750     
   10905.393226894184        2.6881069037218395       -125.45711208439833        6134.5450286270734     
   11105.393226894184        2.6084119048551377       -125.15844219174413        6259.7034708188176     
   11305.393226894184        2.5307953882500023       -124.78237908341421        6384.4858499022321     
   11505.393226894184        2.4547988430094385       -124.43469703308601        6508.9205469353183     
   11705.393226894184        2.3799566960442737       -124.14987351759534        6633.0704204529138     
   11905.393226894184        2.3066234724006174       -123.82746600468636        6756.8978864576002     
   12105.393226894184        2.2352476087553308       -123.42259909914958        6880.3204855567501     
   12305.393226894184        2.1648275585665964       -123.12901439626469        7003.4494999530152     
   12505.393226894184        2.0956435602617973       -122.81956845163768        7126.2690684046529     
   12705.393226894184        2.0281817754257063       -122.43401858482591        7248.7030869894788     
   12905.393226894184        1.9617855262151564       -122.11480999800560        7370.8178969874843     
   13105.393226894184        1.8960542368043738       -121.86910034379346        7492.6869973312778     
   13305.393226894184        1.8316313304534961       -121.55556139271013        7614.2425587239877     
   13505.393226894184        1.7690672358781707       -121.13940578237079        7735.3819645063586     
   13705.393226894184        1.7070721174384027       -120.87116776852595        7856.2531322748846     
   13905.393226894184        1.6461657373323124       -120.56433203581604        7976.8174643107004     
   14105.393226894184        1.5869363766046680       -120.16232759903926        8096.9797919097400     
   14305.393226894184        1.5285600267119517       -119.84471456596995        8216.8245064757102     
   14505.393226894184        1.4715651015012317       -119.46479235946821        8336.2892988351778     
   14705.393226894184        1.4150626029621214       -119.19771720570029        8455.4870160408773     
   14905.393226894184        1.3597998037804047       -118.85312280579048        8574.3401388466682     
   15105.393226894184        1.3062376919713681       -118.41724358441134        8692.7573824310803     
   15305.393226894184        1.2523758496955364       -118.24146309500131        8810.9988455260809     
   15505.393226894184        1.1994481025284247       -117.96548204379849        8928.9643275698800     
   15705.393226894184        1.1482064053649919       -117.56179132848760        9046.5261188983677     
   15905.393226894184        1.0974160322274840       -117.29219821783721        9163.8183171162054     
   16105.393226894184        1.0480001357733317       -116.91714796494843        9280.7354650811540     
   16305.393226894184       0.99865697346648741       -116.70645043740338        9397.4419155185569     
   16505.393226894186       0.95054308418640898       -116.37425315090594        9513.8161686694621     
   16705.393226894186       0.90412708856694268       -115.93850381929744        9629.7546724887598     
   16905.393226894186       0.85687835836508630       -115.83583897344873        9745.5905114622092     
   17105.393226894186       0.81054885617166228       -115.58142527031566        9861.1719367325240     
   17305.393226894186       0.76576445842990171       -115.20708403823382        9976.3790207707571     
   17505.393226894186       0.72264454546044843       -114.76163319716794        10091.140653967925     
   17705.393226894186       0.67899764021178743       -114.60204360226764        10205.742697570193     
   17905.393226894186       0.63670187777394904       -114.25253305610207        10319.995230626295     
   18105.393226894186       0.59376260568528938       -114.15885170895189        10434.154082335246     
   18305.393226894186       0.55234576771872168       -113.82561775017055        10547.979700085416     
   18505.393226894186       0.51276153402003433       -113.37814392628819        10661.357844011703     
   18705.393226894186       0.47140464521408387       -113.41270389864337        10774.770547910346     
   18905.393226894186       0.43130090934223386       -113.15721335998865        10887.927761270335     
   19105.393226894186       0.39279493726317483       -112.78680894783413        11000.714570218170     
   19305.393226894186       0.35586400538655100       -112.35854865055620        11113.073118868726     
   19505.393226894186       0.31775114201013288       -112.30348419436670        11225.376603063092     
   19705.393226894186       0.28118559669088461       -111.96508222696191        11337.341685290054     
   19905.393226894186       0.24340152254621067       -111.88349692214710        11449.225182212202     
   20105.393226894186       0.20722753346973596       -111.55842245441571        11560.783604666618     
   20305.393226894186       0.17266445650156384       -111.15446166731884        11671.938066333936     
   20505.393226894186       0.13957770364318145       -110.71495636865441        11782.653022702591     
   20705.393226894186       0.10290154108088423       -110.28709163893815        11892.940114341529     
   20905.393226894186        6.8202881355422074E-002  -109.83468931678965        12002.774803658318     
   21105.393226894186        3.5253689260870302E-002  -109.33551908926459        12112.110322747583     
   21305.393226894186        3.9208222749264610E-003  -108.80398138292209        12220.914304130505     
   21505.393226894186       -2.9514334363082151E-002  -107.91659703565426        12328.830901166159     
   21705.393226894186       -6.0839413258726605E-002  -107.27391570566158        12436.104816871821     
   21905.393226894186       -9.0667039633031743E-002  -106.66670754259802        12542.771524414418     
   22105.393226894186      -0.12314106702107874       -105.62672008100421        12648.398244495422     
   22305.393226894186      -0.15334712587330679       -104.87872251472066        12753.276967010142     
   22505.393226894186      -0.18194729120283698       -104.19084495228321        12857.467811962426     
   22705.393226894186      -0.20929523012698548       -103.54244730339441        12961.010259265820     
   22905.393226894186      -0.24026619631632717       -102.35352303307938        13063.363782298900     
   23105.393226894186      -0.26933662854912377       -101.46580040426956        13164.829582703171     
   23305.393226894186      -0.29683417484532792       -100.68551715669314        13265.515099859864     
   23505.393226894186      -0.32305406479444354       -99.959474302626020        13365.474574162490     
   23705.393226894186      -0.34814956211173959       -99.275869195149809        13464.750443357640     
   23905.393226894186      -0.37474538620326198       -98.315847899574621        13563.066291257213     
   24105.393226894186      -0.40018492940630240       -97.517882249483065        13660.584173506697     
   24305.393226894186      -0.42636198530794511       -96.548204603327207        13757.132378110024     
   24505.393226894186      -0.45130070524440957       -95.700371803000763        13852.832749913025     
   24705.393226894186      -0.47503601485316393       -94.943722379125802        13947.776472292151     
   24905.393226894186      -0.49777697829605089       -94.249264854815877        14042.025737146967     
   25105.393226894186      -0.51965720171697094       -93.604750016814336        14135.630487163782     
   25305.393226894186      -0.54331559960839693       -92.659660214610113        14228.290147378393     
   25505.393226894186      -0.56624682098394352       -91.821426668343577        14320.111574046738     
   25705.393226894186      -0.58816583463007954       -91.080485648952262        14411.192059695690     
   25905.393226894186      -0.60924694317372896       -90.408592007564238        14501.600651703255     
   26105.393226894186      -0.62961047482205401       -89.791179877047114        14591.391831580302     
   26305.393226894186      -0.64929915436713670       -89.212961649551403        14680.604793229853     
   26505.393226894186      -0.66968656391006320       -88.473901988563725        14769.078695218417     
   26705.393226894186      -0.68954360668528714       -87.793134173271085        14856.871829391688     
   26905.393226894186      -0.70863424866437463       -87.182863824290294        14944.054693215978     
   27105.393226894186      -0.72827509940134516       -86.449284216284184        15030.503977432261     
   27305.393226894186      -0.74742100693795854       -85.781806905351274        15116.285784337613     
   27505.393226894186      -0.76586398816411871       -85.183390455004130        15201.469174792617     
   27705.393226894186      -0.78357271248669191       -84.625855324140076        15286.095030116758     
   27905.393226894186      -0.80057492793209761       -84.107104054453416        15370.202134171212     
   28105.393226894186      -0.81700572944814598       -83.629862759783691        15453.831996930996     
   28305.393226894186      -0.83452744671244905       -82.956680136551213        15536.788677067547     
   28505.393226894186      -0.85185058491429888       -82.326132939715279        15619.114810007262     
   28705.393226894186      -0.86865718875731524       -81.772935635709544        15700.887745642973     
   28905.393226894186      -0.88491640697954432       -81.268883295011079        15782.156628937984     
   29105.393226894186      -0.90062210353115280       -80.803651467855218        15862.960280405840     
   29305.393226894186      -0.91583947813423006       -80.376822611893303        15943.337103017733     
   29505.393226894186      -0.93137220247568986       -79.876412087739908        16023.213515105474     
   29705.393226894186      -0.94675185777280257       -79.396603114868128        16102.610118220342     
   29905.393226894186      -0.96180793577499657       -78.964816276471552        16181.574934496814     
   30105.393226894186      -0.97648007128385417       -78.565285641555619        16260.140220138370     
   30305.393226894186      -0.99138667403176328       -78.088412019545345        16338.228632157916     
   30505.393226894186       -1.0060496415055222       -77.626440306044842        16415.855072463961     
   30705.393226894186       -1.0203136524636802       -77.210829640295913        16493.065902104256     
   30905.393226894186       -1.0342024020307865       -76.837219403626122        16569.903121507883     
   31105.393226894186       -1.0477581282150035       -76.499164036103437        16646.402285543987     
   31305.393226894186       -1.0609487445753762       -76.180802015872359        16722.583087559859     
   31505.393226894186       -1.0737076522136895       -75.879497704916687        16798.462585264777     
   31705.393226894186       -1.0868714986017569       -75.471166137781708        16873.933751402557     
   31905.393226894186       -1.0999615208098394       -75.068591965409283        16949.002343367967     
   32105.393226894186       -1.1128395564837950       -74.711577901118645        17023.713921269085     
   32305.393226894186       -1.1254689334896557       -74.395647967943233        17098.109569237029     
   32505.393226894186       -1.1367582404706269       -74.261695811518521        17172.371265048547     
   32705.393226894186       -1.1484620561825669       -74.112684756199158        17246.483949804748     
   32905.393226894186       -1.1602393603480285       -73.933984347689929        17320.417934152436     
   33105.393226894186       -1.1719027852199400       -73.742349907953454        17394.160284060388     
   33305.393226894186       -1.1837519253131568       -73.502193284771309        17467.662477345159     
   33505.393226894186       -1.1955831054578485       -73.260253289588306        17540.922730634746     
   33705.393226894186       -1.2072953321004216       -73.033798772645682        17613.956529407391     
   33905.393226894186       -1.2188570334075701       -72.827181760857499        17686.783711168249     
   34105.393226894186       -1.2302613317772504       -72.640245092265417        17759.423956260514     
   34305.393226894186       -1.2418111638588891       -72.417449916055617        17831.841406176569     
   34505.393226894186       -1.2532657873848385       -72.188470886856521        17904.029877063425     
   34705.393226894186       -1.2644915017158742       -71.969733618106730        17975.999610681531     
   34905.393226894186       -1.2754611935420690       -71.772458474086804        18047.772069155617     
   35105.393226894186       -1.2862020915176728       -71.602018815392810        18119.374087971009     
   35305.393226894186       -1.2967541828611737       -71.458370425399863        18190.832458396409     
   35505.393226894186       -1.3071499036008714       -71.338586439493014        18262.171044835901     
   35705.393226894186       -1.3173176643881721       -71.222556543528015        18333.393601379430     
   35905.393226894186       -1.3272812573083321       -71.127654967783272        18404.521256347212     
   36105.393226894186       -1.3373843474328284       -70.979365576152190        18475.500621923366     
   36305.393226894186       -1.3474650524847083       -70.829175909710031        18546.329797833074     
   36505.393226894186       -1.3574532553036698       -70.699051047598829        18617.028848880673     
   36705.393226894186       -1.3673334830605006       -70.593318325648809        18687.622167206322     
   36905.393226894186       -1.3771054601259571       -70.510335167930492        18758.132502374254     
   37105.393226894186       -1.3867699635203805       -70.447244787442813        18828.579747161697     
   37305.393226894186       -1.3963258806248022       -70.401499721388106        18898.981246883086     
   37505.393226894186       -1.4056781184560658       -70.352623204211199        18969.333870087296     
   37705.393226894186       -1.4148684616793368       -70.327873496755799        19039.661743584053     
   37905.393226894186       -1.4241272996827221       -70.307302301024521        19109.969045885078     
   38105.393226894186       -1.4334075074097048       -70.289241670675338        19180.258287555753     
   38305.393226894186       -1.4426582175393650       -70.281091057636516        19250.539378613390     
   38505.393226894186       -1.4518574132414943       -70.287216646431702        19320.826595259823     
   38705.393226894186       -1.4609972572686560       -70.308536677332228        19391.135131937157     
   38905.393226894186       -1.4700732770573122       -70.344290471672025        19461.479422408829     
   39105.393226894186       -1.4791257212722024       -70.350598906007889        19531.830021314836     
   39305.393226894186       -1.4880926285772729       -70.354728133348686        19602.184749448184     
   39505.393226894186       -1.4969245606727859       -70.365336588063272        19672.550086036248     
   39705.393226894186       -1.5056363991574440       -70.396646885111494        19742.946732921358     
   39905.393226894186       -1.5142625891042523       -70.452303257866873        19813.399036179224     
   40105.393226894186       -1.5228313317154445       -70.530503639812267        19883.929539819037     
   40305.393226894186       -1.5313582201641396       -70.627807843732398        19954.557347662769     
   40505.393226894186       -1.5397284209292823       -70.713263551340873        20025.270611214110     
   40705.393226894186       -1.5479608831470750       -70.818258508322202        20096.088869722433     
   40905.393226894186       -1.5561575558925780       -70.962885377959111        20167.051755100390     
   41105.393226894186       -1.5643899254493161       -71.141065337214030        20238.192820437605     
   41305.393226894186       -1.5726745213127939       -71.277434410286446        20309.470254847893     
   41505.393226894186       -1.5809547289818577       -71.403652539439335        20380.873907387333     
   41705.393226894186       -1.5892041615204315       -71.537062612164249        20452.410969999499     
   41905.393226894186       -1.5974146276230199       -71.683871079096278        20524.094841078597     
   42105.393226894186       -1.6055833543391489       -71.845155773064519        20595.939996851663     
   42305.393226894186       -1.6137079738418985       -72.020263907691259        20667.960260759355     
   42505.393226894186       -1.6216546836513439       -72.171917819533462        20740.132178578890     
   42705.393226894186       -1.6294659461653276       -72.346586877703501        20812.478765456592     
   42905.393226894186       -1.6372411157716713       -72.563046536812934        20885.041811993404     
   43105.393226894186       -1.6450519192486495       -72.817451077241003        20957.859263070644     
   43305.393226894186       -1.6528489453617499       -73.073541252603036        21030.932804323249     
   43505.393226894186       -1.6606215868526588       -73.339330837983084        21104.272135161231     
   43705.393226894186       -1.6684259468199756       -73.608732491779918        21177.880867653010     
   43905.393226894186       -1.6762644075171531       -73.884773394826922        21251.765641047838     
   44105.393226894186       -1.6841247291567156       -74.169947819745246        21325.935588867582     
   44305.393226894186       -1.6919931113976230       -74.465125265958747        21400.400714133542     
   44505.393226894186       -1.6998570121585010       -74.770327373373249        21475.171041506917     
   44705.393226894186       -1.7075806796199449       -75.038468426873266        21550.209509933789     
   44905.393226894186       -1.7151465674976949       -75.302406758866169        21625.511916692656     
   45105.393226894186       -1.7226166500463425       -75.592431597991421        21701.104348290646     
   45305.393226894186       -1.7300872600443480       -75.904674512417827        21777.009022803064     
   45505.393226894186       -1.7375907637525625       -76.238223592890250        21853.247246395953     
   45705.393226894186       -1.7451325707489773       -76.591232134450124        21929.838478530404     
   45905.393226894186       -1.7527072797531451       -76.961139169538100        22006.799617699944     
   46105.393226894186       -1.7603052358398692       -77.345470052629523        22084.145087752575     
   46305.393226894186       -1.7676186290542435       -77.660961884263344        22161.806049636838     
   46505.393226894186       -1.7749299114311023       -78.082515351237674        22239.888564988076     
   46705.393226894186       -1.7823460529330881       -78.569544629461376        22318.458109617539     
   46905.393226894186       -1.7898856330134481       -79.089564950312180        22397.547674567850     
   47105.393226894186       -1.7973020366121042       -79.512118419842366        22477.059792987693     
   47305.393226894186       -1.8046343776139864       -79.937329278146080        22556.997122265839     
   47505.393226894186       -1.8119231576060257       -80.379542907700596        22637.376665173539     
   47705.393226894186       -1.8191925883648130       -80.838538034551917        22718.215203208092     
   47905.393226894186       -1.8264533009684203       -81.311176929283334        22799.526380137377     
   48105.393226894186       -1.8337079005265957       -81.794577355674164        22881.320957493052     
   48305.393226894186       -1.8409914885530934       -82.278258369550926        22963.599215862603     
   48505.393226894186       -1.8483039417013010       -82.761850804695541        23046.361066667298     
   48705.393226894186       -1.8553230224801918       -83.126105496548192        23129.487172163845     
   48905.393226894186       -1.8623392087337258       -83.609991051010752        23213.097163214854     
   49105.393226894186       -1.8694574399522845       -84.177195232175265        23297.274358447030     
   49305.393226894186       -1.8767079056471154       -84.794488809901281        23382.068847256931     
   49505.393226894186       -1.8840852499536482       -85.439278380543314        23467.508125637472     
   49705.393226894186       -1.8914264878168712       -86.003139087196459        23553.511264724668     
   49905.393226894186       -1.8987435758233473       -86.561545324687231        23640.072810049354     
   50105.393226894186       -1.9060602273448919       -87.134999491913717        23727.207809541269     
   50305.393226894186       -1.9133895040313136       -87.724717337015093        23814.932526878285     
   50505.393226894186       -1.9207348039751437       -88.327441272268388        23903.259968150553     
   50705.393226894186       -1.9280938690019516       -88.939756946910592        23992.199725097464     
   50905.393226894186       -1.9354618317807790       -89.559054339020832        24081.758779436484     
   51105.393226894186       -1.9428330077724891       -90.183515834114729        24171.942295270601     
   51305.393226894186       -1.9502018179809326       -90.811894559217293        24262.754189829819     
   51505.393226894186       -1.9571935577308723       -91.158573663601928        24353.912763493419     
   51705.393226894186       -1.9641304054973041       -91.649634380188886        24445.562397873608     
   51905.393226894186       -1.9711026418326782       -92.228227717611446        24537.790625591220     
   52105.393226894186       -1.9781415098409039       -92.860000656540947        24630.650626247760     
   52305.393226894186       -1.9852511602029790       -93.523379922306532        24724.174006170066     
   52505.393226894186       -1.9924241110799454       -94.204517953643602        24818.378524123709     
   52705.393226894186       -1.9996486632284500       -94.894405846531328        24913.272929970241     
   52905.393226894186       -2.0069123870508738       -95.587127838097103        25008.860057808339     
   53105.393226894186       -2.0136766908021380       -96.667791260676225        25105.527849069014     
   53305.393226894186       -2.0206421899503137       -97.686629056604701        25203.214478125617     
   53505.393226894186       -2.0278372298504017       -98.603452607031500        25301.817930732650     
   53705.393226894186       -2.0352156413854963       -99.427985041188379        25401.245915773838     
   53905.393226894186       -2.0427231194326652       -100.18008991748502        25501.426005691323     
   54105.393226894186       -2.0503236413036072       -100.87555182863812        25602.301557519961     
   54305.393226894186       -2.0574685516051048       -100.95452020703534        25703.256077726997     
   54505.393226894186       -2.0645135438766395       -101.26566833000719        25804.521746057006     
   54705.393226894186       -2.0715524647081116       -101.67994466479460        25906.201690721799     
   54905.393226894186       -2.0786122325078016       -102.13891250443547        26008.340603226236     
   55105.393226894186       -2.0856953914153795       -102.61547498510748        26110.956078211344     
   55305.393226894186       -2.0927965699285540       -103.09672311991862        26214.052801331261     
   55505.393226894186       -2.0999086760729941       -103.57628875622471        26317.629090087485     
   55705.393226894186       -2.1070250611568380       -104.05087567328152        26421.679965760766     
   55905.393226894186       -2.1141401267578166       -104.51865636527508        26526.198622126041     
   56105.393226894186       -2.1205852072343818       -105.50088422513637        26631.699506351179     
   56305.393226894186       -2.1272308670288953       -106.36946722473095        26738.068973575908     
   56505.393226894186       -2.1341106756197625       -107.09919006647657        26845.168163642385     
   56705.393226894186       -2.1411929263417195       -107.70737779523347        26952.875541437617     
   56905.393226894186       -2.1484323529131197       -108.21965281145459        27061.095194249072     
   57105.393226894186       -2.1557871745084602       -108.65897079199010        27169.754165041060     
   57305.393226894186       -2.1632232909504849       -109.04321762102919        27278.797382662091     
   57505.393226894186       -2.1703308207648795       -108.90560996414911        27387.702992626240     
   57705.393226894186       -2.1773574502712418       -109.01192735706864        27496.714919983307     
   57905.393226894186       -2.1843935362452962       -109.20970157344102        27605.924621556747     
   58105.393226894186       -2.1914604944711558       -109.43750031272846        27715.362121869475     
   58305.393226894186       -2.1985564736724612       -109.67079241081929        27825.032914280295     
   58505.393226894186       -2.2056797484413582       -109.89852508517377        27934.931439365468     
   58705.393226894186       -2.2128263065474600       -110.11651931365130        28045.047958679119     
   58905.393226894186       -2.2199902600307460       -110.32389957172987        28155.371858250848     
   59105.393226894186       -2.2271649855989755       -110.52118309465547        28265.893041345502     
   59305.393226894186       -2.2343439781360472       -110.70934307481812        28376.602384420319     
   59505.393226894186       -2.2412880291551032       -111.09000817857520        28487.692392598896     
   59705.393226894186       -2.2473306741335799       -111.71909844719535        28599.411491046092     
   59905.393226894186       -2.2537031846982991       -112.18237595134613        28711.593866997438     
   60105.393226894186       -2.2603090553346497       -112.53068901480552        28824.124556012244     
   60305.393226894186       -2.2670831068384150       -112.79616450477376        28936.920720517017     
   60505.393226894186       -2.2739775402070967       -113.23146487671401        29050.152185393730     
   60705.393226894186       -2.2809559576135419       -113.58671363364014        29163.738899027372     
   60905.393226894186       -2.2879901945546228       -113.92237087874202        29277.661269906115     
   61105.393226894186       -2.2950582846601870       -114.24327864672495        29391.904548552840     
   61305.393226894186       -2.3021429921560133       -114.55281621990599        29506.457364772745     
   61505.393226894186       -2.3092307033264343       -114.85332416248609        29621.310688935231     
   61705.393226894186       -2.3168175059123288       -115.02836361931756        29736.339052554547     
   61905.393226894186       -2.3243625709775539       -115.22585804112856        29851.564910595676     
   62105.393226894186       -2.3318064425439404       -115.44891467439570        29967.013825270071     
   62305.393226894186       -2.3391436369642387       -115.68997270062225        30082.703797970695     
   62505.393226894186       -2.3463848808049241       -115.94088207022932        30198.644680040925     
   62705.393226894186       -2.3535427903643158       -116.19555192737555        30314.840231968301     
   62905.393226894186       -2.3606275280744979       -116.45003601064531        30431.290267978948     
   63105.393226894186       -2.3676461741342978       -116.70197971010268        30547.992247689050     
   63305.393226894186       -2.3746032376667237       -116.95006431884124        30664.942312007890     
   63505.393226894186       -2.3794298529358038       -117.98661965612870        30782.928931664017     
   63705.393226894186       -2.3849184673221067       -118.63850401922788        30901.567435683246     
   63905.393226894186       -2.3907272883888799       -119.10571456303143        31020.673150246279     
   64105.393226894186       -2.3966921071391005       -119.47862444828071        31140.151774694561     
   64305.393226894186       -2.4027302595404314       -119.79963087558080        31259.951405570140     
   64505.393226894186       -2.4087978332210280       -120.08947371500246        31380.040879285141     
   64705.393226894186       -2.4148700482297727       -120.35878562113177        31500.399664906272     
   64905.393226894186       -2.4209319970360488       -120.61330379242098        31621.012968698691     
   65105.393226894186       -2.4269741305234520       -120.85629351222400        31741.869262210916     
   65305.393226894186       -2.4329899749000115       -121.08971376942378        31862.958975980338     
   65505.393226894186       -2.4389749277209574       -121.31479955964814        31984.273775539987     
   65705.393226894186       -2.4456527582902190       -121.33664718976863        32105.610422729755     
   65905.393226894186       -2.4521235363581617       -121.42824200243638        32227.038664732190     
   66105.393226894186       -2.4584068180295784       -121.56315571445924        32348.601820446649     
   66305.393226894186       -2.4645359568237439       -121.72141114593359        32470.323231592582     
   66505.393226894186       -2.4705419718977426       -121.88972544166877        32592.212957034251     
   66705.393226894186       -2.4764493975223454       -122.05992416666894        32714.272881200919     
   66905.393226894186       -2.4822763515814694       -122.22727956345875        32836.500160764379     
   67105.393226894186       -2.4880357786910654       -122.38923933592336        32958.889400100299     
   67305.393226894186       -2.4937384213509053       -122.54418210847489        33081.433582208774     
   67505.393226894186       -2.4993926553620982       -122.69125820942153        33204.124840418197     
   67705.393226894186       -2.5050044292345151       -122.83024923750280        33326.955089655698     
   67905.393226894186       -2.5089632141391722       -123.78365348978825        33450.738743145484     
   68105.393226894186       -2.5135957689876820       -124.28639076198017        33575.025133907468     
   68305.393226894186       -2.5185151793058833       -124.59655889076605        33699.621692798231     
   68505.393226894186       -2.5235563626309050       -124.81796661262817        33824.439659410862     
   68705.393226894186       -2.5286457712108188       -124.99426059710261        33949.433920007963     
   68905.393226894186       -2.5337489613751862       -125.14477131614029        34074.578691324103     
   69105.393226894186       -2.5388487439580683       -119.13945811003215        34193.718149434135     
   69305.393226894186       -2.5439358954744260       -119.21198841351804        34312.930137847652     
   69505.393226894186       -2.5490050653593421       -119.27788000934679        34432.208017856996     
   69705.393226894186       -2.5540529027835572       -119.33860616793703        34551.546624024930     
   69905.393226894186       -2.5590771597168449       -119.39511564023357        34670.941739665162     
   70105.393226894186       -2.5640762384566802       -119.44805955189898        34790.389799217060     
   70305.393226894186       -2.5693853542357696       -119.40709981917774        34909.796899036235     
   70505.393226894186       -2.5746073082200596       -119.39457434681759        35029.191473383056     
   70705.393226894186       -2.5797337564845697       -119.40266707360377        35148.594140456662     
   70905.393226894186       -2.5850369417944652       -119.37034359633367        35267.964484052995     
   71105.393226894186       -2.5900360391434711       -119.41211973057594        35387.376603783574     
   71305.393226894186       -2.5948774308782183       -119.47313009021448        35506.849733873787     
   71505.393226894186       -2.5996268470064994       -119.53460464088266        35626.384338514668     
   71705.393226894186       -2.6043154778276434       -119.59074957449026        35745.975088089159     
   71905.393226894186       -2.6089590673769214       -119.64034655614988        35865.615434645311     
   72105.393226894186       -2.6135660794179287       -119.68369917581425        35985.299133821129     
   72305.393226894186       -2.6181413287723276       -119.72153645476467        36105.020670275895     
   72505.393226894186       -2.6226876737055926       -119.75463368232812        36224.775303958224     
   72705.393226894186       -2.6272068496491561       -119.78369394926031        36344.558997907487     
   72905.393226894186       -2.6316999064410451       -119.80932189518118        36464.368319802670     
   73105.393226894186       -2.6361674532235599       -119.83202792050820        36584.200347723177     
   73305.393226894186       -2.6407262032747454       -119.82640177567387        36704.026749498851     
   73505.393226894186       -2.6453014438505384       -119.81682680666283        36823.843576305517     
   73705.393226894186       -2.6498578898827136       -119.81111228557188        36943.654688591087     
   73905.393226894186       -2.6543792860569946       -119.81087890748191        37063.465567498570     
   74105.393226894186       -2.6588592551449617       -119.81549471880130        37183.281062217371     
   74305.393226894186       -2.6632964238924450       -119.82366973250136        37303.104731949876     
   74505.393226894186       -2.6676916713180194       -119.83415315506973        37422.938885104944     
   74705.393226894186       -2.6720467596962614       -119.84593342844660        37542.784818533393     
   74905.393226894186       -2.6763636537666637       -119.85826453522493        37662.643083068615     
   75105.393226894186       -2.6806454746092063       -119.87035174732371        37782.513434815941     
   75305.393226894186       -2.6848957510851070       -119.88152144223992        37902.394956258184     
   75505.393226894186       -2.6891176476114085       -119.89134171645465        38022.286297974635     
   75705.393226894186       -2.6933136045247297       -119.89962469707218        38142.185922671706     
   75905.393226894186       -2.6974852978989028       -119.90636629088588        38262.092288962594     
   76105.393226894186       -2.7024638718330261       -119.73878933803375        38381.831078300631     
   76305.393226894186       -2.7068430164992061       -119.74754675952153        38501.578625060152     
   76505.393226894186       -2.7109534677110791       -119.80148844304865        38621.380113503204     
   76705.393226894186       -2.7149335699802046       -119.85947739526766        38741.239590898469     
   76905.393226894186       -2.7188426660795737       -119.91030328578661        38861.149894184258     
   77105.393226894186       -2.7227068617984207       -119.95228781609705        38981.102182000359     
   77305.393226894186       -2.7265379243688495       -119.98644083887352        39101.088622839234     
   77505.393226894186       -2.7303412717661306       -120.01425588979033        39221.102878729027     
   77705.393226894186       -2.7341194336172476       -120.03707464197876        39341.139953371006     
   77905.393226894186       -2.7378735896735193       -120.05596101040004        39461.195914381409     
   78105.393226894186       -2.7416042728725554       -120.07172437654350        39581.267638757956     
   78305.393226894186       -2.7453117002743355       -120.08497406667412        39701.352612824630     
   78505.393226894186       -2.7489959337852157       -120.09617025057877        39821.448783075211     
   78705.393226894186       -2.7526569607772933       -120.10566370383945        39941.554446779053     
   78905.393226894186       -2.7564224343845276       -120.08643920105587        40061.640885980109     
   79105.393226894186       -2.7602104871084765       -120.06462979302080        40181.705515773130     
   79305.393226894186       -2.7639807509708616       -120.04836862736536        40301.753884400496     
   79505.393226894186       -2.7677141418060329       -120.03910853957842        40421.792992940071     
   79705.393226894186       -2.7714028119687906       -120.03595906498282        40541.828952005053     
   79905.393226894186       -2.7750447565307965       -120.03741257991189        40661.866364584967     
   80105.393226894186       -2.7786408910831293       -120.04199938565358        40781.908363970622     
   80305.393226894186       -2.7821934401895829       -120.04851975970539        40901.956883730330     
   80505.393226894186       -2.7857051846006806       -120.05601856480209        41022.012902295130     
   80705.393226894186       -2.7891789602558115       -120.06380079631823        41142.076703091450     
   80905.393226894186       -2.7926174521564442       -120.07137696433814        41262.148080055791     
   81105.393226894186       -2.7960231041211827       -120.07841397898324        41382.226494034774     
   81305.393226894186       -2.7993980910007665       -120.08469466513026        41502.311188699903     
   81505.393226894186       -2.8027443230407316       -120.09008605933201        41622.401274759235     
   81705.393226894186       -2.8060634655059813       -120.09451535941230        41742.495790118650     
   81905.393226894186       -2.8093569643532637       -120.09795205370976        41862.593742172357     
   82105.393226894186       -2.8126260730777108       -120.10031224652512        41982.694054418884     
   82305.393226894186       -2.8158718782919108       -120.10163775768039        42102.795692176565     
   82505.393226894186       -2.8200259948824051       -119.90969541410981        42222.705387590679     
   82705.393226894186       -2.8235673303675148       -119.90265533828280        42342.608042928965     
   82905.393226894186       -2.8268567093951824       -119.93727014782264        42462.545313076786     
   83105.393226894186       -2.8300297062005146       -119.97469506322545        42582.520008140011     
   83305.393226894186       -2.8331396929359705       -120.00604081461265        42702.526048954620     
   83505.393226894186       -2.8362089944200450       -120.03052981688411        42822.556578771502     
   83705.393226894186       -2.8392477131143310       -120.04921772013851        42942.605796491640     
   83905.393226894186       -2.8422608852380673       -120.06330570769687        43062.669102199339     
   84105.393226894186       -2.8452513078019175       -120.07377051920776        43182.742872718547     
   84305.393226894186       -2.8482207091174714       -120.08134410447857        43302.824216823028     
   84505.393226894186       -2.8511702714630185       -120.08656437078308        43422.910781193808     
   84705.393226894186       -2.8541008492536397       -120.08983408273676        43543.000615276542     
   84905.393226894186       -2.8570134292326230       -120.09139012993620        43663.092005406477     
   85105.393226894186       -2.8599091438920325       -120.09136539400308        43783.183370800478     
   85305.393226894186       -2.8627891173159261       -120.08985673989342        43903.273227540369     
   85505.393226894186       -2.8656543371791106       -120.08696218036363        44023.360189720734     
   85705.393226894186       -2.8685055964132902       -120.08279176166528        44143.442981482396     
   85905.393226894186       -2.8714313824230175       -120.05928766896977        44263.502269151366     
   86105.393226894186       -2.8743627647571879       -120.03686843139353        44383.539137582760     
   86305.393226894186       -2.8772768588720874       -120.01891903742742        44503.558056620190     
   86505.393226894186       -2.8801668408231560       -120.00483305598249        44623.562889676170     
