 #              _____________________  _______________________             #
 #              ___  __ \__  __ \_  / / /_  /___  ____/_  ___/             #
 #              __  / / /_  /_/ /  / / /_  __/_  __/  _____ \              #
 #              _  /_/ /_  _, _// /_/ / / /_ _  /___  ____/ /              #
 #              /_____/ /_/ |_| \____/  \__/ /_____/  /____/               #
 #                                                                         #
  
 #        time                      T            heat flux [W.L-2]   in    x              directions   cumulative flux
 #-----------------------------------------------------------------------------------------------

   0.0000000000000000        10.000000000000000       -0.0000000000000000        0.0000000000000000     
   1.0000000000000000        10.000000000000000       -0.0000000000000000        0.0000000000000000     
   1.9540000000000002        10.000000000000004       -0.0000000000000000        0.0000000000000000     
   2.8641160000000001        10.000000000000004       -0.0000000000000000        0.0000000000000000     
   3.8288389600000006        10.000000000000002       -0.0000000000000000        0.0000000000000000     
   4.8514452976000007        10.000000000000002       -0.0000000000000000        0.0000000000000000     
   5.9354080154560007        10.000000000000002       -0.0000000000000000        0.0000000000000000     
   7.0844084963833609        10.000000000000002       -0.0000000000000000        0.0000000000000000     
   8.3023490061663630        10.000000000000000       -0.0000000000000000        0.0000000000000000     
   9.5933659465363448        10.000000000000002       -0.0000000000000000        0.0000000000000000     
   10.961843903328527        10.000000000000000       -0.0000000000000000        0.0000000000000000     
   12.412430537528239        10.000000000000002       -0.0000000000000000        0.0000000000000000     
   13.950052369779934        10.000000000000002       -0.0000000000000000        0.0000000000000000     
   15.579931511966731        10.000000000000002       -5.6488147492927914E-013   5.6488147492927914E-013
   17.307603402684734        10.000000000000002       -5.6488147492927914E-013   1.1297629498585583E-012
   19.138935606845820        10.000000000000002       -5.6488147492927914E-013   1.6946444247878373E-012
   21.080147743256571        10.000000000000002       -0.0000000000000000        1.6946444247878373E-012
   23.137832607851966        10.000000000000002       -0.0000000000000000        1.6946444247878373E-012
   25.318978564323086        10.000000000000002       -0.0000000000000000        1.6946444247878373E-012
   27.630993278182473        10.000000000000004       -0.0000000000000000        1.6946444247878373E-012
   30.081728874873424        10.000000000000004       -0.0000000000000000        1.6946444247878373E-012
   32.679508607365833        10.000000000000004       -0.0000000000000000        1.6946444247878373E-012
   35.433155123807786        10.000000000000004       -0.0000000000000000        1.6946444247878373E-012
   38.352020431236255        10.000000000000005       -0.0000000000000000        1.6946444247878373E-012
   41.446017657110431        10.000000000000005       -0.0000000000000000        1.6946444247878373E-012
   44.725654716537058        10.000000000000005       -0.0000000000000000        1.6946444247878373E-012
   48.202069999529286        10.000000000000005       -0.0000000000000000        1.6946444247878373E-012
   51.887070199501046        10.000000000000005       -0.0000000000000000        1.6946444247878373E-012
   55.793170411471110        10.000000000000005       -0.0000000000000000        1.6946444247878373E-012
   59.933636636159378        10.000000000000005       -0.0000000000000000        1.6946444247878373E-012
   64.322530834328944        10.000000000000005       -0.0000000000000000        1.6946444247878373E-012
   68.974758684388689        10.000000000000007       -0.0000000000000000        1.6946444247878373E-012
   73.906120205452012        10.000000000000007       -0.0000000000000000        1.6946444247878373E-012
   79.133363417779137        10.000000000000007       -0.0000000000000000        1.6946444247878373E-012
   84.674241222845893        10.000000000000005       -0.0000000000000000        1.6946444247878373E-012
   90.547571696216650        10.000000000000005       -0.0000000000000000        1.6946444247878373E-012
   96.773301997989648        10.000000000000005       -0.0000000000000000        1.6946444247878373E-012
   103.37257611786903        10.000000000000005        5.6488147492927914E-013   2.2595258997171166E-012
   110.36780668494117        10.000000000000007        5.6488147492927914E-013   2.8244073746463958E-012
   117.78275108603765        10.000000000000007       -0.0000000000000000        2.8244073746463958E-012
   125.64259215119992        10.000000000000007        5.6488147492927914E-013   3.3892888495756751E-012
   133.97402368027193        10.000000000000007        1.1297629498585583E-012   4.5190517994342331E-012
   142.80534110108826        10.000000000000009        5.6488147492927914E-013   5.0839332743635120E-012
   152.16653756715357        10.000000000000009       -0.0000000000000000        5.0839332743635120E-012
   162.08940582118279        10.000000000000007       -0.0000000000000000        5.0839332743635120E-012
   172.60764617045376        10.000000000000005       -5.6488147492927914E-013   5.6488147492927908E-012
   183.75698094068099        10.000000000000007       -1.1297629498585583E-012   6.7785776991513493E-012
   194.90631571090822        10.000000000000007       -1.1297629498585583E-012   7.9083406490099070E-012
   206.72461056734909        10.000000000000007       -5.6488147492927914E-013   8.4732221239391866E-012
   219.25200311517639        10.000000000000007       -1.1297629498585583E-012   9.6029850737977443E-012
   232.53103921587336        10.000000000000005       -5.6488147492927914E-013   1.0167866548727024E-011
   246.60681748261214        10.000000000000004       -0.0000000000000000        1.0167866548727024E-011
   261.52714244535525        10.000000000000004       -0.0000000000000000        1.0167866548727024E-011
   277.34268690586293        10.000000000000000       -0.0000000000000000        1.0167866548727024E-011
   294.10716403400107        10.000000000000000       -0.0000000000000000        1.0167866548727024E-011
   311.87750978982751        9.9999999999999982       -0.0000000000000000        1.0167866548727024E-011
   330.71407629100355        9.9999999999999982        5.6488147492927894E-013   1.0732748023656304E-011
   350.68083678225014        9.9999999999999964        5.6488147492927894E-013   1.1297629498585583E-011
   371.84560290297151        9.9999999999999911       -0.0000000000000000        1.1297629498585583E-011
   394.28025499093616        9.9999999999999893       -3.9541703245049527E-012   1.5251799823090538E-011
   418.06098620417873        9.9999999999999680       -1.5251799823090531E-011   3.0503599646181069E-011
   443.26856129021581        9.9999999999998863       -5.1969095693493682E-011   8.2472695339674751E-011
   469.98859088141512        9.9999999999996128       -1.7172396837850088E-010   2.5419666371817563E-010
   498.31182224808640        9.9999999999987104       -5.4906479363125930E-010   8.0326145734943494E-010
   528.33444749675800        9.9999999999958238       -1.6963390692126257E-009   2.4996005265620608E-009
   560.15843026034986        9.9999999999869189       -5.0489106229179015E-009   7.5485111494799623E-009
   593.89185198975724        9.9999999999604476       -1.4503896750284206E-008   2.2052407899764168E-008
   629.64927902292902        9.9999999998844977       -4.0235942577737872E-008   6.2288350477502046E-008
   667.55215167809115        9.9999999996741380       -1.0782344617155250E-007   1.7011179664905454E-007
   707.72919669256305        9.9999999991115160       -2.7922995116115027E-007   4.4934174781020481E-007
   750.31686440790327        9.9999999976577278       -6.9913629019428865E-007   1.1484780380044934E-006
   795.45979218616390        9.9999999940266555       -1.6932904038926079E-006   2.8417684418971013E-006
   843.31129563112017        9.9999999852556023       -3.9692323241530021E-006   6.8110007660501038E-006
   894.03388928277377        9.9999999647533322       -9.0102939189766240E-006   1.5821294685026730E-005
   947.79983855352657        9.9999999183500101       -1.9819570390201455E-005   3.5640865075228185E-005
   1004.7917447805246        9.9999998165915684       -4.2271791229960683E-005   7.7912656305188874E-005
   1065.2031653811425        9.9999996002422655       -8.7477883570848990E-005   1.6539053987603788E-004
   1129.2392712177975        9.9999991539653266       -1.7576711318017830E-004   3.4115765305621617E-004
   1197.1175434046518        9.9999982601920898       -3.4314585846046460E-004   6.8430351151668083E-004
   1269.0685119227173        9.9999965210181259       -6.5138869037713190E-004   1.3356922018938127E-003
   1345.3365385518669        9.9999932303964272       -1.2032281035887877E-003   2.5389203054826002E-003
   1426.1806467787653        9.9999871718969224       -2.1643846005251276E-003   4.7033049060077273E-003
   1511.8754014992776        9.9999763090807647       -3.7943493958682750E-003   8.4976543018760019E-003
   1602.7118415030207        9.9999573266590964       -6.4878133993473948E-003   1.4985467701223398E-002
   1693.5482815067637        9.9999276957761367       -1.0480105581340002E-002   2.5465573282563402E-002
   1789.8349079107313        9.9998795767197279       -1.6632269203875772E-002   4.2097842486439177E-002
   1891.8987318989371        9.9998028836293908       -2.5931757071561774E-002   6.8029599558000947E-002
   2000.0863853264352        9.9996829040079316       -3.9722916045147771E-002  0.10775251560314872     
   2114.7652979595832        9.9994986327971667       -5.9794262574554745E-002  0.16754677817770347     
   2236.3249453507201        9.9992207096056820       -8.8471713001787133E-002  0.25601849117949060     
   2365.1781715853253        9.9988089418943886      -0.12871299262663979       0.38473148380613043     
   2501.7625913940069        9.9982094255322131      -0.18419711514782922       0.56892859895395964     
   2646.5420763912093        9.9973513113121069      -0.25940184024688501       0.82833043920084459     
   2800.0083304882437        9.9961433102537711      -0.35966158722337377        1.1879920264242183     
   2962.6825598311002        9.9944700789582601      -0.49119857104412884        1.6791905974683472     
   3135.1172429345279        9.9921886750629021      -0.66112096950702859        2.3403115669753758     
   3317.8980070241614        9.9891253178348087      -0.87738358028741781        3.2176951472627935     
   3511.6456169591729        9.9850727254936764       -1.1487085291074866        4.3664036763702798     
   3705.3932268941844        9.9801438030190681       -1.4628836647295913        5.8292873410998709     
   3905.3932268941844        9.9740562615295651       -1.8329808068494096        7.6622681479492805     
   4105.3932268941844        9.9669161921208023       -2.2483671961511256        9.9106353441004060     
   4305.3932268941844        9.9586834688020449       -2.7080337607519631        12.618669104852369     
   4505.3932268941844        9.9493304679857637       -3.2105545658795469        15.829223670731917     
   4705.3932268941844        9.9388414286411120       -3.7541775853409800        19.583401256072897     
   4905.3932268941844        9.9272116002923632       -4.3369060264884656        23.920307282561360     
   5105.3932268941844        9.9144462534819073       -4.9565692406941864        28.876876523255547     
   5305.3932268941844        9.9005596134627201       -5.6108832482206479        34.487759771476192     
   5505.3932268941844        9.8855737648048390       -6.2975014953243464        40.785261266800539     
   5705.3932268941844        9.8695175642479054       -7.0140565960896710        47.799317862890213     
   5905.3932268941844        9.8524255904009124       -7.7581938946577678        55.557511757547978     
   6105.3932268941844        9.8343371518590885       -8.5275976607348980        64.085109418282883     
   6305.3932268941844        9.8152953683993491       -9.3200108655482836        73.405120283831167     
   6505.3932268941844        9.7953463331889417       -10.133249635763066        83.538369919594231     
   6705.3932268941844        9.7745383578348779       -10.965213572990821        94.503583492585051     
   6905.3932268941844        9.7529212967453951       -11.813893170797259        106.31747666338231     
   7105.3932268941844        9.7305459459270214       -12.677375077532922        118.99485174091524     
   7305.3932268941844        9.7074635124380215       -13.553845479351414        132.54869722026666     
   7505.3932268941844        9.6837251522576739       -14.441591623984687        146.99028884425135     
   7705.3932268941844        9.6593815748057832       -15.339001521235085        162.32929036548643     
   7905.3932268941844        9.6344827106533888       -16.244562146999389        178.57385251248581     
   8105.3932268941844        9.6090774376465617       -17.156856522282467        195.73070903476827     
   8305.3932268941844        9.5832133626633187       -18.074559587856022        213.80526862262428     
   8505.3932268941844        9.5569366546126169       -18.996433188962644        232.80170181158692     
   8705.3932268941844        9.5302919202502494       -19.921320964964060        252.72302277655098     
   8905.3932268941844        9.5033221127518850       -20.848143803947274        273.57116658049824     
   9105.3932268941844        9.4760684636589438       -21.775896205320901        295.34706278581916     
   9305.3932268941844        9.4485704327875801       -22.703643293411130        318.05070607923028     
   9505.3932268941844        9.4208656784530813       -23.630517382790920        341.68122346202119     
   9705.3932268941844        9.3929900506775308       -24.555713694577591        366.23693715659880     
   9905.3932268941844        9.3649776048510027       -25.478485772712023        391.71542292931082     
   10105.393226894184        9.3368606290703049       -26.398141392787956        418.11356432209880     
   10305.393226894184        9.3086696760984147       -27.314039682811934        445.42760400491073     
   10505.393226894184        9.2804335933191506       -28.225589524211824        473.65319352912258     
   10705.393226894184        9.2521795530183901       -29.132248089840424        502.78544161896298     
   10905.393226894184        9.2239330881695203       -30.033518752259933        532.81896037122294     
   11105.393226894184        9.1957181358646594       -30.928948439319946        563.74790881054287     
   11305.393226894184        9.1675570912708295       -31.818124224381066        595.56603303492398     
   11505.393226894184        9.1394708737616295       -32.700669201342315        628.26670223626627     
   11705.393226894184        9.1114789985315259       -33.576238872298340        661.84294110856456     
   11905.393226894184        9.0835996439572604       -34.444518978274431        696.28746008683902     
   12105.393226894184        9.0558497143096108       -35.305223885400281        731.59268397223934     
   12305.393226894184        9.0282448993399171       -36.158095091207493        767.75077906344688     
   12505.393226894184        9.0007997284103514       -37.002900257673730        804.75367932112067     
   12705.393226894184        8.9735276205558616       -37.839432321922210        842.59311164304290     
   12905.393226894184        8.9464409335460289       -38.667508293248389        881.26061993629128     
   13105.393226894184        8.9195510082379421       -39.486968571366077        920.74758850765738     
   13305.393226894184        8.8928682047244951       -40.297677020251584        961.04526552790901     
   13505.393226894184        8.8664019390815163       -41.099520104206292        1002.1447856321153     
   13705.393226894184        8.8401607276483691       -41.892404760517223        1044.0371903926325     
   13905.393226894184        8.8141522364658940       -42.676256090710275        1086.7134464833428     
   14105.393226894184        8.7883833353687706       -43.451014870605952        1130.1644613539488     
   14305.393226894184        8.7628601566926516       -44.216634876327880        1174.3810962302766     
   14505.393226894184        8.7375881575946970       -44.973080189510355        1219.3541764197869     
   14705.393226894184        8.7125721787005581       -45.720323511071676        1265.0744999308586     
   14905.393226894184        8.6878164926945232       -46.458345790268439        1311.5328457211269     
   15105.393226894184        8.6633248484072549       -47.187135637069076        1358.7199813581960     
   15305.393226894184        8.6391005086448036       -47.906689149511280        1406.6266705077073     
   15505.393226894184        8.6151462733864008       -48.617011279678330        1455.2436817873856     
   15705.393226894184        8.5914644936798084       -49.318117140453026        1504.5617989278387     
   15905.393226894184        8.5680570868499544       -50.010031986984913        1554.5718309148235     
   16105.393226894184        8.5449255611588466       -50.692789602032285        1605.2646205168558     
   16305.393226894184        8.5220710453467312       -51.366430667770089        1656.6310511846259     
   16505.393226894186        8.4994943161569090       -52.031001948441592        1708.6620531330675     
   16705.393226894186        8.4771958297228380       -52.686554789249051        1761.3486079223167     
   16905.393226894186        8.4551757516454682       -53.333144178416021        1814.6817521007326     
   17105.393226894186        8.4334339730609376       -53.970829888538617        1868.6525819892713     
   17305.393226894186        8.4119701166287708       -54.599677897407929        1923.2522598866792     
   17505.393226894186        8.3907835547231642       -55.219758849975364        1978.4720187366545     
   17705.393226894186        8.3698734433960489       -55.831144989048411        2034.3031637257029     
   17905.393226894186        8.3492387603630007       -56.433907957574647        2090.7370716832775     
   18105.393226894186        8.3288783264769037       -57.028119718946890        2147.7651914022244     
   18305.393226894186        8.3087908056243815       -57.613855442530728        2205.3790468447551     
   18505.393226894186        8.2889747051088243       -58.191194214901245        2263.5702410596564     
   18705.393226894186        8.2694283790518739       -58.760218971720292        2322.3304600313768     
   18905.393226894186        8.2501500233701215       -59.321017816481842        2381.6514778478586     
   19105.393226894186        8.2311376692153750       -59.873684757441985        2441.5251626053005     
   19305.393226894186        8.2123891994362683       -60.418316646767416        2501.9434792520678     
   19505.393226894186        8.1939023848578305       -60.955009081308866        2562.8984883333769     
   19705.393226894186        8.1756749218224414       -61.483854176439756        2624.3823425098167     
   19905.393226894186        8.1577044462218620       -62.004942436671833        2686.3872849464883     
   20105.393226894186        8.1399885202930609       -62.518366868727007        2748.9056518152152     
   20305.393226894186        8.1225246188037481       -63.024224507039150        2811.9298763222541     
   20505.393226894186        8.1053101479765441       -63.522612425973357        2875.4524887482276     
   20705.393226894186        8.0883424711752578       -64.013625445658988        2939.4661141938864     
   20905.393226894186        8.0716189040064634       -64.497359443858301        3003.9634736377448     
   21105.393226894186        8.0551366892035077       -64.973915216606613        3068.9373888543514     
   21305.393226894186        8.0388929947986920       -65.443396654568588        3134.3807855089199     
   21505.393226894186        8.0228849379306286       -65.905906694803562        3200.2866922037233     
   21705.393226894186        8.0071096149081917       -66.361544761200562        3266.6482369649239     
   21905.393226894186        7.9915641361825678       -66.810404423165906        3333.4586413880897     
   22105.393226894186        7.9762456450337744       -67.252574261260690        3400.7112156493504     
   22305.393226894186        7.9611513081586853       -67.688141754617504        3468.3993574039678     
   22505.393226894186        7.9462783028051369       -68.117195035994413        3536.5165524399622     
   22705.393226894186        7.9316238352659028       -68.539819121926939        3605.0563715618891     
   22905.393226894186        7.9171851475831625       -68.956096515902331        3674.0124680777913     
   23105.393226894186        7.9029594737760531       -69.366114742707211        3743.3785828204987     
   23305.393226894186        7.8889439779021542       -69.769972041837363        3813.1485548623359     
   23505.393226894186        7.8751357353623579       -70.167774111533603        3883.3163289738695     
   23705.393226894186        7.8615317867670154       -70.559623106531262        3953.8759520804006     
   23905.393226894186        7.8481292056266492       -70.945611396629431        4024.8215634770299     
   24105.393226894186        7.8349251280530972       -71.325823504225298        4096.1473869812553     
   24305.393226894186        7.8219167184983167       -71.700345082095509        4167.8477320633510     
   24505.393226894186        7.8091011002306203       -72.069271336674632        4239.9170034000254     
   24705.393226894186        7.7964753150513211       -72.432706864117691        4312.3497102641431     
   24905.393226894186        7.7840363563497075       -72.790756031057214        4385.1404662952000     
   25105.393226894186        7.7717812705943885       -73.143509501388095        4458.2839757965885     
   25305.393226894186        7.7597072180370272       -73.491044134227906        4531.7750199308166     
   25505.393226894186        7.7478114343473470       -73.833435695657784        4605.6084556264741     
   25705.393226894186        7.7360911512471597       -74.170768968006186        4679.7792245944802     
   25905.393226894186        7.7245435633846409       -74.503135831427201        4754.2823604259074     
   26105.393226894186        7.7131658754799606       -74.830624129029886        4829.1129845549376     
   26305.393226894186        7.7019554063406694       -75.153305195929036        4904.2662897508662     
   26505.393226894186        7.6909096464132212       -75.471234722141219        4979.7375244730074     
   26705.393226894186        7.6800262281753549       -75.784464007959286        5055.5219884809667     
   26905.393226894186        7.6693028668539096       -76.093047851178312        5131.6150363321449     
   27105.393226894186        7.6587372802085412       -76.397051771991784        5208.0120881041366     
   27305.393226894186        7.6483271025464212       -76.696557260103106        5284.7086453642396     
   27505.393226894186        7.6380698457297083       -76.991658550034884        5361.7003039142746     
   27705.393226894186        7.6279629440305481       -77.282450383990522        5438.9827542982648     
   27905.393226894186        7.6180038704184261       -77.569012858907243        5516.5517671571724     
   28105.393226894186        7.6081902796029635       -77.851399999460085        5594.4031671566327     
   28305.393226894186        7.5985200209965447       -78.129652211733600        5672.5328193683663     
   28505.393226894186        7.5889909964339264       -78.403821827981503        5750.9366411963474     
   28705.393226894186        7.5796009994057734       -78.673986219935927        5829.6106274162830     
   28905.393226894186        7.5703476633480520       -78.940239951063703        5908.5508673673467     
   29105.393226894186        7.5612285399253896       -79.202675423014895        5987.7535427903613     
   29305.393226894186        7.5522412509639203       -79.461364766944030        6067.2149075573052     
   29505.393226894186        7.5433835645421574       -79.716362030078912        6146.9312695873841     
   29705.393226894186        7.5346533571410319       -79.967717885154130        6226.8989874725385     
   29905.393226894186        7.5260485486274824       -80.215488124068244        6307.1144755966070     
   30105.393226894186        7.5175670918506388       -80.459729853636674        6387.5742054502434     
   30305.393226894186        7.5092069418126108       -80.700504649878781        6468.2747101001223     
   30505.393226894186        7.5009659825635406       -80.937886521552798        6549.2125966216754     
   30705.393226894186        7.4928419868050256       -81.171960818432339        6630.3845574401075     
   30905.393226894186        7.4848326653378683       -81.402811707388494        6711.7873691474961     
   31105.393226894186        7.4769357903548244       -81.630506629050345        6793.4178757765467     
   31305.393226894186        7.4691493370685542       -81.855085937304523        6875.2729617138511     
   31505.393226894186        7.4614715959059215       -82.076560332865597        6957.3495220467166     
   31705.393226894186        7.4539010790411284       -82.294938041807555        7039.6444600885243     
   31905.393226894186        7.4464362594128195       -82.510259080521337        7122.1547191690461     
   32105.393226894186        7.4390753595281955       -82.722604004662770        7204.8773231737086     
   32305.393226894186        7.4318163295417357       -82.932074705177513        7287.8093978788866     
   32505.393226894186        7.4246591360306251       -83.138823229923815        7370.9482211088107     
   32705.393226894186        7.4175993828364302       -83.342831861669538        7454.2910529704805     
   32905.393226894186        7.4106354333820228       -83.544108084236001        7537.8351610547161     
   33105.393226894186        7.4037661658962826       -83.742620539543765        7621.5777815942602     
   33305.393226894186        7.3969908306265086       -83.938332228830419        7705.5161138230906     
   33505.393226894186        7.3903087640566927       -84.131234931819449        7789.6473487549101     
   33705.393226894186        7.3837191511331985       -84.321360125114012        7873.9687088800238     
   33905.393226894186        7.3772209410068683       -84.508767021561056        7958.4774759015845     
   34105.393226894186        7.3708128980877845       -84.693522464549304        8043.1709983661340     
   34305.393226894186        7.3644935978729649       -84.875702713581859        8128.0467010797156     
   34505.393226894186        7.3582613489688953       -85.055403837807972        8213.1021049175233     
   34705.393226894186        7.3521141646877037       -85.232738226590001        8298.3348431441136     
   34905.393226894186        7.3460498535697534       -85.407816674529187        8383.7426598186430     
   35105.393226894186        7.3400661953071591       -85.580728576149681        8469.3233883947923     
   35305.393226894186        7.3341611279018712       -85.751529969752653        8555.0749183645457     
   35505.393226894186        7.3283328894605484       -85.920241594048605        8640.9951599585947     
   35705.393226894186        7.3225800935551639       -86.086854178399108        8727.0820141369932     
   35905.393226894186        7.3169017441497051       -86.251336961953868        8813.3333510989469     
   36105.393226894186        7.3112969883947700       -86.413679808449672        8899.7470309073960     
   36305.393226894186        7.3057647315259509       -86.573931374979992        8986.3209622823761     
   36505.393226894186        7.3003034133806288       -86.732195892417550        9073.0531581747928     
   36705.393226894186        7.2949110656644240       -86.888597768726868        9159.9417559435205     
   36905.393226894186        7.2895855573864283       -87.043243122438255        9246.9849990659586     
   37105.393226894186        7.2843248749479201       -87.196196917556918        9334.1811959835159     
   37305.393226894186        7.2791273324808028       -87.347478289564023        9421.5286742730805     
   37505.393226894186        7.2739916793464943       -87.497067937148884        9509.0257422102295     
   37705.393226894186        7.2689171187300303       -87.644920248786235        9596.6706624590151     
   37905.393226894186        7.2639031127865969       -87.790998827034826        9684.4616612860500     
   38105.393226894186        7.2589490892501498       -87.935306021673398        9772.3969673077227     
   38305.393226894186        7.2540542667219192       -88.077881652893382        9860.4748489606154     
   38505.393226894186        7.2492176711701930       -88.218780079489207        9948.6936290401045     
   38705.393226894186        7.2444382716245475       -88.358046374102969        10037.051675414208     
   38905.393226894186        7.2397151320093887       -88.495703337560471        10125.547378751769     
   39105.393226894186        7.2350473494428513       -88.631775303601032        10214.179154055371     
   39305.393226894186        7.2304338641869865       -88.766313811690409        10302.945467867061     
   39505.393226894186        7.2258733675550140       -88.899394646728496        10391.844862513790     
   39705.393226894186        7.2213643875741198       -89.031093955226311        10480.875956469015     
   39905.393226894186        7.2169054790775693       -89.161464585425875        10570.037421054441     
   40105.393226894186        7.2124954117931948       -89.290524602227848        10659.327945656669     
   40305.393226894186        7.2081332921177594       -89.418258313368383        10748.746203970037     
   40505.393226894186        7.2038186054912927       -89.544624667510575        10838.290828637548     
   40705.393226894186        7.1995511970756407       -89.669567651861570        10927.960396289409     
   40905.393226894186        7.1953312166770367       -89.793025413712073        11017.753421703121     
   41105.393226894186        7.1911590483579104       -89.914937085455733        11107.668358788576     
   41305.393226894186        7.1870349381477965       -90.035292974862401        11197.703651763439     
   41505.393226894186        7.1829585314401267       -90.154170353159145        11287.857822116597     
   41705.393226894186        7.1789286946994366       -90.271713071453462        11378.129535188051     
   41905.393226894186        7.1749436965911899       -90.388078598626521        11468.517613786677     
   42105.393226894186        7.1710015741603890       -90.503391521371455        11559.021005308048     
   42305.393226894186        7.1671004864250065       -90.617721598347515        11649.638726906396     
   42505.393226894186        7.1632389514176200       -90.731083856455683        11740.369810762852     
   42705.393226894186        7.1594159534982316       -90.843450516605813        11831.213261279458     
   42905.393226894186        7.1556309527867370       -90.954765948870147        11922.168027228328     
   43105.393226894186        7.1518838356145089       -91.064960034653396        12013.232987262982     
   43305.393226894186        7.1481748355435180       -91.173958530247148        12104.406945793229     
   43505.393226894186        7.1445044438418011       -91.281690479333989        12195.688636272564     
   43705.393226894186        7.1408731077261312       -91.388125565665675        12287.076761838229     
   43905.393226894186        7.1372808883701317       -91.493297484680824        12378.570059322910     
   44105.393226894186        7.1337273387891997       -91.597286699335982        12470.167346022246     
   44305.393226894186        7.1302116297290414       -91.700183029452916        12561.867529051699     
   44505.393226894186        7.1267327869443671       -91.802055576376176        12653.669584628075     
   44705.393226894186        7.1232899064223734       -91.902940338636483        12745.572524966710     
   44905.393226894186        7.1198822885741491       -92.002841792232445        12837.575366758943     
   45105.393226894186        7.1165094928803168       -92.101740821780169        12929.677107580723     
   45305.393226894186        7.1131711075780393       -92.199638605763127        13021.876746186486     
   45505.393226894186        7.1098664445862454       -92.296585002412968        13114.173331188900     
   45705.393226894186        7.1065944495086235       -92.392662924027888        13206.565994112929     
   45905.393226894186        7.1033538546960528       -92.487951930705037        13299.053946043634     
   46105.393226894186        7.1001434277835473       -92.582500598407350        13391.636446642042     
   46305.393226894186        7.0969621785988490       -92.676317751834432        13484.312764393877     
   46505.393226894186        7.0938094702684822       -92.769377708492669        13577.082142102370     
   46705.393226894186        7.0906850420335656       -92.861631362988220        13669.943773465358     
   46905.393226894186        7.0875889723537400       -92.953017684862445        13762.896791150220     
   47105.393226894186        7.0845216098965267       -93.043473217907675        13855.940264368128     
   47305.393226894186        7.0814834939390687       -93.132938742108209        13949.073203110236     
   47505.393226894186        7.0784752793967431       -93.221363035825007        14042.294566146062     
   47705.393226894186        7.0754976750467415       -93.308704238926367        14135.603270384989     
   47905.393226894186        7.0725513972776639       -93.394929658886511        14228.998200043876     
   48105.393226894186        7.0696371374016369       -93.480014867308810        14322.478214911185     
   48305.393226894186        7.0667551282310033       -93.564005159212371        14416.042220070398     
   48505.393226894186        7.0639046731330906       -93.647046751509976        14509.689266821908     
   48705.393226894186        7.0610841020224751       -93.729344094467223        14603.418610916375     
   48905.393226894186        7.0582911467116585       -93.811088812112104        14697.229699728487     
   49105.393226894186        7.0555234546823158       -93.892409823822831        14791.122109552309     
   49305.393226894186        7.0527790035377489       -93.973358905405860        14885.095468457715     
   49505.393226894186        7.0500563256076791       -94.053921930482460        14979.149390388198     
   49705.393226894186        7.0473545595402340       -94.134040925039614        15073.283431313237     
   49905.393226894186        7.0446733881231793       -94.213636199943153        15167.497067513181     
   50105.393226894186        7.0420129219543455       -94.292623395977031        15261.789690909158     
   50305.393226894186        7.0393735718078752       -94.370924298053112        15356.160615207211     
   50505.393226894186        7.0367559336722447       -94.448472374654258        15450.609087581865     
   50705.393226894186        7.0341606960316136       -94.525214670023502        15545.134302251889     
   50905.393226894186        7.0315885703892054       -94.601111549639555        15639.735413801529     
   51105.393226894186        7.0290402421474010       -94.676135374016468        15734.411549175546     
   51305.393226894186        7.0265163379295927       -94.750268749012037        15829.161817924558     
   51505.393226894186        7.0240174073753465       -94.823502439343457        15923.985320363901     
   51705.393226894186        7.0215436236787738       -94.895877789141636        16018.881198153043     
   51905.393226894186        7.0190944930624015       -94.967502775684906        16113.848700928729     
   52105.393226894186        7.0166688871613934       -95.038515993091977        16208.887216921821     
   52305.393226894186        7.0142653496187215       -95.109036464687037        16303.996253386507     
   52505.393226894186        7.0118824572806240       -95.179133585632840        16399.175386972140     
   52705.393226894186        7.0095190776083705       -95.248823303452269        16494.424210275592     
   52905.393226894186        7.0071744805138536       -95.318080558144572        16589.742290833736     
   53105.393226894186        7.0048483374050896       -95.386856145595019        16685.129146979332     
   53305.393226894186        7.0025406616090065       -95.455090646983066        16780.584237626314     
   53505.393226894186        7.0002517321368991       -95.522723292900977        16876.106960919213     
   53705.393226894186        6.9979820204437608       -95.589696913616777        16971.696657832828     
   53905.393226894186        6.9957321234235339       -95.655960956685476        17067.352618789515     
   54105.393226894186        6.9935023743028735       -95.721523407573329        17163.074142197089     
   54305.393226894186        6.9912924647162527       -95.786471599107614        17258.860613796198     
   54505.393226894186        6.9891014284720736       -95.850934276369586        17354.711548072566     
   54705.393226894186        6.9869279347489739       -95.915027153295824        17450.626575225862     
   54905.393226894186        6.9847706544198438       -95.978819225830719        17546.605394451693     
   55105.393226894186        6.9826285300796558       -96.042326443523152        17642.647720895216     
   55305.393226894186        6.9805009030469147       -96.105522466453962        17738.753243361669     
   55505.393226894186        6.9783875244829829       -96.168354927367048        17834.921598289035     
   55705.393226894186        6.9762884979653590       -96.230760232916083        17931.152358521951     
   55905.393226894186        6.9742041935125068       -96.292674306046848        18027.445032827996     
   56105.393226894186        6.9721351612954168       -96.354038764120617        18123.799071592119     
   56305.393226894186        6.9700820627552904       -96.414802970068976        18220.213874562189     
   56505.393226894186        6.9680456251809728       -96.474923295044505        18316.688797857234     
   56705.393226894186        6.9660266146600289       -96.534361490446898        18413.223159347683     
   56905.393226894186        6.9640258163743756       -96.593083774799496        18509.816243122481     
   57105.393226894186        6.9620440122062908       -96.651061307102523        18606.467304429585     
   57305.393226894186        6.9600819510598324       -96.708271774365869        18703.175576203950     
   57505.393226894186        6.9581403142058109       -96.764701167761373        18799.940277371712     
   57705.393226894186        6.9562196828628924       -96.820344720746817        18896.760622092457     
   57905.393226894186        6.9543205155054224       -96.875206483789725        18993.635828576247     
   58105.393226894186        6.9524431386112466       -96.929297725267162        19090.565126301513     
   58305.393226894186        6.9505877497635584       -96.982634798546258        19187.547761100061     
   58505.393226894186        6.9487538665779702       -97.035322647194278        19284.583083747253     
   58705.393226894186        6.9469398402282421       -97.087578713251702        19381.670662460503     
   58905.393226894186        6.9451429821061836       -97.139661775430767        19478.810324235932     
   59105.393226894186        6.9433601433281531       -97.191784591940873        19576.002108827874     
   59305.393226894186        6.9415883343590750       -97.244068447459469        19673.246177275334     
   59505.393226894186        6.9398251330985543       -97.296543082283705        19770.542720357618     
   59705.393226894186        6.9380688458000508       -97.349170417672568        19867.891890775292     
   59905.393226894186        6.9363184952908972       -97.401872156776307        19965.293762932070     
   60105.393226894186        6.9345737243106429       -97.454551492405443        20062.748314424476     
   60305.393226894186        6.9328346731218531       -97.507107203413526        20160.255421627891     
   60505.393226894186        6.9311018592459765       -97.559441995616780        20257.814863623509     
   60705.393226894186        6.9293760679881684       -97.611467392735946        20355.426331016246     
   60905.393226894186        6.9276582549203063       -97.663106698819902        20453.089437715065     
   61105.393226894186        6.9259494603951239       -97.714296721823075        20550.803734436889     
   61305.393226894186        6.9242507369401665       -97.764988479678578        20648.568722916567     
   61505.393226894186        6.9225630907816527       -97.815146975964169        20746.383869892532     
   61705.393226894186        6.9208874424165492       -97.864749542117110        20844.248619434649     
   61905.393226894186        6.9192246121216350       -97.913782391285096        20942.162401825935     
   62105.393226894186        6.9175753289667945       -97.962236258963912        21040.124638084901     
   62305.393226894186        6.9159402519335504       -98.010102883864647        21138.134740968766     
   62505.393226894186        6.9143199879360324       -98.057373668614431        21236.192114637379     
   62705.393226894186        6.9127150960346277       -98.104040649568219        21334.296155286946     
   62905.393226894186        6.9111260756129393       -98.150098877390562        21432.446254164337     
   63105.393226894186        6.9095533434513410       -98.195548974379420        21530.641803138715     
   63305.393226894186        6.9079972078233602       -98.240398902350449        21628.882202041066     
   63505.393226894186        6.9064578497499944       -98.284664106540376        21727.166866147607     
   63705.393226894186        6.9049349239608180       -98.328425941442177        21825.495292089050     
   63905.393226894186        6.9034272606950084       -98.371840422066015        21923.867132511117     
   64105.393226894186        6.9019330242669383       -98.415081273772529        22022.282213784889     
   64305.393226894186        6.9004501627605439       -98.458278840537005        22120.740492625428     
   64505.393226894186        6.8989768427746867       -98.501493273687004        22219.241985899116     
   64705.393226894186        6.8975117065463110       -98.544720101190038        22317.786706000305     
   64905.393226894186        6.8960539439088784       -98.587911062762856        22416.374617063066     
   65105.393226894186        6.8946032409238445       -98.630996256498094        22515.005613319565     
   65305.393226894186        6.8931596714095100       -98.673901081497263        22613.679514401061     
   65505.393226894186        6.8917235772140746       -98.716556731642385        22712.396071132702     
   65705.393226894186        6.8902954655676822       -98.758904761768434        22811.154975894471     
   65905.393226894186        6.8888759390576952       -98.800896845539100        22909.955872740011     
   66105.393226894186        6.8874656597233805       -98.842491746572222        23008.798364486582     
   66305.393226894186        6.8860653359521979       -98.883652013500864        23107.682016500083     
   66505.393226894186        6.8846757155115874       -98.924342283911841        23206.606358783996     
   66705.393226894186        6.8832975714315872       -98.964529766213673        23305.570888550210     
   66905.393226894186        6.8819316754458892       -99.004186320863298        23404.575074871074     
   67105.393226894186        6.8805787612223064       -99.043291059900554        23503.618365930975     
   67305.393226894186        6.8792390730971507       -99.081894907794037        23602.700260838770     
   67505.393226894186        6.8779120135661316       -99.120132533320444        23701.820393372091     
   67705.393226894186        6.8765962572532935       -99.158166365522902        23800.978559737614     
   67905.393226894186        6.8752901615578192       -99.196126200842514        23900.174685938455     
   68105.393226894186        6.8739921712310128       -99.234082206777714        23999.408768145233     
   68305.393226894186        6.8727010633338166       -99.272048411959531        24098.680816557193     
   68505.393226894186        6.8714160292270208       -99.309999851719979        24197.990816408914     
   68705.393226894186        6.8701366509764377       -99.347890653284423        24297.338707062197     
   68905.393226894186        6.8688628288283455       -99.385667748640401        24396.724374810838     
   69105.393226894186        6.8675946961442715       -99.423279560536812        24496.147654371376     
   69305.393226894186        6.8663325399600872       -99.460680755349770        24595.608335126726     
   69505.393226894186        6.8650767342595280       -99.497834361360006        24695.106169488085     
   69705.393226894186        6.8638276876002147       -99.534712253098164        24794.640881741183     
   69905.393226894186        6.8625858043932082       -99.571294672040551        24894.212176413224     
   70105.393226894186        6.8613514582206854       -99.607569217153710        24993.819745630379     
   70305.393226894186        6.8601249763074712       -99.643529428243028        25093.463275058621     
   70505.393226894186        6.8589066349505652       -99.679172970661625        25193.142448029281     
   70705.393226894186        6.8576966644503372       -99.714499651169220        25292.856947680451     
   70905.393226894186        6.8564952625276518       -99.749509303408374        25392.606456983860     
   71105.393226894186        6.8553026154280232       -99.784199562618610        25492.390656546479     
   71305.393226894186        6.8541189228595929       -99.818564025445326        25592.209220571924     
   71505.393226894186        6.8529444192199467       -99.852591573964645        25692.061812145887     
   71705.393226894186        6.8517793834173197       -99.886267287799228        25791.948079433685     
   71905.393226894186        6.8506241334977851       -99.919574687321699        25891.867654121008     
   72105.393226894186        6.8494790075563143       -99.952498564680027        25991.820152685686     
   72305.393226894186        6.8483443362169236       -99.985027589581648        26091.805180275267     
   72505.393226894186        6.8472204131835905       -100.01715612357064        26191.822336398836     
   72705.393226894186        6.8461074694178894       -100.04888502593484        26291.871221424772     
   72905.393226894186        6.8450056544674709       -100.08022152369068        26391.951442948462     
   73105.393226894186        6.8439150263255817       -100.11117838297439        26492.062621331435     
   73305.393226894186        6.8428355566920516       -100.14177157740232        26592.204392908840     
   73505.393226894186        6.8417671590752409       -100.17201602327067        26692.376408932108     
   73705.393226894186        6.8407097351312629       -100.20192089347748        26792.578329825585     
   73905.393226894186        6.8396632218097801       -100.23148691952575        26892.809816745110     
   74105.393226894186        6.8386276204574763       -100.26070699757169        26993.070523742681     
   74305.393226894186        6.8376029983975108       -100.28956961248680        27093.360093355168     
   74505.393226894186        6.8365894653971218       -100.31806348823127        27193.678156843398     
   74705.393226894186        6.8355871351448432       -100.34618182836532        27294.024338671763     
   74905.393226894186        6.8345960836331718       -100.37392512140104        27394.398263793162     
   75105.393226894186        6.8336156062201585       -100.40140970847260        27494.799673501635     
   75305.393226894186        6.8326437185106199       -100.42887571554307        27595.228549217180     
   75505.393226894186        6.8316774558356563       -100.45658562913106        27695.685134846310     
   75705.393226894186        6.8307136018300056       -100.48472839474168        27796.169863241052     
   75905.393226894186        6.8297493302750789       -100.51338566432443        27896.683248905378     
   76105.393226894186        6.8287825433172884       -100.54254710466927        27997.225796010047     
   76305.393226894186        6.8278119426190287       -100.57214308041893        28097.797939090466     
   76505.393226894186        6.8268369515328162       -100.60207406172925        28198.400013152193     
   76705.393226894186        6.8258575838311630       -100.63223038604666        28299.032243538240     
   76905.393226894186        6.8248743081309122       -100.66250373447620        28399.694747272715     
   77105.393226894186        6.8238879245009834       -100.69279352087038        28500.387540793585     
   77305.393226894186        6.8228994556453220       -100.72301056172475        28601.110551355308     
   77505.393226894186        6.8219100521067952       -100.75307917623456        28701.863630531541     
   77705.393226894186        6.8209209117367005       -100.78293811821024        28802.646568649750     
   77905.393226894186        6.8199332143775671       -100.81254048964703        28903.459109139396     
   78105.393226894186        6.8189480723616498       -100.84185279592297        29004.300961935318     
   78305.393226894186        6.8179664964064850       -100.87085337398882        29105.171815309306     
   78505.393226894186        6.8169893753975819       -100.89953046093943        29206.071345770244     
   78705.393226894186        6.8160174677752465       -100.92788015233479        29306.999225922580     
   78905.393226894186        6.8150514073614907       -100.95590361663784        29407.955129539219     
   79105.393226894186        6.8140917290789904       -100.98360296641987        29508.938732505638     
   79305.393226894186        6.8131389127221356       -101.01097658601653        29609.949709091656     
   79505.393226894186        6.8121934323978977       -101.03801571969547        29710.987724811352     
   79705.393226894186        6.8112557953493145       -101.06470369410700        29812.052428505460     
   79905.393226894186        6.8103265586985042       -101.09101788337730        29913.143446388836     
   80105.393226894186        6.8094063215621299       -101.11693346387912        30014.260379852716     
   80305.393226894186        6.8084956976444433       -101.14242764139172        30115.402807494109     
   80505.393226894186        6.8075952772114388       -101.16748326212407        30216.570290756234     
   80705.393226894186        6.8067055874560989       -101.19209120580446        30317.762381962038     
   80905.393226894186        6.8058270581327536       -101.21625142520635        30418.978633387243     
   81105.393226894186        6.8049599964736096       -101.23997281057898        30520.218606197821     
   81305.393226894186        6.8041045728013199       -101.26327220451674        30621.481878402337     
   81505.393226894186        6.8032608163620223       -101.28617291468359        30722.768051317020     
   81705.393226894186        6.8024286197844841       -101.30870302224766        30824.076754339269     
   81905.393226894186        6.8016077500870011       -101.33089370600489        30925.407648045275     
   82105.393226894186        6.8007978641101623       -101.35277772360939        31026.760425768884     
   82305.393226894186        6.7999985264709277       -101.37438812541249        31128.134813894296     
   82505.393226894186        6.7992092304284633       -101.39575693088267        31229.530570825180     
   82705.393226894186        6.7984294240725429       -101.41691339132950        31330.947484216511     
   82905.393226894186        6.7976585424351761       -101.43788194752788        31432.385366164039     
   83105.393226894186        6.7968960416773587       -101.45868054418069        31533.844046708218     
   83305.393226894186        6.7961414285322244       -101.47932000754858        31635.323366715766     
   83505.393226894186        6.7953942789281045       -101.49980474849303        31736.823171464257     
   83705.393226894186        6.7946542432014958       -101.52013451913864        31838.343305983395     
   83905.393226894186        6.7939210392018907       -101.54030664912115        31939.883612632515     
   84105.393226894186        6.7931944371534172       -101.56031818315867        32041.443930815673     
   84305.393226894186        6.7924742408917451       -101.58016752729711        32143.024098342969     
   84505.393226894186        6.7917602694613057       -101.59985544482242        32244.623953787792     
   84705.393226894186        6.7910523417540709       -101.61938542985077        32346.243339217643     
   84905.393226894186        6.7903498093451642       -101.63883282806859        32447.882172045713     
   85105.393226894186        6.7896512867719503       -101.65834322687517        32549.540515272587     
   85305.393226894186        6.7889548914953695       -101.67806491250548        32651.218580185094     
   85505.393226894186        6.7882587104746648       -101.69809263340539        32752.916672818501     
   85705.393226894186        6.7875611688798667       -101.71845348422966        32854.635126302732     
   85905.393226894186        6.7868611919844009       -101.73912172128581        32956.374248024018     
   86105.393226894186        6.7861582049317937       -101.76004139914217        33058.134289423157     
   86305.393226894186        6.7854520520813644       -101.78114485835891        33159.915434281516     
   86505.393226894186        6.7847428952155440       -101.80236422095551        33261.717798502475     
