 #              _____________________  _______________________             #
 #              ___  __ \__  __ \_  / / /_  /___  ____/_  ___/             #
 #              __  / / /_  /_/ /  / / /_  __/_  __/  _____ \              #
 #              _  /_/ /_  _, _// /_/ / / /_ _  /___  ____/ /              #
 #              /_____/ /_/ |_| \____/  \__/ /_____/  /____/               #
 #                                                                         #
  
 #        time                      T            heat flux [W.L-2]   in    x              directions   cumulative flux
 #-----------------------------------------------------------------------------------------------

   0.0000000000000000        10.000000000000000       -0.0000000000000000        0.0000000000000000     
   1.0000000000000000        10.000000000000000       -0.0000000000000000        0.0000000000000000     
   1.9540000000000002        10.000000000000004       -0.0000000000000000        0.0000000000000000     
   2.8641160000000001        10.000000000000004       -0.0000000000000000        0.0000000000000000     
   3.8288389600000006        10.000000000000002       -0.0000000000000000        0.0000000000000000     
   4.8514452976000007        10.000000000000002       -0.0000000000000000        0.0000000000000000     
   5.9354080154560007        10.000000000000002       -0.0000000000000000        0.0000000000000000     
   7.0844084963833609        10.000000000000002       -0.0000000000000000        0.0000000000000000     
   8.3023490061663630        10.000000000000000       -0.0000000000000000        0.0000000000000000     
   9.5933659465363448        10.000000000000002       -0.0000000000000000        0.0000000000000000     
   10.961843903328527        10.000000000000000       -0.0000000000000000        0.0000000000000000     
   12.412430537528239        10.000000000000002       -0.0000000000000000        0.0000000000000000     
   13.950052369779934        10.000000000000002       -0.0000000000000000        0.0000000000000000     
   15.579931511966731        10.000000000000002        5.6488147492927924E-013   5.6488147492927924E-013
   17.307603402684734        10.000000000000002       -0.0000000000000000        5.6488147492927924E-013
   19.138935606845820        10.000000000000002       -0.0000000000000000        5.6488147492927924E-013
   21.080147743256571        10.000000000000002       -0.0000000000000000        5.6488147492927924E-013
   23.137832607851966        10.000000000000002       -0.0000000000000000        5.6488147492927924E-013
   25.318978564323086        10.000000000000002       -0.0000000000000000        5.6488147492927924E-013
   27.630993278182473        10.000000000000004       -0.0000000000000000        5.6488147492927924E-013
   30.081728874873424        10.000000000000004        5.6488147492927914E-013   1.1297629498585585E-012
   32.679508607365833        10.000000000000004       -0.0000000000000000        1.1297629498585585E-012
   35.433155123807786        10.000000000000004       -0.0000000000000000        1.1297629498585585E-012
   38.352020431236255        10.000000000000004        5.6488147492927914E-013   1.6946444247878377E-012
   41.446017657110431        10.000000000000004       -0.0000000000000000        1.6946444247878377E-012
   44.725654716537058        10.000000000000005       -0.0000000000000000        1.6946444247878377E-012
   48.202069999529286        10.000000000000005       -0.0000000000000000        1.6946444247878377E-012
   51.887070199501046        10.000000000000005       -0.0000000000000000        1.6946444247878377E-012
   55.793170411471110        10.000000000000005       -0.0000000000000000        1.6946444247878377E-012
   59.933636636159378        10.000000000000005       -0.0000000000000000        1.6946444247878377E-012
   64.322530834328944        10.000000000000007       -0.0000000000000000        1.6946444247878377E-012
   68.974758684388689        10.000000000000009       -5.6488147492927914E-013   2.2595258997171170E-012
   73.906120205452012        10.000000000000007       -0.0000000000000000        2.2595258997171170E-012
   79.133363417779137        10.000000000000007       -0.0000000000000000        2.2595258997171170E-012
   84.674241222845893        10.000000000000007       -0.0000000000000000        2.2595258997171170E-012
   90.547571696216650        10.000000000000007       -0.0000000000000000        2.2595258997171170E-012
   96.773301997989648        10.000000000000005       -0.0000000000000000        2.2595258997171170E-012
   103.37257611786903        10.000000000000005       -0.0000000000000000        2.2595258997171170E-012
   110.36780668494117        10.000000000000005       -5.6488147492927914E-013   2.8244073746463962E-012
   117.78275108603765        10.000000000000005       -5.6488147492927914E-013   3.3892888495756755E-012
   125.64259215119992        10.000000000000007       -1.1297629498585585E-012   4.5190517994342340E-012
   133.97402368027193        10.000000000000007       -1.1297629498585585E-012   5.6488147492927924E-012
   142.80534110108826        10.000000000000009       -1.1297629498585585E-012   6.7785776991513509E-012
   152.16653756715357        10.000000000000009       -1.1297629498585585E-012   7.9083406490099086E-012
   162.08940582118279        10.000000000000007       -5.6488147492927924E-013   8.4732221239391883E-012
   172.60764617045376        10.000000000000007       -5.6488147492927924E-013   9.0381035988684679E-012
   183.75698094068099        10.000000000000007       -5.6488147492927924E-013   9.6029850737977475E-012
   194.90631571090822        10.000000000000007       -5.6488147492927924E-013   1.0167866548727027E-011
   206.72461056734909        10.000000000000007       -0.0000000000000000        1.0167866548727027E-011
   219.25200311517639        10.000000000000007       -5.6488147492927914E-013   1.0732748023656307E-011
   232.53103921587336        10.000000000000004       -2.8244073746463954E-012   1.3557155398302702E-011
   246.60681748261214        9.9999999999999893       -7.9083406490099086E-012   2.1465496047312610E-011
   261.52714244535525        9.9999999999999609       -2.8244073746463953E-011   4.9709569793776564E-011
   277.34268690586293        9.9999999999998632       -9.1510798938543212E-011   1.4122036873231978E-010
   294.10716403400107        9.9999999999995488       -2.8018121156492250E-010   4.2140158029724231E-010
   311.87750978982751        9.9999999999985700       -8.4054363469476750E-010   1.2619452149920099E-009
   330.71407629100355        9.9999999999955982       -2.4521504826680025E-009   3.7140956976600124E-009
   350.68083678225014        9.9999999999868461       -6.9446528527805714E-009   1.0658748550440584E-008
   371.84560290297151        9.9999999999618492       -1.9103726600633394E-008   2.9762475151073979E-008
   394.28025499093616        9.9999999998925730       -5.1015575763813752E-008   8.0778050914887731E-008
   418.06098620417873        9.9999999997063433       -1.3225005091044727E-007   2.1302810182533500E-007
   443.26856129021581        9.9999999992207496       -3.3278805844363742E-007   5.4581616026897245E-007
   469.98859088141512        9.9999999979925587       -8.1291980080791921E-007   1.3587359610768917E-006
   498.31182224808640        9.9999999949788858       -1.9279320007122389E-006   3.2866679617891306E-006
   528.33444749675800        9.9999999878035695       -4.4400350489616517E-006   7.7267030107507827E-006
   560.15843026034986        9.9999999712226195       -9.9321499824763684E-006   1.7658852993227151E-005
   593.89185198975724        9.9999999340235277       -2.1587217272472798E-005   3.9246070265699953E-005
   629.64927902292902        9.9999998529717953       -4.5603883570997953E-005   8.4849953836697899E-005
   667.55215167809115        9.9999996813898573       -9.3677047655652392E-005   1.7852700149235029E-004
   707.72919669256305        9.9999993283281920       -1.8719012095231742E-004   3.6571712244466768E-004
   750.31686440790327        9.9999986218370225       -3.6404884103858633E-004   7.2976596348325396E-004
   795.45979218616390        9.9999972463283360       -6.8942516138308357E-004   1.4191911248663375E-003
   843.31129563112017        9.9999946392260703       -1.2720462605173457E-003   2.6912373853836833E-003
   894.03388928277377        9.9999898259389255       -2.2880050405951545E-003   4.9792424259788373E-003
   947.79983855352657        9.9999811647579246       -4.0143056636238192E-003   8.9935480896026557E-003
   1004.7917447805246        9.9999659649763046       -6.8743907221844782E-003   1.5867938811787136E-002
   1065.2031653811425        9.9999399331158401       -1.1497618269591546E-002   2.7365557081378680E-002
   1129.2392712177975        9.9998963947708077       -1.8793974654950078E-002   4.6159531736328759E-002
   1197.1175434046518        9.9998252347268526       -3.0044169495477419E-002   7.6203701231806170E-002
   1269.0685119227173        9.9997114973474268       -4.7003669858288702E-002  0.12320737109009487     
   1345.3365385518669        9.9995335944064525       -7.2017271903487848E-002  0.19522464299358272     
   1426.1806467787653        9.9992610799953976      -0.10813863050091238       0.30336327349449510     
   1511.8754014992776        9.9988519727591232      -0.15924698407660151       0.46261025757109664     
   1602.7118415030207        9.9982496346188796      -0.23015139634349346       0.69276165391459010     
   1693.5482815067637        9.9974431026197692      -0.31995132858854097        1.0127129825031311     
   1789.8349079107313        9.9963150622195442      -0.43867460907545847        1.4513875915785897     
   1891.8987318989371        9.9947600076363941      -0.59329552896993898        2.0446831205485285     
   2000.0863853264352        9.9926464750871968      -0.79172779616712730        2.8364109167156557     
   2114.7652979595832        9.9898134110207195       -1.0427551567106481        3.8791660734263038     
   2236.3249453507201        9.9860667614969998       -1.3559089557879278        5.2350750292142312     
   2365.1781715853253        9.9811764839891399       -1.7412912087945247        6.9763662380087563     
   2501.7625913940069        9.9748741931148306       -2.2093451343547112        9.1857113723634676     
   2646.5420763912093        9.9668516462359147       -2.7705793771627523        11.956290749526220     
   2800.0083304882437        9.9567602492696174       -3.4352569924348075        15.391547741961027     
   2962.6825598311002        9.9442117247198851       -4.2130635314359015        19.604611273396927     
   3135.1172429345279        9.9287800509077382       -5.1127682314631304        24.717379504860055     
   3317.8980070241614        9.9100047620346672       -6.1418898621365203        30.859269366996575     
   3511.6456169591729        9.8873956445384028       -7.3063833670241145        38.165652734020689     
   3705.3932268941844        9.8621202926186839       -8.5334724717438188        46.699125205764510     
   3905.3932268941844        9.8332626973302180       -9.8551898113432141        56.554315017107726     
   4105.3932268941844        9.8017361676368377       -11.220949507511135        67.775264524618862     
   4305.3932268941844        9.7676560222879569       -12.620595192308398        80.395859716927262     
   4505.3932268941844        9.7311504625126091       -14.044884580883931        94.440744297811193     
   4705.3932268941844        9.6923565020133999       -15.485520239968382        109.92626453777957     
   4905.3932268941844        9.6514165851966567       -16.935139895764845        126.86140443354442     
   5105.3932268941844        9.6084758319585077       -18.387279172424154        145.24868360596858     
   5305.3932268941844        9.5636797800767415       -19.836324850043553        165.08500845601213     
   5505.3932268941844        9.5171725636530518       -21.277458726988797        186.36246718300094     
   5705.3932268941844        9.4690955130219354       -22.706589086397489        209.06905626939843     
   5905.3932268941844        9.4195861105274279       -24.120278543910512        233.18933481330893     
   6105.3932268941844        9.3687772756547645       -25.515666765869632        258.70500157917854     
   6305.3932268941844        9.3167968830945380       -26.890400006993033        285.59540158617159     
   6505.3932268941844        9.2637674349953407       -28.242570478860234        313.83797206503181     
   6705.3932268941844        9.2098058134137801       -29.570668344631883        343.40864040966369     
   6905.3932268941844        9.1550230377660036       -30.873549411673629        374.28218982133734     
   7105.3932268941844        9.0995241177151449       -32.150396005085085        406.43258582642244     
   7305.3932268941844        9.0434080286138965       -33.400672992326015        439.83325881874845     
   7505.3932268941844        8.9867678188893514       -34.624080133006451        474.45733895175488     
   7705.3932268941844        8.9296908189561286       -35.820506536623419        510.27784548837832     
   7905.3932268941844        8.8722588650478986       -36.989997905946261        547.26784339432459     
   8105.3932268941844        8.8145485512995645       -38.132726293042154        585.40056968736678     
   8305.3932268941844        8.7566316294708422       -39.248943942866688        624.64951363023351     
   8505.3932268941844        8.6985753545616173       -40.338962199880768        664.98847583011434     
   8705.3932268941844        8.6404426879821941       -41.403151957414821        706.39162778752916     
   8905.3932268941844        8.5822924145652522       -42.441946682749780        748.83357447027890     
   9105.3932268941844        8.5241791945295802       -43.455847423390459        792.28942189366933     
   9305.3932268941844        8.4661536821087306       -44.445411038857621        836.73483293252696     
   9505.3932268941844        8.4082629134355997       -45.411202575712835        882.14603550823983     
   9705.3932268941844        8.3505506823260891       -46.353774712684768        928.49981022092459     
   9905.3932268941844        8.2930577707368212       -47.273672759611770        975.77348298053630     
   10105.393226894184        8.2358220440179348       -48.171449376276776        1023.9449323568131     
   10305.393226894184        8.1788783890298120       -49.047690400831989        1072.9926227576450     
   10505.393226894184        8.1222586482083194       -49.903025092397648        1122.8956478500427     
   10705.393226894184        8.0659918362097489       -50.738089864535631        1173.6337377145783     
   10905.393226894184        8.0101044073598242       -51.553508307565473        1225.1872460221437     
   11105.393226894184        7.9546204594148318       -52.349888724965886        1277.5371347471096     
   11305.393226894184        7.8995620825504602       -53.127796011816748        1330.6649307589264     
   11505.393226894184        7.8449496931451455       -53.887739419527406        1384.5526701784538     
   11705.393226894184        7.7908020278246166       -54.630213172392899        1439.1828833508466     
   11905.393226894184        7.7371360072649278       -55.355727246493437        1494.5386105973400     
   12105.393226894184        7.6839669065312535       -56.064775471724978        1550.6033860690650     
   12305.393226894184        7.6313084485447922       -56.757839289559733        1607.3612253586248     
   12505.393226894184        7.5791727303298950       -57.435412386463419        1664.7966377450882     
   12705.393226894184        7.5275703486889762       -58.097979574762455        1722.8946173198506     
   12905.393226894184        7.4765105502604747       -58.746007566510762        1781.6406248863614     
   13105.393226894184        7.4260010840985231       -59.379984844686057        1841.0206097310474     
   13305.393226894184        7.3760481031140994       -60.000428095542233        1901.0210378265897     
   13505.393226894184        7.3266565740247591       -60.607811809525515        1961.6288496361153     
   13705.393226894184        7.2778305564236909       -61.202562779153432        2022.8314124152687     
   13905.393226894184        7.2295732277629821       -61.785088086454621        2084.6165005017233     
   14105.393226894184        7.1818871077324902       -62.355750964976849        2146.9722514667001     
   14305.393226894184        7.1347742411023205       -62.914868383763348        2209.8871198504635     
   14505.393226894184        7.0882363465269425       -63.462711741970388        2273.3498315924339     
   14705.393226894184        7.0422746559734035       -63.999551784766311        2337.3493833772004     
   14905.393226894184        6.9968897600722233       -64.525674283328215        2401.8750576605285     
   15105.393226894184        6.9520818840560406       -65.041325965410536        2466.9163836259390     
   15305.393226894184        6.9078506986589474       -65.546768113381390        2532.4631517393204     
   15505.393226894184        6.8641949191451026       -66.042325096409130        2598.5054768357295     
   15705.393226894184        6.8211124878400771       -66.528320178276914        2665.0337970140063     
   15905.393226894184        6.7786008534537139       -67.005044308910769        2732.0388413229171     
   16105.393226894184        6.7366572870356229       -67.472733729190537        2799.5115750521077     
   16305.393226894184        6.6952787749172691       -67.931619209221765        2867.4431942613296     
   16505.393226894186        6.6544619152924458       -68.381939067432185        2935.8251333287617     
   16705.393226894186        6.6142033239028892       -68.823870297227231        3004.6490036259888     
   16905.393226894186        6.5744993863241987       -69.257603426275239        3073.9066070522640     
   17105.393226894186        6.5353457679095115       -69.683401249296040        3143.5900083015599     
   17305.393226894186        6.4967375794196780       -70.101529108779971        3213.6915374103401     
   17505.393226894186        6.4586702185784688       -70.512135238948403        3284.2036726492884     
   17705.393226894186        6.4211394644952176       -70.915312169638554        3355.1189848189269     
   17905.393226894186        6.3841412562995812       -71.311150999305056        3426.4301358182320     
   18105.393226894186        6.3476710036720654       -71.699833740779852        3498.1299695590119     
   18305.393226894186        6.3117233683529594       -72.081605344001645        3570.2115749030136     
   18505.393226894186        6.2762930039556064       -72.456632420416355        3642.6682073234301     
   18705.393226894186        6.2413743267424131       -72.825098155565627        3715.4933054789958     
   18905.393226894186        6.2069610472706440       -73.187259838278720        3788.6805653172746     
   19105.393226894186        6.1730465410248625       -73.543349623221900        3862.2239149404963     
   19305.393226894186        6.1396248817146608       -73.893444123268381        3936.1173590637645     
   19505.393226894186        6.1066907575646354       -74.237572999694123        4010.3549320634588     
   19705.393226894186        6.0742390995621136       -74.575783978869836        4084.9307160423286     
   19905.393226894186        6.0422642138099256       -74.908248113911554        4159.8389641562399     
   20105.393226894186        6.0107595375374903       -75.235217231264940        4235.0741813875047     
   20305.393226894186        5.9797184486992832       -75.556865935625325        4310.6310473231297     
   20505.393226894186        5.9491354654219766       -75.873172933200493        4386.5042202563300     
   20705.393226894186        5.9190051254744258       -76.184207066713554        4462.6884273230435     
   20905.393226894186        5.8893208115609514       -76.490224838597001        4539.1786521616405     
   21105.393226894186        5.8600752140245307       -76.791487166011919        4615.9701393276528     
   21305.393226894186        5.8312618083433367       -77.088057245152839        4693.0581965728052     
   21505.393226894186        5.8028747400968310       -77.379949271314842        4770.4381458441203     
   21705.393226894186        5.7749084677778377       -77.667191793767273        4848.1053376378877     
   21905.393226894186        5.7473581660821882       -77.949741516767986        4926.0550791546557     
   22105.393226894186        5.7202187663353259       -78.227665587017341        5004.2827447416730     
   22305.393226894186        5.6934844627147525       -78.501136133046813        5082.7838808747201     
   22505.393226894186        5.6671495469036426       -78.770247826227106        5161.5541287009473     
   22705.393226894186        5.6412096328462900       -79.034895249193696        5240.5890239501414     
   22905.393226894186        5.6156596255082052       -79.295199186354395        5319.8842231364961     
   23105.393226894186        5.5904923962980932       -79.551544266281596        5399.4357674027779     
   23305.393226894186        5.5656998765407915       -79.804272511332599        5479.2400399141106     
   23505.393226894186        5.5412750436034193       -80.053451865105387        5559.2934917792163     
   23705.393226894186        5.5172132695836043       -80.298851991188187        5639.5923437704041     
   23905.393226894186        5.4935104994739623       -80.540372034035443        5720.1327158044396     
   24105.393226894186        5.4701620550148018       -80.778090796279471        5800.9108066007193     
   24305.393226894186        5.4471613292640626       -81.012348153767789        5881.9231547544869     
   24505.393226894186        5.4245002799009443       -81.243531818169771        5963.1666865726565     
   24705.393226894186        5.4021713772102053       -81.471796583713711        6044.6384831563701     
   24905.393226894186        5.3801693222437743       -81.696971504498194        6126.3354546608680     
   25105.393226894186        5.3584916771497015       -81.918642545505477        6208.2540972063734     
   25305.393226894186        5.3371350083523437       -82.136832695731911        6290.3909299021052     
   25505.393226894186        5.3160930849938257       -82.351954349982080        6372.7428842520876     
   25705.393226894186        5.2953585091835773       -82.564357094799561        6455.3072413468872     
   25905.393226894186        5.2749251037077896       -82.774067731453712        6538.0813090783413     
   26105.393226894186        5.2547892125753428       -82.980809147128298        6621.0621182254699     
   26305.393226894186        5.2349497771293771       -83.184139394727254        6704.2462576201970     
   26505.393226894186        5.2154048283545027       -83.384027326052305        6787.6302849462490     
   26705.393226894186        5.1961503016988262       -83.580734686163765        6871.2110196324129     
   26905.393226894186        5.1771816125558612       -83.774429420926296        6954.9854490533389     
   27105.393226894186        5.1584924247491859       -83.965481087692595        7038.9509301410317     
   27305.393226894186        5.1400749795878200       -84.154302992966748        7123.1052331339988     
   27505.393226894186        5.1219222278182288       -84.341038897308835        7207.4462720313077     
   27705.393226894186        5.1040296224391080       -84.525478291435945        7291.9717503227439     
   27905.393226894186        5.0863956619293411       -84.707163440445626        7376.6789137631895     
   28105.393226894186        5.0690214446705442       -84.885545819447458        7461.5644595826370     
   28305.393226894186        5.0519042241290730       -85.060955978537336        7546.6254155611741     
   28505.393226894186        5.0350362445823578       -85.234206671617386        7631.8596222327915     
   28705.393226894186        5.0184084331609151       -85.405838062301711        7717.2654602950934     
   28905.393226894186        5.0020139169657041       -85.575858102721014        7802.8413183978146     
   29105.393226894186        4.9858493677332660       -85.743877064079896        7888.5851954618947     
   29305.393226894186        4.9699146818921474       -85.909335647255645        7974.4945311091506     
   29505.393226894186        4.9542080136479818       -86.072280115632140        8060.5668112247831     
   29705.393226894186        4.9387248651073765       -86.233072187409377        8146.7998834121927     
   29905.393226894186        4.9234604459659081       -86.391888739565374        8233.1917721517584     
   30105.393226894186        4.9084116907043631       -86.548588853723388        8319.7403610054826     
   30305.393226894186        4.8935734755421860       -86.703485265361806        8406.4438462708440     
   30505.393226894186        4.8789385621371641       -86.857042869476885        8493.3008891403206     
   30705.393226894186        4.8645005070624876       -87.009391037459565        8580.3102801777804     
   30905.393226894186        4.8502557590298601       -87.160249071514457        8667.4705292492945     
   31105.393226894186        4.8362039142941349       -87.309108827555306        8754.7796380768505     
   31305.393226894186        4.8223469043914999       -87.455426797717053        8842.2350648745669     
   31505.393226894186        4.8086880135016576       -87.598727871360680        8929.8337927459270     
   31705.393226894186        4.7952233301666496       -87.739822800178345        9017.5736155461054     
   31905.393226894186        4.7819425340750890       -87.879903509017737        9105.4535190551233     
   32105.393226894186        4.7688350868056419       -88.019542633591982        9193.4730616887155     
   32305.393226894186        4.7558943917573773       -88.158568516421397        9281.6316302051364     
   32505.393226894186        4.7431184777135007       -88.296398979595835        9369.9280291847317     
   32705.393226894186        4.7305126403839575       -88.431827390959484        9458.3598565756911     
   32905.393226894186        4.7180834076999609       -88.564087641891348        9546.9239442175822     
   33105.393226894186        4.7058367397963208       -88.692800437610174        9635.6167446551917     
   33305.393226894186        4.6937715550801107       -88.818702647930877        9724.4354473031235     
   33505.393226894186        4.6818810699123796       -88.942809339808932        9813.3782566429327     
   33705.393226894186        4.6701575591164008       -89.065692506632800        9902.4439491495650     
   33905.393226894186        4.6585953217265956       -89.187418908547116        9991.6313680581115     
   34105.393226894186        4.6471912694201194       -89.307770608151714        10080.939138666263     
   34305.393226894186        4.6359384545118578       -89.427342533678882        10170.366481199942     
   34505.393226894186        4.6248271026603271       -89.546835537624489        10259.913316737568     
   34705.393226894186        4.6138489352198979       -89.666418584946058        10349.579735322513     
   34905.393226894186        4.6029995013566669       -89.785746500798183        10439.365481823312     
   35105.393226894186        4.5922781178203955       -89.904231899048256        10529.269713722360     
   35305.393226894186        4.5816867381733104       -90.021270364239172        10619.290984086600     
   35505.393226894186        4.5712287219146335       -90.136356207466491        10709.427340294065     
   35705.393226894186        4.5609079156243286       -90.249113993949209        10799.676454288014     
   35905.393226894186        4.5507281011851592       -90.359286548487461        10890.035740836502     
   36105.393226894186        4.5406817197500695       -90.468383765815375        10980.504124602317     
   36305.393226894186        4.5307542701232650       -90.577972413523142        11071.082097015840     
   36505.393226894186        4.5209333667503708       -90.688521102077431        11161.770618117918     
   36705.393226894186        4.5112128587762097       -90.799568935088175        11252.570187053007     
   36905.393226894186        4.5015923731124872       -90.910278576293010        11343.480465629300     
   37105.393226894186        4.4920751997148578       -91.019827356366065        11434.500292985666     
   37305.393226894186        4.4826662936169743       -91.127572191970586        11525.627865177636     
   37505.393226894186        4.4733709629199687       -91.233070865734518        11616.860936043369     
   37705.393226894186        4.4641941911397360       -91.336044429636374        11708.196980473005     
   37905.393226894186        4.4551325815896501       -91.437515075599265        11799.634495548604     
   38105.393226894186        4.4461780440297618       -91.538490433789647        11891.172985982394     
   38305.393226894186        4.4373240402221290       -91.639216108202220        11982.812202090596     
   38505.393226894186        4.4285679602562062       -91.739366088679461        12074.551568179275     
   38705.393226894186        4.4199104905513167       -91.838431126788251        12166.389999306064     
   38905.393226894186        4.4113541345975378       -91.935956185945315        12258.325955492010     
   39105.393226894186        4.4028936524577036       -92.032889635134552        12350.358845127144     
   39305.393226894186        4.3945197935792466       -92.130143747762475        12442.488988874908     
   39505.393226894186        4.3862258192097565       -92.227801589115955        12534.716790464023     
   39705.393226894186        4.3780098356468677       -92.325338985707148        12627.042129449730     
   39905.393226894186        4.3698739280586008       -92.422049958971542        12719.464179408702     
   40105.393226894186        4.3618224051311172       -92.517307931590267        12811.981487340292     
   40305.393226894186        4.3538603179712414       -92.610658949869844        12904.592146290162     
   40505.393226894186        4.3459925566089712       -92.701817893050801        12997.293964183213     
   40705.393226894186        4.3382234489526619       -92.790626155404965        13090.084590338618     
   40905.393226894186        4.3305566360606891       -92.877011761220686        13182.961602099838     
   41105.393226894186        4.3229950149866729       -92.960969271913996        13275.922571371751     
   41305.393226894186        4.3155257435090704       -93.044825307449258        13368.967396679202     
   41505.393226894186        4.3081294586873948       -93.130465175407863        13462.097861854609     
   41705.393226894186        4.3007920484865831       -93.218150841846892        13555.316012696456     
   41905.393226894186        4.2935079740869577       -93.307101377899272        13648.623114074355     
   42105.393226894186        4.2862782832820585       -93.396266120545903        13742.019380194901     
   42305.393226894186        4.2791075841109576       -93.484735479162879        13835.504115674064     
   42505.393226894186        4.2720018126356631       -93.571849973979226        13929.075965648044     
   42705.393226894186        4.2649670180640475       -93.657170342245180        14022.733135990289     
   42905.393226894186        4.2580088125413660       -93.740419185898205        14116.473555176188     
   43105.393226894186        4.2511321087883793       -93.821440113105837        14210.294995289294     
   43305.393226894186        4.2443409674326880       -93.900173655100900        14304.195168944396     
   43505.393226894186        4.2376385262930141       -93.976637137775739        14398.171806082171     
   43705.393226894186        4.2310163302976775       -94.052529701620713        14492.224335783792     
   43905.393226894186        4.2244619120741032       -94.129100293013067        14586.353436076806     
   44105.393226894186        4.2179669030933438       -94.206437352916623        14680.559873429724     
   44305.393226894186        4.2115286303621735       -94.283987843775762        14774.843861273499     
   44505.393226894186        4.2051483041153936       -94.361100876888287        14869.204962150387     
   44705.393226894186        4.1988289319880892       -94.437263931797744        14963.642226082184     
   44905.393226894186        4.1925740298308432       -94.512130511404180        15058.154356593588     
   45105.393226894186        4.1863870574970914       -94.585475490260407        15152.739832083849     
   45305.393226894186        4.1802596678404820       -94.658910887869666        15247.398742971718     
   45505.393226894186        4.1741801013685915       -94.733523577514717        15342.132266549233     
   45705.393226894186        4.1681416346611115       -94.809168973512797        15436.941435522745     
   45905.393226894186        4.1621438188923534       -94.885078280929235        15531.826513803675     
   46105.393226894186        4.1561901808732280       -94.960449820728883        15626.786963624403     
   46305.393226894186        4.1502858597782222       -95.034681344098857        15721.821644968502     
   46505.393226894186        4.1444362176201741       -95.107380095733049        15816.929025064235     
   46705.393226894186        4.1386461867777893       -95.178314630147469        15912.107339694383     
   46905.393226894186        4.1329199393962863       -95.247378567468132        16007.354718261851     
   47105.393226894186        4.1272607424262588       -95.314560154516045        16102.669278416368     
   47305.393226894186        4.1216709950165811       -95.379906365523283        16198.049184781890     
   47505.393226894186        4.1161523908691695       -95.443489321322545        16293.492674103212     
   47705.393226894186        4.1107061029164580       -95.505385592441726        16388.998059695656     
   47905.393226894186        4.1053329178165550       -95.565669610746809        16484.563729306403     
   48105.393226894186        4.1000333050866864       -95.624415337951845        16580.188144644355     
   48305.393226894186        4.0947868845071946       -95.684828233856010        16675.872972878209     
   48505.393226894186        4.0895693566524871       -95.748805657882215        16771.621778536090     
   48705.393226894186        4.0843667803159107       -95.815997994605198        16867.437776530696     
   48905.393226894186        4.0791767153589911       -95.885023653755667        16963.322800184451     
   49105.393226894186        4.0740039194573372       -95.954469053783583        17059.277269238235     
   49305.393226894186        4.0688561493787567       -96.023275157158352        17155.300544395392     
   49505.393226894186        4.0637414909844010       -96.090781697989030        17251.391326093380     
   49705.393226894186        4.0586670228040962       -96.156648965100729        17347.547975058482     
   49905.393226894186        4.0536383540490899       -96.220754987129880        17443.768730045613     
   50105.393226894186        4.0486596443566487       -96.283106593573919        17540.051836639188     
   50305.393226894186        4.0437338247029517       -96.343777094820410        17636.395613734010     
   50505.393226894186        4.0388628539158304       -96.402869347412974        17732.798483081424     
   50705.393226894186        4.0340479395380839       -96.460496628716939        17829.258979710139     
   50905.393226894186        4.0292897095973892       -96.516773348822809        17925.775753058962     
   51105.393226894186        4.0245883457567322       -96.571810121409214        18022.347563180370     
   51305.393226894186        4.0199436915641114       -96.625710466283607        18118.973273646654     
   51505.393226894186        4.0153554281098520       -96.678555566568420        18215.651829213224     
   51705.393226894186        4.0108085032883816       -96.732639042570398        18312.384468255794     
   51905.393226894186        4.0062868702530441       -96.789057362894113        18409.173525618688     
   52105.393226894186        4.0017830211530638       -96.847292601815312        18506.020818220502     
   52305.393226894186        3.9972974785746995       -96.906247339059973        18602.927065559561     
   52505.393226894186        3.9928350176749636       -96.964949560867467        18699.892015120429     
   52705.393226894186        3.9884016032719529       -97.022758588453641        18796.914773708882     
   52905.393226894186        3.9840027421453135       -97.079333826413261        18893.994107535294     
   53105.393226894186        3.9796429806804978       -97.134523329718789        18991.128630865012     
   53305.393226894186        3.9753260286873808       -97.188259819199772        19088.316890684211     
   53505.393226894186        3.9710549858470690       -97.240510306969298        19185.557400991180     
   53705.393226894186        3.9668323953670459       -97.291274875169421        19282.848675866349     
   53905.393226894186        3.9626601296623178       -97.340603278559016        19380.189279144910     
   54105.393226894186        3.9585229293356692       -97.391084851759956        19477.580363996669     
   54305.393226894186        3.9544039376375313       -97.443986597757728        19575.024350594427     
   54505.393226894186        3.9502951135954110       -97.498832296244629        19672.523182890673     
   54705.393226894186        3.9461967202484698       -97.554526070720797        19770.077708961395     
   54905.393226894186        3.9421134721670548       -97.610083248688966        19867.687792210083     
   55105.393226894186        3.9380514916530673       -97.664833508887625        19965.352625718970     
   55305.393226894186        3.9340166873115461       -97.718390151100820        20063.071015870071     
   55505.393226894186        3.9300140898644953       -97.770567825316192        20160.841583695386     
   55705.393226894186        3.9260476806596993       -97.821310621334078        20258.662894316720     
   55905.393226894186        3.9221204404262728       -97.870640767442751        20356.533535084163     
   56105.393226894186        3.9182346135694379       -97.918604536706454        20454.452139620869     
   56305.393226894186        3.9143920930434914       -97.965227047312993        20552.417366668182     
   56505.393226894186        3.9105946946880072       -98.010501958120585        20650.427868626302     
   56705.393226894186        3.9068441795498514       -98.054415236162967        20748.482283862464     
   56905.393226894186        3.9031420656830473       -98.096979916988374        20846.579263779451     
   57105.393226894186        3.8994893700919988       -98.138260168752012        20944.717523948202     
   57305.393226894186        3.8958864088003402       -98.178376310151961        21042.895900258354     
   57505.393226894186        3.8923327667430634       -98.217486338955410        21141.113386597310     
   57705.393226894186        3.8888274528458044       -98.255753903169236        21239.369140500479     
   57905.393226894186        3.8853691445137026       -98.293321350200742        21337.662461850679     
   58105.393226894186        3.8819564043278554       -98.330298666400751        21435.992760517081     
   58305.393226894186        3.8785878076592439       -98.366766624625996        21534.359527141707     
   58505.393226894186        3.8752338242637023       -98.407068570650353        21632.766595712357     
   58705.393226894186        3.8718660712882054       -98.452815274825554        21731.219410987182     
   58905.393226894186        3.8684728917912885       -98.502756788484803        21829.722167775668     
   59105.393226894186        3.8650561432375596       -98.554902101890960        21928.277069877560     
   59305.393226894186        3.8616239161732109       -98.607654468043023        22026.884724345604     
   59505.393226894186        3.8581856331213391       -98.660014803359346        22125.544739148962     
   59705.393226894186        3.8547499562549294       -98.711426632301098        22224.256165781262     
   59905.393226894186        3.8513243338895649       -98.761583218061986        22323.017748999326     
   60105.393226894186        3.8479151335540434       -98.810304699060666        22421.828053698388     
   60305.393226894186        3.8445278066007447       -98.857486928632213        22520.685540627019     
   60505.393226894186        3.8411669322634054       -98.903089391666867        22619.588630018687     
   60705.393226894186        3.8378361836865524       -98.947133272611893        22718.535763291300     
   60905.393226894186        3.8345382962595842       -98.989695527880187        22817.525458819182     
   61105.393226894186        3.8312750878296331       -99.030896460640918        22916.556355279823     
   61305.393226894186        3.8280475408753096       -99.070883620118067        23015.627238899942     
   61505.393226894186        3.8248559318689948       -99.109815694179403        23114.737054594123     
   61705.393226894186        3.8217001912770590       -99.147817521173394        23213.884872115297     
   61905.393226894186        3.8185803786468870       -99.184940397288031        23313.069812512585     
   62105.393226894186        3.8154969420940121       -99.221170190893517        23412.290982703478     
   62305.393226894186        3.8124506197176888       -99.256474652976593        23511.547457356453     
   62505.393226894186        3.8094421069110309       -99.290853302312939        23610.838310658768     
   62705.393226894186        3.8064717034349398       -99.324364070539318        23710.162674729308     
   62905.393226894186        3.8035390884472315       -99.357122817485887        23809.519797546793     
   63105.393226894186        3.8006432657255038       -99.389285127701129        23908.909082674494     
   63305.393226894186        3.7977826477217125       -99.421022172159667        24008.330104846653     
   63505.393226894186        3.7949553483227341       -99.452479438660006        24107.782584285313     
   63705.393226894186        3.7921397308660438       -99.486758161949552        24207.269342447264     
   63905.393226894186        3.7893172930861043       -99.524676584668867        24306.794019031931     
   64105.393226894186        3.7864824873323029       -99.565066427543414        24406.359085459473     
   64305.393226894186        3.7836390439021228       -99.606411425937679        24505.965496885412     
   64505.393226894186        3.7807943750853328       -99.647591059824748        24605.613087945236     
   64705.393226894186        3.7779561576349856       -99.687958249300095        24705.301046194534     
   64905.393226894186        3.7751309098205539       -99.727210624623865        24805.028256819158     
   65105.393226894186        3.7723236447819692       -99.765255902770051        24904.793512721928     
   65305.393226894186        3.7695379754200511       -99.802117124523079        25004.595629846452     
   65505.393226894186        3.7667763631907709       -99.837874060124037        25104.433503906577     
   65705.393226894186        3.7640405843968359       -99.872598297518024        25204.306102204097     
   65905.393226894186        3.7613322903930602       -99.906302726320561        25304.212404930418     
   66105.393226894186        3.7586533509234750       -99.938940742263981        25404.151345672683     
   66305.393226894186        3.7560058350020196       -99.970447114709259        25504.121792787391     
   66505.393226894186        3.7533917294925772       -100.00078660954952        25604.122579396942     
   66705.393226894186        3.7508125915246100       -100.02998465333079        25704.152564050273     
   66905.393226894186        3.7482692858441720       -100.05813347008579        25804.210697520361     
   67105.393226894186        3.7457618682951273       -100.08537985279220        25904.296077373154     
   67305.393226894186        3.7432690317701693       -100.11503003583799        26004.411107408992     
   67505.393226894186        3.7407721474137272       -100.14802886896565        26104.559136277960     
   67705.393226894186        3.7382649569833726       -100.18335918806993        26204.742495466031     
   67905.393226894186        3.7357497075124240       -100.21970215114112        26304.962197617173     
   68105.393226894186        3.7332318345869417       -100.25612052620717        26405.218318143379     
   68305.393226894186        3.7307170229263678       -100.29208541760072        26505.510403560980     
   68505.393226894186        3.7282101532223937       -100.32733658332002        26605.837740144299     
   68705.393226894186        3.7257151064312213       -100.36176595539801        26706.199506099696     
   68905.393226894186        3.7232348383916465       -100.39535032166729        26806.594856421365     
   69105.393226894186        3.7207715047887748       -100.42811604003138        26907.022972461396     
   69305.393226894186        3.7183265827956564       -100.46011919036384        27007.483091651760     
   69505.393226894186        3.7159009856642000       -100.49143245171078        27107.974524103473     
   69705.393226894186        3.7134951727097789       -100.52213538374829        27208.496659487220     
   69905.393226894186        3.7111092536438446       -100.55230716127107        27309.048966648490     
   70105.393226894186        3.7087430838439563       -100.58202148648613        27409.630988134977     
   70305.393226894186        3.7063964002546084       -100.61133538489274        27510.242323519869     
   70505.393226894186        3.7040689843786114       -100.64027811264974        27610.882601632518     
   70705.393226894186        3.7017607727028672       -100.66885156297367        27711.551453195490     
   70905.393226894186        3.6994720050909091       -100.69702123889071        27812.248474434382     
   71105.393226894186        3.6972033710791417       -100.72471092842783        27912.973185362811     
   71305.393226894186        3.6949560033742581       -100.75182108134882        28013.725006444161     
   71505.393226894186        3.6927312760622413       -100.77826342038357        28114.503269864545     
   71705.393226894186        3.6905305033363036       -100.80399104118625        28215.307260905731     
   71905.393226894186        3.6883546663989879       -100.82901143882135        28316.136272344553     
   72105.393226894186        3.6862042460012949       -100.85338256857716        28416.989654913130     
   72305.393226894186        3.6840791744441352       -100.87719871783027        28517.866853630960     
   72505.393226894186        3.6819788810684644       -100.90057340715838        28618.767427038118     
   72705.393226894186        3.6799023927439825       -100.92362411485627        28719.691051152975     
   72905.393226894186        3.6778484551674282       -100.94646095301823        28820.637512105994     
   73105.393226894186        3.6758156513140361       -100.96917958135342        28921.606691687346     
   73305.393226894186        3.6738028634806197       -100.99180311605943        29022.598494803406     
   73505.393226894186        3.6718098198555671       -101.01424316526997        29123.612737968677     
   73705.393226894186        3.6698372261611949       -101.03633716426037        29224.649075132937     
   73905.393226894186        3.6678864027931306       -101.05792752065847        29325.707002653595     
   74105.393226894186        3.6659587074017472       -101.07892508475312        29426.785927738347     
   74305.393226894186        3.6640550410706494       -101.09933188981307        29527.885259628161     
   74505.393226894186        3.6621755797739106       -101.11922971024825        29629.004489338411     
   74705.393226894186        3.6603197289763556       -101.13875204085785        29730.143241379268     
   74905.393226894186        3.6584862309373358       -101.15805418403787        29831.301295563306     
   75105.393226894186        3.6566378814127822       -101.18267130231465        29932.483966865620     
   75305.393226894186        3.6547463634271837       -101.21351833742503        30033.697485203047     
   75505.393226894186        3.6528055247556530       -101.24841144517278        30134.945896648220     
   75705.393226894186        3.6508224677897347       -101.28501132006468        30236.230907968285     
   75905.393226894186        3.6488081855446506       -101.32180476977916        30337.552712738063     
   76105.393226894186        3.6467730969531136       -101.35800048564627        30438.910713223708     
   76305.393226894186        3.6447259771199678       -101.39320638958665        30540.303919613296     
   76505.393226894186        3.6426741787809482       -101.42720663378358        30641.731126247079     
   76705.393226894186        3.6406239871315211       -101.45986811274267        30743.190994359822     
   76905.393226894186        3.6385807703192170       -101.49112003877107        30844.682114398594     
   77105.393226894186        3.6365489736501520       -101.52095461716381        30946.203069015759     
   77305.393226894186        3.6345320835489909       -101.54942379309148        31047.752492808850     
   77505.393226894186        3.6325326402345324       -101.57662728595758        31149.329120094808     
   77705.393226894186        3.6305523175023864       -101.60269572519556        31250.931815820004     
   77905.393226894186        3.6285920524812032       -101.62777378260209        31352.559589602606     
   78105.393226894186        3.6266521978251558       -101.65200640959756        31454.211596012203     
   78305.393226894186        3.6247326726083133       -101.67552927453532        31555.887125286739     
   78505.393226894186        3.6228330967350062       -101.69846316954327        31657.585588456284     
   78705.393226894186        3.6209529017790434       -101.72091155399201        31759.306500010276     
   78905.393226894186        3.6190916904074797       -101.74291880513998        31861.049418815415     
   79105.393226894186        3.6172497209833643       -101.76443211491066        31962.813850930324     
   79305.393226894186        3.6154281396212511       -101.78531691157683        32064.599167841901     
   79505.393226894186        3.6136288119234745       -101.80541412783479        32166.404581969735     
   79705.393226894186        3.6118538938463707       -101.82459946795504        32268.229181437691     
   79905.393226894186        3.6101053644408534       -101.84281866747605        32370.072000105167     
   80105.393226894186        3.6083846733989486       -101.86009499825100        32471.932095103417     
   80305.393226894186        3.6066925549892406       -101.87651754825160        32573.808612651668     
   80505.393226894186        3.6050289911148545       -101.89222086499798        32675.700833516665     
   80705.393226894186        3.6033932780956390       -101.90736374819869        32777.608197264861     
   80905.393226894186        3.6017841503670036       -101.92211136554913        32879.530308630412     
   81105.393226894186        3.6001999246130123       -101.93662214471446        32981.466930775125     
   81305.393226894186        3.5986386404890185       -101.95103932493487        33083.417970100061     
   81505.393226894186        3.5970981847819878       -101.96548635451420        33185.383456454576     
   81705.393226894186        3.5955763934496696       -101.98006514441502        33287.363521598993     
   81905.393226894186        3.5940711307353026       -101.99485626868069        33389.358377867677     
   82105.393226894186        3.5925803471782611       -102.00992037869007        33491.368298246365     
   82305.393226894186        3.5911021195407713       -102.02530028685445        33593.393598533221     
   82505.393226894186        3.5896347740346792       -102.04100848006131        33695.434607013281     
   82705.393226894186        3.5881770874846444       -102.05700997608240        33797.491616989362     
   82905.393226894186        3.5867284267742692       -102.07322263427169        33899.564839623636     
   83105.393226894186        3.5852887231163830       -102.08953861461211        34001.654378238251     
   83305.393226894186        3.5838582977394777       -102.10585345996994        34103.760231698223     
   83505.393226894186        3.5824376276840226       -102.12208854566988        34205.882320243894     
   83705.393226894186        3.5810271373069034       -102.13820092835752        34308.020521172250     
   83905.393226894186        3.5796270608981340       -102.15418207273437        34410.174703244986     
   84105.393226894186        3.5782373825922056       -102.17005006526963        34512.344753310259     
   84305.393226894186        3.5768578371528168       -102.18583973294247        34614.530593043200     
   84505.393226894186        3.5754879484349269       -102.20159354772720        34716.732186590925     
   84705.393226894186        3.5741270849150157       -102.21735463758108        34818.949541228503     
   84905.393226894186        3.5727516433027438       -102.23662816098272        34921.186169389483     
   85105.393226894186        3.5713460629908389       -102.25962008822619        35023.445789477708     
   85305.393226894186        3.5699092643511374       -102.28472855467992        35125.730518032389     
   85505.393226894186        3.5684475349135987       -102.31048545289228        35228.041003485283     
   85705.393226894186        3.5669685389102463       -102.33604267952488        35330.377046164809     
   85905.393226894186        3.5654788860046103       -102.36101561942024        35432.738061784228     
   86105.393226894186        3.5639837502812877       -102.38525649355061        35535.123318277780     
   86305.393226894186        3.5624871483035419       -102.40871692785119        35637.532035205630     
   86505.393226894186        3.5609922404487868       -102.43139153055982        35739.963426736191     
