 #              _____________________  _______________________             #
 #              ___  __ \__  __ \_  / / /_  /___  ____/_  ___/             #
 #              __  / / /_  /_/ /  / / /_  __/_  __/  _____ \              #
 #              _  /_/ /_  _, _// /_/ / / /_ _  /___  ____/ /              #
 #              /_____/ /_/ |_| \____/  \__/ /_____/  /____/               #
 #                                                                         #
  
 #        time                      T            heat flux [W.L-2]   in    x              directions   cumulative flux
 #-----------------------------------------------------------------------------------------------

   0.0000000000000000        10.000000000000000       -0.0000000000000000        0.0000000000000000     
   1.0000000000000000        10.000000000000000       -3.3892888495756747E-012   3.3892888495756747E-012
   1.9540000000000002        9.9999999999999982       -3.1068481121110355E-011   3.4457769970686033E-011
   2.8641160000000001        9.9999999999999876       -1.4743406495654191E-010   1.8189183492722794E-010
   3.8288389600000006        9.9999999999999289       -6.1402616324812677E-010   7.9591799817535471E-010
   4.8514452976000007        9.9999999999996980       -2.3030217732866744E-009   3.0989397714620290E-009
   5.9354080154560007        9.9999999999988738       -7.8247381907204098E-009   1.0923677962182440E-008
   7.0844084963833609        9.9999999999961666       -2.4385933272697313E-008   3.5309611234879756E-008
   8.3023490061663630        9.9999999999879119       -7.0522627737548618E-008   1.0583223897242837E-007
   9.5933659465363448        9.9999999999642988       -1.9112764704234178E-007   2.9695988601477018E-007
   10.961843903328527        9.9999999999005187       -4.8944098907113092E-007   7.8640087508590110E-007
   12.412430537528239        9.9999999997366906       -1.1923167946300559E-006   1.9787176697159570E-006
   13.950052369779934        9.9999999993342676       -2.7784943732498277E-006   4.7572120429657847E-006
   15.579931511966731        9.9999999983846664       -6.2222519190623411E-006   1.0979463962028127E-005
   17.307603402684734        9.9999999962238135       -1.3441901501307324E-005   2.4421365463335452E-005
   19.138935606845820        9.9999999914671616       -2.8101605554976555E-005   5.2522971018312004E-005
   21.080147743256571        9.9999999813110989       -5.7005909946236701E-005   1.0952888096454871E-004
   23.137832607851966        9.9999999602312375       -1.1246241158204704E-004   2.2199129254659575E-004
   25.318978564323086        9.9999999176173056       -2.1618508036843744E-004   4.3817637291503319E-004
   27.630993278182473        9.9999998335791513       -4.0558721566369269E-004   8.4376358857872588E-004
   30.081728874873424        9.9999996716818149       -7.4368736433867884E-004   1.5874509529174047E-003
   32.679508607365833        9.9999993666446336       -1.3343395213527066E-003   2.9217904742701115E-003
   35.433155123807786        9.9999988039724101       -2.3451079314265409E-003   5.2668984056966524E-003
   38.352020431236255        9.9999977869580050       -4.0408293753490159E-003   9.3077277810456674E-003
   41.446017657110431        9.9999959843718482       -6.8317101980725362E-003   1.6139437979118203E-002
   44.725654716537058        9.9999928492983301       -1.1340626545105526E-002   2.7480064524223729E-002
   48.202069999529286        9.9999874958749011       -1.8495027265298648E-002   4.5975091789522374E-002
   51.887070199501046        9.9999785160718826       -2.9649325680545451E-002   7.5624417470067817E-002
   55.793170411471110        9.9999637131513825       -4.6743709771228402E-002  0.12236812724129623     
   59.933636636159378        9.9999397222436546       -7.2504668147941639E-002  0.19487279538923785     
   64.322530834328944        9.9999014819647982      -0.11069098125742256       0.30556377664666040     
   68.974758684388689        9.9998415148080220      -0.16638625480158700       0.47195003144824743     
   73.906120205452012        9.9997489690834822      -0.24633514849208041       0.71828517994032781     
   79.133363417779137        9.9996083726284244      -0.35931529067296408        1.0776004706132918     
   84.674241222845893        9.9993980497148716      -0.51653067258853658        1.5941311432018284     
   90.547571696216650        9.9990881589479930      -0.73200551752713672        2.3261366607289649     
   96.773301997989648        9.9986383227205984       -1.0229508837797543        3.3490875445087189     
   103.37257611786903        9.9979948389535238       -1.4100701834692686        4.7591577279779873     
   110.36780668494117        9.9970874938135488       -1.9177652807997307        6.6769230087777185     
   117.78275108603765        9.9958260293625223       -2.5742029252023610        9.2511259339800791     
   125.64259215119992        9.9940963610906000       -3.4112028427210199        12.662328776701099     
   133.97402368027193        9.9917566845678181       -4.4639140893615785        17.126242866062675     
   142.80534110108826        9.9886336551817685       -5.7702546370560670        22.896497503118741     
   152.16653756715357        9.9845188673976182       -7.3700995074552944        30.266597010574035     
   162.08940582118279        9.9791658974283433       -9.3042144951351062        39.570811505709145     
   172.60764617045376        9.9722881980142724       -11.612950932496505        51.183762438205648     
   183.75698094068099        9.9635581420085764       -14.334736016001282        65.518498454206934     
   194.90631571090822        9.9533207809015227       -17.311167770821893        82.829666225028831     
   206.72461056734909        9.9407193821152582       -20.725247130058328        103.55491335508717     
   219.25200311517639        9.9253577806992865       -24.600471297656885        128.15538465274406     
   232.53103921587336        9.9068103899895945       -28.953421281391858        157.10880593413592     
   246.60681748261214        9.8846280745967086       -33.792409715397319        190.90121564953324     
   261.52714244535525        9.8583456729690990       -39.116353846066708        230.01756949559996     
   277.34268690586293        9.8274909877191128       -44.913967582695989        274.93153707829595     
   294.10716403400107        9.7915949462173160       -51.163344353976903        326.09488143227287     
   311.87750978982751        9.7502023968726235       -57.832083510936428        383.92696494320933     
   330.71407629100355        9.7028829798988347       -64.877930819951501        448.80489576316086     
   350.68083678225014        9.6492415756558412       -72.249834099936137        521.05472986309701     
   371.84560290297151        9.5889276157773420       -79.889512097373881        600.94424196047089     
   394.28025499093616        9.5216415700896029       -87.734113043156398        688.67835500362730     
   418.06098620417873        9.4471338825221665       -95.721768602412581        784.40012360603987     
   443.26856129021581        9.3651974867501622       -103.79633090331308        888.19645450935298     
   469.98859088141512        9.2756612673009435       -111.90759038114868        1000.1040448905017     
   498.31182224808640        9.1783908355844872       -120.00760119911708        1120.1116460896187     
   528.33444749675800        9.0732992009411610       -128.04536040150410        1248.1570064911227     
   560.15843026034986        8.9603585212891499       -135.96589123856199        1384.1228977296846     
   593.89185198975724        8.8396127057789826       -143.70975422188201        1527.8326519515667     
   629.64927902292902        8.7111875709240465       -151.21430226180328        1679.0469542133701     
   667.55215167809115        8.5752705671645266       -158.42762294716545        1837.4745771605355     
   707.72919669256305        8.4320666877314725       -165.32034336408165        2002.7949205246173     
   750.31686440790327        8.2817216073970847       -171.90073394632898        2174.6956544709465     
   795.45979218616390        8.1243104938247299       -178.19050816285292        2352.8861626337994     
   843.31129563112017        7.9598170125631356       -184.22562691664743        2537.1117895504467     
   894.03388928277377        7.7882148359756673       -190.01743596909660        2727.1292255195431     
   947.79983855352657        7.6096124450006641       -195.52468501512590        2922.6539105346692     
   1004.7917447805246        7.4241508672884606       -200.73136195855542        3123.3852724932244     
   1065.2031653811425        7.2320950947589644       -205.59343672421420        3328.9787092174388     
   1129.2392712177975        7.0339455406671787       -210.02822517998405        3539.0069343974228     
   1197.1175434046518        6.8301505817089261       -214.03166794174516        3753.0386023391679     
   1269.0685119227173        6.6211477102411713       -217.60119464006408        3970.6397969792320     
   1345.3365385518669        6.4075731699513447       -220.68166447909783        4191.3214614583294     
   1426.1806467787653        6.1899962891709679       -223.28149591687261        4414.6029573752021     
   1511.8754014992776        5.9680502404431124       -225.64433315424941        4640.2472905294517     
   1602.7118415030207        5.7416219643418023       -227.77144136479657        4868.0187318942480     
   1693.5482815067637        5.5236118925014086       -229.50217088720697        5097.5209027814553     
   1789.8349079107313        5.3019301985324745       -230.84248798502762        5328.3633907664826     
   1891.8987318989371        5.0765741061358653       -231.93345650611192        5560.2968472725943     
   2000.0863853264352        4.8488673107736204       -232.51162075939843        5792.8084680319926     
   2114.7652979595832        4.6185429576047419       -232.86205541045720        6025.6705234424498     
   2236.3249453507201        4.3870284526795968       -232.69737929895842        6258.3679027414082     
   2365.1781715853253        4.1543864145689362       -232.23519677175869        6490.6030995131669     
   2501.7625913940069        3.9180754925188328       -232.02292827160883        6722.6260277847759     
   2646.5420763912093        3.6806447047454327       -231.28688751572378        6953.9129153004997     
   2800.0083304882437        3.4408604259559912       -230.54419318873101        7184.4571084892304     
   2962.6825598311002        3.2022886200373493       -229.07315002810000        7413.5302585173304     
   3135.1172429345279        2.9650104255831562       -227.28095101176240        7640.8112095290926     
   3317.8980070241614        2.7290848506565970       -225.24366946800194        7866.0548789970944     
   3511.6456169591729        2.4896295475109476       -223.77259366321837        8089.8274726603131     
   3705.3932268941844        2.2669337401093612       -221.36928406615445        8311.1967567264674     
   3905.3932268941844        2.0516536375179197       -218.88083024055845        8530.0775869670251     
   4105.3932268941844        1.8470160044045110       -216.73472857276133        8746.8123155397861     
   4305.3932268941844        1.6497656910841159       -215.04022108875336        8961.8525366285394     
   4505.3932268941844        1.4652444417555661       -212.62107684564475        9174.4736134741834     
   4705.3932268941844        1.2915377535296562       -210.17179730168033        9384.6454107758636     
   4905.3932268941844        1.1237033528498073       -208.30718311144011        9592.9525938873030     
   5105.3932268941844       0.96570530146259048       -205.96264151667981        9798.9152354039834     
   5305.3932268941844       0.80815480543686080       -204.84635583421630        10003.761591238199     
   5505.3932268941844       0.66520472454470458       -201.97382452341256        10205.735415761612     
   5705.3932268941844       0.52621147935881707       -200.11139421100785        10405.846809972620     
   5905.3932268941844       0.39027185936102549       -198.23862488801379        10604.085434860634     
   6105.3932268941844       0.26854062001371948       -195.03776077483801        10799.123195635471     
   6305.3932268941844       0.14093921459163128       -191.54452802742290        10990.667723662895     
   6505.3932268941844        2.5724638285064549E-002  -187.92060450087263        11178.588328163767     
   6705.3932268941844       -9.2474234097601693E-002  -182.74644273185049        11361.334770895617     
   6905.3932268941844      -0.20827647039517960       -176.07704840052793        11537.411819296145     
   7105.3932268941844      -0.30769153298985630       -170.56030028137894        11707.972119577524     
   7305.3932268941844      -0.41130554396962071       -163.44368311064855        11871.415802688172     
   7505.3932268941844      -0.50372832570574910       -157.63867931722436        12029.054482005396     
   7705.3932268941844      -0.59211845686118114       -151.69023648745025        12180.744718492846     
   7905.3932268941844      -0.67624315844047511       -145.74364139685014        12326.488359889696     
   8105.3932268941844      -0.75357763436546077       -140.75336723569319        12467.241727125389     
   8305.3932268941844      -0.82467614376120801       -136.64958317978875        12603.891310305178     
   8505.3932268941844      -0.89850118201571283       -131.48368437884307        12735.374994684022     
   8705.3932268941844      -0.96363024369656203       -127.01121578783699        12862.386210471859     
   8905.3932268941844       -1.0246150117160124       -123.11731744096194        12985.503527912821     
   9105.3932268941844       -1.0834378584532969       -119.28062496796345        13104.784152880784     
   9305.3932268941844       -1.1380516347412697       -116.13071704228548        13220.914869923070     
   9505.3932268941844       -1.1884492186263804       -113.57680467907917        13334.491674602150     
   9705.3932268941844       -1.2384260490684817       -111.01293592924127        13445.504610531390     
   9905.3932268941844       -1.2848242005677628       -108.79125493654873        13554.295865467939     
   10105.393226894184       -1.3304236826517144       -107.21846062551334        13661.514326093453     
   10305.393226894184       -1.3753835917225157       -105.79236440226423        13767.306690495718     
   10505.393226894184       -1.4184097574604257       -104.74216230522035        13872.048852800937     
   10705.393226894184       -1.4575030958162003       -103.80375683099078        13975.852609631927     
   10905.393226894184       -1.4957080647648504       -103.44743090864169        14079.300040540569     
   11105.393226894184       -1.5323444673670230       -103.42777794883099        14182.727818489400     
   11305.393226894184       -1.5675626247158405       -104.01783488019016        14286.745653369591     
   11505.393226894184       -1.6032191796440951       -105.24140016399181        14391.987053533583     
   11705.393226894184       -1.6376691811372432       -106.45742937257619        14498.444482906159     
   11905.393226894184       -1.6710287988525043       -108.14082329406769        14606.585306200228     
   12105.393226894184       -1.7039602465998480       -110.34130927118362        14716.926615471411     
   12305.393226894184       -1.7373989325355943       -113.22599767614916        14830.152613147560     
   12505.393226894184       -1.7705374910640419       -116.69321074738532        14946.845823894946     
   12705.393226894184       -1.8032869882195617       -120.62209825916619        15067.467922154112     
   12905.393226894184       -1.8361943989435741       -125.35346700348661        15192.821389157598     
   13105.393226894184       -1.8672129824489194       -129.41076666439295        15322.232155821990     
   13305.393226894184       -1.8981310120046251       -134.62606699209817        15456.858222814088     
   13505.393226894184       -1.9299715770223078       -141.38445833169217        15598.242681145779     
   13705.393226894184       -1.9635498090079002       -148.03837711171687        15746.281058257497     
   13905.393226894184       -1.9961360277222657       -152.48283324018556        15898.763891497681     
   14105.393226894184       -2.0286035498667583       -157.88189880173945        16056.645790299421     
   14305.393226894184       -2.0634995589327567       -164.09135902552555        16220.737149324947     
   14505.393226894184       -2.0986150765874720       -168.36535687710176        16389.102506202049     
   14705.393226894184       -2.1352593215198721       -172.28948825693502        16561.391994458983     
   14905.393226894184       -2.1729268906268326       -175.92434417139245        16737.316338630375     
   15105.393226894184       -2.2113408789222446       -179.19675095212358        16916.513089582499     
   15305.393226894184       -2.2522639230764949       -182.42630673160866        17098.939396314108     
   15505.393226894184       -2.2890808011273767       -185.47370233792870        17284.413098652036     
   15705.393226894184       -2.3290690399142822       -188.39231622816197        17472.805414880197     
   15905.393226894184       -2.3729815604519584       -190.45949837915379        17663.264913259351     
   16105.393226894184       -2.4178407354383076       -192.28066883688427        17855.545582096234     
   16305.393226894184       -2.4625671590968161       -193.97763768916411        18049.523219785398     
   16505.393226894186       -2.5002130531612421       -197.16073526376650        18246.683955049164     
   16705.393226894186       -2.5433499958100358       -198.40696945304364        18445.090924502209     
   16905.393226894186       -2.5874507751213898       -191.75413056680853        18636.845055069018     
   17105.393226894186       -2.6262142233447685       -193.19082018423711        18830.035875253256     
   17305.393226894186       -2.6652878477908413       -194.10959198082352        19024.145467234081     
   17505.393226894186       -2.7043952565028873       -194.73804135342525        19218.883508587507     
   17705.393226894186       -2.7445785320464391       -194.90904075730174        19413.792549344809     
   17905.393226894186       -2.7848697125348192       -194.96210537929906        19608.754654724107     
   18105.393226894186       -2.8200283751882145       -195.87015153451358        19804.624806258620     
   18305.393226894186       -2.8552981542871354       -196.29999342039073        20000.924799679011     
   18505.393226894186       -2.8912703869706231       -196.35328444301092        20197.278084122023     
   18705.393226894186       -2.9277065470458710       -196.19914257495347        20393.477226696978     
   18905.393226894186       -2.9642763521898461       -195.94789177160067        20589.425118468578     
   19105.393226894186       -3.0007163546734801       -195.65506595245088        20785.080184421029     
   19305.393226894186       -3.0370094928609013       -195.33006579903090        20980.410250220059     
   19505.393226894186       -3.0728920861908922       -194.99611384012036        21175.406364060178     
   19705.393226894186       -3.1085734665145117       -194.61043670459523        21370.016800764774     
   19905.393226894186       -3.1424338765145543       -194.44280350358096        21564.459604268355     
   20105.393226894186       -3.1753051544008724       -194.26246565824198        21758.722069926596     
   20305.393226894186       -3.2076000924715786       -194.00805732311628        21952.730127249713     
   20505.393226894186       -3.2400134035158747       -193.60013613066110        22146.330263380376     
   20705.393226894186       -3.2724104357940371       -193.11780661443635        22339.448069994811     
   20905.393226894186       -3.3044898935272489       -192.62930270994042        22532.077372704753     
   21105.393226894186       -3.3348850347311245       -192.34049520313093        22724.417867907883     
   21305.393226894186       -3.3645580306212253       -192.01622361789779        22916.434091525782     
   21505.393226894186       -3.3939689782250770       -191.60446260175104        23108.038554127532     
   21705.393226894186       -3.4232353143649625       -191.12613667157655        23299.164690799109     
   21905.393226894186       -3.4523549507893758       -190.60614563565213        23489.770836434760     
   22105.393226894186       -3.4812795315942235       -190.06441724887998        23679.835253683639     
   22305.393226894186       -3.5102249885067272       -189.47229844796962        23869.307552131610     
   22505.393226894186       -3.5389005037636556       -188.89193057989272        24058.199482711501     
   22705.393226894186       -3.5673080386705909       -188.31279198285790        24246.512274694360     
   22905.393226894186       -3.5948447042595344       -187.82336379755577        24434.335638491917     
   23105.393226894186       -3.6216268996634082       -187.36959430887251        24621.705232800789     
   23305.393226894186       -3.6478370985072610       -186.91369009686542        24808.618922897655     
   23505.393226894186       -3.6738320354105056       -186.40916727742800        24995.028090175081     
   23705.393226894186       -3.6997054296118117       -185.86594173073121        25180.894031905813     
   23905.393226894186       -3.7253880633535279       -185.31090857950431        25366.204940485317     
   24105.393226894186       -3.7508176042643138       -184.75602239921739        25550.960962884536     
   24305.393226894186       -3.7755202323401695       -184.26984459929702        25735.230807483833     
   24505.393226894186       -3.7996729853279971       -183.79920388243684        25919.030011366271     
   24705.393226894186       -3.8234619674190649       -183.31470826016042        26102.344719626431     
   24905.393226894186       -3.8469953195198663       -182.81107469758169        26285.155794324011     
   25105.393226894186       -3.8703184938139654       -182.29216859288499        26467.447962916896     
   25305.393226894186       -3.8935721778579833       -181.74494614275687        26649.192909059653     
   25505.393226894186       -3.9167569394017865       -181.18116369752164        26830.374072757175     
   25705.393226894186       -3.9397310571951829       -180.62761909633727        27011.001691853511     
   25905.393226894186       -3.9624674295488034       -180.08271497534491        27191.084406828857     
   26105.393226894186       -3.9849693125070167       -179.54306347628625        27370.627470305142     
   26305.393226894186       -4.0069856631358913       -179.04391583566951        27549.671386140813     
   26505.393226894186       -4.0284958764910908       -178.57360650329275        27728.244992644108     
   26705.393226894186       -4.0495596436355310       -178.11559157389931        27906.360584218008     
   26905.393226894186       -4.0703933641106920       -177.63901953013860        28083.999603748147     
   27105.393226894186       -4.0910673456659783       -177.14572369383316        28261.145327441980     
   27305.393226894186       -4.1115733590892862       -176.64596293384861        28437.791290375830     
   27505.393226894186       -4.1319304218539896       -176.14050909722533        28613.931799473055     
   27705.393226894186       -4.1519102978702502       -175.66467741706427        28789.596476890121     
   27905.393226894186       -4.1715047014526618       -175.20866563238974        28964.805142522509     
   28105.393226894186       -4.1907734614605072       -174.75868903710537        29139.563831559615     
   28305.393226894186       -4.2097821898557672       -174.30692667691588        29313.870758236531     
   28505.393226894186       -4.2285764355999547       -173.85102370755300        29487.721781944085     
   28705.393226894186       -4.2471823075882025       -173.39149663773554        29661.113278581819     
   28905.393226894186       -4.2657166505536495       -172.91531981264086        29834.028598394460     
   29105.393226894186       -4.2842008390536401       -172.42763501676197        30006.456233411220     
   29305.393226894186       -4.3025535968258284       -171.94502077502389        30178.401254186243     
   29505.393226894186       -4.3207287855515695       -171.47156520728973        30349.872819393531     
   29705.393226894186       -4.3387138238940004       -171.00600439265645        30520.878823786188     
   29905.393226894186       -4.3565085566973689       -170.54661821030010        30691.425441996489     
   30105.393226894186       -4.3740032621736331       -170.10790383206853        30861.533345828557     
   30305.393226894186       -4.3911609140902446       -169.68858033692067        31031.221926165479     
   30505.393226894186       -4.4080554729986616       -169.27337909033372        31200.495305255812     
   30705.393226894186       -4.4247507553826413       -168.85539994424252        31369.350705200053     
   30905.393226894186       -4.4412747961313981       -168.43494468679748        31537.785649886850     
   31105.393226894186       -4.4576344020039862       -168.01419336122490        31705.799843248074     
   31305.393226894186       -4.4738580682852298       -167.59097994229026        31873.390823190366     
   31505.393226894186       -4.4898584780636579       -167.17976923078638        32040.570592421151     
   31705.393226894186       -4.5056089622461277       -166.78063311769358        32207.351225538845     
   31905.393226894186       -4.5211195845752012       -166.38948816332197        32373.740713702166     
   32105.393226894186       -4.5364127527788742       -166.00250823733742        32539.743221939501     
   32305.393226894186       -4.5515150979909453       -165.61700024041707        32705.360222179919     
   32505.393226894186       -4.5664553228704374       -165.23952822589169        32870.599750405810     
   32705.393226894186       -4.5811785546131141       -164.86663469384879        33035.466385099659     
   32905.393226894186       -4.5957350653100377       -164.49216718175944        33199.958552281416     
   33105.393226894186       -4.6101945376127036       -164.10960785589424        33364.068160137307     
   33305.393226894186       -4.6246081557356842       -163.71711035738628        33527.785270494693     
   33505.393226894186       -4.6389803964271259       -163.31905037140672        33691.104320866099     
   33705.393226894186       -4.6532531869341938       -162.92583279144512        33854.030153657543     
   33905.393226894186       -4.6673834122435593       -162.54141938023059        34016.571573037771     
   34105.393226894186       -4.6813539049421635       -162.16533601634299        34178.736909054111     
   34305.393226894186       -4.6951629634609446       -161.79585412389102        34340.532763178002     
   34505.393226894186       -4.7087672038884794       -161.43791857714552        34501.970681755149     
   34705.393226894186       -4.7221648877900151       -161.08885343134631        34663.059535186498     
   34905.393226894186       -4.7353798167238992       -160.74413843027293        34823.803673616771     
   35105.393226894186       -4.7484345711311349       -160.40136565962405        34984.205039276392     
   35305.393226894186       -4.7613433113678116       -160.05997416693944        35144.265013443335     
   35505.393226894186       -4.7741142247967412       -159.72012184505058        35303.985135288385     
   35705.393226894186       -4.7867639236421908       -159.38055396737730        35463.365689255763     
   35905.393226894186       -4.7993163567186645       -159.03942990642201        35622.405119162184     
   36105.393226894186       -4.8117411972782786       -158.70277328076943        35781.107892442953     
   36305.393226894186       -4.8240115970421575       -158.37336064852155        35939.481253091471     
   36505.393226894186       -4.8361186304949211       -158.05074732326815        36097.532000414736     
   36705.393226894186       -4.8480663090152314       -157.73331825069030        36255.265318665428     
   36905.393226894186       -4.8598645464639336       -157.41950182137055        36412.684820486800     
   37105.393226894186       -4.8715244945337624       -157.10818493259015        36569.793005419393     
   37305.393226894186       -4.8830561767034126       -156.79874067714528        36726.591746096536     
   37505.393226894186       -4.8944934844257757       -156.48745813506321        36883.079204231602     
   37705.393226894186       -4.9058720789598098       -156.17178653491905        37039.250990766523     
   37905.393226894186       -4.9172137651835968       -155.85167044860088        37195.102661215125     
   38105.393226894186       -4.9285243012233035       -155.52875544811636        37350.631416663244     
   38305.393226894186       -4.9397718603672978       -155.20871998861446        37505.840136651859     
   38505.393226894186       -4.9509233183171713       -154.89498845627239        37660.735125108135     
   38705.393226894186       -4.9619590492067829       -154.58816418724265        37815.323289295375     
   38905.393226894186       -4.9728716564264817       -154.28744051934996        37969.610729814725     
   39105.393226894186       -4.9836401803743478       -153.99445212573895        38123.605181940467     
   39305.393226894186       -4.9942487691763144       -153.70960377495049        38277.314785715418     
   39505.393226894186       -5.0047080923953136       -153.42986150676754        38430.744647222185     
   39705.393226894186       -5.0150369407946735       -153.15257422613266        38583.897221448315     
   39905.393226894186       -5.0252501807791763       -152.87659441725916        38736.773815865570     
   40105.393226894186       -5.0353568085805982       -152.60177497820402        38889.375590843774     
   40305.393226894186       -5.0453619281597959       -152.32832718655939        39041.703918030333     
   40505.393226894186       -5.0552729371402059       -152.05593590266136        39193.759853932992     
   40705.393226894186       -5.0651018444834044       -151.78373399158423        39345.543587924578     
   40905.393226894186       -5.0748621896432553       -151.51092273896569        39497.054510663540     
   41105.393226894186       -5.0845653309892027       -151.23717844727091        39648.291689110811     
   41305.393226894186       -5.0941988170110406       -150.96528856992580        39799.256977680736     
   41505.393226894186       -5.1037421999701227       -150.69780076681317        39949.954778447551     
   41705.393226894186       -5.1131799604618244       -150.43570052641380        40100.390478973968     
   41905.393226894186       -5.1225047959572834       -150.17875610889169        40250.569235082861     
   42105.393226894186       -5.1317160160540034       -149.92618749814511        40400.495422581007     
   42305.393226894186       -5.1408168577328004       -149.67713586606993        40550.172558447077     
   42505.393226894186       -5.1498205611055816       -149.42979757231208        40699.602356019386     
   42705.393226894186       -5.1587469262245520       -149.18220686057811        40848.784562879962     
   42905.393226894186       -5.1676143750807899       -148.93322287118926        40997.717785751149     
   43105.393226894186       -5.1764351074047656       -148.68273476005768        41146.400520511204     
   43305.393226894186       -5.1852182445297972       -148.43083184705290        41294.831352358255     
   43505.393226894186       -5.1939522889584664       -148.18010602484438        41443.011458383102     
   43705.393226894186       -5.2026186236332430       -147.93289653283657        41590.944354915940     
   43905.393226894186       -5.2112026272265233       -147.69018656656408        41738.634541482505     
   44105.393226894186       -5.2196964100374146       -147.45192193580326        41886.086463418309     
   44305.393226894186       -5.2280974576318417       -147.21758043754062        42033.304043855853     
   44505.393226894186       -5.2364064894072309       -146.98655393441334        42180.290597790263     
   44705.393226894186       -5.2446174272010477       -146.75941705270591        42327.050014842971     
   44905.393226894186       -5.2527296119478901       -146.53578757619695        42473.585802419169     
   45105.393226894186       -5.2607477426173750       -146.31480371870362        42619.900606137875     
   45305.393226894186       -5.2686777347671878       -146.09581221666730        42765.996418354545     
   45505.393226894186       -5.2765243775606230       -145.87851867739937        42911.874937031942     
   45705.393226894186       -5.2842910199813513       -145.66285761877938        43057.537794650721     
   45905.393226894186       -5.2919801125496608       -145.44883965446823        43202.986634305191     
   46105.393226894186       -5.2995937847662660       -145.23646573454056        43348.223100039730     
   46305.393226894186       -5.3071375777439318       -145.02525876587393        43493.248358805606     
   46505.393226894186       -5.3146199790397688       -144.81452831184484        43638.062887117449     
   46705.393226894186       -5.3220498807718162       -144.60375110702381        43782.666638224473     
   46905.393226894186       -5.3294345403118291       -144.39272781378520        43927.059366038258     
   47105.393226894186       -5.3367724199448716       -144.18237332234673        44071.241739360608     
   47305.393226894186       -5.3440545990569976       -143.97409188438237        44215.215831244990     
   47505.393226894186       -5.3512707190704223       -143.76890819229092        44358.984739437285     
   47705.393226894186       -5.3584129638494176       -143.56720794074039        44502.551947378022     
   47905.393226894186       -5.3654771611847574       -143.36888717923154        44645.920834557255     
   48105.393226894186       -5.3724622371277437       -143.17359558828076        44789.094430145538     
   48305.393226894186       -5.3793692109722144       -142.98091813471228        44932.075348280254     
   48505.393226894186       -5.3862002644617402       -142.79047712333380        45074.865825403591     
   48705.393226894186       -5.3929639276761643       -142.60121111186817        45217.467036515460     
   48905.393226894186       -5.3996723253049570       -142.41199798572441        45359.879034501188     
   49105.393226894186       -5.4063364433762269       -142.22221906762948        45502.101253568821     
   49305.393226894186       -5.4129635746321538       -142.03183190560458        45644.133085474423     
   49505.393226894186       -5.4195570938871791       -141.84117081166974        45785.974256286092     
   49705.393226894186       -5.4261228237001200       -141.65001313813130        45927.624269424225     
   49905.393226894186       -5.4326564527363468       -141.45949704422631        46069.083766468451     
   50105.393226894186       -5.4391469787212632       -141.27109211158256        46210.354858580031     
   50305.393226894186       -5.4455834534608663       -141.08570404972559        46351.440562629759     
   50505.393226894186       -5.4519582994138265       -140.90357181439424        46492.344134444153     
   50705.393226894186       -5.4582676305465503       -140.72451072267492        46633.068645166830     
   50905.393226894186       -5.4645103399848676       -140.54816285771807        46773.616808024548     
   51105.393226894186       -5.4706870365696609       -140.37415337588314        46913.990961400428     
   51305.393226894186       -5.4767992177290772       -140.20216279590926        47054.193124196339     
   51505.393226894186       -5.4828498693311492       -140.03180046701343        47194.224924663351     
   51705.393226894186       -5.4888419757037781       -139.86281374701039        47334.087738410359     
   51905.393226894186       -5.4947774348116791       -139.69515342490723        47473.782891835268     
   52105.393226894186       -5.5006570135927362       -139.52889453662243        47613.311786371887     
   52305.393226894186       -5.5064808392032951       -139.36413571102662        47752.675922082912     
   52505.393226894186       -5.5122489283388010       -139.20093740890599        47891.876859491815     
   52705.393226894186       -5.5179615356492278       -139.03930296629716        48030.916162458110     
   52905.393226894186       -5.5236192969799927       -138.87918637646820        48169.795348834581     
   53105.393226894186       -5.5292246422213882       -138.72032745259213        48308.515676287170     
   53305.393226894186       -5.5347818590172624       -138.56232684860339        48447.078003135772     
   53505.393226894186       -5.5402960278014692       -138.40481886976170        48585.482822005535     
   53705.393226894186       -5.5457718630992643       -138.24758214100638        48723.730404146540     
   53905.393226894186       -5.5512130208213595       -138.09055710228807        48861.820961248828     
   54105.393226894186       -5.5566219107948092       -137.93380693871342        48999.754768187544     
   54305.393226894186       -5.5619995345815010       -137.77750179008015        49137.532269977622     
   54505.393226894186       -5.5673429328778159       -137.62222102099770        49275.154490998619     
   54705.393226894186       -5.5726462960007481       -137.46866033241065        49412.623151331027     
   54905.393226894186       -5.5779034756691752       -137.31730927313052        49549.940460604157     
   55105.393226894186       -5.5831097069785578       -137.16835419411959        49687.108814798274     
   55305.393226894186       -5.5882621687503065       -137.02173907709332        49824.130553875366     
   55505.393226894186       -5.5933598051954583       -136.87727121511199        49961.007825090477     
   55705.393226894186       -5.5984028633085696       -136.73471009494281        50097.742535185418     
   55905.393226894186       -5.6033924158480577       -136.59382300556240        50234.336358190980     
   56105.393226894186       -5.6083324814359869       -136.45408997836580        50370.790448169348     
   56305.393226894186       -5.6132294056873819       -136.31489016840692        50507.105338337751     
   56505.393226894186       -5.6180897482294334       -136.17577964055639        50643.281117978309     
   56705.393226894186       -5.6229186361439369       -136.03659868268198        50779.317716660989     
   56905.393226894186       -5.6277191594344185       -135.89742687064981        50915.215143531641     
   57105.393226894186       -5.6324925498401717       -135.75847928722121        51050.973622818863     
   57305.393226894186       -5.6372387001631878       -135.62001184707353        51186.593634665936     
   57505.393226894186       -5.6419617820377432       -135.48160904819954        51322.075243714135     
   57705.393226894186       -5.6466619481927189       -135.34354655325780        51457.418790267395     
   57905.393226894186       -5.6513342169083502       -135.20660037296986        51592.625390640365     
   58105.393226894186       -5.6559717109181822       -135.07146458357275        51727.696855223941     
   58305.393226894186       -5.6605684082339316       -134.93849830192633        51862.635353525868     
   58505.393226894186       -5.6651202445528366       -134.80775324067346        51997.443106766543     
   58705.393226894186       -5.6696251110148452       -134.67909316272721        52132.122199929268     
   58905.393226894186       -5.6740824183153649       -134.55230110775494        52266.674501037021     
   59105.393226894186       -5.6784926082367262       -134.42714720884442        52401.101648245865     
   59305.393226894186       -5.6828567552472862       -134.30342277302944        52535.405071018897     
   59505.393226894186       -5.6871776037273616       -134.18078351953983        52669.585854538440     
   59705.393226894186       -5.6914588037290326       -134.05889472487587        52803.644749263316     
   59905.393226894186       -5.6957033722731261       -133.93760443264870        52937.582353695965     
   60105.393226894186       -5.6999129862413858       -133.81694609402749        53071.399299789991     
   60305.393226894186       -5.7040881212872199       -133.69705110791023        53205.096350897904     
   60505.393226894186       -5.7082285348977546       -133.57806435470638        53338.674415252608     
   60705.393226894186       -5.7123337359973991       -133.46009578045980        53472.134511033066     
   60905.393226894186       -5.7164033058815011       -133.34320467754452        53605.477715710607     
   61105.393226894186       -5.7204370609175692       -133.22740388069266        53738.705119591301     
   61305.393226894186       -5.7244351086664631       -133.11267096336800        53871.817790554669     
   61505.393226894186       -5.7283978303524146       -132.99896166292274        54004.816752217594     
   61705.393226894186       -5.7323264374151499       -132.88614339466670        54137.702895612259     
   61905.393226894186       -5.7362230946793922       -132.77401193203474        54270.476907544296     
   62105.393226894186       -5.7400904998615179       -132.66236434196210        54403.139271886255     
   62305.393226894186       -5.7439313141514523       -132.55105864911332        54535.690330535370     
   62505.393226894186       -5.7477477463095124       -132.44003411290910        54668.130364648277     
   62705.393226894186       -5.7515413725864439       -132.32930057269147        54800.459665220966     
   62905.393226894186       -5.7553131427927706       -132.21891439760628        54932.678579618572     
   63105.393226894186       -5.7590634880034743       -132.10895420045415        55064.787533819028     
   63305.393226894186       -5.7627924606166250       -131.99950253176647        55196.787036350797     
   63505.393226894186       -5.7665018059958886       -131.89038674133431        55328.677423092129     
   63705.393226894186       -5.7701921110151231       -131.78165395365252        55460.459077045780     
   63905.393226894186       -5.7738614167098845       -131.67363789759119        55592.132714943371     
   64105.393226894186       -5.7775060444052162       -131.56674583844051        55723.699460781812     
   64305.393226894186       -5.7811219971730399       -131.46128092718641        55855.160741708998     
   64505.393226894186       -5.7847059362555875       -131.35738501574639        55986.518126724746     
   64705.393226894186       -5.7882555724759568       -131.25506164793617        56117.773188372681     
   64905.393226894186       -5.7917696591455297       -131.15422607121468        56248.927414443897     
   65105.393226894186       -5.7952478000781458       -131.05475171713098        56379.982166161026     
   65305.393226894186       -5.7986902128941793       -130.95650279094002        56510.938668951967     
   65505.393226894186       -5.8020975158424744       -130.85935307543360        56641.798022027404     
   65705.393226894186       -5.8054717256197232       -130.76304595848785        56772.561067985895     
   65905.393226894186       -5.8088161484215792       -130.66725668147242        56903.228324667369     
   66105.393226894186       -5.8121344211671300       -130.57172597116761        57033.800050638536     
   66305.393226894186       -5.8154296134232872       -130.47633053523882        57164.276381173775     
   66505.393226894186       -5.8187037885389055       -130.38107741244181        57294.657458586218     
   66705.393226894186       -5.8219579807009900       -130.28605997078864        57424.943518557004     
   66905.393226894186       -5.8251924024400594       -130.19140946181096        57555.134928018815     
   67105.393226894186       -5.8284067218461946       -130.09725854664595        57685.232186565459     
   67305.393226894186       -5.8316003192808861       -130.00371974928515        57815.235906314745     
   67505.393226894186       -5.8347724875026987       -129.91087603034222        57945.146782345088     
   67705.393226894186       -5.8379225684970208       -129.81877954473106        58074.965561889818     
   67905.393226894186       -5.8410544738789589       -129.72688938238426        58204.692451272203     
   68105.393226894186       -5.8441712844810070       -129.63500348149344        58334.327454753700     
   68305.393226894186       -5.8472724803378959       -129.54341687742209        58463.870871631123     
   68505.393226894186       -5.8503549468638827       -129.45259071514539        58593.323462346270     
   68705.393226894186       -5.8534148759247842       -129.36288542544435        58722.686347771712     
   68905.393226894186       -5.8564490277655405       -129.27447893806601        58851.960826709779     
   69105.393226894186       -5.8594552001831133       -129.18739524193347        58981.148221951713     
   69305.393226894186       -5.8624322175399675       -129.10156332702809        59110.249785278742     
   69505.393226894186       -5.8653797195558903       -129.01686908003919        59239.266654358784     
   69705.393226894186       -5.8682979176593024       -128.93318926025395        59368.199843619041     
   69905.393226894186       -5.8711873881831815       -128.85040965478399        59497.050253273825     
   70105.393226894186       -5.8740489185435774       -128.76843266542184        59625.818685939244     
   70305.393226894186       -5.8768841475409763       -128.68708389757512        59754.505769836818     
   70505.393226894186       -5.8796954445229517       -128.60615649624597        59883.111926333062     
   70705.393226894186       -5.8824852733496460       -128.52549542399601        60011.637421757056     
   70905.393226894186       -5.8852562551119831       -128.44495847482665        60140.082380231885     
   71105.393226894186       -5.8880104010586107       -128.36450660498164        60268.446886836864     
   71305.393226894186       -5.8907485267470365       -128.28423426985253        60396.731121106714     
   71505.393226894186       -5.8934702983509073       -128.20431593150965        60524.935437038221     
   71705.393226894186       -5.8961746546000651       -128.12493496122869        60653.060371999447     
   71905.393226894186       -5.8988602695194103       -128.04623699745906        60781.106608996903     
   72105.393226894186       -5.9015258882867965       -127.96831338047734        60909.074922377382     
   72305.393226894186       -5.9041705095447128       -127.89120446264407        61036.966126840023     
   72505.393226894186       -5.9067934496981582       -127.81491158727249        61164.781038427296     
   72705.393226894186       -5.9093943354776464       -127.73941046242740        61292.520448889722     
   72905.393226894186       -5.9119730612684034       -127.66466250607857        61420.185111395804     
   73105.393226894186       -5.9145297344051757       -127.59062317051637        61547.775734566319     
   73305.393226894186       -5.9170649292996984       -127.51720827608403        61675.292942842403     
   73505.393226894186       -5.9195797411060838       -127.44430056210084        61802.737243404503     
   73705.393226894186       -5.9220755612147595       -127.37178603046026        61930.109029434963     
   73905.393226894186       -5.9245537732340416       -127.29958440448833        62057.408613839449     
   74105.393226894186       -5.9270155286122979       -127.22765950617408        62184.636273345626     
   74305.393226894186       -5.9294616467415917       -127.15601357471446        62311.792286920339     
   74505.393226894186       -5.9318926153264666       -127.08467441442346        62438.876961334761     
   74705.393226894186       -5.9343086474733049       -127.01368219285206        62565.890643527615     
   74905.393226894186       -5.9367097587356374       -126.94307923709206        62692.833722764706     
   75105.393226894186       -5.9390958449559923       -126.87290314778349        62819.706625912491     
   75305.393226894186       -5.9414667502458149       -126.80318288754128        62946.509808800030     
   75505.393226894186       -5.9438223248416975       -126.73393663671514        63073.243745436746     
   75705.393226894186       -5.9461624639814081       -126.66517196506619        63199.908917401815     
   75905.393226894186       -5.9484871283476135       -126.59688746414000        63326.505804865956     
   76105.393226894186       -5.9507988725802745       -126.52875494265749        63453.034559808613     
   76305.393226894186       -5.9531007971385943       -126.46051315807321        63579.495072966689     
   76505.393226894186       -5.9553942771865698       -126.39219726064427        63705.887270227337     
   76705.393226894186       -5.9576785455678376       -126.32405874387401        63832.211328971207     
   76905.393226894186       -5.9599514524639998       -126.25639942529315        63958.467728396499     
   77105.393226894186       -5.9622104059002039       -126.18946012525355        64084.657188521756     
   77305.393226894186       -5.9644530251828485       -126.12338342557558        64210.780571947333     
   77505.393226894186       -5.9666774512186382       -126.05822243316643        64336.838794380499     
   77705.393226894186       -5.9688824152450568       -125.99396674073729        64462.832761121237     
   77905.393226894186       -5.9710671800772035       -125.93056883473888        64588.763329955975     
   78105.393226894186       -5.9732314334555534       -125.86796440568490        64714.631294361658     
   78305.393226894186       -5.9753751771226762       -125.80608562566826        64840.437379987328     
   78505.393226894186       -5.9774986306846518       -125.74486869335477        64966.182248680685     
   78705.393226894186       -5.9796021556717793       -125.68425740918643        65091.866506089871     
   78905.393226894186       -5.9816866350596083       -125.62414901556328        65217.490655105437     
   79105.393226894186       -5.9837535240366435       -125.56440517858600        65343.055060284023     
   79305.393226894186       -5.9858045195358880       -125.50490236923518        65468.559962653257     
   79505.393226894186       -5.9878411629449761       -125.44556869817046        65594.005531351431     
   79705.393226894186       -5.9898645859761288       -125.38639122082506        65719.391922572249     
   79905.393226894186       -5.9918754336180324       -125.32740308844085        65844.719325660684     
   80105.393226894186       -5.9938739120203373       -125.26866389167157        65969.987989552363     
   80305.393226894186       -5.9958598966572705       -125.21024178417501        66095.198231336544     
   80505.393226894186       -5.9978330523531831       -125.15220092674988        66220.350432263294     
   80705.393226894186       -5.9997929390525613       -125.09459440746305        66345.445026670757     
   80905.393226894186       -6.0017390932445016       -125.03746143291605        66470.482488103677     
   81105.393226894186       -6.0036710841921277       -124.98082733191694        66595.463315435598     
   81305.393226894186       -6.0055885484862248       -124.92470512967114        66720.388020565268     
   81505.393226894186       -6.0074912078494807       -124.86909780154566        66845.257118366819     
   81705.393226894186       -6.0093788749856136       -124.81400064415170        66970.071119010972     
   81905.393226894186       -6.0112514514923481       -124.75940345299740        67094.830522463963     
   82105.393226894186       -6.0131089209274062       -124.70529236612001        67219.535814830087     
   82305.393226894186       -6.0149513392618008       -124.65165133717088        67344.187466167263     
   82505.393226894186       -6.0167824199493207       -124.59800817419824        67468.785474341465     
   82705.393226894186       -6.0186064513959519       -124.54401191851115        67593.329486259972     
   82905.393226894186       -6.0204253828303660       -124.48970799513467        67717.819194255106     
   83105.393226894186       -6.0222385432342875       -124.43539763500445        67842.254591890116     
   83305.393226894186       -6.0240437226882380       -124.38142240884652        67966.636014298958     
   83505.393226894186       -6.0258382987056240       -124.32804071402798        68090.964055012984     
   83705.393226894186       -6.0276199288716459       -124.27539778280165        68215.239452795780     
   83905.393226894186       -6.0293868326242475       -124.22354426551655        68339.462997061302     
   84105.393226894186       -6.0311378223059267       -124.17246814012285        68463.635465201427     
   84305.393226894186       -6.0328722206620462       -124.12212305545511        68587.757588256878     
   84505.393226894186       -6.0345897464123102       -124.07244826556904        68711.830036522442     
   84705.393226894186       -6.0362904061055964       -124.02338073157071        68835.853417254009     
   84905.393226894186       -6.0379744069161845       -123.97486135712448        68959.828278611138     
   85105.393226894186       -6.0396420927306824       -123.92683739755930        69083.755116008702     
   85305.393226894186       -6.0412938996983776       -123.87926276353588        69207.634378772244     
   85505.393226894186       -6.0429303254679665       -123.83209743519866        69331.466476207439     
   85705.393226894186       -6.0445519069902716       -123.78530668109222        69455.251782888532     
   85905.393226894186       -6.0461595770339978       -123.73881314165257        69578.990596030184     
   86105.393226894186       -6.0477546332751713       -123.69251795052689        69702.683113980704     
   86305.393226894186       -6.0493384245378961       -123.64634465347548        69826.329458634180     
   86505.393226894186       -6.0509120751681102       -123.60025995347293        69949.929718587649     
