 #              _____________________  _______________________             #
 #              ___  __ \__  __ \_  / / /_  /___  ____/_  ___/             #
 #              __  / / /_  /_/ /  / / /_  __/_  __/  _____ \              #
 #              _  /_/ /_  _, _// /_/ / / /_ _  /___  ____/ /              #
 #              /_____/ /_/ |_| \____/  \__/ /_____/  /____/               #
 #                                                                         #
  
 #        time                      T            heat flux [W.L-2]   in    x              directions   cumulative flux
 #-----------------------------------------------------------------------------------------------

   0.0000000000000000        10.000000000000000       -0.0000000000000000        0.0000000000000000     
   1.0000000000000000        10.000000000000000        5.6488147492927924E-013   5.6488147492927924E-013
   1.9540000000000002        10.000000000000000        5.6488147492927924E-013   1.1297629498585585E-012
   2.8641160000000001        10.000000000000000        1.1297629498585585E-012   2.2595258997171170E-012
   3.8288389600000006        10.000000000000000        1.1297629498585585E-012   3.3892888495756755E-012
   4.8514452976000007        10.000000000000000        1.1297629498585585E-012   4.5190517994342340E-012
   5.9354080154560007        10.000000000000000        5.6488147492927924E-013   5.0839332743635136E-012
   7.0844084963833609        10.000000000000000       -0.0000000000000000        5.0839332743635136E-012
   8.3023490061663630        10.000000000000000       -1.1297629498585585E-012   6.2136962242220721E-012
   9.5933659465363448        10.000000000000000       -5.6488147492927914E-013   6.7785776991513509E-012
   10.961843903328527        10.000000000000000       -5.6488147492927914E-013   7.3434591740806306E-012
   12.412430537528239        10.000000000000000       -5.6488147492927914E-013   7.9083406490099102E-012
   13.950052369779934        10.000000000000000       -0.0000000000000000        7.9083406490099102E-012
   15.579931511966731        10.000000000000000       -0.0000000000000000        7.9083406490099102E-012
   17.307603402684734        10.000000000000000       -0.0000000000000000        7.9083406490099102E-012
   19.138935606845820        10.000000000000000        5.6488147492927924E-013   8.4732221239391899E-012
   21.080147743256571        10.000000000000000        5.6488147492927924E-013   9.0381035988684695E-012
   23.137832607851966        10.000000000000000       -0.0000000000000000        9.0381035988684695E-012
   25.318978564323086        10.000000000000000       -0.0000000000000000        9.0381035988684695E-012
   27.630993278182473        10.000000000000000       -0.0000000000000000        9.0381035988684695E-012
   30.081728874873424        10.000000000000000       -5.6488147492927924E-013   9.6029850737977492E-012
   32.679508607365833        10.000000000000000       -1.1297629498585585E-012   1.0732748023656307E-011
   35.433155123807786        10.000000000000000       -5.6488147492927924E-013   1.1297629498585586E-011
   38.352020431236255        10.000000000000000       -5.6488147492927924E-013   1.1862510973514866E-011
   41.446017657110431        10.000000000000000       -5.6488147492927924E-013   1.2427392448444146E-011
   44.725654716537058        10.000000000000000       -5.6488147492927924E-013   1.2992273923373425E-011
   48.202069999529286        10.000000000000000        5.6488147492927924E-013   1.3557155398302705E-011
   51.887070199501046        10.000000000000000        1.1297629498585585E-012   1.4686918348161264E-011
   55.793170411471110        10.000000000000000        1.1297629498585585E-012   1.5816681298019824E-011
   59.933636636159378        10.000000000000000        1.1297629498585585E-012   1.6946444247878383E-011
   64.322530834328944        10.000000000000000        1.6946444247878377E-012   1.8641088672666222E-011
   68.974758684388689        10.000000000000000        2.2595258997171170E-012   2.0900614572383341E-011
   73.906120205452012        10.000000000000000        1.6946444247878377E-012   2.2595258997171179E-011
   79.133363417779137        10.000000000000000        1.6946444247878377E-012   2.4289903421959018E-011
   84.674241222845893        10.000000000000000        1.1297629498585585E-012   2.5419666371817578E-011
   90.547571696216650        10.000000000000000        1.1297629498585585E-012   2.6549429321676137E-011
   96.773301997989648        10.000000000000000        1.1297629498585585E-012   2.7679192271534696E-011
   103.37257611786903        10.000000000000000        5.6488147492927924E-013   2.8244073746463976E-011
   110.36780668494117        10.000000000000000        5.6488147492927924E-013   2.8808955221393256E-011
   117.78275108603765        10.000000000000000       -0.0000000000000000        2.8808955221393256E-011
   125.64259215119992        10.000000000000000       -0.0000000000000000        2.8808955221393256E-011
   133.97402368027193        10.000000000000000        5.6488147492927924E-013   2.9373836696322535E-011
   142.80534110108826        10.000000000000000        5.6488147492927924E-013   2.9938718171251815E-011
   152.16653756715357        10.000000000000000        5.6488147492927924E-013   3.0503599646181095E-011
   162.08940582118279        10.000000000000000        5.6488147492927924E-013   3.1068481121110374E-011
   172.60764617045376        10.000000000000000       -0.0000000000000000        3.1068481121110374E-011
   183.75698094068099        10.000000000000000        5.6488147492927924E-013   3.1633362596039654E-011
   194.90631571090822        10.000000000000000        5.6488147492927924E-013   3.2198244070968933E-011
   206.72461056734909        10.000000000000000        1.1297629498585585E-012   3.3328007020827493E-011
   219.25200311517639        10.000000000000000        5.6488147492927924E-013   3.3892888495756772E-011
   232.53103921587336        10.000000000000000       -0.0000000000000000        3.3892888495756772E-011
   246.60681748261214        10.000000000000000       -0.0000000000000000        3.3892888495756772E-011
   261.52714244535525        10.000000000000000       -0.0000000000000000        3.3892888495756772E-011
   277.34268690586293        10.000000000000000        5.6488147492927924E-013   3.4457769970686052E-011
   294.10716403400107        10.000000000000000       -0.0000000000000000        3.4457769970686052E-011
   311.87750978982751        10.000000000000000        5.6488147492927924E-013   3.5022651445615332E-011
   330.71407629100355        10.000000000000000       -0.0000000000000000        3.5022651445615332E-011
   350.68083678225014        10.000000000000000       -1.1297629498585585E-012   3.6152414395473891E-011
   371.84560290297151        10.000000000000000       -0.0000000000000000        3.6152414395473891E-011
   394.28025499093616        10.000000000000000        5.6488147492927924E-013   3.6717295870403171E-011
   418.06098620417873        10.000000000000000       -0.0000000000000000        3.6717295870403171E-011
   443.26856129021581        10.000000000000000       -0.0000000000000000        3.6717295870403171E-011
   469.98859088141512        10.000000000000000       -5.6488147492927924E-013   3.7282177345332450E-011
   498.31182224808640        10.000000000000000       -5.6488147492927924E-013   3.7847058820261730E-011
   528.33444749675800        10.000000000000000       -5.6488147492927924E-013   3.8411940295191010E-011
   560.15843026034986        10.000000000000000       -2.8244073746463958E-012   4.1236347669837408E-011
   593.89185198975724        10.000000000000000       -7.9083406490099086E-012   4.9144688318847316E-011
   629.64927902292902        10.000000000000000       -3.0503599646181075E-011   7.9648287965028392E-011
   667.55215167809115        10.000000000000000       -1.0732748023656302E-010   1.8697576820159141E-010
   707.72919669256305        10.000000000000000       -3.6547831427924347E-010   5.5245408248083488E-010
   750.31686440790327        10.000000000000000       -1.1930296750506361E-009   1.7454837575314710E-009
   795.45979218616390        10.000000000000000       -3.7445992973061766E-009   5.4900830548376474E-009
   843.31129563112017        10.000000000000000       -1.1293675328260928E-008   1.6783758383098575E-008
   894.03388928277377        10.000000000000000       -3.2777247582770049E-008   4.9561005965868620E-008
   947.79983855352657        10.000000000000000       -9.1606263907794585E-008   1.4116726987366322E-007
   1004.7917447805246        10.000000000000000       -2.4671537346412008E-007   3.8788264333778330E-007
   1065.2031653811425        10.000000000000000       -6.4072359151555929E-007   1.0286062348533426E-006
   1129.2392712177975        10.000000000000000       -1.6056857603484356E-006   2.6342919952017783E-006
   1197.1175434046518        10.000000000000000       -3.8858236201797809E-006   6.5201156153815587E-006
   1269.0685119227173        10.000000000000000       -9.0879679460148727E-006   1.5608083561396433E-005
   1345.3365385518669        10.000000000000000       -2.0556514196577377E-005   3.6164597757973810E-005
   1426.1806467787653        10.000000000000000       -4.5006704427762218E-005   8.1171302185736028E-005
   1511.8754014992776        10.000000000000000       -9.5455986494276119E-005   1.7662728868001213E-004
   1602.7118415030207        10.000000000000000       -1.9628484194783867E-004   3.7291213062785080E-004
   1693.5482815067637        10.000000000000000       -3.7339514073103408E-004   7.4630727135888489E-004
   1789.8349079107313        10.000000000000000       -6.9580649822415267E-004   1.4421137695830376E-003
   1891.8987318989371        10.000000000000000       -1.2694258683198373E-003   2.7115396379028748E-003
   2000.0863853264352        10.000000000000000       -2.2667202361950473E-003   4.9782598740979222E-003
   2114.7652979595832        10.000000000000000       -3.9611451233565456E-003   8.9394049974544677E-003
   2236.3249453507201        10.000000000000000       -6.7749407879700799E-003   1.5714345785424549E-002
   2365.1781715853253        10.000000000000000       -1.1343213967597215E-002   2.7057559753021765E-002
   2501.7625913940069        10.000000000000000       -1.8596837504690492E-002   4.5654397257712254E-002
   2646.5420763912093        10.000000000000000       -2.9865794046887762E-002   7.5520191304600012E-002
   2800.0083304882437        10.000000000000000       -4.7003082737706751E-002  0.12252327404230676     
   2962.6825598311002        10.000000000000000       -7.2527191784448414E-002  0.19505046582675517     
   3135.1172429345279        10.000000000000000      -0.10977850617351713       0.30482897200027231     
   3317.8980070241614        10.000000000000000      -0.16308206800885086       0.46791104000912320     
   3511.6456169591729        10.000000000000000      -0.23790613501081667       0.70581717501993990     
   3705.3932268941844        10.000000000000000      -0.33374736281118128        1.0395645378311211     
   3905.3932268941844        10.000000000000000      -0.45783882508925949        1.4974033629203807     
   4105.3932268941844        10.000000000000000      -0.60957942705268864        2.1069827899730695     
   4305.3932268941844        10.000000000000000      -0.79114200969434612        2.8981247996674155     
   4505.3932268941844        10.000000000000000       -1.0043491792825507        3.9024739789499661     
   4705.3932268941844        10.000000000000000       -1.2506576823041364        5.1531316612541023     
   4905.3932268941844        10.000000000000000       -1.5311561042469162        6.6842877655010184     
   5105.3932268941844        10.000000000000000       -1.8465734054605243        8.5308611709615434     
   5305.3932268941844        10.000000000000000       -2.1972958688300892        10.728157039791633     
   5505.3932268941844        10.000000000000000       -2.5833902294153068        13.311547269206940     
   5705.3932268941844        10.000000000000000       -3.0046310224424877        16.316178291649429     
   5905.3932268941844        10.000000000000000       -3.4605304767682243        19.776708768417652     
   6105.3932268941844        10.000000000000000       -3.9503695660332609        23.727078334450912     
   6305.3932268941844        10.000000000000000       -4.4732290985757972        28.200307433026708     
   6505.3932268941844        10.000000000000000       -5.0280199793336999        33.228327412360407     
   6705.3932268941844        10.000000000000000       -5.6135120127777176        38.841839425138126     
   6905.3932268941844        10.000000000000000       -6.2283608343241204        45.070200259462247     
   7105.3932268941844        10.000000000000000       -6.8711327402111708        51.941332999673421     
   7305.3932268941844        10.000000000000000       -7.5403273154457295        59.481660315119150     
   7505.3932268941844        10.000000000000000       -8.2343978357489949        67.716058150868150     
   7705.3932268941844        10.000000000000000       -8.9517694583991378        76.667827609267292     
   7905.3932268941844        10.000000000000000       -9.6908552446827816        86.358682853950071     
   8105.3932268941844        10.000000000000000       -10.450070085272635        96.808752939222700     
   8305.3932268941844        10.000000000000000       -11.227842615162665        108.03659555438537     
   8505.3932268941844        10.000000000000000       -12.022625217979453        120.05922077236482     
   8705.3932268941844        10.000000000000000       -12.832902252029978        132.89212302439481     
   8905.3932268941844        10.000000000000000       -13.657196677471212        146.54931970186601     
   9105.3932268941844        10.000000000000000       -14.494075304808971        161.04339500667498     
   9305.3932268941844        10.000000000000000       -15.342152893548031        176.38554790022300     
   9505.3932268941844        10.000000000000000       -16.200095280245073        192.58564318046808     
   9705.3932268941844        10.000000000000000       -17.066621643890524        209.65226482435861     
   9905.3932268941844        10.000000000000000       -17.940505979778649        227.59277080413727     
   10105.393226894184        10.000000000000000       -18.820577865861374        246.41334866999864     
   10305.393226894184        10.000000000000000       -19.705722650128028        266.11907132012669     
   10505.393226894184        10.000000000000000       -20.594881223400062        286.71395254352677     
   10705.393226894184        10.000000000000000       -21.487049516960624        308.20100206048738     
   10905.393226894184        10.000000000000000       -22.381277796472677        330.58227985696004     
   11105.393226894184        10.000000000000000       -23.276669767212233        353.85894962417228     
   11305.393226894184        10.000000000000000       -24.172381467072647        378.03133109124491     
   11505.393226894184        10.000000000000000       -25.067619904759923        403.09895099600482     
   11705.393226894184        10.000000000000000       -25.961641435915745        429.06059243192055     
   11905.393226894184        10.000000000000000       -26.853749943339359        455.91434237525993     
   12105.393226894184        10.000000000000000       -27.743294914655959        483.65763728991590     
   12305.393226894184        10.000000000000000       -28.629669492110605        512.28730678202646     
   12505.393226894184        10.000000000000000       -29.512308555508678        541.79961533753510     
   12705.393226894184        10.000000000000000       -30.390686878561709        572.19030221609682     
   12905.393226894184        10.000000000000000       -31.264317366362175        603.45461958245903     
   13105.393226894184        10.000000000000000       -32.132749384151538        635.58736896661060     
   13305.393226894184        10.000000000000000       -32.995567209971249        668.58293617658182     
   13505.393226894184        10.000000000000000       -33.852388605467411        702.43532478204929     
   13705.393226894184        10.000000000000000       -34.702863438781286        737.13818822083056     
   13905.393226894184        10.000000000000000       -35.546672288813312        772.68486050964384     
   14105.393226894184        10.000000000000000       -36.383524980477716        809.06838549012150     
   14305.393226894184        10.000000000000000       -37.213159019902179        846.28154451002365     
   14505.393226894184        10.000000000000000       -38.035337916182790        884.31688242620646     
   14705.393226894184        10.000000000000000       -38.849849423080926        923.16673184928743     
   14905.393226894184        10.000000000000000       -39.656503785571402        962.82323563485886     
   15105.393226894184        10.000000000000000       -40.455132056267409        1003.2783676911263     
   15305.393226894184        10.000000000000000       -41.245584526225663        1044.5239522173520     
   15505.393226894184        10.000000000000000       -42.027729343109712        1086.5516815604617     
   15705.393226894184        10.000000000000000       -42.801451370041917        1129.3531329305035     
   15905.393226894184        10.000000000000000       -43.566651259022933        1172.9197841895266     
   16105.393226894184        10.000000000000000       -44.323244634069283        1217.2430288235960     
   16305.393226894184        10.000000000000000       -45.071161287084955        1262.3141901106810     
   16505.393226894186        10.000000000000000       -45.810344356010198        1308.1245344666911     
   16705.393226894186        10.000000000000000       -46.540749464749446        1354.6652839314406     
   16905.393226894186        10.000000000000000       -47.262343828680407        1401.9276277601211     
   17105.393226894186        10.000000000000000       -47.975105407812912        1449.9027331679340     
   17305.393226894186        10.000000000000000       -48.679022197416629        1498.5817553653505     
   17505.393226894186        10.000000000000000       -49.374091609570492        1547.9558469749211     
   17705.393226894186        10.000000000000000       -50.060319810759758        1598.0161667856808     
   17905.393226894186        10.000000000000000       -50.737720934765477        1648.7538877204463     
   18105.393226894186        10.000000000000000       -51.406316250246647        1700.1602039706929     
   18305.393226894186        10.000000000000000       -52.066133456123623        1752.2263374268166     
   18505.393226894186        10.000000000000000       -52.717206165912124        1804.9435435927287     
   18705.393226894186        10.000000000000000       -53.359573543142020        1858.3031171358707     
   18905.393226894186        10.000000000000000       -53.993280078847128        1912.2963972147179     
   19105.393226894186        10.000000000000000       -54.618375498828200        1966.9147727135462     
   19305.393226894186        10.000000000000000       -55.234914655689998        2022.1496873692363     
   19505.393226894186        10.000000000000000       -55.842957225752819        2077.9926445949891     
   19705.393226894186        10.000000000000000       -56.442567156758145        2134.4352117517474     
   19905.393226894186        10.000000000000000       -57.033812022037679        2191.4690237737850     
   20105.393226894186        10.000000000000000       -57.616762529019077        2249.0857863028041     
   20305.393226894186        10.000000000000000       -58.191492275370884        2307.2772785781749     
   20505.393226894186        10.000000000000000       -58.758077561744571        2366.0353561399193     
   20705.393226894186        10.000000000000000       -59.316597098153416        2425.3519532380728     
   20905.393226894186        10.000000000000000       -59.867131717930640        2485.2190849560034     
   21105.393226894186        10.000000000000000       -60.409764289052937        2545.6288492450562     
   21305.393226894186        10.000000000000000       -60.944579758089034        2606.5734290031451     
   21505.393226894186        10.000000000000000       -61.471665108594166        2668.0450941117392     
   21705.393226894186        10.000000000000000       -61.991109106463632        2730.0362032182029     
   21905.393226894186        10.000000000000000       -62.503001803220059        2792.5392050214232     
   22105.393226894186        10.000000000000000       -63.007433918359865        2855.5466389397830     
   22305.393226894186        10.000000000000000       -63.504496334961253        2919.0511352747444     
   22505.393226894186        10.000000000000000       -63.994279821595804        2983.0454150963401     
   22705.393226894186        10.000000000000000       -64.476874812531022        3047.5222899088712     
   22905.393226894186        10.000000000000000       -64.952371187219470        3112.4746610960906     
   23105.393226894186        10.000000000000000       -65.420858303634219        3177.8955193997249     
   23305.393226894186        10.000000000000000       -65.882425489066335        3243.7779448887914     
   23505.393226894186        10.000000000000000       -66.337162766692941        3310.1151076554843     
   23705.393226894186        10.000000000000000       -66.785161255334884        3376.9002689108192     
   23905.393226894186        10.000000000000000       -67.226512943835914        3444.1267818546553     
   24105.393226894186        10.000000000000000       -67.661310052018081        3511.7880919066733     
   24305.393226894186        10.000000000000000       -68.089644528562459        3579.8777364352359     
   24505.393226894186        10.000000000000000       -68.511608116745265        3648.3893445519811     
   24705.393226894186        10.000000000000000       -68.927292908062668        3717.3166374600437     
   24905.393226894186        10.000000000000000       -69.336791826690288        3786.6534292867341     
   25105.393226894186        10.000000000000000       -69.740198411052688        3856.3936276977865     
   25305.393226894186        10.000000000000000       -70.137605940985694        3926.5312336387724     
   25505.393226894186        10.000000000000000       -70.529106641224288        3997.0603402799966     
   25705.393226894186        10.000000000000000       -70.914791554022472        4067.9751318340191     
   25905.393226894186        10.000000000000000       -71.294750956247313        4139.2698827902668     
   26105.393226894186        10.000000000000000       -71.669074671605486        4210.9389574618726     
   26305.393226894186        10.000000000000000       -72.037851667681537        4282.9768091295546     
   26505.393226894186        10.000000000000000       -72.401169044530349        4355.3779781740850     
   26705.393226894186        10.000000000000000       -72.759111104756769        4428.1370892788418     
   26905.393226894186        10.000000000000000       -73.111759006602341        4501.2488482854442     
   27105.393226894186        10.000000000000000       -73.459191187544363        4574.7080394729883     
   27305.393226894186        10.000000000000000       -73.801484504605185        4648.5095239775937     
   27505.393226894186        10.000000000000000       -74.138715686458980        4722.6482396640531     
   27705.393226894186        10.000000000000000       -74.470962400205337        4797.1192020642584     
   27905.393226894186        10.000000000000000       -74.798303297611326        4871.9175053618701     
   28105.393226894186        10.000000000000000       -75.120816811628899        4947.0383221734992     
   28305.393226894186        10.000000000000000       -75.438579524796324        5022.4769016982955     
   28505.393226894186        10.000000000000000       -75.751665464635124        5098.2285671629306     
   28705.393226894186        10.000000000000000       -76.060146905508660        5174.2887140684397     
   28905.393226894186        10.000000000000000       -76.364096003736620        5250.6528100721762     
   29105.393226894186        10.000000000000000       -76.663586019281695        5327.3163960914580     
   29305.393226894186        10.000000000000000       -76.958691226567964        5404.2750873180257     
   29505.393226894186        10.000000000000000       -77.249485788367437        5481.5245731063933     
   29705.393226894186        10.000000000000000       -77.536042617885713        5559.0606157242792     
   29905.393226894186        10.000000000000000       -77.818432890569227        5636.8790486148482     
   30105.393226894186        10.000000000000000       -78.096726037484359        5714.9757746523328     
   30305.393226894186        10.000000000000000       -78.370990064497491        5793.3467647168300     
   30505.393226894186        10.000000000000000       -78.641292315107194        5871.9880570319374     
   30705.393226894186        10.000000000000000       -78.907700527607346        5950.8957575595450     
   30905.393226894186        10.000000000000000       -79.170283571815617        6030.0660411313602     
   31105.393226894186        10.000000000000000       -79.429111216680468        6109.4951523480404     
   31305.393226894186        10.000000000000000       -79.684252718931646        6189.1794050669723     
   31505.393226894186        10.000000000000000       -79.935774545560932        6269.1151796125332     
   31705.393226894186        10.000000000000000       -80.183738615616122        6349.2989182281490     
   31905.393226894186        10.000000000000000       -80.428202569428308        6429.7271207975773     
   32105.393226894186        10.000000000000000       -80.669222126034668        6510.3963429236119     
   32305.393226894186        10.000000000000000       -80.906854043625998        6591.3031969672375     
   32505.393226894186        10.000000000000000       -81.140874945107129        6672.4440719123450     
   32705.393226894186        10.000000000000000       -81.371746855314584        6753.8158187676599     
   32905.393226894186        10.000000000000000       -81.599461722678669        6835.4152804903388     
   33105.393226894186        10.000000000000000       -81.824055188777280        6917.2393356791163     
   33305.393226894186        10.000000000000000       -82.045566814202417        6999.2849024933184     
   33505.393226894186        10.000000000000000       -82.264032386795193        7081.5489348801138     
   33705.393226894186        10.000000000000000       -82.479483968329376        7164.0284188484429     
   33905.393226894186        10.000000000000000       -82.691952388964850        7246.7203712374076     
   34105.393226894186        10.000000000000000       -82.901469671473933        7329.6218409088815     
   34305.393226894186        10.000000000000000       -83.108070783973687        7412.7299116928552     
   34505.393226894186        10.000000000000000       -83.311795185245344        7496.0417068781007     
   34705.393226894186        10.000000000000000       -83.512688254889611        7579.5543951329901     
   34905.393226894186        10.000000000000000       -83.710801984487404        7663.2651971174773     
   35105.393226894186        10.000000000000000       -83.906194253243171        7747.1713913707208     
   35305.393226894186        10.000000000000000       -84.098926577401144        7831.2703179481223     
   35505.393226894186        10.000000000000000       -84.289060844040634        7915.5593787921625     
   35705.393226894186        10.000000000000000       -84.476655825902697        8000.0360346180651     
   35905.393226894186        10.000000000000000       -84.661764189164884        8084.6977988072304     
   36105.393226894186        10.000000000000000       -84.844431536051232        8169.5422303432815     
   36305.393226894186        10.000000000000000       -85.024698642657370        8254.5669289859397     
   36505.393226894186        10.000000000000000       -85.202605977594459        8339.7695349635342     
   36705.393226894186        10.000000000000000       -85.378198023014704        8425.1477329865484     
   36905.393226894186        10.000000000000000       -85.551525232056321        8510.6992582186049     
   37105.393226894186        10.000000000000000       -85.722642976760937        8596.4219011953664     
   37305.393226894186        10.000000000000000       -85.891608258059648        8682.3135094534264     
   37505.393226894186        10.000000000000000       -86.058475561119550        8768.3719850145462     
   37705.393226894186        10.000000000000000       -86.223293096217873        8854.5952781107644     
   37905.393226894186        10.000000000000000       -86.386100948051805        8940.9813790588159     
   38105.393226894186        10.000000000000000       -86.546932027979480        9027.5283110867949     
   38305.393226894186        10.000000000000000       -86.705815059685861        9114.2341261464808     
   38505.393226894186        10.000000000000000       -86.862777742500811        9201.0969038889816     
   38705.393226894186        10.000000000000000       -87.017848543103753        9288.1147524320859     
   38905.393226894186        10.000000000000000       -87.171056657308370        9375.2858090893951     
   39105.393226894186        10.000000000000000       -87.322431474528358        9462.6082405639227     
   39305.393226894186        10.000000000000000       -87.472003084409877        9550.0802436483318     
   39505.393226894186        10.000000000000000       -87.619803808035172        9637.7000474563665     
   39705.393226894186        10.000000000000000       -87.765869449083525        9725.4659169054503     
   39905.393226894186        10.000000000000000       -87.910239070484039        9813.3761559759350     
   40105.393226894186        10.000000000000000       -88.052953075849317        9901.4291090517836     
   40305.393226894186        10.000000000000000       -88.194050246968288        9989.6231592987515     
   40505.393226894186        10.000000000000000       -88.333564691515107        10077.956723990266     
   40705.393226894186        10.000000000000000       -88.471523463145914        10166.428247453412     
   40905.393226894186        10.000000000000000       -88.607945221144746        10255.036192674557     
   41105.393226894186        10.000000000000000       -88.742839945919954        10343.779032620478     
   41305.393226894186        10.000000000000000       -88.876211041351169        10432.655243661829     
   41505.393226894186        10.000000000000000       -89.008060671194329        10521.663304333024     
   41705.393226894186        10.000000000000000       -89.138396623153042        10610.801700956177     
   41905.393226894186        10.000000000000000       -89.267237537810445        10700.068938493987     
   42105.393226894186        10.000000000000000       -89.394614317336931        10789.463552811323     
   42305.393226894186        10.000000000000000       -89.520567627247999        10878.984120438570     
   42505.393226894186        10.000000000000000       -89.645142952663690        10968.629263391234     
   42705.393226894186        10.000000000000000       -89.768385064184770        11058.397648455419     
   42905.393226894186        10.000000000000000       -89.890333305183276        11148.287981760603     
   43105.393226894186        10.000000000000000       -90.011018403022447        11238.299000163624     
   43305.393226894186        10.000000000000000       -90.130460918912192        11328.429461082536     
   43505.393226894186        10.000000000000000       -90.248671107034596        11418.678132189571     
   43705.393226894186        10.000000000000000       -90.365650900326997        11509.043783089897     
   43905.393226894186        10.000000000000000       -90.481398339600972        11599.525181429499     
   44105.393226894186        10.000000000000000       -90.595912988390538        11690.121094417889     
   44305.393226894186        10.000000000000000       -90.709200042183724        11780.830294460073     
   44505.393226894186        10.000000000000000       -90.821271714204400        11871.651566174278     
   44705.393226894186        10.000000000000000       -90.932145983126247        11962.583712157404     
   44905.393226894186        10.000000000000000       -91.041843770717279        12053.625555928122     
   45105.393226894186        10.000000000000000       -91.150385771902293        12144.775941700023     
   45305.393226894186        10.000000000000000       -91.257790967556389        12236.033732667580     
   45505.393226894186        10.000000000000000       -91.364077917401360        12327.397810584982     
   45705.393226894186        10.000000000000000       -91.469267607465511        12418.867078192447     
   45905.393226894186        10.000000000000000       -91.573385527222300        12510.440463719669     
   46105.393226894186        10.000000000000000       -91.676461512912951        12602.116925232582     
   46305.393226894186        10.000000000000000       -91.778527447462565        12693.895452680044     
   46505.393226894186        10.000000000000000       -91.879613889904434        12785.775066569950     
   46705.393226894186        10.000000000000000       -91.979746821839655        12877.754813391790     
   46905.393226894186        10.000000000000000       -92.078945300853292        12969.833758692643     
   47105.393226894186        10.000000000000000       -92.177220318590884        13062.010979011233     
   47305.393226894186        10.000000000000000       -92.274574789937844        13154.285553801170     
   47505.393226894186        10.000000000000000       -92.371004393810736        13246.656558194980     
   47705.393226894186        10.000000000000000       -92.466498920030887        13339.123057115010     
   47905.393226894186        10.000000000000000       -92.561043808610989        13431.684100923621     
   48105.393226894186        10.000000000000000       -92.654621652890484        13524.338722576513     
   48305.393226894186        10.000000000000000       -92.747215622641178        13617.085938199154     
   48505.393226894186        10.000000000000000       -92.838815846025241        13709.924754045180     
   48705.393226894186        10.000000000000000       -92.929426362118249        13802.854180407297     
   48905.393226894186        10.000000000000000       -93.019068923962507        13895.873249331260     
   49105.393226894186        10.000000000000000       -93.107781747717382        13988.981031078978     
   49305.393226894186        10.000000000000000       -93.195613997493794        14082.176645076472     
   49505.393226894186        10.000000000000000       -93.282618339123829        14175.459263415596     
   49705.393226894186        10.000000000000000       -93.368843915360998        14268.828107330957     
   49905.393226894186        10.000000000000000       -93.454331232537228        14362.282438563494     
   50105.393226894186        10.000000000000000       -93.539109443171114        14455.821548006665     
   50305.393226894186        10.000000000000000       -93.623195779915605        14549.444743786580     
   50505.393226894186        10.000000000000000       -93.706596542870528        14643.151340329450     
   50705.393226894186        10.000000000000000       -93.789308985837351        14736.940649315287     
   50905.393226894186        10.000000000000000       -93.871323557324772        14830.811972872612     
   51105.393226894186        10.000000000000000       -93.952626119301740        14924.764598991915     
   51305.393226894186        10.000000000000000       -94.033199923513678        15018.797798915428     
   51505.393226894186        10.000000000000000       -94.113027235250513        15112.910826150679     
   51705.393226894186        10.000000000000000       -94.192092055581782        15207.102918206261     
   51905.393226894186        10.000000000000000       -94.270384568575423        15301.373302774837     
   52105.393226894186        10.000000000000000       -94.347905504868166        15395.721208279705     
   52305.393226894186        10.000000000000000       -94.424667934489449        15490.145876214194     
   52505.393226894186        10.000000000000000       -94.500695517259516        15584.646571731453     
   52705.393226894186        10.000000000000000       -94.576018122551176        15679.222589854004     
   52905.393226894186        10.000000000000000       -94.650666607195689        15773.873256461200     
   53105.393226894186        10.000000000000000       -94.724668311603835        15868.597924772805     
   53305.393226894186        10.000000000000000       -94.798044074824034        15963.395968847628     
   53505.393226894186        10.000000000000000       -94.870806849579623        16058.266775697208     
   53705.393226894186        10.000000000000000       -94.942961593319396        16153.209737290526     
   53905.393226894186        10.000000000000000       -95.014506016996521        16248.224243307523     
   54105.393226894186        10.000000000000000       -95.085433505559834        16343.309676813082     
   54305.393226894186        10.000000000000000       -95.155738623245327        16438.465415436327     
   54505.393226894186        10.000000000000000       -95.225422952834307        16533.690838389160     
   54705.393226894186        10.000000000000000       -95.294498315338870        16628.985336704500     
   54905.393226894186        10.000000000000000       -95.362986114090589        16724.348322818591     
   55105.393226894186        10.000000000000000       -95.430913635055362        16819.779236453647     
   55305.393226894186        10.000000000000000       -95.498309136283041        16915.277545589932     
   55505.393226894186        10.000000000000000       -95.565197393794875        17010.842742983728     
   55705.393226894186        10.000000000000000       -95.631596649530451        17106.474339633260     
   55905.393226894186        10.000000000000000       -95.697517187918393        17202.171856821176     
   56105.393226894186        10.000000000000000       -95.762961291035836        17297.934818112211     
   56305.393226894186        10.000000000000000       -95.827924102132300        17393.762742214345     
   56505.393226894186        10.000000000000000       -95.892394909039922        17489.655137123384     
   56705.393226894186        10.000000000000000       -95.956358478970174        17585.611495602352     
   56905.393226894186        10.000000000000000       -96.019796258641492        17681.631291860995     
   57105.393226894186        10.000000000000000       -96.082687418773062        17777.713979279768     
   57305.393226894186        10.000000000000000       -96.145009815756012        17873.858989095523     
   57505.393226894186        10.000000000000000       -96.206740950292399        17970.065730045815     
   57705.393226894186        10.000000000000000       -96.267858945338688        18066.333588991154     
   57905.393226894186        10.000000000000000       -96.328343492114968        18162.661932483268     
   58105.393226894186        10.000000000000000       -96.388176669682906        18259.050109152951     
   58305.393226894186        10.000000000000000       -96.447343550547728        18355.497452703497     
   58505.393226894186        10.000000000000000       -96.505835405307863        18452.003288108805     
   58705.393226894186        10.000000000000000       -96.563656391822974        18548.566944500628     
   58905.393226894186        10.000000000000000       -96.620830080493818        18645.187774581122     
   59105.393226894186        10.000000000000000       -96.677401370153845        18741.865175951276     
   59305.393226894186        10.000000000000000       -96.733432416274056        18838.598608367549     
   59505.393226894186        10.000000000000000       -96.788994473024601        18935.387602840572     
   59705.393226894186        10.000000000000000       -96.844158776640370        19032.231761617211     
   59905.393226894186        10.000000000000000       -96.898988946773017        19129.130750563985     
   60105.393226894186        10.000000000000000       -96.953536037405541        19226.084286601392     
   60305.393226894186        10.000000000000000       -97.007836250572566        19323.092122851966     
   60505.393226894186        10.000000000000000       -97.061910749169471        19420.154033601135     
   60705.393226894186        10.000000000000000       -97.115766875963345        19517.269800477097     
   60905.393226894186        10.000000000000000       -97.169400188352924        19614.439200665449     
   61105.393226894186        10.000000000000000       -97.222796880485760        19711.661997545936     
   61305.393226894186        10.000000000000000       -97.275936302242400        19808.937933848178     
   61505.393226894186        10.000000000000000       -97.328793379534943        19906.266727227714     
   61705.393226894186        10.000000000000000       -97.381340781907539        20003.648068009621     
   61905.393226894186        10.000000000000000       -97.433550689272252        20101.081618698892     
   62105.393226894186        10.000000000000000       -97.485396039194242        20198.567014738088     
   62305.393226894186        10.000000000000000       -97.536851230075413        20296.103865968162     
   62505.393226894186        10.000000000000000       -97.587892385597428        20393.691758353758     
   62705.393226894186        10.000000000000000       -97.638497382890321        20491.330255736648     
   62905.393226894186        10.000000000000000       -97.688645861755461        20589.018901598403     
   63105.393226894186        10.000000000000000       -97.738319367542317        20686.757220965945     
   63305.393226894186        10.000000000000000       -97.787501677292539        20784.544722643237     
   63505.393226894186        10.000000000000000       -97.836179251158583        20882.380901894394     
   63705.393226894186        10.000000000000000       -97.884343681445685        20980.265245575840     
   63905.393226894186        10.000000000000000       -97.931996394665049        21078.197241970505     
   64105.393226894186        10.000000000000000       -97.979152750418208        21176.176394720922     
   64305.393226894186        10.000000000000000       -98.025842521447757        21274.202237242371     
   64505.393226894186        10.000000000000000       -98.072106168807721        21372.274343411180     
   64705.393226894186        10.000000000000000       -98.117988588859291        21470.392332000039     
   64905.393226894186        10.000000000000000       -98.163532666772070        21568.555864666811     
   65105.393226894186        10.000000000000000       -98.208774340138746        21666.764639006949     
   65305.393226894186        10.000000000000000       -98.253739847668655        21765.018378854616     
   65505.393226894186        10.000000000000000       -98.298445025715168        21863.316823880330     
   65705.393226894186        10.000000000000000       -98.342896084149643        21961.659719964478     
   65905.393226894186        10.000000000000000       -98.387091169601433        22060.046811134082     
   66105.393226894186        10.000000000000000       -98.431022110727412        22158.477833244808     
   66305.393226894186        10.000000000000000       -98.474675955620398        22256.952509200430     
   66505.393226894186        10.000000000000000       -98.518036165449629        22355.470545365879     
   66705.393226894186        10.000000000000000       -98.561083529333445        22454.031628895213     
   66905.393226894186        10.000000000000000       -98.603796959722644        22552.635425854936     
   67105.393226894186        10.000000000000000       -98.646154316897821        22651.281580171835     
   67305.393226894186        10.000000000000000       -98.688135421705141        22749.969715593539     
   67505.393226894186        10.000000000000000       -98.729727624918823        22848.699443218458     
   67705.393226894186        10.000000000000000       -98.770931000910522        22947.470374219371     
   67905.393226894186        10.000000000000000       -98.811760029955153        23046.282134249326     
   68105.393226894186        10.000000000000000       -98.852241067125647        23145.134375316451     
   68305.393226894186        10.000000000000000       -98.892407135813912        23244.026782452263     
   68505.393226894186        10.000000000000000       -98.932292228077543        23342.959074680341     
   68705.393226894186        10.000000000000000       -98.971926706663851        23441.931001387005     
   68905.393226894186        10.000000000000000       -99.011334467544543        23540.942335854550     
   69105.393226894186        10.000000000000000       -99.050531805956027        23639.992867660505     
   69305.393226894186        10.000000000000000       -99.089527577065823        23739.082395237572     
   69505.393226894186        10.000000000000000       -99.128324167950709        23838.210719405524     
   69705.393226894186        10.000000000000000       -99.166918866900801        23937.377638272425     
   69905.393226894186        10.000000000000000       -99.205305330622465        24036.582943603047     
   70105.393226894186        10.000000000000000       -99.243474958985601        24135.826418562032     
   70305.393226894186        10.000000000000000       -99.281418067072906        24235.107836629104     
   70505.393226894186        10.000000000000000       -99.319124793444530        24334.426961422549     
   70705.393226894186        10.000000000000000       -99.356585717896564        24433.783547140447     
   70905.393226894186        10.000000000000000       -99.393792184796951        24533.177339325244     
   71105.393226894186        10.000000000000000       -99.430736341110958        24632.608075666354     
   71305.393226894186        10.000000000000000       -99.467410920820797        24732.075486587175     
   71505.393226894186        10.000000000000000       -99.503808851796222        24831.579295438973     
   71705.393226894186        10.000000000000000       -99.539922810150657        24931.119218249125     
   71905.393226894186        10.000000000000000       -99.575744867244353        25030.694963116370     
   72105.393226894186        10.000000000000000       -99.611266348186774        25130.306229464557     
   72305.393226894186        10.000000000000000       -99.646477957409786        25229.952707421966     
   72505.393226894186        10.000000000000000       -99.681370153518927        25329.634077575483     
   72705.393226894186        10.000000000000000       -99.715933698214386        25429.350011273698     
   72905.393226894186        10.000000000000000       -99.750160276068129        25529.100171549766     
   73105.393226894186        10.000000000000000       -99.784043083463800        25628.884214633228     
   73305.393226894186        10.000000000000000       -99.817577270626273        25728.701791903855     
   73505.393226894186        10.000000000000000       -99.850760092505197        25828.552551996359     
   73705.393226894186        10.000000000000000       -99.883590657051244        25928.436142653412     
   73905.393226894186        10.000000000000000       -99.916069289116948        26028.352211942529     
   74105.393226894186        10.000000000000000       -99.948196688989228        26128.300408631520     
   74305.393226894186        10.000000000000000       -99.979973155311868        26228.280381786830     
   74505.393226894186        10.000000000000000       -100.01139811464347        26328.291779901472     
   74705.393226894186        10.000000000000000       -100.04247008250277        26428.334249983975     
   74905.393226894186        10.000000000000000       -100.07318703963662        26528.407437023612     
   75105.393226894186        10.000000000000000       -100.10355068890959        26628.510987712521     
   75305.393226894186        10.000000000000000       -100.13357473275799        26728.644562445279     
   75505.393226894186        10.000000000000000       -100.16329196126232        26828.807854406543     
   75705.393226894186        10.000000000000000       -100.19275524073539        26929.000609647279     
   75905.393226894186        10.000000000000000       -100.22203188517165        27029.222641532451     
   76105.393226894186        10.000000000000000       -100.25119441194734        27129.473835944398     
   76305.393226894186        10.000000000000000       -100.28031130922452        27229.754147253621     
   76505.393226894186        10.000000000000000       -100.30944013856836        27330.063587392189     
   76705.393226894186        10.000000000000000       -100.33862366755841        27430.402211059747     
   76905.393226894186        10.000000000000000       -100.36788866203499        27530.770099721783     
   77105.393226894186        10.000000000000000       -100.39724657255127        27631.167346294336     
   77305.393226894186        10.000000000000000       -100.42669537411004        27731.594041668446     
   77505.393226894186        10.000000000000000       -100.45622199627459        27832.050263664722     
   77705.393226894186        10.000000000000000       -100.48580495966515        27932.536068624388     
   77905.393226894186        10.000000000000000       -100.51541696558637        28033.051485589975     
   78105.393226894186        10.000000000000000       -100.54502727249474        28133.596512862470     
   78305.393226894186        10.000000000000000       -100.57460375391004        28234.171116616380     
   78505.393226894186        10.000000000000000       -100.60411458018848        28334.775231196571     
   78705.393226894186        10.000000000000000       -100.63352950667232        28435.408760703242     
   78905.393226894186        10.000000000000000       -100.66282075538959        28536.071581458633     
   79105.393226894186        10.000000000000000       -100.69196344892904        28636.763544907561     
   79305.393226894186        10.000000000000000       -100.72093555490520        28737.484480462466     
   79505.393226894186        10.000000000000000       -100.74971737361940        28838.234197836086     
   79705.393226894186        10.000000000000000       -100.77829072081707        28939.012488556902     
   79905.393226894186        10.000000000000000       -100.80663804717673        29039.819126604078     
   80105.393226894186        10.000000000000000       -100.83474174346927        29140.653868347548     
   80305.393226894186        10.000000000000000       -100.86258380646791        29241.516452154017     
   80505.393226894186        10.000000000000000       -100.89014592590139        29342.406598079921     
   80705.393226894186        10.000000000000000       -100.91740994396045        29443.324008023879     
   80905.393226894186        10.000000000000000       -100.94435856691982        29544.268366590801     
   81105.393226894186        10.000000000000000       -100.97097618158884        29645.239342772391     
   81305.393226894186        10.000000000000000       -100.99724964002722        29746.236592412417     
   81505.393226894186        10.000000000000000       -101.02316890927655        29847.259761321693     
   81705.393226894186        10.000000000000000       -101.04872752429542        29948.308488845989     
   81905.393226894186        10.000000000000000       -101.07392282119629        30049.382411667186     
   82105.393226894186        10.000000000000000       -101.09875595851820        30150.481167625705     
   82305.393226894186        10.000000000000000       -101.12323175465512        30251.604399380361     
   82505.393226894186        10.000000000000000       -101.14735837056195        30352.751757750924     
   82705.393226894186        10.000000000000000       -101.17114684779189        30453.922904598716     
   82905.393226894186        10.000000000000000       -101.19461049659711        30555.117515095313     
   83105.393226894186        10.000000000000000       -101.21776414362208        30656.335279238934     
   83305.393226894186        10.000000000000000       -101.24062329239651        30757.575902531331     
   83505.393226894186        10.000000000000000       -101.26320329421142        30858.839105825544     
   83705.393226894186        10.000000000000000       -101.28551864302699        30960.124624468572     
   83905.393226894186        10.000000000000000       -101.30758248595120        31061.432206954523     
   84105.393226894186        10.000000000000000       -101.32940639221748        31162.761613346742     
   84305.393226894186        10.000000000000000       -101.35100036945987        31264.112613716203     
   84505.393226894186        10.000000000000000       -101.37237307424448        31365.484986790449     
   84705.393226894186        10.000000000000000       -101.39353214262006        31466.878518933070     
   84905.393226894186        10.000000000000000       -101.41448687665452        31568.293005809726     
   85105.393226894186        10.000000000000000       -101.43525320616951        31669.728259015897     
   85305.393226894186        10.000000000000000       -101.45585754614221        31771.184116562039     
   85505.393226894186        10.000000000000000       -101.47633671064298        31872.660453272681     
   85705.393226894186        10.000000000000000       -101.49673395006931        31974.157187222751     
   85905.393226894186        10.000000000000000       -101.51709321366313        32075.674280436415     
   86105.393226894186        10.000000000000000       -101.53745387148804        32177.211734307904     
   86305.393226894186        10.000000000000000       -101.55784716318706        32278.769581471093     
   86505.393226894186        10.000000000000000       -101.57829460735466        32380.347876078449     
