 #              _____________________  _______________________             #
 #              ___  __ \__  __ \_  / / /_  /___  ____/_  ___/             #
 #              __  / / /_  /_/ /  / / /_  __/_  __/  _____ \              #
 #              _  /_/ /_  _, _// /_/ / / /_ _  /___  ____/ /              #
 #              /_____/ /_/ |_| \____/  \__/ /_____/  /____/               #
 #                                                                         #
  
 DRUtES is initializing, reading input files
 ---------------------------------------------------------------
 15hrs : 49min : 18.830s  -  2021/02/04    total number of parallel images is:                    1
 ---------------------------------------------------------------
 15hrs : 49min : 18.831s  -  2021/02/04    reading input files and allocating...
 ---------------------------------------------------------------
 15hrs : 49min : 18.834s  -  2021/02/04    number of nodes:                   61 number of elements:                   60
 ---------------------------------------------------------------
 15hrs : 49min : 18.838s  -  2021/02/04    analyzing mesh structure...
 ---------------------------------------------------------------
 15hrs : 49min : 18.845s  -  2021/02/04    DRUtES solves coupled water and heat flow considering freezing and melting
 ---------------------------------------------------------------
 15hrs : 49min : 18.846s  -  2021/02/04    making output files for observation time
 ---------------------------------------------------------------
 15hrs : 49min : 18.872s  -  2021/02/04    go 4 solving
 ---------------------------------------------------------------
 15hrs : 49min : 19.000s  -  2021/02/04    current simulation time:   1.0000000000000000 total iteration count:                    2
 ---------------------------------------------------------------
 15hrs : 49min : 39.412s  -  2021/02/04    making output files for observation time
 ---------------------------------------------------------------
 15hrs : 49min : 58.995s  -  2021/02/04    making output files for observation time
 ---------------------------------------------------------------
 15hrs : 50min : 18.335s  -  2021/02/04    making output files for observation time
 ---------------------------------------------------------------
 15hrs : 50min : 45.611s  -  2021/02/04    making output files for observation time
 ---------------------------------------------------------------
 15hrs : 52min : 04.541s  -  2021/02/04    making output files for observation time
 ---------------------------------------------------------------
 15hrs : 52min : 04.721s  -  2021/02/04    # real elapsed CPU time =   2.7501666666665794 min
 ---------------------------------------------------------------
 15hrs : 52min : 04.727s  -  2021/02/04    minimal adjusted time step was  0.91011600000000015
 ---------------------------------------------------------------
 15hrs : 52min : 04.727s  -  2021/02/04    F I N I S H E D !!!!!
 ---------------------------------------------------------------
 15hrs : 52min : 04.770s  -  2021/02/04    Peak RAM  consumption on image                    1 was:                    0 kB
