 #              _____________________  _______________________             #
 #              ___  __ \__  __ \_  / / /_  /___  ____/_  ___/             #
 #              __  / / /_  /_/ /  / / /_  __/_  __/  _____ \              #
 #              _  /_/ /_  _, _// /_/ / / /_ _  /___  ____/ /              #
 #              /_____/ /_/ |_| \____/  \__/ /_____/  /____/               #
 #                                                                         #
  
 DRUtES is initializing, reading input files
 ---------------------------------------------------------------
 16hrs : 11min : 10.919s  -  2021/01/04    total number of parallel images is:                    1
 ---------------------------------------------------------------
 16hrs : 11min : 10.920s  -  2021/01/04    reading input files and allocating...
 ---------------------------------------------------------------
 16hrs : 11min : 10.923s  -  2021/01/04    number of nodes:                   61 number of elements:                   60
 ---------------------------------------------------------------
 16hrs : 11min : 10.927s  -  2021/01/04    analyzing mesh structure...
 ---------------------------------------------------------------
 16hrs : 11min : 10.938s  -  2021/01/04    DRUtES solves coupled water and heat flow considering freezing and melting
 ---------------------------------------------------------------
 16hrs : 11min : 10.938s  -  2021/01/04    making output files for observation time
 ---------------------------------------------------------------
 16hrs : 11min : 10.958s  -  2021/01/04    go 4 solving
 ---------------------------------------------------------------
 16hrs : 11min : 11.050s  -  2021/01/04    current simulation time:   1.0000000000000000 total iteration count:                    2
 ---------------------------------------------------------------
 16hrs : 12min : 08.509s  -  2021/01/04    making output files for observation time
 ---------------------------------------------------------------
 16hrs : 13min : 12.079s  -  2021/01/04    making output files for observation time
 ---------------------------------------------------------------
 16hrs : 14min : 19.109s  -  2021/01/04    making output files for observation time
 ---------------------------------------------------------------
 16hrs : 17min : 04.870s  -  2021/01/04    making output files for observation time
 ---------------------------------------------------------------
 16hrs : 17min : 04.899s  -  2021/01/04    making output files for observation time
 ---------------------------------------------------------------
 16hrs : 17min : 05.052s  -  2021/01/04    # real elapsed CPU time =   5.9004999999999956 min
 ---------------------------------------------------------------
 16hrs : 17min : 05.058s  -  2021/01/04    minimal adjusted time step was  0.91011600000000015
 ---------------------------------------------------------------
 16hrs : 17min : 05.058s  -  2021/01/04    F I N I S H E D !!!!!
 ---------------------------------------------------------------
 16hrs : 17min : 05.084s  -  2021/01/04    Peak RAM  consumption on image                    1 was:                    0 kB
