                  121                  121                  570
                    1                    1  -1.7097094224657594E-003
                    1                    2   1.5642870038470563E-023
                    1                   62  -4.7501328156972124E-010
                    1                   63   2.1606349910891437E-021
                    2                    1   1.5642870038470563E-023
                    2                    2  -3.4165384746739844E-003
                    2                    3   1.8715020528429098E-023
                    2                   62   2.1606349910891437E-021
                    2                   63  -9.9625349400638373E-010
                    2                   64   2.5784785916391798E-021
                    3                    2   1.8715020528429098E-023
                    3                    3  -3.3701501784651950E-003
                    3                    4   2.2543040348851968E-023
                    3                   63   2.5784785916391798E-021
                    3                   64  -1.0716686241264707E-009
                    3                   65   3.0978636492296738E-021
                    4                    3   2.2543040348851968E-023
                    4                    4  -3.3296272370847962E-003
                    4                    5   2.7350232549858034E-023
                    4                   64   3.0978636492296738E-021
                    4                   65  -1.1564265963175638E-009
                    4                   66   3.7484839237088280E-021
                    5                    4   2.7350232549858034E-023
                    5                    5  -3.3388514033265088E-003
                    5                    6   3.3396550312923804E-023
                    5                   65   3.7484839237088280E-021
                    5                   66  -1.2516893534996676E-009
                    5                   67   4.5647426294852254E-021
                    6                    5   3.3396550312923804E-023
                    6                    6  -3.3747552425910498E-003
                    6                    7   4.1025986388158319E-023
                    6                   66   4.5647426294852254E-021
                    6                   67  -1.3585728523520598E-009
                    6                   68   5.5920850782856117E-021
                    7                    6   4.1025986388158319E-023
                    7                    7  -3.4184778641394810E-003
                    7                    8   5.0706193466168917E-023
                    7                   67   5.5920850782856117E-021
                    7                   68  -1.4786694938731233E-009
                    7                   69   6.8922024922618883E-021
                    8                    7   5.0706193466168917E-023
                    8                    8  -3.4515567984700103E-003
                    8                    9   6.3157852865653179E-023
                    8                   68   6.8922024922618883E-021
                    8                   69  -1.6142568191517731E-009
                    8                   70   8.5601636575672495E-021
                    9                    8   6.3157852865653179E-023
                    9                    9  -3.3988781171383855E-003
                    9                   10   7.9456888004350668E-023
                    9                   69   8.5601636575672495E-021
                    9                   70  -1.7693651274821111E-009
                    9                   71   1.0737684553392236E-020
                   10                    9   7.9456888004350668E-023
                   10                   10  -3.4120249342859733E-003
                   10                   11   1.0097230093524290E-022
                   10                   70   1.0737684553392236E-020
                   10                   71  -1.9481999204177705E-009
                   10                   72   1.3604315963782575E-020
                   11                   10   1.0097230093524290E-022
                   11                   11  -3.4211907522844042E-003
                   11                   12   1.2967353555445481E-022
                   11                   71   1.3604315963782575E-020
                   11                   72  -2.1547717869351779E-009
                   11                   73   1.7417830006008004E-020
                   12                   11   1.2967353555445481E-022
                   12                   12  -3.4191811813084859E-003
                   12                   13   1.6857848059412080E-022
                   12                   72   1.7417830006008004E-020
                   12                   73  -2.3954384976203892E-009
                   12                   74   2.2572658647106630E-020
                   13                   12   1.6857848059412080E-022
                   13                   13  -3.4204219276039362E-003
                   13                   14   2.2213543883982643E-022
                   13                   73   2.2572658647106630E-020
                   13                   74  -2.6782949223212841E-009
                   13                   75   2.9648706396219381E-020
                   14                   13   2.2213543883982643E-022
                   14                   14  -3.4235945185546327E-003
                   14                   15   2.9716852191840772E-022
                   14                   74   2.9648706396219381E-020
                   14                   75  -3.0136457536747624E-009
                   14                   76   3.9533635501771169E-020
                   15                   14   2.9716852191840772E-022
                   15                   15  -3.4186350559554180E-003
                   15                   16   4.0451501513516408E-022
                   15                   75   3.9533635501771169E-020
                   15                   76  -3.4155408859929948E-009
                   15                   77   5.3634124240050148E-020
                   16                   15   4.0451501513516408E-022
                   16                   16  -3.4146971582518304E-003
                   16                   17   5.6154330404222866E-022
                   16                   76   5.3634124240050148E-020
                   16                   77  -3.9030984439555227E-009
                   16                   78   7.4199153442730796E-020
                   17                   16   5.6154330404222866E-022
                   17                   17  -3.4246044819788578E-003
                   17                   18   7.9696089318927045E-022
                   17                   77   7.4199153442730796E-020
                   17                   78  -4.5017026831174612E-009
                   17                   79   1.0493713389748094E-019
                   18                   17   7.9696089318927045E-022
                   18                   18  -3.4239846337696289E-003
                   18                   19   1.1607463573985261E-021
                   18                   78   1.0493713389748094E-019
                   18                   79  -5.2476025563166811E-009
                   18                   80   1.5229000125351312E-019
                   19                   18   1.1607463573985261E-021
                   19                   19  -3.4257505998961475E-003
                   19                   20   1.7425243396107859E-021
                   19                   79   1.5229000125351312E-019
                   19                   80  -6.1940070984144020E-009
                   19                   81   2.2778223430531608E-019
                   20                   19   1.7425243396107859E-021
                   20                   20  -3.4360553835266310E-003
                   20                   21   2.7110395296304473E-021
                   20                   80   2.2778223430531608E-019
                   20                   81  -7.4185208847658606E-009
                   20                   82   3.5306013701373456E-019
                   21                   20   2.7110395296304473E-021
                   21                   21  -3.4342437927345594E-003
                   21                   22   4.4062299330149687E-021
                   21                   81   3.5306013701373456E-019
                   21                   82  -9.0424120405911488E-009
                   21                   83   5.7162856406364704E-019
                   22                   21   4.4062299330149687E-021
                   22                   22  -3.4337655595550820E-003
                   22                   23   7.5587536524091492E-021
                   22                   82   5.7162856406364704E-019
                   22                   83  -1.1262570517365347E-008
                   22                   84   9.7676822958634030E-019
                   23                   22   7.5587536524091492E-021
                   23                   23  -3.4382151457135156E-003
                   23                   24   1.3876383568108027E-020
                   23                   83   9.7676822958634030E-019
                   23                   84  -1.4409678070768959E-008
                   23                   85   1.7859640838921616E-018
                   24                   23   1.3876383568108027E-020
                   24                   24  -3.4480982095106867E-003
                   24                   25   2.7814464659761976E-020
                   24                   84   1.7859640838921616E-018
                   24                   85  -1.9078589139209388E-008
                   24                   86   3.5651869396564112E-018
                   25                   24   2.7814464659761976E-020
                   25                   25  -3.4608710332013530E-003
                   25                   26   6.2829320210475667E-020
                   25                   85   3.5651869396564112E-018
                   25                   86  -2.6433744436371074E-008
                   25                   87   8.0194862257545886E-018
                   26                   25   6.2829320210475667E-020
                   26                   26  -3.4721918774576156E-003
                   26                   27   1.6854184926381910E-019
                   26                   86   8.0194862257545886E-018
                   26                   87  -3.9026496634773082E-008
                   26                   88   2.1419949453287559E-017
                   27                   26   1.6854184926381910E-019
                   27                   27  -3.4974430493227679E-003
                   27                   28   5.9197512063152300E-019
                   27                   87   2.1419949453287559E-017
                   27                   88  -6.3370312837200309E-008
                   27                   89   7.4900956390448790E-017
                   28                   27   5.9197512063152300E-019
                   28                   28  -3.5225772386221453E-003
                   28                   29   3.4010543834018121E-018
                   28                   88   7.4900956390448790E-017
                   28                   89  -1.2083362580378162E-007
                   28                   90   4.2833716667062856E-016
                   29                   28   3.4010543834018121E-018
                   29                   29  -3.5724062282271509E-003
                   29                   30   6.7423722741809350E-017
                   29                   89   4.2833716667062856E-016
                   29                   90  -3.2501176587590281E-007
                   29                   91   8.3990330703852921E-015
                   30                   29   6.7423722741809350E-017
                   30                   30  -3.5645950367406438E-003
                   30                   31   5.8583068411025250E-014
                   30                   90   8.3990330703852921E-015
                   30                   91  -2.5336248218541522E-006
                   30                   92   3.1391118573035009E-012
                   31                   30   5.8583068411025250E-014
                   31                   31  -3.1244460477885907E-003
                   31                   32   1.0737780249444478E-006
                   31                   91   3.1391118573035009E-012
                   31                   92  -9.9432364142873454E-005
                   31                   93   7.6518230205542715E-007
                   32                   31   1.0737780249444478E-006
                   32                   32  -2.7025921559997307E-003
                   32                   33   2.6842503622919731E-006
                   32                   92   7.6518230205542715E-007
                   32                   93  -6.9529143947053378E-005
                   32                   94   5.0855818562991995E-009
                   33                   32   2.6842503622919731E-006
                   33                   33  -2.9796308772113977E-003
                   33                   34   3.5539679748351443E-006
                   33                   93   5.0855818562991995E-009
                   33                   94  -1.1514103296006466E-008
                   33                   95   6.4285214397072672E-009
                   34                   33   3.5539679748351443E-006
                   34                   34  -3.1463592786322905E-003
                   34                   35   3.8146228164125936E-006
                   34                   94   6.4285214397072672E-009
                   34                   95  -1.3356319138172643E-008
                   34                   96   6.9277976984653749E-009
                   35                   34   3.8146228164125936E-006
                   35                   35  -3.1831587335126353E-003
                   35                   36   3.9245892781826668E-006
                   35                   95   6.9277976984653749E-009
                   35                   96  -1.4158545032079444E-008
                   35                   97   7.2307473336140691E-009
                   36                   35   3.9245892781826668E-006
                   36                   36  -3.1916409611383078E-003
                   36                   37   3.9977480358770574E-006
                   36                   96   7.2307473336140691E-009
                   36                   97  -1.4720279348047431E-008
                   36                   98   7.4895320144333629E-009
                   37                   36   3.9977480358770574E-006
                   37                   37  -3.1936037410982302E-003
                   37                   38   4.0628782523486082E-006
                   37                   97   7.4895320144333629E-009
                   37                   98  -1.5232334918627674E-008
                   37                   99   7.7428029041943106E-009
                   38                   37   4.0628782523486082E-006
                   38                   38  -3.1941535159546778E-003
                   38                   39   4.1266570494372835E-006
                   38                   98   7.7428029041943106E-009
                   38                   99  -1.5742543684186463E-008
                   38                  100   7.9997407799921510E-009
                   39                   38   4.1266570494372835E-006
                   39                   39  -3.1944177961283427E-003
                   39                   40   4.1905167841001920E-006
                   39                   99   7.9997407799921510E-009
                   39                  100  -1.6262168322821641E-008
                   39                  101   8.2624275428294902E-009
                   40                   39   4.1905167841001920E-006
                   40                   40  -3.1946298596733850E-003
                   40                   41   4.2547467122420398E-006
                   40                  100   8.2624275428294902E-009
                   40                  101  -1.6793798492621961E-008
                   40                  102   8.5313709497924707E-009
                   41                   40   4.2547467122420398E-006
                   41                   41  -3.1948354515559689E-003
                   41                   42   4.3194021995912499E-006
                   41                  101   8.5313709497924707E-009
                   41                  102  -1.7338122806580909E-008
                   41                  103   8.8067518567884366E-009
                   42                   41   4.3194021995912499E-006
                   42                   42  -3.1950431817085630E-003
                   42                   43   4.3844934440661927E-006
                   42                  102   8.8067518567884366E-009
                   42                  103  -1.7895439910922485E-008
                   42                  104   9.0886880541340504E-009
                   43                   42   4.3844934440661927E-006
                   43                   43  -3.1952546718936369E-003
                   43                   44   4.4500224767333090E-006
                   43                  103   9.0886880541340504E-009
                   43                  104  -1.8465975096514005E-008
                   43                  105   9.3772870423799542E-009
                   44                   43   4.4500224767333090E-006
                   44                   44  -3.1954702546898544E-003
                   44                   45   4.5159898771267763E-006
                   44                  104   9.3772870423799542E-009
                   44                  105  -1.9049942889840662E-008
                   44                  106   9.6726558474607080E-009
                   45                   44   4.5159898771267763E-006
                   45                   45  -3.1956899153411729E-003
                   45                   46   4.5823954480336306E-006
                   45                  105   9.6726558474607080E-009
                   45                  106  -1.9647557864597551E-008
                   45                  107   9.9749020171368449E-009
                   46                   45   4.5823954480336306E-006
                   46                   46  -3.1959132250288973E-003
                   46                   47   4.6492369924012800E-006
                   46                  106   9.9749020171368449E-009
                   46                  107  -2.0259033593272421E-008
                   46                  108   1.0284131576135575E-008
                   47                   46   4.6492369924012800E-006
                   47                   47  -3.1961387780319742E-003
                   47                   48   4.7165069206984813E-006
                   47                  107   1.0284131576135575E-008
                   47                  108  -2.0884574712151290E-008
                   47                  109   1.0600443136015716E-008
                   48                   47   4.7165069206984813E-006
                   48                   48  -3.1963628652895725E-003
                   48                   49   4.7841846314986277E-006
                   48                  108   1.0600443136015716E-008
                   48                  109  -2.1524357374836927E-008
                   48                  110   1.0923914238821209E-008
                   49                   48   4.7841846314986277E-006
                   49                   49  -3.1965766891067860E-003
                   49                   50   4.8522207280207478E-006
                   49                  109   1.0923914238821209E-008
                   49                  110  -2.2178486539745174E-008
                   49                  111   1.1254572300923966E-008
                   50                   49   4.8522207280207478E-006
                   50                   50  -3.1967609428197761E-003
                   50                   51   4.9205066768791954E-006
                   50                  110   1.1254572300923966E-008
                   50                  111  -2.2846909623779329E-008
                   50                  112   1.1592337322855361E-008
                   51                   50   4.9205066768791954E-006
                   51                   51  -3.1968760417006373E-003
                   51                   52   4.9888208525944988E-006
                   51                  111   1.1592337322855361E-008
                   51                  112  -2.3529254646166476E-008
                   51                  113   1.1936917323311116E-008
                   52                   51   4.9888208525944988E-006
                   52                   52  -3.1968458993937984E-003
                   52                   53   5.0567402989337374E-006
                   52                  112   1.1936917323311116E-008
                   52                  113  -2.4224549739810281E-008
                   52                  114   1.2287632416499164E-008
                   53                   52   5.0567402989337374E-006
                   53                   53  -3.1965333019459228E-003
                   53                   54   5.1235092670146012E-006
                   53                  113   1.2287632416499164E-008
                   53                  114  -2.4930776407953482E-008
                   53                  115   1.2643143991454317E-008
                   54                   53   5.1235092670146012E-006
                   54                   54  -3.1957061882472724E-003
                   54                   55   5.1878636548859478E-006
                   54                  114   1.2643143991454317E-008
                   54                  115  -2.5644221891688824E-008
                   54                  116   1.3001077900234509E-008
                   55                   54   5.1878636548859478E-006
                   55                   55  -3.1939969739693637E-003
                   55                   56   5.2478273117611494E-006
                   55                  115   1.3001077900234509E-008
                   55                  116  -2.6358638898261667E-008
                   55                  117   1.3357560998027160E-008
                   56                   55   5.2478273117611494E-006
                   56                   56  -3.1908614466350307E-003
                   56                   57   5.3005213942366549E-006
                   56                  116   1.3357560998027160E-008
                   56                  117  -2.7064301196805673E-008
                   56                  118   1.3706740198778515E-008
                   57                   56   5.3005213942366549E-006
                   57                   57  -3.1855487870510852E-003
                   57                   58   5.3420558760274562E-006
                   57                  117   1.3706740198778515E-008
                   57                  118  -2.7747153991323934E-008
                   57                  119   1.4040413792545420E-008
                   58                   57   5.3420558760274562E-006
                   58                   58  -3.1770979974391632E-003
                   58                   59   5.3675911691003104E-006
                   58                  118   1.4040413792545420E-008
                   58                  119  -2.8388368877201251E-008
                   58                  120   1.4347955084655832E-008
                   59                   58   5.3675911691003104E-006
                   59                   59  -3.1643761362987813E-003
                   59                   60   5.3716532626624812E-006
                   59                  119   1.4347955084655832E-008
                   59                  120  -2.8964675811018480E-008
                   59                  121   1.4616720726362648E-008
                   60                   59   5.3716532626624812E-006
                   60                   60  -3.1461689888233118E-003
                   60                   61   5.3487483133699208E-006
                   60                  120   1.4616720726362648E-008
                   60                  121  -2.9449810468441071E-008
                   61                   60   5.3487483133699208E-006
                   61                   61  -1.5654221056851745E-003
                   61                  121   1.4833089742078425E-008
                   62                    1   192.68623908831310     
                   62                   62  -12208.558520768169     
                   62                   63   8249.2008777216179     
                   63                    2   403.16718951434302     
                   63                   62   8249.2008777216179     
                   63                   63  -24386.274325493316     
                   63                   64   8218.9266327095247     
                   64                    3   432.12107120512468     
                   64                   63   8218.9266327095247     
                   64                   64  -24270.053124017722     
                   64                   65   8146.3663320999422     
                   65                    4   464.54215203923019     
                   65                   64   8146.3663320999422     
                   65                   65  -24164.368372958452     
                   65                   66   8124.8876085963348     
                   66                    5   500.83679855225637     
                   66                   65   8124.8876085963348     
                   66                   66  -24183.758606245989     
                   66                   67   8162.4794770959606     
                   67                    6   541.38474620193301     
                   67                   66   8162.4794770959606     
                   67                   67  -24285.484318847884     
                   67                   68   8215.3236199859275     
                   68                    7   586.73575144036488     
                   68                   67   8215.3236199859275     
                   68                   68  -24422.948768673767     
                   68                   69   8286.3174778022349     
                   69                    8   637.68241295330688     
                   69                   68   8286.3174778022349     
                   69                   69  -24477.705782275414     
                   69                   70   8259.6086166304376     
                   70                    9   695.65022723510810     
                   70                   69   8259.6086166304376     
                   70                   70  -24395.579226682919     
                   70                   71   8219.1714420492735     
                   71                   10   762.09218567079688     
                   71                   70   8219.1714420492735     
                   71                   71  -24392.837216957254     
                   71                   72   8252.1672831238830     
                   72                   11   838.34428755161753     
                   72                   71   8252.1672831238830     
                   72                   72  -24429.276007845641     
                   72                   73   8252.0123089772933     
                   73                   12   926.55145065795568     
                   73                   72   8252.0123089772933     
                   73                   73  -24427.977459343841     
                   73                   74   8250.4882411178914     
                   74                   13   1029.4081880050123     
                   74                   73   8250.4882411178914     
                   74                   74  -24433.283164585075     
                   74                   75   8255.8288141802113     
                   75                   14   1150.2893816087985     
                   75                   74   8255.8288141802113     
                   75                   75  -24440.737227244590     
                   75                   76   8255.7017108497857     
                   76                   15   1293.7415393637280     
                   76                   75   8255.7017108497857     
                   76                   76  -24430.532961099711     
                   76                   77   8245.5816660936507     
                   77                   16   1465.8522165590102     
                   77                   76   8245.5816660936507     
                   77                   77  -24427.717128704684     
                   77                   78   8252.2490871200243     
                   78                   17   1674.5171242663623     
                   78                   77   8252.2490871200243     
                   78                   78  -24448.421627487500     
                   78                   79   8261.1473759747860     
                   79                   18   1930.7953295572847     
                   79                   78   8261.1473759747860     
                   79                   79  -24456.154399090654     
                   79                   80   8257.4779944592319     
                   80                   19   2250.5591847600199     
                   80                   79   8257.4779944592319     
                   80                   80  -24467.889379825141     
                   80                   81   8268.9850357146552     
                   81                   20   2656.2310178276384     
                   81                   80   8268.9850357146552     
                   81                   81  -24493.755731674464     
                   81                   82   8275.9567484650070     
                   82                   21   3181.7594793926128     
                   82                   81   8275.9567484650070     
                   82                   82  -24501.190293920434     
                   82                   83   8271.2763684497113     
                   83                   22   3880.1395821568349     
                   83                   82   8271.2763684497113     
                   83                   83  -24506.856525769806     
                   83                   84   8274.0490115218890     
                   84                   23   4835.8891858276520     
                   84                   83   8274.0490115218872     
                   84                   84  -24531.164089448379     
                   84                   85   8283.3827038103209     
                   85                   24   6191.7598285351905     
                   85                   84   8283.3827038103191     
                   85                   85  -24576.223675087647     
                   85                   86   8300.1062799645297     
                   86                   25   8205.5361513823591     
                   86                   85   8300.1062799645224     
                   86                   86  -24635.267438409057     
                   86                   87   8313.4217950245820     
                   87                   26   11384.061103952346     
                   87                   86   8313.4217950245675     
                   87                   87  -24719.192147953334     
                   87                   88   8337.6474197057287     
                   88                   27   16832.622588285605     
                   88                   87   8337.6474197056923     
                   88                   88  -24866.171307165048     
                   88                   89   8369.9694929872676     
                   89                   28   27375.030488083663     
                   89                   88   8369.9694929871348     
                   89                   89  -25142.278221971636     
                   89                   90   8410.9965742654949     
                   90                   29   52185.931264075392     
                   90                   89   8410.9965742647273     
                   90                   90  -25977.286398549160     
                   90                   91   8497.8507702392890     
                   91                   30   141298.60990932773     
                   91                   90   8497.8507702241495     
                   91                   91  -33239.036342121231     
                   91                   92   8200.8523642858927     
                   92                   31   980556.75446834601     
                   92                   91   8200.8523583432125     
                   92                   92  -356390.49950947776     
                   92                   93   6509.2633703903148     
                   93                   32   632951.75330832286     
                   93                   92   6507.6874936881168     
                   93                   93  -254399.02088968261     
                   93                   94   6172.2286724652904     
                   94                   93   6172.0521165595701     
                   94                   94  -22217.428084525520     
                   94                   95   6320.6317243329331     
                   95                   94   6320.5810597777518     
                   95                   95  -22506.540259978541     
                   95                   96   6351.7530872541265     
                   96                   95   6351.7342515559576     
                   96                   96  -22568.609171934651     
                   96                   97   6358.9258788403877     
                   97                   96   6358.9148555016936     
                   97                   97  -22582.813609570017     
                   97                   98   6360.5128599064501     
                   98                   97   6360.5033439143017     
                   98                   98  -22585.979195956210     
                   98                   99   6360.8626264551021     
                   99                   98   6360.8530941102044     
                   99                   99  -22586.725395154917     
                   99                  100   6360.9565399379708     
                  100                   99   6360.9466418741686     
                  100                  100  -22586.965861121764     
                  100                  101   6361.0012662534918     
                  101                  100   6360.9909159216431     
                  101                  101  -22587.098624255472     
                  101                  102   6361.0379304317048     
                  102                  101   6361.0270960245825     
                  102                  102  -22587.202228126971     
                  102                  103   6361.0743406072079     
                  103                  102   6361.0630007101772     
                  103                  103  -22587.291654397530     
                  103                  104   6361.1119471609354     
                  104                  103   6361.1000818121765     
                  104                  104  -22587.369867408353     
                  104                  105   6361.1510389481218     
                  105                  104   6361.1386279282297     
                  105                  105  -22587.437604777035     
                  105                  106   6361.1916726324698     
                  106                  105   6361.1786951791828     
                  106                  106  -22587.495011674466     
                  106                  107   6361.2337719278175     
                  107                  106   6361.2202067922262     
                  107                  107  -22587.541555516349     
                  107                  108   6361.2769856302111     
                  108                  107   6361.2628113890260     
                  108                  108  -22587.575130133522     
                  108                  109   6361.3202945997509     
                  109                  108   6361.3054904550299     
                  109                  109  -22587.589946893979     
                  109                  110   6361.3611460726597     
                  110                  109   6361.3456936604834     
                  110                  110  -22587.572127525360     
                  110                  111   6361.3936969424167     
                  111                  110   6361.3775840914523     
                  111                  111  -22587.491169562178     
                  111                  112   6361.4055084751153     
                  112                  111   6361.3887364202774     
                  112                  112  -22587.284638224493     
                  112                  113   6361.3718010298735     
                  113                  112   6361.3543971791896     
                  113                  113  -22586.832862484360     
                  113                  114   6361.2462864451618     
                  114                  113   6361.2283251073513     
                  114                  114  -22585.920697019716     
                  114                  115   6360.9478720608085     
                  115                  114   6360.9295050252758     
                  115                  115  -22584.185378239286     
                  115                  116   6360.3434253560035     
                  116                  115   6360.3249222084187     
                  116                  116  -22581.053827523712     
                  116                  117   6359.2284332890631     
                  117                  116   6359.2102273774926     
                  117                  117  -22575.679354572403     
                  117                  118   6357.3095892298543     
                  118                  117   6357.2923195391531     
                  118                  118  -22566.895126582058     
                  118                  119   6354.1954262100708     
                  119                  118   6354.1799595573302     
                  119                  119  -22553.207093276178     
                  119                  120   6349.4020726348008     
                  120                  119   6349.3894872469555     
                  120                  120  -22532.849031297657     
                  120                  121   6342.3801871197365     
                  121                  120   6342.3717005562767     
                  121                  121  -22503.915422537855     
