 #              _____________________  _______________________             #
 #              ___  __ \__  __ \_  / / /_  /___  ____/_  ___/             #
 #              __  / / /_  /_/ /  / / /_  __/_  __/  _____ \              #
 #              _  /_/ /_  _, _// /_/ / / /_ _  /___  ____/ /              #
 #              /_____/ /_/ |_| \____/  \__/ /_____/  /____/               #
 #                                                                         #
  
 DRUtES is initializing, reading input files
 ---------------------------------------------------------------
 17hrs : 46min : 25.824s  -  2021/01/04    total number of parallel images is:                    1
 ---------------------------------------------------------------
 17hrs : 46min : 25.825s  -  2021/01/04    reading input files and allocating...
 ---------------------------------------------------------------
 17hrs : 46min : 25.828s  -  2021/01/04    number of nodes:                   61 number of elements:                   60
 ---------------------------------------------------------------
 17hrs : 46min : 25.832s  -  2021/01/04    analyzing mesh structure...
 ---------------------------------------------------------------
 17hrs : 46min : 25.842s  -  2021/01/04    DRUtES solves coupled water and heat flow considering freezing and melting
 ---------------------------------------------------------------
 17hrs : 46min : 25.842s  -  2021/01/04    making output files for observation time
 ---------------------------------------------------------------
 17hrs : 46min : 25.860s  -  2021/01/04    go 4 solving
 ---------------------------------------------------------------
 17hrs : 46min : 25.952s  -  2021/01/04    current simulation time:   1.0000000000000000 total iteration count:                    2
 ---------------------------------------------------------------
 17hrs : 46min : 54.355s  -  2021/01/04    making output files for observation time
 ---------------------------------------------------------------
 17hrs : 47min : 51.671s  -  2021/01/04    making output files for observation time
 ---------------------------------------------------------------
 17hrs : 48min : 57.426s  -  2021/01/04    making output files for observation time
 ---------------------------------------------------------------
 17hrs : 51min : 10.015s  -  2021/01/04    making output files for observation time
 ---------------------------------------------------------------
 17hrs : 51min : 10.043s  -  2021/01/04    making output files for observation time
 ---------------------------------------------------------------
 17hrs : 51min : 10.277s  -  2021/01/04    # real elapsed CPU time =   4.7338333333333447 min
 ---------------------------------------------------------------
 17hrs : 51min : 10.283s  -  2021/01/04    minimal adjusted time step was  0.91011600000000015
 ---------------------------------------------------------------
 17hrs : 51min : 10.283s  -  2021/01/04    F I N I S H E D !!!!!
 ---------------------------------------------------------------
 17hrs : 51min : 10.307s  -  2021/01/04    Peak RAM  consumption on image                    1 was:                    0 kB
