                  121                  121                  548
                    1                    1  -7.2663971030653550E-012
                    1                    2   7.2663971030653550E-012
                    1                   62 -0.99999999907468073     
                    1                   63   9.1078641737822715E-010
                    2                    1   7.2630610426393083E-014
                    2                    2 -0.97514848962631540     
                    2                    3   1.7459778485043957E-013
                    2                   62   9.1036826812482139E-012
                    2                   63  -2.4851510343203289E-002
                    2                   64   2.1130400467649213E-011
                    3                    2   7.5839466153985791E-014
                    3                    3 -0.98414743138338545     
                    3                    4   2.4124399200532521E-013
                    3                   63   9.1783426259340272E-012
                    3                   64  -1.5852568579094228E-002
                    3                   65   2.8025016429696247E-011
                    4                    3   2.3436485192410359E-013
                    4                    4 -0.97493447562932489     
                    4                    5   1.0436934841939299E-012
                    4                   64   2.7225875227480681E-011
                    4                   65  -2.5065524230801949E-002
                    4                   66   1.1136918674214353E-010
                    5                    4   1.0860914590593862E-012
                    5                    5 -0.95386502161545261     
                    5                    6   7.5041188493611495E-012
                    5                   65   1.1589333875783470E-010
                    5                   66  -4.6134977580970758E-002
                    5                   67   6.7909312912231067E-010
                    6                    5   8.0801529275651175E-012
                    6                    6 -0.90484228981540460     
                    6                    7   1.0615481005369072E-010
                    6                   66   7.3122193898010258E-010
                    6                   67  -9.5157702173570391E-002
                    6                   68   7.1655682078212383E-009
                    7                    6   1.5412885392995650E-010
                    7                    7 -0.86226765128083738     
                    7                    8   4.8571526651378200E-011
                    7                   67   1.0403869735811580E-008
                    7                   68 -0.13773233595981174     
                    7                   69   2.1527807615458771E-009
                    8                    7   7.6103515448173352E-011
                    8                    8 -0.50568660715154345     
                    8                    9   1.4994870965002312E-006
                    8                   68   3.3730499170585223E-009
                    8                   69 -0.49428128599324284     
                    8                   70   3.0603918963903676E-005
                    9                    8   3.9158826953682613E-007
                    9                    9 -0.56551478755312434     
                    9                   10   6.5881733463730094E-003
                    9                   69   7.9921565821346509E-006
                    9                   70 -0.40551908960520133     
                    9                   71   2.2369565750449794E-002
                   10                    9   6.6501361409773965E-003
                   10                   10 -0.76015178275455508     
                   10                   11   4.3202701303456700E-002
                   10                   70   2.2579954994191766E-002
                   10                   71 -0.16704884295690356     
                   10                   72   3.6658184991553567E-004
                   11                   10   4.9087006538974610E-002
                   11                   11 -0.89893100988475683     
                   11                   12   5.0290612981504342E-002
                   11                   71   4.1651112363276120E-004
                   11                   72  -8.4568529738213182E-004
                   11                   73   4.2917417374937057E-004
                   12                   11   4.9877925843176261E-002
                   12                   12 -0.89719189315537695     
                   12                   13   5.1200649605368950E-002
                   12                   72   4.2565235026962721E-004
                   12                   73  -8.6476569803888080E-004
                   12                   74   4.3911334776925348E-004
                   13                   12   5.0745757618596100E-002
                   13                   13 -0.89533478832179669     
                   13                   14   5.2150508962432063E-002
                   13                   73   4.3521204681458187E-004
                   13                   74  -8.8447254858756467E-004
                   13                   75   4.4926050177298280E-004
                   14                   13   5.1667629861728112E-002
                   14                   14 -0.89340345609999250     
                   14                   15   5.3119636472202074E-002
                   14                   74   4.4510064770072013E-004
                   14                   75  -9.0463878303862649E-004
                   14                   76   4.5953813533790630E-004
                   15                   14   5.2621678254717995E-002
                   15                   15 -0.89143715901655052     
                   15                   16   5.4090931232950529E-002
                   15                   75   4.5523029729653395E-004
                   15                   76  -9.2511574789050366E-004
                   15                   77   4.6988545059396976E-004
                   16                   15   5.3588710229524134E-002
                   16                   16 -0.88946841553938749     
                   16                   17   5.5051310280675538E-002
                   16                   76   4.6552267966151056E-004
                   16                   77  -9.4578197520639180E-004
                   16                   78   4.8025929554488113E-004
                   17                   16   5.4553184413059723E-002
                   17                   17 -0.88752203159335663     
                   17                   18   5.5991691000809210E-002
                   17                   77   4.7591372089726317E-004
                   17                   78  -9.6654649638719620E-004
                   17                   79   4.9063277548993297E-004
                   18                   17   5.5503545350152166E-002
                   18                   18 -0.88561519353765417     
                   18                   19   5.6906565399293334E-002
                   18                   78   4.8635535055161947E-004
                   18                   79  -9.8734785645016813E-004
                   18                   80   5.0099250589854866E-004
                   19                   18   5.6432051564303316E-002
                   19                   19 -0.88375830603198324     
                   19                   20   5.7793341773775597E-002
                   19                   79   4.9681499362721180E-004
                   19                   80  -1.0081503149688583E-003
                   19                   81   5.1133532134164635E-004
                   20                   19   5.7334268208954202E-002
                   20                   20 -0.88195625362822039     
                   20                   21   5.8651600930724974E-002
                   20                   80   5.0727359863133367E-004
                   20                   81  -1.0289386160502445E-003
                   20                   82   5.2166501741891097E-004
                   21                   20   5.8208385475508731E-002
                   21                   21 -0.88020981502932039     
                   21                   22   5.9482374689362592E-002
                   21                   81   5.1772292556640041E-004
                   21                   82  -1.0497124029040614E-003
                   21                   83   5.3198947733766090E-004
                   22                   21   5.9054492167287032E-002
                   22                   22 -0.87851703040403861     
                   22                   23   6.0287515421259312E-002
                   22                   82   5.2816264627266634E-004
                   22                   83  -1.0704810037074791E-003
                   22                   84   5.4231835743481262E-004
                   23                   22   5.9873895739183398E-002
                   23                   23 -0.87687439403456524     
                   23                   24   6.1069192209523157E-002
                   23                   83   5.3859762777762365E-004
                   23                   84  -1.0912590083641516E-003
                   23                   85   5.5266138058652809E-004
                   24                   23   6.0668544306003366E-002
                   24                   24 -0.87527780635492247     
                   24                   25   6.1829523700762966E-002
                   24                   84   5.4903561421436667E-004
                   24                   85  -1.1120628191555748E-003
                   24                   86   5.6302720494120801E-004
                   25                   24   6.1440576544720162E-002
                   25                   25 -0.87372326718751370     
                   25                   26   6.2570339883645923E-002
                   25                   85   5.5948540456770928E-004
                   25                   86  -1.1329081920601186E-003
                   25                   87   5.7342278749240947E-004
                   26                   25   6.2192003212552256E-002
                   26                   26 -0.87220732537581758     
                   26                   27   6.3293054054106915E-002
                   26                   86   5.6995553976844698E-004
                   26                   87  -1.1538086787616266E-003
                   26                   88   5.8385313899317944E-004
                   27                   26   6.2924508946362298E-002
                   27                   27 -0.87072732046651258     
                   27                   28   6.3998620948272231E-002
                   27                   87   5.8045345760265388E-004
                   27                   88  -1.1747748194264850E-003
                   27                   89   5.9432136182383107E-004
                   28                   27   6.3639354224834743E-002
                   28                   28 -0.86928146183760524     
                   28                   29   6.4687556113899161E-002
                   28                   88   5.9098504167868387E-004
                   28                   89  -1.1958139118304566E-003
                   28                   90   6.0482887015177265E-004
                   29                   28   6.4337353689303087E-002
                   29                   29 -0.86786879224169444     
                   29                   30   6.5359993701804175E-002
                   29                   89   6.0155447628813829E-004
                   29                   90  -1.2169301835991593E-003
                   29                   91   6.1537570731102110E-004
                   30                   29   6.5018907139122534E-002
                   30                   30 -0.86648907869578595     
                   30                   31   6.6015763739744687E-002
                   30                   90   6.1216431800578154E-004
                   30                   91  -1.2381252126733237E-003
                   30                   92   6.2596089466754215E-004
                   31                   30   6.5684062163037779E-002
                   31                   31 -0.86514266634710590     
                   31                   32   6.6654474551433029E-002
                   31                   91   6.2281570321695697E-004
                   31                   92  -1.2593984692116536E-003
                   31                   93   6.3658276599469672E-004
                   32                   31   6.6332591387145909E-002
                   32                   32 -0.86383032232861368     
                   32                   33   6.7275590516543166E-002
                   32                   92   6.3350862466468138E-004
                   32                   93  -1.2807478838486792E-003
                   32                   94   6.4723925918399781E-004
                   33                   32   6.6964071778421688E-002
                   33                   33 -0.86255308813674969     
                   33                   34   6.7878499329064271E-002
                   33                   93   6.4424222629680091E-004
                   33                   94  -1.3021703778821874E-003
                   33                   95   6.5792815158538661E-004
                   34                   33   6.7577957670555425E-002
                   34                   34 -0.86131215164447750     
                   34                   35   6.8462566049893106E-002
                   34                   94   6.5501508161755267E-004
                   34                   95  -1.3236623175369546E-003
                   34                   96   6.6864723591940171E-004
                   35                   34   6.8173642770599729E-002
                   35                   35 -0.86010874396754122     
                   35                   36   6.9027173511038875E-002
                   35                   95   6.6582543470395359E-004
                   35                   96  -1.3452198754101612E-003
                   35                   97   6.7939444070620747E-004
                   36                   35   6.8750509182163827E-002
                   36                   36 -0.85894406213378172     
                   36                   37   6.9571750089573725E-002
                   36                   96   6.7667139415194925E-004
                   36                   97  -1.3668392972403110E-003
                   36                   98   6.9016790308836168E-004
                   37                   36   6.9307963433339739E-002
                   37                   37 -0.85781921572795838     
                   37                   38   7.0095786675138147E-002
                   37                   97   6.8755107825412508E-004
                   37                   98  -1.3885170817818427E-003
                   37                   99   7.0096600352771764E-004
                   38                   37   6.9845460720709518E-002
                   38                   38 -0.85673519413278310     
                   38                   39   7.0598844972914174E-002
                   38                   98   6.9846271492538957E-004
                   38                   99  -1.4102500867966259E-003
                   38                  100   7.1178737187123646E-004
                   39                   38   7.0362519221646380E-002
                   39                   39 -0.85569285035362375     
                   39                   40   7.1080559272480637E-002
                   39                   99   7.0940470278557459E-004
                   39                  100  -1.4320355761245841E-003
                   39                  101   7.2263087333900966E-004
                   40                   39   7.0858726543707160E-002
                   40                   40 -0.85469289740724175     
                   40                   41   7.1540633603965897E-002
                   40                  100   7.2037564096366711E-004
                   40                  101  -1.4538712225426803E-003
                   40                  102   7.3349558157901316E-004
                   41                   40   7.1333740316376709E-002
                   41                   41 -0.85373591362805046     
                   41                   42   7.1978835896448767E-002
                   41                  101   7.3137433516756657E-004
                   41                  102  -1.4757550795620451E-003
                   41                  103   7.4438074439447867E-004
                   42                   41   7.1787284704087739E-002
                   42                   42 -0.85282235381044713     
                   42                   43   7.2394990419211491E-002
                   42                  102   7.4239978683405801E-004
                   42                  103  -1.4976855331268189E-003
                   42                  104   7.5528574629276084E-004
                   43                   42   7.2219144317812942E-002
                   43                   43 -0.85195256373068884     
                   43                   44   7.2788969467827452E-002
                   43                  103   7.5345117109413997E-004
                   43                  104  -1.5196612418353066E-003
                   43                  105   7.6621007074116653E-004
                   44                   43   7.2629156685130855E-002
                   44                   44 -0.85112679619263609     
                   44                   45   7.3160684978041179E-002
                   44                  104   7.6452780810672410E-004
                   44                  105  -1.5416810720959640E-003
                   44                  106   7.7715326398923980E-004
                   45                   44   7.3017204142120387E-002
                   45                   45 -0.85034522727164230     
                   45                   46   7.3510080520811052E-002
                   45                  105   7.7562913118499929E-004
                   45                  106  -1.5637440327130523E-003
                   45                  107   7.8811490152805297E-004
                   46                   45   7.3383205754000785E-002
                   46                   46 -0.84960797186962067     
                   46                   47   7.3837123952716285E-002
                   46                  106   7.8675465414915430E-004
                   46                  107  -1.5858492118312078E-003
                   46                  108   7.9909455768205340E-004
                   47                   46   7.3727109662478280E-002
                   47                   47 -0.84891509803886456     
                   47                   48   7.4141800862747756E-002
                   47                  107   7.9790393952291789E-004
                   47                  108  -1.6079957179547092E-003
                   47                  109   8.1009177843179123E-004
                   48                   47   7.4048886095840649E-002
                   48                   48 -0.84826663978986172     
                   48                   49   7.4424108862573723E-002
                   48                  108   8.0907656855166326E-004
                   48                  109  -1.6301826258620026E-003
                   48                  110   8.2110605731033925E-004
                   49                   48   7.4348521158418099E-002
                   49                   49 -0.84766260828130757     
                   49                   50   7.4684052705054918E-002
                   49                  109   8.2027211354280313E-004
                   49                  110  -1.6524089276097737E-003
                   49                  111   8.3213681406697044E-004
                   50                   49   7.4626011432398165E-002
                   50                   50 -0.84710300141291350     
                   50                   51   7.4921640177868454E-002
                   50                  110   8.3149011269012204E-004
                   50                  111  -1.6746734884098987E-003
                   50                  112   8.4318337571977642E-004
                   51                   50   7.4881359370081182E-002
                   51                   51 -0.84658781191697297     
                   51                   52   7.5136878699113466E-002
                   51                  111   8.4273004731684562E-004
                   51                  112  -1.6969750069162125E-003
                   51                  113   8.5424495959936664E-004
                   52                   51   7.5114569421718097E-002
                   52                   52 -0.84611703408513161     
                   52                   53   7.5329772534484626E-002
                   52                  112   8.5399132133148477E-004
                   52                  113  -1.7193119793328011E-003
                   52                  114   8.6532065800131613E-004
                   53                   52   7.5325644827326149E-002
                   53                   53 -0.84569066928258452     
                   53                   54   7.5500320556658812E-002
                   53                  113   8.6527324261488603E-004
                   53                  114  -1.7416826667152026E-003
                   53                  115   8.7640942410031669E-004
                   54                   53   7.5514584995361553E-002
                   54                   54 -0.84530873040119281     
                   54                   55   7.5648514473742781E-002
                   54                  114   8.7657500602654449E-004
                   54                  115  -1.7640850648514505E-003
                   54                  116   8.8751005882490620E-004
                   55                   54   7.5681383393094451E-002
                   55                   55 -0.84497124539209567     
                   55                   56   7.5774337462489183E-002
                   55                  115   8.8789567771974174E-004
                   55                  116  -1.7865168761602760E-003
                   55                  117   8.9862119844053424E-004
                   56                   55   7.5826025879957362E-002
                   56                   56 -0.84467826000212520     
                   56                   57   7.5877763151693728E-002
                   56                  116   8.9923418047648733E-004
                   56                  117  -1.8089754831119261E-003
                   56                  118   9.0974130263543867E-004
                   57                   56   7.5948489423815185E-002
                   57                   57 -0.84442983982024300     
                   57                   58   7.5958754910439588E-002
                   57                  117   9.1058927980632194E-004
                   57                  118  -1.8314579227510768E-003
                   57                  119   9.2086864294475476E-004
                   58                   57   7.6048741149391474E-002
                   58                   58 -0.84422607172292885     
                   58                   59   7.6017265403735171E-002
                   58                  118   9.2195957059154198E-004
                   58                  119  -1.8539608619722848E-003
                   58                  120   9.3200129138074279E-004
                   59                   58   7.6126737676792039E-002
                   59                   59 -0.84406706479273963     
                   59                   60   7.6053236383949938E-002
                   59                  119   9.3334346410055182E-004
                   59                  120  -1.8764805732592023E-003
                   59                  121   9.4313710915865068E-004
                   60                   59   7.6255193043247363E-002
                   60                   60 -0.84475908217827622     
                   60                   61   7.6139256382575432E-002
                   60                  120   9.4564157614626871E-004
                   60                  121  -1.9008268197546246E-003
                   61                   60  0.15260177147594164     
                   61                   61 -0.84548380267873757     
                   61                  121   1.9144258453208641E-003
                   62                    1  0.58834108464948454     
                   62                   62 -0.24235846032290645     
                   62                   63  0.16930045502760893     
                   63                    2  0.60172833148830895     
                   63                   62   8.4284953536225740E-002
                   63                   63 -0.24122696586350950     
                   63                   64   7.2759749111955790E-002
                   64                    3  0.61391436701971192     
                   64                   63   7.1531159042120207E-002
                   64                   64 -0.24793686978701035     
                   64                   65   6.6617604151157514E-002
                   65                    4  0.59388872011057059     
                   65                   64   6.2788744155480802E-002
                   65                   65 -0.28027277755151586     
                   65                   66   6.3049758182432775E-002
                   66                    5  0.54015448420294876     
                   66                   65   5.6966586300592807E-002
                   66                   66 -0.34565208306381140     
                   66                   67   5.7226846432647124E-002
                   67                    6  0.44779975460654847     
                   67                   66   4.8425698116934091E-002
                   67                   67 -0.45591330880281872     
                   67                   68   4.7861238473698622E-002
                   68                    7  0.42970088640459225     
                   68                   67   4.8603912749097797E-002
                   68                   68 -0.46732456755158336     
                   68                   69   5.4370633294726453E-002
                   69                    8  0.27924515780348008     
                   69                   68   3.9461354393259998E-002
                   69                   69 -0.65492426103535850     
                   69                   70   2.6369226767901488E-002
                   70                    9   9.9742427058350444E-002
                   70                   69   1.3184988811913725E-002
                   70                   70 -0.88090171849646548     
                   70                   71   6.1708656332703365E-003
                   71                   10   6.0325997350191549E-002
                   71                   70   1.6626427526171519E-002
                   71                   71 -0.90947241717713978     
                   71                   72   1.3575157946497109E-002
                   72                   71  0.18101137724926439     
                   72                   72 -0.63766920986408393     
                   72                   73  0.18131941288665154     
                   73                   72  0.18099749022983191     
                   73                   73 -0.63765646311451596     
                   73                   74  0.18134604665565210     
                   74                   73  0.18099215513177078     
                   74                   74 -0.63764307017710942     
                   74                   75  0.18136477469111983     
                   75                   74  0.18099415976706160     
                   75                   75 -0.63762953972487757     
                   75                   76  0.18137630050806078     
                   76                   75  0.18100192446796970     
                   76                   76 -0.63761626667458926     
                   76                   77  0.18138180885744096     
                   77                   76  0.18101378145216540     
                   77                   77 -0.63760352623607819     
                   77                   78  0.18138269231175658     
                   78                   77  0.18102818379396313     
                   78                   78 -0.63759148341130600     
                   78                   79  0.18138033279473093     
                   79                   78  0.18104383147774458     
                   79                   79 -0.63758021213173510     
                   79                   80  0.18137595639052043     
                   80                   79  0.18105972476694368     
                   80                   80 -0.63756971845805388     
                   80                   81  0.18137055677500247     
                   81                   80  0.18107516444727800     
                   81                   81 -0.63755996353247335     
                   81                   82  0.18136487202024873     
                   82                   81  0.18108971896234691     
                   82                   82 -0.63755088354839629     
                   82                   83  0.18135939748925670     
                   83                   82  0.18110317481563093     
                   83                   83 -0.63754240541523977     
                   83                   84  0.18135441976912925     
                   84                   83  0.18111548198917252     
                   84                   84 -0.63753445784677587     
                   84                   85  0.18135006016405172     
                   85                   84  0.18112670199556702     
                   85                   85 -0.63752697826929972     
                   85                   86  0.18134631973513338     
                   86                   85  0.18113696296226214     
                   86                   86 -0.63751991629602023     
                   86                   87  0.18134312074171766     
                   87                   86  0.18114642380210394     
                   87                   87 -0.63751323463385012     
                   87                   88  0.18134034156404602     
                   88                   87  0.18115524788224319     
                   88                   88 -0.63750690825876333     
                   88                   89  0.18133784385899340     
                   89                   88  0.18116358551143349     
                   89                   89 -0.63750092258008006     
                   89                   90  0.18133549190848644     
                   90                   89  0.18117156391181388     
                   90                   90 -0.63749527115957816     
                   90                   91  0.18133316492860796     
                   91                   90  0.18117928303877889     
                   91                   91 -0.63748995339079439     
                   91                   92  0.18133076357042674     
                   92                   91  0.18118681558090480     
                   92                   92 -0.63748497239788893     
                   92                   93  0.18132821202120630     
                   93                   92  0.18119420962940835     
                   93                   93 -0.63748033329332854     
                   93                   94  0.18132545707726302     
                   94                   93  0.18120149277400069     
                   94                   94 -0.63747604184339524     
                   94                   95  0.18132246538260408     
                   95                   94  0.18120867669091226     
                   95                   95 -0.63747210352921557     
                   95                   96  0.18131921977987217     
                   96                   95  0.18121576158752245     
                   96                   96 -0.63746852295460132     
                   96                   97  0.18131571545787625     
                   97                   96  0.18122274012436820     
                   97                   97 -0.63746530353493935     
                   97                   98  0.18131195634069264     
                   98                   97  0.18122960063450871     
                   98                   98 -0.63746244739803748     
                   98                   99  0.18130795196745370     
                   99                   98  0.18123632960085329     
                   99                   99 -0.63745995543309919     
                   99                  100  0.18130371496604761     
                  100                   99  0.18124291344100452     
                  100                  100 -0.63745782743383705     
                  100                  101  0.18129925912515835     
                  101                  100  0.18124933969703907     
                  101                  101 -0.63745606229319463     
                  101                  102  0.18129459800976627     
                  102                  101  0.18125559774612376     
                  102                  102 -0.63745465821829050     
                  102                  103  0.18128974403558568     
                  103                  102  0.18126167914697106     
                  103                  103 -0.63745361294403868     
                  103                  104  0.18128470790899023     
                  104                  103  0.18126757772524527     
                  104                  104 -0.63745292393187236     
                  104                  105  0.18127949834288234     
                  105                  104  0.18127328948396618     
                  105                  105 -0.63745258854609999     
                  105                  106  0.18127412196993384     
                  106                  105  0.18127881240675423     
                  106                  106 -0.63745260420481997     
                  106                  107  0.18126858338842561     
                  107                  106  0.18128414620461908     
                  107                  107 -0.63745296850526489     
                  107                  108  0.18126288529011594     
                  108                  107  0.18128929204232788     
                  108                  108 -0.63745367932524977     
                  108                  109  0.18125702863242241     
                  109                  108  0.18129425226837395     
                  109                  109 -0.63745473490340210     
                  109                  110  0.18125101282822387     
                  110                  109  0.18129903016334478     
                  110                  110 -0.63745613390123068     
                  110                  111  0.18124483593542451     
                  111                  110  0.18130362971464856     
                  111                  111 -0.63745787545008503     
                  111                  112  0.18123849483526641     
                  112                  111  0.18130805542078687     
                  112                  112 -0.63745995918584608     
                  112                  113  0.18123198539336710     
                  113                  112  0.18131231212510018     
                  113                  113 -0.63746238527381704     
                  113                  114  0.18122530260108280     
                  114                  113  0.18131640487700051     
                  114                  114 -0.63746515442587481     
                  114                  115  0.18121844069712467     
                  115                  114  0.18132033881757137     
                  115                  115 -0.63746826791155542     
                  115                  116  0.18121139327087335     
                  116                  115  0.18132411908600274     
                  116                  116 -0.63747172756437254     
                  116                  117  0.18120415334962475     
                  117                  116  0.18132775074332225     
                  117                  117 -0.63747553578437011     
                  117                  118  0.18119671347230759     
                  118                  117  0.18133123871019069     
                  118                  118 -0.63747969553767003     
                  118                  119  0.18118906575213936     
                  119                  118  0.18133458771602412     
                  119                  119 -0.63748421035362346     
                  119                  120  0.18118120193035250     
                  120                  119  0.18133780225732402     
                  120                  120 -0.63748908432010076     
                  120                  121  0.18117311342257536     
                  121                  120  0.22146200438140978     
                  121                  121 -0.77853799561859027     
