 #              _____________________  _______________________             #
 #              ___  __ \__  __ \_  / / /_  /___  ____/_  ___/             #
 #              __  / / /_  /_/ /  / / /_  __/_  __/  _____ \              #
 #              _  /_/ /_  _, _// /_/ / / /_ _  /___  ____/ /              #
 #              /_____/ /_/ |_| \____/  \__/ /_____/  /____/               #
 #                                                                         #
  
 DRUtES is initializing, reading input files
 ---------------------------------------------------------------
 18hrs : 18min : 16.020s  -  2021/02/03    total number of parallel images is:                    1
 ---------------------------------------------------------------
 18hrs : 18min : 16.035s  -  2021/02/03    reading input files and allocating...
 ---------------------------------------------------------------
 18hrs : 18min : 16.066s  -  2021/02/03    number of nodes:                   61 number of elements:                   60
 ---------------------------------------------------------------
 18hrs : 18min : 16.079s  -  2021/02/03    analyzing mesh structure...
 ---------------------------------------------------------------
 18hrs : 18min : 16.088s  -  2021/02/03    DRUtES solves coupled water and heat flow considering freezing and melting
 ---------------------------------------------------------------
 18hrs : 18min : 16.089s  -  2021/02/03    making output files for observation time
 ---------------------------------------------------------------
 18hrs : 18min : 16.107s  -  2021/02/03    go 4 solving
 ---------------------------------------------------------------
 18hrs : 18min : 16.201s  -  2021/02/03    current simulation time:   1.0000000000000000 total iteration count:                    2
 ---------------------------------------------------------------
 18hrs : 18min : 37.478s  -  2021/02/03    making output files for observation time
 ---------------------------------------------------------------
 18hrs : 18min : 57.528s  -  2021/02/03    making output files for observation time
 ---------------------------------------------------------------
 18hrs : 19min : 13.594s  -  2021/02/03    making output files for observation time
 ---------------------------------------------------------------
 18hrs : 19min : 38.493s  -  2021/02/03    making output files for observation time
 ---------------------------------------------------------------
 18hrs : 20min : 40.179s  -  2021/02/03    making output files for observation time
 ---------------------------------------------------------------
 18hrs : 20min : 40.312s  -  2021/02/03    # real elapsed CPU time =   2.4001666666666401 min
 ---------------------------------------------------------------
 18hrs : 20min : 40.317s  -  2021/02/03    minimal adjusted time step was  0.91011600000000015
 ---------------------------------------------------------------
 18hrs : 20min : 40.317s  -  2021/02/03    F I N I S H E D !!!!!
 ---------------------------------------------------------------
 18hrs : 20min : 40.407s  -  2021/02/03    Peak RAM  consumption on image                    1 was:                    0 kB
