 #              _____________________  _______________________             #
 #              ___  __ \__  __ \_  / / /_  /___  ____/_  ___/             #
 #              __  / / /_  /_/ /  / / /_  __/_  __/  _____ \              #
 #              _  /_/ /_  _, _// /_/ / / /_ _  /___  ____/ /              #
 #              /_____/ /_/ |_| \____/  \__/ /_____/  /____/               #
 #                                                                         #
  
 DRUtES is initializing, reading input files
 ---------------------------------------------------------------
 16hrs : 10min : 20.581s  -  2021/02/03    total number of parallel images is:                    1
 ---------------------------------------------------------------
 16hrs : 10min : 20.582s  -  2021/02/03    reading input files and allocating...
 ---------------------------------------------------------------
 16hrs : 10min : 20.584s  -  2021/02/03    number of nodes:                   61 number of elements:                   60
 ---------------------------------------------------------------
 16hrs : 10min : 20.591s  -  2021/02/03    analyzing mesh structure...
 ---------------------------------------------------------------
 16hrs : 10min : 20.600s  -  2021/02/03    DRUtES solves coupled water and heat flow considering freezing and melting
 ---------------------------------------------------------------
 16hrs : 10min : 20.601s  -  2021/02/03    making output files for observation time
 ---------------------------------------------------------------
 16hrs : 10min : 20.627s  -  2021/02/03    go 4 solving
 ---------------------------------------------------------------
 16hrs : 10min : 20.731s  -  2021/02/03    current simulation time:   1.0000000000000000 total iteration count:                    2
 ---------------------------------------------------------------
 16hrs : 11min : 51.044s  -  2021/02/03    making output files for observation time
 ---------------------------------------------------------------
 16hrs : 12min : 51.628s  -  2021/02/03    making output files for observation time
 ---------------------------------------------------------------
 16hrs : 13min : 26.298s  -  2021/02/03    making output files for observation time
 ---------------------------------------------------------------
 16hrs : 14min : 18.138s  -  2021/02/03    making output files for observation time
 ---------------------------------------------------------------
 16hrs : 16min : 07.318s  -  2021/02/03    making output files for observation time
 ---------------------------------------------------------------
 16hrs : 16min : 07.444s  -  2021/02/03    # real elapsed CPU time =   5.7840000000000149 min
 ---------------------------------------------------------------
 16hrs : 16min : 07.450s  -  2021/02/03    minimal adjusted time step was  0.29763374886063571
 ---------------------------------------------------------------
 16hrs : 16min : 07.451s  -  2021/02/03    F I N I S H E D !!!!!
 ---------------------------------------------------------------
 16hrs : 16min : 07.488s  -  2021/02/03    Peak RAM  consumption on image                    1 was:                    0 kB
