 #              _____________________  _______________________             #
 #              ___  __ \__  __ \_  / / /_  /___  ____/_  ___/             #
 #              __  / / /_  /_/ /  / / /_  __/_  __/  _____ \              #
 #              _  /_/ /_  _, _// /_/ / / /_ _  /___  ____/ /              #
 #              /_____/ /_/ |_| \____/  \__/ /_____/  /____/               #
 #                                                                         #
  
 DRUtES is initializing, reading input files
 ---------------------------------------------------------------
 14hrs : 06min : 59.997s  -  2021/03/01    total number of parallel images is:                    1
 ---------------------------------------------------------------
 14hrs : 06min : 59.998s  -  2021/03/01    reading input files and allocating...
 ---------------------------------------------------------------
 14hrs : 07min : 00.000s  -  2021/03/01    number of nodes:                   61 number of elements:                   60
 ---------------------------------------------------------------
 14hrs : 07min : 00.005s  -  2021/03/01    analyzing mesh structure...
 ---------------------------------------------------------------
 14hrs : 07min : 00.011s  -  2021/03/01    DRUtES solves coupled water and heat flow considering freezing and melting
 ---------------------------------------------------------------
 14hrs : 07min : 00.012s  -  2021/03/01    making output files for observation time
 ---------------------------------------------------------------
 14hrs : 07min : 00.060s  -  2021/03/01    go 4 solving
 ---------------------------------------------------------------
 14hrs : 07min : 00.136s  -  2021/03/01    current simulation time:   1.0000000000000000 total iteration count:                    1
 ---------------------------------------------------------------
 14hrs : 07min : 36.796s  -  2021/03/01    making output files for observation time
 ---------------------------------------------------------------
 14hrs : 07min : 59.666s  -  2021/03/01    making output files for observation time
 ---------------------------------------------------------------
 14hrs : 08min : 13.297s  -  2021/03/01    making output files for observation time
 ---------------------------------------------------------------
 14hrs : 08min : 38.545s  -  2021/03/01    making output files for observation time
 ---------------------------------------------------------------
 14hrs : 10min : 30.301s  -  2021/03/01    making output files for observation time
 ---------------------------------------------------------------
 14hrs : 10min : 30.467s  -  2021/03/01    # real elapsed CPU time =   3.5003333333336437 min
 ---------------------------------------------------------------
 14hrs : 10min : 30.473s  -  2021/03/01    minimal adjusted time step was   1.0000000000000000
 ---------------------------------------------------------------
 14hrs : 10min : 30.473s  -  2021/03/01    F I N I S H E D !!!!!
 ---------------------------------------------------------------
 14hrs : 10min : 30.501s  -  2021/03/01    Peak RAM  consumption on image                    1 was:                    0 kB
