 #              _____________________  _______________________             #
 #              ___  __ \__  __ \_  / / /_  /___  ____/_  ___/             #
 #              __  / / /_  /_/ /  / / /_  __/_  __/  _____ \              #
 #              _  /_/ /_  _, _// /_/ / / /_ _  /___  ____/ /              #
 #              /_____/ /_/ |_| \____/  \__/ /_____/  /____/               #
 #                                                                         #
  
 DRUtES is initializing, reading input files
 ---------------------------------------------------------------
 17hrs : 37min : 01.473s  -  2021/03/01    total number of parallel images is:                    1
 ---------------------------------------------------------------
 17hrs : 37min : 01.473s  -  2021/03/01    reading input files and allocating...
 ---------------------------------------------------------------
 17hrs : 37min : 01.475s  -  2021/03/01    number of nodes:                   61 number of elements:                   60
 ---------------------------------------------------------------
 17hrs : 37min : 01.480s  -  2021/03/01    analyzing mesh structure...
 ---------------------------------------------------------------
 17hrs : 37min : 01.489s  -  2021/03/01    DRUtES solves coupled water and heat flow considering freezing and melting
 ---------------------------------------------------------------
 17hrs : 37min : 01.489s  -  2021/03/01    making output files for observation time
 ---------------------------------------------------------------
 17hrs : 37min : 01.506s  -  2021/03/01    go 4 solving
 ---------------------------------------------------------------
 17hrs : 37min : 01.580s  -  2021/03/01    current simulation time:   1.0000000000000000 total iteration count:                    2
 ---------------------------------------------------------------
 17hrs : 37min : 43.305s  -  2021/03/01    making output files for observation time
 ---------------------------------------------------------------
 17hrs : 42min : 26.004s  -  2021/03/01    making output files for observation time
 ---------------------------------------------------------------
 17hrs : 50min : 37.197s  -  2021/03/01    making output files for observation time
 ---------------------------------------------------------------
 17hrs : 52min : 46.310s  -  2021/03/01    current simulation time:   47532.852904896587 total iteration count:                 2874
 ---------------------------------------------------------------
 18hrs : 08min : 14.723s  -  2021/03/01    current simulation time:   77252.852904896587 total iteration count:                 4360
 ---------------------------------------------------------------
 18hrs : 13min : 33.141s  -  2021/03/01    making output files for observation time
 ---------------------------------------------------------------
 18hrs : 13min : 33.266s  -  2021/03/01    making output files for observation time
 ---------------------------------------------------------------
 18hrs : 13min : 33.439s  -  2021/03/01    # real elapsed CPU time =   36.503666666668138 min
 ---------------------------------------------------------------
 18hrs : 13min : 33.445s  -  2021/03/01    minimal adjusted time step was   1.0000000000000000
 ---------------------------------------------------------------
 18hrs : 13min : 33.446s  -  2021/03/01    F I N I S H E D !!!!!
 ---------------------------------------------------------------
 18hrs : 13min : 33.534s  -  2021/03/01    Peak RAM  consumption on image                    1 was:                    0 kB
