 #              _____________________  _______________________             #
 #              ___  __ \__  __ \_  / / /_  /___  ____/_  ___/             #
 #              __  / / /_  /_/ /  / / /_  __/_  __/  _____ \              #
 #              _  /_/ /_  _, _// /_/ / / /_ _  /___  ____/ /              #
 #              /_____/ /_/ |_| \____/  \__/ /_____/  /____/               #
 #                                                                         #
  
 DRUtES is initializing, reading input files
 ---------------------------------------------------------------
 16hrs : 56min : 12.094s  -  2021/03/18    total number of parallel images is:                    1
 ---------------------------------------------------------------
 16hrs : 56min : 12.096s  -  2021/03/18    reading input files and allocating...
 ---------------------------------------------------------------
 16hrs : 56min : 12.099s  -  2021/03/18    number of nodes:                   61 number of elements:                   60
 ---------------------------------------------------------------
 16hrs : 56min : 12.102s  -  2021/03/18    analyzing mesh structure...
 ---------------------------------------------------------------
 16hrs : 56min : 12.110s  -  2021/03/18    DRUtES solves coupled water and heat flow considering freezing and melting
 ---------------------------------------------------------------
 16hrs : 56min : 12.110s  -  2021/03/18    making output files for observation time
 ---------------------------------------------------------------
 16hrs : 56min : 12.129s  -  2021/03/18    go 4 solving
 ---------------------------------------------------------------
 16hrs : 56min : 12.218s  -  2021/03/18    current simulation time:   1.0000000000000000 total iteration count:                    2
 ---------------------------------------------------------------
 16hrs : 57min : 38.114s  -  2021/03/18    making output files for observation time
 ---------------------------------------------------------------
 16hrs : 58min : 44.400s  -  2021/03/18    making output files for observation time
 ---------------------------------------------------------------
 16hrs : 59min : 30.952s  -  2021/03/18    making output files for observation time
 ---------------------------------------------------------------
 17hrs : 01min : 16.107s  -  2021/03/18    making output files for observation time
 ---------------------------------------------------------------
 17hrs : 01min : 16.179s  -  2021/03/18    making output files for observation time
 ---------------------------------------------------------------
 17hrs : 01min : 16.424s  -  2021/03/18    # real elapsed CPU time =   5.0838333333333141 min
 ---------------------------------------------------------------
 17hrs : 01min : 16.432s  -  2021/03/18    minimal adjusted time step was   1.0000000000000000
 ---------------------------------------------------------------
 17hrs : 01min : 16.432s  -  2021/03/18    F I N I S H E D !!!!!
 ---------------------------------------------------------------
 17hrs : 01min : 16.466s  -  2021/03/18    Peak RAM  consumption on image                    1 was:                    0 kB
