 #              _____________________  _______________________             #
 #              ___  __ \__  __ \_  / / /_  /___  ____/_  ___/             #
 #              __  / / /_  /_/ /  / / /_  __/_  __/  _____ \              #
 #              _  /_/ /_  _, _// /_/ / / /_ _  /___  ____/ /              #
 #              /_____/ /_/ |_| \____/  \__/ /_____/  /____/               #
 #                                                                         #
  
 DRUtES is initializing, reading input files
 ---------------------------------------------------------------
 17hrs : 42min : 04.902s  -  2020/12/10    total number of parallel images is:                    1
 ---------------------------------------------------------------
 17hrs : 42min : 04.903s  -  2020/12/10    reading input files and allocating...
 ---------------------------------------------------------------
 17hrs : 42min : 04.906s  -  2020/12/10    number of nodes:                   61 number of elements:                   60
 ---------------------------------------------------------------
 17hrs : 42min : 04.910s  -  2020/12/10    analyzing mesh structure...
 ---------------------------------------------------------------
 17hrs : 42min : 04.920s  -  2020/12/10    DRUtES solves coupled water and heat flow considering freezing and melting
 ---------------------------------------------------------------
 17hrs : 42min : 04.921s  -  2020/12/10    making output files for observation time
 ---------------------------------------------------------------
 17hrs : 42min : 04.939s  -  2020/12/10    go 4 solving
 ---------------------------------------------------------------
 17hrs : 42min : 05.035s  -  2020/12/10    current simulation time:   1.0000000000000000 total iteration count:                    2
 ---------------------------------------------------------------
 17hrs : 43min : 10.228s  -  2020/12/10    making output files for observation time
 ---------------------------------------------------------------
 17hrs : 44min : 07.953s  -  2020/12/10    making output files for observation time
 ---------------------------------------------------------------
 17hrs : 44min : 39.439s  -  2020/12/10    making output files for observation time
 ---------------------------------------------------------------
 17hrs : 45min : 28.525s  -  2020/12/10    making output files for observation time
 ---------------------------------------------------------------
 17hrs : 47min : 54.028s  -  2020/12/10    making output files for observation time
 ---------------------------------------------------------------
 17hrs : 47min : 54.148s  -  2020/12/10    # real elapsed CPU time =   5.8171666666671324 min
 ---------------------------------------------------------------
 17hrs : 47min : 54.153s  -  2020/12/10    minimal adjusted time step was  0.70251793053261058
 ---------------------------------------------------------------
 17hrs : 47min : 54.153s  -  2020/12/10    F I N I S H E D !!!!!
 ---------------------------------------------------------------
 17hrs : 47min : 54.177s  -  2020/12/10    Peak RAM  consumption on image                    1 was:                    0 kB
