 #              _____________________  _______________________             #
 #              ___  __ \__  __ \_  / / /_  /___  ____/_  ___/             #
 #              __  / / /_  /_/ /  / / /_  __/_  __/  _____ \              #
 #              _  /_/ /_  _, _// /_/ / / /_ _  /___  ____/ /              #
 #              /_____/ /_/ |_| \____/  \__/ /_____/  /____/               #
 #                                                                         #
  
 DRUtES is initializing, reading input files
 ---------------------------------------------------------------
 16hrs : 07min : 30.586s  -  2021/02/04    total number of parallel images is:                    1
 ---------------------------------------------------------------
 16hrs : 07min : 30.587s  -  2021/02/04    reading input files and allocating...
 ---------------------------------------------------------------
 16hrs : 07min : 30.589s  -  2021/02/04    number of nodes:                   61 number of elements:                   60
 ---------------------------------------------------------------
 16hrs : 07min : 30.595s  -  2021/02/04    analyzing mesh structure...
 ---------------------------------------------------------------
 16hrs : 07min : 30.602s  -  2021/02/04    DRUtES solves coupled water and heat flow considering freezing and melting
 ---------------------------------------------------------------
 16hrs : 07min : 30.603s  -  2021/02/04    making output files for observation time
 ---------------------------------------------------------------
 16hrs : 07min : 30.624s  -  2021/02/04    go 4 solving
 ---------------------------------------------------------------
 16hrs : 07min : 30.755s  -  2021/02/04    current simulation time:   1.0000000000000000 total iteration count:                    2
 ---------------------------------------------------------------
 16hrs : 07min : 52.661s  -  2021/02/04    making output files for observation time
 ---------------------------------------------------------------
 16hrs : 08min : 15.703s  -  2021/02/04    making output files for observation time
 ---------------------------------------------------------------
 16hrs : 08min : 33.975s  -  2021/02/04    making output files for observation time
 ---------------------------------------------------------------
 16hrs : 09min : 11.407s  -  2021/02/04    making output files for observation time
 ---------------------------------------------------------------
 16hrs : 10min : 40.363s  -  2021/02/04    making output files for observation time
 ---------------------------------------------------------------
 16hrs : 10min : 40.475s  -  2021/02/04    # real elapsed CPU time =   3.1668333333332459 min
 ---------------------------------------------------------------
 16hrs : 10min : 40.479s  -  2021/02/04    minimal adjusted time step was  0.91011600000000015
 ---------------------------------------------------------------
 16hrs : 10min : 40.480s  -  2021/02/04    F I N I S H E D !!!!!
 ---------------------------------------------------------------
 16hrs : 10min : 40.504s  -  2021/02/04    Peak RAM  consumption on image                    1 was:                    0 kB
