 #              _____________________  _______________________             #
 #              ___  __ \__  __ \_  / / /_  /___  ____/_  ___/             #
 #              __  / / /_  /_/ /  / / /_  __/_  __/  _____ \              #
 #              _  /_/ /_  _, _// /_/ / / /_ _  /___  ____/ /              #
 #              /_____/ /_/ |_| \____/  \__/ /_____/  /____/               #
 #                                                                         #
  
 DRUtES is initializing, reading input files
 ---------------------------------------------------------------
 15hrs : 25min : 09.989s  -  2021/01/04    total number of parallel images is:                    1
 ---------------------------------------------------------------
 15hrs : 25min : 09.990s  -  2021/01/04    reading input files and allocating...
 ---------------------------------------------------------------
 15hrs : 25min : 09.992s  -  2021/01/04    number of nodes:                   61 number of elements:                   60
 ---------------------------------------------------------------
 15hrs : 25min : 09.995s  -  2021/01/04    analyzing mesh structure...
 ---------------------------------------------------------------
 15hrs : 25min : 10.004s  -  2021/01/04    DRUtES solves coupled water and heat flow considering freezing and melting
 ---------------------------------------------------------------
 15hrs : 25min : 10.004s  -  2021/01/04    making output files for observation time
 ---------------------------------------------------------------
 15hrs : 25min : 10.023s  -  2021/01/04    go 4 solving
 ---------------------------------------------------------------
 15hrs : 25min : 10.114s  -  2021/01/04    current simulation time:   1.0000000000000000 total iteration count:                    2
 ---------------------------------------------------------------
 15hrs : 25min : 52.020s  -  2021/01/04    making output files for observation time
 ---------------------------------------------------------------
 15hrs : 26min : 50.872s  -  2021/01/04    making output files for observation time
 ---------------------------------------------------------------
 15hrs : 27min : 57.422s  -  2021/01/04    making output files for observation time
 ---------------------------------------------------------------
 15hrs : 31min : 22.989s  -  2021/01/04    making output files for observation time
 ---------------------------------------------------------------
 15hrs : 31min : 23.019s  -  2021/01/04    making output files for observation time
 ---------------------------------------------------------------
 15hrs : 31min : 23.138s  -  2021/01/04    # real elapsed CPU time =   6.2173333333333254 min
 ---------------------------------------------------------------
 15hrs : 31min : 23.144s  -  2021/01/04    minimal adjusted time step was  0.91011600000000015
 ---------------------------------------------------------------
 15hrs : 31min : 23.144s  -  2021/01/04    F I N I S H E D !!!!!
 ---------------------------------------------------------------
 15hrs : 31min : 23.167s  -  2021/01/04    Peak RAM  consumption on image                    1 was:                    0 kB
