                  121                  121                  550
                    1                    1  -1.7027646201451356E-003
                    1                    2   3.4557862507004981E-022
                    1                   62  -1.6381561669525979E-009
                    1                   63   4.5894194798887742E-020
                    2                    1   3.4557862507004981E-022
                    2                    2  -3.4002810777179447E-003
                    2                    3   6.1149392560380365E-022
                    2                   62   4.5894194798887742E-020
                    2                   63  -3.8366568160738519E-009
                    2                   64   8.0722146804102820E-020
                    3                    2   6.1149392560380365E-022
                    3                    3  -3.3793868514350586E-003
                    3                    4   1.1620889047043188E-021
                    3                   63   8.0722146804102820E-020
                    3                   64  -4.9504761857701865E-009
                    3                   65   1.5244913500416199E-019
                    4                    3   1.1620889047043188E-021
                    4                    4  -3.3690289914587207E-003
                    4                    5   2.4236114404895602E-021
                    4                   64   1.5244913500416199E-019
                    4                   65  -6.6231802729500231E-009
                    4                   66   3.1588357034290647E-019
                    5                    4   2.4236114404895602E-021
                    5                    5  -3.3670676494794603E-003
                    5                    6   5.7186366446701909E-021
                    5                   65   3.1588357034290647E-019
                    5                   66  -9.2937686094538731E-009
                    5                   67   7.4034855820551490E-019
                    6                    5   5.7186366446701909E-021
                    6                    6  -3.4056553953551076E-003
                    6                    7   1.6100857010367584E-020
                    6                   66   7.4034855820551490E-019
                    6                   67  -1.3920786945653322E-008
                    6                   68   2.0700065970393747E-018
                    7                    6   1.6100857010367584E-020
                    7                    7  -3.3983044492630478E-003
                    7                    8   6.0279914020928525E-020
                    7                   67   2.0700065970393747E-018
                    7                   68  -2.3026980562851923E-008
                    7                   69   7.6939343107979007E-018
                    8                    7   6.0279914020928525E-020
                    8                    8  -3.4089908007993311E-003
                    8                    9   3.8474618219855668E-019
                    8                   68   7.6939343107979007E-018
                    8                   69  -4.5253430598649323E-008
                    8                   70   4.8734668155550096E-017
                    9                    8   3.8474618219855668E-019
                    9                    9  -3.4128727756701674E-003
                    9                   10   1.0563808041395142E-017
                    9                   69   4.8734668155550096E-017
                    9                   70  -1.3147803471831043E-007
                    9                   71   1.3262094273443256E-015
                   10                    9   1.0563808041395142E-017
                   10                   10  -3.3428575522997011E-003
                   10                   11   2.2100186678525940E-010
                   10                   70   1.3262094273443256E-015
                   10                   71  -5.6602195911454398E-006
                   10                   72   3.6724040973264972E-009
                   11                   10   2.2100186678525940E-010
                   11                   11  -3.1427110241124406E-003
                   11                   12   2.7973213561471362E-006
                   11                   71   3.6724040973264972E-009
                   11                   72  -1.0692943033167488E-004
                   11                   73   1.7608927071903858E-007
                   12                   11   2.7973213561471362E-006
                   12                   12  -3.1910523580616921E-003
                   12                   13   3.7047871599311003E-006
                   12                   72   1.7608927071903858E-007
                   12                   73  -9.6514789775841047E-006
                   12                   74   6.4642773949435648E-009
                   13                   12   3.7047871599311003E-006
                   13                   13  -3.1872313751282397E-003
                   13                   14   3.7752260489926526E-006
                   13                   73   6.4642773949435648E-009
                   13                   74  -1.3115138262477443E-008
                   13                   75   6.6508608675338779E-009
                   14                   13   3.7752260489926526E-006
                   14                   14  -3.1909880653832093E-003
                   14                   15   3.8144443399335860E-006
                   14                   74   6.6508608675338779E-009
                   14                   75  -1.3446626468597282E-008
                   14                   76   6.7957656010634034E-009
                   15                   14   3.8144443399335860E-006
                   15                   15  -3.1911294280235810E-003
                   15                   16   3.8518513073912216E-006
                   15                   75   6.7957656010634034E-009
                   15                   76  -1.3732795104579170E-008
                   15                   77   6.9370295035157672E-009
                   16                   15   3.8518513073912216E-006
                   16                   16  -3.1911948922595905E-003
                   16                   17   3.8879951557580066E-006
                   16                   76   6.9370295035157672E-009
                   16                   77  -1.4012044773073796E-008
                   16                   78   7.0750152695580292E-009
                   17                   16   3.8879951557580066E-006
                   17                   17  -3.1912584301201545E-003
                   17                   18   3.9227900142203382E-006
                   17                   77   7.0750152695580292E-009
                   17                   78  -1.4284228490844162E-008
                   17                   79   7.2092132212861327E-009
                   18                   17   3.9227900142203382E-006
                   18                   18  -3.1913209407838147E-003
                   18                   19   3.9561351736612902E-006
                   18                   78   7.2092132212861327E-009
                   18                   79  -1.4548288478576459E-008
                   18                   80   7.3390752572903270E-009
                   19                   18   3.9561351736612902E-006
                   19                   19  -3.1913820140905252E-003
                   19                   20   3.9879312138701002E-006
                   19                   79   7.3390752572903270E-009
                   19                   80  -1.4803125444587047E-008
                   19                   81   7.4640501872967203E-009
                   20                   19   3.9879312138701002E-006
                   20                   20  -3.1914412424363754E-003
                   20                   21   4.0180833199918492E-006
                   20                   80   7.4640501872967203E-009
                   20                   81  -1.5047648449750812E-008
                   20                   82   7.5835982624540913E-009
                   21                   20   4.0180833199918492E-006
                   21                   21  -3.1914982501473864E-003
                   21                   22   4.0465030658383514E-006
                   21                   81   7.5835982624540913E-009
                   21                   82  -1.5280799098218710E-008
                   21                   83   7.6972008357646184E-009
                   22                   21   4.0465030658383514E-006
                   22                   22  -3.1915526943612441E-003
                   22                   23   4.0731093434426049E-006
                   22                   82   7.6972008357646184E-009
                   22                   83  -1.5501567720636527E-008
                   22                   84   7.8043668848719099E-009
                   23                   22   4.0731093434426049E-006
                   23                   23  -3.1916042642979063E-003
                   23                   24   4.0978287901683347E-006
                   23                   83   7.8043668848719099E-009
                   23                   84  -1.5709004437217489E-008
                   23                   85   7.9046375523455796E-009
                   24                   23   4.0978287901683347E-006
                   24                   24  -3.1916526800693690E-003
                   24                   25   4.1205959566083163E-006
                   24                   84   7.9046375523455796E-009
                   24                   85  -1.5902227096304088E-008
                   24                   86   7.9975895439585099E-009
                   25                   24   4.1205959566083163E-006
                   25                   25  -3.1916976914263683E-003
                   25                   26   4.1413533677654846E-006
                   25                   85   7.9975895439585099E-009
                   25                   86  -1.6080427470579387E-008
                   25                   87   8.0828379266208790E-009
                   26                   25   4.1413533677654846E-006
                   26                   26  -3.1917390766624922E-003
                   26                   27   4.1600515586659238E-006
                   26                   86   8.0828379266208790E-009
                   26                   87  -1.6242876541993085E-008
                   26                   88   8.1600386153722077E-009
                   27                   26   4.1600515586659238E-006
                   27                   27  -3.1917766417676238E-003
                   27                   28   4.1766491160449697E-006
                   27                   87   8.1600386153722077E-009
                   27                   88  -1.6388929269576424E-008
                   27                   89   8.2288906542042161E-009
                   28                   27   4.1766491160449697E-006
                   28                   28  -3.1918102198386449E-003
                   28                   29   4.1911127282756635E-006
                   28                   88   8.2288906542042161E-009
                   28                   89  -1.6518028935062479E-008
                   28                   90   8.2891382808582648E-009
                   29                   28   4.1911127282756635E-006
                   29                   29  -3.1918396707109028E-003
                   29                   30   4.2034172317989704E-006
                   29                   89   8.2891382808582648E-009
                   29                   90  -1.6629710990871451E-008
                   29                   91   8.3405727100131862E-009
                   30                   29   4.2034172317989704E-006
                   30                   30  -3.1918648807594315E-003
                   30                   31   4.2135456387586588E-006
                   30                   90   8.3405727100131862E-009
                   30                   91  -1.6723606265450363E-008
                   30                   92   8.3830335554371769E-009
                   31                   30   4.2135456387586588E-006
                   31                   31  -3.1918857628226750E-003
                   31                   32   4.2214891327106150E-006
                   31                   91   8.3830335554371769E-009
                   31                   92  -1.6799443378187581E-008
                   31                   93   8.4164098227504056E-009
                   32                   31   4.2214891327106150E-006
                   32                   32  -3.1919022562055970E-003
                   32                   33   4.2272470237142537E-006
                   32                   92   8.4164098227504056E-009
                   32                   93  -1.6857050249565108E-008
                   32                   94   8.4406404268147045E-009
                   33                   32   4.2272470237142537E-006
                   33                   33  -3.1919143267126601E-003
                   33                   34   4.2308266587887538E-006
                   33                   93   8.4406404268147045E-009
                   33                   94  -1.6896354639282389E-008
                   33                   95   8.4557142124676844E-009
                   34                   33   4.2308266587887538E-006
                   34                   34  -3.1919219666930870E-003
                   34                   35   4.2322432877869198E-006
                   34                   94   8.4557142124676844E-009
                   34                   95  -1.6917383692083038E-008
                   34                   96   8.4616694796153535E-009
                   35                   34   4.2322432877869198E-006
                   35                   35  -3.1919251951485154E-003
                   35                   36   4.2315198875318586E-006
                   35                   95   8.4616694796153535E-009
                   35                   96  -1.6920262511097834E-008
                   35                   97   8.4585930314824817E-009
                   36                   35   4.2315198875318586E-006
                   36                   36  -3.1919240578993468E-003
                   36                   37   4.2286869482057032E-006
                   36                   96   8.4585930314824817E-009
                   36                   97  -1.6905211807119679E-008
                   36                   98   8.4466187756371970E-009
                   37                   36   4.2286869482057032E-006
                   37                   37  -3.1919186278062954E-003
                   37                   38   4.2237822259081238E-006
                   37                   97   8.4466187756371970E-009
                   37                   98  -1.6872544688206489E-008
                   37                   99   8.4259259125692940E-009
                   38                   37   4.2237822259081238E-006
                   38                   38  -3.1919090049926891E-003
                   38                   39   4.2168504663222799E-006
                   38                   98   8.4259259125692940E-009
                   38                   99  -1.6822662667623646E-008
                   38                  100   8.3967367550543518E-009
                   39                   38   4.2168504663222799E-006
                   39                   39  -3.1918953171161031E-003
                   39                   40   4.2079431043908173E-006
                   39                   99   8.3967367550543518E-009
                   39                  100  -1.6756050979293705E-008
                   39                  101   8.3593142242393548E-009
                   40                   39   4.2079431043908173E-006
                   40                   40  -3.1918777197413178E-003
                   40                   41   4.1971179435448679E-006
                   40                  100   8.3593142242393548E-009
                   40                  101  -1.6673273289991766E-008
                   40                  102   8.3139590657524126E-009
                   41                   40   4.1971179435448679E-006
                   41                   41  -3.1918563968470213E-003
                   41                   42   4.1844388177863937E-006
                   41                  101   8.3139590657524126E-009
                   41                  102  -1.6574965895924099E-008
                   41                  103   8.2610068301716850E-009
                   42                   41   4.1844388177863937E-006
                   42                   42  -3.1918315615230295E-003
                   42                   43   4.1699752395525750E-006
                   42                  102   8.2610068301716850E-009
                   42                  103  -1.6461831491911811E-008
                   42                  104   8.2008246617401261E-009
                   43                   42   4.1699752395525750E-006
                   43                   43  -3.1918034569463293E-003
                   43                   44   4.1538020360144370E-006
                   43                  103   8.2008246617401261E-009
                   43                  104  -1.6334632600266053E-008
                   43                  105   8.1338079385259290E-009
                   44                   43   4.1538020360144370E-006
                   44                   44  -3.1917723577662921E-003
                   44                   45   4.1359989763402916E-006
                   44                  104   8.1338079385259290E-009
                   44                  105  -1.6194184744997689E-008
                   44                  106   8.0603768064717602E-009
                   45                   44   4.1359989763402916E-006
                   45                   45  -3.1917385720935439E-003
                   45                   46   4.1166503925113991E-006
                   45                  105   8.0603768064717602E-009
                   45                  106  -1.6041349455460329E-008
                   45                  107   7.9809726489885707E-009
                   46                   45   4.1166503925113991E-006
                   46                   46  -3.1917024443896616E-003
                   46                   47   4.0958447965685439E-006
                   46                  106   7.9809726489885707E-009
                   46                  107  -1.5877027181983526E-008
                   46                  108   7.8960545329949550E-009
                   47                   46   4.0958447965685439E-006
                   47                   47  -3.1916643597277522E-003
                   47                   48   4.0736744977891795E-006
                   47                  107   7.8960545329949550E-009
                   47                  108  -1.5702150204670899E-008
                   47                  109   7.8060956716759425E-009
                   48                   47   4.0736744977891795E-006
                   48                   48  -3.1916247501936551E-003
                   48                   49   4.0502352244578515E-006
                   48                  108   7.8060956716759425E-009
                   48                  109  -1.5517675615673070E-008
                   48                  110   7.7115799439971262E-009
                   49                   48   4.0502352244578515E-006
                   49                   49  -3.1915841047301038E-003
                   49                   50   4.0256257569943717E-006
                   49                  109   7.7115799439971262E-009
                   49                  110  -1.5324578455656964E-008
                   49                  111   7.6129985116598366E-009
                   50                   49   4.0256257569943717E-006
                   50                   50  -3.1915429846859429E-003
                   50                   51   3.9999475829821699E-006
                   50                  110   7.6129985116598366E-009
                   50                  111  -1.5123845088326065E-008
                   50                  112   7.5108465766662268E-009
                   51                   50   3.9999475829821699E-006
                   51                   51  -3.1915020490803489E-003
                   51                   52   3.9733045915058353E-006
                   51                  111   7.5108465766662268E-009
                   51                  112  -1.4916466905447703E-008
                   51                  113   7.4056203287814781E-009
                   52                   51   3.9733045915058353E-006
                   52                   52  -3.1914620969614150E-003
                   52                   53   3.9458028381597800E-006
                   52                  112   7.4056203287814781E-009
                   52                  113  -1.4703434475932345E-008
                   52                  114   7.2978141471508671E-009
                   53                   52   3.9458028381597800E-006
                   53                   53  -3.1914241427297629E-003
                   53                   54   3.9175504546465780E-006
                   53                  113   7.2978141471508671E-009
                   53                  114  -1.4485732320081762E-008
                   53                  115   7.1879181729308949E-009
                   54                   53   3.9175504546465780E-006
                   54                   54  -3.1913895787599607E-003
                   54                   55   3.8886580167824533E-006
                   54                  114   7.1879181729308949E-009
                   54                  115  -1.4264334859572838E-008
                   54                  116   7.0764166866419435E-009
                   55                   54   3.8886580167824533E-006
                   55                   55  -3.1913607511182538E-003
                   55                   56   3.8592415034973698E-006
                   55                  115   7.0764166866419435E-009
                   55                  116  -1.4040206834922106E-008
                   55                  117   6.9637901482801629E-009
                   56                   55   3.8592415034973698E-006
                   56                   56  -3.1913443009252865E-003
                   56                   57   3.8294432998763663E-006
                   56                  116   6.9637901482801629E-009
                   56                  117  -1.3814331541699318E-008
                   56                  118   6.8505413934191552E-009
                   57                   56   3.8294432998763663E-006
                   57                   57  -3.1913725551049078E-003
                   57                   58   3.7995661094129203E-006
                   57                  117   6.8505413934191552E-009
                   57                  118  -1.3587911831118764E-008
                   57                  119   6.7373704376996076E-009
                   58                   57   3.7995661094129203E-006
                   58                   58  -3.1916187381004486E-003
                   58                   59   3.7707371816530529E-006
                   58                  118   6.7373704376996076E-009
                   58                  119  -1.3363408149914161E-008
                   58                  120   6.6260377122145531E-009
                   59                   58   3.7707371816530529E-006
                   59                   59  -3.1928287878335449E-003
                   59                   60   3.7469706690042170E-006
                   59                  119   6.6260377122145531E-009
                   59                  120  -1.3148039658675707E-008
                   59                  121   6.5220019464611536E-009
                   60                   59   3.7469706690042170E-006
                   60                   60  -3.1970259132412201E-003
                   60                   61   3.7362240841940002E-006
                   60                  120   6.5220019464611536E-009
                   60                  121  -1.2957602396454833E-008
                   61                   60   3.7362240841940002E-006
                   61                   61  -1.6012468262987668E-003
                   61                  121   6.4356004499936792E-009
                   62                    1   622.10276251102323     
                   62                   62  -12195.717115845200     
                   62                   63   8233.3071698712702     
                   63                    2   1442.1262868641197     
                   63                   62   8233.3071698712702     
                   63                   63  -24371.842334124318     
                   63                   64   8213.1986377231951     
                   64                    3   1828.4732669304644     
                   64                   63   8213.1986377231951     
                   64                   64  -24327.700569554254     
                   64                   65   8191.3533373295313     
                   65                    4   2392.3382036838257     
                   65                   64   8191.3533373295313     
                   65                   65  -24293.720680025450     
                   65                   66   8176.3611468778881     
                   66                    5   3258.9496522932150     
                   66                   65   8176.3611468778881     
                   66                   66  -24321.693477894627     
                   66                   67   8210.5582580364444     
                   67                    6   4682.4504276989665     
                   67                   66   8210.5582580364426     
                   67                   67  -24407.728422879256     
                   67                   68   8234.8374204293450     
                   68                    7   7266.9287727945102     
                   68                   67   8234.8374204293395     
                   68                   68  -24453.269651425686     
                   68                   69   8227.0047731678351     
                   69                    8   12756.315403330160     
                   69                   68   8227.0047731678114     
                   69                   69  -24540.340162348981     
                   69                   70   8242.8084537407831     
                   70                    9   28169.983998249074     
                   70                   69   8242.8084537406394     
                   70                   70  -24840.531603466501     
                   70                   71   8232.9552619936712     
                   71                   10   126535.07312154846     
                   71                   70   8232.9552619896040     
                   71                   71  -43065.674989750551     
                   71                   72   7801.4296847514715     
                   72                   11   766454.68088091991     
                   72                   71   7801.4178868445897     
                   72                   72  -383591.00585428486     
                   72                   73   6431.1430549020415     
                   73                   12   64260.514432533251     
                   73                   72   6430.9019710303692     
                   73                   73  -54611.673405999696     
                   73                   74   6354.9624742213391     
                   74                   73   6354.9497001336613     
                   74                   74  -22575.155903843417     
                   74                   75   6359.6679775284820     
                   75                   74   6359.6629443426173     
                   75                   75  -22582.392202060575     
                   75                   76   6359.7612826163659     
                   76                   75   6359.7564323476727     
                   76                   76  -22582.584370757540     
                   76                   77   6359.7581511309272     
                   77                   76   6359.7533376821302     
                   77                   77  -22582.623521590278     
                   77                   78   6359.7541965766623     
                   78                   77   6359.7494395268268     
                   78                   78  -22582.655253162106     
                   78                   79   6359.7510259739856     
                   79                   78   6359.7463499130363     
                   79                   79  -22582.682456016111     
                   79                   80   6359.7485576326480     
                   80                   79   6359.7439883645256     
                   80                   80  -22582.705475986659     
                   80                   81   6359.7466878736177     
                   81                   80   6359.7422516778915     
                   81                   81  -22582.724650936419     
                   81                   82   6359.7453240269224     
                   82                   81   6359.7410471272406     
                   82                   82  -22582.740352696623     
                   82                   83   6359.7443837368137     
                   83                   82   6359.7402918797770     
                   83                   83  -22582.752976049058     
                   83                   84   6359.7437937561490     
                   84                   83   6359.7399118656358     
                   84                   84  -22582.762926826435     
                   84                   85   6359.7434889393080     
                   85                   84   6359.7398408188401     
                   85                   85  -22582.770610965978     
                   85                   86   6359.7434114230036     
                   86                   85   6359.7400194870843     
                   86                   86  -22582.776424851436     
                   86                   87   6359.7435099698396     
                   87                   86   6359.7403949936279     
                   87                   87  -22582.780747019289     
                   87                   88   6359.7437394486888     
                   88                   87   6359.7409203327061     
                   88                   88  -22582.783931186757     
                   88                   89   6359.7440604276617     
                   89                   88   6359.7415539792419     
                   89                   89  -22582.786300519350     
                   89                   90   6359.7444388606191     
                   90                   89   6359.7422595967992     
                   90                   90  -22582.788143058002     
                   90                   91   6359.7448458524404     
                   91                   90   6359.7430058299396     
                   91                   91  -22582.789708243872     
                   91                   92   6359.7452574940626     
                   92                   91   6359.7437661716722     
                   92                   92  -22582.791204499004     
                   92                   93   6359.7456547628926     
                   93                   92   6359.7445189004784     
                   93                   93  -22582.792797819748     
                   93                   94   6359.7460234772889     
                   94                   93   6359.7452470741428     
                   94                   94  -22582.794611319594     
                   94                   95   6359.7463542930163     
                   95                   94   6359.7459385667726     
                   95                   95  -22582.796725694745     
                   95                   96   6359.7466427577237     
                   96                   95   6359.7465861636083     
                   96                   96  -22582.800373800332     
                   96                   97   6359.7480825931971     
                   97                   96   6359.7483808822280     
                   97                   97  -22582.805755625075     
                   97                   98   6359.7496853654811     
                   98                   97   6359.7503316793482     
                   98                   98  -22582.811606244955     
                   98                   99   6359.7512260115773     
                   99                   98   6359.7522110113568     
                   99                   99  -22582.817614137653     
                   99                  100   6359.7527122221618     
                  100                   99   6359.7540242469713     
                  100                  100  -22582.823668675621     
                  100                  101   6359.7541585229765     
                  101                  100   6359.7557837746199     
                  101                  101  -22582.829639362179     
                  101                  102   6359.7555867990068     
                  102                  101   6359.7575095483389     
                  102                  102  -22582.835382156118     
                  102                  103   6359.7570268991922     
                  103                  102   6359.7592297097326     
                  103                  103  -22582.840746532573     
                  103                  104   6359.7585173521884     
                  104                  103   6359.7609813164299     
                  104                  104  -22582.845583355811     
                  104                  105   6359.7601062392723     
                  105                  104   6359.7628112231459     
                  105                  105  -22582.849753706287     
                  105                  106   6359.7618522950670     
                  106                  105   6359.7647771861202     
                  106                  106  -22582.853138904757     
                  106                  107   6359.7638263412700     
                  107                  106   6359.7669492962232     
                  107                  107  -22582.855652138063     
                  107                  108   6359.7661132207641     
                  108                  107   6359.7694119083435     
                  108                  108  -22582.857252363247     
                  108                  109   6359.7688144992999     
                  109                  108   6359.7722663344184     
                  109                  109  -22582.857961638576     
                  109                  110   6359.7720523813632     
                  110                  109   6359.7756347468812     
                  110                  110  -22582.857887869905     
                  110                  111   6359.7759756060859     
                  111                  110   6359.7796660585027     
                  111                  111  -22582.857256475480     
                  111                  112   6359.7807686681517     
                  112                  111   6359.7845451232870     
                  112                  112  -22582.856457233422     
                  112                  113   6359.7866667670860     
                  113                  112   6359.7905076612142     
                  113                  113  -22582.856117960226     
                  113                  114   6359.7939810482740     
                  114                  113   6359.7978654680619     
                  114                  114  -22582.857230752394     
                  114                  115   6359.8031451680417     
                  115                  114   6359.8070529343049     
                  115                  115  -22582.861423540191     
                  115                  116   6359.8148300678931     
                  116                  115   6359.8187417026802     
                  116                  116  -22582.871951398018     
                  116                  117   6359.8304454418976     
                  117                  116   6359.8343415142290     
                  117                  117  -22582.899558003392     
                  117                  118   6359.8553497282137     
                  118                  117   6359.8592059419252     
                  118                  118  -22582.999729580340     
                  118                  119   6359.9191563828144     
                  119                  118   6359.9229128404895     
                  119                  119  -22583.468471278331     
                  119                  120   6360.1772146840003     
                  120                  119   6360.1806312276158     
                  120                  120  -22585.539951099236     
                  120                  121   6361.2293940602067     
                  121                  120   6361.2316566700465     
                  121                  121  -22592.331319090026     
