                  121                  121                  589
                    1                    1  -1.7033637034898708E-003
                    1                    2   1.1312997631970935E-022
                    1                   62  -1.0632296335582947E-009
                    1                   63   1.5221310030696054E-020
                    2                    1   1.1312997631970935E-022
                    2                    2  -3.4016956584938542E-003
                    2                    3   1.2893999531380858E-022
                    2                   62   1.5221310030696054E-020
                    2                   63  -2.2042113177091955E-009
                    2                   64   1.7320861514604739E-020
                    3                    2   1.2893999531380858E-022
                    3                    3  -3.3810976888751865E-003
                    3                    4   1.4748259004878172E-022
                    3                   63   1.7320861514604739E-020
                    3                   64  -2.3283597842677013E-009
                    3                   65   1.9779734805145340E-020
                    4                    3   1.4748259004878172E-022
                    4                    4  -3.3710124452552299E-003
                    4                    5   1.6931702821310950E-022
                    4                   64   1.9779734805145340E-020
                    4                   65  -2.4634711687353472E-009
                    4                   66   2.2670899426422233E-020
                    5                    4   1.6931702821310950E-022
                    5                    5  -3.3693053100128188E-003
                    5                    6   1.9504649836073476E-022
                    5                   65   2.2670899426422233E-020
                    5                   66  -2.6106218995044601E-009
                    5                   67   2.6072803097491568E-020
                    6                    5   1.9504649836073476E-022
                    6                    6  -3.4081610729847422E-003
                    6                    7   2.2541587003706774E-022
                    6                   66   2.6072803097491568E-020
                    6                   67  -2.7706050061352721E-009
                    6                   68   3.0082243858911354E-020
                    7                    6   2.2541587003706774E-022
                    7                    7  -3.4010505416268884E-003
                    7                    8   2.6150579684915624E-022
                    7                   67   3.0082243858911354E-020
                    7                   68  -2.9450042256075362E-009
                    7                   69   3.4839838039735498E-020
                    8                    7   2.6150579684915624E-022
                    8                    8  -3.4120515527092388E-003
                    8                    9   3.0461035511026839E-022
                    8                   68   3.4839838039735498E-020
                    8                   69  -3.1360048374489915E-009
                    8                   70   4.0513641497505932E-020
                    9                    8   3.0461035511026839E-022
                    9                    9  -3.4170435434690591E-003
                    9                   10   3.5633710140344488E-022
                    9                   69   4.0513641497505932E-020
                    9                   70  -3.3455277548620368E-009
                    9                   71   4.7312118939274016E-020
                   10                    9   3.5633710140344488E-022
                   10                   10  -3.4150799635276454E-003
                   10                   11   4.1881841213312650E-022
                   10                   70   4.7312118939274016E-020
                   10                   71  -3.5762580339855563E-009
                   10                   72   5.5511629211523293E-020
                   11                   10   4.1881841213312650E-022
                   11                   11  -3.4157649274284821E-003
                   11                   12   4.9471882749569222E-022
                   11                   71   5.5511629211523293E-020
                   11                   72  -3.8311983952810753E-009
                   11                   73   6.5456949494318053E-020
                   12                   11   4.9471882749569222E-022
                   12                   12  -3.4169202798172487E-003
                   12                   13   5.8747421160093413E-022
                   12                   72   6.5456949494318053E-020
                   12                   73  -4.1137323160519505E-009
                   12                   74   7.7592131656508050E-020
                   13                   12   5.8747421160093413E-022
                   13                   13  -3.4188449270431982E-003
                   13                   14   7.0157156880991123E-022
                   13                   73   7.7592131656508050E-020
                   13                   74  -4.4278967461460011E-009
                   13                   75   9.2496418303420855E-020
                   14                   13   7.0157156880991123E-022
                   14                   14  -3.4203294831685960E-003
                   14                   15   8.4292311603293865E-022
                   14                   74   9.2496418303420855E-020
                   14                   75  -4.7785140637147645E-009
                   14                   76   1.1093215773316546E-019
                   15                   14   8.4292311603293865E-022
                   15                   15  -3.4212388268677531E-003
                   15                   16   1.0193873381715006E-021
                   15                   75   1.1093215773316546E-019
                   15                   76  -5.1713999320145099E-009
                   15                   77   1.3391147140102902E-019
                   16                   15   1.0193873381715006E-021
                   16                   16  -3.4225841924202857E-003
                   16                   17   1.2414983509210645E-021
                   16                   76   1.3391147140102902E-019
                   16                   77  -5.6135393583764091E-009
                   16                   78   1.6278945961871592E-019
                   17                   16   1.2414983509210645E-021
                   17                   17  -3.4235029522551082E-003
                   17                   18   1.5235632711729164E-021
                   17                   77   1.6278945961871592E-019
                   17                   78  -6.1134085858325760E-009
                   17                   79   1.9940441465979616E-019
                   18                   17   1.5235632711729164E-021
                   18                   18  -3.4240384182760253E-003
                   18                   19   1.8852737250124037E-021
                   18                   78   1.9940441465979616E-019
                   18                   79  -6.6814190029776144E-009
                   18                   80   2.4628351100824415E-019
                   19                   18   1.8852737250124037E-021
                   19                   19  -3.4235767378670702E-003
                   19                   20   2.3540660232646678E-021
                   19                   79   2.4628351100824415E-019
                   19                   80  -7.3304613770131537E-009
                   19                   81   3.0694367223319727E-019
                   20                   19   2.3540660232646678E-021
                   20                   20  -3.4234530191340215E-003
                   20                   21   2.9686972907617958E-021
                   20                   80   3.0694367223319727E-019
                   20                   81  -8.0765701280176500E-009
                   20                   82   3.8634703099516921E-019
                   21                   20   2.9686972907617958E-021
                   21                   21  -3.4224502637294008E-003
                   21                   22   3.7848635891169457E-021
                   21                   81   3.8634703099516921E-019
                   21                   82  -8.9399295501378472E-009
                   21                   83   4.9161597064577277E-019
                   22                   21   3.7848635891169457E-021
                   22                   22  -3.4214564184598230E-003
                   22                   23   4.8839042226174345E-021
                   22                   82   4.9161597064577277E-019
                   22                   83  -9.9462634141844698E-009
                   22                   84   6.3313961632416924E-019
                   23                   22   4.8839042226174345E-021
                   23                   23  -3.4211010083622824E-003
                   23                   24   6.3868373511487395E-021
                   23                   83   6.3313961632416924E-019
                   23                   84  -1.1128576886176560E-008
                   23                   85   8.2635645062287110E-019
                   24                   23   6.3868373511487395E-021
                   24                   24  -3.4206753166537559E-003
                   24                   25   8.4778121622528005E-021
                   24                   84   8.2635645062287110E-019
                   24                   85  -1.2529945948832377E-008
                   24                   86   1.0947305643995467E-018
                   25                   24   8.4778121622528005E-021
                   25                   25  -3.4203410404069338E-003
                   25                   26   1.1443726205566549E-020
                   25                   85   1.0947305643995467E-018
                   25                   86  -1.4207499545105303E-008
                   25                   87   1.4747741800147108E-018
                   26                   25   1.1443726205566549E-020
                   26                   26  -3.4201141970457739E-003
                   26                   27   1.5743632200618767E-020
                   26                   86   1.4747741800147108E-018
                   26                   87  -1.6238180462103715E-008
                   26                   88   2.0248385242680738E-018
                   27                   26   1.5743632200618767E-020
                   27                   27  -3.4198978478840961E-003
                   27                   28   2.2134784933874303E-020
                   27                   87   2.0248385242680738E-018
                   27                   88  -1.8727644864926518E-008
                   27                   89   2.8410637585519165E-018
                   28                   27   2.2134784933874303E-020
                   28                   28  -3.4197457624643153E-003
                   28                   29   3.1910496677748928E-020
                   28                   88   2.8410637585519165E-018
                   28                   89  -2.1824128126002717E-008
                   28                   90   4.0874485624849594E-018
                   29                   28   3.1910496677748928E-020
                   29                   29  -3.4195470148975903E-003
                   29                   30   4.7370156513806181E-020
                   29                   89   4.0874485624849594E-018
                   29                   90  -2.5740821979709632E-008
                   29                   91   6.0552136882989259E-018
                   30                   29   4.7370156513806181E-020
                   30                   30  -3.4193880615242555E-003
                   30                   31   7.2797952221908781E-020
                   30                   90   6.0552136882989259E-018
                   30                   91  -3.0793259833972708E-008
                   30                   92   9.2862971227553692E-018
                   31                   30   7.2797952221908781E-020
                   31                   31  -3.4192885379238452E-003
                   31                   32   1.1663255027949281E-019
                   31                   91   9.2862971227553692E-018
                   31                   92  -3.7464407271892445E-008
                   31                   93   1.4846863781587948E-017
                   32                   31   1.1663255027949281E-019
                   32                   32  -3.4191235279637886E-003
                   32                   33   1.9664909944478833E-019
                   32                   92   1.4846863781587948E-017
                   32                   93  -4.6524038196812670E-008
                   32                   94   2.4979923038375806E-017
                   33                   32   1.9664909944478833E-019
                   33                   33  -3.4189235491169389E-003
                   33                   34   3.5350805964622417E-019
                   33                   93   2.4979923038375806E-017
                   33                   94  -5.9260646405500371E-008
                   33                   95   4.4810007961293230E-017
                   34                   33   3.5350805964622417E-019
                   34                   34  -3.4187156640973913E-003
                   34                   35   6.9043843788815887E-019
                   34                   94   4.4810007961293230E-017
                   34                   95  -7.7966218645331104E-008
                   34                   96   8.7331138536988449E-017
                   35                   34   6.9043843788815887E-019
                   35                   35  -3.4184672515687299E-003
                   35                   36   1.5078308911389895E-018
                   35                   95   8.7331138536988449E-017
                   35                   96  -1.0704859144504043E-007
                   35                   97   1.9030746189144126E-016
                   36                   35   1.5078308911389895E-018
                   36                   36  -3.4181507699983203E-003
                   36                   37   3.8599918500440858E-018
                   36                   96   1.9030746189144126E-016
                   36                   97  -1.5591308602420984E-007
                   36                   98   4.8610607686741228E-016
                   37                   36   3.8599918500440858E-018
                   37                   37  -3.4177517556327301E-003
                   37                   38   1.2628140971755995E-017
                   37                   97   4.8610607686741228E-016
                   37                   98  -2.4778736993777263E-007
                   37                   99   1.5864202547665690E-015
                   38                   37   1.2628140971755995E-017
                   38                   38  -3.4171360157266195E-003
                   38                   39   6.3738100512638275E-017
                   38                   98   1.5864202547665690E-015
                   38                   99  -4.5431454462417648E-007
                   38                  100   7.9637280917705140E-015
                   39                   38   6.3738100512638275E-017
                   39                   39  -3.4157572557428628E-003
                   39                   40   8.4136760989718888E-016
                   39                   99   7.9637280917705140E-015
                   39                  100  -1.0947611796368432E-006
                   39                  101   1.0033278676709389E-013
                   40                   39   8.4136760989718888E-016
                   40                   40  -3.4105527674543707E-003
                   40                   41   1.4898332642514519E-013
                   40                  100   1.0033278676709389E-013
                   40                  101  -4.6284582798883950E-006
                   40                  102   1.0886947748729189E-011
                   41                   40   1.4898332642514519E-013
                   41                   41  -3.3714032839926690E-003
                   41                   42   8.8289808238763683E-010
                   41                  101   1.0886947748729189E-011
                   41                  102  -3.0330812821798586E-005
                   41                  103   1.1299818249692043E-008
                   42                   41   8.8289808238763683E-010
                   42                   42  -3.2120145197660705E-003
                   42                   43   1.7664053021653464E-007
                   42                  102   1.1299818249692043E-008
                   42                  103  -1.8787426154885179E-004
                   42                  104   5.7609768537996103E-007
                   43                   42   1.7664053021653464E-007
                   43                   43  -2.9868072524233047E-003
                   43                   44   1.2293747091585003E-006
                   43                  103   5.7609768537996103E-007
                   43                  104  -3.0998957325016586E-004
                   43                  105   2.0237825492983154E-006
                   44                   43   1.2293747091585003E-006
                   44                   44  -2.8983085503366565E-003
                   44                   45   2.3276676203571400E-006
                   44                  104   2.0237825492983154E-006
                   44                  105  -2.9410135229467949E-004
                   44                  106   2.6715526213614954E-006
                   45                   44   2.3276676203571400E-006
                   45                   45  -2.8897718994422188E-003
                   45                   46   2.9947590537100539E-006
                   45                  105   2.6715526213614954E-006
                   45                  106  -2.6928815636047742E-004
                   45                  107   2.9072622696457397E-006
                   46                   45   2.9947590537100539E-006
                   46                   46  -2.8950008538665287E-003
                   46                   47   3.3522446732681601E-006
                   46                  106   2.9072622696457397E-006
                   46                  107  -2.5639818799097903E-004
                   46                  108   3.0040753780906164E-006
                   47                   46   3.3522446732681601E-006
                   47                   47  -2.8993276345196132E-003
                   47                   48   3.5331572806939922E-006
                   47                  107   3.0040753780906164E-006
                   47                  108  -2.5009185677381273E-004
                   47                  109   3.0469707863742771E-006
                   48                   47   3.5331572806939922E-006
                   48                   48  -2.9018235312442010E-003
                   48                   49   3.6216733925506943E-006
                   48                  108   3.0469707863742771E-006
                   48                  109  -2.4705846647019817E-004
                   48                  110   3.0666511001952414E-006
                   49                   48   3.6216733925506943E-006
                   49                   49  -2.9031054097156785E-003
                   49                   50   3.6641894056052343E-006
                   49                  109   3.0666511001952414E-006
                   49                  110  -2.4561283677366293E-004
                   49                  111   3.0757910384227848E-006
                   50                   49   3.6641894056052343E-006
                   50                   50  -2.9127338538539249E-003
                   50                   51   3.6850153750098572E-006
                   50                  110   3.0757910384227848E-006
                   50                  111  -2.3660681199155951E-004
                   50                  112   2.2262120222227520E-006
                   51                   50   3.6850153750098572E-006
                   51                   51  -3.1179125292309703E-003
                   51                   52   3.6906311003599717E-006
                   51                  111   2.2262120222227520E-006
                   51                  112  -6.2718882775141877E-005
                   51                  113   6.3404971680054063E-009
                   52                   51   3.6906311003599717E-006
                   52                   52  -3.1908238742705372E-003
                   52                   53   3.6914034128250525E-006
                   52                  112   6.3404971680054063E-009
                   52                  113  -1.2682040162322942E-008
                   52                  114   6.3415429943175353E-009
                   53                   52   3.6914034128250525E-006
                   53                   53  -3.1910167359930916E-003
                   53                   54   3.6919534961575878E-006
                   53                  113   6.3415429943175353E-009
                   53                  114  -1.2683845477241103E-008
                   53                  115   6.3423024829235679E-009
                   54                   53   3.6919534961575878E-006
                   54                   54  -3.1912438009346097E-003
                   54                   55   3.6928178081032345E-006
                   54                  114   6.3423024829235679E-009
                   54                  115  -1.2685768256400879E-008
                   54                  116   6.3434657734773112E-009
                   55                   54   3.6928178081032345E-006
                   55                   55  -3.1916103080914483E-003
                   55                   56   3.6941808438744512E-006
                   55                  115   6.3434657734773112E-009
                   55                  116  -1.2688735921849333E-008
                   55                  117   6.3452701483720217E-009
                   56                   55   3.6941808438744512E-006
                   56                   56  -3.1921682060426582E-003
                   56                   57   3.6961560429356282E-006
                   56                  116   6.3452701483720217E-009
                   56                  117  -1.2693131515165172E-008
                   56                  118   6.3478613667931508E-009
                   57                   56   3.6961560429356282E-006
                   57                   57  -3.1929322678298675E-003
                   57                   58   3.6986970334618998E-006
                   57                  117   6.3478613667931508E-009
                   57                  118  -1.2699040905530935E-008
                   57                  119   6.3511795387377832E-009
                   58                   57   3.6986970334618998E-006
                   58                   58  -3.1938438961537801E-003
                   58                   59   3.7014925902426318E-006
                   58                  118   6.3511795387377832E-009
                   58                  119  -1.2706003796895763E-008
                   58                  120   6.3548242581579802E-009
                   59                   58   3.7014925902426318E-006
                   59                   59  -3.1947495328195396E-003
                   59                   60   3.7039623472291672E-006
                   59                  119   6.3548242581579802E-009
                   59                  120  -1.2712873725742490E-008
                   59                  121   6.3580494675845097E-009
                   60                   59   3.7039623472291672E-006
                   60                   60  -3.1954285597938191E-003
                   60                   61   3.7054308470890074E-006
                   60                  120   6.3580494675845097E-009
                   60                  121  -1.2718036842582975E-008
                   61                   60   3.7054308470890074E-006
                   61                   61  -1.5978402741848895E-003
                   61                  121   6.3599873749984656E-009
                   62                    1   413.98304551348127     
                   62                   62  -12193.978616761953     
                   62                   63   8233.6426158420963     
                   63                    2   856.55575394315588     
                   63                   62   8233.6426158420963     
                   63                   63  -24366.835389562824     
                   63                   64   8213.7017652681079     
                   64                    3   902.07450646104849     
                   64                   63   8213.7017652681079     
                   64                   64  -24319.628593626432     
                   64                   65   8192.0796533862140     
                   65                    4   951.41711188023169     
                   65                   64   8192.0796533862140     
                   65                   65  -24280.848313809642     
                   65                   66   8177.3940527394652     
                   66                    5   1004.9323619083489     
                   66                   65   8177.3940527394652     
                   66                   66  -24300.887813304478     
                   66                   67   8212.0503421157246     
                   67                    6   1062.8584418872076     
                   67                   66   8212.0503421157246     
                   67                   67  -24372.745839689458     
                   67                   68   8237.0241980600149     
                   68                    7   1125.7109783206474     
                   68                   67   8237.0241980600149     
                   68                   68  -24389.591997518852     
                   68                   69   8230.3420937879509     
                   69                    8   1194.2085670661872     
                   69                   68   8230.3420937879509     
                   69                   69  -24405.064498695665     
                   69                   70   8248.4871186273285     
                   70                    9   1268.9577078000641     
                   70                   69   8248.4871186273285     
                   70                   70  -24424.520196709022     
                   70                   71   8247.5183822422041     
                   71                   10   1350.8178623238541     
                   71                   70   8247.5183822422041     
                   71                   71  -24422.545645638536     
                   71                   72   8246.2347070020533     
                   72                   11   1440.7355240587412     
                   72                   71   8246.2347070020533     
                   72                   72  -24424.238298610147     
                   72                   73   8248.0619737959878     
                   73                   12   1539.7604794938302     
                   73                   72   8248.0619737959878     
                   73                   73  -24429.593580390756     
                   73                   74   8250.2072285977756     
                   74                   13   1649.1336646235459     
                   74                   73   8250.2072285977756     
                   74                   74  -24436.140391257435     
                   74                   75   8252.8894659125326     
                   75                   14   1770.3216171850947     
                   75                   74   8252.8894659125326     
                   75                   75  -24442.022498645973     
                   75                   76   8254.3773139384084     
                   76                   15   1905.0733450506218     
                   76                   75   8254.3773139384084     
                   76                   76  -24446.801641676990     
                   76                   77   8255.9842049280160     
                   77                   16   2055.4610327637924     
                   77                   76   8255.9842049280160     
                   77                   77  -24452.102111743741     
                   77                   78   8257.6958405089299     
                   78                   17   2223.9638882981308     
                   78                   77   8257.6958405089299     
                   78                   78  -24457.017259625296     
                   78                   79   8258.8478628551893     
                   79                   18   2413.5829703453528     
                   79                   78   8258.8478628551893     
                   79                   79  -24460.311087981798     
                   79                   80   8258.8201377251025     
                   80                   19   2627.9750381411841     
                   80                   79   8258.8201377251025     
                   80                   80  -24462.074434058977     
                   80                   81   8258.4624449282746     
                   81                   20   2871.6063719433341     
                   81                   80   8258.4624449282746     
                   81                   81  -24463.717412634243     
                   81                   82   8257.8827024634738     
                   82                   21   3149.9904436825245     
                   82                   81   8257.8827024634738     
                   82                   82  -24464.239262391889     
                   82                   83   8256.2659015619502     
                   83                   22   3470.0069023568640     
                   83                   82   8256.2659015619502     
                   83                   83  -24465.001009757252     
                   83                   84   8255.4358471978194     
                   84                   23   3840.2703707495120     
                   84                   83   8255.4358471978194     
                   84                   84  -24467.722662969383     
                   84                   85   8254.9886680794425     
                   85                   24   4271.7352237197119     
                   85                   84   8254.9886680794425     
                   85                   85  -24471.396190897984     
                   85                   86   8254.3845941949312     
                   86                   25   4778.5188182210277     
                   86                   85   8254.3845941949312     
                   86                   86  -24476.076749407817     
                   86                   87   8253.9758174407198     
                   87                   26   5379.0278872668314     
                   87                   86   8253.9758174407198     
                   87                   87  -24482.205744902218     
                   87                   88   8253.5848742023991     
                   88                   27   6097.6348737202625     
                   88                   87   8253.5848742023973     
                   88                   88  -24489.942470740349     
                   88                   89   8253.2179349099424     
                   89                   28   6967.1506223655579     
                   89                   88   8253.2179349099406     
                   89                   89  -24499.757810724499     
                   89                   90   8252.8195822396101     
                   90                   29   8032.5850396491696     
                   90                   89   8252.8195822396083     
                   90                   90  -24512.227812118093     
                   90                   91   8252.3296684128309     
                   91                   30   9357.0109376832552     
                   91                   90   8252.3296684128254     
                   91                   91  -24528.525155738982     
                   91                   92   8251.8832018553912     
                   92                   31   11030.983443946261     
                   92                   91   8251.8832018553821     
                   92                   92  -24550.289004467631     
                   92                   93   8251.3383162040554     
                   93                   32   13188.286689303868     
                   93                   92   8251.3383162040409     
                   93                   93  -24579.838783668361     
                   93                   94   8250.5805482949854     
                   94                   33   16033.254246313210     
                   94                   93   8250.5805482949654     
                   94                   94  -24621.477141925017     
                   94                   95   8249.6461383935839     
                   95                   34   19890.521961405830     
                   95                   94   8249.6461383935439     
                   95                   95  -24682.934746954161     
                   95                   96   8248.4484444092504     
                   96                   35   25301.168026821048     
                   96                   95   8248.4484444091759     
                   96                   96  -24778.874220875186     
                   96                   97   8246.8046676904523     
                   97                   36   33222.035040415125     
                   97                   96   8246.8046676902868     
                   97                   97  -24940.716108165670     
                   97                   98   8244.4587702815588     
                   98                   37   45477.246150989027     
                   98                   97   8244.4587702811350     
                   98                   98  -25246.266887781327     
                   98                   99   8240.8134540651099     
                   99                   38   65905.578340521271     
                   99                   98   8240.8134540637220     
                   99                   99  -25935.679686666343     
                   99                  100   8234.1451777749407     
                  100                   39   103765.04037860055     
                  100                   99   8234.1451777679504     
                  100                  100  -28080.566323076069     
                  100                  101   8217.7521214261960     
                  101                   40   186326.91535980647     
                  101                  100   8217.7521213378423     
                  101                  101  -39948.052080861133     
                  101                  102   8149.2732775468730     
                  102                   41   422958.05819307064     
                  102                  101   8149.2732679404671     
                  102                  102  -126299.40908541321     
                  102                  103   7706.7154292147097     
                  103                   42   1222111.8294674247     
                  103                  102   7706.7055627915270     
                  103                  103  -655600.88012409257     
                  103                  104   6707.0760040300911     
                  104                   43   2428591.5805139104     
                  104                  103   6706.7736715533447     
                  104                  104  -1060713.7717213361     
                  104                  105   6382.5084485722073     
                  105                   44   2269569.8699604101     
                  105                  104   6382.1177484776499     
                  105                  105  -999983.11372971907     
                  105                  106   6354.1070934372483     
                  106                   45   1383495.3617025493     
                  106                  105   6353.8821370580499     
                  106                  106  -913299.26443293807     
                  106                  107   6354.5204790706057     
                  107                   46   759046.65204475238     
                  107                  106   6354.4040273491182     
                  107                  107  -868703.94389079604     
                  107                  108   6356.6362146311030     
                  108                   47   429770.78933087026     
                  108                  107   6356.5781986779102     
                  108                  108  -846965.04607774690     
                  108                  109   6358.0494643580469     
                  109                   48   268436.35978356906     
                  109                  108   6358.0212632539033     
                  109                  109  -836524.50776801794     
                  109                  110   6358.8150382329823     
                  110                   49   191208.26961496237     
                  110                  109   6358.8015466073721     
                  110                  110  -831552.31444267835     
                  110                  111   6359.1930090475280     
                  111                   50   150016.80214468017     
                  111                  110   6359.1865789489457     
                  111                  111  -803971.69591645175     
                  111                  112   6359.4523594183056     
                  112                   51   36479.297562169049     
                  112                  111   6359.4498590658022     
                  112                  112  -226916.04785830004     
                  112                  113   6359.6720157398140     
                  113                  112   6359.6718728819069     
                  113                  113  -22582.255879417997     
                  113                  114   6359.7878100701082     
                  114                  113   6359.7877524649848     
                  114                  114  -22582.577429348974     
                  114                  115   6359.8695218776629     
                  115                  114   6359.8694368631077     
                  115                  115  -22582.935521384614     
                  115                  116   6359.9999080001653     
                  116                  115   6359.9997685968337     
                  116                  116  -22583.509081558921     
                  116                  117   6360.2074437005549     
                  117                  116   6360.2072288752415     
                  117                  117  -22584.377415650208     
                  117                  118   6360.5095546101402     
                  118                  117   6360.5092558986516     
                  118                  118  -22585.560094197343     
                  118                  119   6360.8988825826837     
                  119                  118   6360.8985205700783     
                  119                  119  -22586.963813857728     
                  119                  120   6361.3271482738155     
                  120                  119   6361.3267834215821     
                  120                  120  -22588.351915321920     
                  120                  121   6361.7046796565710     
                  121                  120   6361.7044025220630     
                  121                  121  -22589.388846666236     
