                  121                  121                  540
                    1                    1  -1.6045542222193026E-003
                    1                    2   4.4813587267936205E-005
                    1                   62  -9.7005806649154126E-005
                    1                   63   8.2496048091291532E-008
                    2                    1   4.4813587267936205E-005
                    2                    2  -3.3038712295834988E-003
                    2                    3   6.4689375340365386E-005
                    2                   62   8.2496048091291532E-008
                    2                   63  -1.2524928724507943E-005
                    2                   64   1.3155808937045306E-007
                    3                    2   6.4689375340365386E-005
                    3                    3  -3.2993012915607817E-003
                    3                    4   6.8455969312423425E-005
                    3                   63   1.3155808937045306E-007
                    3                   64  -2.8182170576699173E-007
                    3                   65   1.5026361639653867E-007
                    4                    3   6.8455969312423425E-005
                    4                    4  -3.3052489934428204E-003
                    4                    5   7.1551953166781147E-005
                    4                   64   1.5026361639653867E-007
                    4                   65  -3.1413572662933096E-007
                    4                   66   1.6387211023279229E-007
                    5                    4   7.1551953166781147E-005
                    5                    5  -3.3175051429506653E-003
                    5                    6   7.3465383307455900E-005
                    5                   65   1.6387211023279229E-007
                    5                   66  -3.3578671476249949E-007
                    5                   67   1.7191460452970718E-007
                    6                    5   7.3465383307455900E-005
                    6                    6  -3.3262759266917664E-003
                    6                    7   7.4455372845570964E-005
                    6                   66   1.7191460452970718E-007
                    6                   67  -3.4789978438306376E-007
                    6                   68   1.7598517985335659E-007
                    7                    6   7.4455372845570964E-005
                    7                    7  -3.3309632953922130E-003
                    7                    8   7.4903441444621401E-005
                    7                   67   1.7598517985335659E-007
                    7                   68  -3.5379127652458637E-007
                    7                   69   1.7780609667122980E-007
                    8                    7   7.4903441444621401E-005
                    8                    8  -3.3330791077517082E-003
                    8                    9   7.5085784327990878E-005
                    8                   68   1.7780609667122980E-007
                    8                   69  -3.5634876876309692E-007
                    8                   70   1.7854267209186709E-007
                    9                    8   7.5085784327990878E-005
                    9                    9  -3.3339271639591566E-003
                    9                   10   7.5153789107361069E-005
                    9                   69   1.7854267209186709E-007
                    9                   70  -3.5735925752575554E-007
                    9                   71   1.7881658543388845E-007
                   10                    9   7.5153789107361069E-005
                   10                   10  -3.3342374563673106E-003
                   10                   11   7.5177345596897510E-005
                   10                   70   1.7881658543388845E-007
                   10                   71  -3.5772793160840860E-007
                   10                   72   1.7891134617452014E-007
                   11                   10   7.5177345596897510E-005
                   11                   11  -3.3343428706568826E-003
                   11                   12   7.5184997451154879E-005
                   11                   71   1.7891134617452014E-007
                   11                   72  -3.5785345726590247E-007
                   11                   73   1.7894211109138233E-007
                   12                   11   7.5184997451154879E-005
                   12                   12  -3.3343764915484829E-003
                   12                   13   7.5187345084265224E-005
                   12                   72   1.7894211109138233E-007
                   12                   73  -3.5789365911954109E-007
                   12                   74   1.7895154802815879E-007
                   13                   12   7.5187345084265224E-005
                   13                   13  -3.3343866359869705E-003
                   13                   14   7.5188029276395028E-005
                   13                   73   1.7895154802815879E-007
                   13                   74  -3.5790584614537804E-007
                   13                   75   1.7895429811721925E-007
                   14                   13   7.5188029276395028E-005
                   14                   14  -3.3343895483781607E-003
                   14                   15   7.5188219590404466E-005
                   14                   74   1.7895429811721925E-007
                   14                   75  -3.5790936117609081E-007
                   14                   76   1.7895506305887156E-007
                   15                   14   7.5188219590404466E-005
                   15                   15  -3.3343903476236482E-003
                   15                   16   7.5188270321895767E-005
                   15                   75   1.7895506305887156E-007
                   15                   76  -3.5791033002443927E-007
                   15                   77   1.7895526696556771E-007
                   16                   15   7.5188270321895767E-005
                   16                   16  -3.3343905581055141E-003
                   16                   17   7.5188283327980976E-005
                   16                   76   1.7895526696556771E-007
                   16                   77  -3.5791058620676600E-007
                   16                   78   1.7895531924119832E-007
                   17                   16   7.5188283327980976E-005
                   17                   17  -3.3343906114793155E-003
                   17                   18   7.5188286544947884E-005
                   17                   77   1.7895531924119832E-007
                   17                   78  -3.5791065141240794E-007
                   17                   79   1.7895533217120965E-007
                   18                   17   7.5188286544947884E-005
                   18                   18  -3.3343906245507718E-003
                   18                   19   7.5188287314780934E-005
                   18                   78   1.7895533217120965E-007
                   18                   79  -3.5791066743662149E-007
                   18                   80   1.7895533526541185E-007
                   19                   18   7.5188287314780934E-005
                   19                   19  -3.3343906276507972E-003
                   19                   20   7.5188287493464960E-005
                   19                   79   1.7895533526541185E-007
                   19                   80  -3.5791067124901186E-007
                   19                   81   1.7895533598359999E-007
                   20                   19   7.5188287493464960E-005
                   20                   20  -3.3343906283644642E-003
                   20                   21   7.5188287533782726E-005
                   20                   80   1.7895533598359999E-007
                   20                   81  -3.5791067212924998E-007
                   20                   82   1.7895533614564999E-007
                   21                   20   7.5188287533782726E-005
                   21                   21  -3.3343906285242873E-003
                   21                   22   7.5188287542644560E-005
                   21                   81   1.7895533614564999E-007
                   21                   82  -3.5791067232691793E-007
                   21                   83   1.7895533618126791E-007
                   22                   21   7.5188287542644560E-005
                   22                   22  -3.3343906285591782E-003
                   22                   23   7.5188287544545072E-005
                   22                   82   1.7895533618126791E-007
                   22                   83  -3.5791067237017495E-007
                   22                   84   1.7895533618890707E-007
                   23                   22   7.5188287544545072E-005
                   23                   23  -3.3343906285666176E-003
                   23                   24   7.5188287544943516E-005
                   23                   83   1.7895533618890707E-007
                   23                   84  -3.5791067237941555E-007
                   23                   85   1.7895533619050851E-007
                   24                   23   7.5188287544943516E-005
                   24                   24  -3.3343906285681641E-003
                   24                   25   7.5188287545025550E-005
                   24                   84   1.7895533619050851E-007
                   24                   85  -3.5791067238134642E-007
                   24                   86   1.7895533619083790E-007
                   25                   24   7.5188287545025550E-005
                   25                   25  -3.3343906285684824E-003
                   25                   26   7.5188287545042016E-005
                   25                   85   1.7895533619083790E-007
                   25                   86  -3.5791067238174193E-007
                   25                   87   1.7895533619090403E-007
                   26                   25   7.5188287545042016E-005
                   26                   26  -3.3343906285685518E-003
                   26                   27   7.5188287545045214E-005
                   26                   86   1.7895533619090403E-007
                   26                   87  -3.5791067238182102E-007
                   26                   88   1.7895533619091700E-007
                   27                   26   7.5188287545045214E-005
                   27                   27  -3.3343906285685644E-003
                   27                   28   7.5188287545046150E-005
                   27                   87   1.7895533619091700E-007
                   27                   88  -3.5791067238183727E-007
                   27                   89   1.7895533619092028E-007
                   28                   27   7.5188287545046150E-005
                   28                   28  -3.3343906285685666E-003
                   28                   29   7.5188287545046231E-005
                   28                   88   1.7895533619092028E-007
                   28                   89  -3.5791067238184087E-007
                   28                   90   1.7895533619092060E-007
                   29                   28   7.5188287545046231E-005
                   29                   29  -3.3343906285685579E-003
                   29                   30   7.5188287545046448E-005
                   29                   89   1.7895533619092060E-007
                   29                   90  -3.5791067238184177E-007
                   29                   91   1.7895533619092118E-007
                   30                   29   7.5188287545046448E-005
                   30                   30  -3.3343906285685570E-003
                   30                   31   7.5188287545046109E-005
                   30                   90   1.7895533619092118E-007
                   30                   91  -3.5791067238184156E-007
                   30                   92   1.7895533619092036E-007
                   31                   30   7.5188287545046109E-005
                   31                   31  -3.3343906285685692E-003
                   31                   32   7.5188287545046231E-005
                   31                   91   1.7895533619092036E-007
                   31                   92  -3.5791067238184093E-007
                   31                   93   1.7895533619092060E-007
                   32                   31   7.5188287545046231E-005
                   32                   32  -3.3343906285685692E-003
                   32                   33   7.5188287545046231E-005
                   32                   92   1.7895533619092060E-007
                   32                   93  -3.5791067238184119E-007
                   32                   94   1.7895533619092060E-007
                   33                   32   7.5188287545046231E-005
                   33                   33  -3.3343906285685692E-003
                   33                   34   7.5188287545046231E-005
                   33                   93   1.7895533619092060E-007
                   33                   94  -3.5791067238184119E-007
                   33                   95   1.7895533619092060E-007
                   34                   33   7.5188287545046231E-005
                   34                   34  -3.3343906285685692E-003
                   34                   35   7.5188287545046231E-005
                   34                   94   1.7895533619092060E-007
                   34                   95  -3.5791067238184119E-007
                   34                   96   1.7895533619092060E-007
                   35                   34   7.5188287545046231E-005
                   35                   35  -3.3343906285685692E-003
                   35                   36   7.5188287545046231E-005
                   35                   95   1.7895533619092060E-007
                   35                   96  -3.5791067238184124E-007
                   35                   97   1.7895533619092062E-007
                   36                   35   7.5188287545046231E-005
                   36                   36  -3.3343906285685601E-003
                   36                   37   7.5188287545046515E-005
                   36                   96   1.7895533619092062E-007
                   36                   97  -3.5791067238184199E-007
                   36                   98   1.7895533619092139E-007
                   37                   36   7.5188287545046515E-005
                   37                   37  -3.3343906285685579E-003
                   37                   38   7.5188287545046095E-005
                   37                   97   1.7895533619092139E-007
                   37                   98  -3.5791067238184177E-007
                   37                   99   1.7895533619092036E-007
                   38                   37   7.5188287545046095E-005
                   38                   38  -3.3343906285685666E-003
                   38                   39   7.5188287545046231E-005
                   38                   98   1.7895533619092036E-007
                   38                   99  -3.5791067238184093E-007
                   38                  100   1.7895533619092060E-007
                   39                   38   7.5188287545046231E-005
                   39                   39  -3.3343906285685670E-003
                   39                   40   7.5188287545046231E-005
                   39                   99   1.7895533619092060E-007
                   39                  100  -3.5791067238184124E-007
                   39                  101   1.7895533619092062E-007
                   40                   39   7.5188287545046231E-005
                   40                   40  -3.3343906285685674E-003
                   40                   41   7.5188287545046231E-005
                   40                  100   1.7895533619092062E-007
                   40                  101  -3.5791067238184124E-007
                   40                  102   1.7895533619092060E-007
                   41                   40   7.5188287545046231E-005
                   41                   41  -3.3343906285685696E-003
                   41                   42   7.5188287545046258E-005
                   41                  101   1.7895533619092060E-007
                   41                  102  -3.5791067238184119E-007
                   41                  103   1.7895533619092060E-007
                   42                   41   7.5188287545046258E-005
                   42                   42  -3.3343906285685609E-003
                   42                   43   7.5188287545046637E-005
                   42                  102   1.7895533619092060E-007
                   42                  103  -3.5791067238184225E-007
                   42                  104   1.7895533619092165E-007
                   43                   42   7.5188287545046637E-005
                   43                   43  -3.3343906285685566E-003
                   43                   44   7.5188287545045960E-005
                   43                  103   1.7895533619092165E-007
                   43                  104  -3.5791067238184177E-007
                   43                  105   1.7895533619092012E-007
                   44                   43   7.5188287545045960E-005
                   44                   44  -3.3343906285685657E-003
                   44                   45   7.5188287545046095E-005
                   44                  104   1.7895533619092012E-007
                   44                  105  -3.5791067238184050E-007
                   44                  106   1.7895533619092038E-007
                   45                   44   7.5188287545046095E-005
                   45                   45  -3.3343906285685661E-003
                   45                   46   7.5188287545046095E-005
                   45                  105   1.7895533619092038E-007
                   45                  106  -3.5791067238184077E-007
                   45                  107   1.7895533619092038E-007
                   46                   45   7.5188287545046095E-005
                   46                   46  -3.3343906285685657E-003
                   46                   47   7.5188287545045906E-005
                   46                  106   1.7895533619092038E-007
                   46                  107  -3.5791067238184040E-007
                   46                  108   1.7895533619091999E-007
                   47                   46   7.5188287545045906E-005
                   47                   47  -3.3343906285685657E-003
                   47                   48   7.5188287545046095E-005
                   47                  107   1.7895533619091999E-007
                   47                  108  -3.5791067238184040E-007
                   47                  109   1.7895533619092038E-007
                   48                   47   7.5188287545046095E-005
                   48                   48  -3.3343906285685566E-003
                   48                   49   7.5188287545046190E-005
                   48                  108   1.7895533619092038E-007
                   48                  109  -3.5791067238184103E-007
                   48                  110   1.7895533619092068E-007
                   49                   48   7.5188287545046190E-005
                   49                   49  -3.3343906285685536E-003
                   49                   50   7.5188287545045878E-005
                   49                  109   1.7895533619092068E-007
                   49                  110  -3.5791067238184066E-007
                   49                  111   1.7895533619091999E-007
                   50                   49   7.5188287545045878E-005
                   50                   50  -3.3343906285685644E-003
                   50                   51   7.5188287545045906E-005
                   50                  110   1.7895533619091999E-007
                   50                  111  -3.5791067238183992E-007
                   50                  112   1.7895533619091993E-007
                   51                   50   7.5188287545045906E-005
                   51                   51  -3.3343906285685657E-003
                   51                   52   7.5188287545046204E-005
                   51                  111   1.7895533619091993E-007
                   51                  112  -3.5791067238184061E-007
                   51                  113   1.7895533619092070E-007
                   52                   51   7.5188287545046204E-005
                   52                   52  -3.3343906285685670E-003
                   52                   53   7.5188287545046231E-005
                   52                  112   1.7895533619092070E-007
                   52                  113  -3.5791067238184140E-007
                   52                  114   1.7895533619092070E-007
                   53                   52   7.5188287545046231E-005
                   53                   53  -3.3343906285685670E-003
                   53                   54   7.5188287545046231E-005
                   53                  113   1.7895533619092070E-007
                   53                  114  -3.5791067238184140E-007
                   53                  115   1.7895533619092070E-007
                   54                   53   7.5188287545046231E-005
                   54                   54  -3.3343906285685670E-003
                   54                   55   7.5188287545046231E-005
                   54                  114   1.7895533619092070E-007
                   54                  115  -3.5791067238184140E-007
                   54                  116   1.7895533619092070E-007
                   55                   54   7.5188287545046231E-005
                   55                   55  -3.3343906285685666E-003
                   55                   56   7.5188287545045906E-005
                   55                  115   1.7895533619092070E-007
                   55                  116  -3.5791067238184071E-007
                   55                  117   1.7895533619091999E-007
                   56                   55   7.5188287545045906E-005
                   56                   56  -3.3343906285685657E-003
                   56                   57   7.5188287545046095E-005
                   56                  116   1.7895533619091999E-007
                   56                  117  -3.5791067238184034E-007
                   56                  118   1.7895533619092036E-007
                   57                   56   7.5188287545046095E-005
                   57                   57  -3.3343906285685666E-003
                   57                   58   7.5188287545046231E-005
                   57                  117   1.7895533619092036E-007
                   57                  118  -3.5791067238184093E-007
                   57                  119   1.7895533619092060E-007
                   58                   57   7.5188287545046231E-005
                   58                   58  -3.3343906285685510E-003
                   58                   59   7.5188287545047044E-005
                   58                  118   1.7895533619092060E-007
                   58                  119  -3.5791067238184326E-007
                   58                  120   1.7895533619092263E-007
                   59                   58   7.5188287545047044E-005
                   59                   59  -3.3343906285685501E-003
                   59                   60   7.5188287545046231E-005
                   59                  119   1.7895533619092263E-007
                   59                  120  -3.5791067238184336E-007
                   59                  121   1.7895533619092070E-007
                   60                   59   7.5188287545046231E-005
                   60                   60  -3.3343906285685670E-003
                   60                   61   7.5188287545046231E-005
                   60                  120   1.7895533619092070E-007
                   60                  121  -3.5791067238184140E-007
                   61                   60   7.5188287545046231E-005
                   61                   61  -1.6671953142842835E-003
                   61                  121   1.7895533619092070E-007
                   62                    1   670348.62779301603     
                   62                   62  -333153.76614110562     
                   62                   63   973.75324065829238     
                   63                    2   85145.439576718680     
                   63                   62   973.53895794243840     
                   63                   63  -53379.377819464637     
                   63                   64   966.93300384903421     
                   64                   63   966.23431871003834     
                   64                   64  -11784.376993265381     
                   64                   65   966.20861580707117     
                   65                   64   965.45175930410983     
                   65                   65  -11782.556519797305     
                   65                   66   966.08682207483207     
                   66                   65   965.55083280267979     
                   66                   66  -11786.988164304890     
                   66                   67   965.99986059261937     
                   67                   66   965.69992438697579     
                   67                   67  -11790.690199403809     
                   67                   68   965.91919682412015     
                   68                   67   965.77679026518706     
                   68                   68  -11792.734547690969     
                   68                   69   965.86560848662793     
                   69                   68   965.80580586548797     
                   69                   69  -11793.661076347069     
                   69                   70   965.83749492372226     
                   70                   69   965.81468272478594     
                   70                   70  -11794.030172799181     
                   70                   71   965.82492999410408     
                   71                   70   965.81688794231593     
                   71                   71  -11794.163864673614     
                   71                   72   965.81994138249047     
                   72                   71   965.81729098827907     
                   72                   72  -11794.208772934413     
                   72                   73   965.81813824782944     
                   73                   72   965.81731499650323     
                   73                   73  -11794.222936169266     
                   73                   74   965.81753540855664     
                   74                   73   965.81729289664315     
                   74                   74  -11794.227164634422     
                   74                   75   965.81734687978428     
                   75                   74   965.81727878542586     
                   75                   75  -11794.228366791616     
                   75                   76   965.81729125860886     
                   76                   75   965.81727295516635     
                   76                   76  -11794.228693762991     
                   76                   77   965.81727567388248     
                   77                   76   965.81727094651239     
                   77                   77  -11794.228779171266     
                   77                   78   965.81727150396773     
                   78                   77   965.81727032690640     
                   78                   78  -11794.228800668119     
                   78                   79   965.81727043367960     
                   79                   78   965.81727015032004     
                   79                   79  -11794.228805896950     
                   79                   80   965.81727016913794     
                   80                   79   965.81727010301324     
                   80                   80  -11794.228807129273     
                   80                   81   965.81727010595785     
                   81                   80   965.81727009096460     
                   81                   81  -11794.228807411351     
                   81                   82   965.81727009133795     
                   82                   81   965.81727008802795     
                   82                   82  -11794.228807474174     
                   82                   83   965.81727008805410     
                   83                   82   965.81727008734129     
                   83                   83  -11794.228807487823     
                   83                   84   965.81727008733185     
                   84                   83   965.81727008718178     
                   84                   84  -11794.228807490730     
                   84                   85   965.81727008717837     
                   85                   84   965.81727008714745     
                   85                   85  -11794.228807491321     
                   85                   86   965.81727008714904     
                   86                   85   965.81727008714279     
                   86                   86  -11794.228807491445     
                   86                   87   965.81727008714017     
                   87                   86   965.81727008713892     
                   87                   87  -11794.228807491480     
                   87                   88   965.81727008713870     
                   88                   87   965.81727008713847     
                   88                   88  -11794.228807491487     
                   88                   89   965.81727008713858     
                   89                   88   965.81727008713858     
                   89                   89  -11794.228807491487     
                   89                   90   965.81727008713847     
                   90                   89   965.81727008713847     
                   90                   90  -11794.228807491465     
                   90                   91   965.81727008714358     
                   91                   90   965.81727008714358     
                   91                   91  -11794.228807491465     
                   91                   92   965.81727008713858     
                   92                   91   965.81727008713858     
                   92                   92  -11794.228807491487     
                   92                   93   965.81727008713847     
                   93                   92   965.81727008713847     
                   93                   93  -11794.228807491489     
                   93                   94   965.81727008713847     
                   94                   93   965.81727008713847     
                   94                   94  -11794.228807491489     
                   94                   95   965.81727008713847     
                   95                   94   965.81727008713847     
                   95                   95  -11794.228807491489     
                   95                   96   965.81727008713847     
                   96                   95   965.81727008713847     
                   96                   96  -11794.228807491489     
                   96                   97   965.81727008713847     
                   97                   96   965.81727008713847     
                   97                   97  -11794.228807491465     
                   97                   98   965.81727008714381     
                   98                   97   965.81727008714381     
                   98                   98  -11794.228807491465     
                   98                   99   965.81727008713847     
                   99                   98   965.81727008713847     
                   99                   99  -11794.228807491487     
                   99                  100   965.81727008713847     
                  100                   99   965.81727008713847     
                  100                  100  -11794.228807491487     
                  100                  101   965.81727008713847     
                  101                  100   965.81727008713847     
                  101                  101  -11794.228807491487     
                  101                  102   965.81727008713847     
                  102                  101   965.81727008713847     
                  102                  102  -11794.228807491489     
                  102                  103   965.81727008713847     
                  103                  102   965.81727008713847     
                  103                  103  -11794.228807491465     
                  103                  104   965.81727008714381     
                  104                  103   965.81727008714381     
                  104                  104  -11794.228807491463     
                  104                  105   965.81727008713835     
                  105                  104   965.81727008713835     
                  105                  105  -11794.228807491487     
                  105                  106   965.81727008713847     
                  106                  105   965.81727008713847     
                  106                  106  -11794.228807491487     
                  106                  107   965.81727008713847     
                  107                  106   965.81727008713847     
                  107                  107  -11794.228807491487     
                  107                  108   965.81727008713847     
                  108                  107   965.81727008713847     
                  108                  108  -11794.228807491487     
                  108                  109   965.81727008713847     
                  109                  108   965.81727008713847     
                  109                  109  -11794.228807491465     
                  109                  110   965.81727008714370     
                  110                  109   965.81727008714370     
                  110                  110  -11794.228807491461     
                  110                  111   965.81727008713835     
                  111                  110   965.81727008713835     
                  111                  111  -11794.228807491487     
                  111                  112   965.81727008713847     
                  112                  111   965.81727008713847     
                  112                  112  -11794.228807491487     
                  112                  113   965.81727008713847     
                  113                  112   965.81727008713847     
                  113                  113  -11794.228807491487     
                  113                  114   965.81727008713847     
                  114                  113   965.81727008713847     
                  114                  114  -11794.228807491487     
                  114                  115   965.81727008713847     
                  115                  114   965.81727008713847     
                  115                  115  -11794.228807491487     
                  115                  116   965.81727008713847     
                  116                  115   965.81727008713847     
                  116                  116  -11794.228807491487     
                  116                  117   965.81727008713847     
                  117                  116   965.81727008713847     
                  117                  117  -11794.228807491487     
                  117                  118   965.81727008713847     
                  118                  117   965.81727008713847     
                  118                  118  -11794.228807491487     
                  118                  119   965.81727008713847     
                  119                  118   965.81727008713847     
                  119                  119  -11794.228807491443     
                  119                  120   965.81727008714915     
                  120                  119   965.81727008714915     
                  120                  120  -11794.228807491443     
                  120                  121   965.81727008713847     
                  121                  120   965.81727008713847     
                  121                  121  -11794.228807491487     
