                  121                  121                  550
                    1                    1  -1.7147882007948951E-003
                    1                    2   3.6184578635764674E-030
                    1                   62  -1.6687951531938479E-009
                    1                   63   4.8041267229236865E-028
                    2                    1   3.6184578635764674E-030
                    2                    2  -3.6506113239971076E-003
                    2                    3   6.2705017927484904E-030
                    2                   62   4.8041267229236865E-028
                    2                   63  -3.8934652189945516E-009
                    2                   64   8.2775190012365181E-028
                    3                    2   6.2705017927484904E-030
                    3                    3  -3.6897958746892109E-003
                    3                    4   1.1649045782924061E-029
                    3                   63   8.2775190012365181E-028
                    3                   64  -4.9674543937362592E-009
                    3                   65   1.5285474219636372E-027
                    4                    3   1.1649045782924061E-029
                    4                    4  -3.3808893855478157E-003
                    4                    5   2.3840689269267951E-029
                    4                   64   1.5285474219636372E-027
                    4                   65  -6.5913657058050609E-009
                    4                   66   3.1085990045848129E-027
                    5                    4   2.3840689269267951E-029
                    5                    5  -3.7686977552717012E-003
                    5                    6   5.3235435477880193E-029
                    5                   65   3.1085990045848129E-027
                    5                   66  -9.1156962303298472E-009
                    5                   67   6.8977990973824058E-027
                    6                    5   5.3235435477880193E-029
                    6                    6  -3.7044440487419275E-003
                    6                    7   1.4239180826565848E-028
                    6                   66   6.8977990973824058E-027
                    6                   67  -1.3274578207757392E-008
                    6                   68   1.8326330515332484E-026
                    7                    6   1.4239180826565848E-028
                    7                    7  -3.1735518764587634E-003
                    7                    8   5.4322537376068737E-028
                    7                   67   1.8326330515332484E-026
                    7                   68  -2.1721805469210971E-008
                    7                   69   6.9392011718417110E-026
                    8                    7   5.4322537376068737E-028
                    8                    8  -3.1751314146443235E-003
                    8                    9   3.5450020860074972E-027
                    8                   68   6.9392011718417110E-026
                    8                   69  -4.3150821206344035E-008
                    8                   70   4.4931379725728238E-025
                    9                    8   3.5450020860074972E-027
                    9                    9  -3.4564007986806573E-003
                    9                   10   9.6432540094924564E-026
                    9                   69   4.4931379725728238E-025
                    9                   70  -1.2436126344864329E-007
                    9                   71   1.2054743067782366E-023
                   10                    9   9.6432540094924564E-026
                   10                   10  -3.3058944400830349E-003
                   10                   11   8.4764799277915476E-020
                   10                   70   1.2054743067782366E-023
                   10                   71  -2.1990001825059439E-006
                   10                   72   2.6554960857175357E-018
                   11                   10   8.4764799277915476E-020
                   11                   11  -3.4270779608334767E-003
                   11                   12   9.7347732117951754E-005
                   11                   71   2.6554960857175357E-018
                   11                   72  -1.5944866736523078E-004
                   11                   73   2.1265499340691145E-006
                   12                   11   9.7347732117951754E-005
                   12                   12  -3.5290409998083938E-003
                   12                   13   3.4230506117718289E-004
                   12                   72   2.1265499340691145E-006
                   12                   73  -1.2906037102700999E-004
                   12                   74   6.1083068376870015E-007
                   13                   12   3.4230506117718289E-004
                   13                   13  -3.8272194329743861E-003
                   13                   14   3.6912537316436599E-004
                   13                   73   6.1083068376870015E-007
                   13                   74  -1.2692328925518764E-006
                   13                   75   6.5840220878317628E-007
                   14                   13   3.6912537316436599E-004
                   14                   14  -3.9166507420354225E-003
                   14                   15   3.8189213476163560E-004
                   14                   74   6.5840220878317628E-007
                   14                   75  -1.3460360160641955E-006
                   14                   76   6.8763380728101918E-007
                   15                   14   3.8189213476163560E-004
                   15                   15  -3.9427599717292584E-003
                   15                   16   3.8608350325706814E-004
                   15                   75   6.8763380728101918E-007
                   15                   76  -1.3931395568382943E-006
                   15                   77   7.0550574955727511E-007
                   16                   15   3.8608350325706814E-004
                   16                   16  -3.9421159050142462E-003
                   16                   17   3.8805513565047349E-004
                   16                   76   7.0550574955727511E-007
                   16                   77  -1.4258161819509259E-006
                   16                   78   7.2031043239365078E-007
                   17                   16   3.8805513565047349E-004
                   17                   17  -3.9370827175302468E-003
                   17                   18   3.9009024931656663E-004
                   17                   77   7.2031043239365078E-007
                   17                   78  -1.4553976764353577E-006
                   17                   79   7.3508724404170690E-007
                   18                   17   3.9009024931656663E-004
                   18                   18  -3.9342716461969948E-003
                   18                   19   3.9264113114285661E-004
                   18                   78   7.3508724404170690E-007
                   18                   79  -1.4855472547445512E-006
                   18                   80   7.5046001070284427E-007
                   19                   18   3.9264113114285661E-004
                   19                   19  -3.9345696045620590E-003
                   19                   20   3.9567741199947792E-004
                   19                   79   7.5046001070284427E-007
                   19                   80  -1.5168547941462457E-006
                   19                   81   7.6639478344340132E-007
                   20                   19   3.9567741199947792E-004
                   20                   20  -3.9375332364915208E-003
                   20                   21   3.9908774906552256E-004
                   20                   80   7.6639478344340132E-007
                   20                   81  -1.5491317838958114E-006
                   20                   82   7.8273700045241015E-007
                   21                   20   3.9908774906552256E-004
                   21                   21  -3.9425558611229971E-003
                   21                   22   4.0276294173155968E-004
                   21                   81   7.8273700045241015E-007
                   21                   82  -1.5820632774799733E-006
                   21                   83   7.9932627702756313E-007
                   22                   21   4.0276294173155968E-004
                   22                   22  -3.9490918306583200E-003
                   22                   23   4.0660900681830834E-004
                   22                   82   7.9932627702756313E-007
                   22                   83  -1.6153429099992932E-006
                   22                   84   8.1601663297173005E-007
                   23                   22   4.0660900681830834E-004
                   23                   23  -3.9566889198323820E-003
                   23                   24   4.1054888588007963E-004
                   23                   83   8.1601663297173005E-007
                   23                   84  -1.6486978649950588E-006
                   23                   85   8.3268123202332875E-007
                   24                   23   4.1054888588007963E-004
                   24                   24  -3.9649882506695416E-003
                   24                   25   4.1452185448368482E-004
                   24                   84   8.3268123202332875E-007
                   24                   85  -1.6818949622684557E-006
                   24                   86   8.4921373024512710E-007
                   25                   24   4.1452185448368482E-004
                   25                   25  -3.9737152117376041E-003
                   25                   26   4.1848167168098487E-004
                   25                   85   8.4921373024512710E-007
                   25                   86  -1.7147411458863691E-006
                   25                   87   8.6552741564124210E-007
                   26                   25   4.1848167168098487E-004
                   26                   26  -3.9826657981218636E-003
                   26                   27   4.2239406272100833E-004
                   26                   86   8.6552741564124210E-007
                   26                   87  -1.7470803187530124E-006
                   26                   88   8.8155290311177044E-007
                   27                   26   4.2239406272100833E-004
                   27                   27  -3.9916916992293605E-003
                   27                   28   4.2623412806309680E-004
                   27                   87   8.8155290311177044E-007
                   27                   88  -1.7787881888834623E-006
                   27                   89   8.9723528577169196E-007
                   28                   27   4.2623412806309680E-004
                   28                   28  -4.0006866166079000E-003
                   28                   29   4.2998405500716647E-004
                   28                   88   8.9723528577169196E-007
                   28                   89  -1.8097666732198420E-006
                   28                   90   9.1253138744814997E-007
                   29                   28   4.2998405500716647E-004
                   29                   29  -4.0095749979351426E-003
                   29                   30   4.3363127570543111E-004
                   29                   89   9.1253138744814997E-007
                   29                   90  -1.8399388147008879E-006
                   29                   91   9.2740742725273796E-007
                   30                   29   4.3363127570543111E-004
                   30                   30  -4.0183033813552902E-003
                   30                   31   4.3716706765445379E-004
                   30                   90   9.2740742725273796E-007
                   30                   91  -1.8692445995922898E-006
                   30                   92   9.4183717233955188E-007
                   31                   30   4.3716706765445379E-004
                   31                   31  -4.0268340317878588E-003
                   31                   32   4.4058552695640333E-004
                   31                   91   9.4183717233955188E-007
                   31                   92  -1.8976377069818247E-006
                   31                   93   9.5580053464227295E-007
                   32                   31   4.4058552695640333E-004
                   32                   32  -4.0351403853621098E-003
                   32                   33   4.4388282929664252E-004
                   32                   92   9.5580053464227295E-007
                   32                   93  -1.9250830591133441E-006
                   32                   94   9.6928252447107113E-007
                   33                   32   4.4388282929664252E-004
                   33                   33  -4.0432038343519335E-003
                   33                   34   4.4705670197107440E-004
                   33                   93   9.6928252447107113E-007
                   33                   94  -1.9515549959846423E-006
                   33                   95   9.8227247151357099E-007
                   34                   33   4.4705670197107440E-004
                   34                   34  -4.0510114705712644E-003
                   34                   35   4.5010604638001249E-004
                   34                   94   9.8227247151357099E-007
                   34                   95  -1.9770359094952919E-006
                   34                   96   9.9476343798172095E-007
                   35                   34   4.5010604638001249E-004
                   35                   35  -4.0585545011947981E-003
                   35                   36   4.5303066638714571E-004
                   35                   95   9.9476343798172095E-007
                   35                   96  -2.0015152045191841E-006
                   35                   97   1.0067517665374631E-006
                   36                   35   4.5303066638714571E-004
                   36                   36  -4.0658271328236134E-003
                   36                   37   4.5583107086804350E-004
                   36                   96   1.0067517665374631E-006
                   36                   97  -2.0249884880455643E-006
                   36                   98   1.0182367215081011E-006
                   37                   36   4.5583107086804350E-004
                   37                   37  -4.0728257809076844E-003
                   37                   38   4.5850832813116519E-004
                   37                   97   1.0182367215081011E-006
                   37                   98  -2.0474569154839899E-006
                   37                   99   1.0292201939758888E-006
                   38                   37   4.5850832813116519E-004
                   38                   38  -4.0795485040596036E-003
                   38                   39   4.6106395620765939E-004
                   38                   98   1.0292201939758888E-006
                   38                   99  -2.0689266436578303E-006
                   38                  100   1.0397064496819417E-006
                   39                   38   4.6106395620765939E-004
                   39                   39  -4.0859945907497234E-003
                   39                   40   4.6349983708882461E-004
                   39                   99   1.0397064496819417E-006
                   39                  100  -2.0894083538076476E-006
                   39                  101   1.0497019041257058E-006
                   40                   39   4.6349983708882461E-004
                   40                   40  -4.0921642438964470E-003
                   40                   41   4.6581814560230252E-004
                   40                  100   1.0497019041257058E-006
                   40                  101  -2.1089168168119313E-006
                   40                  102   1.0592149126862253E-006
                   41                   40   4.6581814560230252E-004
                   41                   41  -4.0980583206003882E-003
                   41                   42   4.6802128533645260E-004
                   41                  101   1.0592149126862253E-006
                   41                  102  -2.1274704784867536E-006
                   41                  103   1.0682555658005286E-006
                   42                   41   4.6802128533645260E-004
                   42                   42  -4.1036780922519972E-003
                   42                   43   4.7011182522944717E-004
                   42                  102   1.0682555658005286E-006
                   42                  103  -2.1450910465392050E-006
                   42                  104   1.0768354807386766E-006
                   43                   42   4.7011182522944717E-004
                   43                   43  -4.1090249960412262E-003
                   43                   44   4.7209243135862050E-004
                   43                  103   1.0768354807386766E-006
                   43                  104  -2.1618030633710322E-006
                   43                  105   1.0849675826323555E-006
                   44                   43   4.7209243135862050E-004
                   44                   44  -4.1141003533967067E-003
                   44                   45   4.7396578921354095E-004
                   44                  104   1.0849675826323555E-006
                   44                  105  -2.1776334509438184E-006
                   44                  106   1.0926658683114631E-006
                   45                   44   4.7396578921354095E-004
                   45                   45  -4.1189050345374501E-003
                   45                   46   4.7573451236925017E-004
                   45                  105   1.0926658683114631E-006
                   45                  106  -2.1926110155692098E-006
                   45                  107   1.0999451472577466E-006
                   46                   45   4.7573451236925017E-004
                   46                   46  -4.1234390513705255E-003
                   46                   47   4.7740103402487538E-004
                   46                  106   1.0999451472577466E-006
                   46                  107  -2.2067659018929333E-006
                   46                  108   1.1068207546351869E-006
                   47                   46   4.7740103402487538E-004
                   47                   47  -4.1277010635712959E-003
                   47                   48   4.7896747836228285E-004
                   47                  107   1.1068207546351869E-006
                   47                  108  -2.2201289865695996E-006
                   47                  109   1.1133082319344128E-006
                   48                   47   4.7896747836228285E-004
                   48                   48  -4.1316877849917446E-003
                   48                   49   4.8043550914134554E-004
                   48                  108   1.1133082319344128E-006
                   48                  109  -2.2327312032507612E-006
                   48                  110   1.1194229713163482E-006
                   49                   48   4.8043550914134554E-004
                   49                   49  -4.1353932797354494E-003
                   49                   50   4.8180615342257905E-004
                   49                  109   1.1194229713163482E-006
                   49                  110  -2.2446027916328477E-006
                   49                  111   1.1251798203164995E-006
                   50                   49   4.8180615342257905E-004
                   50                   50  -4.1388081395240328E-003
                   50                   51   4.8307959884272245E-004
                   50                  110   1.1251798203164995E-006
                   50                  111  -2.2557724645652324E-006
                   50                  112   1.1305926442487327E-006
                   51                   50   4.8307959884272245E-004
                   51                   51  -4.1419185365851579E-003
                   51                   52   4.8425496351597576E-004
                   51                  111   1.1305926442487327E-006
                   51                  112  -2.2662664887535461E-006
                   51                  113   1.1356738445048134E-006
                   52                   51   4.8425496351597576E-004
                   52                   52  -4.1447051494396796E-003
                   52                   53   4.8533003844528858E-004
                   52                  112   1.1356738445048134E-006
                   52                  113  -2.2761076765679470E-006
                   52                  114   1.1404338320631334E-006
                   53                   52   4.8533003844528858E-004
                   53                   53  -4.1471419628549798E-003
                   53                   54   4.8630100335006753E-004
                   53                  113   1.1404338320631334E-006
                   53                  114  -2.2853142890276205E-006
                   53                  115   1.1448804569644871E-006
                   54                   53   4.8630100335006753E-004
                   54                   54  -4.1491949480174104E-003
                   54                   55   4.8716211808570720E-004
                   54                  114   1.1448804569644871E-006
                   54                  115  -2.2938988533008146E-006
                   54                  116   1.1490183963363273E-006
                   55                   54   4.8716211808570720E-004
                   55                   55  -4.1508206347481667E-003
                   55                   56   4.8790539336798896E-004
                   55                  115   1.1490183963363273E-006
                   55                  116  -2.3018669021108422E-006
                   55                  117   1.1528485057745149E-006
                   56                   55   4.8790539336798896E-004
                   56                   56  -4.1519645943528059E-003
                   56                   57   4.8852024632515818E-004
                   56                  116   1.1528485057745149E-006
                   56                  117  -2.3092156472923775E-006
                   56                  118   1.1563671415178624E-006
                   57                   56   4.8852024632515818E-004
                   57                   57  -4.1525598593713693E-003
                   57                   58   4.8899314846391961E-004
                   57                  117   1.1563671415178624E-006
                   57                  118  -2.3159326053525518E-006
                   57                  119   1.1595654638346896E-006
                   58                   57   4.8899314846391961E-004
                   58                   58  -4.1525253149012837E-003
                   58                   59   4.8930727591069405E-004
                   58                  118   1.1595654638346896E-006
                   58                  119  -2.3219941991410541E-006
                   58                  120   1.1624287353063644E-006
                   59                   58   4.8930727591069405E-004
                   59                   59  -4.1517641050206160E-003
                   59                   60   4.8944217420838533E-004
                   59                  119   1.1624287353063644E-006
                   59                  120  -2.3273643664344615E-006
                   59                  121   1.1649356311280970E-006
                   60                   59   4.8944217420838533E-004
                   60                   60  -4.1501621067802277E-003
                   60                   61   4.8937345242059706E-004
                   60                  120   1.1649356311280970E-006
                   60                  121  -2.3319932131428027E-006
                   61                   60   4.8937345242059706E-004
                   61                   61  -2.0743611037402007E-003
                   61                  121   1.1670575820147059E-006
                   62                    1   619.30361556562195     
                   62                   62  -12320.761522059644     
                   62                   63   8354.7128734897105     
                   63                    2   1427.9991410380351     
                   63                   62   8354.7128734897105     
                   63                   63  -25078.886802010631     
                   63                   64   8724.8056376388395     
                   64                    3   1786.3771226133033     
                   64                   63   8724.8056376388395     
                   64                   64  -25078.232241537182     
                   64                   65   8338.7915226729001     
                   65                    4   2310.8160326126108     
                   65                   64   8338.7915226729001     
                   65                   65  -24662.113486080048     
                   65                   66   8394.2286675318410     
                   66                    5   3092.0116932586020     
                   66                   65   8394.2286675318410     
                   66                   66  -25330.579585515246     
                   66                   67   8884.1426175349297     
                   67                    6   4305.6749995882692     
                   67                   66   8884.1426175349297     
                   67                   67  -25186.654573765431     
                   67                   68   8254.7230929558864     
                   68                    7   6558.0526177889333     
                   68                   67   8254.7230929558864     
                   68                   68  -23972.950520496499     
                   68                   69   7799.4377006250261     
                   69                    8   11438.034476923625     
                   69                   68   7799.4377006250261     
                   69                   69  -23959.443752512670     
                   69                   70   8167.3441981394399     
                   70                    9   24386.620760050286     
                   70                   69   8167.3441981394399     
                   70                   70  -24737.524856721073     
                   70                   71   8216.7575601982207     
                   71                   10   91980.103425485970     
                   71                   70   8216.7575601982207     
                   71                   71  -31603.681111295831     
                   71                   72   8056.7102750145386     
                   72                   11   809825.29836756014     
                   72                   71   8056.7102750145305     
                   72                   72  -554774.66457371716     
                   72                   73   6763.3163837708498     
                   73                   12   418324.57354412205     
                   73                   72   6766.7134616839958     
                   73                   73  -449532.41747337353     
                   73                   74   6320.1976217655692     
                   74                   73   6315.6739892728056     
                   74                   74  -22484.972809058396     
                   74                   75   6350.3088811741554     
                   75                   74   6347.7706503311629     
                   75                   75  -22557.149022999256     
                   75                   76   6357.8798826257180     
                   76                   75   6357.0625455368445     
                   76                   76  -22570.002101004353     
                   76                   77   6355.4362509691582     
                   77                   76   6355.1528339984488     
                   77                   77  -22559.456209514239     
                   77                   78   6351.1511146434450     
                   78                   77   6350.9010271035741     
                   78                   78  -22545.724949423780     
                   78                   79   6347.4856881056030     
                   79                   78   6347.1496578427041     
                   79                   79  -22534.540390295151     
                   79                   80   6344.8166466291777     
                   80                   79   6344.3872025090841     
                   80                   80  -22526.580469330758     
                   80                   81   6343.0281317235622     
                   81                   80   6342.5198221291639     
                   81                   81  -22521.376097972494     
                   81                   82   6341.9376479628636     
                   82                   81   6341.3670299587820     
                   82                   82  -22518.331493976759     
                   82                   83   6341.3786306437250     
                   83                   82   6340.7608868703765     
                   83                   83  -22516.919214672398     
                   83                   84   6341.2126934239841     
                   84                   83   6340.5610181267502     
                   84                   84  -22516.707478019642     
                   84                   85   6341.3301551023405     
                   85                   84   6340.6555930709674     
                   85                   85  -22517.357985555020     
                   85                   86   6341.6474438242049     
                   86                   85   6340.9589692397049     
                   86                   86  -22518.615163149912     
                   86                   87   6342.1028925580113     
                   87                   86   6341.4076598052061     
                   87                   87  -22520.291448789441     
                   87                   88   6342.6520441551538     
                   88                   87   6341.9557119730671     
                   88                   88  -22522.251982296741     
                   88                   89   6343.2633140526932     
                   89                   88   6342.5703639215390     
                   89                   89  -22524.400975854594     
                   89                   90   6343.9144207279323     
                   90                   89   6343.2284284579600     
                   90                   90  -22526.670728226396     
                   90                   91   6344.5896558058575     
                   91                   90   6343.9135047220261     
                   91                   91  -22529.013321661045     
                   91                   92   6345.2778914395913     
                   92                   91   6344.6139314160764     
                   92                   92  -22531.394599638850     
                   92                   93   6345.9711668173968     
                   93                   92   6345.3213294225661     
                   93                   93  -22533.789907500810     
                   93                   94   6346.6637012954579     
                   94                   93   6346.0295819655421     
                   94                   94  -22536.181121480091     
                   94                   95   6347.3512103177509     
                   95                   94   6346.7341268768987     
                   95                   95  -22538.554589429070     
                   95                   96   6348.0304321116555     
                   96                   95   6347.4314667854269     
                   96                   96  -22540.899706243028     
                   96                   97   6348.6988000691526     
                   97                   96   6348.1188301637103     
                   97                   97  -22543.207928553773     
                   97                   98   6349.3542157454849     
                   98                   97   6348.7939366406208     
                   98                   98  -22545.472092907527     
                   98                   99   6349.9948911902902     
                   99                   98   6349.4548342281587     
                   99                   99  -22547.685942344611     
                   99                  100   6350.6192383723555     
                  100                   99   6350.0997855242495     
                  100                  100  -22549.843792960120     
                  100                  101   6351.2257892689013     
                  101                  100   6350.7271860186765     
                  101                  101  -22551.940289246129     
                  101                  102   6351.8131339618221     
                  102                  101   6351.3355015617708     
                  102                  102  -22553.970208323855     
                  102                  103   6352.3798666286848     
                  103                  102   6351.9232146933628     
                  103                  103  -22555.928280946151     
                  103                  104   6352.9245311492132     
                  104                  103   6352.4887714132828     
                  104                  104  -22557.809002833383     
                  104                  105   6353.4455594483870     
                  105                  104   6353.0305214030222     
                  105                  105  -22559.606414301848     
                  105                  106   6353.9411968159302     
                  106                  105   6353.5466458444071     
                  106                  106  -22561.313829674291     
                  106                  107   6354.4094093516305     
                  107                  106   6354.0350679038374     
                  107                  107  -22562.923500859179     
                  107                  108   6354.8477694437315     
                  108                  107   6354.4933417185275     
                  108                  108  -22564.426201910246     
                  108                  109   6355.2533158290089     
                  109                  108   6354.9185163691336     
                  109                  109  -22565.810723486124     
                  109                  110   6355.6223853658939     
                  110                  109   6355.3069719070672     
                  110                  110  -22567.063268094724     
                  110                  111   6355.9504142270807     
                  111                  110   6355.6542250742714     
                  111                  111  -22568.166739018474     
                  111                  112   6356.2317068477123     
                  112                  111   6355.9547029689102     
                  112                  112  -22569.099918066226     
                  112                  113   6356.4591717010062     
                  113                  112   6356.2014836238814     
                  113                  113  -22569.836529965534     
                  113                  114   6356.6240238703340     
                  114                  113   6356.3860033318815     
                  114                  114  -22570.344194438330     
                  114                  115   6356.7154554705185     
                  115                  114   6356.4977315974957     
                  115                  115  -22570.583270885236     
                  115                  116   6356.7202762636434     
                  116                  115   6356.5238158479224     
                  116                  116  -22570.505605163678     
                  116                  117   6356.6225283043304     
                  117                  116   6356.4486994806630     
                  117                  117  -22570.053193128049     
                  117                  118   6356.4030801051867     
                  118                  117   6356.2537184411158     
                  118                  118  -22569.156781268110     
                  118                  119   6356.0392075769405     
                  119                  118   6355.9166832512701     
                  119                  119  -22567.734430715260     
                  119                  120   6355.5041707889877     
                  120                  119   6355.4114551758103     
                  120                  120  -22565.690076795843     
                  120                  121   6354.7667973155303     
                  121                  120   6354.7075269182615     
                  121                  121  -22562.912121858324     
