                  121                  121                  570
                    1                    1  -1.7152733693919023E-003
                    1                    2   1.4236112388764652E-030
                    1                   62  -1.1631399449288365E-009
                    1                   63   1.9104439046428548E-028
                    2                    1   1.4236112388764652E-030
                    2                    2  -3.6518256792918099E-003
                    2                    3   1.7187649544969770E-030
                    2                   62   1.9104439046428548E-028
                    2                   63  -2.4516200652370539E-009
                    2                   64   2.3013846245016338E-028
                    3                    2   1.7187649544969770E-030
                    3                    3  -3.6912670730241538E-003
                    3                    4   2.0915870466503669E-030
                    3                   63   2.3013846245016338E-028
                    3                   64  -2.6534909423553527E-009
                    3                   65   2.7942099119330029E-028
                    4                    3   2.0915870466503669E-030
                    4                    4  -3.3824527151396612E-003
                    4                    5   2.5734282120293283E-030
                    4                   64   2.7942099119330029E-028
                    4                   65  -2.8864846633115657E-009
                    4                   66   3.4298261543829126E-028
                    5                    4   2.5734282120293283E-030
                    5                    5  -3.7706540208820179E-003
                    5                    6   3.1701589396010997E-030
                    5                   65   3.4298261543829126E-028
                    5                   66  -3.1491555935279186E-009
                    5                   67   4.2153671523853186E-028
                    6                    5   3.1701589396010997E-030
                    6                    6  -3.7065566355745389E-003
                    6                    7   3.9522774386417271E-030
                    6                   66   4.2153671523853186E-028
                    6                   67  -3.4408843760088361E-009
                    6                   68   5.2428383243301558E-028
                    7                    6   3.9522774386417271E-030
                    7                    7  -3.1755548105400194E-003
                    7                    8   5.0538183302136452E-030
                    7                   67   5.2428383243301558E-028
                    7                   68  -3.7932344960289283E-009
                    7                   69   6.6867707589607842E-028
                    8                    7   5.0538183302136452E-030
                    8                    8  -3.1773900224187847E-003
                    8                    9   6.5414180116719553E-030
                    8                   68   6.6867707589607842E-028
                    8                   69  -4.2202627869744416E-009
                    8                   70   8.6323056307720493E-028
                    9                    8   6.5414180116719553E-030
                    9                    9  -3.4595824103475885E-003
                    9                   10   8.5251222526413220E-030
                    9                   69   8.6323056307720493E-028
                    9                   70  -4.7101651634827902E-009
                    9                   71   1.1220789382843704E-027
                   10                    9   8.5251222526413220E-030
                   10                   10  -3.2845154918954775E-003
                   10                   11   1.1300401927245901E-029
                   10                   70   1.1220789382843704E-027
                   10                   71  -5.2846227048115139E-009
                   10                   72   1.4833934247016985E-027
                   11                   10   1.1300401927245901E-029
                   11                   11  -3.3521343195176351E-003
                   11                   12   1.5207518921743558E-029
                   11                   71   1.4833934247016985E-027
                   11                   72  -5.9761789773721741E-009
                   11                   73   1.9908870617889022E-027
                   12                   11   1.5207518921743558E-029
                   12                   12  -3.4633015887005607E-003
                   12                   13   2.0751544876485634E-029
                   12                   72   1.9908870617889022E-027
                   12                   73  -6.7979205852751075E-009
                   12                   74   2.7093369604177308E-027
                   13                   12   2.0751544876485634E-029
                   13                   13  -3.6081966354330301E-003
                   13                   14   2.8459864768327939E-029
                   13                   73   2.7093369604177308E-027
                   13                   74  -7.7757308012487712E-009
                   13                   75   3.7059995181815548E-027
                   14                   13   2.8459864768327939E-029
                   14                   14  -4.1961657485164415E-003
                   14                   15   3.9172111975882894E-029
                   14                   74   3.7059995181815548E-027
                   14                   75  -8.9017352779275465E-009
                   14                   76   5.0880581311164652E-027
                   15                   14   3.9172111975882894E-029
                   15                   15  -3.9225543050859478E-003
                   15                   16   5.5333819774946578E-029
                   15                   75   5.0880581311164652E-027
                   15                   76  -1.0251819595386677E-008
                   15                   77   7.1686994353099806E-027
                   16                   15   5.5333819774946578E-029
                   16                   16  -3.8945328356524240E-003
                   16                   17   8.0889903560631339E-029
                   16                   76   7.1686994353099806E-027
                   16                   77  -1.1979113795307200E-008
                   16                   78   1.0451486662171647E-026
                   17                   16   8.0889903560631339E-029
                   17                   17  -3.8365579965810568E-003
                   17                   18   1.2175553883818787E-028
                   17                   77   1.0451486662171647E-026
                   17                   78  -1.4193138594849614E-008
                   17                   79   1.5689067498865543E-026
                   18                   17   1.2175553883818787E-028
                   18                   18  -4.0553624646408604E-003
                   18                   19   1.8841663053896766E-028
                   18                   78   1.5689067498865543E-026
                   18                   79  -1.7031993774254494E-008
                   18                   80   2.4213682679176150E-026
                   19                   18   1.8841663053896766E-028
                   19                   19  -4.3090919501352735E-003
                   19                   20   2.9362354510878725E-028
                   19                   79   2.4213682679176150E-026
                   19                   80  -2.0632770993743275E-008
                   19                   81   3.7638858304720208E-026
                   20                   19   2.9362354510878725E-028
                   20                   20  -5.2550730786461927E-003
                   20                   21   4.5381697786259197E-028
                   20                   80   3.7638858304720208E-026
                   20                   81  -2.4968951811107432E-008
                   20                   82   5.8040720071244640E-026
                   21                   20   4.5381697786259197E-028
                   21                   21  -5.2289409605198525E-003
                   21                   22   7.3289839101906810E-028
                   21                   81   5.8040720071244640E-026
                   21                   82  -3.0341711497184271E-008
                   21                   83   9.3516665668650002E-026
                   22                   21   7.3289839101906810E-028
                   22                   22  -4.5612646146268743E-003
                   22                   23   1.3320292333787838E-027
                   22                   82   9.3516665668650002E-026
                   22                   83  -3.8226700850586051E-008
                   22                   84   1.6952074537138401E-025
                   23                   22   1.3320292333787838E-027
                   23                   23  -4.1171687298166577E-003
                   23                   24   2.7185145673728551E-027
                   23                   83   1.6952074537138401E-025
                   23                   84  -5.0906434857757250E-008
                   23                   85   3.4502075232903624E-025
                   24                   23   2.7185145673728551E-027
                   24                   24  -4.5788010341677229E-003
                   24                   25   6.0814786283097984E-027
                   24                   84   3.4502075232903624E-025
                   24                   85  -7.0897560041592252E-008
                   24                   86   7.6976025362049466E-025
                   25                   24   6.0814786283097984E-027
                   25                   25  -4.5980443993580526E-003
                   25                   26   1.5932731216109185E-026
                   25                   85   7.6976025362049466E-025
                   25                   86  -1.0376133008475698E-007
                   25                   87   2.0110197996910635E-024
                   26                   25   1.5932731216109185E-026
                   26                   26  -4.5028858447881794E-003
                   26                   27   5.5909158203892849E-026
                   26                   86   2.0110197996910635E-024
                   26                   87  -1.6721808757711492E-007
                   26                   88   7.0292833392589350E-024
                   27                   26   5.5909158203892849E-026
                   27                   27  -4.4009891696987213E-003
                   27                   28   3.2644161097147843E-025
                   27                   87   7.0292833392589350E-024
                   27                   88  -3.1768532610289679E-007
                   27                   89   4.0503762284545140E-023
                   28                   27   3.2644161097147843E-025
                   28                   28  -4.5720928222261949E-003
                   28                   29   5.3396435003681668E-024
                   28                   88   4.0503762284545140E-023
                   28                   89  -7.9973897607042071E-007
                   28                   90   6.0393768985772488E-022
                   29                   28   5.3396435003681668E-024
                   29                   29  -4.7193270454987408E-003
                   29                   30   1.2779876776795429E-022
                   29                   89   6.0393768985772488E-022
                   29                   90  -2.8736412595296935E-006
                   29                   91   1.0834535890605419E-020
                   30                   29   1.2779876776795429E-022
                   30                   30  -4.3899860094971941E-003
                   30                   31   9.8497692530598085E-016
                   30                   90   1.0834535890605419E-020
                   30                   91  -1.7494211136499366E-005
                   30                   92   9.5851582588734112E-015
                   31                   30   9.8497692530598085E-016
                   31                   31  -3.0880175521867973E-003
                   31                   32   1.8615643290786910E-004
                   31                   91   9.5851582588734112E-015
                   31                   92  -9.7556579077787457E-005
                   31                   93   3.5080901093764955E-007
                   32                   31   1.8615643290786910E-004
                   32                   32  -3.1840417259723156E-003
                   32                   33   2.5544848865521159E-004
                   32                   92   3.5080901093764955E-007
                   32                   93  -7.8780379465110065E-006
                   32                   94   4.8866941614478831E-007
                   33                   32   2.5544848865521159E-004
                   33                   33  -3.2366426457705556E-003
                   33                   34   2.5341828988518594E-004
                   33                   93   4.8866941614478831E-007
                   33                   94  -9.8171654216724383E-007
                   33                   95   4.9304712602245552E-007
                   34                   33   2.5341828988518594E-004
                   34                   34  -3.2148971774908111E-003
                   34                   35   2.5241805956046861E-004
                   34                   94   4.9304712602245552E-007
                   34                   95  -9.9196546527510483E-007
                   34                   96   4.9891833925264931E-007
                   35                   34   2.5241805956046861E-004
                   35                   35  -3.2012937902669114E-003
                   35                   36   2.5288236038950780E-004
                   35                   95   4.9891833925264931E-007
                   35                   96  -1.0059266140618115E-006
                   35                   97   5.0700827480916234E-007
                   36                   35   2.5288236038950780E-004
                   36                   36  -3.1973714857810179E-003
                   36                   37   2.5488351728652754E-004
                   36                   96   5.0700827480916234E-007
                   36                   97  -1.0245253544320211E-006
                   36                   98   5.1751707962285862E-007
                   37                   36   2.5488351728652754E-004
                   37                   37  -3.2024857284484866E-003
                   37                   38   2.5819860212723334E-004
                   37                   97   5.1751707962285862E-007
                   37                   98  -1.0477016676338599E-006
                   37                   99   5.3018458801100128E-007
                   38                   37   2.5819860212723334E-004
                   38                   38  -3.2145730099993096E-003
                   38                   39   2.6245840577667764E-004
                   38                   98   5.3018458801100128E-007
                   38                   99  -1.0746839045245812E-006
                   38                  100   5.4449931651358000E-007
                   39                   38   2.6245840577667764E-004
                   39                   39  -3.2311431120846095E-003
                   39                   40   2.6728647474893324E-004
                   39                   99   5.4449931651358000E-007
                   39                  100  -1.1044104774109399E-006
                   39                  101   5.5991116089736001E-007
                   40                   39   2.6728647474893324E-004
                   40                   40  -3.2500022439977765E-003
                   40                   41   2.7237978890607204E-004
                   40                  100   5.5991116089736001E-007
                   40                  101  -1.1358746324265021E-006
                   40                  102   5.7596347152914214E-007
                   41                   40   2.7237978890607204E-004
                   41                   41  -3.2695573824243051E-003
                   41                   42   2.7753029016302437E-004
                   41                  101   5.7596347152914214E-007
                   41                  102  -1.1682983609663408E-006
                   41                  103   5.9233488943719855E-007
                   42                   41   2.7753029016302437E-004
                   42                   42  -3.2888039818000348E-003
                   42                   43   2.8261016757380675E-004
                   42                  102   5.9233488943719855E-007
                   42                  103  -1.2011575844551488E-006
                   42                  104   6.0882269501795017E-007
                   43                   42   2.8261016757380675E-004
                   43                   43  -3.3071685533288871E-003
                   43                   44   2.8754487078097726E-004
                   43                  103   6.0882269501795017E-007
                   43                  104  -1.2341269402813209E-006
                   43                  105   6.2530424526337072E-007
                   44                   43   2.8754487078097726E-004
                   44                   44  -3.3243347783317350E-003
                   44                   45   2.9228876065372900E-004
                   44                  104   6.2530424526337072E-007
                   44                  105  -1.2670046244927116E-006
                   44                  106   6.4170037922934077E-007
                   45                   44   2.9228876065372900E-004
                   45                   45  -3.3401134870435327E-003
                   45                   46   2.9680892390961187E-004
                   45                  105   6.4170037922934077E-007
                   45                  106  -1.2996507500813278E-006
                   45                  107   6.5795037085198698E-007
                   46                   45   2.9680892390961187E-004
                   46                   46  -3.3543671734661512E-003
                   46                   47   3.0107687508204784E-004
                   46                  106   6.5795037085198698E-007
                   46                  107  -1.3319491362358426E-006
                   46                  108   6.7399876538385553E-007
                   47                   46   3.0107687508204784E-004
                   47                   47  -3.3669764359750241E-003
                   47                   48   3.0506563110580329E-004
                   47                  107   6.7399876538385553E-007
                   47                  108  -1.3637893743355273E-006
                   47                  109   6.8979060895167187E-007
                   48                   47   3.0506563110580329E-004
                   48                   48  -3.3778308690502927E-003
                   48                   49   3.0874957223024922E-004
                   48                  108   6.8979060895167187E-007
                   48                  109  -1.3950617985741622E-006
                   48                  110   7.0527118962249038E-007
                   49                   48   3.0874957223024922E-004
                   49                   49  -3.3868306051868481E-003
                   49                   50   3.1210527632487842E-004
                   49                  109   7.0527118962249038E-007
                   49                  110  -1.4256586437871454E-006
                   49                  111   7.2038745416465488E-007
                   50                   49   3.1210527632487842E-004
                   50                   50  -3.3938902986353704E-003
                   50                   51   3.1511235102608915E-004
                   50                  110   7.2038745416465488E-007
                   50                  111  -1.4554769654971080E-006
                   50                  112   7.3508951133245326E-007
                   51                   50   3.1511235102608915E-004
                   51                   51  -3.3989418473777183E-003
                   51                   52   3.1775388836731281E-004
                   51                  111   7.3508951133245326E-007
                   51                  112  -1.4844210786193172E-006
                   51                  113   7.4933156728686393E-007
                   52                   51   3.1775388836731281E-004
                   52                   52  -3.4019348796431679E-003
                   52                   53   3.2001650092941877E-004
                   52                  112   7.4933156728686393E-007
                   52                  113  -1.5124037486141465E-006
                   52                  114   7.6307218132728245E-007
                   53                   52   3.2001650092941877E-004
                   53                   53  -3.4028353199299852E-003
                   53                   54   3.2189004041898280E-004
                   53                  113   7.6307218132728245E-007
                   53                  114  -1.5393461559699182E-006
                   53                  115   7.7627397464263576E-007
                   54                   53   3.2189004041898280E-004
                   54                   54  -3.4016227562462054E-003
                   54                   55   3.2336713183513978E-004
                   54                  114   7.7627397464263576E-007
                   54                  115  -1.5651769674842321E-006
                   54                  116   7.8890299284159619E-007
                   55                   54   3.2336713183513978E-004
                   55                   55  -3.3982873064085052E-003
                   55                   56   3.2444263885213247E-004
                   55                  115   7.8890299284159619E-007
                   55                  116  -1.5898308995915568E-006
                   55                  117   8.0092790674996068E-007
                   56                   55   3.2444263885213247E-004
                   56                   56  -3.3928265022367568E-003
                   56                   57   3.2511314299741461E-004
                   56                  116   8.0092790674996068E-007
                   56                  117  -1.6132470968846489E-006
                   56                  118   8.1231919013468818E-007
                   57                   56   3.2511314299741461E-004
                   57                   57  -3.3852425131314502E-003
                   57                   58   3.2537648679959678E-004
                   57                  117   8.1231919013468818E-007
                   57                  118  -1.6353675546694284E-006
                   57                  119   8.2304836453474026E-007
                   58                   57   3.2537648679959678E-004
                   58                   58  -3.3755398679673840E-003
                   58                   59   3.2523140513035379E-004
                   58                  118   8.2304836453474026E-007
                   58                  119  -1.6561357252145751E-006
                   58                  120   8.3308736067983469E-007
                   59                   58   3.2523140513035379E-004
                   59                   59  -3.3637237176251753E-003
                   59                   60   3.2467725022961236E-004
                   59                  119   8.3308736067983469E-007
                   59                  120  -1.6754953757906542E-006
                   59                  121   8.4240801511081947E-007
                   60                   59   3.2467725022961236E-004
                   60                   60  -3.3497986032181687E-003
                   60                   61   3.2371380302665672E-004
                   60                  120   8.4240801511081947E-007
                   60                  121  -1.6933897129646614E-006
                   61                   60   3.2371380302665672E-004
                   61                   61  -1.6699599598863663E-003
                   61                  121   8.5098169785384201E-007
                   62                    1   442.44832737035409     
                   62                   62  -12319.241945804140     
                   62                   63   8355.0107769941442     
                   63                    2   929.38146357740993     
                   63                   62   8355.0107769941442     
                   63                   63  -25074.530778454860     
                   63                   64   8725.2967203613862     
                   64                    3   1000.6520237398695     
                   64                   63   8725.2967203613862     
                   64                   64  -25071.182803104137     
                   64                   65   8339.4347530035066     
                   65                    4   1082.3062534337716     
                   65                   64   8339.4347530035066     
                   65                   65  -24650.710469673482     
                   65                   66   8395.1820462737760     
                   66                    5   1173.6329104232159     
                   66                   65   8395.1820462737760     
                   66                   66  -25312.266489174315     
                   66                   67   8885.6645836840526     
                   67                    6   1274.1925276913555     
                   67                   66   8885.6645836840526     
                   67                   67  -25156.014081450703     
                   67                   68   8256.6161665203945     
                   68                    7   1394.4916821231241     
                   68                   67   8256.6161665203945     
                   68                   68  -23915.747841777964     
                   68                   69   7802.0774737697802     
                   69                    8   1538.7247298062971     
                   69                   68   7802.0774737697802     
                   69                   69  -23833.956504000824     
                   69                   70   8172.5273607440195     
                   70                    9   1702.2169443887556     
                   70                   69   8172.5273607440195     
                   70                   70  -24347.574500048435     
                   70                   71   8229.0450415694304     
                   71                   10   1891.3970248853232     
                   71                   70   8229.0450415694304     
                   71                   71  -24181.444798886463     
                   71                   72   8056.6391614953782     
                   72                   11   2115.8082785300358     
                   72                   71   8056.6391614953782     
                   72                   72  -24239.587877980353     
                   72                   73   8264.3522457247800     
                   73                   12   2378.1082141915404     
                   73                   72   8264.3522457247800     
                   73                   73  -24531.107393683506     
                   73                   74   8312.0501597284510     
                   74                   13   2684.6005064402125     
                   74                   73   8312.0501597284510     
                   74                   74  -25313.299158967588     
                   74                   75   9000.8280012356026     
                   75                   14   3030.6221959929376     
                   75                   74   9000.8280012356026     
                   75                   75  -26447.801549892065     
                   75                   76   9272.7260761927646     
                   76                   15   3436.5055330132227     
                   76                   75   9272.7260761927646     
                   76                   76  -26248.100796333834     
                   76                   77   8874.5465273578830     
                   77                   16   3942.9609934882646     
                   77                   76   8874.5465273578830     
                   77                   77  -25820.494897456199     
                   77                   78   8847.0557074402041     
                   78                   17   4573.4544667197115     
                   78                   77   8847.0557074402041     
                   78                   78  -25902.014925814139     
                   78                   79   8965.2009783337271     
                   79                   18   5354.8132292044065     
                   79                   78   8965.2009783337271     
                   79                   79  -26343.627379183155     
                   79                   80   9215.9183787608181     
                   80                   19   6308.1188430221428     
                   80                   79   9215.9183787608181     
                   80                   80  -27779.766982229135     
                   80                   81   10317.058218117987     
                   81                   20   7407.8502350151857     
                   81                   80   10317.058218117987     
                   81                   81  -30333.969296201634     
                   81                   82   11488.921380852331     
                   82                   21   8706.1999396396350     
                   82                   81   11488.921380852331     
                   82                   82  -30584.646529103826     
                   82                   83   10556.748569951802     
                   83                   22   10502.023655358948     
                   83                   82   10556.748569951802     
                   83                   83  -28304.605048559693     
                   83                   84   9369.5705069745964     
                   84                   23   13173.342442089210     
                   84                   83   9369.5705069745964     
                   84                   84  -27189.409199432670     
                   84                   85   9524.0142144403944     
                   85                   24   16971.563113181066     
                   85                   84   9524.0142144403944     
                   85                   85  -28124.938622031987     
                   85                   86   10106.273143634022     
                   86                   25   22409.102432725369     
                   86                   85   10106.273143634022     
                   86                   86  -28625.841213713436     
                   86                   87   9907.6245821397952     
                   87                   26   31032.867937189498     
                   87                   86   9907.6245821397952     
                   87                   87  -28410.519428574182     
                   87                   88   9702.2621470077465     
                   88                   27   46074.510936094703     
                   88                   87   9702.2621470077465     
                   88                   88  -28735.499800570411     
                   88                   89   9751.0771176523849     
                   89                   28   75083.248510262929     
                   89                   88   9751.0771176523849     
                   89                   89  -30758.061159277520     
                   89                   90   10043.742941130975     
                   90                   29   140684.81119707820     
                   90                   89   10043.742941130975     
                   90                   90  -38316.956163531831     
                   90                   91   10249.756374946312     
                   91                   30   381714.56035047473     
                   91                   90   10249.756374946312     
                   91                   91  -85759.722020554575     
                   91                   92   8128.8494054710973     
                   92                   31   1041768.9961342025     
                   92                   91   8128.8494054585626     
                   92                   92  -351325.26299266249     
                   92                   93   6217.1319115575043     
                   93                   32   71277.349436420613     
                   93                   92   6217.4749844150001     
                   93                   93  -45686.677484316286     
                   93                   94   6151.3608783466425     
                   94                   93   6151.7262668170042     
                   94                   94  -21853.221226483423     
                   94                   95   6141.1568992387301     
                   95                   94   6141.4165403579718     
                   95                   95  -21822.036379220637     
                   95                   96   6133.0120336416931     
                   96                   95   6133.0725772021397     
                   96                   96  -21800.422017514466     
                   96                   97   6128.6368165014474     
                   97                   96   6128.4553347082738     
                   97                   97  -21790.539601799777     
                   97                   98   6127.7027512586892     
                   98                   97   6127.2901794000745     
                   98                   98  -21790.926752284908     
                   98                   99   6129.3489132894383     
                   99                   98   6128.7518934646978     
                   99                   99  -21798.886206764280     
                   99                  100   6132.7119000505281     
                  100                   99   6131.9886473010765     
                  100                  100  -21811.557540878384     
                  100                  101   6136.9844311886282     
                  101                  100   6136.1870018408363     
                  101                  101  -21826.481366802407     
                  101                  102   6141.5632739463554     
                  102                  101   6140.7299406750890     
                  102                  102  -21841.913870957233     
                  102                  103   6146.0649466053101     
                  103                  102   6145.2202661003730     
                  103                  103  -21856.784830204157     
                  103                  104   6150.2739783641955     
                  104                  103   6149.4324588789023     
                  104                  104  -21870.503960435937     
                  104                  105   6154.0779585058353     
                  105                  104   6153.2482126082368     
                  105                  105  -21882.760710642739     
                  105                  106   6157.4166775783906     
                  106                  105   6156.6045540325422     
                  106                  106  -21893.380127511671     
                  106                  107   6160.2516096175123     
                  107                  106   6159.4620014600696     
                  107                  107  -21902.241701761290     
                  107                  108   6162.5516897672169     
                  108                  107   6161.7893040787394     
                  108                  108  -21909.244281751147     
                  108                  109   6164.2888486139900     
                  109                  108   6163.5583633982797     
                  109                  109  -21914.296752321592     
                  109                  110   6165.4379664495773     
                  110                  109   6164.7439211666078     
                  110                  110  -21917.319379054574     
                  110                  111   6165.9780206947480     
                  111                  110   6165.3246519357153     
                  111                  111  -21918.247269842541     
                  111                  112   6165.8929402618969     
                  112                  111   6165.2840608112892     
                  112                  112  -21917.032334158423     
                  112                  113   6165.1717429893588     
                  113                  112   6164.6106915385171     
                  113                  113  -21913.642950770045     
                  113                  114   6163.8080355703896     
                  114                  113   6163.2976893405639     
                  114                  114  -21908.061803790632     
                  114                  115   6161.7991167320124     
                  115                  114   6161.3419471109255     
                  115                  115  -21900.282681222947     
                  115                  116   6159.1449201967589     
                  116                  115   6158.7430710493090     
                  116                  116  -21890.306946495690     
                  116                  117   6155.8469711785001     
                  117                  116   6155.5023436933134     
                  117                  117  -21878.140178545364     
                  117                  118   6151.9074610839934     
                  118                  117   6151.6217941835648     
                  118                  118  -21863.789263155817     
                  118                  119   6147.3284893680393     
                  119                  118   6147.1034292794066     
                  119                  119  -21847.260053553378     
                  119                  120   6142.1114827996898     
                  120                  119   6141.9486389094036     
                  120                  120  -21828.555606365604     
                  120                  121   6136.2567779735009     
                  121                  120   6136.1577646477690     
                  121                  121  -21807.674928785887     
