 #              _____________________  _______________________             #
 #              ___  __ \__  __ \_  / / /_  /___  ____/_  ___/             #
 #              __  / / /_  /_/ /  / / /_  __/_  __/  _____ \              #
 #              _  /_/ /_  _, _// /_/ / / /_ _  /___  ____/ /              #
 #              /_____/ /_/ |_| \____/  \__/ /_____/  /____/               #
 #                                                                         #
  
 DRUtES is initializing, reading input files
 ---------------------------------------------------------------
 15hrs : 06min : 47.433s  -  2021/02/04    total number of parallel images is:                    1
 ---------------------------------------------------------------
 15hrs : 06min : 47.434s  -  2021/02/04    reading input files and allocating...
 ---------------------------------------------------------------
 15hrs : 06min : 47.436s  -  2021/02/04    number of nodes:                   61 number of elements:                   60
 ---------------------------------------------------------------
 15hrs : 06min : 47.440s  -  2021/02/04    analyzing mesh structure...
 ---------------------------------------------------------------
 15hrs : 06min : 47.447s  -  2021/02/04    DRUtES solves coupled water and heat flow considering freezing and melting
 ---------------------------------------------------------------
 15hrs : 06min : 47.448s  -  2021/02/04    making output files for observation time
 ---------------------------------------------------------------
 15hrs : 06min : 47.468s  -  2021/02/04    go 4 solving
 ---------------------------------------------------------------
 15hrs : 06min : 47.593s  -  2021/02/04    current simulation time:   1.0000000000000000 total iteration count:                    2
 ---------------------------------------------------------------
 15hrs : 07min : 51.935s  -  2021/02/04    making output files for observation time
 ---------------------------------------------------------------
 15hrs : 09min : 49.960s  -  2021/02/04    making output files for observation time
 ---------------------------------------------------------------
 15hrs : 10min : 54.746s  -  2021/02/04    making output files for observation time
 ---------------------------------------------------------------
 15hrs : 12min : 32.636s  -  2021/02/04    making output files for observation time
 ---------------------------------------------------------------
 15hrs : 14min : 40.618s  -  2021/02/04    making output files for observation time
 ---------------------------------------------------------------
 15hrs : 14min : 40.730s  -  2021/02/04    # real elapsed CPU time =   7.8841666666667152 min
 ---------------------------------------------------------------
 15hrs : 14min : 40.736s  -  2021/02/04    minimal adjusted time step was  0.81000000000000005
 ---------------------------------------------------------------
 15hrs : 14min : 40.736s  -  2021/02/04    F I N I S H E D !!!!!
 ---------------------------------------------------------------
 15hrs : 14min : 40.762s  -  2021/02/04    Peak RAM  consumption on image                    1 was:                    0 kB
