 #              _____________________  _______________________             #
 #              ___  __ \__  __ \_  / / /_  /___  ____/_  ___/             #
 #              __  / / /_  /_/ /  / / /_  __/_  __/  _____ \              #
 #              _  /_/ /_  _, _// /_/ / / /_ _  /___  ____/ /              #
 #              /_____/ /_/ |_| \____/  \__/ /_____/  /____/               #
 #                                                                         #
  
 DRUtES is initializing, reading input files
 ---------------------------------------------------------------
 17hrs : 32min : 39.175s  -  2020/12/10    total number of parallel images is:                    1
 ---------------------------------------------------------------
 17hrs : 32min : 39.178s  -  2020/12/10    reading input files and allocating...
 ---------------------------------------------------------------
 17hrs : 32min : 39.182s  -  2020/12/10    number of nodes:                   61 number of elements:                   60
 ---------------------------------------------------------------
 17hrs : 32min : 39.185s  -  2020/12/10    analyzing mesh structure...
 ---------------------------------------------------------------
 17hrs : 32min : 39.197s  -  2020/12/10    DRUtES solves coupled water and heat flow considering freezing and melting
 ---------------------------------------------------------------
 17hrs : 32min : 39.197s  -  2020/12/10    making output files for observation time
 ---------------------------------------------------------------
 17hrs : 32min : 39.215s  -  2020/12/10    go 4 solving
 ---------------------------------------------------------------
 17hrs : 32min : 39.312s  -  2020/12/10    current simulation time:   1.0000000000000000 total iteration count:                    2
 ---------------------------------------------------------------
 17hrs : 33min : 09.763s  -  2020/12/10    making output files for observation time
 ---------------------------------------------------------------
 17hrs : 33min : 34.379s  -  2020/12/10    making output files for observation time
 ---------------------------------------------------------------
 17hrs : 33min : 53.428s  -  2020/12/10    making output files for observation time
 ---------------------------------------------------------------
 17hrs : 34min : 24.924s  -  2020/12/10    making output files for observation time
 ---------------------------------------------------------------
 17hrs : 35min : 56.129s  -  2020/12/10    making output files for observation time
 ---------------------------------------------------------------
 17hrs : 35min : 56.383s  -  2020/12/10    # real elapsed CPU time =   3.3003333333336440 min
 ---------------------------------------------------------------
 17hrs : 35min : 56.391s  -  2020/12/10    minimal adjusted time step was  0.91011600000000015
 ---------------------------------------------------------------
 17hrs : 35min : 56.391s  -  2020/12/10    F I N I S H E D !!!!!
 ---------------------------------------------------------------
 17hrs : 35min : 56.422s  -  2020/12/10    Peak RAM  consumption on image                    1 was:                    0 kB
