 #              _____________________  _______________________             #
 #              ___  __ \__  __ \_  / / /_  /___  ____/_  ___/             #
 #              __  / / /_  /_/ /  / / /_  __/_  __/  _____ \              #
 #              _  /_/ /_  _, _// /_/ / / /_ _  /___  ____/ /              #
 #              /_____/ /_/ |_| \____/  \__/ /_____/  /____/               #
 #                                                                         #
  
 DRUtES is initializing, reading input files
 ---------------------------------------------------------------
 15hrs : 32min : 59.247s  -  2021/01/04    total number of parallel images is:                    1
 ---------------------------------------------------------------
 15hrs : 32min : 59.248s  -  2021/01/04    reading input files and allocating...
 ---------------------------------------------------------------
 15hrs : 32min : 59.266s  -  2021/01/04    number of nodes:                   61 number of elements:                   60
 ---------------------------------------------------------------
 15hrs : 32min : 59.270s  -  2021/01/04    analyzing mesh structure...
 ---------------------------------------------------------------
 15hrs : 32min : 59.280s  -  2021/01/04    DRUtES solves coupled water and heat flow considering freezing and melting
 ---------------------------------------------------------------
 15hrs : 32min : 59.280s  -  2021/01/04    making output files for observation time
 ---------------------------------------------------------------
 15hrs : 32min : 59.299s  -  2021/01/04    go 4 solving
 ---------------------------------------------------------------
 15hrs : 32min : 59.391s  -  2021/01/04    current simulation time:   1.0000000000000000 total iteration count:                    2
 ---------------------------------------------------------------
 15hrs : 33min : 44.096s  -  2021/01/04    making output files for observation time
 ---------------------------------------------------------------
 15hrs : 34min : 39.763s  -  2021/01/04    making output files for observation time
 ---------------------------------------------------------------
 15hrs : 35min : 51.391s  -  2021/01/04    making output files for observation time
 ---------------------------------------------------------------
 15hrs : 38min : 24.793s  -  2021/01/04    making output files for observation time
 ---------------------------------------------------------------
 15hrs : 38min : 24.823s  -  2021/01/04    making output files for observation time
 ---------------------------------------------------------------
 15hrs : 38min : 24.920s  -  2021/01/04    # real elapsed CPU time =   5.4338333333333289 min
 ---------------------------------------------------------------
 15hrs : 38min : 24.926s  -  2021/01/04    minimal adjusted time step was  0.91011600000000015
 ---------------------------------------------------------------
 15hrs : 38min : 24.926s  -  2021/01/04    F I N I S H E D !!!!!
 ---------------------------------------------------------------
 15hrs : 38min : 24.955s  -  2021/01/04    Peak RAM  consumption on image                    1 was:                    0 kB
