                  121                  121                  589
                    1                    1 -0.99999937578376330     
                    1                    2   6.6421746842976563E-020
                    1                   62  -6.2421623676155495E-007
                    1                   63   8.9368431088397838E-018
                    2                    1   3.3259997731166699E-020
                    2                    2 -0.99999935199716572     
                    2                    3   3.7909305188334762E-020
                    2                   62   4.4750310802046314E-018
                    2                   63  -6.4800283424480522E-007
                    2                   64   5.0924527683916518E-018
                    3                    2   3.8140222939033496E-020
                    3                    3 -0.99999931132074649     
                    3                    4   4.3626530045529001E-020
                    3                   63   5.1234725334064529E-018
                    3                   64  -6.8867925356423351E-007
                    3                   65   5.8509927919433707E-018
                    4                    3   4.3740276893801252E-020
                    4                    4 -0.99999926945209949     
                    4                    5   5.0215409058954327E-020
                    4                   64   5.8662480045090427E-018
                    4                   65  -7.3054790055026801E-007
                    4                   66   6.7236387062948673E-018
                    5                    4   5.0145753342195814E-020
                    5                    5 -0.99999922691036114     
                    5                    6   5.7757516823014364E-020
                    5                   65   6.7143120895832039E-018
                    5                   66  -7.7308963876888808E-007
                    5                   67   7.7207250193164666E-018
                    6                    5   5.7041483286909029E-020
                    6                    6 -0.99999918976908286     
                    6                    7   6.5910932014785216E-020
                    6                   66   7.6250093732678592E-018
                    6                   67  -8.1023091709002501E-007
                    6                   68   8.7959773339345253E-018
                    7                    6   6.6252629110400712E-020
                    7                    7 -0.99999913434344756     
                    7                    8   7.6858596583123902E-020
                    7                   67   8.8415776587399919E-018
                    7                   68  -8.6565655240816228E-007
                    7                   69   1.0239723366239658E-017
                    8                    7   7.6685291833959968E-020
                    8                    8 -0.99999908025912532     
                    8                    9   8.9332562251819475E-020
                    8                   68   1.0216634307001178E-017
                    8                   69  -9.1974087470094041E-007
                    8                   70   1.1881382585917883E-017
                    9                    8   8.9139011526783571E-020
                    9                    9 -0.99999902090870285     
                    9                   10   1.0428141876926084E-019
                    9                   69   1.1855640010579556E-017
                    9                   70  -9.7909129713752295E-007
                    9                   71   1.3845817524965807E-017
                   10                    9   1.0436283057849559E-019
                   10                   10 -0.99999895254630766     
                   10                   11   1.2266793539804890E-019
                   10                   70   1.3856626862509784E-017
                   10                   71  -1.0474536923232759E-006
                   10                   72   1.6258832447225740E-017
                   11                   10   1.2259662571300867E-019
                   11                   11 -0.99999887850937264     
                   11                   12   1.4481776752330771E-019
                   11                   71   1.6249380814921245E-017
                   11                   72  -1.1214906274275019E-006
                   11                   73   1.9161043353340078E-017
                   12                   11   1.4469295080907525E-019
                   12                   12 -0.99999879684190685     
                   12                   13   1.7181825359466870E-019
                   12                   72   1.9144528677595991E-017
                   12                   73  -1.2031580931397533E-006
                   12                   74   2.2693330954442338E-017
                   13                   12   1.7172931070310838E-019
                   13                   13 -0.99999870563942839     
                   13                   14   2.0507988508348016E-019
                   13                   73   2.2681583596801367E-017
                   13                   74  -1.2943605715120188E-006
                   13                   75   2.7038096371871225E-017
                   14                   13   2.0508869198480312E-019
                   14                   14 -0.99999860308526645     
                   14                   15   2.4641119205509243E-019
                   14                   74   2.7039257489387019E-017
                   14                   75  -1.3969147334603523E-006
                   14                   76   3.2428735081524347E-017
                   15                   14   2.4620550673841933E-019
                   15                   15 -0.99999848949526726     
                   15                   16   2.9774466295281073E-019
                   15                   75   3.2401666040589467E-017
                   15                   76  -1.5105047327066917E-006
                   15                   77   3.9113138167578537E-017
                   16                   15   2.9776671173961331E-019
                   16                   16 -0.99999836023513666     
                   16                   17   3.6265054770592331E-019
                   16                   76   3.9116034599830535E-017
                   16                   77  -1.6397648633148416E-006
                   16                   78   4.7551973509413959E-017
                   17                   16   3.6264001968354938E-019
                   17                   17 -0.99999821424611324     
                   17                   18   4.4504869816848349E-019
                   17                   77   4.7550593039305197E-017
                   17                   78  -1.7857538866197849E-006
                   17                   79   5.8248094903073174E-017
                   18                   17   4.4489343105159314E-019
                   18                   18 -0.99999804897775768     
                   18                   19   5.5053559555107661E-019
                   18                   78   5.8227773500500422E-017
                   18                   79  -1.9510222422433933E-006
                   18                   80   7.1919409032234329E-017
                   19                   18   5.5072449626621229E-019
                   19                   19 -0.99999785868000091     
                   19                   20   6.8770479101502761E-019
                   19                   79   7.1944086142866423E-017
                   19                   80  -2.1413199989588659E-006
                   19                   81   8.9668868405491098E-017
                   20                   19   6.8777712736561754E-019
                   20                   20 -0.99999764042013795     
                   20                   21   8.6740704499971133E-019
                   20                   80   8.9678300241340908E-017
                   20                   81  -2.3595798618068340E-006
                   20                   82   1.1288441616131783E-016
                   21                   20   8.6745216648026360E-019
                   21                   21 -0.99999738798865101     
                   21                   22   1.1059900407676296E-018
                   21                   81   1.1289028827409098E-016
                   21                   82  -2.6120113488271834E-006
                   21                   83   1.4365680676237256E-016
                   22                   21   1.1063380811114149E-018
                   22                   22 -0.99999709298974948     
                   22                   23   1.4276703408629423E-018
                   22                   82   1.4370201364721752E-016
                   22                   83  -2.9070102502643920E-006
                   22                   84   1.8507995484152364E-016
                   23                   22   1.4280049169651976E-018
                   23                   23 -0.99999674657935333     
                   23                   24   1.8675903800588940E-018
                   23                   83   1.8512332853090003E-016
                   23                   84  -3.2534206461936383E-006
                   23                   85   2.4163625216542905E-016
                   24                   23   1.8678907838427293E-018
                   24                   24 -0.99999633616712658     
                   24                   25   2.4796422240517056E-018
                   24                   84   2.4167511959869355E-016
                   24                   85  -3.6638328729220790E-006
                   24                   86   3.2019250007389179E-016
                   25                   24   2.4797837189082118E-018
                   25                   25 -0.99999584523237328     
                   25                   26   3.3476477735236554E-018
                   25                   85   3.2021077109356261E-016
                   25                   86  -4.1547676259820087E-006
                   25                   87   4.3141604609767440E-016
                   26                   25   3.3477937293368085E-018
                   26                   26 -0.99999525097453723     
                   26                   27   4.6061911443727083E-018
                   26                   86   4.3143485562725324E-016
                   26                   87  -4.7490254617606226E-006
                   26                   88   5.9241451072237450E-016
                   27                   26   4.6064614463676617E-018
                   27                   27 -0.99999452231473684     
                   27                   28   6.4772383346449792E-018
                   27                   87   5.9244927498183926E-016
                   27                   88  -5.4776852617617561E-006
                   27                   89   8.3136861021922759E-016
                   28                   27   6.4776072270406718E-018
                   28                   28 -0.99999361589317426     
                   28                   29   9.3397085026275025E-018
                   28                   88   8.3141595841648129E-016
                   28                   89  -6.3841068236928919E-006
                   28                   90   1.1963270588373506E-015
                   29                   28   9.3401626531034491E-018
                   29                   29 -0.99999246930010277     
                   29                   30   1.3867413733636643E-017
                   29                   89   1.1963852311564340E-015
                   29                   90  -7.5306998941858869E-006
                   29                   91   1.7726287644884795E-015
                   30                   29   1.3867920021524356E-017
                   30                   30 -0.99999099015047133     
                   30                   31   2.1316060948942444E-017
                   30                   90   1.7726934817090163E-015
                   30                   91  -9.0098495240934796E-006
                   30                   92   2.7191166083208438E-015
                   31                   30   2.1316629956626853E-017
                   31                   31 -0.99998903694868446     
                   31                   32   3.4159874500546166E-017
                   31                   91   2.7191891920054490E-015
                   31                   92  -1.0963051308426127E-005
                   31                   93   4.3483900058194802E-015
                   32                   31   3.4161573002727426E-017
                   32                   32 -0.99998638370244108     
                   32                   33   5.7614184786440845E-017
                   32                   92   4.3486062170912681E-015
                   32                   93  -1.3616297547228008E-005
                   32                   94   7.3185598339533792E-015
                   33                   32   5.7618110592954160E-017
                   33                   33 -0.99998265249854212     
                   33                   34   1.0361381118061168E-016
                   33                   93   7.3190585175669855E-015
                   33                   94  -1.7347501437297732E-005
                   33                   95   1.3133794617111289E-014
                   34                   33   1.0361998985927985E-016
                   34                   34 -0.99997717140272935     
                   34                   35   2.0247249787298700E-016
                   34                   94   1.3134577809001521E-014
                   34                   95  -2.2828597231578373E-005
                   34                   96   2.5609840310188597E-014
                   35                   34   2.0248396741479179E-016
                   35                   35 -0.99996864696999244     
                   35                   36   4.4247100490786434E-016
                   35                   95   2.5611291041212005E-014
                   35                   96  -3.1353029925344459E-005
                   35                   97   5.5845021425975199E-014
                   36                   35   4.4250386879475769E-016
                   36                   36 -0.99995431695472570     
                   36                   37   1.1338020945550347E-015
                   36                   96   5.5849169233283122E-014
                   36                   97  -4.5683045074153682E-005
                   36                   98   1.4278352588853626E-013
                   37                   36   1.1339046836242726E-015
                   37                   37 -0.99992735479578077     
                   37                   38   3.7149400002659506E-015
                   37                   97   1.4279644527640276E-013
                   37                   98  -7.2645203604935314E-005
                   37                   99   4.6668679500477914E-013
                   38                   37   3.7153911083546779E-015
                   38                   38 -0.99986667481849278     
                   38                   39   1.8804458918348742E-014
                   38                   98   4.6674346514968424E-013
                   38                   99  -1.3332517866866212E-004
                   38                  100   2.3494018941108076E-012
                   39                   38   1.8808559995590228E-014
                   39                   39 -0.99967808379868672     
                   39                   40   2.4998818786240951E-013
                   39                   99   2.3499142767686059E-012
                   39                  100  -3.2191616890039698E-004
                   39                  101   2.9794215840187237E-011
                   40                   39   2.5011165100534027E-013
                   40                   40 -0.99863359928541817     
                   40                   41   4.5098956147290368E-011
                   40                  100   2.9808930485548048E-011
                   40                  101  -1.3663973601310516E-003
                   40                  102   3.2792928021947863E-009
                   41                   40   4.5278453382107440E-011
                   41                   41 -0.99098966399753396     
                   41                   42   2.7062572200815966E-007
                   41                  101   3.2923446339983226E-009
                   41                  102  -9.0066332458054177E-003
                   41                  103   3.4287933154104693E-006
                   42                   41   2.7072126283350181E-007
                   42                   42 -0.94421838099691313     
                   42                   43   5.2793772702409945E-005
                   42                  102   3.4300038054586843E-006
                   42                  103  -5.5553706558163184E-002
                   42                  104   1.7141794715302706E-004
                   43                   42   5.4398422474730990E-005
                   43                   43 -0.90480276958647921     
                   43                   44   3.7466356238946157E-004
                   43                  103   1.7662814062454401E-004
                   43                  104  -9.3976529954560989E-002
                   43                  105   6.1501033347101906E-004
                   44                   43   3.8634438853303463E-004
                   44                   44 -0.90557281605927764     
                   44                   45   7.2887585015835705E-004
                   44                  104   6.3418441257270732E-004
                   44                  105  -9.1842354801545192E-002
                   44                  106   8.3542448791317577E-004
                   45                   44   7.3587594431346801E-004
                   45                   45 -0.91163832631335462     
                   45                   46   9.4565521580172046E-004
                   45                  105   8.4344787087147670E-004
                   45                  106  -8.4919278456606934E-002
                   45                  107   9.1741619905179133E-004
                   46                   45   9.4752315897232199E-004
                   46                   46 -0.91509491490298589     
                   46                   47   1.0600980408116574E-003
                   46                  106   9.1922836197859880E-004
                   46                  107  -8.1028553714512438E-002
                   46                  108   9.4968182073917363E-004
                   47                   46   1.0605301292969879E-003
                   47                   47 -0.91683254877196085     
                   47                   48   1.1175007051338374E-003
                   47                  107   9.5006890435188839E-004
                   47                  108  -7.9075782028940639E-002
                   47                  109   9.6356946031580582E-004
                   48                   47   1.1175723890359669E-003
                   48                   48 -0.91767768731924504     
                   48                   49   1.1454390045727537E-003
                   48                  108   9.6363127004762169E-004
                   48                  109  -7.8125844768601183E-002
                   48                  110   9.6982524849743683E-004
                   49                   48   1.1454402106818474E-003
                   49                   49 -0.91808230512736044     
                   49                   50   1.1588227516541978E-003
                   49                  109   9.6982626969109858E-004
                   49                  110  -7.7670902321286692E-002
                   49                  111   9.7270331932565685E-004
                   50                   49   1.1588789253639518E-003
                   50                   50 -0.92117135990335974     
                   50                   51   1.1654332113664376E-003
                   50                  110   9.7275047093176622E-004
                   50                  111  -7.4827518403251317E-002
                   50                  112   7.0405908572666702E-004
                   51                   50   1.1551136303302328E-003
                   51                   51 -0.97732877710184574     
                   51                   52   1.1568516262357312E-003
                   51                  111   6.9782484191194521E-004
                   51                  112  -1.9659445331510511E-002
                   51                  113   1.9874681658563067E-006
                   52                   51   1.1539616040575399E-003
                   52                   52 -0.99768390628492454     
                   52                   53   1.1542014487940203E-003
                   52                  112   1.9825031150688833E-006
                   52                  113  -3.9653311119750034E-006
                   52                  114   1.9828279969061205E-006
                   53                   52   1.1541316487307962E-003
                   53                   53 -0.99768363357266965     
                   53                   54   1.1543034717865803E-003
                   53                  113   1.9827080858458019E-006
                   53                  114  -3.9656534065298197E-006
                   53                  115   1.9829453206840187E-006
                   54                   53   1.1542210406286987E-003
                   54                   54 -0.99768335576526179     
                   54                   55   1.1544912519119628E-003
                   54                  114   1.9828037145268905E-006
                   54                  115  -3.9659710987739634E-006
                   54                  116   1.9831673842470725E-006
                   55                   54   1.1543581680145507E-003
                   55                   55 -0.99768292466255615     
                   55                   56   1.1547842861715819E-003
                   55                  115   1.9829387747671145E-006
                   55                  116  -3.9664416289078165E-006
                   55                  117   1.9835028541407020E-006
                   56                   55   1.1545816970199487E-003
                   56                   56 -0.99768228494810396     
                   56                   57   1.1551991154298404E-003
                   56                  116   1.9831548790554034E-006
                   56                  117  -3.9671197231238567E-006
                   56                  118   1.9839648440684533E-006
                   57                   56   1.1549216369791282E-003
                   57                   57 -0.99768142657732528     
                   57                   58   1.1557157585150150E-003
                   57                  117   1.9834882963600572E-006
                   57                  118  -3.9680135903195122E-006
                   57                  119   1.9845252939594558E-006
                   58                   57   1.1553846417487808E-003
                   58                   58 -0.99768041914873962     
                   58                   59   1.1562581050916982E-003
                   58                  118   1.9839567202483125E-006
                   58                  119  -3.9690522099509008E-006
                   58                  120   1.9850954897025887E-006
                   59                   58   1.1559291056551701E-003
                   59                   59 -0.99767943017912308     
                   59                   60   1.1567005777265845E-003
                   59                  119   1.9845306544857016E-006
                   59                  120  -3.9700687475687095E-006
                   59                  121   1.9855380930830074E-006
                   60                   59   1.1564561525003454E-003
                   60                   60 -0.99768067311068653     
                   60                   61   1.1569147760299334E-003
                   60                  120   1.9851185241755875E-006
                   60                  121  -3.9708422590054399E-006
                   61                   60   2.3136509996749973E-003
                   61                   61 -0.99768237785932201     
                   61                  121   3.9711410030850783E-006
                   62                    1   1.9863963113538496E-002
                   62                   62 -0.58507830143037909     
                   62                   63  0.39505773545608247     
                   63                    2   2.0556180670297734E-002
                   63                   62  0.19758795370988055     
                   63                   63 -0.58474644320437519     
                   63                   64  0.19710942241544663     
                   64                    3   2.1671318568625621E-002
                   64                   63  0.19731405927488513     
                   64                   64 -0.58421974862011650     
                   64                   65  0.19679487353637262     
                   65                    4   2.2865197400576669E-002
                   65                   64  0.19686640721843221     
                   65                   65 -0.58363229936685412     
                   65                   66  0.19663609601413701     
                   66                    5   2.4077703878221477E-002
                   66                   65  0.19604206588363410     
                   66                   66 -0.58276255882699357     
                   66                   67  0.19711767141115091     
                   67                    6   2.5343371431368441E-002
                   67                   66  0.19618612653202819     
                   67                   67 -0.58183996114032133     
                   67                   68  0.19663054089628196     
                   68                    7   2.6804662729815108E-002
                   68                   67  0.19636515503070393     
                   68                   68 -0.58092719373122337     
                   68                   69  0.19590298850825774     
                   69                    8   2.8387006645385616E-002
                   69                   68  0.19556364905988860     
                   69                   69 -0.58000855279072983     
                   69                   70  0.19604079150399598     
                   70                    9   3.0079757026342403E-002
                   70                   69  0.19548936103125505     
                   70                   70 -0.57893274171504294     
                   70                   71  0.19549814022735965     
                   71                   10   3.1960749606108362E-002
                   71                   70  0.19513160531476367     
                   71                   71 -0.57781687289775030     
                   71                   72  0.19509077218137760     
                   72                   11   3.4010457293019290E-002
                   72                   71  0.19464250591669308     
                   72                   72 -0.57659463857720439     
                   72                   73  0.19475239821308318     
                   73                   12   3.6247472954903361E-002
                   73                   72  0.19421333083836942     
                   73                   73 -0.57523960768157567     
                   73                   74  0.19429958852515158     
                   74                   13   3.8713399483214887E-002
                   74                   73  0.19375659681983348     
                   74                   74 -0.57376536938839573     
                   74                   75  0.19376463430855587     
                   75                   14   4.1434375798913792E-002
                   75                   74  0.19318666084402658     
                   75                   75 -0.57214145664196103     
                   75                   76  0.19323750671509871     
                   76                   15   4.4436030135055135E-002
                   76                   75  0.19257801437956049     
                   76                   76 -0.57035012760897830     
                   76                   77  0.19263582787640610     
                   77                   16   4.7771294944837187E-002
                   77                   76  0.19194309553066352     
                   77                   77 -0.56836710818787606     
                   77                   78  0.19191850133662319     
                   78                   17   5.1482909401712823E-002
                   78                   77  0.19115642539224423     
                   78                   78 -0.56616590247701404     
                   78                   79  0.19119476272902894     
                   79                   18   5.5621531549815147E-002
                   79                   78  0.19033341144165825     
                   79                   79 -0.56370980305647911     
                   79                   80  0.19033525395204737     
                   80                   19   6.0266699697105873E-002
                   80                   79  0.18940333279866459     
                   80                   80 -0.56096132138504629     
                   80                   81  0.18936864611918330     
                   81                   20   6.5489869088062230E-002
                   81                   80  0.18831738912166548     
                   81                   81 -0.55787266298422311     
                   81                   82  0.18832007880604928     
                   82                   21   7.1384678845319807E-002
                   82                   81  0.18712576630284325     
                   82                   82 -0.55438415867410973     
                   82                   83  0.18710539617772720     
                   83                   22   7.8074585056241139E-002
                   83                   82  0.18576414841834898     
                   83                   83 -0.55042932357784780     
                   83                   84  0.18573194294756210     
                   84                   23   8.5694998345040838E-002
                   84                   83  0.18420022544844092     
                   84                   84 -0.54592443367731758     
                   84                   85  0.18418034252920068     
                   85                   24   9.4412934385669334E-002
                   85                   84  0.18241592350018748     
                   85                   85 -0.54076685955527892     
                   85                   86  0.18240428255886437     
                   86                   25  0.10443757040951621     
                   86                   85  0.18036650218872624     
                   86                   86 -0.53483440781670488     
                   86                   87  0.18036151958505259     
                   87                   26  0.11602838493998262     
                   87                   86  0.17800189081055373     
                   87                   87 -0.52797509999113890     
                   87                   88  0.17799462425832482     
                   88                   27  0.12950676015868592     
                   88                   87  0.17525065802310166     
                   88                   88 -0.52000058280654282     
                   88                   89  0.17524199901166959     
                   89                   28  0.14526987313146411     
                   89                   88  0.17203124950547657     
                   89                   89 -0.51067638841702379     
                   89                   90  0.17202248894603547     
                   90                   29  0.16381332852190034     
                   90                   89  0.16824254554437509     
                   90                   90 -0.49971037235888444     
                   90                   91  0.16823375357484013     
                   91                   30  0.18575631649414179     
                   91                   90  0.16375698079724615     
                   91                   91 -0.48673824202476912     
                   91                   92  0.16374846068384291     
                   92                   31  0.21187154615960604     
                   92                   91  0.15841618480856351     
                   92                   92 -0.47130665844936742     
                   92                   93  0.15840561058246302     
                   93                   32  0.24311694484448657     
                   93                   92  0.15202127896483103     
                   93                   93 -0.45285530134944951     
                   93                   94  0.15200647484123292     
                   94                   33  0.28065738585247774     
                   94                   93  0.14432735379332010     
                   94                   94 -0.43070519559039361     
                   94                   95  0.14431006476380845     
                   95                   34  0.32586417754167318     
                   95                   94  0.13504607506772176     
                   95                   95 -0.40406304133855708     
                   95                   96  0.13502670605204806     
                   96                   35  0.38025491999750100     
                   96                   95  0.12385160616172199     
                   96                   96 -0.37206606383825841     
                   96                   97  0.12382741000251851     
                   97                   36  0.44528210880055347     
                   97                   96  0.11041126351436231     
                   97                   97 -0.33392675556196788     
                   97                   98  0.11037987212311635     
                   98                   37  0.52180101980595317     
                   98                   97   9.4468827822985380E-002
                   98                   98 -0.28930326051398003     
                   98                   99   9.4426891857081335E-002
                   99                   38  0.60882989440803914     
                   99                   98   7.6000241192722431E-002
                   99                   99 -0.23923137247167164     
                   99                  100   7.5938491927566798E-002
                  100                   39  0.70008420617633049     
                  100                   99   5.5433393984866630E-002
                  100                  100 -0.18915995004634364     
                  100                  101   5.5322449792459323E-002
                  101                   40  0.76804371697849816     
                  101                  100   3.3771529678407873E-002
                  101                  101 -0.16469705279652744     
                  101                  102   3.3487700546566537E-002
                  102                   41  0.74795842488539277     
                  102                  101   1.4344043397650568E-002
                  102                  102 -0.22413892871342467     
                  102                  103   1.3558603003531939E-002
                  103                   42  0.64594348722509498     
                  103                  102   4.0493263681132593E-003
                  103                  103 -0.34648313111400192     
                  103                  104   3.5240552927897390E-003
                  104                   43  0.69362947422828991     
                  104                  103   1.9116557293447096E-003
                  104                  104 -0.30263871800333209     
                  104                  105   1.8201520390333376E-003
                  105                   44  0.69116349904694219     
                  105                  104   1.9473307964587825E-003
                  105                  105 -0.30495026025250449     
                  105                  106   1.9389099040944787E-003
                  106                   45  0.59832748098925082     
                  106                  105   2.7571687940112491E-003
                  106                  106 -0.39615788987203582     
                  106                  107   2.7574603447022678E-003
                  107                   46  0.46186419289654512     
                  107                  106   3.8804050878521231E-003
                  107                  107 -0.53037363534966075     
                  107                  108   3.8817666659421509E-003
                  108                   47  0.33259947317911004     
                  108                  107   4.9353711392278697E-003
                  108                  108 -0.65752864596108285     
                  108                  109   4.9365097205791618E-003
                  109                   48  0.23971754718189231     
                  109                  108   5.6923132505546058E-003
                  109                  109 -0.74889711864691377     
                  109                  110   5.6930209206392966E-003
                  110                   49  0.18440565940670600     
                  110                  109   6.1429765468257519E-003
                  110                  110 -0.80330801066980184     
                  110                  111   6.1433533766663238E-003
                  111                   50  0.15505402518597927     
                  111                  110   6.5792762652094007E-003
                  111                  111 -0.83178714758542016     
                  111                  112   6.5795509633912175E-003
                  112                   51  0.13202757298476087     
                  112                  111   2.3034464366662191E-002
                  112                  112 -0.82190269686373385     
                  112                  113   2.3035265784843190E-002
                  113                  112  0.18015193353041095     
                  113                  113 -0.63969287156570653     
                  113                  114  0.18015519490388235     
                  114                  113  0.18015255547081485     
                  114                  114 -0.63969257498702436     
                  114                  115  0.18015486954216081     
                  115                  114  0.18015195848163945     
                  115                  115 -0.63969238719094224     
                  115                  116  0.18015565432741826     
                  116                  115  0.18015099900763565     
                  116                  116 -0.63969211884018817     
                  116                  117  0.18015688215217615     
                  117                  116  0.18014984388439306     
                  117                  117 -0.63969174769944126     
                  117                  118  0.18015840841616573     
                  118                  117  0.18014883577584431     
                  118                  118 -0.63969129089450361     
                  118                  119  0.18015987332965205     
                  119                  118  0.18014852704505468     
                  119                  119 -0.63969080381473276     
                  119                  120  0.18016066914021267     
                  120                  119  0.18014946265165252     
                  120                  120 -0.63969037004635110     
                  120                  121  0.18016016730199633     
                  121                  120  0.21973969457589992     
                  121                  121 -0.78026030542410008     
