 #              _____________________  _______________________             #
 #              ___  __ \__  __ \_  / / /_  /___  ____/_  ___/             #
 #              __  / / /_  /_/ /  / / /_  __/_  __/  _____ \              #
 #              _  /_/ /_  _, _// /_/ / / /_ _  /___  ____/ /              #
 #              /_____/ /_/ |_| \____/  \__/ /_____/  /____/               #
 #                                                                         #
  
 DRUtES is initializing, reading input files
 ---------------------------------------------------------------
 16hrs : 29min : 43.484s  -  2021/01/12    total number of parallel images is:                    1
 ---------------------------------------------------------------
 16hrs : 29min : 43.485s  -  2021/01/12    reading input files and allocating...
 ---------------------------------------------------------------
 16hrs : 29min : 43.489s  -  2021/01/12    number of nodes:                   61 number of elements:                   60
 ---------------------------------------------------------------
 16hrs : 29min : 43.493s  -  2021/01/12    analyzing mesh structure...
 ---------------------------------------------------------------
 16hrs : 29min : 43.505s  -  2021/01/12    DRUtES solves coupled water and heat flow considering freezing and melting
 ---------------------------------------------------------------
 16hrs : 29min : 43.506s  -  2021/01/12    making output files for observation time
 ---------------------------------------------------------------
 16hrs : 29min : 43.524s  -  2021/01/12    go 4 solving
 ---------------------------------------------------------------
 16hrs : 29min : 43.621s  -  2021/01/12    current simulation time:   1.0000000000000000 total iteration count:                    2
 ---------------------------------------------------------------
 16hrs : 30min : 15.263s  -  2021/01/12    making output files for observation time
 ---------------------------------------------------------------
 16hrs : 30min : 56.520s  -  2021/01/12    making output files for observation time
 ---------------------------------------------------------------
 16hrs : 31min : 25.374s  -  2021/01/12    making output files for observation time
 ---------------------------------------------------------------
 16hrs : 31min : 56.669s  -  2021/01/12    making output files for observation time
 ---------------------------------------------------------------
 16hrs : 33min : 08.221s  -  2021/01/12    making output files for observation time
 ---------------------------------------------------------------
 16hrs : 33min : 08.371s  -  2021/01/12    # real elapsed CPU time =   3.4003333333333408 min
 ---------------------------------------------------------------
 16hrs : 33min : 08.378s  -  2021/01/12    minimal adjusted time step was  0.91011600000000015
 ---------------------------------------------------------------
 16hrs : 33min : 08.379s  -  2021/01/12    F I N I S H E D !!!!!
 ---------------------------------------------------------------
 16hrs : 33min : 08.404s  -  2021/01/12    Peak RAM  consumption on image                    1 was:                    0 kB
