 #              _____________________  _______________________             #
 #              ___  __ \__  __ \_  / / /_  /___  ____/_  ___/             #
 #              __  / / /_  /_/ /  / / /_  __/_  __/  _____ \              #
 #              _  /_/ /_  _, _// /_/ / / /_ _  /___  ____/ /              #
 #              /_____/ /_/ |_| \____/  \__/ /_____/  /____/               #
 #                                                                         #
  
 DRUtES is initializing, reading input files
 ---------------------------------------------------------------
 17hrs : 28min : 20.516s  -  2021/01/04    total number of parallel images is:                    1
 ---------------------------------------------------------------
 17hrs : 28min : 20.517s  -  2021/01/04    reading input files and allocating...
 ---------------------------------------------------------------
 17hrs : 28min : 20.519s  -  2021/01/04    number of nodes:                   61 number of elements:                   60
 ---------------------------------------------------------------
 17hrs : 28min : 20.524s  -  2021/01/04    analyzing mesh structure...
 ---------------------------------------------------------------
 17hrs : 28min : 20.533s  -  2021/01/04    DRUtES solves coupled water and heat flow considering freezing and melting
 ---------------------------------------------------------------
 17hrs : 28min : 20.533s  -  2021/01/04    making output files for observation time
 ---------------------------------------------------------------
 17hrs : 28min : 20.551s  -  2021/01/04    go 4 solving
 ---------------------------------------------------------------
 17hrs : 28min : 20.644s  -  2021/01/04    current simulation time:   1.0000000000000000 total iteration count:                    2
 ---------------------------------------------------------------
 17hrs : 28min : 43.676s  -  2021/01/04    making output files for observation time
 ---------------------------------------------------------------
 17hrs : 29min : 31.446s  -  2021/01/04    making output files for observation time
 ---------------------------------------------------------------
 17hrs : 30min : 29.561s  -  2021/01/04    making output files for observation time
 ---------------------------------------------------------------
 17hrs : 32min : 23.597s  -  2021/01/04    making output files for observation time
 ---------------------------------------------------------------
 17hrs : 32min : 23.618s  -  2021/01/04    making output files for observation time
 ---------------------------------------------------------------
 17hrs : 32min : 23.731s  -  2021/01/04    # real elapsed CPU time =   4.0505000000000111 min
 ---------------------------------------------------------------
 17hrs : 32min : 23.737s  -  2021/01/04    minimal adjusted time step was  0.91011600000000015
 ---------------------------------------------------------------
 17hrs : 32min : 23.737s  -  2021/01/04    F I N I S H E D !!!!!
 ---------------------------------------------------------------
 17hrs : 32min : 23.759s  -  2021/01/04    Peak RAM  consumption on image                    1 was:                    0 kB
