                  121                  121                  542
                    1                    1  -4.6511350732569882E-005
                    1                    2   4.6511350732569882E-005
                    1                   62 -0.99726837310157934     
                    1                   63   2.6386041969556355E-003
                    2                    1   4.9124978728689795E-006
                    2                    2 -0.17007625735061488     
                    2                    3   4.3555919544405887E-002
                    2                   62   2.7868761712419800E-004
                    2                   63 -0.60151693362308456     
                    2                   64  0.18456728936689765     
                    3                    2   2.9228786814722862E-002
                    3                    3 -0.55542803719111777     
                    3                    4   3.8124585734525956E-002
                    3                   63  0.12385636694861568     
                    3                   64 -0.24687306417898164     
                    3                   65   6.4891591320360041E-003
                    4                    3   5.1714077432850128E-002
                    4                    4 -0.87584005903690776     
                    4                    5   5.2620461236265105E-002
                    4                   64   8.8022170303687121E-003
                    4                   65  -1.0585874963020764E-002
                    4                   66   4.3731030058760076E-004
                    5                    4   5.2627743935577752E-002
                    5                    5 -0.88867836873633066     
                    5                    6   5.6876655064746200E-002
                    5                   65   4.3737082456155843E-004
                    5                   66  -9.0861613167272329E-004
                    5                   67   4.7124530711116481E-004
                    6                    5   5.5405430821181254E-002
                    6                    6 -0.88350066067908695     
                    6                    7   5.9194703331383929E-002
                    6                   66   4.5905563949272065E-004
                    6                   67  -9.4960258417401528E-004
                    6                   68   4.9054694468129458E-004
                    7                    6   5.7908144580004352E-002
                    7                    7 -0.87891918056250740     
                    7                    8   6.1195227555421623E-002
                    7                   67   4.7988522278517989E-004
                    7                   68  -9.8872365103327259E-004
                    7                   69   5.0883842824809265E-004
                    8                    7   6.0093255700906609E-002
                    8                    8 -0.87492697784198892     
                    8                    9   6.2927627683293866E-002
                    8                   68   4.9967553027672335E-004
                    8                   69  -1.0260693869053583E-003
                    8                   70   5.2639385662863500E-004
                    9                    8   6.1984645233165062E-002
                    9                    9 -0.87144240232693559     
                    9                   10   6.4449069207576870E-002
                    9                   69   5.1850574473039784E-004
                    9                   70  -1.0619416161612783E-003
                    9                   71   5.4343587143088057E-004
                   10                    9   6.3632672196109644E-002
                   10                   10 -0.86836527849920542     
                   10                   11   6.5808719329894017E-002
                   10                   70   5.3655199511093985E-004
                   10                   71  -1.0966649873955236E-003
                   10                   72   5.6011299228458391E-004
                   11                   10   6.5089755554346207E-002
                   11                   11 -0.86560641543758332     
                   11                   12   6.7042825507609663E-002
                   11                   71   5.5399372791100450E-004
                   11                   72  -1.1305017502303801E-003
                   11                   73   5.7650802231937561E-004
                   12                   11   6.6399050736984794E-002
                   12                   12 -0.86309788034585866     
                   12                   13   6.8175809303101048E-002
                   12                   72   5.7097213809877503E-004
                   12                   73  -1.1636298070278220E-003
                   12                   74   5.9265766892904704E-004
                   13                   12   6.7591810534388189E-002
                   13                   13 -0.86079232956039986     
                   13                   14   6.9223554891630415E-002
                   13                   73   5.8758092172999244E-004
                   13                   74  -1.1961525067907643E-003
                   13                   75   6.0857158506077188E-004
                   14                   13   6.8689117334248442E-002
                   14                   14 -0.85865795430488601     
                   14                   15   7.0196689863432624E-002
                   14                   74   6.0387313361716832E-004
                   14                   75  -1.2281192487164920E-003
                   14                   76   6.2424611509932380E-004
                   15                   14   6.9704947964538633E-002
                   15                   15 -0.85667296647771773     
                   15                   16   7.1102994473429160E-002
                   15                   75   6.1987314579531035E-004
                   15                   76  -1.2595455421572127E-003
                   15                   77   6.3967239636190248E-004
                   16                   15   7.0648969912242995E-002
                   16                   16 -0.85482131940091766     
                   16                   17   7.1948854529942444E-002
                   16                   76   6.3558780075222458E-004
                   16                   77  -1.2904280784484280E-003
                   16                   78   6.5484027769620345E-004
                   17                   16   7.1528516210898299E-002
                   17                   17 -0.85308998808023828     
                   17                   18   7.2739987052690594E-002
                   17                   77   6.5101458146563074E-004
                   17                   78  -1.3207543280863384E-003
                   17                   79   6.6973974662070778E-004
                   18                   17   7.2349749036377003E-002
                   18                   18 -0.85146751922646746     
                   18                   19   7.3481716043572107E-002
                   18                   78   6.6614670349879584E-004
                   18                   79  -1.3505078467917634E-003
                   18                   80   6.8436114329296764E-004
                   19                   18   7.3118229030188372E-002
                   19                   19 -0.84994341231643189     
                   19                   20   7.4179017060723343E-002
                   19                   79   6.8097586051182066E-004
                   19                   80  -1.3796707963282305E-003
                   19                   81   6.9869493581640974E-004
                   20                   19   7.3839124172106266E-002
                   20                   20 -0.84850795511393928     
                   20                   21   7.4836470873220540E-002
                   20                   80   6.9549347198732785E-004
                   20                   81  -1.4082249203669908E-003
                   20                   82   7.1273144837966291E-004
                   21                   20   7.4517236768225886E-002
                   21                   21 -0.84715225695064189     
                   21                   22   7.5458202662588361E-002
                   21                   81   7.0969111011450771E-004
                   21                   82  -1.4361518092719304E-003
                   21                   83   7.2646069915742245E-004
                   22                   21   7.5156961672948983E-002
                   22                   22 -0.84586833146081697     
                   22                   23   7.6047840993692370E-002
                   22                   82   7.2356055401446380E-004
                   22                   83  -1.4634329362708622E-003
                   22                   84   7.3987238225639855E-004
                   23                   22   7.5762236899001162E-002
                   23                   23 -0.84464915714797972     
                   23                   24   7.6608506547118857E-002
                   23                   83   7.3709372898813686E-004
                   23                   84  -1.4900497029501402E-003
                   23                   85   7.5295597396200331E-004
                   24                   23   7.6336513553622712E-002
                   24                   24 -0.84348869068791554     
                   24                   25   7.7142828590388457E-002
                   24                   84   7.5028265792231831E-004
                   24                   85  -1.5159835840366032E-003
                   24                   86   7.6570092611428489E-004
                   25                   24   7.6882752414768898E-002
                   25                   25 -0.84238183240059961     
                   25                   26   7.7652982419729677E-002
                   25                   85   7.6311947334451987E-004
                   25                   86  -1.5412163824508685E-003
                   25                   87   7.7809690910634862E-004
                   26                   25   7.7403444740842375E-002
                   26                   26 -0.84132435400604544     
                   26                   27   7.8140740113593274E-002
                   26                   86   7.7559649649375521E-004
                   26                   87  -1.5657305697594067E-003
                   26                   88   7.9013407326565142E-004
                   27                   26   7.7900651114006861E-002
                   27                   27 -0.84031280171328848     
                   27                   28   7.8607527821511036E-002
                   27                   87   7.8770637039370897E-004
                   27                   88  -1.5895096755968415E-003
                   27                   89   8.0180330520313264E-004
                   28                   27   7.8376051488275811E-002
                   28                   28 -0.83934438681491497     
                   28                   29   7.9054484316050305E-002
                   28                   88   7.9944222740043500E-004
                   28                   89  -1.6125386903794539E-003
                   28                   90   8.1309646297901897E-004
                   29                   28   7.8831000448294594E-002
                   29                   29 -0.83841687356177907     
                   29                   30   7.9482517086498422E-002
                   29                   89   8.1079787177350834E-004
                   29                   90  -1.6348044517139758E-003
                   29                   91   8.2400657994046768E-004
                   30                   29   7.9266583031757168E-002
                   30                   30 -0.83752847138126885     
                   30                   31   7.9892353601810920E-002
                   30                   90   8.2176796082695396E-004
                   30                   91  -1.6562959925815524E-003
                   30                   92   8.3452803175459859E-004
                   31                   30   7.9683667846652387E-002
                   31                   31 -0.83667773604107865     
                   31                   32   8.0284586438653147E-002
                   31                   91   8.3234817217284608E-004
                   31                   92  -1.6770048368078651E-003
                   31                   93   8.4465666463501927E-004
                   32                   31   8.0082955412712056E-002
                   32                   32 -0.83586348235949703     
                   32                   33   8.0659711760340147E-002
                   32                   92   8.4253534848439710E-004
                   32                   93  -1.6969252337253713E-003
                   32                   94   8.5438988524097416E-004
                   33                   32   8.0465020606364401E-002
                   33                   33 -0.83508470955548886     
                   33                   34   8.1018161180055226E-002
                   33                   93   8.5232761463434207E-004
                   33                   94  -1.7160543290457553E-003
                   33                   95   8.6372671441141337E-004
                   34                   33   8.0830348791552417E-002
                   34                   34 -0.83434053927021834     
                   34                   35   8.1360327392615617E-002
                   34                   94   8.6172446485545547E-004
                   34                   95  -1.7343922728068006E-003
                   34                   96   8.7266780795134497E-004
                   35                   34   8.1179365705700016E-002
                   35                   35 -0.83363016560004999     
                   35                   36   8.1686584158304154E-002
                   35                   95   8.7072681971168682E-004
                   35                   96  -1.7519422679728419E-003
                   35                   97   8.8121544826115505E-004
                   36                   35   8.1512461481147436E-002
                   36                   36 -0.83295281607929483     
                   36                   37   8.1997301309495785E-002
                   36                   96   8.7933705421904733E-004
                   36                   97  -1.7687105650309315E-003
                   36                   98   8.8937351081188427E-004
                   37                   36   8.1830009357257344E-002
                   37                   37 -0.83230772236604222     
                   37                   38   8.2292855458862071E-002
                   37                   97   8.8755899949850229E-004
                   37                   98  -1.7847064089191714E-003
                   37                   99   8.9714740942066929E-004
                   38                   37   8.2132379712479137E-002
                   38                   38 -0.83169409935451832     
                   38                   39   8.2573637042959697E-002
                   38                   98   8.9539792097067541E-004
                   38                   99  -1.7999419450213982E-003
                   38                  100   9.0454402405072264E-004
                   39                   38   8.2419950048384302E-002
                   39                   39 -0.83111113151292515     
                   39                   40   8.2840054256865303E-002
                   39                   99   9.0286047640166878E-004
                   39                  100  -1.8144320909126647E-003
                   39                  101   9.1157161451099571E-004
                   40                   39   8.2693111512445919E-002
                   40                   40 -0.83055796538825177     
                   40                   41   8.3092534338964227E-002
                   40                  100   9.0995465715899176E-004
                   40                  101  -1.8281943801689764E-003
                   40                  102   9.1823972300998473E-004
                   41                   40   8.2952272471131711E-002
                   41                   41 -0.83003370740062909     
                   41                   42   8.3331522560312565E-002
                   41                  101   9.1668971590414775E-004
                   41                  102  -1.8412487839633059E-003
                   41                  103   9.2455906805915817E-004
                   42                   41   8.3197859552814044E-002
                   42                   42 -0.82953742624894933     
                   42                   43   8.3557479167362572E-002
                   42                  102   9.2307608368721937E-004
                   42                  103  -1.8536175154370133E-003
                   42                  104   9.3054143174979380E-004
                   43                   42   8.3430316480551381E-002
                   43                   43 -0.82906815945237755     
                   43                   44   8.3770874425025385E-002
                   43                  103   9.2912527906269054E-004
                   43                  104  -1.8653248210229124E-003
                   43                  105   9.3619954196022201E-004
                   44                   43   8.3650100914387848E-002
                   44                   44 -0.82862492374913421     
                   44                   45   8.3972181812378810E-002
                   44                  104   9.3484981144689207E-004
                   44                  105  -1.8763967620495797E-003
                   44                  106   9.4154695060268785E-004
                   45                   44   8.3857679425921941E-002
                   45                   45 -0.82820672925754513     
                   45                   46   8.4161869338308437E-002
                   45                  105   9.4026308051049377E-004
                   45                  106  -1.8868609891122782E-003
                   45                  107   9.4659790860178428E-004
                   46                   45   8.4053520637610332E-002
                   46                   46 -0.82781259746914726     
                   46                   47   8.4340388871473104E-002
                   46                  106   9.4537927296207101E-004
                   46                  107  -1.8967465108846262E-003
                   46                  108   9.5136723792255508E-004
                   47                   46   8.4238086478249055E-002
                   47                   47 -0.82744158328442452     
                   47                   48   8.4508163320739155E-002
                   47                  107   9.5021325764600272E-004
                   47                  108  -1.9060834582935876E-003
                   47                  109   9.5587020064758497E-004
                   48                   47   8.4411821436661733E-002
                   48                   48 -0.82709280141285657     
                   48                   49   8.4665571461853939E-002
                   48                  108   9.5478047946036260E-004
                   48                  109  -1.9149028443139107E-003
                   48                  110   9.6012236485354798E-004
                   49                   48   8.4575139640702318E-002
                   49                   49 -0.82676545753377650     
                   49                   50   8.4812930187353919E-002
                   49                  109   9.5909685221029809E-004
                   49                  110  -1.9232363190835773E-003
                   49                  111   9.6413946687327933E-004
                   50                   49   8.4728409551499559E-002
                   50                   50 -0.82645888464540884     
                   50                   51   8.4950473963841297E-002
                   50                  110   9.6317865016039847E-004
                   50                  111  -1.9311159196251176E-003
                   50                  112   9.6793726946471908E-004
                   51                   50   8.4871936047398122E-002
                   51                   51 -0.82617258500795743     
                   51                   52   8.5078331318237790E-002
                   51                  111   9.6704239774894965E-004
                   51                  112  -1.9385738132033600E-003
                   51                  113   9.7153141545441044E-004
                   52                   51   8.5005939682588461E-002
                   52                   52 -0.82590627800401495     
                   52                   53   8.5196498246836533E-002
                   52                  112   9.7070475668995513E-004
                   52                  113  -1.9456420332801239E-003
                   52                  114   9.7493727659016857E-004
                   53                   52   8.5130532946635751E-002
                   53                   53 -0.82565995408793635     
                   53                   54   8.5304808551121200E-002
                   53                  113   9.7418240953048155E-004
                   53                  114  -1.9523522071533360E-003
                   53                  115   9.7816979762285435E-004
                   54                   53   8.5245693427041955E-002
                   54                   54 -0.82543393476932492     
                   54                   55   8.5402901254247807E-002
                   54                  114   9.7749193866110092E-004
                   54                  115  -1.9587352746925917E-003
                   54                  116   9.8124333603149074E-004
                   55                   54   8.5351233890915854E-002
                   55                   55 -0.82522893827196753     
                   55                   56   8.5490185440938019E-002
                   55                  115   9.8064969980584467E-004
                   55                  116  -1.9648211980892731E-003
                   55                  117   9.8417149828342845E-004
                   56                   55   8.5446769455072152E-002
                   56                   56 -0.82504615013117399     
                   56                   57   8.5565803087377088E-002
                   56                  116   9.8367168914582199E-004
                   56                  117  -1.9706386631884432E-003
                   56                  118   9.8696697404262123E-004
                   57                   56   8.5531682205249399E-002
                   57                   57 -0.82488729754848689     
                   57                   58   8.5628590698862569E-002
                   57                  117   9.8657340345051402E-004
                   57                  118  -1.9762147737005941E-003
                   57                  119   9.8964137025008003E-004
                   58                   57   8.5605083850133046E-002
                   58                   58 -0.82475472582931231     
                   58                   59   8.5677040839914079E-002
                   58                  118   9.8936969288394481E-004
                   58                  119  -1.9815747403202862E-003
                   58                  120   9.9220504743634122E-004
                   59                   58   8.5665777246291916E-002
                   59                   59 -0.82465147470945666     
                   59                   60   8.5709264909440017E-002
                   59                  119   9.9207460648816385E-004
                   59                  120  -1.9867415674057931E-003
                   59                  121   9.9466696091762927E-004
                   60                   59   8.5797761222871138E-002
                   60                   60 -0.82540430844001278     
                   60                   61   8.5808512813704593E-002
                   60                  120   9.9569397193243554E-004
                   60                  121  -1.9937235514789660E-003
                   61                   60  0.17180570999405745     
                   61                   61 -0.82619603627928340     
                   61                  121   1.9982537266591224E-003
                   62                    1  0.26160781398435889     
                   62                   62 -0.68406301828920901     
                   62                   63   5.4329167726432183E-002
                   63                    2  0.15688564047637069     
                   63                   62   1.7388531843305865E-002
                   63                   63 -0.81828225429275570     
                   63                   64   7.4435733875678391E-003
                   64                    3  0.15549189959715601     
                   64                   63   1.7206068778548130E-002
                   64                   64 -0.81518918244247762     
                   64                   65   1.2112849181818350E-002
                   65                    4   4.0512842295644544E-002
                   65                   64  0.15919934160163240     
                   65                   65 -0.64247027847072091     
                   65                   66  0.15781753763200218     
                   66                   65  0.18061113008307217     
                   66                   66 -0.63752078815396629     
                   66                   67  0.18186808176296146     
                   67                   66  0.18074107201664094     
                   67                   67 -0.63748885812482869     
                   67                   68  0.18177006985853034     
                   68                   67  0.18086062001221107     
                   68                   68 -0.63746431633520328     
                   68                   69  0.18167506365258557     
                   69                   68  0.18095817558789867     
                   69                   69 -0.63744558646529426     
                   69                   70  0.18159623794680715     
                   70                   69  0.18103289630221503     
                   70                   70 -0.63743106394007765     
                   70                   71  0.18153603975770738     
                   71                   70  0.18108859724221976     
                   71                   71 -0.63741951300557587     
                   71                   72  0.18149188975220451     
                   72                   71  0.18113020292515586     
                   72                   72 -0.63741009852219199     
                   72                   73  0.18145969855265212     
                   73                   72  0.18116202855685892     
                   73                   73 -0.63740228715049851     
                   73                   74  0.18143568429264256     
                   74                   73  0.18118722611321048     
                   74                   74 -0.63739573534877036     
                   74                   75  0.18141703853801930     
                   75                   74  0.18120784259298320     
                   75                   75 -0.63739020579543648     
                   75                   76  0.18140195161158026     
                   76                   75  0.18122510642180684     
                   76                   76 -0.63738551690358580     
                   76                   77  0.18138937667460731     
                   77                   76  0.18123972887246337     
                   77                   77 -0.63738151720501113     
                   77                   78  0.18137875392252550     
                   78                   77  0.18125213497513645     
                   78                   78 -0.63737807475378283     
                   78                   79  0.18136979027108063     
                   79                   78  0.18126261093899057     
                   79                   79 -0.63737507400532922     
                   79                   80  0.18136231505568012     
                   80                   79  0.18127138508167345     
                   80                   80 -0.63737241551867418     
                   80                   81  0.18135619939965228     
                   81                   80  0.18127866519823160     
                   81                   81 -0.63737001610050426     
                   81                   82  0.18135131870126409     
                   82                   81  0.18128465130604302     
                   82                   82 -0.63736780844523622     
                   82                   83  0.18134754024872077     
                   83                   82  0.18128953649819238     
                   83                   83 -0.63736574008704794     
                   83                   84  0.18134472341475968     
                   84                   83  0.18129350335506242     
                   84                   84 -0.63736377180722437     
                   84                   85  0.18134272483771310     
                   85                   84  0.18129671973702072     
                   85                   85 -0.63736187573050695     
                   85                   86  0.18134140453247236     
                   86                   85  0.18129933559872685     
                   86                   86 -0.63736003332618230     
                   86                   87  0.18134063107509080     
                   87                   86  0.18130148129002979     
                   87                   87 -0.63735823347487097     
                   87                   88  0.18134028523509926     
                   88                   87  0.18130326725056281     
                   88                   88 -0.63735647070427359     
                   88                   89  0.18134026204516360     
                   89                   88  0.18130478479124104     
                   89                   89 -0.63735474364938505     
                   89                   90  0.18134047155937391     
                   90                   89  0.18130610761597690     
                   90                   90 -0.63735305375770390     
                   90                   91  0.18134083862631906     
                   91                   90  0.18130729377445320     
                   91                   91 -0.63735140423648973     
                   91                   92  0.18134130198905701     
                   92                   91  0.18130838780114719     
                   92                   92 -0.63734979922466339     
                   92                   93  0.18134181297418958     
                   93                   92  0.18130942286261492     
                   93                   93 -0.63734824316417082     
                   93                   94  0.18134233397321425     
                   94                   93  0.18131042279385981     
                   94                   94 -0.63734674034248184     
                   94                   95  0.18134283686365835     
                   95                   94  0.18131140395227763     
                   95                   95 -0.63734529457787192     
                   95                   96  0.18134330146985034     
                   96                   95  0.18131237685387910     
                   96                   96 -0.63734390902112403     
                   96                   97  0.18134371412499695     
                   97                   96  0.18131334758270745     
                   97                   97 -0.63734258605038452     
                   97                   98  0.18134406636690800     
                   98                   97  0.18131431898223435     
                   98                   98 -0.63734132723960146     
                   98                   99  0.18134435377816421     
                   99                   98  0.18131529164882201     
                   99                   99 -0.63734013338478135     
                   99                  100  0.18134457496639669     
                  100                   99  0.18131626475375653     
                  100                  100 -0.63733900457605130     
                  100                  101  0.18134473067019216     
                  101                  100  0.18131723672310915     
                  101                  101 -0.63733794030696322     
                  101                  102  0.18134482296992757     
                  102                  101  0.18131820580511451     
                  102                  102 -0.63733693961558535     
                  102                  103  0.18134485457930014     
                  103                  102  0.18131917055345284     
                  103                  103 -0.63733600125468293     
                  103                  104  0.18134482819186426     
                  104                  103  0.18132013025260138     
                  104                  104 -0.63733512389062352     
                  104                  105  0.18134474585677515     
                  105                  104  0.18132108530853575     
                  105                  105 -0.63733430633258059     
                  105                  106  0.18134460835888369     
                  106                  105  0.18132203762484586     
                  106                  106 -0.63733354779515983     
                  106                  107  0.18134441457999428     
                  107                  106  0.18132299098069710     
                  107                  107 -0.63733284819865443     
                  107                  108  0.18134416082064830     
                  108                  107  0.18132395142323432     
                  108                  108 -0.63733220851173733     
                  108                  109  0.18134384006502829     
                  109                  108  0.18132492768266331     
                  109                  109 -0.63733163114146141     
                  109                  110  0.18134344117587525     
                  110                  109  0.18132593161345570     
                  110                  110 -0.63733112037485928     
                  110                  111  0.18134294801168499     
                  111                  110  0.18132697865972697     
                  111                  111 -0.63733068287513273     
                  111                  112  0.18134233846514039     
                  112                  111  0.18132808833691438     
                  112                  112 -0.63733032823337499     
                  112                  113  0.18134158342971055     
                  113                  112  0.18132928471540469     
                  113                  113 -0.63733006957387628     
                  113                  114  0.18134064571071909     
                  114                  113  0.18133059688516193     
                  114                  114 -0.63732992420736345     
                  114                  115  0.18133947890747468     
                  115                  114  0.18133205937384222     
                  115                  115 -0.63732991432213015     
                  115                  116  0.18133802630402771     
                  116                  115  0.18133371248505933     
                  116                  116 -0.63733006769801526     
                  116                  117  0.18133621981692546     
                  117                  116  0.18133560251893494     
                  117                  117 -0.63733041842291571     
                  117                  118  0.18133397905814930     
                  118                  117  0.18133778183456239     
                  118                  118 -0.63733100758626615     
                  118                  119  0.18133121057917151     
                  119                  118  0.18134030871418444     
                  119                  119 -0.63733188391913542     
                  119                  120  0.18132780736668017     
                  120                  119  0.18134324699222418     
                  120                  120 -0.63733310434672452     
                  120                  121  0.18132364866105122     
                  121                  120  0.22151067003037606     
                  121                  121 -0.77848932996962406     
