 #              _____________________  _______________________             #
 #              ___  __ \__  __ \_  / / /_  /___  ____/_  ___/             #
 #              __  / / /_  /_/ /  / / /_  __/_  __/  _____ \              #
 #              _  /_/ /_  _, _// /_/ / / /_ _  /___  ____/ /              #
 #              /_____/ /_/ |_| \____/  \__/ /_____/  /____/               #
 #                                                                         #
  
 DRUtES is initializing, reading input files
 ---------------------------------------------------------------
 15hrs : 53min : 37.173s  -  2021/02/04    total number of parallel images is:                    1
 ---------------------------------------------------------------
 15hrs : 53min : 37.174s  -  2021/02/04    reading input files and allocating...
 ---------------------------------------------------------------
 15hrs : 53min : 37.176s  -  2021/02/04    number of nodes:                   61 number of elements:                   60
 ---------------------------------------------------------------
 15hrs : 53min : 37.180s  -  2021/02/04    analyzing mesh structure...
 ---------------------------------------------------------------
 15hrs : 53min : 37.187s  -  2021/02/04    DRUtES solves coupled water and heat flow considering freezing and melting
 ---------------------------------------------------------------
 15hrs : 53min : 37.187s  -  2021/02/04    making output files for observation time
 ---------------------------------------------------------------
 15hrs : 53min : 37.205s  -  2021/02/04    go 4 solving
 ---------------------------------------------------------------
 15hrs : 53min : 37.328s  -  2021/02/04    current simulation time:   1.0000000000000000 total iteration count:                    2
 ---------------------------------------------------------------
 15hrs : 55min : 53.774s  -  2021/02/04    making output files for observation time
 ---------------------------------------------------------------
 15hrs : 59min : 55.234s  -  2021/02/04    making output files for observation time
 ---------------------------------------------------------------
 16hrs : 01min : 45.560s  -  2021/02/04    making output files for observation time
 ---------------------------------------------------------------
 16hrs : 06min : 32.693s  -  2021/02/04    making output files for observation time
 ---------------------------------------------------------------
 16hrs : 09min : 57.667s  -  2021/02/04    making output files for observation time
 ---------------------------------------------------------------
 16hrs : 09min : 57.756s  -  2021/02/04    # real elapsed CPU time =   16.335000000000097 min
 ---------------------------------------------------------------
 16hrs : 09min : 57.764s  -  2021/02/04    minimal adjusted time step was  0.81000000000000005
 ---------------------------------------------------------------
 16hrs : 09min : 57.764s  -  2021/02/04    F I N I S H E D !!!!!
 ---------------------------------------------------------------
 16hrs : 09min : 57.791s  -  2021/02/04    Peak RAM  consumption on image                    1 was:                    0 kB
