                  121                  121                  540
                    1                    1  -1.5727095161764521E-003
                    1                    2   6.9641588211664854E-007
                    1                   62  -1.0686945528129240E-005
                    1                   63   1.3000360612657865E-009
                    2                    1   6.9641588211664854E-007
                    2                    2  -3.2266776965730022E-003
                    2                    3   1.0058044251177050E-006
                    2                   62   1.3000360612657865E-009
                    2                   63  -1.3605890837527902E-006
                    2                   64   2.0341136752505026E-009
                    3                    2   1.0058044251177050E-006
                    3                    3  -3.1926219413404141E-003
                    3                    4   1.0529617986891357E-006
                    3                   63   2.0341136752505026E-009
                    3                   64  -4.3246002062906562E-009
                    3                   65   2.2904865310401536E-009
                    4                    3   1.0529617986891357E-006
                    4                    4  -3.1859635012199197E-003
                    4                    5   1.0948521359865655E-006
                    4                   64   2.2904865310401536E-009
                    4                   65  -4.7774515159377971E-009
                    4                   66   2.4869649848976431E-009
                    5                    4   1.0948521359865655E-006
                    5                    5  -3.1861126625515332E-003
                    5                    6   1.1194484493139620E-006
                    5                   65   2.4869649848976431E-009
                    5                   66  -5.0933110789776791E-009
                    5                   67   2.6063460940800361E-009
                    6                    5   1.1194484493139620E-006
                    6                    6  -3.1862102831799240E-003
                    6                    7   1.1321657580430572E-006
                    6                   66   2.6063460940800361E-009
                    6                   67  -5.2756156218261137E-009
                    6                   68   2.6692695277460780E-009
                    7                    6   1.1321657580430572E-006
                    7                    7  -3.1862606399625567E-003
                    7                    8   1.1380177905212076E-006
                    7                   67   2.6692695277460780E-009
                    7                   68  -5.3677724665398022E-009
                    7                   69   2.6985029387937242E-009
                    8                    7   1.1380177905212076E-006
                    8                    8  -3.1862833993890243E-003
                    8                    9   1.1404465934869606E-006
                    8                   68   2.6985029387937242E-009
                    8                   69  -5.4091909542734519E-009
                    8                   70   2.7106880154797278E-009
                    9                    8   1.1404465934869606E-006
                    9                    9  -3.1862926251162199E-003
                    9                   10   1.1413671298849151E-006
                    9                   69   2.7106880154797278E-009
                    9                   70  -5.4260023579843476E-009
                    9                   71   2.7153143425046203E-009
                   10                    9   1.1413671298849151E-006
                   10                   10  -3.1862960376250939E-003
                   10                   11   1.1416891011426971E-006
                   10                   70   2.7153143425046203E-009
                   10                   71  -5.4322478699114159E-009
                   10                   72   2.7169335274067957E-009
                   11                   10   1.1416891011426971E-006
                   11                   11  -3.1862972041313007E-003
                   11                   12   1.1417939343436087E-006
                   11                   71   2.7169335274067957E-009
                   11                   72  -5.4343943775309961E-009
                   11                   73   2.7174608501242009E-009
                   12                   11   1.1417939343436087E-006
                   12                   12  -3.1862975761278306E-003
                   12                   13   1.1418259397392493E-006
                   12                   72   2.7174608501242009E-009
                   12                   73  -5.4350827027295805E-009
                   12                   74   2.7176218526053796E-009
                   13                   12   1.1418259397392493E-006
                   13                   13  -3.1862976876069950E-003
                   13                   14   1.1418351574874134E-006
                   13                   73   2.7176218526053796E-009
                   13                   74  -5.4352900759294836E-009
                   13                   75   2.7176682233241040E-009
                   14                   13   1.1418351574874134E-006
                   14                   14  -3.1862977191861952E-003
                   14                   15   1.1418376748458688E-006
                   14                   74   2.7176682233241040E-009
                   14                   75  -5.4353491105286882E-009
                   14                   76   2.7176808872045846E-009
                   15                   14   1.1418376748458688E-006
                   15                   15  -3.1862977276836610E-003
                   15                   16   1.1418383296528615E-006
                   15                   75   2.7176808872045846E-009
                   15                   76  -5.4353650685017267E-009
                   15                   77   2.7176841812971421E-009
                   16                   15   1.1418383296528615E-006
                   16                   16  -3.1862977298647973E-003
                   16                   17   1.1418384925104787E-006
                   16                   76   2.7176841812971421E-009
                   16                   77  -5.4353691818712754E-009
                   16                   78   2.7176850005741337E-009
                   17                   16   1.1418384925104787E-006
                   17                   17  -3.1862977304008039E-003
                   17                   18   1.1418385313705021E-006
                   17                   77   2.7176850005741337E-009
                   17                   78  -5.4353701966388187E-009
                   17                   79   2.7176851960646850E-009
                   18                   17   1.1418385313705021E-006
                   18                   18  -3.1862977305273151E-003
                   18                   19   1.1418385402933314E-006
                   18                   78   2.7176851960646850E-009
                   18                   79  -5.4353704370168487E-009
                   18                   80   2.7176852409521637E-009
                   19                   18   1.1418385402933314E-006
                   19                   19  -3.1862977305560760E-003
                   19                   20   1.1418385422701532E-006
                   19                   79   2.7176852409521637E-009
                   19                   80  -5.4353704918490112E-009
                   19                   81   2.7176852508968471E-009
                   20                   19   1.1418385422701532E-006
                   20                   20  -3.1862977305623938E-003
                   20                   21   1.1418385426937417E-006
                   20                   80   2.7176852508968471E-009
                   20                   81  -5.4353705039246099E-009
                   20                   82   2.7176852530277628E-009
                   21                   20   1.1418385426937417E-006
                   21                   21  -3.1862977305637339E-003
                   21                   22   1.1418385427817238E-006
                   21                   81   2.7176852530277628E-009
                   21                   82  -5.4353705064981168E-009
                   21                   83   2.7176852534703536E-009
                   22                   21   1.1418385427817238E-006
                   22                   22  -3.1862977305640084E-003
                   22                   23   1.1418385427994630E-006
                   22                   82   2.7176852534703536E-009
                   22                   83  -5.4353705070299667E-009
                   22                   84   2.7176852535596130E-009
                   23                   22   1.1418385427994630E-006
                   23                   23  -3.1862977305640644E-003
                   23                   24   1.1418385428029450E-006
                   23                   83   2.7176852535596130E-009
                   23                   84  -5.4353705071367433E-009
                   23                   85   2.7176852535771307E-009
                   24                   23   1.1418385428029450E-006
                   24                   24  -3.1862977305640739E-003
                   24                   25   1.1418385428036167E-006
                   24                   84   2.7176852535771307E-009
                   24                   85  -5.4353705071576246E-009
                   24                   86   2.7176852535804944E-009
                   25                   24   1.1418385428036167E-006
                   25                   25  -3.1862977305640769E-003
                   25                   26   1.1418385428037393E-006
                   25                   85   2.7176852535804944E-009
                   25                   86  -5.4353705071616092E-009
                   25                   87   2.7176852535811148E-009
                   26                   25   1.1418385428037393E-006
                   26                   26  -3.1862977305640821E-003
                   26                   27   1.1418385428037566E-006
                   26                   86   2.7176852535811148E-009
                   26                   87  -5.4353705071623313E-009
                   26                   88   2.7176852535812165E-009
                   27                   26   1.1418385428037566E-006
                   27                   27  -3.1862977305640800E-003
                   27                   28   1.1418385428037606E-006
                   27                   87   2.7176852535812165E-009
                   27                   88  -5.4353705071624537E-009
                   27                   89   2.7176852535812376E-009
                   28                   27   1.1418385428037606E-006
                   28                   28  -3.1862977305640817E-003
                   28                   29   1.1418385428037640E-006
                   28                   88   2.7176852535812376E-009
                   28                   89  -5.4353705071624843E-009
                   28                   90   2.7176852535812467E-009
                   29                   28   1.1418385428037640E-006
                   29                   29  -3.1862977305640730E-003
                   29                   30   1.1418385428037725E-006
                   29                   89   2.7176852535812467E-009
                   29                   90  -5.4353705071625116E-009
                   29                   91   2.7176852535812653E-009
                   30                   29   1.1418385428037725E-006
                   30                   30  -3.1862977305640739E-003
                   30                   31   1.1418385428037640E-006
                   30                   90   2.7176852535812653E-009
                   30                   91  -5.4353705071625116E-009
                   30                   92   2.7176852535812467E-009
                   31                   30   1.1418385428037640E-006
                   31                   31  -3.1862977305640791E-003
                   31                   32   1.1418385428037590E-006
                   31                   91   2.7176852535812467E-009
                   31                   92  -5.4353705071624827E-009
                   31                   93   2.7176852535812360E-009
                   32                   31   1.1418385428037590E-006
                   32                   32  -3.1862977305640787E-003
                   32                   33   1.1418385428037623E-006
                   32                   92   2.7176852535812360E-009
                   32                   93  -5.4353705071624785E-009
                   32                   94   2.7176852535812430E-009
                   33                   32   1.1418385428037623E-006
                   33                   33  -3.1862977305640808E-003
                   33                   34   1.1418385428037611E-006
                   33                   93   2.7176852535812430E-009
                   33                   94  -5.4353705071624835E-009
                   33                   95   2.7176852535812401E-009
                   34                   33   1.1418385428037611E-006
                   34                   34  -3.1862977305640791E-003
                   34                   35   1.1418385428037606E-006
                   34                   94   2.7176852535812401E-009
                   34                   95  -5.4353705071624835E-009
                   34                   96   2.7176852535812430E-009
                   35                   34   1.1418385428037606E-006
                   35                   35  -3.1862977305640795E-003
                   35                   36   1.1418385428037702E-006
                   35                   95   2.7176852535812430E-009
                   35                   96  -5.4353705071625232E-009
                   35                   97   2.7176852535812798E-009
                   36                   35   1.1418385428037702E-006
                   36                   36  -3.1862977305640730E-003
                   36                   37   1.1418385428038066E-006
                   36                   96   2.7176852535812798E-009
                   36                   97  -5.4353705071627234E-009
                   36                   98   2.7176852535814432E-009
                   37                   36   1.1418385428038066E-006
                   37                   37  -3.1862977305640722E-003
                   37                   38   1.1418385428039521E-006
                   37                   97   2.7176852535814432E-009
                   37                   98  -5.4353705071636531E-009
                   37                   99   2.7176852535822095E-009
                   38                   37   1.1418385428039521E-006
                   38                   38  -3.1862977305640800E-003
                   38                   39   1.1418385428047803E-006
                   38                   98   2.7176852535822095E-009
                   38                   99  -5.4353705071685881E-009
                   38                  100   2.7176852535863785E-009
                   39                   38   1.1418385428047803E-006
                   39                   39  -3.1862977305640934E-003
                   39                   40   1.1418385428090188E-006
                   39                   99   2.7176852535863785E-009
                   39                  100  -5.4353705071940727E-009
                   39                  101   2.7176852536076942E-009
                   40                   39   1.1418385428090188E-006
                   40                   40  -3.1862977305641615E-003
                   40                   41   1.1418385428300892E-006
                   40                  100   2.7176852536076942E-009
                   40                  101  -5.4353705073213750E-009
                   40                  102   2.7176852537136812E-009
                   41                   40   1.1418385428300892E-006
                   41                   41  -3.1862977305644846E-003
                   41                   42   1.1418385429318568E-006
                   41                  101   2.7176852537136812E-009
                   41                  102  -5.4353705079393194E-009
                   41                  103   2.7176852542256382E-009
                   42                   41   1.1418385429318568E-006
                   42                   42  -3.1862977305659999E-003
                   42                   43   1.1418385434085559E-006
                   42                  102   2.7176852542256382E-009
                   42                  103  -5.4353705108493449E-009
                   42                  104   2.7176852566237067E-009
                   43                   42   1.1418385434085559E-006
                   43                   43  -3.1862977305729561E-003
                   43                   44   1.1418385455689800E-006
                   43                  103   2.7176852566237067E-009
                   43                  104  -5.4353705241157387E-009
                   43                  105   2.7176852674920316E-009
                   44                   43   1.1418385455689800E-006
                   44                   44  -3.1862977306036954E-003
                   44                   45   1.1418385550210526E-006
                   44                  104   2.7176852674920316E-009
                   44                  105  -5.4353705825339997E-009
                   44                  106   2.7176853150419685E-009
                   45                   44   1.1418385550210526E-006
                   45                   45  -3.1862977307345478E-003
                   45                   46   1.1418385948395192E-006
                   45                  105   2.7176853150419685E-009
                   45                  106  -5.4353708303960936E-009
                   45                  107   2.7176855153541250E-009
                   46                   45   1.1418385948395192E-006
                   46                   46  -3.1862977312700847E-003
                   46                   47   1.1418387558970516E-006
                   46                  106   2.7176855153541250E-009
                   46                  107  -5.4353718409299015E-009
                   46                  108   2.7176863255757765E-009
                   47                   46   1.1418387558970516E-006
                   47                   47  -3.1862977333703777E-003
                   47                   48   1.1418393794094896E-006
                   47                  107   2.7176863255757765E-009
                   47                  108  -5.4353757878163949E-009
                   47                  109   2.7176894622406189E-009
                   48                   47   1.1418393794094896E-006
                   48                   48  -3.1862977412374285E-003
                   48                   49   1.1418416816102696E-006
                   48                  108   2.7176894622406189E-009
                   48                  109  -5.4353905060363596E-009
                   48                  110   2.7177010437957411E-009
                   49                   48   1.1418416816102696E-006
                   49                   49  -3.1862977692767502E-003
                   49                   50   1.1418497568259830E-006
                   49                  109   2.7177010437957411E-009
                   49                  110  -5.4354427113628089E-009
                   49                  111   2.7177416675670674E-009
                   50                   49   1.1418497568259830E-006
                   50                   50  -3.1862978639726654E-003
                   50                   51   1.1418765447863031E-006
                   50                  110   2.7177416675670674E-009
                   50                  111  -5.4356180991205090E-009
                   50                  112   2.7178764315534416E-009
                   51                   50   1.1418765447863031E-006
                   51                   51  -3.1862981656091581E-003
                   51                   52   1.1419601649338110E-006
                   51                  111   2.7178764315534416E-009
                   51                  112  -5.4361735612552569E-009
                   51                  113   2.7182971297018153E-009
                   52                   51   1.1419601649338110E-006
                   52                   52  -3.1862990671716494E-003
                   52                   53   1.1422043917373712E-006
                   52                  112   2.7182971297018153E-009
                   52                  113  -5.4378231919941675E-009
                   52                  114   2.7195260622923518E-009
                   53                   52   1.1422043917373712E-006
                   53                   53  -3.1863015817198822E-003
                   53                   54   1.1428675135028099E-006
                   53                  113   2.7195260622923518E-009
                   53                  114  -5.4423904911231927E-009
                   53                  115   2.7228644288308405E-009
                   54                   53   1.1428675135028099E-006
                   54                   54  -3.1863080887799440E-003
                   54                   55   1.1445292981085627E-006
                   54                  114   2.7228644288308405E-009
                   54                  115  -5.4541048866857115E-009
                   54                  116   2.7312404578548714E-009
                   55                   54   1.1445292981085627E-006
                   55                   55  -3.1863236260190712E-003
                   55                   56   1.1483421757998554E-006
                   55                  115   2.7312404578548714E-009
                   55                  116  -5.4817531872980823E-009
                   55                  117   2.7505127294432113E-009
                   56                   55   1.1483421757998554E-006
                   56                   56  -3.1863576981514068E-003
                   56                   57   1.1562819367765621E-006
                   56                  116   2.7505127294432113E-009
                   56                  117  -5.5413956912322720E-009
                   56                  118   2.7908829617890607E-009
                   57                   56   1.1562819367765621E-006
                   57                   57  -3.1864261178906105E-003
                   57                   58   1.1711448604662546E-006
                   57                  117   2.7908829617890607E-009
                   57                  118  -5.6581946122404335E-009
                   57                  119   2.8673116504513728E-009
                   58                   57   1.1711448604662546E-006
                   58                   58  -3.1865519960059771E-003
                   58                   59   1.1959029057163283E-006
                   58                  118   2.8673116504513728E-009
                   58                  119  -5.8643882417260905E-009
                   58                  120   2.9970765912747176E-009
                   59                   58   1.1959029057163283E-006
                   59                   59  -3.1867641270342324E-003
                   59                   60   1.2322054193325891E-006
                   59                  119   2.9970765912747176E-009
                   59                  120  -6.1899167979159808E-009
                   59                  121   3.1928402066412631E-009
                   60                   59   1.2322054193325891E-006
                   60                   60  -3.1865546970469938E-003
                   60                   61   1.2769125047839852E-006
                   60                  120   3.1928402066412631E-009
                   60                  121  -6.6416957900644862E-009
                   61                   60   1.2769125047839852E-006
                   61                   61  -1.5926089410953014E-003
                   61                  121   3.4488555834232230E-009
                   62                    1   139885.83832957182     
                   62                   62  -42120.099253020060     
                   62                   63   1544.2891485140271     
                   63                    2   17767.831097592476     
                   63                   62   1544.2828678732717     
                   63                   63  -17432.204357900486     
                   63                   64   1468.8730493323462     
                   64                   63   1468.8649358100686     
                   64                   64  -12803.340308613315     
                   64                   65   1466.7293607524707     
                   65                   64   1466.7188439737117     
                   65                   65  -12796.533198716401     
                   65                   66   1466.7288683722581     
                   66                   65   1466.7216911764949     
                   66                   66  -12796.315428171678     
                   66                   67   1466.7294202564094     
                   67                   66   1466.7253196949121     
                   67                   67  -12796.178165159257     
                   67                   68   1466.7288844042484     
                   68                   67   1466.7268733023186     
                   68                   68  -12796.104658851938     
                   68                   69   1466.7282889674914     
                   69                   68   1466.7274191081460     
                   69                   69  -12796.070920233431     
                   69                   70   1466.7279190968031     
                   70                   69   1466.7275799073018     
                   70                   70  -12796.057158285370     
                   70                   71   1466.7277399552763     
                   71                   70   1466.7276187783925     
                   71                   71  -12796.052054092765     
                   71                   72   1466.7276657612770     
                   72                   71   1466.7276256334480     
                   72                   72  -12796.050306908572     
                   72                   73   1466.7276383755448     
                   73                   72   1466.7276259501857     
                   73                   73  -12796.049749264890     
                   73                   74   1466.7276291565881     
                   74                   73   1466.7276255342756     
                   74                   74  -12796.049582055446     
                   74                   75   1466.7276262840526     
                   75                   74   1466.7276252842487     
                   75                   75  -12796.049534670357     
                   75                   76   1466.7276254468970     
                   76                   75   1466.7276251843825     
                   76                   76  -12796.049521916302     
                   76                   77   1466.7276252169065     
                   77                   76   1466.7276251510693     
                   77                   77  -12796.049518642038     
                   77                   78   1466.7276251569663     
                   78                   77   1466.7276251411388     
                   78                   78  -12796.049517837342     
                   78                   79   1466.7276251420756     
                   79                   78   1466.7276251384169     
                   79                   79  -12796.049517647392     
                   79                   80   1466.7276251385374     
                   80                   79   1466.7276251377218     
                   80                   80  -12796.049517604206     
                   80                   81   1466.7276251377236     
                   81                   80   1466.7276251375479     
                   81                   81  -12796.049517594736     
                   81                   82   1466.7276251375456     
                   82                   81   1466.7276251375088     
                   82                   82  -12796.049517592715     
                   82                   83   1466.7276251375117     
                   83                   82   1466.7276251375042     
                   83                   83  -12796.049517592299     
                   83                   84   1466.7276251374992     
                   84                   83   1466.7276251374979     
                   84                   84  -12796.049517592221     
                   84                   85   1466.7276251374981     
                   85                   84   1466.7276251374979     
                   85                   85  -12796.049517592199     
                   85                   86   1466.7276251375015     
                   86                   85   1466.7276251375015     
                   86                   86  -12796.049517592197     
                   86                   87   1466.7276251374979     
                   87                   86   1466.7276251374979     
                   87                   87  -12796.049517592206     
                   87                   88   1466.7276251374979     
                   88                   87   1466.7276251374979     
                   88                   88  -12796.049517592206     
                   88                   89   1466.7276251374979     
                   89                   88   1466.7276251374979     
                   89                   89  -12796.049517592206     
                   89                   90   1466.7276251374979     
                   90                   89   1466.7276251374979     
                   90                   90  -12796.049517592186     
                   90                   91   1466.7276251375060     
                   91                   90   1466.7276251375060     
                   91                   91  -12796.049517592186     
                   91                   92   1466.7276251374979     
                   92                   91   1466.7276251374979     
                   92                   92  -12796.049517592204     
                   92                   93   1466.7276251374979     
                   93                   92   1466.7276251374979     
                   93                   93  -12796.049517592202     
                   93                   94   1466.7276251374979     
                   94                   93   1466.7276251374979     
                   94                   94  -12796.049517592206     
                   94                   95   1466.7276251374979     
                   95                   94   1466.7276251374979     
                   95                   95  -12796.049517592204     
                   95                   96   1466.7276251374979     
                   96                   95   1466.7276251374979     
                   96                   96  -12796.049517592204     
                   96                   97   1466.7276251374979     
                   97                   96   1466.7276251374979     
                   97                   97  -12796.049517592186     
                   97                   98   1466.7276251375060     
                   98                   97   1466.7276251375060     
                   98                   98  -12796.049517592186     
                   98                   99   1466.7276251374979     
                   99                   98   1466.7276251374979     
                   99                   99  -12796.049517592199     
                   99                  100   1466.7276251374983     
                  100                   99   1466.7276251374981     
                  100                  100  -12796.049517592186     
                  100                  101   1466.7276251375040     
                  101                  100   1466.7276251375022     
                  101                  101  -12796.049517592121     
                  101                  102   1466.7276251375301     
                  102                  101   1466.7276251375213     
                  102                  102  -12796.049517591800     
                  102                  103   1466.7276251376547     
                  103                  102   1466.7276251376124     
                  103                  103  -12796.049517590251     
                  103                  104   1466.7276251382400     
                  104                  103   1466.7276251380433     
                  104                  104  -12796.049517583186     
                  104                  105   1466.7276251408198     
                  105                  104   1466.7276251399330     
                  105                  105  -12796.049517551688     
                  105                  106   1466.7276251520134     
                  106                  105   1466.7276251481601     
                  106                  106  -12796.049517416137     
                  106                  107   1466.7276251985784     
                  107                  106   1466.7276251824644     
                  107                  107  -12796.049516855372     
                  107                  108   1466.7276253842836     
                  108                  107   1466.7276253196351     
                  108                  108  -12796.049514630538     
                  108                  109   1466.7276260918854     
                  109                  108   1466.7276258438733     
                  109                  109  -12796.049506192670     
                  109                  110   1466.7276286580534     
                  110                  109   1466.7276277516216     
                  110                  110  -12796.049475714299     
                  110                  111   1466.7276374768858     
                  111                  110   1466.7276343339186     
                  111                  111  -12796.049371290144     
                  111                  112   1466.7276660543819     
                  112                  111   1466.7276557635530     
                  112                  112  -12796.049033477426     
                  112                  113   1466.7277528896543     
                  113                  112   1466.7277212393305     
                  113                  113  -12796.048006802954     
                  113                  114   1466.7279987722377     
                  114                  113   1466.7279078687725     
                  114                  114  -12796.045091079639     
                  114                  115   1466.7286432626897     
                  115                  114   1466.7284009878531     
                  115                  115  -12796.037394197872     
                  115                  116   1466.7301965441654     
                  116                  115   1466.7296012378342     
                  116                  116  -12796.018594384768     
                  116                  117   1466.7336183364412     
                  117                  116   1466.7322780050167     
                  117                  117  -12795.976242222305     
                  117                  118   1466.7404797786735     
                  118                  117   1466.7377291051873     
                  118                  118  -12795.888460480783     
                  118                  119   1466.7529818281430     
                  119                  118   1466.7478598322286     
                  119                  119  -12795.722093527605     
                  119                  120   1466.7737149066184     
                  120                  119   1466.7651099230293     
                  120                  120  -12795.437504232856     
                  120                  121   1466.8047314451890     
                  121                  120   1466.7918228355741     
                  121                  121  -12794.493262296017     
