                  121                  121                  552
                    1                    1  -1.7089156097200089E-003
                    1                    2   3.2377928627527964E-023
                    1                   62  -6.2368751750343145E-010
                    1                   63   4.4270277915699689E-021
                    2                    1   3.2377928627527964E-023
                    2                    2  -3.4146722327596216E-003
                    2                    3   5.0999330487238810E-023
                    2                   62   4.4270277915699689E-021
                    2                   63  -1.4088860492583075E-009
                    2                   64   6.9309150854566893E-021
                    3                    2   5.0999330487238810E-023
                    3                    3  -3.3679290257557582E-003
                    3                    4   8.3772113943431879E-023
                    3                   63   6.9309150854566893E-021
                    3                   64  -1.7090923310671935E-009
                    3                   65   1.1312140648725683E-020
                    4                    3   8.3772113943431879E-023
                    4                    4  -3.3271002181142506E-003
                    4                    5   1.4473028400815084E-022
                    4                   64   1.1312140648725683E-020
                    4                   65  -2.1165358360410940E-009
                    4                   66   1.9412340153325779E-020
                    5                    4   1.4473028400815084E-022
                    5                    5  -3.3360292016944015E-003
                    5                    6   2.6508339650716506E-022
                    5                   65   1.9412340153325779E-020
                    5                   66  -2.6853915559647035E-009
                    5                   67   3.5305634274539118E-020
                    6                    5   2.6508339650716506E-022
                    6                    6  -3.3716573800545626E-003
                    6                    7   5.2126055869713133E-022
                    6                   66   3.5305634274539118E-020
                    6                   67  -3.5062665290155593E-009
                    6                   68   6.8919167193340537E-020
                    7                    6   5.2126055869713133E-022
                    7                    7  -3.4151342091929609E-003
                    7                    8   1.1227728798027651E-021
                    7                   67   6.8919167193340537E-020
                    7                   68  -4.7457082069537893E-009
                    7                   69   1.4732883007606137E-019
                    8                    7   1.1227728798027651E-021
                    8                    8  -3.4480105501671142E-003
                    8                    9   2.7540094516734293E-021
                    8                   68   1.4732883007606137E-019
                    8                   69  -6.7402116387440455E-009
                    8                   70   3.5853733338916787E-019
                    9                    8   2.7540094516734293E-021
                    9                    9  -3.3952431534952504E-003
                    9                   10   8.2298739488217755E-021
                    9                   69   3.5853733338916787E-019
                    9                   70  -1.0282010544974130E-008
                    9                   71   1.0625987862705301E-018
                   10                    9   8.2298739488217755E-021
                   10                   10  -3.4082394415520809E-003
                   10                   11   3.3661579463329853E-020
                   10                   70   1.0625987862705301E-018
                   10                   71  -1.7516449510555581E-008
                   10                   72   4.3087628543383185E-018
                   11                   10   3.3661579463329853E-020
                   11                   11  -3.4172068140754484E-003
                   11                   12   2.5335428654683636E-019
                   11                   71   4.3087628543383185E-018
                   11                   72  -3.6169719680542837E-008
                   11                   73   3.2134155366155991E-017
                   12                   11   2.5335428654683636E-019
                   12                   12  -3.4112327076907013E-003
                   12                   13   1.2727361915904735E-017
                   12                   72   3.2134155366155991E-017
                   12                   73  -1.2093088291015059E-007
                   12                   74   1.5964472551473918E-015
                   13                   12   1.2727361915904735E-017
                   13                   13  -3.3113542166120853E-003
                   13                   14   6.3576681432517133E-008
                   13                   73   1.5964472551473918E-015
                   13                   74  -1.4102502576930601E-005
                   13                   75   2.1796235104209805E-007
                   14                   13   6.3576681432517133E-008
                   14                   14  -3.1285218394079359E-003
                   14                   15   3.7314349033059534E-006
                   14                   74   2.1796235104209805E-007
                   14                   75  -8.0262987521819443E-005
                   14                   76   6.4605176182867705E-009
                   15                   14   3.7314349033059534E-006
                   15                   15  -3.1914368565934817E-003
                   15                   16   3.7795001881526792E-006
                   15                   75   6.4605176182867705E-009
                   15                   76  -1.3131939525886273E-008
                   15                   77   6.6714219075995021E-009
                   16                   15   3.7795001881526792E-006
                   16                   16  -3.1908354121094606E-003
                   16                   17   3.8432517985577059E-006
                   16                   76   6.6714219075995021E-009
                   16                   77  -1.3575475449680981E-008
                   16                   78   6.9040535420814776E-009
                   17                   16   3.8432517985577059E-006
                   17                   17  -3.1912960536912361E-003
                   17                   18   3.9032577859856448E-006
                   17                   77   6.9040535420814776E-009
                   17                   78  -1.4036969127901679E-008
                   17                   79   7.1329155858202016E-009
                   18                   17   3.9032577859856448E-006
                   18                   18  -3.1914339825436290E-003
                   18                   19   3.9620028697358798E-006
                   18                   78   7.1329155858202016E-009
                   18                   79  -1.4494003513904221E-008
                   18                   80   7.3610879280840205E-009
                   19                   18   3.9620028697358798E-006
                   19                   19  -3.1915593803781570E-003
                   19                   20   4.0196060265103298E-006
                   19                   79   7.3610879280840205E-009
                   19                   80  -1.4949629738557917E-008
                   19                   81   7.5885418104738954E-009
                   20                   19   4.0196060265103298E-006
                   20                   20  -3.1916848190086753E-003
                   20                   21   4.0760801354071334E-006
                   20                   80   7.5885418104738954E-009
                   20                   81  -1.5403652899053871E-008
                   20                   82   7.8151110885799757E-009
                   21                   20   4.0760801354071334E-006
                   21                   21  -3.1918104104318307E-003
                   21                   22   4.1314341423495336E-006
                   21                   81   7.8151110885799757E-009
                   21                   82  -1.5855738128998845E-008
                   21                   83   8.0406270404188696E-009
                   22                   21   4.1314341423495336E-006
                   22                   22  -3.1919359547827797E-003
                   22                   23   4.1856750004851097E-006
                   22                   82   8.0406270404188696E-009
                   22                   83  -1.6305545368059729E-008
                   22                   84   8.2649183276408576E-009
                   23                   22   4.1856750004851097E-006
                   23                   23  -3.1920612536319526E-003
                   23                   24   4.2388075353170003E-006
                   23                   83   8.2649183276408576E-009
                   23                   84  -1.6752727974721464E-008
                   23                   85   8.4878096470806060E-009
                   24                   23   4.2388075353170003E-006
                   24                   24  -3.1921861156756354E-003
                   24                   25   4.2908350658178833E-006
                   24                   84   8.4878096470806060E-009
                   24                   85  -1.7196933390699109E-008
                   24                   86   8.7091237436185028E-009
                   25                   24   4.2908350658178833E-006
                   25                   25  -3.1923103583385484E-003
                   25                   26   4.3417606053774470E-006
                   25                   85   8.7091237436185028E-009
                   25                   86  -1.7637809925737228E-008
                   25                   87   8.9286861821187235E-009
                   26                   25   4.3417606053774470E-006
                   26                   26  -3.1924338107969202E-003
                   26                   27   4.3915882668843626E-006
                   26                   86   8.9286861821187235E-009
                   26                   87  -1.8075017620996260E-008
                   26                   88   9.1463314388775362E-009
                   27                   26   4.3915882668843626E-006
                   27                   27  -3.1925563175030638E-003
                   27                   28   4.4403245489382391E-006
                   27                   87   9.1463314388775362E-009
                   27                   88  -1.8508240365900101E-008
                   27                   89   9.3619089270225634E-009
                   28                   27   4.4403245489382391E-006
                   28                   28  -3.1926777414101439E-003
                   28                   29   4.4879793128593467E-006
                   28                   88   9.3619089270225634E-009
                   28                   89  -1.8937196949056798E-008
                   28                   90   9.5752880220342342E-009
                   29                   28   4.4879793128593467E-006
                   29                   29  -3.1927979664442829E-003
                   29                   30   4.5345663883021623E-006
                   29                   89   9.5752880220342342E-009
                   29                   90  -1.9361649682783504E-008
                   29                   91   9.7863616607492694E-009
                   30                   29   4.5345663883021623E-006
                   30                   30  -3.1929168990744608E-003
                   30                   31   4.5801038328441301E-006
                   30                   90   9.7863616607492694E-009
                   30                   91  -1.9781410135774179E-008
                   30                   92   9.9950484750249094E-009
                   31                   30   4.5801038328441301E-006
                   31                   31  -3.1930344690283365E-003
                   31                   32   4.6246139145175456E-006
                   31                   91   9.9950484750249094E-009
                   31                   92  -2.0196342121821583E-008
                   31                   93   1.0201293646796674E-008
                   32                   31   4.6246139145175456E-006
                   32                   32  -3.1931506293002314E-003
                   32                   33   4.6681228971339504E-006
                   32                   92   1.0201293646796674E-008
                   32                   93  -2.0606362407982610E-008
                   32                   94   1.0405068761185936E-008
                   33                   32   4.6681228971339504E-006
                   33                   33  -3.1932653556237828E-003
                   33                   34   4.7106607003329659E-006
                   33                   93   1.0405068761185936E-008
                   33                   94  -2.1011439697780064E-008
                   33                   95   1.0606370936594126E-008
                   34                   33   4.7106607003329659E-006
                   34                   34  -3.1933786455696049E-003
                   34                   35   4.7522604906182754E-006
                   34                   94   1.0606370936594126E-008
                   34                   95  -2.1411592405512956E-008
                   34                   96   1.0805221468918828E-008
                   35                   34   4.7522604906182754E-006
                   35                   35  -3.1934905174004369E-003
                   35                   36   4.7929582431184998E-006
                   35                   95   1.0805221468918828E-008
                   35                   96  -2.1806885640326330E-008
                   35                   97   1.1001664171407502E-008
                   36                   35   4.7929582431184998E-006
                   36                   36  -3.1936010087866441E-003
                   36                   37   4.8327922998285827E-006
                   36                   96   1.1001664171407502E-008
                   36                   97  -2.2197427710709192E-008
                   36                   98   1.1195763539301691E-008
                   37                   36   4.8327922998285827E-006
                   37                   37  -3.1937101754611966E-003
                   37                   38   4.8718029397334359E-006
                   37                   97   1.1195763539301691E-008
                   37                   98  -2.2583366365979546E-008
                   37                   99   1.1387602826677857E-008
                   38                   37   4.8718029397334359E-006
                   38                   38  -3.1938180898771320E-003
                   38                   39   4.9100319693120510E-006
                   38                   98   1.1387602826677857E-008
                   38                   99  -2.2964884919867858E-008
                   38                  100   1.1577282093190001E-008
                   39                   38   4.9100319693120510E-006
                   39                   39  -3.1939248399214084E-003
                   39                   40   4.9475223377622971E-006
                   39                   99   1.1577282093190001E-008
                   39                  100  -2.3342198352420762E-008
                   39                  101   1.1764916259230760E-008
                   40                   39   4.9475223377622971E-006
                   40                   40  -3.1940305277364228E-003
                   40                   41   4.9843177790740325E-006
                   40                  100   1.1764916259230760E-008
                   40                  101  -2.3715549456006865E-008
                   40                  102   1.1950633196776104E-008
                   41                   40   4.9843177790740325E-006
                   41                   41  -3.1941352687028818E-003
                   41                   42   5.0204624820993854E-006
                   41                  101   1.1950633196776104E-008
                   41                  102  -2.4085205074028542E-008
                   41                  103   1.2134571877252437E-008
                   42                   41   5.0204624820993854E-006
                   42                   42  -3.1942391906456600E-003
                   42                   43   5.0560007894985320E-006
                   42                  102   1.2134571877252437E-008
                   42                  103  -2.4451452472296760E-008
                   42                  104   1.2316880595044325E-008
                   43                   42   5.0560007894985320E-006
                   43                   43  -3.1943424333377097E-003
                   43                   44   5.0909769265216329E-006
                   43                  103   1.2316880595044325E-008
                   43                  104  -2.4814595879256874E-008
                   43                  105   1.2497715284212547E-008
                   44                   43   5.0909769265216329E-006
                   44                   44  -3.1944451483989582E-003
                   44                   45   5.1254347608152074E-006
                   44                  104   1.2497715284212547E-008
                   44                  105  -2.5174953229847737E-008
                   44                  106   1.2677237945635188E-008
                   45                   44   5.1254347608152074E-006
                   45                   45  -3.1945474997226121E-003
                   45                   46   5.1594175947203805E-006
                   45                  105   1.2677237945635188E-008
                   45                  106  -2.5532853147227929E-008
                   45                  107   1.2855615201592740E-008
                   46                   45   5.1594175947203805E-006
                   46                   46  -3.1946496646178329E-003
                   46                   47   5.1929679918578501E-006
                   46                  106   1.2855615201592740E-008
                   46                  107  -2.5888632196202830E-008
                   46                  108   1.3033016994610088E-008
                   47                   46   5.1929679918578501E-006
                   47                   47  -3.1947518359501225E-003
                   47                   48   5.2261276402352220E-006
                   47                  107   1.3033016994610088E-008
                   47                  108  -2.6242632441822279E-008
                   47                  109   1.3209615447212192E-008
                   48                   47   5.2261276402352220E-006
                   48                   48  -3.1948542257137905E-003
                   48                   49   5.2589372548226973E-006
                   48                  108   1.3209615447212192E-008
                   48                  109  -2.6595199346682997E-008
                   48                  110   1.3385583899470803E-008
                   49                   48   5.2589372548226973E-006
                   49                   49  -3.1949570707277435E-003
                   49                   50   5.2914365238044131E-006
                   49                  109   1.3385583899470803E-008
                   49                  110  -2.6946680041904037E-008
                   49                  111   1.3561096142433233E-008
                   50                   49   5.2914365238044131E-006
                   50                   50  -3.1950606415891026E-003
                   50                   51   5.3236641050445032E-006
                   50                  110   1.3561096142433233E-008
                   50                  111  -2.7297422011294028E-008
                   50                  112   1.3736325868860795E-008
                   51                   50   5.3236641050445032E-006
                   51                   51  -3.1951652567367194E-003
                   51                   52   5.3556576828359366E-006
                   51                  111   1.3736325868860795E-008
                   51                  112  -2.7647772237455440E-008
                   51                  113   1.3911446368594647E-008
                   52                   51   5.3556576828359366E-006
                   52                   52  -3.1952713035923144E-003
                   52                   53   5.3874540890452590E-006
                   52                  112   1.3911446368594647E-008
                   52                  113  -2.7998076852179296E-008
                   52                  114   1.4086630483584651E-008
                   53                   52   5.3874540890452590E-006
                   53                   53  -3.1953792563307369E-003
                   53                   54   5.4190893549871784E-006
                   53                  113   1.4086630483584651E-008
                   53                  114  -2.8348681048386435E-008
                   53                  115   1.4262050564801784E-008
                   54                   53   5.4190893549871784E-006
                   54                   54  -3.1954895524495463E-003
                   54                   55   5.4505973011353917E-006
                   54                  114   1.4262050564801784E-008
                   54                  115  -2.8699926224647552E-008
                   54                  116   1.4437875659845768E-008
                   55                   54   5.4505973011353917E-006
                   55                   55  -3.1956012619113443E-003
                   55                   56   5.4819966167627208E-006
                   55                  115   1.4437875659845768E-008
                   55                  116  -2.9052121397279439E-008
                   55                  117   1.4614245737433670E-008
                   56                   55   5.4819966167627208E-006
                   56                   56  -3.1957032170485899E-003
                   56                   57   5.5132104920758335E-006
                   56                  116   1.4614245737433670E-008
                   56                  117  -2.9405355280565153E-008
                   56                  118   1.4791109543131482E-008
                   57                   56   5.5132104920758335E-006
                   57                   57  -3.1957291477517176E-003
                   57                   58   5.5436903845082467E-006
                   57                  117   1.4791109543131482E-008
                   57                  118  -2.9758567882884205E-008
                   57                  119   1.4967458339752722E-008
                   58                   57   5.5436903845082467E-006
                   58                   58  -3.1953909165675556E-003
                   58                   59   5.5711795898090898E-006
                   58                  118   1.4967458339752722E-008
                   58                  119  -3.0106239298207860E-008
                   58                  120   1.5138780958455139E-008
                   59                   58   5.5711795898090898E-006
                   59                   59  -3.1937850101634844E-003
                   59                   60   5.5895016590699469E-006
                   59                  119   1.5138780958455139E-008
                   59                  120  -3.0431202862115780E-008
                   59                  121   1.5292421903660644E-008
                   60                   59   5.5895016590699469E-006
                   60                   60  -3.1890918449378448E-003
                   60                   61   5.5891850825637492E-006
                   60                  120   1.5292421903660644E-008
                   60                  121  -3.0700998528877106E-008
                   61                   60   5.5891850825637492E-006
                   61                   61  -1.5917880676190219E-003
                   61                  121   1.5408576625216462E-008
                   62                    1   249.59410391654296     
                   62                   62  -12209.046137343990     
                   62                   63   8249.0659617054716     
                   63                    2   560.34385175750697     
                   63                   62   8249.0659617054716     
                   63                   63  -24387.625769631450     
                   63                   64   8218.7287934198866     
                   64                    3   673.05693553180311     
                   64                   63   8218.7287934198866     
                   64                   64  -24272.098957669594     
                   64                   65   8146.0916131149752     
                   65                    4   824.09135083266506     
                   65                   64   8146.0916131149752     
                   65                   65  -24167.401777394414     
                   65                   66   8124.5100037448228     
                   66                    5   1031.6708552977759     
                   66                   65   8124.5100037448228     
                   66                   66  -24188.228723471111     
                   66                   67   8161.9589765565670     
                   67                    6   1325.3629428094016     
                   67                   66   8161.9589765565670     
                   67                   67  -24292.119153878684     
                   67                   68   8214.6062296089731     
                   68                    7   1757.6916512538910     
                   68                   67   8214.6062296089731     
                   68                   68  -24432.996089220815     
                   68                   69   8285.3180410878613     
                   69                    8   2430.1409568873178     
                   69                   68   8285.3180410878613     
                   69                   69  -24493.512992435361     
                   69                   70   8258.2302506818833     
                   70                    9   3567.9504636352399     
                   70                   69   8258.2302506818833     
                   70                   70  -24422.058486565056     
                   70                   71   8217.2030526473391     
                   71                   10   5724.4727117465573     
                   71                   70   8217.2030526473354     
                   71                   71  -24441.803524334991     
                   71                   72   8249.1236982850824     
                   72                   11   10584.952950895717     
                   72                   71   8249.1236982850660     
                   72                   72  -24537.829099316601     
                   72                   73   8246.7239383786018     
                   73                   12   26071.877223060688     
                   73                   72   8246.7239383784872     
                   73                   73  -24798.998276982158     
                   73                   74   8223.8668459844266     
                   74                   13   197412.44307382512     
                   74                   73   8223.8668459785422     
                   74                   74  -70591.910568436535     
                   74                   75   7515.8516985040878     
                   75                   14   624341.54562702251     
                   75                   74   7515.0571800011576     
                   75                   75  -293419.49468237790     
                   75                   76   6361.5465023335873     
                   76                   75   6361.5433666770859     
                   76                   76  -22584.159977291580     
                   76                   77   6359.3871367263055     
                   77                   76   6359.3787563180358     
                   77                   77  -22582.048985143319     
                   77                   78   6359.7950266295620     
                   78                   77   6359.7871318270008     
                   78                   78  -22582.781701528133     
                   78                   79   6359.8143694028440     
                   79                   78   6359.8063398833629     
                   79                   79  -22582.886219458022     
                   79                   80   6359.8185386122477     
                   80                   79   6359.8103549966745     
                   80                   80  -22582.952966907855     
                   80                   81   6359.8235218740738     
                   81                   80   6359.8151928287125     
                   81                   81  -22583.007678385326     
                   81                   82   6359.8296274165014     
                   82                   81   6359.8211626576103     
                   82                   82  -22583.051888372713     
                   82                   83   6359.8367579552760     
                   83                   82   6359.8281676567303     
                   83                   83  -22583.086434994133     
                   83                   84   6359.8448133266747     
                   84                   83   6359.8361082214542     
                   84                   84  -22583.112081783172     
                   84                   85   6359.8536984378379     
                   85                   84   6359.8448898094848     
                   85                   85  -22583.129537438108     
                   85                   86   6359.8633234002727     
                   86                   85   6359.8544229329955     
                   86                   86  -22583.139462841144     
                   86                   87   6359.8736038336601     
                   87                   86   6359.8646233587569     
                   87                   87  -22583.142476728997     
                   87                   88   6359.8844612941612     
                   88                   87   6359.8754124894422     
                   88                   88  -22583.139159806422     
                   88                   89   6359.8958236957542     
                   89                   88   6359.8867177883476     
                   89                   89  -22583.130057429200     
                   89                   90   6359.9076256541066     
                   90                   89   6359.8984731600794     
                   90                   90  -22583.115681268791     
                   90                   91   6359.9198087257319     
                   91                   90   6359.9106192424606     
                   91                   91  -22583.096510418120     
                   91                   92   6359.9323215403565     
                   92                   91   6359.9231035945204     
                   92                   92  -22583.072992308858     
                   92                   93   6359.9451198370925     
                   93                   92   6359.9358807834169     
                   93                   93  -22583.045543678094     
                   93                   94   6359.9581664168254     
                   94                   93   6359.9489123794028     
                   94                   94  -22583.014551702858     
                   94                   95   6359.9714310261570     
                   95                   94   6359.9621668736436     
                   95                   95  -22582.980375337691     
                   95                   96   6359.9848901858450     
                   96                   95   6359.9756195328382     
                   96                   96  -22582.943346843407     
                   96                   97   6359.9985269771487     
                   97                   96   6359.9892522055570     
                   97                   97  -22582.903773477254     
                   97                   98   6360.0123307997319     
                   98                   97   6360.0030530954264     
                   98                   98  -22582.861939315466     
                   98                   99   6360.0262971154143     
                   99                   98   6360.0170165166419     
                   99                   99  -22582.818107190669     
                   99                  100   6360.0404271947482     
                  100                   99   6360.0311426496237     
                  100                  100  -22582.772520742066     
                  100                  101   6360.0547278832710     
                  101                  100   6360.0454373142065     
                  101                  101  -22582.725406594302     
                  101                  102   6360.0692114096055     
                  102                  101   6360.0599117828233     
                  102                  102  -22582.676976700259     
                  102                  103   6360.0838952591675     
                  103                  102   6360.0745826575912     
                  103                  103  -22582.627430904788     
                  103                  104   6360.0988021435714     
                  104                  103   6360.0894718414274     
                  104                  104  -22582.576959814134     
                  104                  105   6360.1139601031309     
                  105                  104   6360.1046066406097     
                  105                  105  -22582.525748094678     
                  105                  106   6360.1294027933172     
                  106                  105   6360.1200200496387     
                  106                  106  -22582.473978382728     
                  106                  107   6360.1451700240968     
                  107                  106   6360.1357512872883     
                  107                  107  -22582.421836078862     
                  107                  108   6360.1613086558655     
                  108                  107   6360.1518466875623     
                  108                  108  -22582.369515448081     
                  108                  109   6360.1778740071995     
                  109                  108   6360.1683611007275     
                  109                  109  -22582.317227689400     
                  109                  110   6360.1949320193035     
                  110                  109   6360.1853600491695     
                  110                  110  -22582.265212045404     
                  110                  111   6360.2125625726039     
                  111                  110   6360.2029230332701     
                  111                  111  -22582.213751723077     
                  111                  112   6360.2308646150586     
                  112                  111   6360.2211486463420     
                  112                  112  -22582.163197502363     
                  112                  113   6360.2499641403138     
                  113                  112   6360.2401625359998     
                  113                  113  -22582.114001714806     
                  113                  114   6360.2700254035499     
                  114                  113   6360.2601286028112     
                  114                  114  -22582.066742082421     
                  114                  115   6360.2912511501936     
                  115                  114   6360.2812492611574     
                  115                  115  -22582.021886732095     
                  115                  116   6360.3137254694775     
                  116                  115   6360.3036088107701     
                  116                  116  -22581.977425250388     
                  116                  117   6360.3360519731796     
                  117                  116   6360.3258155495341     
                  117                  117  -22581.913488002276     
                  117                  118   6360.3470043589596     
                  118                  117   6360.3366747434238     
                  118                  118  -22581.716584861839     
                  118                  119   6360.2867987790714     
                  119                  118   6360.2765550471222     
                  119                  119  -22580.908129493422     
                  119                  120   6359.9210158035512     
                  120                  119   6359.9115582681125     
                  120                  120  -22578.043750355744     
                  120                  121   6358.6180074851436     
                  121                  120   6358.6110766902684     
                  121                  121  -22570.365467109288     
