                  121                  121                  570
                    1                    1 -0.99999972218312838     
                    1                    2   9.1480403838172366E-021
                    1                   62  -2.7781687160554281E-007
                    1                   63   1.2635544813116471E-018
                    2                    1   4.5778762448380131E-021
                    2                    2 -0.99999970842345010     
                    2                    3   5.4766515459797318E-021
                    2                   62   6.3230985012787297E-019
                    2                   63  -2.9157654991727813E-007
                    2                   64   7.5455269427628523E-019
                    3                    2   5.5519141369769409E-021
                    3                    3 -0.99999968204830736     
                    3                    4   6.6871200234528090E-021
                    3                   63   7.6492209432636624E-019
                    3                   64  -3.1795169265646621E-007
                    3                   65   9.1894711291435828E-019
                    4                    3   6.7510879629807773E-021
                    4                    4 -0.99999965364791332     
                    4                    5   8.1867688707699909E-021
                    4                   64   9.2773761662031021E-019
                    4                   65  -3.4635208664575640E-007
                    4                   66   1.1220486149192627E-018
                    5                    4   8.0928500039765229E-021
                    5                    5 -0.99999962954226540     
                    5                    6   9.8707143685386250E-021
                    5                   65   1.1091764383543848E-018
                    5                   66  -3.7045773460353706E-007
                    5                   67   1.3491941465621688E-018
                    6                    5   9.8043199365184538E-021
                    6                    6 -0.99999960079959593     
                    6                    7   1.2032872686705214E-020
                    6                   66   1.3401189190050374E-018
                    6                   67  -3.9920040403873578E-007
                    6                   68   1.6402136269679411E-018
                    7                    6   1.1992480836886373E-020
                    7                    7 -0.99999956704693949     
                    7                    8   1.4824224142267969E-020
                    7                   67   1.6347077711165362E-018
                    7                   68  -4.3295306049658869E-007
                    7                   69   2.0150423701185410E-018
                    8                    7   1.4785448948647738E-020
                    8                    8 -0.99999952848398366     
                    8                    9   1.8428737846701788E-020
                    8                   68   2.0097716957611873E-018
                    8                   69  -4.7151601639895768E-007
                    8                   70   2.4978217565686761E-018
                    9                    8   1.8602197077487075E-020
                    9                    9 -0.99999947818276269     
                    9                   10   2.3416363081521933E-020
                    9                   69   2.5213323325037884E-018
                    9                   70  -5.2181723736301511E-007
                    9                   71   3.1645086478683610E-018
                   10                    9   2.3460218054900960E-020
                   10                   10 -0.99999942421081978     
                   10                   11   2.9837857858385933E-020
                   10                   70   3.1704352489390235E-018
                   10                   71  -5.7578918017823171E-007
                   10                   72   4.0201763897254664E-018
                   11                   10   2.9689613788709154E-020
                   11                   11 -0.99999936607481010     
                   11                   12   3.8163364480701977E-020
                   11                   71   4.0002028610740486E-018
                   11                   72  -6.3392518986621303E-007
                   11                   73   5.1261058612745545E-018
                   12                   11   3.8088982283829568E-020
                   12                   12 -0.99999929644684105     
                   12                   13   4.9537820216574745E-020
                   12                   72   5.1161148392420256E-018
                   12                   73  -7.0355315897315143E-007
                   12                   74   6.6330548791041876E-018
                   13                   12   4.9338812957224704E-020
                   13                   13 -0.99999921643572043     
                   13                   14   6.5031399249508174E-020
                   13                   73   6.6064080450925602E-018
                   13                   74  -7.8356427957425988E-007
                   13                   75   8.6797226876386698E-018
                   14                   13   6.5196541025724485E-020
                   14                   14 -0.99999911597011681     
                   14                   15   8.7243526307989506E-020
                   14                   74   8.7017641143685826E-018
                   14                   75  -8.8402988312018498E-007
                   14                   76   1.1606220785414281E-017
                   15                   14   8.6812456868783926E-020
                   15                   15 -0.99999900299133360     
                   15                   16   1.1814427276560536E-019
                   15                   75   1.1548874558169837E-017
                   15                   76  -9.9700866638231407E-007
                   15                   77   1.5664418727977334E-017
                   16                   15   1.1832940589597327E-019
                   16                   16 -0.99999885909396735     
                   16                   17   1.6419126116641381E-019
                   16                   76   1.5688965011996177E-017
                   16                   77  -1.1409060325576647E-006
                   16                   78   2.1695163093393969E-017
                   17                   16   1.6394230966152547E-019
                   17                   17 -0.99999868628017785     
                   17                   18   2.3262049654125113E-019
                   17                   77   2.1662268264141005E-017
                   17                   78  -1.3137198221534507E-006
                   17                   79   3.0629394902737052E-017
                   18                   17   2.3273300552898808E-019
                   18                   18 -0.99999846798058578     
                   18                   19   3.3892621247141035E-019
                   18                   78   3.0644209084061310E-017
                   18                   79  -1.5320194141136678E-006
                   18                   80   4.4467021331360308E-017
                   19                   18   3.3927555442344945E-019
                   19                   19 -0.99999818980808142     
                   19                   20   5.0943040218194292E-019
                   19                   79   4.4512854894719091E-017
                   19                   80  -1.8101919185072412E-006
                   19                   81   6.6592281130322944E-017
                   20                   19   5.0880752577470681E-019
                   20                   20 -0.99999783420240373     
                   20                   21   7.9208993211331118E-019
                   20                   80   6.6510859290082452E-017
                   20                   81  -2.1657975961036047E-006
                   20                   82   1.0315334060067322E-016
                   21                   20   7.9166441659174170E-019
                   21                   21 -0.99999736088151037     
                   21                   22   1.2871583139948207E-018
                   21                   81   1.0309792599969449E-016
                   21                   82  -2.6391184893032771E-006
                   21                   83   1.6698361829009283E-016
                   22                   21   1.2829230601418873E-018
                   22                   22 -0.99999672371241488     
                   22                   23   2.1999861185931852E-018
                   22                   82   1.6643417693151980E-016
                   22                   83  -3.2762875846793629E-006
                   22                   84   2.8428768395245864E-016
                   23                   22   2.1962866193070067E-018
                   23                   23 -0.99999581636387891     
                   23                   24   4.0290377631550510E-018
                   23                   83   2.8380962544337857E-016
                   23                   84  -4.1836361202025211E-006
                   23                   85   5.1855737867846606E-016
                   24                   23   4.0228215528926385E-018
                   24                   24 -0.99999447065739178     
                   24                   25   8.0619104817427223E-018
                   24                   84   5.1775732122344077E-016
                   24                   85  -5.5293426065678800E-006
                   24                   86   1.0333539793905286E-015
                   25                   24   8.0505101996609988E-018
                   25                   25 -0.99999234955796201     
                   25                   26   1.8188409626302327E-017
                   25                   85   1.0318927219277966E-015
                   25                   86  -7.6504420346722980E-006
                   25                   87   2.3215505866956592E-015
                   26                   25   1.8099105461253700E-017
                   26                   26 -0.99998875911665130     
                   26                   27   4.8575188093046125E-017
                   26                   86   2.3101518915363420E-015
                   26                   87  -1.1240883340235750E-005
                   26                   88   6.1733889371997119E-015
                   27                   26   4.8353314163104288E-017
                   27                   27 -0.99998182425667648     
                   27                   28   1.7002595992158494E-016
                   27                   87   6.1451911243177069E-015
                   27                   88  -1.8175743295697576E-005
                   27                   89   2.1512771263648946E-014
                   28                   27   1.6819806390946323E-016
                   28                   28 -0.99996570742670121     
                   28                   29   9.6533575482225465E-016
                   28                   88   2.1281494176193324E-014
                   28                   89  -3.4292573154892311E-005
                   28                   90   1.2157660774976737E-013
                   29                   28   9.5062534172873669E-016
                   29                   29 -0.99990928468349305     
                   29                   30   1.8753845021243366E-014
                   29                   89   1.1972394445249109E-013
                   29                   90  -9.0715314031147211E-005
                   29                   91   2.3362766971902104E-012
                   30                   29   1.8818382358429788E-014
                   30                   30 -0.99929384264353649     
                   30                   31   1.5753303944192132E-011
                   30                   90   2.3443164925919827E-012
                   30                   91  -7.0615648766792405E-004
                   30                   92   8.5067912800672598E-010
                   31                   30   1.7425988556279265E-011
                   31                   31 -0.96866607249027403     
                   31                   32   3.3004636110332998E-004
                   31                   91   9.4100417298023758E-010
                   31                   92  -3.0768667364500749E-002
                   31                   93   2.3521282569174929E-004
                   32                   31   3.8385988053524570E-004
                   32                   32 -0.97329724551541175     
                   32                   33   9.6531905401900180E-004
                   32                   92   2.7356389226216947E-004
                   32                   93  -2.5078181744823430E-002
                   32                   94   1.8299129483733728E-006
                   33                   32   8.9730028028727328E-004
                   33                   33 -0.99790490821898548     
                   33                   34   1.1900835794212048E-003
                   33                   93   1.7009727453742111E-006
                   33                   94  -3.8539606530739648E-006
                   33                   95   2.1529879076997537E-006
                   34                   33   1.1262889922720729E-003
                   34                   34 -0.99765576053418592     
                   34                   35   1.2094820578693163E-003
                   34                   94   2.0375767071052727E-006
                   34                   95  -4.2342078363170149E-006
                   34                   96   2.1966311292117422E-006
                   35                   34   1.1952566394686445E-003
                   35                   35 -0.99756597772439248     
                   35                   36   1.2298921054086456E-003
                   35                   95   2.1707952793273502E-006
                   35                   96  -4.4367653651193224E-006
                   35                   97   2.2659700857919722E-006
                   36                   35   1.2265197761093280E-003
                   36                   36 -0.99751484410618196     
                   36                   37   1.2494351949388319E-003
                   36                   96   2.2597568600316894E-006
                   36                   97  -4.6004613849221376E-006
                   36                   98   2.3407045248904478E-006
                   37                   36   1.2486035408804622E-003
                   37                   37 -0.99747292310301527     
                   37                   38   1.2689585290528969E-003
                   37                   97   2.3391464957702062E-006
                   37                   98  -4.7574135256101248E-006
                   37                   99   2.4182670298399191E-006
                   38                   37   1.2686864240674842E-003
                   38                   38 -0.99743287691992066     
                   38                   39   1.2886051918079048E-003
                   38                   98   2.4177484766328495E-006
                   38                   99  -4.9157321020330707E-006
                   38                  100   2.4979836254002208E-006
                   39                   38   1.2884464670393321E-003
                   39                   39 -0.99739301294049387     
                   39                   40   1.3083858540561262E-003
                   39                   99   2.4976759346696846E-006
                   39                  100  -5.0773692054037093E-006
                   39                  101   2.5796932707340248E-006
                   40                   39   1.3082463320111452E-003
                   40                   40 -0.99735296928133399     
                   40                   41   1.3282987907490198E-003
                   40                  100   2.5794181805689636E-006
                   40                  101  -5.2427979529463461E-006
                   40                  102   2.6633797723773821E-006
                   41                   40   1.3281596008516948E-003
                   41                   41 -0.99731267325103401     
                   41                   42   1.3483428200906499E-003
                   41                  101   2.6631006818898829E-006
                   41                  102  -5.4121640118028445E-006
                   41                  103   2.7490633299129617E-006
                   42                   41   1.3482002885610985E-003
                   42                   42 -0.99727211113475378     
                   42                   43   1.3685174855183611E-003
                   42                  102   2.7487727300778108E-006
                   42                  103  -5.5855455833978903E-006
                   42                  104   2.8367728533200800E-006
                   43                   42   1.3683708481994604E-003
                   43                   43 -0.99723128051870913     
                   43                   44   1.3888226162265564E-003
                   43                  103   2.8364688917193383E-006
                   43                  104  -5.7630084323935161E-006
                   43                  105   2.9265395406741782E-006
                   44                   43   1.3886716531847738E-003
                   44                   44 -0.99719018099599299     
                   44                   45   1.4092581170482444E-003
                   44                  104   2.9262214299912189E-006
                   44                  105  -5.9446168869867513E-006
                   44                  106   3.0183954569955329E-006
                   45                   44   1.4091027575078587E-003
                   45                   45 -0.99714881257526566     
                   45                   46   1.4298237956298816E-003
                   45                  105   3.0180627028142883E-006
                   45                  106  -6.1304357982826433E-006
                   45                  107   3.1123730954683541E-006
                   46                   45   1.4296641550470526E-003
                   46                   46 -0.99710717576208396     
                   46                   47   1.4505190219659863E-003
                   46                  106   3.1120255973665179E-006
                   46                  107  -6.3205304515260739E-006
                   46                  108   3.2085048541595563E-006
                   47                   46   1.4503556694472754E-003
                   47                   47 -0.99706527245630772     
                   47                   48   1.4713419435069066E-003
                   47                  107   3.2081435232557301E-006
                   47                  108  -6.5149653690488945E-006
                   47                  109   3.3068218457931644E-006
                   48                   47   1.4711765417202633E-003
                   48                   48 -0.99702310809323091     
                   48                   49   1.4922877624056264E-003
                   48                  108   3.3064501074329418E-006
                   48                  109  -6.7138013215910850E-006
                   48                  110   3.4073512141581428E-006
                   49                   48   1.4921244368296613E-003
                   49                   49 -0.99698069617197660     
                   49                   50   1.5133452135605290E-003
                   49                  109   3.4069782917141029E-006
                   49                  110  -6.9170888165469532E-006
                   49                  111   3.5101105248328508E-006
                   50                   49   1.5131932700073035E-003
                   50                   50 -0.99693806713400113     
                   50                   51   1.5344898859443669E-003
                   50                  110   3.5097581011686542E-006
                   50                  111  -7.1248550235707903E-006
                   50                  112   3.6150969224021365E-006
                   51                   50   1.5343688107362515E-003
                   51                   51 -0.99689528450495912     
                   51                   52   1.5556725253689414E-003
                   51                  111   3.6148116819347691E-006
                   51                  112  -7.3370794678285106E-006
                   51                  113   3.7222677858937407E-006
                   52                   51   1.5556204758527621E-003
                   52                   52 -0.99685247198513505     
                   52                   53   1.5768002344577843E-003
                   52                  112   3.7221432466773018E-006
                   52                  113  -7.5536522771858278E-006
                   52                  114   3.8315090305085260E-006
                   53                   52   1.5768872477754923E-003
                   53                   53 -0.99680985510728848     
                   53                   54   1.5977090283879264E-003
                   53                  113   3.8317204664947007E-006
                   53                  114  -7.7743082740655362E-006
                   53                  115   3.9425878075708346E-006
                   54                   53   1.5980556286203920E-003
                   54                   54 -0.99676781922353519     
                   54                   55   1.6181280833383954E-003
                   54                  114   3.9434430958782431E-006
                   54                  115  -7.9985322529985267E-006
                   54                  116   4.0550891571202853E-006
                   55                   54   1.6189285311141654E-003
                   55                   55 -0.99672698101199841     
                   55                   56   1.6376395829012591E-003
                   55                  115   4.0570951090160517E-006
                   55                  116  -8.2254369930828262E-006
                   55                  117   4.1683418840667744E-006
                   56                   55   1.6391865758249814E-003
                   56                   56 -0.99668826317357417     
                   56                   57   1.6556429972435379E-003
                   56                  116   4.1722794998069134E-006
                   56                  117  -8.4536266786614161E-006
                   56                  118   4.2813471788545027E-006
                   57                   56   1.6583475647344254E-003
                   57                   57 -0.99665295277151811     
                   57                   58   1.6713375175930888E-003
                   57                  117   4.2883409525221420E-006
                   57                  118  -8.6810730772316612E-006
                   57                  119   4.3927321247095192E-006
                   58                   57   1.6757351665860434E-003
                   58                   58 -0.99662271588416673     
                   58                   59   1.6837388575802407E-003
                   58                  118   4.4042903490664810E-006
                   58                  119  -8.9050458334791598E-006
                   58                  120   4.5007554844126787E-006
                   59                   58   1.6904721385517160E-003
                   59                   59 -0.99659953914373023     
                   59                   60   1.6917444267100115E-003
                   59                  119   4.5187540304009864E-006
                   59                  120  -9.1221455040740588E-006
                   59                  121   4.6033914736730724E-006
                   60                   59   1.7015221408424983E-003
                   60                   60 -0.99659025814650359     
                   60                   61   1.6942611878677195E-003
                   60                  120   4.6299975290315854E-006
                   60                  121  -9.3285272571936324E-006
                   61                   60   3.4050955905836136E-003
                   61                   61 -0.99658546138907567     
                   61                  121   9.4430203407573641E-006
                   62                    1   9.3303525798734601E-003
                   62                   62 -0.59120102448972989     
                   62                   63  0.39946862293039670     
                   63                    2   9.7713056268690941E-003
                   63                   62  0.19994407236013090     
                   63                   63 -0.59107433647788743     
                   63                   64  0.19921028553511244     
                   64                    3   1.0521147869725401E-002
                   64                   63  0.20012957915618151     
                   64                   64 -0.59097952419238775     
                   64                   65  0.19836974878170527     
                   65                    4   1.1336626613672135E-002
                   65                   64  0.19884295320543652     
                   65                   65 -0.59069064525761295     
                   65                   66  0.19912977492327855     
                   66                    5   1.2164393545100181E-002
                   66                   65  0.19824896099842262     
                   66                   66 -0.58999755612216254     
                   66                   67  0.19958908933431474     
                   67                    6   1.3083215789059447E-002
                   67                   66  0.19867526048708137     
                   67                   67 -0.58918741466233648     
                   67                   68  0.19905410906152254     
                   68                    7   1.4134314329882552E-002
                   68                   67  0.19845812751406733     
                   68                   68 -0.58842346385804456     
                   68                   69  0.19898409429800565     
                   69                    8   1.5342135255886123E-002
                   69                   68  0.19869201205962672     
                   69                   69 -0.58771911815663758     
                   69                   70  0.19824673452784958     
                   70                    9   1.6765647334274856E-002
                   70                   69  0.19854130658577337     
                   70                   70 -0.58704286909363856     
                   70                   71  0.19765017698631324     
                   71                   10   1.8360827506776745E-002
                   71                   70  0.19753409026012389     
                   71                   71 -0.58617581849677503     
                   71                   72  0.19792926373632430     
                   72                   11   2.0134251259790216E-002
                   72                   71  0.19723206514652866     
                   72                   72 -0.58502418923375743     
                   72                   73  0.19760949435992364     
                   73                   12   2.2175091481999146E-002
                   73                   72  0.19686789296025697     
                   73                   73 -0.58368232731539971     
                   73                   74  0.19727468824234431     
                   74                   13   2.4556141523987090E-002
                   74                   73  0.19660685397559402     
                   74                   74 -0.58223315186243141     
                   74                   75  0.19660385263798744     
                   75                   14   2.7357455650069983E-002
                   75                   74  0.19599040811561499     
                   75                   75 -0.58052234324819019     
                   75                   76  0.19612979298612468     
                   76                   15   3.0635358699626331E-002
                   76                   75  0.19527018748536581     
                   76                   76 -0.57854822923527405     
                   76                   77  0.19554622457973386     
                   77                   16   3.4552252465649094E-002
                   77                   76  0.19468598283392013     
                   77                   77 -0.57617934779439628     
                   77                   78  0.19458241690603442     
                   78                   17   3.9265294361301925E-002
                   78                   77  0.19359266555855062     
                   78                   78 -0.57339122489088423     
                   78                   79  0.19375081518926318     
                   79                   18   4.4999550098469218E-002
                   79                   78  0.19258695531618494     
                   79                   79 -0.56999086583227587     
                   79                   80  0.19242262875307001     
                   80                   19   5.2074124932514385E-002
                   80                   79  0.19103556756349399     
                   80                   80 -0.56581371846313411     
                   80                   81  0.19107658904085742     
                   81                   20   6.0876133051910170E-002
                   81                   80  0.18922804789323874     
                   81                   81 -0.56058795611254819     
                   81                   82  0.18930786294230270     
                   82                   21   7.2016226525732988E-002
                   82                   81  0.18691914654922684     
                   82                   82 -0.55393990583559172     
                   82                   83  0.18712472108944833     
                   83                   22   8.6349533038639820E-002
                   83                   82  0.18398451594917761     
                   83                   83 -0.54538712433713743     
                   83                   84  0.18427882667504519     
                   84                   23  0.10523563288571307     
                   84                   83  0.18024068971655138     
                   84                   84 -0.53414038160902955     
                   84                   85  0.18038329578870588     
                   85                   24  0.13074623728958396     
                   85                   84  0.17507191539123951     
                   85                   85 -0.51901665589998613     
                   85                   86  0.17516519141919051     
                   86                   25  0.16598427564770085     
                   86                   85  0.16779581315114767     
                   86                   86 -0.49811692653280215     
                   86                   87  0.16810298466834941     
                   87                   26  0.21589663288609443     
                   87                   86  0.15758846198803769     
                   87                   87 -0.46854357534411883     
                   87                   88  0.15797132978174891     
                   88                   27  0.28843294171251194     
                   88                   87  0.14269481734626868     
                   88                   88 -0.42562986862120061     
                   88                   89  0.14324237232001885     
                   89                   28  0.39510604987610326     
                   89                   88  0.12063369409317536     
                   89                   89 -0.36276008573402746     
                   89                   90  0.12150017029669395     
                   90                   29  0.54863583476179734     
                   90                   89   8.8569850929513666E-002
                   90                   90 -0.27336863150911567     
                   90                   91   8.9425682799573331E-002
                   91                   30  0.73867393738429876     
                   91                   90   4.4530948499588822E-002
                   91                   91 -0.17384745760494014     
                   91                   92   4.2947656511172341E-002
                   92                   31  0.72561731315423827     
                   92                   91   6.0733830670956094E-003
                   92                   92 -0.26348912547629622     
                   92                   93   4.8201783023698744E-003
                   93                   32  0.70334140381760468     
                   93                   92   7.2253203232775622E-003
                   93                   93 -0.28258252932846595     
                   93                   94   6.8507465306517591E-003
                   94                   93  0.17780204167298450     
                   94                   94 -0.64008761466740616     
                   94                   95  0.18211034365960926     
                   95                   94  0.17966551176586795     
                   95                   95 -0.63977501382525315     
                   95                   96  0.18055947440887896     
                   96                   95  0.18004026630228448     
                   96                   96 -0.63971326269029549     
                   96                   97  0.18024647100742003     
                   97                   96  0.18012742933349318     
                   97                   97 -0.63969920385529078     
                   97                   98  0.18017336681121610     
                   98                   97  0.18014665553894987     
                   98                   98 -0.63969634540541354     
                   98                   99  0.18015699905563665     
                   99                   98  0.18015056115203726     
                   99                   99 -0.63969591025080386     
                   99                  100  0.18015352859715886     
                  100                   99  0.18015129420757789     
                  100                  100 -0.63969585633694059     
                  100                  101  0.18015284945548146     
                  101                  100  0.18015146100453505     
                  101                  101 -0.63969574429962339     
                  101                  102  0.18015279469584164     
                  102                  101  0.18015158725518121     
                  102                  102 -0.63969548640532670     
                  102                  103  0.18015292633949204     
                  103                  102  0.18015177282801678     
                  103                  103 -0.63969506723870140     
                  103                  104  0.18015315993328182     
                  104                  103  0.18015203525936196     
                  104                  104 -0.63969448543978247     
                  104                  105  0.18015347930085548     
                  105                  104  0.18015237727566846     
                  105                  105 -0.63969374226645570     
                  105                  106  0.18015388045787578     
                  106                  105  0.18015279984360605     
                  106                  106 -0.63969283956252632     
                  106                  107  0.18015436059386772     
                  107                  106  0.18015330569593108     
                  107                  107 -0.63969177964624024     
                  107                  108  0.18015491465782868     
                  108                  107  0.18015390262910841     
                  108                  108 -0.63969056585533834     
                  108                  109  0.18015553151555325     
                  109                  108  0.18015460957360363     
                  109                  109 -0.63968920382249483     
                  109                  110  0.18015618660390151     
                  110                  109  0.18015546797869236     
                  110                  110 -0.63968770399456532     
                  110                  111  0.18015682802674221     
                  111                  110  0.18015656149986758     
                  111                  111 -0.63968608621401479     
                  111                  112  0.18015735228611757     
                  112                  111  0.18015804678985012     
                  112                  112 -0.63968438740927935     
                  112                  113  0.18015756580087053     
                  113                  112  0.18016019617022344     
                  113                  113 -0.63968267344481022     
                  113                  114  0.18015713038496645     
                  114                  113  0.18016344799852974     
                  114                  114 -0.63968105572608003     
                  114                  115  0.18015549627539021     
                  115                  114  0.18016845238790802     
                  115                  115 -0.63967971202675722     
                  115                  116  0.18015183558533482     
                  116                  115  0.18017609033172313     
                  116                  116 -0.63967890918201276     
                  116                  117  0.18014500048626406     
                  117                  116  0.18018743772649576     
                  117                  117 -0.63967902311025626     
                  117                  118  0.18013353916324798     
                  118                  117  0.18020364850129789     
                  118                  118 -0.63968054979701228     
                  118                  119  0.18011580170168975     
                  119                  118  0.18022574735548158     
                  119                  119 -0.63968410021091915     
                  119                  120  0.18009015243359922     
                  120                  119  0.18025434963092071     
                  120                  120 -0.63969037299446996     
                  120                  121  0.18005527737460933     
                  121                  120  0.21986789140364191     
                  121                  121 -0.78013210859635818     
