 #              _____________________  _______________________             #
 #              ___  __ \__  __ \_  / / /_  /___  ____/_  ___/             #
 #              __  / / /_  /_/ /  / / /_  __/_  __/  _____ \              #
 #              _  /_/ /_  _, _// /_/ / / /_ _  /___  ____/ /              #
 #              /_____/ /_/ |_| \____/  \__/ /_____/  /____/               #
 #                                                                         #
  
 DRUtES is initializing, reading input files
 ---------------------------------------------------------------
 14hrs : 52min : 00.346s  -  2021/02/04    total number of parallel images is:                    1
 ---------------------------------------------------------------
 14hrs : 52min : 00.347s  -  2021/02/04    reading input files and allocating...
 ---------------------------------------------------------------
 14hrs : 52min : 00.349s  -  2021/02/04    number of nodes:                   61 number of elements:                   60
 ---------------------------------------------------------------
 14hrs : 52min : 00.353s  -  2021/02/04    analyzing mesh structure...
 ---------------------------------------------------------------
 14hrs : 52min : 00.363s  -  2021/02/04    DRUtES solves coupled water and heat flow considering freezing and melting
 ---------------------------------------------------------------
 14hrs : 52min : 00.364s  -  2021/02/04    making output files for observation time
 ---------------------------------------------------------------
 14hrs : 52min : 00.384s  -  2021/02/04    go 4 solving
 ---------------------------------------------------------------
 14hrs : 52min : 00.481s  -  2021/02/04    current simulation time:   1.0000000000000000 total iteration count:                    2
 ---------------------------------------------------------------
 14hrs : 52min : 23.929s  -  2021/02/04    making output files for observation time
 ---------------------------------------------------------------
 14hrs : 52min : 44.007s  -  2021/02/04    making output files for observation time
 ---------------------------------------------------------------
 14hrs : 53min : 04.457s  -  2021/02/04    making output files for observation time
 ---------------------------------------------------------------
 14hrs : 53min : 42.806s  -  2021/02/04    making output files for observation time
 ---------------------------------------------------------------
 14hrs : 55min : 14.717s  -  2021/02/04    making output files for observation time
 ---------------------------------------------------------------
 14hrs : 55min : 14.896s  -  2021/02/04    # real elapsed CPU time =   3.2503333333334012 min
 ---------------------------------------------------------------
 14hrs : 55min : 14.901s  -  2021/02/04    minimal adjusted time step was  0.91011600000000015
 ---------------------------------------------------------------
 14hrs : 55min : 14.901s  -  2021/02/04    F I N I S H E D !!!!!
 ---------------------------------------------------------------
 14hrs : 55min : 14.929s  -  2021/02/04    Peak RAM  consumption on image                    1 was:                    0 kB
