 #              _____________________  _______________________             #
 #              ___  __ \__  __ \_  / / /_  /___  ____/_  ___/             #
 #              __  / / /_  /_/ /  / / /_  __/_  __/  _____ \              #
 #              _  /_/ /_  _, _// /_/ / / /_ _  /___  ____/ /              #
 #              /_____/ /_/ |_| \____/  \__/ /_____/  /____/               #
 #                                                                         #
  
 DRUtES is initializing, reading input files
 ---------------------------------------------------------------
 13hrs : 46min : 42.507s  -  2021/02/03    total number of parallel images is:                    1
 ---------------------------------------------------------------
 13hrs : 46min : 42.507s  -  2021/02/03    reading input files and allocating...
 ---------------------------------------------------------------
 13hrs : 46min : 42.540s  -  2021/02/03    number of nodes:                   61 number of elements:                   60
 ---------------------------------------------------------------
 13hrs : 46min : 42.549s  -  2021/02/03    analyzing mesh structure...
 ---------------------------------------------------------------
 13hrs : 46min : 42.560s  -  2021/02/03    DRUtES solves coupled water and heat flow considering freezing and melting
 ---------------------------------------------------------------
 13hrs : 46min : 42.561s  -  2021/02/03    making output files for observation time
 ---------------------------------------------------------------
 13hrs : 46min : 42.580s  -  2021/02/03    go 4 solving
 ---------------------------------------------------------------
 13hrs : 46min : 42.672s  -  2021/02/03    current simulation time:   1.0000000000000000 total iteration count:                    2
 ---------------------------------------------------------------
 13hrs : 47min : 08.022s  -  2021/02/03    making output files for observation time
 ---------------------------------------------------------------
 13hrs : 47min : 43.279s  -  2021/02/03    making output files for observation time
 ---------------------------------------------------------------
 13hrs : 47min : 59.216s  -  2021/02/03    making output files for observation time
 ---------------------------------------------------------------
 13hrs : 48min : 24.964s  -  2021/02/03    making output files for observation time
 ---------------------------------------------------------------
 13hrs : 49min : 27.372s  -  2021/02/03    making output files for observation time
 ---------------------------------------------------------------
 13hrs : 49min : 27.579s  -  2021/02/03    # real elapsed CPU time =   2.7503333333333404 min
 ---------------------------------------------------------------
 13hrs : 49min : 27.585s  -  2021/02/03    minimal adjusted time step was  0.91011600000000015
 ---------------------------------------------------------------
 13hrs : 49min : 27.585s  -  2021/02/03    F I N I S H E D !!!!!
 ---------------------------------------------------------------
 13hrs : 49min : 27.609s  -  2021/02/03    Peak RAM  consumption on image                    1 was:                    0 kB
