 #              _____________________  _______________________             #
 #              ___  __ \__  __ \_  / / /_  /___  ____/_  ___/             #
 #              __  / / /_  /_/ /  / / /_  __/_  __/  _____ \              #
 #              _  /_/ /_  _, _// /_/ / / /_ _  /___  ____/ /              #
 #              /_____/ /_/ |_| \____/  \__/ /_____/  /____/               #
 #                                                                         #
  
 DRUtES is initializing, reading input files
 ---------------------------------------------------------------
 13hrs : 41min : 06.111s  -  2021/03/18    total number of parallel images is:                    1
 ---------------------------------------------------------------
 13hrs : 41min : 06.112s  -  2021/03/18    reading input files and allocating...
 ---------------------------------------------------------------
 13hrs : 41min : 06.113s  -  2021/03/18    number of nodes:                   61 number of elements:                   60
 ---------------------------------------------------------------
 13hrs : 41min : 06.119s  -  2021/03/18    analyzing mesh structure...
 ---------------------------------------------------------------
 13hrs : 41min : 06.125s  -  2021/03/18    DRUtES solves coupled water and heat flow considering freezing and melting
 ---------------------------------------------------------------
 13hrs : 41min : 06.126s  -  2021/03/18    making output files for observation time
 ---------------------------------------------------------------
 13hrs : 41min : 06.152s  -  2021/03/18    go 4 solving
 ---------------------------------------------------------------
 13hrs : 41min : 06.206s  -  2021/03/18    current simulation time:   1.0000000000000000 total iteration count:                    1
 ---------------------------------------------------------------
 13hrs : 42min : 56.559s  -  2021/03/18    making output files for observation time
 ---------------------------------------------------------------
 13hrs : 44min : 03.316s  -  2021/03/18    making output files for observation time
 ---------------------------------------------------------------
 13hrs : 44min : 22.034s  -  2021/03/18    making output files for observation time
 ---------------------------------------------------------------
 13hrs : 44min : 58.655s  -  2021/03/18    making output files for observation time
 ---------------------------------------------------------------
 13hrs : 47min : 56.072s  -  2021/03/18    making output files for observation time
 ---------------------------------------------------------------
 13hrs : 47min : 56.264s  -  2021/03/18    # real elapsed CPU time =   6.8340000000001355 min
 ---------------------------------------------------------------
 13hrs : 47min : 56.271s  -  2021/03/18    minimal adjusted time step was   1.0000000000000000
 ---------------------------------------------------------------
 13hrs : 47min : 56.271s  -  2021/03/18    F I N I S H E D !!!!!
 ---------------------------------------------------------------
 13hrs : 47min : 56.295s  -  2021/03/18    Peak RAM  consumption on image                    1 was:                    0 kB
