                  121                  121                  538
                    1                    1 -0.92768928521883953     
                    1                    2   7.0894011590529424E-002
                    1                   62  -7.0835159531547982E-004
                    1                   63   7.0835159531547982E-004
                    2                    1   3.5500777313517910E-002
                    2                    2 -0.92644845709695012     
                    2                    3   3.6557760112294439E-002
                    2                   62   3.5471306646059993E-004
                    2                   63  -7.4650273861878768E-004
                    2                   64   3.9178967215818775E-004
                    3                    2   3.6460227848766090E-002
                    3                    3 -0.92428112595754197     
                    3                    4   3.7638016524290885E-002
                    3                   63   3.9074441847100221E-004
                    3                   64  -8.1031483470055479E-004
                    3                   65   4.1957041622955253E-004
                    4                    3   3.7477950941781669E-002
                    4                    4 -0.92249320941188917     
                    4                    5   3.8320728435219990E-002
                    4                   64   4.1778608248194197E-004
                    4                   65  -8.5405560555455501E-004
                    4                   66   4.3626952307261309E-004
                    5                    4   3.8200869348548216E-002
                    5                    5 -0.92135671252952089     
                    5                    6   3.8682454865890462E-002
                    5                   65   4.3490496481097640E-004
                    5                   66  -8.7998162802020307E-004
                    5                   67   4.4507666320922672E-004
                    6                    5   3.8614275643629709E-002
                    6                    6 -0.92074609875602942     
                    6                    7   3.8852533503499195E-002
                    6                   66   4.4429219953314364E-004
                    6                   67  -8.9354604842087793E-004
                    6                   68   4.4925384888773435E-004
                    7                    6   3.8819382673109255E-002
                    7                    7 -0.92045550960690570     
                    7                    8   3.8925241679130210E-002
                    7                   67   4.4887052412603855E-004
                    7                   68  -8.9993302042742354E-004
                    7                   69   4.5106249630138498E-004
                    8                    7   3.8910806875407364E-002
                    8                    8 -0.92032993349957948     
                    8                    9   3.8953898397708055E-002
                    8                   68   4.5089522698409936E-004
                    8                   69  -9.0268061365250110E-004
                    8                   70   4.5178538666840184E-004
                    9                    8   3.8948136690077850E-002
                    9                    9 -0.92027990352789768     
                    9                   10   3.8964413715372508E-002
                    9                   69   4.5171856266832338E-004
                    9                   70  -9.0377303332602886E-004
                    9                   71   4.5205447065770543E-004
                   10                    9   3.8962276028020319E-002
                   10                   10 -0.92026133427673262     
                   10                   11   3.8968033479871253E-002
                   10                   70   4.5202966979373030E-004
                   10                   71  -9.0417810768795399E-004
                   10                   72   4.5214843789422374E-004
                   11                   10   3.8967289346077447E-002
                   11                   11 -0.92025486236221343     
                   11                   12   3.8969209854889171E-002
                   11                   71   4.5213980366502586E-004
                   11                   72  -9.0431921840994681E-004
                   11                   73   4.5217941474492106E-004
                   12                   11   3.8968965122931798E-002
                   12                   12 -0.92025273076300662     
                   12                   13   3.8969572750567158E-002
                   12                   72   4.5217657499647181E-004
                   12                   73  -9.0436568174720499E-004
                   12                   74   4.5218910675073307E-004
                   13                   12   3.8969496282508370E-002
                   13                   13 -0.92025206375817337     
                   13                   14   3.8969679523367141E-002
                   13                   73   4.5218821944248828E-004
                   13                   74  -9.0438021797552433E-004
                   13                   75   4.5219199853303616E-004
                   14                   13   3.8969656717167560E-002
                   14                   14 -0.92025186455259567     
                   14                   15   3.8969709612862974E-002
                   14                   74   4.5219173389701413E-004
                   14                   75  -9.0438455868683599E-004
                   14                   76   4.5219282478982180E-004
                   15                   14   3.8969703093996215E-002
                   15                   15 -0.92025180753928570     
                   15                   16   3.8969717764998135E-002
                   15                   75   4.5219274914684669E-004
                   15                   76  -9.0438580085992141E-004
                   15                   77   4.5219305171307467E-004
                   16                   15   3.8969715972779866E-002
                   16                   16 -0.92025179184627637     
                   16                   17   3.8969719895478074E-002
                   16                   76   4.5219303091670527E-004
                   16                   77  -9.0438614273279973E-004
                   16                   78   4.5219311181609440E-004
                   17                   16   3.8969719420043958E-002
                   17                   17 -0.92025178767878013     
                   17                   18   3.8969720434150000E-002
                   17                   77   4.5219310629929747E-004
                   17                   78  -9.0438623351290777E-004
                   17                   79   4.5219312721361024E-004
                   18                   17   3.8969720312109303E-002
                   18                   18 -0.92025178660794804     
                   18                   19   3.8969720566269538E-002
                   18                   78   4.5219312579748602E-004
                   18                   79  -9.0438625683661889E-004
                   18                   80   4.5219313103913282E-004
                   19                   18   3.8969720535878730E-002
                   19                   19 -0.92025178634104332     
                   19                   20   3.8969720597778812E-002
                   19                   79   4.5219313068648690E-004
                   19                   80  -9.0438626264956504E-004
                   19                   81   4.5219313196307815E-004
                   20                   19   3.8969720590420094E-002
                   20                   20 -0.92025178627636206     
                   20                   21   3.8969720605101572E-002
                   20                   80   4.5219313187768974E-004
                   20                   81  -9.0438626405816159E-004
                   20                   82   4.5219313218047185E-004
                   21                   20   3.8969720603365482E-002
                   21                   21 -0.92025178626108983     
                   21                   22   3.8969720606763271E-002
                   21                   81   4.5219313216032678E-004
                   21                   82  -9.0438626439072651E-004
                   21                   83   4.5219313223039979E-004
                   22                   21   3.8969720606363424E-002
                   22                   22 -0.92025178625756987     
                   22                   23   3.8969720607131920E-002
                   22                   82   4.5219313222576006E-004
                   22                   83  -9.0438626446737028E-004
                   22                   84   4.5219313224161023E-004
                   23                   22   3.8969720607041819E-002
                   23                   23 -0.92025178625677684     
                   23                   24   3.8969720607212099E-002
                   23                   83   4.5219313224056473E-004
                   23                   84  -9.0438626448464021E-004
                   23                   85   4.5219313224407548E-004
                   24                   23   3.8969720607192261E-002
                   24                   24 -0.92025178625660142     
                   24                   25   3.8969720607229322E-002
                   24                   84   4.5219313224384525E-004
                   24                   85  -9.0438626448845390E-004
                   24                   86   4.5219313224460864E-004
                   25                   24   3.8969720607225027E-002
                   25                   25 -0.92025178625656356     
                   25                   26   3.8969720607232805E-002
                   25                   85   4.5219313224455882E-004
                   25                   86  -9.0438626448927865E-004
                   25                   87   4.5219313224471988E-004
                   26                   25   3.8969720607231854E-002
                   26                   26 -0.92025178625655568     
                   26                   27   3.8969720607233485E-002
                   26                   86   4.5219313224470888E-004
                   26                   87  -9.0438626448945158E-004
                   26                   88   4.5219313224474276E-004
                   27                   26   3.8969720607233298E-002
                   27                   27 -0.92025178625655413     
                   27                   28   3.8969720607233617E-002
                   27                   87   4.5219313224474053E-004
                   27                   88  -9.0438626448948801E-004
                   27                   89   4.5219313224474742E-004
                   28                   27   3.8969720607233582E-002
                   28                   28 -0.92025178625655379     
                   28                   29   3.8969720607233645E-002
                   28                   88   4.5219313224474704E-004
                   28                   89  -9.0438626448949560E-004
                   28                   90   4.5219313224474856E-004
                   29                   28   3.8969720607233714E-002
                   29                   29 -0.92025178625655324     
                   29                   30   3.8969720607233936E-002
                   29                   89   4.5219313224474932E-004
                   29                   90  -9.0438626448950145E-004
                   29                   91   4.5219313224475214E-004
                   30                   29   3.8969720607233936E-002
                   30                   30 -0.92025178625655324     
                   30                   31   3.8969720607233714E-002
                   30                   90   4.5219313224475214E-004
                   30                   91  -9.0438626448950178E-004
                   30                   92   4.5219313224474964E-004
                   31                   30   3.8969720607233645E-002
                   31                   31 -0.92025178625655379     
                   31                   32   3.8969720607233659E-002
                   31                   91   4.5219313224474888E-004
                   31                   92  -9.0438626448949787E-004
                   31                   93   4.5219313224474899E-004
                   32                   31   3.8969720607233659E-002
                   32                   32 -0.92025178625655379     
                   32                   33   3.8969720607233659E-002
                   32                   92   4.5219313224474899E-004
                   32                   93  -9.0438626448949798E-004
                   32                   94   4.5219313224474899E-004
                   33                   32   3.8969720607233659E-002
                   33                   33 -0.92025178625655379     
                   33                   34   3.8969720607233659E-002
                   33                   93   4.5219313224474899E-004
                   33                   94  -9.0438626448949809E-004
                   33                   95   4.5219313224474905E-004
                   34                   33   3.8969720607233659E-002
                   34                   34 -0.92025178625655379     
                   34                   35   3.8969720607233659E-002
                   34                   94   4.5219313224474905E-004
                   34                   95  -9.0438626448949809E-004
                   34                   96   4.5219313224474905E-004
                   35                   34   3.8969720607233659E-002
                   35                   35 -0.92025178625655379     
                   35                   36   3.8969720607233659E-002
                   35                   95   4.5219313224474905E-004
                   35                   96  -9.0438626448949809E-004
                   35                   97   4.5219313224474905E-004
                   36                   35   3.8969720607233728E-002
                   36                   36 -0.92025178625655324     
                   36                   37   3.8969720607233936E-002
                   36                   96   4.5219313224474980E-004
                   36                   97  -9.0438626448950199E-004
                   36                   98   4.5219313224475214E-004
                   37                   36   3.8969720607233936E-002
                   37                   37 -0.92025178625655324     
                   37                   38   3.8969720607233714E-002
                   37                   97   4.5219313224475214E-004
                   37                   98  -9.0438626448950178E-004
                   37                   99   4.5219313224474964E-004
                   38                   37   3.8969720607233645E-002
                   38                   38 -0.92025178625655379     
                   38                   39   3.8969720607233659E-002
                   38                   98   4.5219313224474888E-004
                   38                   99  -9.0438626448949787E-004
                   38                  100   4.5219313224474899E-004
                   39                   38   3.8969720607233659E-002
                   39                   39 -0.92025178625655379     
                   39                   40   3.8969720607233659E-002
                   39                   99   4.5219313224474899E-004
                   39                  100  -9.0438626448949809E-004
                   39                  101   4.5219313224474905E-004
                   40                   39   3.8969720607233659E-002
                   40                   40 -0.92025178625655379     
                   40                   41   3.8969720607233659E-002
                   40                  100   4.5219313224474905E-004
                   40                  101  -9.0438626448949809E-004
                   40                  102   4.5219313224474905E-004
                   41                   40   3.8969720607233659E-002
                   41                   41 -0.92025178625655379     
                   41                   42   3.8969720607233659E-002
                   41                  101   4.5219313224474905E-004
                   41                  102  -9.0438626448949809E-004
                   41                  103   4.5219313224474905E-004
                   42                   41   3.8969720607233728E-002
                   42                   42 -0.92025178625655324     
                   42                   43   3.8969720607233936E-002
                   42                  102   4.5219313224474980E-004
                   42                  103  -9.0438626448950199E-004
                   42                  104   4.5219313224475214E-004
                   43                   42   3.8969720607233936E-002
                   43                   43 -0.92025178625655324     
                   43                   44   3.8969720607233714E-002
                   43                  103   4.5219313224475214E-004
                   43                  104  -9.0438626448950178E-004
                   43                  105   4.5219313224474964E-004
                   44                   43   3.8969720607233645E-002
                   44                   44 -0.92025178625655379     
                   44                   45   3.8969720607233659E-002
                   44                  104   4.5219313224474888E-004
                   44                  105  -9.0438626448949787E-004
                   44                  106   4.5219313224474899E-004
                   45                   44   3.8969720607233659E-002
                   45                   45 -0.92025178625655379     
                   45                   46   3.8969720607233659E-002
                   45                  105   4.5219313224474899E-004
                   45                  106  -9.0438626448949809E-004
                   45                  107   4.5219313224474905E-004
                   46                   45   3.8969720607233659E-002
                   46                   46 -0.92025178625655379     
                   46                   47   3.8969720607233659E-002
                   46                  106   4.5219313224474905E-004
                   46                  107  -9.0438626448949809E-004
                   46                  108   4.5219313224474905E-004
                   47                   46   3.8969720607233659E-002
                   47                   47 -0.92025178625655379     
                   47                   48   3.8969720607233659E-002
                   47                  107   4.5219313224474905E-004
                   47                  108  -9.0438626448949809E-004
                   47                  109   4.5219313224474905E-004
                   48                   47   3.8969720607233728E-002
                   48                   48 -0.92025178625655324     
                   48                   49   3.8969720607233936E-002
                   48                  108   4.5219313224474980E-004
                   48                  109  -9.0438626448950199E-004
                   48                  110   4.5219313224475214E-004
                   49                   48   3.8969720607233936E-002
                   49                   49 -0.92025178625655324     
                   49                   50   3.8969720607233714E-002
                   49                  109   4.5219313224475214E-004
                   49                  110  -9.0438626448950178E-004
                   49                  111   4.5219313224474964E-004
                   50                   49   3.8969720607233645E-002
                   50                   50 -0.92025178625655379     
                   50                   51   3.8969720607233659E-002
                   50                  110   4.5219313224474888E-004
                   50                  111  -9.0438626448949787E-004
                   50                  112   4.5219313224474905E-004
                   51                   50   3.8969720607233659E-002
                   51                   51 -0.92025178625655379     
                   51                   52   3.8969720607233659E-002
                   51                  111   4.5219313224474905E-004
                   51                  112  -9.0438626448949809E-004
                   51                  113   4.5219313224474905E-004
                   52                   51   3.8969720607233659E-002
                   52                   52 -0.92025178625655379     
                   52                   53   3.8969720607233659E-002
                   52                  112   4.5219313224474905E-004
                   52                  113  -9.0438626448949809E-004
                   52                  114   4.5219313224474905E-004
                   53                   52   3.8969720607233659E-002
                   53                   53 -0.92025178625655379     
                   53                   54   3.8969720607233659E-002
                   53                  113   4.5219313224474905E-004
                   53                  114  -9.0438626448949809E-004
                   53                  115   4.5219313224474905E-004
                   54                   53   3.8969720607233659E-002
                   54                   54 -0.92025178625655379     
                   54                   55   3.8969720607233659E-002
                   54                  114   4.5219313224474905E-004
                   54                  115  -9.0438626448949809E-004
                   54                  116   4.5219313224474905E-004
                   55                   54   3.8969720607233659E-002
                   55                   55 -0.92025178625655379     
                   55                   56   3.8969720607233659E-002
                   55                  115   4.5219313224474905E-004
                   55                  116  -9.0438626448949809E-004
                   55                  117   4.5219313224474905E-004
                   56                   55   3.8969720607233659E-002
                   56                   56 -0.92025178625655379     
                   56                   57   3.8969720607233659E-002
                   56                  116   4.5219313224474905E-004
                   56                  117  -9.0438626448949809E-004
                   56                  118   4.5219313224474905E-004
                   57                   56   3.8969720607233652E-002
                   57                   57 -0.92025178625655357     
                   57                   58   3.8969720607233672E-002
                   57                  117   4.5219313224474894E-004
                   57                  118  -9.0438626448949787E-004
                   57                  119   4.5219313224474899E-004
                   58                   57   3.8969720607233804E-002
                   58                   58 -0.92025178625655280     
                   58                   59   3.8969720607234304E-002
                   58                  118   4.5219313224475056E-004
                   58                  119  -9.0438626448950666E-004
                   58                  120   4.5219313224475609E-004
                   59                   58   3.8969720607234297E-002
                   59                   59 -0.92025178625655268     
                   59                   60   3.8969720607233888E-002
                   59                  119   4.5219313224475598E-004
                   59                  120  -9.0438626448950709E-004
                   59                  121   4.5219313224475116E-004
                   60                   59   3.8987350419337784E-002
                   60                   60 -0.92066810605118665     
                   60                   61   3.8987350419337784E-002
                   60                  120   4.5239770337926087E-004
                   60                  121  -9.0479540675852173E-004
                   61                   60   7.8009992380068949E-002
                   61                   61 -0.92108480270054582     
                   61                  121   9.0520491938513915E-004
                   62                   62 -0.75994953797986065     
                   62                   63  0.24005046202013930     
                   63                   62  0.12020589695773128     
                   63                   63 -0.75980093202325671     
                   63                   64  0.11999317101901197     
                   64                   63  0.12008886891852698     
                   64                   64 -0.75981368637169711     
                   64                   65  0.12009744470977583     
                   65                   64  0.12005766602874991     
                   65                   65 -0.75984691699092144     
                   65                   66  0.12009541698032856     
                   66                   65  0.12004928870570569     
                   66                   66 -0.75987788379660981     
                   66                   67  0.12007282749768447     
                   67                   66  0.12004543238957446     
                   67                   67 -0.75989850441968421     
                   67                   68  0.12005606319074130     
                   68                   67  0.12004309068084444     
                   68                   68 -0.75990974381958198     
                   68                   69  0.12004716549957369     
                   69                   68  0.12004176829881878     
                   69                   69 -0.75991506955285681     
                   69                   70  0.12004316214832442     
                   70                   69  0.12004111394354959     
                   70                   70 -0.75991733773807868     
                   70                   71  0.12004154831837173     
                   71                   70  0.12004082591036797     
                   71                   71 -0.75991822373957485     
                   71                   72  0.12004095035005731     
                   72                   71  0.12004071087366427     
                   72                   72 -0.75991854540315373     
                   72                   73  0.12004074372318203     
                   73                   72  0.12004066853763395     
                   73                   73 -0.75991865496424027     
                   73                   74  0.12004067649812576     
                   74                   73  0.12004065401271521     
                   74                   74 -0.75991869022658010     
                   74                   75  0.12004065576070463     
                   75                   74  0.12004064932513876     
                   75                   75 -0.75991870101326475     
                   75                   76  0.12004064966159649     
                   76                   75  0.12004064789187421     
                   76                   76 -0.75991870416470098     
                   76                   77  0.12004064794342481     
                   77                   76  0.12004064747423969     
                   77                   77 -0.75991870504777836     
                   77                   78  0.12004064747798188     
                   78                   77  0.12004064735769540     
                   78                   78 -0.75991870528598404     
                   78                   79  0.12004064735632060     
                   79                   78  0.12004064732641925     
                   79                   79 -0.75991870534803740     
                   79                   80  0.12004064732554340     
                   80                   79  0.12004064731831889     
                   80                   80 -0.75991870536369366     
                   80                   81  0.12004064731798753     
                   81                   80  0.12004064731628726     
                   81                   81 -0.75991870536752948     
                   81                   82  0.12004064731618334     
                   82                   81  0.12004064731579281     
                   82                   82 -0.75991870536844353     
                   82                   83  0.12004064731576369     
                   83                   82  0.12004064731567601     
                   83                   83 -0.75991870536865602     
                   83                   84  0.12004064731566794     
                   84                   83  0.12004064731564860     
                   84                   84 -0.75991870536870476     
                   84                   85  0.12004064731564668     
                   85                   84  0.12004064731564251     
                   85                   85 -0.75991870536871520     
                   85                   86  0.12004064731564240     
                   86                   85  0.12004064731564151     
                   86                   86 -0.75991870536871742     
                   86                   87  0.12004064731564106     
                   87                   86  0.12004064731564086     
                   87                   87 -0.75991870536871831     
                   87                   88  0.12004064731564082     
                   88                   87  0.12004064731564081     
                   88                   88 -0.75991870536871831     
                   88                   89  0.12004064731564081     
                   89                   88  0.12004064731564081     
                   89                   89 -0.75991870536871831     
                   89                   90  0.12004064731564081     
                   90                   89  0.12004064731564082     
                   90                   90 -0.75991870536871775     
                   90                   91  0.12004064731564146     
                   91                   90  0.12004064731564146     
                   91                   91 -0.75991870536871775     
                   91                   92  0.12004064731564081     
                   92                   91  0.12004064731564079     
                   92                   92 -0.75991870536871831     
                   92                   93  0.12004064731564081     
                   93                   92  0.12004064731564081     
                   93                   93 -0.75991870536871831     
                   93                   94  0.12004064731564081     
                   94                   93  0.12004064731564081     
                   94                   94 -0.75991870536871831     
                   94                   95  0.12004064731564081     
                   95                   94  0.12004064731564081     
                   95                   95 -0.75991870536871831     
                   95                   96  0.12004064731564081     
                   96                   95  0.12004064731564081     
                   96                   96 -0.75991870536871831     
                   96                   97  0.12004064731564081     
                   97                   96  0.12004064731564082     
                   97                   97 -0.75991870536871775     
                   97                   98  0.12004064731564146     
                   98                   97  0.12004064731564146     
                   98                   98 -0.75991870536871775     
                   98                   99  0.12004064731564081     
                   99                   98  0.12004064731564079     
                   99                   99 -0.75991870536871831     
                   99                  100  0.12004064731564081     
                  100                   99  0.12004064731564081     
                  100                  100 -0.75991870536871831     
                  100                  101  0.12004064731564081     
                  101                  100  0.12004064731564081     
                  101                  101 -0.75991870536871831     
                  101                  102  0.12004064731564081     
                  102                  101  0.12004064731564081     
                  102                  102 -0.75991870536871831     
                  102                  103  0.12004064731564081     
                  103                  102  0.12004064731564082     
                  103                  103 -0.75991870536871775     
                  103                  104  0.12004064731564146     
                  104                  103  0.12004064731564146     
                  104                  104 -0.75991870536871775     
                  104                  105  0.12004064731564081     
                  105                  104  0.12004064731564079     
                  105                  105 -0.75991870536871831     
                  105                  106  0.12004064731564081     
                  106                  105  0.12004064731564081     
                  106                  106 -0.75991870536871831     
                  106                  107  0.12004064731564081     
                  107                  106  0.12004064731564081     
                  107                  107 -0.75991870536871831     
                  107                  108  0.12004064731564081     
                  108                  107  0.12004064731564081     
                  108                  108 -0.75991870536871831     
                  108                  109  0.12004064731564081     
                  109                  108  0.12004064731564082     
                  109                  109 -0.75991870536871775     
                  109                  110  0.12004064731564146     
                  110                  109  0.12004064731564146     
                  110                  110 -0.75991870536871775     
                  110                  111  0.12004064731564081     
                  111                  110  0.12004064731564079     
                  111                  111 -0.75991870536871831     
                  111                  112  0.12004064731564081     
                  112                  111  0.12004064731564081     
                  112                  112 -0.75991870536871831     
                  112                  113  0.12004064731564081     
                  113                  112  0.12004064731564081     
                  113                  113 -0.75991870536871831     
                  113                  114  0.12004064731564081     
                  114                  113  0.12004064731564081     
                  114                  114 -0.75991870536871831     
                  114                  115  0.12004064731564081     
                  115                  114  0.12004064731564081     
                  115                  115 -0.75991870536871831     
                  115                  116  0.12004064731564081     
                  116                  115  0.12004064731564081     
                  116                  116 -0.75991870536871831     
                  116                  117  0.12004064731564081     
                  117                  116  0.12004064731564081     
                  117                  117 -0.75991870536871831     
                  117                  118  0.12004064731564081     
                  118                  117  0.12004064731564081     
                  118                  118 -0.75991870536871831     
                  118                  119  0.12004064731564081     
                  119                  118  0.12004064731564082     
                  119                  119 -0.75991870536871697     
                  119                  120  0.12004064731564215     
                  120                  119  0.12004064731564214     
                  120                  120 -0.75991870536871708     
                  120                  121  0.12004064731564082     
                  121                  120  0.13641612757390542     
                  121                  121 -0.86358387242609458     
