                  121                  121                  538
                    1                    1  -4.4895109363344627E-004
                    1                    2   3.4308840840090396E-005
                    1                   62  -3.4280359648528402E-007
                    1                   63   3.4280359648528402E-007
                    2                    1   3.4308840840090396E-005
                    2                    2  -8.9534300560183567E-004
                    2                    3   3.5330335504662954E-005
                    2                   62   3.4280359648528402E-007
                    2                   63  -7.2143895385105375E-007
                    2                   64   3.7863535736576968E-007
                    3                    2   3.5330335504662954E-005
                    3                    3  -8.9563791033227887E-004
                    3                    4   3.6471624835944362E-005
                    3                   63   3.7863535736576968E-007
                    3                   64  -7.8520340281814782E-007
                    3                   65   4.0656804545237808E-007
                    4                    3   3.6471624835944362E-005
                    4                    4  -8.9772320529584435E-004
                    4                    5   3.7291772783963346E-005
                    4                   64   4.0656804545237808E-007
                    4                   65  -8.3112322984806681E-007
                    4                   66   4.2455518439568878E-007
                    5                    4   3.7291772783963346E-005
                    5                    5  -8.9943045178201154E-004
                    5                    6   3.7761897626539897E-005
                    5                   65   4.2455518439568878E-007
                    5                   66  -8.5904000316785197E-007
                    5                   67   4.3448481877216319E-007
                    6                    5   3.7761897626539897E-005
                    6                    6  -9.0042139446417724E-004
                    6                    7   3.7994896142325679E-005
                    6                   66   4.3448481877216319E-007
                    6                   67  -8.7382176261630706E-007
                    6                   68   4.3933694384414381E-007
                    7                    6   3.7994896142325679E-005
                    7                    7  -9.0090591562580187E-004
                    7                    8   3.8098506804385026E-005
                    7                   67   4.3933694384414381E-007
                    7                   68  -8.8081930447274501E-007
                    7                   69   4.4148236062860114E-007
                    8                    7   3.8098506804385026E-005
                    8                    8  -9.0111717153503281E-004
                    8                    9   3.8140698750207154E-005
                    8                   68   4.4148236062860114E-007
                    8                   69  -8.8383629801216252E-007
                    8                   70   4.4235393738356138E-007
                    9                    8   3.8140698750207154E-005
                    9                    9  -9.0120148354283611E-004
                    9                   10   3.8156638334769434E-005
                    9                   69   4.4235393738356138E-007
                    9                   70  -8.8503681901246064E-007
                    9                   71   4.4268288162889926E-007
                   10                    9   3.8156638334769434E-005
                   10                   10  -9.0123274318514826E-004
                   10                   11   3.8162276737614498E-005
                   10                   70   4.4268288162889926E-007
                   10                   71  -8.8548207554543270E-007
                   10                   72   4.4279919391653344E-007
                   11                   10   3.8162276737614498E-005
                   11                   11  -9.0124361524616362E-004
                   11                   12   3.8164157571256738E-005
                   11                   71   4.4279919391653344E-007
                   11                   72  -8.8563718060049302E-007
                   11                   73   4.4283798668395953E-007
                   12                   11   3.8164157571256738E-005
                   12                   12  -9.0124718763833736E-004
                   12                   13   3.8164752649846841E-005
                   12                   72   4.4283798668395953E-007
                   12                   73  -8.8568824630980450E-007
                   12                   74   4.4285025962584497E-007
                   13                   12   3.8164752649846841E-005
                   13                   13  -9.0124830288366021E-004
                   13                   14   3.8164932106671188E-005
                   13                   73   4.4285025962584497E-007
                   13                   74  -8.8570422030173548E-007
                   13                   75   4.4285396067589057E-007
                   14                   13   3.8164932106671188E-005
                   14                   14  -9.0124863522893619E-004
                   14                   15   3.8164983910068900E-005
                   14                   74   4.4285396067589057E-007
                   14                   75  -8.8570898971761896E-007
                   14                   76   4.4285502904172834E-007
                   15                   14   3.8164983910068900E-005
                   15                   15  -9.0124873015415860E-004
                   15                   16   3.8164998278116613E-005
                   15                   75   4.4285502904172834E-007
                   15                   76  -8.8571035440173282E-007
                   15                   77   4.4285532536000443E-007
                   16                   15   3.8164998278116613E-005
                   16                   16  -9.0124875623366000E-004
                   16                   17   3.8165002119811845E-005
                   16                   76   4.4285532536000443E-007
                   16                   77  -8.8571072994884028E-007
                   16                   78   4.4285540458883580E-007
                   17                   16   3.8165002119811845E-005
                   17                   17  -9.0124876314753811E-004
                   17                   18   3.8165003112976719E-005
                   17                   77   4.4285540458883580E-007
                   17                   78  -8.8571082966010712E-007
                   17                   79   4.4285542507127132E-007
                   18                   17   3.8165003112976719E-005
                   18                   18  -9.0124876492124126E-004
                   18                   19   3.8165003361888619E-005
                   18                   78   4.4285542507127132E-007
                   18                   79  -8.8571085527595077E-007
                   18                   80   4.4285543020467940E-007
                   19                   18   3.8165003361888619E-005
                   19                   19  -9.0124876536269347E-004
                   19                   20   3.8165003422510496E-005
                   19                   79   4.4285543020467940E-007
                   19                   80  -8.8571086165958917E-007
                   19                   81   4.4285543145490972E-007
                   20                   19   3.8165003422510496E-005
                   20                   20  -9.0124876546953227E-004
                   20                   21   3.8165003436888853E-005
                   20                   80   4.4285543145490972E-007
                   20                   81  -8.8571086320634947E-007
                   20                   82   4.4285543175143970E-007
                   21                   20   3.8165003436888853E-005
                   21                   21  -9.0124876549472577E-004
                   21                   22   3.8165003440216473E-005
                   21                   81   4.4285543175143970E-007
                   21                   82  -8.8571086357150516E-007
                   21                   83   4.4285543182006552E-007
                   22                   21   3.8165003440216473E-005
                   22                   22  -9.0124876550052592E-004
                   22                   23   3.8165003440969086E-005
                   22                   82   4.4285543182006552E-007
                   22                   83  -8.8571086365565333E-007
                   22                   84   4.4285543183558782E-007
                   23                   22   3.8165003440969086E-005
                   23                   23  -9.0124876550183261E-004
                   23                   24   3.8165003441135775E-005
                   23                   83   4.4285543183558782E-007
                   23                   84  -8.8571086367461364E-007
                   23                   85   4.4285543183902582E-007
                   24                   23   3.8165003441135775E-005
                   24                   24  -9.0124876550211927E-004
                   24                   25   3.8165003441172069E-005
                   24                   84   4.4285543183902582E-007
                   24                   85  -8.8571086367879914E-007
                   24                   86   4.4285543183977332E-007
                   25                   24   3.8165003441172069E-005
                   25                   25  -9.0124876550218161E-004
                   25                   26   3.8165003441179733E-005
                   25                   85   4.4285543183977332E-007
                   25                   86  -8.8571086367970504E-007
                   25                   87   4.4285543183993172E-007
                   26                   25   3.8165003441179733E-005
                   26                   26  -9.0124876550219625E-004
                   26                   27   3.8165003441181311E-005
                   26                   86   4.4285543183993172E-007
                   26                   87  -8.8571086367989637E-007
                   26                   88   4.4285543183996460E-007
                   27                   26   3.8165003441181311E-005
                   27                   27  -9.0124876550219885E-004
                   27                   28   3.8165003441181630E-005
                   27                   87   4.4285543183996460E-007
                   27                   88  -8.8571086367993597E-007
                   27                   89   4.4285543183997142E-007
                   28                   27   3.8165003441181630E-005
                   28                   28  -9.0124876550219928E-004
                   28                   29   3.8165003441181711E-005
                   28                   88   4.4285543183997142E-007
                   28                   89  -8.8571086367994476E-007
                   28                   90   4.4285543183997333E-007
                   29                   28   3.8165003441181711E-005
                   29                   29  -9.0124876550219722E-004
                   29                   30   3.8165003441181921E-005
                   29                   89   4.4285543183997333E-007
                   29                   90  -8.8571086367994910E-007
                   29                   91   4.4285543183997582E-007
                   30                   29   3.8165003441181921E-005
                   30                   30  -9.0124876550219733E-004
                   30                   31   3.8165003441181725E-005
                   30                   90   4.4285543183997582E-007
                   30                   91  -8.8571086367994931E-007
                   30                   92   4.4285543183997354E-007
                   31                   30   3.8165003441181725E-005
                   31                   31  -9.0124876550219939E-004
                   31                   32   3.8165003441181725E-005
                   31                   91   4.4285543183997354E-007
                   31                   92  -8.8571086367994708E-007
                   31                   93   4.4285543183997354E-007
                   32                   31   3.8165003441181725E-005
                   32                   32  -9.0124876550219939E-004
                   32                   33   3.8165003441181738E-005
                   32                   92   4.4285543183997354E-007
                   32                   93  -8.8571086367994708E-007
                   32                   94   4.4285543183997354E-007
                   33                   32   3.8165003441181738E-005
                   33                   33  -9.0124876550219939E-004
                   33                   34   3.8165003441181745E-005
                   33                   93   4.4285543183997354E-007
                   33                   94  -8.8571086367994708E-007
                   33                   95   4.4285543183997354E-007
                   34                   33   3.8165003441181745E-005
                   34                   34  -9.0124876550219939E-004
                   34                   35   3.8165003441181745E-005
                   34                   94   4.4285543183997354E-007
                   34                   95  -8.8571086367994708E-007
                   34                   96   4.4285543183997354E-007
                   35                   34   3.8165003441181745E-005
                   35                   35  -9.0124876550219928E-004
                   35                   36   3.8165003441181711E-005
                   35                   95   4.4285543183997354E-007
                   35                   96  -8.8571086367994687E-007
                   35                   97   4.4285543183997333E-007
                   36                   35   3.8165003441181711E-005
                   36                   36  -9.0124876550219722E-004
                   36                   37   3.8165003441181921E-005
                   36                   96   4.4285543183997333E-007
                   36                   97  -8.8571086367994910E-007
                   36                   98   4.4285543183997582E-007
                   37                   36   3.8165003441181921E-005
                   37                   37  -9.0124876550219733E-004
                   37                   38   3.8165003441181725E-005
                   37                   97   4.4285543183997582E-007
                   37                   98  -8.8571086367994931E-007
                   37                   99   4.4285543183997354E-007
                   38                   37   3.8165003441181725E-005
                   38                   38  -9.0124876550219939E-004
                   38                   39   3.8165003441181725E-005
                   38                   98   4.4285543183997354E-007
                   38                   99  -8.8571086367994708E-007
                   38                  100   4.4285543183997354E-007
                   39                   38   3.8165003441181725E-005
                   39                   39  -9.0124876550219939E-004
                   39                   40   3.8165003441181738E-005
                   39                   99   4.4285543183997354E-007
                   39                  100  -8.8571086367994708E-007
                   39                  101   4.4285543183997354E-007
                   40                   39   3.8165003441181738E-005
                   40                   40  -9.0124876550219939E-004
                   40                   41   3.8165003441181745E-005
                   40                  100   4.4285543183997354E-007
                   40                  101  -8.8571086367994708E-007
                   40                  102   4.4285543183997354E-007
                   41                   40   3.8165003441181745E-005
                   41                   41  -9.0124876550219928E-004
                   41                   42   3.8165003441181711E-005
                   41                  101   4.4285543183997354E-007
                   41                  102  -8.8571086367994687E-007
                   41                  103   4.4285543183997333E-007
                   42                   41   3.8165003441181711E-005
                   42                   42  -9.0124876550219722E-004
                   42                   43   3.8165003441181921E-005
                   42                  102   4.4285543183997333E-007
                   42                  103  -8.8571086367994910E-007
                   42                  104   4.4285543183997582E-007
                   43                   42   3.8165003441181921E-005
                   43                   43  -9.0124876550219733E-004
                   43                   44   3.8165003441181725E-005
                   43                  103   4.4285543183997582E-007
                   43                  104  -8.8571086367994931E-007
                   43                  105   4.4285543183997354E-007
                   44                   43   3.8165003441181725E-005
                   44                   44  -9.0124876550219939E-004
                   44                   45   3.8165003441181725E-005
                   44                  104   4.4285543183997354E-007
                   44                  105  -8.8571086367994708E-007
                   44                  106   4.4285543183997354E-007
                   45                   44   3.8165003441181725E-005
                   45                   45  -9.0124876550219939E-004
                   45                   46   3.8165003441181738E-005
                   45                  105   4.4285543183997354E-007
                   45                  106  -8.8571086367994708E-007
                   45                  107   4.4285543183997354E-007
                   46                   45   3.8165003441181738E-005
                   46                   46  -9.0124876550219939E-004
                   46                   47   3.8165003441181745E-005
                   46                  106   4.4285543183997354E-007
                   46                  107  -8.8571086367994708E-007
                   46                  108   4.4285543183997354E-007
                   47                   46   3.8165003441181745E-005
                   47                   47  -9.0124876550219928E-004
                   47                   48   3.8165003441181711E-005
                   47                  107   4.4285543183997354E-007
                   47                  108  -8.8571086367994687E-007
                   47                  109   4.4285543183997333E-007
                   48                   47   3.8165003441181711E-005
                   48                   48  -9.0124876550219722E-004
                   48                   49   3.8165003441181921E-005
                   48                  108   4.4285543183997333E-007
                   48                  109  -8.8571086367994910E-007
                   48                  110   4.4285543183997582E-007
                   49                   48   3.8165003441181921E-005
                   49                   49  -9.0124876550219733E-004
                   49                   50   3.8165003441181725E-005
                   49                  109   4.4285543183997582E-007
                   49                  110  -8.8571086367994931E-007
                   49                  111   4.4285543183997354E-007
                   50                   49   3.8165003441181725E-005
                   50                   50  -9.0124876550219939E-004
                   50                   51   3.8165003441181745E-005
                   50                  110   4.4285543183997354E-007
                   50                  111  -8.8571086367994719E-007
                   50                  112   4.4285543183997360E-007
                   51                   50   3.8165003441181745E-005
                   51                   51  -9.0124876550219939E-004
                   51                   52   3.8165003441181745E-005
                   51                  111   4.4285543183997360E-007
                   51                  112  -8.8571086367994719E-007
                   51                  113   4.4285543183997360E-007
                   52                   51   3.8165003441181745E-005
                   52                   52  -9.0124876550219939E-004
                   52                   53   3.8165003441181725E-005
                   52                  112   4.4285543183997360E-007
                   52                  113  -8.8571086367994719E-007
                   52                  114   4.4285543183997354E-007
                   53                   52   3.8165003441181725E-005
                   53                   53  -9.0124876550219939E-004
                   53                   54   3.8165003441181738E-005
                   53                  113   4.4285543183997354E-007
                   53                  114  -8.8571086367994708E-007
                   53                  115   4.4285543183997354E-007
                   54                   53   3.8165003441181738E-005
                   54                   54  -9.0124876550219939E-004
                   54                   55   3.8165003441181745E-005
                   54                  114   4.4285543183997354E-007
                   54                  115  -8.8571086367994708E-007
                   54                  116   4.4285543183997354E-007
                   55                   54   3.8165003441181745E-005
                   55                   55  -9.0124876550219939E-004
                   55                   56   3.8165003441181745E-005
                   55                  115   4.4285543183997354E-007
                   55                  116  -8.8571086367994708E-007
                   55                  117   4.4285543183997354E-007
                   56                   55   3.8165003441181745E-005
                   56                   56  -9.0124876550219939E-004
                   56                   57   3.8165003441181759E-005
                   56                  116   4.4285543183997354E-007
                   56                  117  -8.8571086367994730E-007
                   56                  118   4.4285543183997375E-007
                   57                   56   3.8165003441181759E-005
                   57                   57  -9.0124876550219950E-004
                   57                   58   3.8165003441181772E-005
                   57                  117   4.4285543183997375E-007
                   57                  118  -8.8571086367994761E-007
                   57                  119   4.4285543183997391E-007
                   58                   57   3.8165003441181772E-005
                   58                   58  -9.0124876550219538E-004
                   58                   59   3.8165003441182192E-005
                   58                  118   4.4285543183997391E-007
                   58                  119  -8.8571086367995270E-007
                   58                  120   4.4285543183997873E-007
                   59                   58   3.8165003441182192E-005
                   59                   59  -9.0124876550219527E-004
                   59                   60   3.8165003441181725E-005
                   59                  119   4.4285543183997873E-007
                   59                  120  -8.8571086367995227E-007
                   59                  121   4.4285543183997354E-007
                   60                   59   3.8165003441181725E-005
                   60                   60  -9.0124876550219939E-004
                   60                   61   3.8165003441181738E-005
                   60                  120   4.4285543183997354E-007
                   60                  121  -8.8571086367994708E-007
                   61                   60   3.8165003441181738E-005
                   61                   61  -4.5062438275109970E-004
                   61                  121   4.4285543183997354E-007
                   62                   62  -9527.5273184035505     
                   62                   63   3009.5252650221114     
                   63                   62   3008.7253491200390     
                   63                   63  -19017.638754172396     
                   63                   64   3003.4008688704121     
                   64                   63   3001.8152485797350     
                   64                   64  -18992.770357238849     
                   64                   65   3002.0296143337910     
                   65                   64   3000.6636989233502     
                   65                   65  -18991.249255232779     
                   65                   66   3001.6072280935296     
                   66                   65   3000.7467092124025     
                   66                   66  -18993.873964515944     
                   66                   67   3001.3350838152901     
                   67                   66   3000.8835866489385     
                   67                   67  -18995.866015391588     
                   67                   68   3001.1493343421198     
                   68                   67   3000.9409223784946     
                   68                   68  -18996.880491900214     
                   68                   69   3001.0427882185563     
                   69                   68   3000.9556458165634     
                   69                   69  -18997.316106165457     
                   69                   70   3000.9904910258820     
                   70                   69   3000.9568990374132     
                   70                   70  -18997.484299051459     
                   70                   71   3000.9677581512319     
                   71                   70   3000.9556799371499     
                   71                   71  -18997.544314813491     
                   71                   72   3000.9587908620342     
                   72                   71   3000.9547061476255     
                   72                   72  -18997.564397269554     
                   72                   73   3000.9555273683118     
                   73                   72   3000.9542196207835     
                   73                   73  -18997.570756351910     
                   73                   74   3000.9544186289354     
                   74                   73   3000.9540201569789     
                   74                   74  -18997.572673890325     
                   74                   75   3000.9540638558069     
                   75                   74   3000.9539477773501     
                   75                   75  -18997.573227205274     
                   75                   76   3000.9539561886190     
                   76                   75   3000.9539237322274     
                   76                   76  -18997.573380599344     
                   76                   77   3000.9539250209646     
                   77                   76   3000.9539162800834     
                   77                   77  -18997.573421594578     
                   77                   78   3000.9539163736367     
                   78                   77   3000.9539140992820     
                   78                   78  -18997.573432188245     
                   78                   79   3000.9539140649122     
                   79                   78   3000.9539134915799     
                   79                   79  -18997.573434842234     
                   79                   80   3000.9539134696843     
                   80                   79   3000.9539133293156     
                   80                   80  -18997.573435488375     
                   80                   81   3000.9539133210328     
                   81                   80   3000.9539132875807     
                   81                   81  -18997.573435641592     
                   81                   82   3000.9539132849836     
                   82                   81   3000.9539132772088     
                   82                   82  -18997.573435677030     
                   82                   83   3000.9539132764808     
                   83                   82   3000.9539132747150     
                   83                   83  -18997.573435685041     
                   83                   84   3000.9539132745131     
                   84                   83   3000.9539132741202     
                   84                   84  -18997.573435686827     
                   84                   85   3000.9539132740720     
                   85                   84   3000.9539132739865     
                   85                   85  -18997.573435687205     
                   85                   86   3000.9539132739828     
                   86                   85   3000.9539132739646     
                   86                   86  -18997.573435687285     
                   86                   87   3000.9539132739542     
                   87                   86   3000.9539132739501     
                   87                   87  -18997.573435687314     
                   87                   88   3000.9539132739483     
                   88                   87   3000.9539132739478     
                   88                   88  -18997.573435687314     
                   88                   89   3000.9539132739483     
                   89                   88   3000.9539132739483     
                   89                   89  -18997.573435687314     
                   89                   90   3000.9539132739478     
                   90                   89   3000.9539132739478     
                   90                   90  -18997.573435687296     
                   90                   91   3000.9539132739637     
                   91                   90   3000.9539132739637     
                   91                   91  -18997.573435687296     
                   91                   92   3000.9539132739478     
                   92                   91   3000.9539132739478     
                   92                   92  -18997.573435687314     
                   92                   93   3000.9539132739478     
                   93                   92   3000.9539132739478     
                   93                   93  -18997.573435687314     
                   93                   94   3000.9539132739478     
                   94                   93   3000.9539132739478     
                   94                   94  -18997.573435687314     
                   94                   95   3000.9539132739483     
                   95                   94   3000.9539132739483     
                   95                   95  -18997.573435687314     
                   95                   96   3000.9539132739483     
                   96                   95   3000.9539132739483     
                   96                   96  -18997.573435687314     
                   96                   97   3000.9539132739478     
                   97                   96   3000.9539132739478     
                   97                   97  -18997.573435687296     
                   97                   98   3000.9539132739637     
                   98                   97   3000.9539132739637     
                   98                   98  -18997.573435687296     
                   98                   99   3000.9539132739478     
                   99                   98   3000.9539132739478     
                   99                   99  -18997.573435687314     
                   99                  100   3000.9539132739478     
                  100                   99   3000.9539132739478     
                  100                  100  -18997.573435687314     
                  100                  101   3000.9539132739478     
                  101                  100   3000.9539132739478     
                  101                  101  -18997.573435687314     
                  101                  102   3000.9539132739483     
                  102                  101   3000.9539132739483     
                  102                  102  -18997.573435687314     
                  102                  103   3000.9539132739478     
                  103                  102   3000.9539132739478     
                  103                  103  -18997.573435687296     
                  103                  104   3000.9539132739637     
                  104                  103   3000.9539132739637     
                  104                  104  -18997.573435687296     
                  104                  105   3000.9539132739478     
                  105                  104   3000.9539132739478     
                  105                  105  -18997.573435687314     
                  105                  106   3000.9539132739478     
                  106                  105   3000.9539132739478     
                  106                  106  -18997.573435687314     
                  106                  107   3000.9539132739478     
                  107                  106   3000.9539132739478     
                  107                  107  -18997.573435687314     
                  107                  108   3000.9539132739483     
                  108                  107   3000.9539132739483     
                  108                  108  -18997.573435687314     
                  108                  109   3000.9539132739478     
                  109                  108   3000.9539132739478     
                  109                  109  -18997.573435687296     
                  109                  110   3000.9539132739637     
                  110                  109   3000.9539132739637     
                  110                  110  -18997.573435687296     
                  110                  111   3000.9539132739478     
                  111                  110   3000.9539132739478     
                  111                  111  -18997.573435687314     
                  111                  112   3000.9539132739483     
                  112                  111   3000.9539132739483     
                  112                  112  -18997.573435687322     
                  112                  113   3000.9539132739483     
                  113                  112   3000.9539132739483     
                  113                  113  -18997.573435687314     
                  113                  114   3000.9539132739478     
                  114                  113   3000.9539132739478     
                  114                  114  -18997.573435687314     
                  114                  115   3000.9539132739478     
                  115                  114   3000.9539132739478     
                  115                  115  -18997.573435687314     
                  115                  116   3000.9539132739483     
                  116                  115   3000.9539132739483     
                  116                  116  -18997.573435687314     
                  116                  117   3000.9539132739483     
                  117                  116   3000.9539132739483     
                  117                  117  -18997.573435687318     
                  117                  118   3000.9539132739483     
                  118                  117   3000.9539132739483     
                  118                  118  -18997.573435687322     
                  118                  119   3000.9539132739483     
                  119                  118   3000.9539132739483     
                  119                  119  -18997.573435687282     
                  119                  120   3000.9539132739810     
                  120                  119   3000.9539132739810     
                  120                  120  -18997.573435687278     
                  120                  121   3000.9539132739478     
                  121                  120   3000.9539132739478     
                  121                  121  -18997.573435687314     
