                  121                  121                  543
                    1                    1  -1.2367637548497438E-011
                    1                    2   1.2367637548497438E-011
                    1                   62 -0.99999999846873777     
                    1                   63   1.5065270160211011E-009
                    2                    1   1.4046972799147127E-013
                    2                    2 -0.95653326075629863     
                    2                    3   2.9913510882790070E-012
                    2                   62   1.7110902492286990E-011
                    2                   63  -4.3466738917902321E-002
                    2                   64   3.0555634517510853E-010
                    3                    2   1.2093293949636482E-012
                    3                    3 -0.94684953950216810     
                    3                    4   6.2302670135093622E-008
                    3                   63   1.2352888682501992E-010
                    3                   64  -5.3148890419628031E-002
                    3                   65   1.5076507954110129E-006
                    4                    3   4.7214801266262215E-008
                    4                    4 -0.80232517421949867     
                    4                    5   3.9160406682828323E-002
                    4                   64   1.1425422462617245E-006
                    4                   65 -0.15811708903078003     
                    4                   66   3.9614030984550208E-004
                    5                    4   4.1082175115923832E-002
                    5                    5 -0.89195859014494783     
                    5                    6   5.4043633599361374E-002
                    5                   65   4.1558060699827866E-004
                    5                   66  -1.2052605111740129E-002
                    5                   67   4.4741542102855615E-004
                    6                    5   5.2948500017427354E-002
                    6                    6 -0.88985208000829064     
                    6                    7   5.5396510097771336E-002
                    6                   66   4.3834904965397650E-004
                    6                   67  -9.0145493825526915E-004
                    6                   68   4.6310588860129271E-004
                    7                    6   5.4749500010297554E-002
                    7                    7 -0.88676031509361941     
                    7                    8   5.6615558276343389E-002
                    7                   67   4.5769698863693198E-004
                    7                   68  -9.3731330986983005E-004
                    7                   69   4.7961632123289807E-004
                    8                    7   5.5819803243895176E-002
                    8                    8 -0.88356076037556586     
                    8                    9   5.8672684073786202E-002
                    8                   68   4.7287511593730618E-004
                    8                   69  -9.7337615337638210E-004
                    8                   70   5.0050103743907591E-004
                    9                    8   5.7575917189642264E-002
                    9                    9 -0.87954510014949294     
                    9                   10   6.0854067764511868E-002
                    9                   69   4.9114518518843535E-004
                    9                   70  -1.0124574481764745E-003
                    9                   71   5.2131226298803934E-004
                   10                    9   5.9667028156895244E-002
                   10                   10 -0.87532083331378108     
                   10                   11   6.2907384384350035E-002
                   10                   70   5.1114337326816544E-004
                   10                   71  -1.0523770724867332E-003
                   10                   72   5.4123369921856772E-004
                   11                   10   6.1770921075112693E-002
                   11                   11 -0.87129627963682621     
                   11                   12   6.4749464813923754E-002
                   11                   71   5.3145595616178073E-004
                   11                   72  -1.0916672370687155E-003
                   11                   73   5.6021128090693456E-004
                   12                   11   6.3724284895324071E-002
                   12                   12 -0.86764178426210070     
                   12                   13   6.6374480745043304E-002
                   12                   72   5.5134144148804101E-004
                   12                   73  -1.1297250487659445E-003
                   12                   74   5.7838360727790355E-004
                   13                   12   6.5473601358735589E-002
                   13                   13 -0.86438800884007672     
                   13                   14   6.7805523236970380E-002
                   13                   73   5.7053339341067309E-004
                   13                   74  -1.1664332821086857E-003
                   13                   75   5.9589988869801264E-004
                   14                   13   6.7020348418448950E-002
                   14                   14 -0.86150374736277791     
                   14                   15   6.9072157843174720E-002
                   14                   74   5.8899948347098990E-004
                   14                   75  -1.2018731877991707E-003
                   14                   76   6.1287370432818095E-004
                   15                   14   6.8387023233947131E-002
                   15                   15 -0.85893872091152146     
                   15                   16   7.0201902887931961E-002
                   15                   75   6.0679454017532322E-004
                   15                   76  -1.2361764832996571E-003
                   15                   77   6.2938194312433377E-004
                   16                   15   6.9600611698954346E-002
                   16                   16 -0.85664246982214887     
                   16                   17   7.1217987607322272E-002
                   16                   76   6.2399118017726087E-004
                   16                   77  -1.2694654357873350E-003
                   16                   78   6.4547425561007406E-004
                   17                   16   7.0686115239691413E-002
                   17                   17 -0.85457078044207080     
                   17                   18   7.2139433026548225E-002
                   17                   77   6.4065370490216835E-004
                   17                   78  -1.3018356458448558E-003
                   17                   79   6.6118194094268732E-004
                   18                   17   7.1664792006001773E-002
                   18                   18 -0.85268676882216410     
                   18                   19   7.2981727736880386E-002
                   18                   78   6.5683169783639021E-004
                   18                   79  -1.3333557174768813E-003
                   18                   80   6.7652401964049102E-004
                   19                   18   7.2554198418113974E-002
                   19                   19 -0.85096016387942885     
                   19                   20   7.3757493926962500E-002
                   19                   79   6.7256092007824471E-004
                   19                   80  -1.3640718877473705E-003
                   19                   81   6.9151096766912592E-004
                   20                   19   7.3368721194091976E-002
                   20                   20 -0.84936624157427998     
                   20                   21   7.4477011084458714E-002
                   20                   80   6.8786604165012527E-004
                   20                   81  -1.3940130735846041E-003
                   20                   82   7.0614703193447868E-004
                   21                   20   7.4120126531370512E-002
                   21                   21 -0.84788486653526129     
                   21                   22   7.5148616784013314E-002
                   21                   81   7.0276326338312382E-004
                   21                   82  -1.4231950746774651E-003
                   21                   83   7.2043181129434139E-004
                   22                   21   7.4818012207888765E-002
                   22                   22 -0.84649971241849653     
                   22                   23   7.5779027649098094E-002
                   22                   82   7.1726238431361390E-004
                   22                   83  -1.4516238622583250E-003
                   22                   84   7.3436147794471115E-004
                   23                   22   7.5470168148825803E-002
                   23                   23 -0.84519762508613672     
                   23                   24   7.6373610411962917E-002
                   23                   83   7.3136837383485742E-004
                   23                   84  -1.4792981765372405E-003
                   23                   85   7.4792980270238312E-004
                   24                   23   7.6082873150444291E-002
                   24                   24 -0.84396808592783856     
                   24                   25   7.6936617639795285E-002
                   24                   84   7.4508260114319392E-004
                   24                   85  -1.5062116409609093E-003
                   24                   86   7.6112903981771535E-004
                   25                   24   7.6661148315112129E-002
                   25                   25 -0.84280274899696417     
                   25                   26   7.7471393638545036E-002
                   25                   85   7.5840383939914551E-004
                   25                   86  -1.5323545246892483E-003
                   25                   87   7.7395068529010301E-004
                   26                   25   7.7208977687593217E-002
                   26                   26 -0.84169503933808321     
                   26                   27   7.7980552525961963E-002
                   26                   86   7.7132911111244202E-004
                   26                   87  -1.5577152241807778E-003
                   26                   88   7.8638611306833587E-004
                   27                   26   7.7729500456964973E-002
                   27                   27 -0.84063980662597149     
                   27                   28   7.8466129913101645E-002
                   27                   87   7.8385440670923330E-004
                   27                   88  -1.5822815019809250E-003
                   27                   89   7.9842709527169168E-004
                   28                   27   7.8225176708855801E-002
                   28                   28 -0.83963303016459778     
                   28                   29   7.8929710111746085E-002
                   28                   88   7.9597529132551166E-004
                   28                   89  -1.6060415074001463E-003
                   28                   90   8.1006621607463455E-004
                   29                   28   7.8697928375771525E-002
                   29                   29 -0.83867157110738966     
                   29                   30   7.9372531316812434E-002
                   29                   89   8.0768740898728682E-004
                   29                   90  -1.6289846000131639E-003
                   29                   91   8.2129719102587732E-004
                   30                   29   7.9149257395236955E-002
                   30                   30 -0.83775296713397007     
                   30                   31   7.9795571477747226E-002
                   30                   90   8.1898689246821441E-004
                   30                   91  -1.6511019965229257E-003
                   30                   92   8.3211510405471127E-004
                   31                   30   7.9580343459194694E-002
                   31                   31 -0.83687526445047833     
                   31                   32   8.0199617567222270E-002
                   31                   91   8.2987068770758003E-004
                   31                   92  -1.6723872615523514E-003
                   31                   93   8.4251657384477137E-004
                   32                   31   7.9992123900270259E-002
                   32                   32 -0.83603688200086634     
                   32                   33   8.0585320774048286E-002
                   32                   92   8.4033680218652913E-004
                   32                   93  -1.6928366624075636E-003
                   32                   94   8.5249986022103421E-004
                   33                   32   8.0385358214291686E-002
                   33                   33 -0.83523650308897213     
                   33                   34   8.0953239883218911E-002
                   33                   93   8.5038448669388889E-004
                   33                   94  -1.7124494067586331E-003
                   33                   95   8.6206492006474418E-004
                   34                   33   8.0760679537918642E-002
                   34                   34 -0.83447299008024733     
                   34                   35   8.1303874820372449E-002
                   34                   94   8.6001435953228880E-004
                   34                   95  -1.7312277807307794E-003
                   34                   96   8.7121342119849039E-004
                   35                   34   8.1118635156810545E-002
                   35                   35 -0.83374531837479304     
                   35                   36   8.1637692061792930E-002
                   35                   95   8.6922848159518137E-004
                   35                   96  -1.7491772033017014E-003
                   35                   97   8.7994872170652004E-004
                   36                   35   8.1459717860705008E-002
                   36                   36 -0.83305252636082872     
                   36                   37   8.1955143355889298E-002
                   36                   96   8.7803039002921695E-004
                   36                   97  -1.7663062112885021E-003
                   36                   98   8.8827582125928519E-004
                   37                   36   8.1784389711175021E-002
                   37                   37 -0.83239367854374513     
                   37                   38   8.2256678969805153E-002
                   37                   97   8.8642509746355051E-004
                   37                   98  -1.7826263876372975E-003
                   37                   99   8.9620129017374702E-004
                   38                   37   8.2093099554932075E-002
                   38                   38 -0.83176783949278110     
                   38                   39   8.2542756463850564E-002
                   38                   98   8.9441906307083992E-004
                   38                   99  -1.7981522442181239E-003
                   38                  100   9.0373318114728412E-004
                   39                   38   8.2386295402090082E-002
                   39                   39 -0.83117405665558330     
                   39                   40   8.2813845804569852E-002
                   39                   99   9.0202014103173622E-004
                   39                  100  -1.8129010688783572E-003
                   39                  101   9.1088092784662113E-004
                   40                   39   8.2664432593664100E-002
                   40                   40 -0.83061135046325474     
                   40                   41   8.3070431452841959E-002
                   40                  100   9.0923751130364897E-004
                   40                  101  -1.8268927451195580E-003
                   40                  102   9.1765523381590899E-004
                   41                   40   8.2927978504249253E-002
                   41                   41 -0.83007871048773541     
                   41                   42   8.3313011905141968E-002
                   41                  101   9.1608159694461365E-004
                   41                  102  -1.8401495514367395E-003
                   41                  103   9.2406795449212573E-004
                   42                   41   8.3177414362882410E-002
                   42                   42 -0.82957509672168050     
                   42                   43   8.3542097023239018E-002
                   42                  102   9.2256397161304539E-004
                   42                  103  -1.8526959460990577E-003
                   42                  104   9.3013197448601234E-004
                   43                   42   8.3413234626692256E-002
                   43                   43 -0.82909944532979940     
                   43                   44   8.3758203359583047E-002
                   43                  103   9.2869726025680529E-004
                   43                  104  -1.8645583419626612E-003
                   43                  105   9.3586108170585559E-004
                   44                   43   8.3635944207421778E-002
                   44                   44 -0.82865067847080442     
                   44                   45   8.3961847572182849E-002
                   44                  104   9.3449503542261713E-004
                   44                  105  -1.8757648747954011E-003
                   44                  106   9.4126983937278417E-004
                   45                   44   8.3846053729887224E-002
                   45                   45 -0.82822771801098261     
                   45                   46   8.4153537923998864E-002
                   45                  105   9.3997171106225276E-004
                   45                  106  -1.8863451675656391E-003
                   45                  107   9.4637345650338634E-004
                   46                   45   8.4044072893803182E-002
                   46                   46 -0.82782950314322412     
                   46                   47   8.4333763778549120E-002
                   46                  106   9.4514243518748994E-004
                   46                  107  -1.8963300922117852E-003
                   46                  108   9.5118765702429514E-004
                   47                   46   8.4230501916564948E-002
                   47                   47 -0.82745501208739403     
                   47                   48   8.4502982936890264E-002
                   47                  107   9.5002298223498282E-004
                   47                  108  -1.9057515295753285E-003
                   47                  109   9.5572854734034555E-004
                   48                   47   8.4405820955375979E-002
                   48                   48 -0.82710328817599787     
                   48                   49   8.4661606613705059E-002
                   48                  108   9.5462964554750935E-004
                   48                  109  -1.9146421274605766E-003
                   48                  110   9.6001248191306717E-004
                   49                   48   8.4570477344288977E-002
                   49                   49 -0.82677347071840479     
                   49                   50   8.4809981824915073E-002
                   49                  109   9.5897912996516189E-004
                   49                  110  -1.9230350561955795E-003
                   49                  111   9.6405592623041768E-004
                   50                   49   8.4724870437729277E-002
                   50                   50 -0.82646483108128199     
                   50                   51   8.4948370959731748E-002
                   50                  110   9.6308844415530592E-004
                   50                  111  -1.9309637606285597E-003
                   50                  112   9.6787531647325373E-004
                   51                   50   8.4869333830142668E-002
                   51                   51 -0.82617681441512658     
                   51                   52   8.5076928340289973E-002
                   51                  111   9.6697479200233210E-004
                   51                  112  -1.9384617072203975E-003
                   51                  113   9.7148691521806521E-004
                   52                   51   8.5004114725320892E-002
                   52                   52 -0.82590908738918722     
                   52                   53   8.5195673635886912E-002
                   52                  112   9.7065546213704593E-004
                   52                  113  -1.9455621248024905E-003
                   52                  114   9.7490666266544432E-004
                   53                   52   8.5129350262835191E-002
                   53                   53 -0.82566159216259594     
                   53                   54   8.5304462099231718E-002
                   53                  113   9.7414771452266767E-004
                   53                  114  -1.9522977376685376E-003
                   53                  115   9.7815002314586967E-004
                   54                   53   8.5245040676475023E-002
                   54                   54 -0.82543460661307988     
                   54                   55   8.5402951730535193E-002
                   54                  114   9.7746866293780448E-004
                   54                  115  -1.9587004899549176E-003
                   54                  116   9.8123182701711337E-004
                   55                   54   8.5351019263550515E-002
                   55                   55 -0.82522881056422404     
                   55                   56   8.5490567650790106E-002
                   55                  115   9.8063515221339390E-004
                   55                  116  -1.9648012607177204E-003
                   55                  117   9.8416610850432648E-004
                   56                   55   8.5446919285431536E-002
                   56                   56 -0.82504535740083640     
                   56                   57   8.5566464174344922E-002
                   56                  116   9.8366362918926348E-004
                   56                  117  -1.9706295696935560E-003
                   56                  118   9.8696594050429274E-004
                   57                   56   8.5532138097449084E-002
                   57                   57 -0.82488595004827436     
                   57                   58   8.5629485305532563E-002
                   57                  117   9.8657000654705563E-004
                   57                  118  -1.9762132743719619E-003
                   57                  119   9.8964326782490625E-004
                   58                   57   8.5605799015876768E-002
                   58                   58 -0.82475291983101229     
                   58                   59   8.5678124633864469E-002
                   58                  118   9.8936951892855392E-004
                   58                  119  -1.9815782596231237E-003
                   58                  120   9.9220874069456998E-004
                   59                   58   8.5666711663292608E-002
                   59                   59 -0.82464930624017541     
                   59                   60   8.5710485853306206E-002
                   59                  119   9.9207657102807589E-004
                   59                  120  -1.9867481216129476E-003
                   59                  121   9.9467155058487189E-004
                   60                   59   8.5798876629331597E-002
                   60                   60 -0.82540189325778590     
                   60                   61   8.5809801109170164E-002
                   60                  120   9.9569732694550369E-004
                   60                  121  -1.9937316767667666E-003
                   61                   60  0.17180820672831623     
                   61                   61 -0.82619353095572878     
                   61                  121   1.9982623159550462E-003
                   62                    1  0.58876318074756251     
                   62                   62 -0.24560407627908867     
                   62                   63  0.16563274297334873     
                   63                    2  0.58703351939862403     
                   63                   62   7.8596754239431479E-002
                   63                   63 -0.26840387343602184     
                   63                   64   6.5965852925922691E-002
                   64                    3  0.51850410785394796     
                   64                   63   5.8537736919479152E-002
                   64                   64 -0.38595029477275034     
                   64                   65   3.7007860453822559E-002
                   65                    4  0.19836245759728435     
                   65                   64   2.4975691512126908E-002
                   65                   65 -0.76537263747403128     
                   65                   66   1.1289213416557479E-002
                   66                    5   5.3610595770687421E-002
                   66                   65   9.7726017474629528E-002
                   66                   66 -0.75391815673889417     
                   66                   67   9.4745230015788842E-002
                   67                   66  0.18095058138535969     
                   67                   67 -0.63760230075487678     
                   67                   68  0.18144711785976353     
                   68                   67  0.18103486422066187     
                   68                   68 -0.63753209695773938     
                   68                   69  0.18143303882159870     
                   69                   68  0.18088539295955261     
                   69                   69 -0.63750266516387510     
                   69                   70  0.18161194187657226     
                   70                   69  0.18084603869457605     
                   70                   70 -0.63747638451196675     
                   70                   71  0.18167757679345733     
                   71                   70  0.18088322964513787     
                   71                   71 -0.63745303237627926     
                   71                   72  0.18166373797858287     
                   72                   71  0.18094930487550448     
                   72                   72 -0.63743374770160688     
                   72                   73  0.18161694742288861     
                   73                   72  0.18101757742615965     
                   73                   73 -0.63741852791437859     
                   73                   74  0.18156389465946168     
                   74                   73  0.18107748930426665     
                   74                   74 -0.63740673447013296     
                   74                   75  0.18151577622560039     
                   75                   74  0.18112665049353482     
                   75                   75 -0.63739761099988468     
                   75                   76  0.18147573850658047     
                   76                   75  0.18116588024612942     
                   76                   76 -0.63739049955631333     
                   76                   77  0.18144362019755725     
                   77                   76  0.18119686321438258     
                   77                   77 -0.63738488336615973     
                   77                   78  0.18141825341945769     
                   78                   77  0.18122125257029936     
                   78                   78 -0.63738036951663724     
                   78                   79  0.18139837791306354     
                   79                   78  0.18124042349567904     
                   79                   79 -0.63737666152695471     
                   79                   80  0.18138291497736636     
                   80                   79  0.18125546627251560     
                   80                   80 -0.63737353635092009     
                   80                   81  0.18137099737656437     
                   81                   80  0.18126724150611109     
                   81                   81 -0.63737082732729533     
                   81                   82  0.18136193116659358     
                   82                   81  0.18127643520551837     
                   82                   82 -0.63736841151842216     
                   82                   83  0.18135515327605947     
                   83                   82  0.18128359948737471     
                   83                   83 -0.63736619994648447     
                   83                   84  0.18135020056614087     
                   84                   83  0.18128918052487442     
                   84                   84 -0.63736412983113477     
                   84                   85  0.18134668964399075     
                   85                   84  0.18129353826974140     
                   85                   85 -0.63736215835020760     
                   85                   86  0.18134430338005095     
                   86                   85  0.18129696142596044     
                   86                   86 -0.63736025764301396     
                   86                   87  0.18134278093102563     
                   87                   86  0.18129967962808780     
                   87                   87 -0.63735841084975842     
                   87                   88  0.18134190952215379     
                   88                   87  0.18130187373626977     
                   88                   88 -0.63735660900887769     
                   88                   89  0.18134151725485254     
                   89                   88  0.18130368463625010     
                   89                   89 -0.63735484865365433     
                   89                   90  0.18134146671009552     
                   90                   89  0.18130522073124680     
                   90                   90 -0.63735312997094573     
                   90                   91  0.18134164929780752     
                   91                   90  0.18130656426080161     
                   91                   91 -0.63735145540782023     
                   91                   92  0.18134198033137824     
                   92                   91  0.18130777657901798     
                   92                   92 -0.63734982863349299     
                   92                   93  0.18134239478748909     
                   93                   92  0.18130890252728826     
                   93                   93 -0.63734825378243098     
                   93                   94  0.18134284369028081     
                   94                   93  0.18130997403217941     
                   94                   94 -0.63734673491936922     
                   94                   95  0.18134329104845137     
                   95                   94  0.18131101304831701     
                   95                   95 -0.63734527567870103     
                   95                   96  0.18134371127298213     
                   96                   95  0.18131203395222076     
                   96                   96 -0.63734387904004153     
                   96                   97  0.18134408700773766     
                   97                   96  0.18131304547920724     
                   97                   97 -0.63734254720935180     
                   97                   98  0.18134440731144091     
                   98                   97  0.18131405228303255     
                   98                   98 -0.63734128158138070     
                   98                   99  0.18134466613558675     
                   99                   98  0.18131505618729263     
                   99                   99 -0.63734008276464571     
                   99                  100  0.18134486104806161     
                  100                   99  0.18131605718860394     
                  100                  100 -0.63733895065492252     
                  100                  101  0.18134499215647357     
                  101                  100  0.18131705426377168     
                  101                  101 -0.63733788454732843     
                  101                  102  0.18134506118890001     
                  102                  101  0.18131804602642951     
                  102                  102 -0.63733688328064486     
                  102                  103  0.18134507069292560     
                  103                  102  0.18131903127252444     
                  103                  103 -0.63733594541059269     
                  103                  104  0.18134502331688288     
                  104                  103  0.18132000944855903     
                  104                  104 -0.63733506941134388     
                  104                  105  0.18134492114009715     
                  105                  104  0.18132098107143554     
                  105                  105 -0.63733425390667353     
                  105                  106  0.18134476502189081     
                  106                  105  0.18132194812404012     
                  106                  106 -0.63733349793384164     
                  106                  107  0.18134455394211821     
                  107                  106  0.18132291444606613     
                  107                  107 -0.63733280124449554     
                  107                  108  0.18134428430943841     
                  108                  107  0.18132388613506334     
                  108                  108 -0.63733216464759146     
                  108                  109  0.18134394921734506     
                  109                  108  0.18132487196790251     
                  109                  109 -0.63733159039950305     
                  109                  110  0.18134353763259442     
                  110                  109  0.18132588384780235     
                  110                  110 -0.63733108264601379     
                  110                  111  0.18134303350618391     
                  111                  110  0.18132693727656396     
                  111                  111 -0.63733064791973759     
                  111                  112  0.18134241480369861     
                  112                  111  0.18132805184575071     
                  112                  112 -0.63733029569461630     
                  112                  113  0.18134165245963316     
                  113                  112  0.18132925173418493     
                  113                  113 -0.63733003899645790     
                  113                  114  0.18134070926935722     
                  114                  113  0.18133056619273430     
                  114                  114 -0.63732989506501858     
                  114                  115  0.18133953874224715     
                  115                  114  0.18133202999104811     
                  115                  115 -0.63732988605901331     
                  115                  116  0.18133808394993858     
                  116                  115  0.18133368379537168     
                  116                  116 -0.63733003979076652     
                  116                  117  0.18133627641386180     
                  117                  116  0.18133557444232445     
                  117                  117 -0.63733039047227269     
                  117                  118  0.18133403508540291     
                  118                  117  0.18133775507127126     
                  118                  118 -0.63733097944953854     
                  118                  119  0.18133126547919015     
                  119                  118  0.18134028507825584     
                  119                  119 -0.63733185589761687     
                  119                  120  0.18132785902412732     
                  120                  119  0.18134322985784707     
                  120                  120 -0.63733307744514256     
                  120                  121  0.18132369269701037     
                  121                  120  0.22151067158660814     
                  121                  121 -0.77848932841339191     
