                  121                  121                  548
                    1                    1  -2.1888557461361535E-017
                    1                    2   2.1888557461361535E-017
                    1                   62  -3.0123028392104205E-006
                    1                   63   2.7435606028769491E-015
                    2                    1   2.1888557461361535E-017
                    2                    2  -2.9388021668608292E-004
                    2                    3   5.2618233909477892E-017
                    2                   62   2.7435606028769491E-015
                    2                   63  -7.4894655587846640E-006
                    2                   64   6.3680327605655302E-015
                    3                    2   5.2618233909477892E-017
                    3                    3  -6.8281502660096213E-004
                    3                    4   1.6737757647747432E-016
                    3                   63   6.3680327605655302E-015
                    3                   64  -1.0998695850286904E-005
                    3                   65   1.9444048663857271E-014
                    4                    3   1.6737757647747432E-016
                    4                    4  -6.9627435330259604E-004
                    4                    5   7.4537807921246689E-016
                    4                   64   1.9444048663857271E-014
                    4                   65  -1.7901202935930007E-005
                    4                   66   7.9536937300490773E-014
                    5                    4   7.4537807921246689E-016
                    5                    5  -6.5463564579052401E-004
                    5                    6   5.1500271097906059E-015
                    5                   65   7.9536937300490773E-014
                    5                   66  -3.1662265936930520E-005
                    5                   67   4.6605738950423736E-013
                    6                    5   5.1500271097906059E-015
                    6                    6  -5.7672474531182921E-004
                    6                    7   6.7659793674524975E-014
                    6                   66   4.6605738950423736E-013
                    6                   67  -6.0650702249575497E-005
                    6                   68   4.5671130024444803E-012
                    7                    6   6.7659793674524975E-014
                    7                    7  -3.7852739912392600E-004
                    7                    8   2.1322063829289520E-014
                    7                   67   4.5671130024444803E-012
                    7                   68  -6.0462177175338601E-005
                    7                   69   9.4503375917054958E-013
                    8                    7   2.1322063829289520E-014
                    8                    8  -1.4168186445478545E-004
                    8                    9   4.2011413065331325E-010
                    8                   68   9.4503375917054958E-013
                    8                   69  -1.3848389254117197E-004
                    8                   70   8.5743588651370104E-009
                    9                    8   4.2011413065331325E-010
                    9                    9  -6.0671249632959692E-004
                    9                   10   7.0681048473845695E-006
                    9                   69   8.5743588651370104E-009
                    9                   70  -4.3506053758836865E-004
                    9                   71   2.3999139598234595E-005
                   10                    9   7.0681048473845695E-006
                   10                   10  -8.0792919372237168E-004
                   10                   11   4.5918104491075341E-005
                   10                   70   2.3999139598234595E-005
                   10                   71  -1.7754828319548253E-004
                   10                   72   3.8962245650618613E-007
                   11                   10   4.5918104491075341E-005
                   11                   11  -8.4089876600175538E-004
                   11                   12   4.7044011427109983E-005
                   11                   71   3.8962245650618613E-007
                   11                   72  -7.9109048430466286E-007
                   11                   73   4.0146802779847668E-007
                   12                   11   4.7044011427109983E-005
                   12                   12  -8.4621601915405844E-004
                   12                   13   4.8291583601241310E-005
                   12                   72   4.0146802779847668E-007
                   12                   73  -8.1563224751042063E-007
                   12                   74   4.1416421971194401E-007
                   13                   12   4.8291583601241310E-005
                   13                   13  -8.5203433497496052E-004
                   13                   14   4.9628399736432113E-005
                   13                   73   4.1416421971194401E-007
                   13                   74  -8.4169748847136485E-007
                   13                   75   4.2753326875942080E-007
                   14                   13   4.9628399736432113E-005
                   14                   14  -8.5814224270473283E-004
                   14                   15   5.1023099668431422E-005
                   14                   74   4.2753326875942080E-007
                   14                   75  -8.6893420963050767E-007
                   14                   76   4.4140094087108687E-007
                   15                   14   5.1023099668431422E-005
                   15                   15  -8.6435627543910570E-004
                   15                   16   5.2447719889928601E-005
                   15                   75   4.4140094087108687E-007
                   15                   76  -8.9701183563799368E-007
                   15                   77   4.5561089476690681E-007
                   16                   15   5.2447719889928601E-005
                   16                   16  -8.7053000349808290E-004
                   16                   17   5.3879179808408956E-005
                   16                   76   4.5561089476690681E-007
                   16                   77  -9.2564464257112396E-007
                   16                   78   4.7003374780421715E-007
                   17                   16   5.3879179808408956E-005
                   17                   17  -8.7655649345513538E-004
                   17                   18   5.5299914345900297E-005
                   17                   77   4.7003374780421715E-007
                   17                   78  -9.5460469803421275E-007
                   17                   79   4.8457095022999555E-007
                   18                   17   5.5299914345900297E-005
                   18                   18  -8.8236584216583639E-004
                   18                   19   5.6697787407098172E-005
                   18                   78   4.8457095022999555E-007
                   18                   79  -9.8372535507815993E-007
                   18                   80   4.9915440484816438E-007
                   19                   18   5.6697787407098172E-005
                   19                   19  -8.8791966281550542E-004
                   19                   20   5.8065487981283020E-005
                   19                   79   4.9915440484816438E-007
                   19                   80  -1.0128975111951503E-006
                   19                   81   5.1374310634698592E-007
                   20                   19   5.8065487981283020E-005
                   20                   20  -8.9320417117014022E-004
                   20                   21   5.9399621318387498E-005
                   20                   80   5.1374310634698592E-007
                   20                   81  -1.0420611709397857E-006
                   20                   82   5.2831806459279969E-007
                   21                   20   5.9399621318387498E-005
                   21                   21  -8.9822310535404262E-004
                   21                   22   6.0699682358837209E-005
                   21                   81   5.2831806459279969E-007
                   21                   82  -1.0711946415708987E-006
                   21                   83   5.4287657697809898E-007
                   22                   21   6.0699682358837209E-005
                   22                   22  -9.0299128399881070E-004
                   22                   23   6.1967055628953631E-005
                   22                   82   5.4287657697809898E-007
                   22                   83  -1.1003032211163582E-006
                   22                   84   5.5742664413825921E-007
                   23                   22   6.1967055628953631E-005
                   23                   23  -9.0752924600779293E-004
                   23                   24   6.3204138275011504E-005
                   23                   83   5.5742664413825921E-007
                   23                   84  -1.1294086957236800E-006
                   23                   85   5.7198205158542088E-007
                   24                   23   6.3204138275011504E-005
                   24                   24  -9.1185914276069237E-004
                   24                   25   6.4413638996500862E-005
                   24                   84   5.7198205158542088E-007
                   24                   85  -1.1585404539184464E-006
                   24                   86   5.8655840233302551E-007
                   25                   24   6.4413638996500862E-005
                   25                   25  -9.1600186516541625E-004
                   25                   26   6.5598069728622146E-005
                   25                   85   5.8655840233302551E-007
                   25                   86  -1.1877285988780486E-006
                   25                   87   6.0117019654502308E-007
                   26                   25   6.5598069728622146E-005
                   26                   26  -9.1997526945031499E-004
                   26                   27   6.6759420712559424E-005
                   26                   86   6.0117019654502308E-007
                   26                   87  -1.2169991131412343E-006
                   26                   88   6.1582891659621121E-007
                   27                   26   6.6759420712559424E-005
                   27                   27  -9.2379330210207297E-004
                   27                   28   6.7898992989324914E-005
                   27                   87   6.1582891659621121E-007
                   27                   88  -1.2463709033793141E-006
                   27                   89   6.3054198678310291E-007
                   28                   27   6.7898992989324914E-005
                   28                   28  -9.2746580249285530E-004
                   28                   29   6.9017354143879132E-005
                   28                   88   6.3054198678310291E-007
                   28                   89  -1.2758544167856753E-006
                   28                   90   6.4531243000257231E-007
                   29                   28   6.9017354143879132E-005
                   29                   29  -9.3099876963006903E-004
                   29                   30   7.0114381485630506E-005
                   29                   89   6.4531243000257231E-007
                   29                   90  -1.3054514606630995E-006
                   29                   91   6.6013903066052715E-007
                   30                   29   7.0114381485630506E-005
                   30                   30  -9.3439490653839325E-004
                   30                   31   7.1189359756724626E-005
                   30                   90   6.6013903066052715E-007
                   30                   91  -1.3351558551945440E-006
                   30                   92   6.7501682453401683E-007
                   31                   30   7.1189359756724626E-005
                   31                   31  -9.3765429291020727E-004
                   31                   32   7.2241106006038896E-005
                   31                   91   6.7501682453401683E-007
                   31                   92  -1.3649545875907252E-006
                   31                   93   6.8993776305670847E-007
                   32                   31   7.2241106006038896E-005
                   32                   32  -9.4077507647471570E-004
                   32                   33   7.3268100875628655E-005
                   32                   92   6.8993776305670847E-007
                   32                   93  -1.3948291964729474E-006
                   32                   94   7.0489143341623905E-007
                   33                   32   7.3268100875628655E-005
                   33                   33  -9.4375411073116728E-004
                   33                   34   7.4268612063702023E-005
                   33                   93   7.0489143341623905E-007
                   33                   94  -1.4247571840432963E-006
                   33                   95   7.1986575062705726E-007
                   34                   33   7.4268612063702023E-005
                   34                   34  -9.4658749804491741E-004
                   34                   35   7.5240801430374028E-005
                   34                   94   7.1986575062705726E-007
                   34                   95  -1.4547133197388503E-006
                   34                   96   7.3484756911179312E-007
                   35                   34   7.5240801430374028E-005
                   35                   35  -9.4927102122417380E-004
                   35                   36   7.6182811746831913E-005
                   35                   95   7.3484756911179312E-007
                   35                   96  -1.4846707560728954E-006
                   35                   97   7.4982318696110218E-007
                   36                   35   7.6182811746831913E-005
                   36                   36  -9.5180046357367656E-004
                   36                   37   7.7092832380669369E-005
                   36                   96   7.4982318696110218E-007
                   36                   97  -1.5146019221389048E-006
                   36                   98   7.6477873517780250E-007
                   37                   36   7.7092832380669369E-005
                   37                   37  -9.5417182793642642E-004
                   37                   38   7.7969145365817309E-005
                   37                   97   7.6477873517780250E-007
                   37                   98  -1.5444791923381109E-006
                   37                   99   7.7970045716030839E-007
                   38                   37   7.7969145365817309E-005
                   38                   38  -9.5638147069218647E-004
                   38                   39   7.8810154525219605E-005
                   38                   98   7.7970045716030839E-007
                   38                   99  -1.5742753485404403E-006
                   38                  100   7.9457489138013182E-007
                   39                   38   7.8810154525219605E-005
                   39                   39  -9.5842616847471797E-004
                   39                   40   7.9614400828982202E-005
                   39                   99   7.9457489138013182E-007
                   39                  100  -1.6039638652277362E-006
                   39                  101   8.0938897384760422E-007
                   40                   39   7.9614400828982202E-005
                   40                   40  -9.6030313475989619E-004
                   40                   41   8.0380567199709875E-005
                   40                  100   8.0938897384760422E-007
                   40                  101  -1.6335190515734496E-006
                   40                  102   8.2413007772584553E-007
                   41                   40   8.0380567199709875E-005
                   41                   41  -9.6201000148662117E-004
                   41                   42   8.1107475705536792E-005
                   41                  101   8.2413007772584553E-007
                   41                  102  -1.6629160841049430E-006
                   41                  103   8.3878600637909751E-007
                   42                   41   8.1107475705536792E-005
                   42                   42  -9.6354477825768658E-004
                   42                   43   8.1794079653320611E-005
                   42                  102   8.3878600637909751E-007
                   42                  103  -1.6921309604267074E-006
                   42                  104   8.5334495404760988E-007
                   43                   42   8.1794079653320611E-005
                   43                   43  -9.6490579893865954E-004
                   43                   44   8.2439452611436301E-005
                   43                  103   8.5334495404760988E-007
                   43                  104  -1.7211403998707164E-006
                   43                  105   8.6779544582310657E-007
                   44                   43   8.2439452611436301E-005
                   44                   44  -9.6609166293892791E-004
                   44                   45   8.3042775919849919E-005
                   44                  104   8.6779544582310657E-007
                   44                  105  -1.7499217118779368E-006
                   44                  106   8.8212626605483022E-007
                   45                   44   8.3042775919849919E-005
                   45                   45  -9.6710117628026290E-004
                   45                   46   8.3603325822888058E-005
                   45                  105   8.8212626605483022E-007
                   45                  106  -1.7784526480401138E-006
                   45                  107   8.9632638198528353E-007
                   46                   45   8.3603325822888058E-005
                   46                   46  -9.6793329579140941E-004
                   46                   47   8.4120461005391861E-005
                   46                  106   8.9632638198528353E-007
                   46                  107  -1.8067112494048305E-006
                   46                  108   9.1038486741954712E-007
                   47                   46   8.4120461005391861E-005
                   47                   47  -9.6858707840515750E-004
                   47                   48   8.4593611029948787E-005
                   47                  107   9.1038486741954712E-007
                   47                  108  -1.8346756970319302E-006
                   47                  109   9.2429082961238308E-007
                   48                   47   8.4593611029948787E-005
                   48                   48  -9.6906163653433415E-004
                   48                   49   8.5022265957731898E-005
                   48                  108   9.2429082961238308E-007
                   48                  109  -1.8623241709171725E-006
                   48                  110   9.3803334130478944E-007
                   49                   48   8.5022265957731898E-005
                   49                   49  -9.6935609980643503E-004
                   49                   50   8.5405967279606414E-005
                   49                  109   9.3803334130478944E-007
                   49                  110  -1.8896347202222486E-006
                   49                  111   9.5160137891745923E-007
                   50                   49   8.5405967279606414E-005
                   50                   50  -9.6946958298165626E-004
                   50                   51   8.5744300177416396E-005
                   50                  110   9.5160137891745923E-007
                   50                  111  -1.9165851461801306E-006
                   50                  112   9.6498376726267144E-007
                   51                   50   8.5744300177416396E-005
                   51                   51  -9.6940115960848609E-004
                   51                   52   8.6036887067332161E-005
                   51                  111   9.6498376726267144E-007
                   51                  112  -1.9431528979765905E-006
                   51                  113   9.7816913071391902E-007
                   52                   51   8.6036887067332161E-005
                   52                   52  -9.6914984083493042E-004
                   52                   53   8.6283382338475198E-005
                   52                  112   9.7816913071391902E-007
                   52                  113  -1.9693149812389933E-006
                   52                  114   9.9114585052507425E-007
                   53                   52   8.6283382338475198E-005
                   53                   53  -9.6871455875113159E-004
                   53                   54   8.6483468182427511E-005
                   53                  113   9.9114585052507425E-007
                   53                  114  -1.9950478783966856E-006
                   53                  115   1.0039020278716116E-006
                   54                   53   8.6483468182427511E-005
                   54                   54  -9.6809415365838828E-004
                   54                   55   8.6636851406056715E-005
                   54                  114   1.0039020278716116E-006
                   54                  115  -2.0203274800307948E-006
                   54                  116   1.0164254521591832E-006
                   55                   54   8.6636851406056715E-005
                   55                   55  -9.6728736471555219E-004
                   55                   56   8.6743261125863641E-005
                   55                  115   1.0164254521591832E-006
                   55                  116  -2.0451290263366568E-006
                   55                  117   1.0287035741774738E-006
                   56                   55   8.6743261125863641E-005
                   56                   56  -9.6629282348807298E-004
                   56                   57   8.6802447252595690E-005
                   56                  116   1.0287035741774738E-006
                   56                  117  -2.0694270579222811E-006
                   56                  118   1.0407234837448075E-006
                   57                   56   8.6802447252595690E-005
                   57                   57  -9.6510905000390349E-004
                   57                   58   8.6814179686914869E-005
                   57                  117   1.0407234837448075E-006
                   57                  118  -2.0931953753154888E-006
                   57                  119   1.0524718915706815E-006
                   58                   57   8.6814179686914869E-005
                   58                   58  -9.6373445099418031E-004
                   58                   59   8.6778248158018306E-005
                   58                  118   1.0524718915706815E-006
                   58                  119  -2.1164070067129074E-006
                   58                  120   1.0639351151422258E-006
                   59                   58   8.6778248158018306E-005
                   59                   59  -9.6216732005798456E-004
                   59                   60   8.6694462645504677E-005
                   59                  119   1.0639351151422258E-006
                   59                  120  -2.1390341836449523E-006
                   59                  121   1.0750990685027266E-006
                   60                   59   8.6694462645504677E-005
                   60                   60  -9.6040583953456438E-004
                   60                   61   8.6562654329300611E-005
                   60                  120   1.0750990685027266E-006
                   60                  121  -2.1610483243275660E-006
                   61                   60   8.6562654329300611E-005
                   61                   61  -4.7959679277508895E-004
                   61                  121   1.0859492558248393E-006
                   62                    1   124362.39617894277     
                   62                   62  -51229.258709245958     
                   62                   63   35786.407015596924     
                   63                    2   255486.78784937738     
                   63                   62   35786.407015610770     
                   63                   63  -102422.08688578338     
                   63                   64   30892.901039774111     
                   64                    3   265137.85308027104     
                   64                   63   30892.901039771714     
                   64                   64  -107079.12140741208     
                   64                   65   28770.872828278945     
                   65                    4   272129.88722849742     
                   65                   64   28770.872828270993     
                   65                   65  -128425.71559054770     
                   65                   66   28890.508708982776     
                   66                    5   273938.07845568121     
                   66                   65   28890.508708950227     
                   66                   66  -175296.43099360715     
                   66                   67   29022.426483578074     
                   67                    6   268375.10221836588     
                   67                   66   29022.426483387455     
                   67                   67  -273237.22959199786     
                   67                   68   28684.112689575326     
                   68                    7   253593.03257990043     
                   68                   67   28684.112687673631     
                   68                   68  -275796.74100668973     
                   68                   69   32087.443643575283     
                   69                    8   227064.43395502123     
                   69                   68   32087.443643214032     
                   69                   69  -532542.41521608399     
                   69                   70   21441.778324170489     
                   70                    9   162203.77605655772     
                   70                   69   21441.773959938062     
                   70                   70  -1432545.2738717832     
                   70                   71   10035.224872443843     
                   71                   10   36360.549337078752     
                   71                   70   10021.315177719302     
                   71                   71  -548170.12791067944     
                   71                   72   8182.2103219039918     
                   72                   71   8181.4262541908847     
                   72                   72  -28821.633754582886     
                   72                   73   8195.3490053019214     
                   73                   72   8194.4390096489551     
                   73                   73  -28869.113017122356     
                   73                   74   8210.2195049996353     
                   74                   73   8209.2103063942923     
                   74                   74  -28921.397526282519     
                   74                   75   8226.1111370412345     
                   75                   74   8225.0301641025435     
                   75                   75  -28976.195736155369     
                   75                   76   8242.3960503121561     
                   76                   75   8241.2689966051221     
                   76                   76  -29031.554149054136     
                   76                   77   8258.5656828849915     
                   77                   76   8257.4147428031392     
                   77                   77  -29085.944255167804     
                   77                   78   8274.2435891127425     
                   78                   77   8273.0864629118932     
                   78                   78  -29138.277571047642     
                   78                   79   8289.1798757750494     
                   79                   78   8288.0294818702405     
                   79                   79  -29187.868747963843     
                   79                   80   8303.2338789129462     
                   80                   79   8302.0986221656603     
                   80                   80  -29234.368284089604     
                   80                   81   8316.3511476358071     
                   81                   80   8315.2355606648107     
                   81                   81  -29277.683054267382     
                   81                   82   8328.5393524760475     
                   82                   81   8327.4449346946803     
                   82                   82  -29317.897769787076     
                   82                   83   8339.8461467039506     
                   83                   82   8338.7722553253789     
                   83                   83  -29355.205497837924     
                   83                   84   8350.3406489808149     
                   84                   83   8349.2853346114243     
                   84                   84  -29389.851333582803     
                   84                   85   8360.0991978853835     
                   85                   84   8359.0599161177743     
                   85                   85  -29422.090399508485     
                   85                   86   8369.1953376128458     
                   86                   85   8368.1695023328448     
                   86                   86  -29452.159425232341     
                   86                   87   8377.6935697486515     
                   87                   86   8376.6789412013568     
                   87                   87  -29480.260032488099     
                   87                   88   8385.6461847513347     
                   88                   87   8384.6411049187318     
                   88                   88  -29506.551318116992     
                   88                   89   8393.0924136850026     
                   89                   88   8392.0959134857949     
                   89                   89  -29531.149225862428     
                   89                   90   8400.0591703535410     
                   90                   89   8399.0709786145799     
                   90                   90  -29554.130386342367     
                   90                   91   8406.5627483616590     
                   91                   90   8405.5832328967535     
                   91                   91  -29575.538466794904     
                   91                   92   8412.6109653034782     
                   92                   91   8411.6410333801141     
                   92                   92  -29595.391512073882     
                   92                   93   8418.2053824025206     
                   93                   92   8417.2463628914120     
                   93                   93  -29613.689202284782     
                   93                   94   8423.3433546905417     
                   94                   93   8422.3968785214420     
                   94                   94  -29630.419350225231     
                   94                   95   8428.0197734138437     
                   95                   94   8427.0876635015738     
                   95                   95  -29645.563285560842     
                   95                   96   8432.2284441198735     
                   96                   95   8431.3126212265088     
                   96                   96  -29659.100013210540     
                   96                   97   8435.9631008453925     
                   97                   96   8435.0655081603309     
                   97                   97  -29671.009194981489     
                   97                   98   8439.2180920444498     
                   98                   97   8438.3406386264505     
                   98                   98  -29681.273098320587     
                   98                   99   8441.9887918854020     
                   99                   98   8441.1333134138094     
                   99                   99  -29689.877699695084     
                   99                  100   8444.2717961303551     
                  100                   99   8443.4400304805567     
                  100                  100  -29696.813138071848     
                  100                  101   8446.0649593338476     
                  101                  100   8445.2585341298509     
                  101                  101  -29702.073699657038     
                  101                  102   8447.3673230818567     
                  102                  101   8446.5877524048592     
                  102                  102  -29705.657488965728     
                  102                  103   8448.1789760006395     
                  103                  102   8447.4276636952345     
                  103                  103  -29707.565910875746     
                  103                  104   8448.5008770258246     
                  104                  103   8447.7791244287237     
                  104                  104  -29707.803058395235     
                  104                  105   8448.3346649503037     
                  105                  104   8447.6436812883276     
                  105                  105  -29706.375074174110     
                  105                  106   8447.6824700767120     
                  106                  105   8447.0233841884747     
                  106                  106  -29703.289531554532     
                  106                  107   8446.5467380396221     
                  107                  106   8445.9206104382883     
                  107                  107  -29698.554863444289     
                  107                  108   8444.9300714905130     
                  108                  107   8444.3379060894385     
                  108                  108  -29692.179854186332     
                  108                  109   8442.8350921763540     
                  109                  108   8442.2778472422451     
                  109                  109  -29684.173200275225     
                  109                  110   8440.2643237870543     
                  110                  109   8439.7429218700327     
                  110                  110  -29674.543139523932     
                  110                  111   8437.2200945753266     
                  111                  110   8436.7354312992866     
                  111                  111  -29663.297144415999     
                  111                  112   8433.7044579717131     
                  112                  111   8433.2574096601365     
                  112                  112  -29650.441673269284     
                  112                  113   8429.7191290540832     
                  113                  112   8429.3105592246684     
                  113                  113  -29635.981971971989     
                  113                  114   8425.2654346602976     
                  114                  113   8424.8961994545334     
                  114                  114  -29619.921919019551     
                  114                  115   8420.3442750389568     
                  115                  114   8420.0152276668869     
                  115                  115  -29602.263907065564     
                  115                  116   8414.9560951482472     
                  116                  115   8414.6680894302135     
                  116                  116  -29583.008754969796     
                  116                  117   8409.1008639748234     
                  117                  116   8408.8547570555820     
                  117                  117  -29562.155645211093     
                  117                  118   8402.7780605151875     
                  118                  117   8402.5747148154278     
                  118                  118  -29539.702082413169     
                  118                  119   8395.9866653129484     
                  119                  118   8395.8269497720776     
                  119                  119  -29515.643869524749     
                  119                  120   8388.7251566578034     
                  120                  119   8388.6099473123650     
                  120                  120  -29489.975098845618     
                  120                  121   8380.9915107127345     
                  121                  120   8380.9216906489055     
                  121                  121  -29462.688155562260     
