 #              _____________________  _______________________             #
 #              ___  __ \__  __ \_  / / /_  /___  ____/_  ___/             #
 #              __  / / /_  /_/ /  / / /_  __/_  __/  _____ \              #
 #              _  /_/ /_  _, _// /_/ / / /_ _  /___  ____/ /              #
 #              /_____/ /_/ |_| \____/  \__/ /_____/  /____/               #
 #                                                                         #
  
 DRUtES is initializing, reading input files
 ---------------------------------------------------------------
 15hrs : 01min : 09.864s  -  2020/12/09    total number of parallel images is:                    1
 ---------------------------------------------------------------
 15hrs : 01min : 09.865s  -  2020/12/09    reading input files and allocating...
 ---------------------------------------------------------------
 15hrs : 01min : 10.002s  -  2020/12/09    number of nodes:                   61 number of elements:                   60
 ---------------------------------------------------------------
 15hrs : 01min : 10.109s  -  2020/12/09    analyzing mesh structure...
 ---------------------------------------------------------------
 15hrs : 01min : 10.136s  -  2020/12/09    DRUtES solves coupled water and heat flow considering freezing and melting
 ---------------------------------------------------------------
 15hrs : 01min : 10.140s  -  2020/12/09    making output files for observation time
 ---------------------------------------------------------------
 15hrs : 01min : 10.174s  -  2020/12/09    go 4 solving
 ---------------------------------------------------------------
 15hrs : 01min : 10.294s  -  2020/12/09    current simulation time:   1.0000000000000000 total iteration count:                    2
 ---------------------------------------------------------------
 15hrs : 01min : 49.005s  -  2020/12/09    making output files for observation time
 ---------------------------------------------------------------
 15hrs : 02min : 42.553s  -  2020/12/09    making output files for observation time
 ---------------------------------------------------------------
 15hrs : 03min : 06.911s  -  2020/12/09    making output files for observation time
 ---------------------------------------------------------------
 15hrs : 03min : 45.814s  -  2020/12/09    making output files for observation time
 ---------------------------------------------------------------
 15hrs : 03min : 45.846s  -  2020/12/09    making output files for observation time
 ---------------------------------------------------------------
 15hrs : 03min : 45.966s  -  2020/12/09    # real elapsed CPU time =   2.6003333333331589 min
 ---------------------------------------------------------------
 15hrs : 03min : 45.973s  -  2020/12/09    minimal adjusted time step was  0.91011600000000015
 ---------------------------------------------------------------
 15hrs : 03min : 45.973s  -  2020/12/09    F I N I S H E D !!!!!
 ---------------------------------------------------------------
 15hrs : 03min : 45.996s  -  2020/12/09    Peak RAM  consumption on image                    1 was:                    0 kB
