 #              _____________________  _______________________             #
 #              ___  __ \__  __ \_  / / /_  /___  ____/_  ___/             #
 #              __  / / /_  /_/ /  / / /_  __/_  __/  _____ \              #
 #              _  /_/ /_  _, _// /_/ / / /_ _  /___  ____/ /              #
 #              /_____/ /_/ |_| \____/  \__/ /_____/  /____/               #
 #                                                                         #
  
 #        time                      T            heat flux [W.L-2]   in    x              directions   cumulative flux
 #-----------------------------------------------------------------------------------------------

   0.0000000000000000        10.000000000000000       -0.0000000000000000        0.0000000000000000     
   1.0000000000000000        10.000000000000000       -0.0000000000000000        0.0000000000000000     
   1.9540000000000002        10.000000000000004       -0.0000000000000000        0.0000000000000000     
   2.8641160000000001        10.000000000000004       -0.0000000000000000        0.0000000000000000     
   3.8288389600000006        10.000000000000002       -0.0000000000000000        0.0000000000000000     
   4.8514452976000007        10.000000000000002       -0.0000000000000000        0.0000000000000000     
   5.9354080154560007        10.000000000000002       -0.0000000000000000        0.0000000000000000     
   7.0844084963833609        10.000000000000002       -0.0000000000000000        0.0000000000000000     
   8.3023490061663630        10.000000000000000       -0.0000000000000000        0.0000000000000000     
   9.5933659465363448        10.000000000000002       -0.0000000000000000        0.0000000000000000     
   10.961843903328527        10.000000000000000       -0.0000000000000000        0.0000000000000000     
   12.412430537528239        10.000000000000002       -0.0000000000000000        0.0000000000000000     
   13.950052369779934        10.000000000000002       -0.0000000000000000        0.0000000000000000     
   15.579931511966731        10.000000000000002        5.6488147492927924E-013   5.6488147492927924E-013
   17.307603402684734        10.000000000000002       -0.0000000000000000        5.6488147492927924E-013
   19.138935606845820        10.000000000000002       -0.0000000000000000        5.6488147492927924E-013
   21.080147743256571        10.000000000000002       -0.0000000000000000        5.6488147492927924E-013
   23.137832607851966        10.000000000000002       -0.0000000000000000        5.6488147492927924E-013
   25.318978564323086        10.000000000000002       -0.0000000000000000        5.6488147492927924E-013
   27.630993278182473        10.000000000000004       -0.0000000000000000        5.6488147492927924E-013
   30.081728874873424        10.000000000000004        5.6488147492927914E-013   1.1297629498585585E-012
   32.679508607365833        10.000000000000004       -0.0000000000000000        1.1297629498585585E-012
   35.433155123807786        10.000000000000004       -0.0000000000000000        1.1297629498585585E-012
   38.352020431236255        10.000000000000004        5.6488147492927914E-013   1.6946444247878377E-012
   41.446017657110431        10.000000000000004       -0.0000000000000000        1.6946444247878377E-012
   44.725654716537058        10.000000000000005       -0.0000000000000000        1.6946444247878377E-012
   48.202069999529286        10.000000000000005       -0.0000000000000000        1.6946444247878377E-012
   51.887070199501046        10.000000000000005       -0.0000000000000000        1.6946444247878377E-012
   55.793170411471110        10.000000000000005       -0.0000000000000000        1.6946444247878377E-012
   59.933636636159378        10.000000000000005       -0.0000000000000000        1.6946444247878377E-012
   64.322530834328944        10.000000000000007       -0.0000000000000000        1.6946444247878377E-012
   68.974758684388689        10.000000000000009       -5.6488147492927914E-013   2.2595258997171170E-012
   73.906120205452012        10.000000000000007       -0.0000000000000000        2.2595258997171170E-012
   79.133363417779137        10.000000000000007       -0.0000000000000000        2.2595258997171170E-012
   84.674241222845893        10.000000000000007       -0.0000000000000000        2.2595258997171170E-012
   90.547571696216650        10.000000000000007       -0.0000000000000000        2.2595258997171170E-012
   96.773301997989648        10.000000000000005       -0.0000000000000000        2.2595258997171170E-012
   99.476364677492242        10.000000000000005       -0.0000000000000000        2.2595258997171170E-012
   101.76856182971045        10.000000000000007       -0.0000000000000000        2.2595258997171170E-012
   104.19829081106174        10.000000000000005       -0.0000000000000000        2.2595258997171170E-012
   106.25870098724764        10.000000000000005       -0.0000000000000000        2.2595258997171170E-012
   108.44273577400469        10.000000000000005       -0.0000000000000000        2.2595258997171170E-012
   110.75781264796716        10.000000000000009       -0.0000000000000000        2.2595258997171170E-012
   113.21179413436738        10.000000000000009        5.6488147492927924E-013   2.8244073746463962E-012
   115.81301450995161        10.000000000000005        5.6488147492927924E-013   3.3892888495756755E-012
   118.57030810807090        10.000000000000005        5.6488147492927924E-013   3.9541703245049543E-012
   121.49303932207735        10.000000000000005       -0.0000000000000000        3.9541703245049543E-012
   124.59113440892419        10.000000000000007       -5.6488147492927924E-013   4.5190517994342340E-012
   127.87511520098184        10.000000000000007       -1.1297629498585585E-012   5.6488147492927924E-012
   131.35613484056293        10.000000000000007       -1.1297629498585585E-012   6.7785776991513509E-012
   135.04601565851891        10.000000000000009       -1.1297629498585585E-012   7.9083406490099086E-012
   138.95728932555224        10.000000000000011       -1.1297629498585585E-012   9.0381035988684679E-012
   143.10323941260756        10.000000000000011       -1.1297629498585585E-012   1.0167866548727027E-011
   147.49794650488622        10.000000000000009       -5.6488147492927924E-013   1.0732748023656307E-011
   152.15633602270159        10.000000000000005       -0.0000000000000000        1.0732748023656307E-011
   157.09422891158587        10.000000000000005       -0.0000000000000000        1.0732748023656307E-011
   162.32839537380323        10.000000000000007       -1.1297629498585585E-012   1.1862510973514866E-011
   167.87661182375362        10.000000000000007       -5.6488147492927924E-013   1.2427392448444146E-011
   173.75772126070103        10.000000000000007       -0.0000000000000000        1.2427392448444146E-011
   179.99169726386529        10.000000000000007       -5.6488147492927924E-013   1.2992273923373425E-011
   186.59971182721941        10.000000000000007       -5.6488147492927924E-013   1.3557155398302705E-011
   193.60420726437476        10.000000000000007       -5.6488147492927924E-013   1.4122036873231985E-011
   201.02897242775944        10.000000000000004       -5.6488147492927924E-013   1.4686918348161264E-011
   208.89922350094722        10.000000000000004       -5.6488147492927924E-013   1.5251799823090544E-011
   217.24168963852625        10.000000000000004       -5.6488147492927924E-013   1.5816681298019824E-011
   226.08470374436004        10.000000000000004       -0.0000000000000000        1.5816681298019824E-011
   235.45829869654384        10.000000000000004       -5.6488147492927924E-013   1.6381562772949103E-011
   245.39430934585866        10.000000000000002       -5.6488147492927924E-013   1.6946444247878383E-011
   255.92648063413239        10.000000000000000       -2.8244073746463958E-012   1.9770851622524778E-011
   258.85308287493723        10.000000000000000       -3.3892888495756743E-012   2.3160140472100453E-011
   261.77968511574204        9.9999999999999982       -3.3892888495756743E-012   2.6549429321676127E-011
   264.26144381594452        9.9999999999999982       -3.9541703245049543E-012   3.0503599646181082E-011
   266.89210803815917        10.000000000000000       -5.0839332743635120E-012   3.5587532920544592E-011
   269.12291129859716        10.000000000000000       -6.2136962242220705E-012   4.1801229144766662E-011
   271.48756275466144        10.000000000000000       -7.3434591740806290E-012   4.9144688318847291E-011
   273.99409329808958        10.000000000000000       -8.4732221239391866E-012   5.7617910442786479E-011
   276.65101567412341        9.9999999999999982       -9.6029850737977443E-012   6.7220895516584226E-011
   279.46735339271930        9.9999999999999982       -1.2427392448444141E-011   7.9648287965028366E-011
   282.45267137443091        9.9999999999999947       -1.4686918348161258E-011   9.4335206313189624E-011
   285.61710843504522        9.9999999999999911       -1.7511325722807653E-011   1.1184653203599728E-010
   288.97141171929638        9.9999999999999858       -2.0335733097454048E-011   1.3218226513345133E-010
   292.52697320060264        9.9999999999999805       -2.4854784896888282E-011   1.5703705003033961E-010
   296.29586837078728        9.9999999999999716       -3.1068481121110355E-011   1.8810553115144997E-010
   300.29089725118297        9.9999999999999609       -4.0106584719978816E-011   2.2821211587142877E-010
   304.52562786440240        9.9999999999999432       -5.0839332743635123E-011   2.7905144861506389E-010
   308.76035847762182        9.9999999999999236       -6.4961369616867095E-011   3.4401281823193100E-010
   313.24917292763445        9.9999999999998970       -8.3602458289533310E-011   4.2761527652146428E-010
   318.00731624464782        9.9999999999998597       -1.0845724318642158E-010   5.3607251970788587E-010
   323.05094816068203        9.9999999999998099       -1.4347989463203690E-010   6.7955241433992280E-010
   328.09458007671623        9.9999999999997442       -1.9036505705116709E-010   8.6991747139108983E-010
   333.13821199275043        9.9999999999996572       -2.5024249339367068E-010   1.1201599647847605E-009
   338.18184390878463        9.9999999999995435       -3.2706637398405266E-010   1.4472263387688132E-009
   343.22547582481883        9.9999999999993978       -4.2592063209667654E-010   1.8731469708654897E-009
   348.57172565581504        9.9999999999991900       -5.6205706755463284E-010   2.4352040384201225E-009
   354.23875047667104        9.9999999999989004       -7.5129236165594131E-010   3.1864964000760640E-009
   360.24579678677839        9.9999999999984812       -1.0173515363476320E-009   4.2038479364236958E-009
   366.61326587549217        9.9999999999978755       -1.3992114133998249E-009   5.6030593498235207E-009
   373.36278310952883        9.9999999999969837       -1.9505357329308018E-009   7.5535950827543225E-009
   380.51727137760764        9.9999999999956533       -2.7588811235546014E-009   1.0312476206308924E-008
   388.10102894177118        9.9999999999936442       -3.9598191392542520E-009   1.4272295345563176E-008
   396.13981195978454        9.9999999999905658       -5.7657452146031632E-009   2.0038040560166340E-008
   404.66092195887870        9.9999999999857820       -8.5127638271842575E-009   2.8550804387350598E-008
   413.69329855791852        9.9999999999782467       -1.2742031429979802E-008   4.1292835817330402E-008
   423.26761775290072        9.9999999999662279       -1.9329114309130190E-008   6.0621950126460592E-008
   433.41639609958185        9.9999999999468283       -2.9703162596206560E-008   9.0325112722667155E-008
   444.17410114706388        9.9999999999151417       -4.6205045123315967E-008   1.3653015784598311E-007
   455.57726849739481        9.9999999998628262       -7.2711543452898412E-008   2.0924170129888152E-007
   467.66462588874560        9.9999999997755733       -1.1565609270292426E-007   3.2489779400180576E-007
   480.47722472357748        9.9999999996287148       -1.8577708971180129E-007   5.1067488371360703E-007
   494.05857948849922        9.9999999993795470       -3.0105132253768475E-007   8.1172620625129178E-007
   508.45481553931626        9.9999999989538182       -4.9163272919378919E-007   1.3033589354450810E-006
   523.71482575318237        9.9999999982221688       -8.0816858272231318E-007   2.1115275181673942E-006
   530.34035594779789        9.9999999978423002       -9.7071153248885955E-007   3.0822390506562539E-006
   537.36341795409032        9.9999999973567739       -1.1760312617074108E-006   4.2582703123636645E-006
   544.38647996038276        9.9999999967733473       -1.4198860753827324E-006   5.6781563877463965E-006
   551.40954196667519        9.9999999960746351       -1.7085602799234275E-006   7.3867166676698239E-006
   558.85398769334518        9.9999999951803709       -2.0734906591723079E-006   9.4602073268421322E-006
   566.74510016361535        9.9999999940262736       -2.5383067701071981E-006   1.1998514096949330E-005
   575.10967938210172        9.9999999925242271       -3.1348667981512588E-006   1.5133380895100588E-005
   583.97613335369726        9.9999999905526060       -3.9063926493588636E-006   1.9039773544459453E-005
   593.37457456358857        9.9999999879423491       -4.9118681175794449E-006   2.3951641662038897E-005
   603.33692224607341        9.9999999844568368       -6.2322570997335889E-006   3.0183898761772486E-005
   613.89701078950736        9.9999999797627286       -7.9793219605182936E-006   3.8163220722290780E-005
   625.09070464554725        9.9999999733874034       -1.0308133397550979E-005   4.8471354119841758E-005
   636.95602013294956        9.9999999646566788       -1.3434934818014536E-005   6.1906288937856293E-005
   649.53325454959599        9.9999999526033445       -1.7662636569384547E-005   7.9568925507240840E-005
   658.06565037784901        9.9999999429318436       -2.1011692865693268E-005   1.0058061837293411E-004
   667.10998995579712        9.9999999307201950       -2.5183248787752741E-005   1.2576386716068685E-004
   676.15432953374523        9.9999999162295552       -3.0067138325916394E-005   1.5583100548660324E-004
   685.19866911169333        9.9999998990982384       -3.5764604622057768E-005   1.9159561010866102E-004
   694.24300868964144        9.9999998789176665       -4.2388205958875613E-005   2.3398381606753663E-004
   703.83000864226653        9.9999998535481343       -5.0599351887510898E-005   2.8458316795504753E-004
   713.41700859489163        9.9999998235765464       -6.0166832466108606E-005   3.4475000042115612E-004
   723.57922854467415        9.9999997857924701       -7.2053035698648122E-005   4.1680303611980424E-004
   734.35118169144368        9.9999997378395271       -8.6906619501869194E-005   5.0370965562167346E-004
   745.76945202701938        9.9999996765724948       -1.0557665383148797E-004   6.0928630945316145E-004
   757.87281858272956        9.9999995977724634       -1.2917890105006320E-004   7.3846521050322466E-004
   770.70238713178242        9.9999994957535954       -1.5918497738388760E-004   8.9765018788711228E-004
   784.30172979377846        9.9999993628188300       -1.9754241113703320E-004   1.0951925990241454E-003
   798.71703301549417        9.9999991885049440       -2.4683641344814958E-004   1.3420290124722951E-003
   813.99725443051284        9.9999989585338156       -3.1050792310466970E-004   1.6525369355769649E-003
   830.19428913043271        9.9999986533537903       -3.9314732909307294E-004   2.0456842646700379E-003
   847.36314591234770        9.9999982461098398       -5.0088979216629114E-004   2.5465740568363293E-003
   865.56213410117766        9.9999976998186870       -6.4194642605451535E-004   3.1885204828908447E-003
   884.85306158133733        9.9999969634396315       -8.2731640625794355E-004   4.0158368891487885E-003
   905.30144471030667        9.9999959664158542       -1.0717387778195115E-003   5.0875756669683005E-003
   926.97673082701408        9.9999946111045936       -1.3949599866501297E-003   6.4825356536184304E-003
   949.95253411072395        9.9999927623056237       -1.8234143109649333E-003   8.3059499645833645E-003
   974.30688559145642        9.9999902328215615       -2.3924401528373994E-003   1.0698390117420764E-002
   994.95937564711755        9.9999876046990419       -2.9698585646744796E-003   1.3668248682095244E-002
   1016.8510151061184        9.9999841773737224       -3.7045152857224464E-003   1.7372763967817690E-002
   1040.0561529326594        9.9999796910052989       -4.6417400861346117E-003   2.2014504053952302E-002
   1064.6535990287928        9.9999737985767325       -5.8401258614758306E-003   2.7854629915428131E-002
   1089.2510451249261        9.9999665702676488       -7.2723985492899931E-003   3.5127028464718123E-002
   1115.3243379868275        9.9999571426394844       -9.0904830111642916E-003   4.4217511475882418E-002
   1142.9620284204429        9.9999448142780185       -1.1401886828076873E-002   5.5619398303959289E-002
   1172.2579802800753        9.9999286574846611       -1.4343750652445199E-002   6.9963148956404486E-002
   1203.3116892512855        9.9999074468709299       -1.8090536336680913E-002   8.8053685293085396E-002
   1236.2286207607685        9.9998795667736946       -2.2863452979876568E-002  0.11091713827296196     
   1271.1205681608203        9.9998428919362663       -2.8941903287064464E-002  0.13985904156002643     
   1308.1060324048754        9.9997946347741973       -3.6677234527458358E-002  0.17653627608748479     
   1341.3929502245248        9.9997425217965716       -4.4795806261204274E-002  0.22133208234868906     
   1376.6770831133533        9.9996761454664309       -5.4835063866259894E-002  0.27616714621494898     
   1414.0782639755116        9.9995915160723641       -6.7248849057293364E-002  0.34341599527224231     
   1453.7235156893994        9.9994835503883888       -8.2591707864589428E-002  0.42600770313683173     
   1475.2397866995605        9.9994192108591555       -9.1592787119412614E-002  0.51760049025624433     
   1498.0470339703313        9.9993441070874525      -0.10192807725573615       0.61952856751198049     
   1522.2227160773484        9.9992561891065286      -0.11381909688403810       0.73334766439601862     
   1547.8489391107864        9.9991529870671307      -0.12752586219225343       0.86087352658827210     
   1575.0127355262307        9.9990315229884796      -0.14335341604598359        1.0042269426342556     
   1603.8063597266016        9.9988882043985097      -0.16165932638877917        1.1658862690230347     
   1634.3276013789948        9.9987186964881438      -0.18286224441070431        1.3487485134337391     
   1666.6801175305318        9.9985177689188234      -0.20745160323712541        1.5562001166708646     
   1684.2384750962938        9.9984022231090020      -0.22143410631942287        1.7776342229902875     
   1701.7968326620557        9.9982799373785376      -0.23606828376694214        2.0137025067572298     
   1720.4086916817635        9.9981424517132602      -0.25232935841822207        2.2660318651754521     
   1739.0205507014712        9.9979968115961420      -0.26935546875157884        2.5353873339270310     
   1758.7491212623615        9.9978329214470563      -0.28828144609480744        2.8236687800218383     
   1779.6614060569052        9.9976480927675979      -0.30935136401757168        3.1330201440394099     
   1801.8284279391216        9.9974391973570462      -0.33284314078478083        3.4658632848241906     
   1825.3254711342709        9.9972025914922238      -0.35907323985004841        3.8249365246742388     
   1850.2323369211292        9.9969340270013198      -0.38840195591813170        4.2133384805923706     
   1876.6336146551989        9.9966285471072194      -0.42123933413523168        4.6345778147276020     
   1904.6189690533129        9.9962803646336802      -0.45805176592237601        5.0926295806499784     
   1934.2834447153136        9.9958827198687494      -0.49936929803946994        5.5919988786894486     
   1965.7277889170346        9.9954277150702744      -0.54579368091703007        6.1377925596064786     
   1999.0587937708588        9.9949061222872597      -0.59800716760217099        6.7357997272086498     
   2034.3896589159124        9.9943071608693330      -0.65678205490909869        7.3925817821177482     
   2071.8403759696689        9.9936182407611440      -0.72299093301274531        8.1155727151304937     
   2111.5381360466513        9.9928246674489341      -0.79761757778795406        8.9131902929184470     
   2153.6177617282524        9.9919093042699831      -0.88176838029894988        9.7949586732173977     
   2198.2221649507496        9.9908521877487395      -0.97668415810337905        10.771642831320777     
   2245.5028323665965        9.9896300917369434       -1.0837521297652835        11.855394961086061     
   2277.5780371415071        9.9887530758506031       -1.1593657215904378        13.014760682676499     
   2311.5777542029123        9.9877681749438416       -1.2428663418832053        14.257627024559705     
   2345.5774712643174        9.9867266670634915       -1.3297158972634020        15.587342921823106     
   2381.6171713494068        9.9855575292135406       -1.4255321693841385        17.012875091207246     
   2419.8192534396017        9.9842433049595236       -1.5313021628300736        18.544177254037319     
   2460.3134604552083        9.9827640507651143       -1.6481166418217952        20.192293895859112     
   2494.6525480044429        9.9814465234130196       -1.7505339389995860        21.942827834858697     
   2531.0519808066315        9.9799777235256535       -1.8628415000024756        23.805669334861172     
   2567.4514136088201        9.9784354738385694       -1.9788612142279900        25.784530549089162     
   2606.0348123791400        9.9767167868483995       -2.1059682545992597        27.890498803688423     
   2646.9332150756791        9.9747991826479545       -2.2452779727470924        30.135776776435517     
   2690.2855219340104        9.9726572144010461       -2.3980091731240125        32.533785949559530     
   2736.2389672038416        9.9702620988312471       -2.5654898752235464        35.099275824783078     
   2784.9496191898629        9.9675813110368878       -2.7491623303495900        37.848438155132669     
   2836.5829102950452        9.9645781432401161       -2.9505869917973317        40.799025146929999     
   2880.3679411522398        9.9619142088996888       -3.1261266270565700        43.925151773986570     
   2926.7800738608662        9.9589575782459612       -3.3173785629923076        47.242530336978881     
   2975.9769345320101        9.9556731515397594       -3.5257565562296307        50.768286893208511     
   3028.1256068434227        9.9520216088516449       -3.7527779615764860        54.521064854784996     
   3083.4031994935199        9.9479589632953829       -4.0000646332233130        58.521129488008306     
   3141.9974477026230        9.9434360859607498       -4.2693421968142866        62.790471684822592     
   3204.1073508042723        9.9383982054758349       -4.5624373767759980        67.352909061598595     
   3269.9438480920207        9.9327843864134184       -4.8812730649433602        72.234182126541953     
   3339.7305352170338        9.9265269921619552       -5.2278608348285731        77.462042961370528     
   3402.5385536295457        9.9206478151410487       -5.5463806687114019        83.008423630081936     
   3469.1150531468083        9.9141393586000959       -5.8909535023921045        88.899377132474044     
   3535.6915526640710        9.9073563871879280       -6.2420108693372640        95.141388001811308     
   3606.2626421523692        9.8998608802339980       -6.6208838414932085        101.76227184330452     
   3676.8337316406673        9.8920631441016962       -7.0059880366867677        108.76825987999129     
   3751.6390864982636        9.8834624157102908       -7.4205984518798305        116.18885833187112     
   3830.9327626473155        9.8739749431240185       -7.8665869415040337        124.05544527337516     
   3898.1738000217115        9.8656668074335840       -8.2490546767819186        132.30449995015707     
   3965.4148373961075        9.8570999400946544       -8.6354019696955149        140.93990191985259     
   4032.6558747705035        9.8482785524370513       -9.0252549570230105        149.96515687687560     
   4103.9313743873636        9.8386471133389435       -9.4420136318720544        159.40717050874764     
   4179.4834039812349        9.8281287239785140       -9.8872474708837110        169.29441797963136     
   4259.5685553507383        9.8166397970108932       -10.362556107079628        179.65697408671099     
   4344.4588158024126        9.8040896578693655       -10.869559915967978        190.52653400267897     
   4429.3490762540869        9.7911772850339887       -11.379180134581086        201.90571413726005     
   4519.3327523328617        9.7770947552911132       -11.921696386544982        213.82741052380504     
   4609.3164284116365        9.7626284689661631       -12.465951509139986        226.29336203294503     
   4704.6991250551373        9.7468769561970952       -13.044168965046991        239.33753099799202     
   4805.8047834972485        9.7297281953260040       -13.657821626676617        252.99535262466864     
   4906.9104419393598        9.7121440123325797       -14.271524415660448        267.26687704032906     
   4987.7949686930488        9.6978065975711871       -14.762176167472010        282.02905320780110     
   5073.5325670519587        9.6823157774269148       -15.281524565478843        297.31057777327993     
   5164.4144213124036        9.6655784135786220       -15.830748630918956        313.14132640419888     
   5260.7491868284751        9.6474952028579715       -16.410970850153312        329.55229725435220     
   5362.8640382755111        9.6279606423714892       -17.023238536923341        346.57553579127551     
   5471.1057808093692        9.6068630671074366       -17.668505614898514        364.24404140617401     
   5562.8947784780803        9.5887037218984048       -18.212651475619563        382.45669288179357     
   5645.5048763799205        9.5721517914350649       -18.699681580121400        401.15637446191499     
   5733.0715801558708        9.5543830937352308       -19.212639180343480        420.36901364225849     
   5825.8922861583787        9.5353094510313170       -19.752394537914881        440.12140818017338     
   5924.2822345210370        9.5148376016942837       -20.319771388968118        460.44117956914147     
   6028.5755797854545        9.4928691840857411       -20.915539272660997        481.35671884180249     
   6139.1265257657369        9.4693007619571805       -21.540407215990307        502.89712605779278     
   6238.6223771479918        9.4478746386574368       -22.097226678238730        524.99435273603149     
   6344.0879796131812        9.4249377400541459       -22.681038802922057        547.67539153895359     
   6378.6469482289749        9.4173981468416947       -22.871647618360736        570.54703915731432     
   6415.2794549617156        9.4093802628015517       -23.072907379235392        593.61994653654972     
   6454.1099120984209        9.4008529737197115       -23.285352937977219        616.90529947452694     
   6487.0381397503470        9.3936019101473409       -23.464863759031143        640.37016323355806     
   6521.9420610613888        9.3858939197145617       -23.654419783836978        664.02458301739500     
   6558.9402176510930        9.3776995426190126       -23.854529489145481        687.87911250654054     
   6598.1582636361800        9.3689873677489555       -24.065721608386085        711.94483411492661     
   6639.7293923803718        9.3597239631208442       -24.288543406621194        736.23337752154782     
   6683.7947888492154        9.3498737448089670       -24.523560836897744        760.75693835844561     
   6730.5041091061894        9.3393988525976042       -24.771358193670832        785.52829655211644     
   6780.0159885785815        9.3282590219454917       -25.032537618757175        810.56083417087359     
   6832.4985808193178        9.3164114530294562       -25.307718405639886        835.86855257651348     
   6888.1301285944983        9.3038106780612679       -25.597536002422235        861.46608857893568     
   6947.0995692361894        9.2904084286907409       -25.902640548942902        887.36872912787862     
   7006.0690098778805        9.2769628576073124       -26.205647356484302        913.57437648436292     
   7068.5766169580729        9.2626643242951392       -26.524482912124174        940.09885939648711     
   7134.8346804630764        9.2474587877066821       -26.859811470594948        966.95867086708211     
   7205.0682277783808        9.2312890866481538       -27.212300025264859        994.17097089234699     
   7279.5157879326034        9.2140948590284353       -27.582611714978778        1021.7535826073257     
   7358.4302016960792        9.1958124876525513       -27.971398179230739        1049.7249807865564     
   7442.0794802853634        9.1763750752751072       -28.379291884842452        1078.1042726713988     
   7530.7477155900051        9.1557124473365583       -28.806899808540628        1106.9111724799395     
   7619.4159508946468        9.1349970509191323       -29.229733410705226        1136.1409058906447     
   7713.4042803175662        9.1129866605915613       -29.672563884192737        1165.8134697748374     
   7813.0319095058612        9.0896054968039106       -30.135929948204055        1195.9493997230413     
   7918.6371964454538        9.0647747402977465       -30.620335462723045        1226.5697351857643     
   8030.5788006014218        9.0384127093669466       -31.126237014399425        1257.6959722001639     
   8142.5204047573898        9.0120199613386944       -31.624602253636745        1289.3205744538006     
   8254.4620089133587        8.9856068809962295       -32.115463362963375        1321.4360378167639     
   8330.4031931727677        8.9676820645314717       -32.445020039063991        1353.8810578558280     
   8381.9216925743513        8.9555200007392095       -32.667009932749615        1386.5480677885776     
   8425.6093800668932        8.9452058153894534       -32.854122526015651        1419.4021903145931     
   8471.9183288089880        8.9342726023244534       -33.051189960327484        1452.4533802749206     
   8521.0058144756094        8.9226840486836991       -33.258656101943913        1485.7120363768645     
   8573.0385492822279        8.9104018379848604       -33.476974678440612        1519.1890110553052     
   8628.1932481772419        8.8973856575852430       -33.706607854417392        1552.8956189097225     
   8686.6572290059576        8.8835931145110845       -33.948025607034985        1586.8436445167574     
   8748.6290486843955        8.8689796746723282       -34.201704915865115        1621.0453494326225     
   8814.3191775435407        8.8534986080427416       -34.468128813073946        1655.5134782456964     
   8883.9507141342347        8.8371009424274050       -34.747785045271286        1690.2612632909677     
   8957.7601429203696        8.8197354300461939       -35.041163935173671        1725.3024272261414     
   9035.9981374336730        8.8013485332750712       -35.348754885489527        1760.6511821116310     
   9114.2361319469765        8.7829846475946631       -35.652996850429517        1796.3041789620604     
   9197.1684061310789        8.7635476293922530       -35.971774937201232        1832.2759538992616     
   9220.2130160998186        8.7581488904369635       -36.060068312994886        1868.3360222122565     
   9244.6403026666831        8.7524288518834492       -36.153338768924023        1904.4893609811804     
   9270.5332264275603        8.7463686499420454       -36.251846496247516        1940.7412074774279     
   9297.9797256140901        8.7399483504106215       -36.355862679410215        1977.0970701568381     
   9327.0730147518116        8.7331469001136242       -36.465669586659594        2013.5627397434976     
   9357.9119012377960        8.7259420727175083       -36.581560587162727        2050.1443003306604     
   9390.6011209129392        8.7183104135541871       -36.703840085707078        2086.8481404163676     
   9425.2516937685905        8.7102271837822141       -36.832823364648569        2123.6809637810161     
   9461.9813009955815        8.7016663042788540       -36.968836327791763        2160.6498001088080     
   9500.9146846561925        8.6926003115449006       -37.112215211877739        2197.7620153206858     
   9542.1840713364400        8.6830002680379010       -37.263306004729564        2235.0253213254155     
   9585.9296212175013        8.6728357413068569       -37.422464123985975        2272.4477854494016     
   9632.2999040914274        8.6620747404780687       -37.590053950224494        2310.0378393996261     
   9681.4524039377884        8.6506836652605834       -37.766448508294957        2347.8042879079212     
   9733.5540537749312        8.6386272568289719       -37.952029335498679        2385.7563172434197     
   9788.7818026023015        8.6258685506972235       -38.147186580337134        2423.9035038237571     
   9847.3232163593148        8.6123688318902722       -38.352319295284708        2462.2558231190419     
   9909.3771149417498        8.5980875933192245       -38.567835751187097        2500.8236588702289     
   9975.1542474391299        8.5829824994609893       -38.794153416311495        2539.6178122865404     
   10044.878007886353        8.5670093593187779       -39.031698048321026        2578.6495103348616     
   10118.785193960410        8.5501221150480013       -39.280901218204278        2617.9304115530658     
   10197.126811198910        8.5322728551108362       -39.542195610591513        2657.4726071636574     
   10280.168925471720        8.5134118625948911       -39.816007702669204        2697.2886148663265     
   10368.193566600899        8.4934877088856364       -40.102748057142861        2737.3913629234694     
   10456.218207730079        8.4736340071413530       -40.386023018944051        2777.7773859424133     
   10544.242848859258        8.4538527266811236       -40.665855738672100        2818.4432416810855     
   10637.548968456187        8.4329683011633207       -40.958630572935604        2859.4018722540213     
   10688.188065683833        8.4216589458017950       -41.116394702565302        2900.5182669565866     
   10741.865508745137        8.4096995930227365       -41.282357855705399        2941.8006248122920     
   10798.763598390120        8.3970553193854762       -41.456861339173557        2983.2574861514654     
   10859.075573413802        8.3836896968213015       -41.640251857148499        3024.8977380086139     
   10899.991217269868        8.3746398067268650       -41.763938570880107        3066.6616765794943     
   10943.361799757296        8.3650666131394651       -41.894236042098797        3108.5559126215931     
   10989.334617193972        8.3549414258466115       -42.031448476199614        3150.5873610977928     
   11038.065803676847        8.3442341565002582       -42.175888842752215        3192.7632499405449     
   11089.720861348695        8.3329133323604445       -42.327880321015513        3235.0911302615605     
   11144.475222480854        8.3209460501561026       -42.487756406845335        3277.5788866684056     
   11202.514845280943        8.3082979452906081       -42.655861168012002        3320.2347478364177     
   11264.036845449036        8.2949331660931875       -42.832549185718669        3363.0672970221362     
   11329.250165627216        8.2808143557792562       -43.018184895131540        3406.0854819172678     
   11398.376285016087        8.2659026460353608       -43.213140974544672        3449.2986228918126     
   11471.649971568289        8.2501576675058317       -43.417795429030988        3492.7164183208433     
   11549.320079313624        8.2335375835495732       -43.632527127516795        3536.3489454483602     
   11631.650393523680        8.2159991537083172       -43.857709872597859        3580.2066553209579     
   11676.332701651761        8.2065040311286808       -43.979209982225704        3624.1858653031836     
   11723.695948267527        8.1964655480764872       -44.107206740788726        3668.2930720439722     
   11773.900989680238        8.1858545162644791       -44.241997009803299        3712.5350690537753     
   11827.118333577713        8.1746404534005119       -44.383883495955857        3756.9189525497313     
   11883.528718109037        8.1627915698990421       -44.533173749397967        3801.4521262991293     
   11943.323725712240        8.1502747621760179       -44.690179436485820        3846.1423057356151     
   12006.706433771635        8.1370556116290871       -44.855216253426356        3890.9975219890416     
   12073.892104314593        8.1230983873096161       -45.028604867123079        3936.0261268561649     
   12145.108915090128        8.1083660496348706       -45.210673107555117        3981.2367999637199     
   12220.598734512196        8.0928202530958124       -45.401759233369404        4026.6385591970893     
   12300.617943099587        8.0764213486422278       -45.602215463417558        4072.2407746605068     
   12368.474231981696        8.0625725641581241       -45.770728558922265        4118.0115032194290     
   12440.401898196731        8.0479576352109596       -45.947738822909024        4163.9592420423378     
   12516.645224384669        8.0325387545009121       -46.133607165934727        4210.0928492082721     
   12597.463150143882        8.0162768207896971       -46.328702528926314        4256.4215517371986     
   12683.130151448648        7.9991315040710891       -46.533394753414655        4302.9549464906131     
   12773.937172831700        7.9810613586669268       -46.748044276954026        4349.7029907675669     
   12870.192615497735        7.9620239933000825       -46.972989694374924        4396.6759804619414     
   12972.223384723733        7.9419762973221992       -47.208535857777917        4443.8845163197193     
   13074.254153949731        7.9220611333504749       -47.441175120945850        4491.3256914406647     
   13182.406769329287        7.9011008456595970       -47.684490579913856        4539.0101820205782     
   13241.103356748081        7.8897695435778585       -47.815574025183707        4586.8257560457623     
   13299.799944166874        7.8784826410733970       -47.945688086394853        4634.7714441321568     
   13362.018326830796        7.8665685937790402       -48.082523602864292        4682.8539677350209     
   13427.969812454552        7.8539961530836742       -48.226359492810552        4731.0803272278317     
   13497.878387215733        7.8407329377029056       -48.377483592150384        4779.4578108199821     
   13571.981476462584        7.8267454791986975       -48.536198299182146        4827.9940091191638     
   13650.530751064247        7.8119992055138257       -48.702823105795474        4876.6968322249595     
   13733.792982142009        7.7964584453280095       -48.877696463587718        4925.5745286885476     
   13822.050947084439        7.7800864498021358       -49.061174567581809        4974.6357032561291     
   13915.604389923414        7.7628454495219525       -49.253625440233741        5023.8893286963630     
   14014.771039332727        7.7446967679610577       -49.455417430720566        5073.3447461270835     
   14119.887687706600        7.7256010105146089       -49.666902781732844        5123.0116489088159     
   14231.311334982904        7.7055183356469197       -49.888399431295433        5172.9000483401114     
   14349.420401095786        7.6844087847316445       -50.120178172466680        5223.0202265125781     
   14474.616011175442        7.6622325973258718       -50.362466569374170        5273.3826930819523     
   14607.323357859877        7.6389504004223330       -50.615478748632206        5323.9981718305844     
   14747.993145345379        7.6145231969157550       -50.879465045541430        5374.8776368761255     
   14897.103120080010        7.5889122143771219       -51.154754887933279        5426.0323917640590     
   15055.159693298720        7.5620788702008994       -51.441753200765959        5477.4741449648245     
   15213.216266517429        7.5355568926073246       -51.724201957214980        5529.1983469220395     
   15371.272839736139        7.5093433949378898       -52.002267148670747        5581.2006140707099     
   15538.812807347971        7.4819009717234728       -52.292140881720904        5633.4927549524309     
   15706.352774959803        7.4548007469238424       -52.577066657570761        5686.0698216100018     
   15883.945140628344        7.4264580398874127       -52.873394654080400        5738.9432162640824     
   16061.537506296885        7.3984980354560497       -53.163989083393894        5792.1072053474763     
   16110.885565789049        7.3907582472884767       -53.244294475293387        5845.3514998227702     
   16163.194508850742        7.3825872202611436       -53.328921666548439        5898.6804214893182     
   16218.641988496136        7.3739631438154571       -53.418072641144292        5952.0984941304623     
   16277.416316920255        7.3648633692783854       -53.511957741485340        6005.6104518719476     
   16339.717105049820        7.3552644155144815       -53.610798163159977        6059.2212500351079     
   16405.755940467159        7.3451419410352798       -53.714827452549045        6112.9360774876568     
   16475.757106009540        7.3344707535288780       -53.824295173285186        6166.7603726609423     
   16549.958341484460        7.3232247943746334       -53.939468594402506        6220.6998412553448     
   16628.611651087878        7.3113771361666604       -54.060633164946864        6274.7604744202918     
   16711.984159267500        7.2988999969932991       -54.188090137073779        6328.9485645573659     
   16800.359017937899        7.2857647856101204       -54.322150259961766        6383.2707148173276     
   16894.036368128523        7.2719421933914035       -54.463123138165059        6437.7338379554931     
   16993.334359330584        7.2574023463523991       -54.611303046413632        6492.3451410019070     
   17098.590230004767        7.2421150211950334       -54.766953716518337        6547.1120947184254     
   17210.161452919405        7.2260499107604890       -54.930296793911523        6602.0423915123365     
   17328.426949208919        7.2091768920342698       -55.101511622827807        6657.1439031351647     
   17446.692445498433        7.1924593960490482       -55.270731762835162        6712.4146348980003     
   17572.053871565317        7.1749130001912285       -55.447839153688435        6767.8624740516889     
   17704.936983196214        7.1565083615208946       -55.633090596995899        6823.4955646486851     
   17845.793081524967        7.1372158619544717       -55.826845671856717        6879.3224103205421     
   17995.100545753445        7.1170054528650466       -56.029557583976995        6935.3519679045194     
   18153.366457835629        7.0958469677706155       -56.241692954766535        6991.5936608592856     
   18311.632369917814        7.0749486744182608       -56.451201846058687        7048.0448627053447     
   18479.394236724929        7.0530849380281779       -56.670261066992680        7104.7151237723374     
   18657.221815540473        7.0302307339096455       -56.898824166668291        7161.6139479390058     
   18845.719049084950        7.0063644728758554       -57.136738313704022        7218.7506862527098     
   19034.216282629426        6.9828551204106457       -57.370252441899900        7276.1209386946093     
   19099.689062526551        6.9747323109442050       -57.450833361851288        7333.5717720564608     
   19169.090209217506        6.9661702187660719       -57.535666864544041        7391.1074389210044     
   19242.655424709916        6.9571481787790184       -57.624955191502977        7448.7323941125069     
   19320.634553131869        6.9476448422461043       -57.718922508661215        7506.4513166211682     
   19403.292429259141        6.9376381614452995       -57.817816913026036        7564.2691335341942     
   19490.909777954050        6.9271053633014468       -57.921912678762411        7622.1910462129563     
   19583.784167570651        6.9160229473418546       -58.031506890778772        7680.2225531037348     
   19682.231020564250        6.9043667317041377       -58.146908894793107        7738.3694619985281     
   19786.584684737463        6.8921119758140303       -58.268422042585243        7796.6378840411135     
   19897.199568761072        6.8792336018360150       -58.396319473856934        7855.0342035149706     
   20014.451345826095        6.8657065219260556       -58.530817873246562        7913.5650213882172     
   20138.738229515020        6.8515060554916092       -58.672054970203249        7972.2370763584204     
   20270.482326225283        6.8366083755023457       -58.820080955575492        8031.0571573139960     
   20410.131068738159        6.8209908481363728       -58.974879641652450        8090.0320369556484     
   20485.921234274749        6.8125662067683841       -59.058240355165374        8149.0902773108137     
   20566.258809743533        6.8036938026370688       -59.145843478006149        8208.2361207888207     
   20651.416639740444        6.7943539542413607       -59.237834348000469        8267.4739551368220     
   20741.683939537172        6.7845265790799480       -59.334377478103811        8326.8083326149263     
   20837.367277321700        6.7741911299502817       -59.435672967062473        8386.2440055819879     
   20938.791615373302        6.7633264886840756       -59.541971851611471        8445.7859774335993     
   21046.301413707999        6.7519108563992569       -59.653582136088723        8505.4395595696878     
   21160.261799942778        6.7399217099794466       -59.770857607852761        8565.2104171775409     
   21281.059809351646        6.7273359032557387       -59.894166650411499        8625.1045838279515     
   21409.105699325042        6.7141299694814869       -60.023845608355828        8685.1284294363068     
   21544.834342696842        6.7002806528698695       -60.160143969045819        8745.2885734053525     
   21688.706704670953        6.6857656872855840       -60.303165606977117        8805.5917390123304     
   21841.211408363510        6.6705647445197744       -60.452825259104991        8866.0445642714349     
   22002.866394277618        6.6546603003016731       -60.608854224496973        8926.6534184959310     
   22174.220679346574        6.6380380226999982       -60.770884862016878        8987.4243033579478     
   22355.856221519669        6.6206860430809433       -60.938657106941029        9048.3629604648886     
   22537.491763692764        6.6036010648651420       -61.102679340294792        9109.4656398051829     
   22600.581198219599        6.5976988927317972       -61.159214964364793        9170.6248547695486     
   22667.455998818044        6.5914785346837634       -61.218684459409459        9231.8435392289575     
   22738.343287452397        6.5849250432142696       -61.281249279367650        9293.1247885083249     
   22813.483813404811        6.5780228891220087       -61.347100712258488        9354.4718892205838     
   22893.132770914370        6.5707558995455830       -61.416463018930685        9415.8883522395136     
   22977.560665874502        6.5631071959529690       -61.489595152730793        9477.3779473922441     
   23067.054234532243        6.5550591534188296       -61.566786414663582        9538.9447338069076     
   23161.917417309447        6.5465934082214314       -61.648344375145385        9600.5930781820534     
   23262.472391053285        6.5376909400608962       -61.734575300410661        9662.3276534824636     
   23369.060663221753        6.5283322462198683       -61.825759568794716        9724.1534130512591     
   23482.044231720327        6.5184976377116426       -61.922112939505389        9786.0755259907637     
   23601.806814328818        6.5081675582982133       -62.023795171494200        9848.0993211622572     
   23728.755151893816        6.4973230129041752       -62.130869049470384        9910.2301902117269     
   23863.320389712717        6.4859459709116933       -62.243307303342021        9972.4734975150695     
   24005.959541800752        6.4740196595120985       -62.361016667655228        10034.834514182725     
   24157.157043014067        6.4615285442579049       -62.483903939630984        10097.318418122355     
   24317.426394300182        6.4484577198013895       -62.611998906603226        10159.930417028958     
   24477.695745586298        6.4355553824472764       -62.738117284405341        10222.668534313363     
   24647.581257949580        6.4220644631670716       -62.869992404441803        10285.538526717804     
   24827.659901054656        6.4079663496874666       -63.008225048447578        10348.546751766253     
   25018.543262746040        6.3932421506247694       -63.153314798630589        10411.700066564883     
   25218.543262746040        6.3780496785821130       -63.303697417258270        10475.003763982142     
   25418.543262746040        6.3630894987953965       -63.451989928954802        10538.455753911097     
   25618.543262746040        6.3483624957664180       -63.597541087505689        10602.053294998603     
   25818.543262746040        6.3338715318281720       -63.739776252587212        10665.793071251190     
   26018.543262746040        6.3196187070393028       -63.878495963687563        10729.671567214877     
   26218.543262746040        6.3056026877172684       -64.014026865501094        10793.685594080378     
   26418.543262746040        6.2918175874905167       -64.147108882061332        10857.832702962440     
   26578.543262746040        6.2809324736072760       -64.252483836659337        10922.085186799099     
   26748.143262746038        6.2695474716486856       -64.363527888575803        10986.448714687675     
   26927.919262746040        6.2576420574328644       -64.481007172416028        11050.929721860091     
   27118.481822746038        6.2451953509949281       -64.605483533188959        11115.535205393280     
   27318.481822746038        6.2323155722707639       -64.735780374447586        11180.270985767727     
   27518.481822746038        6.2196166692275066       -64.865061795106769        11245.136047562833     
   27718.481822746038        6.2071001817173581       -64.992522098435941        11310.128569661269     
   27918.481822746038        6.1947697619026751       -65.117482968394299        11375.246052629664     
   28118.481822746038        6.1826286440244989       -65.239623354673668        11440.485675984337     
   28246.481822746038        6.1749363417081788       -65.316636220783352        11505.802312205120     
   28382.161822746039        6.1668698178951331       -65.397099074994856        11571.199411280115     
   28525.982622746040        6.1584154379378067       -65.481392507185646        11636.680803787300     
   28678.432670746039        6.1495575441030415       -65.570112916951146        11702.250916704252     
   28840.029721626037        6.1402783226102482       -65.663963790534908        11767.914880494787     
   29011.322595558839        6.1305588105382736       -65.763538577747923        11833.678419072536     
   29192.893041927608        6.1203809177262398       -65.869098444381464        11899.547517516918     
   29385.357715078502        6.1097297611407386       -65.980458295021677        11965.527975811940     
   29585.357715078502        6.0988116709771720       -66.094732933479023        12031.622708745419     
   29745.357715078502        6.0901758645250919       -66.184729853544056        12097.807438598964     
   29905.357715078502        6.0816426673391701       -66.272812966377018        12164.080251565341     
   30074.957715078501        6.0727181001597952       -66.363579477796534        12230.443831043138     
   30254.733715078502        6.0633989612611430       -66.456650003977202        12296.900481047114     
   30445.296275078501        6.0536812443169863       -66.552125299675339        12363.452606346789     
   30635.858835078499        6.0441201329082972       -66.645388767721130        12430.097995114511     
   30826.421395078498        6.0347052016774301       -66.737800647871794        12496.835795762383     
   30928.821395078499        6.0296861606765910       -66.787433481378415        12563.623229243762     
   31037.365395078501        6.0244078927988793       -66.840321818756152        12630.463551062518     
   31152.422035078500        6.0188565217025580       -66.896877922126379        12697.360428984644     
   31274.382073478500        6.0130166337783875       -66.957596099929418        12764.318025084574     
   31403.659714182500        6.0068721385340318       -67.022866203134328        12831.340891287709     
   31540.694013328739        6.0004068690345669       -67.092928474286509        12898.433819761996     
   31685.950370423754        5.9936054593973500       -67.167820414057829        12965.601640176053     
   31839.922108944469        5.9864542645269623       -67.247355596520748        13032.848995772574     
   32003.132151776426        5.9789421611919789       -67.331140532123996        13100.180136304698     
   32176.134797178303        5.9710610349527071       -67.418635736243147        13167.598772040941     
   32359.517601304291        5.9628054695821717       -67.509306413469787        13235.108078454410     
   32553.903373677840        5.9541710661537071       -67.602880997696204        13302.710959452106     
   32753.903373677840        5.9454122155732865       -67.696879833728417        13370.407839285836     
   32953.903373677836        5.9367735244569992       -67.789572834214439        13438.197412120049     
   33153.903373677836        5.9282449969504629       -67.882107156166200        13506.079519276216     
   33353.903373677836        5.9198152721559207       -67.975256965146684        13574.054776241363     
   33553.903373677836        5.9114759287105318       -68.069096168892926        13642.123872410255     
   33753.903373677836        5.9032239861619304       -68.163047170095467        13710.286919580351     
   33953.903373677836        5.8950619587212101       -68.256178418355418        13778.543097998707     
   34153.903373677836        5.8869962180397009       -68.347535345188149        13846.890633343895     
   34353.903373677836        5.8790352401597019       -68.436302703168323        13915.326936047064     
   34553.903373677836        5.8711887978159272       -68.521772848516378        13983.848708895581     
   34733.903373677836        5.8642268187840356       -68.595672323318169        14052.444381218898     
   34924.703373677839        5.8569655962713822       -68.670571344425909        14121.114952563325     
   35124.703373677839        5.8494872552585440       -68.745769184453508        14189.860721747778     
   35324.703373677839        5.8421379258571040       -68.818750419368271        14258.679472167147     
   35524.703373677839        5.8349057466190191       -68.891134254403511        14327.570606421550     
   35724.703373677839        5.8277729773751483       -68.964596126187416        14396.535202547737     
   35827.103373677841        5.8241443982361556       -69.002699962142984        14465.537902509879     
   35935.647373677843        5.8203207915418247       -69.043889289339390        14534.581791799219     
   36050.704013677845        5.8162900391556125       -69.088518029218818        14603.670309828438     
   36172.664052077846        5.8120382032233557       -69.137036845433954        14672.807346673872     
   36301.941692781846        5.8075508647418390       -69.189778691035968        14741.997125364907     
   36438.975991928084        5.8028129244553837       -69.247016668819754        14811.244142033727     
   36584.232349023099        5.7978113784372889       -69.308627919949828        14880.552769953678     
   36738.204087543818        5.7925333863057560       -69.374484446314042        14949.927254399992     
   36901.414130375779        5.7869687809945303       -69.444187078150094        15019.371441478143     
   37074.416775777652        5.7811102484435839       -69.517173923263783        15088.888615401407     
   37257.799579903643        5.7749531419697657       -69.592859820443209        15158.481475221850     
   37452.185352277193        5.7684941044274884       -69.670863594230028        15228.152338816080     
   37652.185352277193        5.7619243939637688       -69.749004024640072        15297.901342840720     
   37780.185352277193        5.7577510427337142       -69.798316795787429        15367.699659636508     
   37915.865352277193        5.7533610376041890       -69.850160328134962        15437.549819964643     
   38059.686152277194        5.7487416978078061       -69.905209185625850        15507.455029150269     
   38212.136200277193        5.7438769752664243       -69.964336038489023        15577.419365188758     
   38373.733251157195        5.7387483845367875       -70.028326310894201        15647.447691499652     
   38545.026125089993        5.7333376961338001       -70.097510881421456        15717.545202381074     
   38726.596571458758        5.7276304190571601       -70.171537258133128        15787.716739639207     
   38919.061244609649        5.7216184891309023       -70.249421203298439        15857.966160842505     
   39119.061244609649        5.7154239312188828       -70.328324105284892        15928.294484947790     
   39319.061244609649        5.7092953136142075       -70.404231631274129        15998.698716579063     
   39519.061244609649        5.7032446958204330       -70.476629702907104        16069.175346281971     
   39719.061244609649        5.6972829584918667       -70.545195267596014        16139.720541549566     
   39919.061244609649        5.6914188624211679       -70.609878243578407        16210.330419793145     
   40119.061244609649        5.6856571329916550       -70.671076519747160        16281.001496312892     
   40319.061244609649        5.6799978114018570       -70.729528101060552        16351.731024413953     
   40519.061244609649        5.6744373264223684       -70.786041609152960        16422.517066023105     
   40719.061244609649        5.6689677996503995       -70.841660973275708        16493.358726996379     
   40919.061244609649        5.6635756665597246       -70.897804637696794        16564.256531634077     
   41119.061244609649        5.6582429512498509       -70.955925608107520        16635.212457242185     
   41319.061244609649        5.6529483023884755       -71.017330836946456        16706.229788079130     
   41519.061244609649        5.6476753766708701       -71.082427095997602        16777.312215175127     
   41719.061244609649        5.6424125102614289       -71.151010940352094        16848.463226115480     
   41919.061244609649        5.6371505677814540       -71.222652552245421        16919.685878667726     
   42119.061244609649        5.6318890501480654       -71.296220707813703        16990.982099375538     
   42319.061244609649        5.6266341136820648       -71.370304572596808        17062.352403948134     
   42519.061244609649        5.6213966949532264       -71.443511838879999        17133.795915787014     
   42719.061244609649        5.6161900685405080       -71.514699698950139        17205.310615485963     
   42919.061244609649        5.6110270245439864       -71.583177492751133        17276.893792978713     
   43119.061244609649        5.6059142962697877       -71.649128739309035        17348.542921718021     
   43319.061244609649        5.6008586968494418       -71.712801237478288        17420.255722955499     
   43519.061244609649        5.5958540285561442       -71.775587285648513        17492.031310241146     
   43600.981244609648        5.5938121291769356       -71.801254812024226        17563.832565053170     
   43682.901244609646        5.5917771226430260       -71.827025024663229        17635.659590077834     
   43769.736444609647        5.5896267980270000       -71.854587860294842        17707.514177938130     
   43861.781756609649        5.5873531905862226       -71.884281808199859        17779.398459746331     
   43959.349787329651        5.5849476896176196       -71.916435043891241        17851.314894790223     
   44062.771899892854        5.5823998180238785       -71.951443184031206        17923.266337974255     
   44172.399339209849        5.5796988368992890       -71.989578227752247        17995.255916202008     
   44288.604424885860        5.5768331425822524       -72.031046010392828        18067.286962212402     
   44411.781815702430        5.5737929807798530       -72.075739057661522        18139.362701270064     
   44542.349849967999        5.5705694530823777       -72.123383738006581        18211.486085008069     
   44680.751966289499        5.5671570355206370       -72.173373449450537        18283.659458457521     
   44827.458209590288        5.5635511433505060       -72.225109283745255        18355.884567741268     
   44982.966827489123        5.5597508572245840       -72.277846067131890        18428.162413808401     
   45147.805962461891        5.5557575301772033       -72.330915874432662        18500.493329682835     
   45322.535445533023        5.5515737769049798       -72.383846211110580        18572.877175893944     
   45507.748697588424        5.5472023993806605       -72.436411645732392        18645.313587539677     
   45704.074744767153        5.5426463777194943       -72.488492449851591        18717.802079989528     
   45904.074744767153        5.5380915309101830       -72.537904332277520        18790.339984321807     
   46104.074744767153        5.5336271806035882       -72.583935863826724        18862.923920185633     
   46304.074744767153        5.5292528586813861       -72.627338465909688        18935.551258651543     
   46504.074744767153        5.5249594242575899       -72.669530015488277        19008.220788667033     
   46704.074744767153        5.5207412263146756       -72.711284988968231        19080.932073656000     
   46904.074744767153        5.5165802378035247       -72.754296645754991        19153.686370301755     
   47104.074744767153        5.5124550259273137       -72.800289259423948        19226.486659561178     
   47304.074744767153        5.5083418162325906       -72.850673646243195        19299.337333207422     
   47504.074744767153        5.5042155823091132       -72.906445407941206        19372.243778615364     
   47606.474744767154        5.5020987798794962       -72.936294767456147        19445.180073382820     
   47715.018744767156        5.4998453848827840       -72.969569580549447        19518.149642963370     
   47830.075384767159        5.4974442348862880       -73.006513911102402        19591.156156874473     
   47952.035423167159        5.4948830723370534       -73.047334855573965        19664.203491730048     
   48081.313063871159        5.4921497086325122       -73.092097478857596        19737.295589208905     
   48218.347363017398        5.4892327494026132       -73.140679245910320        19810.436268454814     
   48363.603720112413        5.4861223903836898       -73.192747621831913        19883.629016076648     
   48517.575458633131        5.4828111108170541       -73.247775891186393        19956.876791967836     
   48680.785501465092        5.4792941060226950       -73.305096908670052        20030.181888876505     
   48853.788146866966        5.4755693791769717       -73.363980608608500        20103.545869485115     
   49037.170950992957        5.4716374982129476       -73.423717068458515        20176.969586553572     
   49231.556723366506        5.4675010703477325       -73.483692323185210        20250.453278876757     
   49431.556723366506        5.4632895761905873       -73.541828434677427        20323.995107311435     
   49631.556723366506        5.4591291583091897       -73.596802485324403        20397.591909796760     
   49831.556723366506        5.4550237906721648       -73.649261319623335        20471.241171116384     
   50031.556723366506        5.4509622194002789       -73.700872978867551        20544.942044095253     
   50231.556723366506        5.4469367872028114       -73.752726099510241        20618.694770194761     
   50297.092723366506        5.4456221544276584       -73.769715654577297        20692.464485849338     
   50366.560883366503        5.4442316766881316       -73.787891871110531        20766.252377720448     
   50440.197132966503        5.4427607443971322       -73.807394404008818        20840.059772124456     
   50518.251557542506        5.4412038362786284       -73.828427836010377        20913.888199960467     
   50600.989247593068        5.4395546693125274       -73.851243354441380        20987.739443314909     
   50688.691199046661        5.4378060827166541       -73.876131526901972        21061.615574841810     
   50781.655267587470        5.4359500437183321       -73.903389849201417        21135.518964691011     
   50880.197180240728        5.4339779283202283       -73.933250098502086        21209.452214789515     
   50984.651607653184        5.4318810983781898       -73.965794830988116        21283.418009620502     
   51095.373300710387        5.4296515432832688       -74.000923681035488        21357.418933301538     
   51212.738295351017        5.4272823139105082       -74.038387760349039        21431.457321061887     
   51337.145189670089        5.4247677080698349       -74.077848340977582        21505.535169402865     
   51469.016497648307        5.4221033893667947       -74.118908501170424        21579.654077904037     
   51608.800084105213        5.4192866047559374       -74.161110477129299        21653.815188381166     
   51756.970685749533        5.4163182803057746       -74.203807878595512        21728.018996259761     
   51914.031523492515        5.4131979561078358       -74.246587883991651        21802.265584143752     
   52080.516011500076        5.4099280332830730       -74.289004250534703        21876.554588394287     
   52256.989568788093        5.4065116157028701       -74.330766812366903        21950.885355206654     
   52444.051539513384        5.4029519662382928       -74.371738074703885        22025.257093281358     
   52642.337228482196        5.3992534785888182       -74.411706405066369        22099.668799686424     
   52842.337228482196        5.3956002309420450       -74.448875322126881        22174.117675008551     
   53042.337228482196        5.3920322388169746       -74.482983666355750        22248.600658674906     
   53242.337228482196        5.3885415796765255       -74.515398669900122        22323.116057344807     
   53442.337228482196        5.3851140889533564       -74.547726457786595        22397.663783802593     
   53642.337228482196        5.3817401205852011       -74.580817066248969        22472.244600868842     
   53842.337228482196        5.3784124143034049       -74.614871604502653        22546.859472473345     
   54042.337228482196        5.3751162398542913       -74.650679040510582        22621.510151513856     
   54242.337228482196        5.3718316474904988       -74.689644215966823        22696.199795729823     
   54442.337228482196        5.3685456945668779       -74.732576062650494        22770.932371792474     
   54642.337228482196        5.3652302157820424       -74.780926996558705        22845.713298789033     
   54842.337228482196        5.3618706948146464       -74.834742537081581        22920.548041326114     
   55042.337228482196        5.3584552123912390       -74.893601457788535        22995.441642783902     
   55242.337228482196        5.3549829203766652       -74.956275882348734        23070.397918666251     
   55442.337228482196        5.3514535461904682       -75.021523086636648        23145.419441752889     
   55642.337228482196        5.3478780736520442       -75.087519671564962        23220.506961424453     
   55842.337228482196        5.3442734596480630       -75.152428349462454        23295.659389773915     
   56042.337228482196        5.3406595837522763       -75.214724117001751        23370.874113890917     
   56242.337228482196        5.3370513414857985       -75.273742680540451        23446.147856571457     
   56442.337228482196        5.3334678926744186       -75.328935801491610        23521.476792372949     
   56642.337228482196        5.3299208671679104       -75.380392430421765        23596.857184803372     
   56842.337228482196        5.3264184058786848       -75.428392858342747        23672.285577661714     
   57042.337228482196        5.3229650880322694       -75.473414571317520        23747.758992233033     
   57242.337228482196        5.3195662070650194       -75.515840837775016        23823.274833070809     
   57442.337228482196        5.3162152849334099       -75.556748491139487        23898.831581561950     
   57642.337228482196        5.3129009095221464       -75.597443145545569        23974.429024707497     
   57842.337228482196        5.3096155835418433       -75.638857887378393        24050.067882594874     
   58002.337228482196        5.3070016272472973       -75.672947160831797        24125.740829755705     
   58171.937228482195        5.3042303949130432       -75.711561213478078        24201.452390969182     
   58351.713228482193        5.3012738609953240       -75.756558303628140        24277.208949272808     
   58542.275788482191        5.2981022005272758       -75.808942802631066        24353.017892075441     
   58742.275788482191        5.2947291744358616       -75.867198528652111        24428.885090604093     
   58942.275788482191        5.2913257217983096       -75.925772001476162        24504.810862605569     
   59142.275788482191        5.2879158626164378       -75.981872895778807        24580.792735501349     
   59342.275788482191        5.2845255902292925       -76.033670578326422        24656.826406079676     
   59542.275788482191        5.2811767560283940       -76.080471470653109        24732.906877550329     
   59742.275788482191        5.2778842658547394       -76.122480749956324        24809.029358300286     
   59942.275788482191        5.2746560168650900       -76.160419121685990        24885.189777421972     
   60142.275788482191        5.2714943557127025       -76.195181683602456        24961.384959105573     
   60342.275788482191        5.2683980293358452       -76.227606638720715        25037.612565744294     
   60542.275788482191        5.2653653905540896       -76.258142044645737        25113.870707788938     
   60742.275788482191        5.2623916285308061       -76.287118716296888        25190.157826505234     
   60942.275788482191        5.2594889517354835       -76.313612619244040        25266.471439124478     
   61142.275788482191        5.2566539021608438       -76.338193829066824        25342.809632953544     
   61342.275788482191        5.2538727734151758       -76.362685967376521        25419.172318920919     
   61542.275788482191        5.2511323608641467       -76.388769936150339        25495.561088857070     
   61742.275788482191        5.2484134052024469       -76.417751825215987        25571.978840682284     
   61942.275788482191        5.2457050063133357       -76.449749270172575        25648.428589952458     
   62142.275788482191        5.2429836323669949       -76.486122840099839        25724.914712792557     
   62342.275788482191        5.2402232135517730       -76.528638363825664        25801.443351156384     
   62542.275788482191        5.2373902342404053       -76.579009746144408        25878.022360902527     
   62742.275788482191        5.2344656240621896       -76.637235151413037        25954.659596053942     
   62942.275788482191        5.2314366988141749       -76.702288336008337        26031.361884389949     
   63142.275788482191        5.2283073251397338       -76.772069726431027        26108.133954116380     
   63342.275788482191        5.2250834776789876       -76.844449503028059        26184.978403619407     
   63542.275788482191        5.2217850847850551       -76.916848970221821        26261.895252589627     
   63742.275788482191        5.2184381204707755       -76.986928113333292        26338.882180702960     
   63942.275788482191        5.2150703095415754       -77.052930480768921        26415.935111183728     
   64142.275788482191        5.2117017278067079       -77.114186052145385        26493.049297235873     
   64342.275788482191        5.2083568217843075       -77.170244775549079        26570.219542011422     
   64542.275788482191        5.2050503503547034       -77.221329681502837        26647.440871692925     
   64742.275788482191        5.2017927522031524       -77.267847539620092        26724.708719232545     
   64942.275788482191        5.1985911506149494       -77.310263991672187        26802.018983224218     
   65142.275788482191        5.1954500751821548       -77.349061696667889        26879.368044920884     
   65342.275788482191        5.1923716721680764       -77.384769054500978        26956.752813975385     
   65542.275788482191        5.1893542179309531       -77.418207768988879        27034.171021744372     
   65742.275788482191        5.1863966457474246       -77.450193444522426        27111.621215188894     
   65942.275788482191        5.1834835861556758       -77.482232777217135        27189.103447966110     
   66142.275788482191        5.1805950436452157       -77.515919336935681        27266.619367303047     
   66342.275788482191        5.1777180050935856       -77.552261955646671        27344.171629258693     
   66542.275788482191        5.1748319569364032       -77.592550284018174        27421.764179542712     
   66742.275788482191        5.1719157963873919       -77.638308635419492        27499.402488178130     
   66942.275788482191        5.1689409887285098       -77.690531948473577        27577.093020126602     
   67044.675788482185        5.1674000101536190       -77.718917164212172        27654.811937290815     
   67153.219788482180        5.1657437366027033       -77.750612303258990        27732.562549594073     
   67226.856038082173        5.1646113015124673       -77.772613761410469        27810.335163355485     
   67304.910462658168        5.1633999668011148       -77.796326595052122        27888.131489950538     
   67387.648152708731        5.1621062345670534       -77.821486001302816        27965.952975951841     
   67475.350104162324        5.1607270118859123       -77.847733024144787        28043.800708975985     
   67568.314172703132        5.1592603234679864       -77.874654270446911        28121.675363246432     
   67666.856085356383        5.1577050959282618       -77.901867516084906        28199.577230762516     
   67771.310512768832        5.1560608451111030       -77.929068180006126        28277.506298942521     
   67882.032205826035        5.1543274955485767       -77.956018250539131        28355.462317193058     
   67999.397200466672        5.1525054294534485       -77.982501680296437        28433.444818873355     
   68123.804094785737        5.1505956737707175       -78.008288888306936        28511.453107761663     
   68255.675402763954        5.1486000166035764       -78.033141729831499        28589.486249491496     
   68395.458989220861        5.1465208580383051       -78.056862863527826        28667.543112355022     
   68543.629590865181        5.1443607248433736       -78.079367633618091        28745.622479988640     
   68700.690428608155        5.1421215447217108       -78.100744293394655        28823.723224282036     
   68867.174916615710        5.1398039031018250       -78.121273232551260        28901.844497514587     
   69043.648473903726        5.1374103987065691       -78.141244500467351        28979.985742015055     
   69230.710444629018        5.1349338079241544       -78.161435228799263        29058.147177243853     
   69428.996133597830        5.1323703057585082       -78.182142768320276        29136.329320012173     
   69628.996133597830        5.1298390405719108       -78.202451077581685        29214.531771089754     
   69828.996133597830        5.1273681301300194       -78.221477450367075        29292.753248540121     
   69956.996133597830        5.1258160343412147       -78.232754742838466        29370.986003282960     
   70092.676133597823        5.1241987366555337       -78.243963437422039        29449.229966720381     
   70236.496933597824        5.1225156462351880       -78.255531369816310        29527.485498090198     
   70388.946981597823        5.1207579389312974       -78.268727271287943        29605.754225361485     
   70550.544032477817        5.1189102554358854       -78.285107815268191        29684.039333176752     
   70721.836906410623        5.1169535474437717       -78.305885741574016        29762.345218918326     
   70903.407352779395        5.1148689373244842       -78.331589258363934        29840.676808176690     
   71095.872025930294        5.1126453330347212       -78.361914822042280        29919.038722998732     
   71295.872025930294        5.1102989190514414       -78.398091501401339        29997.436814500132     
   71495.872025930294        5.1078884033692180       -78.441331169985261        30075.878145670118     
   71695.872025930294        5.1053753714024026       -78.493769274573083        30154.371914944692     
   71895.872025930294        5.1027402178700934       -78.555191451549618        30232.927106396241     
   72095.872025930294        5.0999733358156343       -78.623880414978700        30311.550986811220     
   72223.872025930294        5.0981522987471974       -78.669997641487598        30390.220984452710     
   72359.552025930287        5.0961629262759249       -78.720639522423014        30468.941623975134     
   72503.372825930288        5.0940005578656296       -78.774926816166342        30547.716550791301     
   72655.822873930287        5.0916533913753073       -78.832231139366641        30626.548781930669     
   72817.419924810281        5.0891220888816449       -78.891308570852274        30705.440090501521     
   72988.712798743087        5.0864095694358209       -78.950848277998773        30784.390938779521     
   73170.283245111859        5.0835235728023855       -79.009503691847740        30863.400442471368     
   73362.747918262758        5.0804756481020723       -79.066082754359769        30942.466525225729     
   73562.747918262758        5.0773416311317980       -79.118744237880335        31021.585269463609     
   73762.747918262758        5.0742567730745929       -79.165567848392868        31100.750837312000     
   73962.747918262758        5.0712320271089588       -79.207078274982578        31179.957915586983     
   74162.747918262758        5.0682743942354378       -79.243898998347220        31259.201814585329     
   74362.747918262758        5.0653877477238165       -79.276676681963025        31338.478491267291     
   74562.747918262758        5.0625735435092700       -79.306040148117361        31417.784531415407     
   74762.747918262758        5.0598313765992682       -79.332582596318474        31497.117114011726     
   74962.747918262758        5.0571592329911361       -79.356881357219578        31576.473995368946     
   75162.747918262758        5.0545518615268055       -79.379777471679631        31655.853772840626     
   75362.747918262758        5.0520066421332830       -79.401979895628756        31735.255752736255     
   75562.747918262758        5.0495073269700654       -79.424673127052060        31814.680425863306     
   75762.747918262758        5.0470386963047433       -79.449130360169306        31894.129556223474     
   75962.747918262758        5.0445743200711215       -79.477191859882382        31973.606748083355     
   76162.747918262758        5.0420947759837924       -79.510238838600159        32053.116986921956     
   76244.667918262756        5.0410770816473125       -79.524624923189663        32132.641611845145     
   76331.503118262757        5.0399900310802970       -79.541150784740452        32212.182762629887     
   76423.548430262759        5.0388259484439084       -79.560356022526065        32291.743118652412     
   76521.116460982754        5.0375737544936676       -79.582999861133501        32371.326118513545     
   76624.538573545957        5.0362201179851649       -79.609827415407040        32450.935945928952     
   76734.166012862945        5.0347515734331862       -79.641117176943567        32530.577063105895     
   76850.371098538963        5.0331573237437954       -79.676436159291143        32610.253499265185     
   76973.548489355540        5.0314307941977461       -79.714824869781339        32689.968324134967     
   77104.116523621109        5.0295697942298796       -79.755101080385316        32769.723425215350     
   77174.978407177710        5.0285538543678721       -79.776577687660961        32849.500002903013     
   77250.092003747719        5.0274704081876838       -79.798789002788808        32929.298791905800     
   77329.712416111928        5.0263183197990084       -79.821445383083585        33009.120237288880     
   77414.110053217984        5.0250964392876245       -79.844258949983811        33088.964496238863     
   77503.571548550404        5.0238040842292424       -79.866987891820756        33168.831484130686     
   77598.400733602772        5.0224406707812506       -79.889493231069125        33248.720977361758     
   77698.919669758281        5.0210054565936417       -79.911728530627016        33328.632705892385     
   77805.469742083122        5.0194976301309726       -79.933664394790782        33408.566370287175     
   77918.412818747456        5.0179167557965787       -79.955197006024832        33488.521567293203     
   78038.132480011642        5.0162633505005889       -79.976098599815217        33568.497665893017     
   78165.035320951676        5.0145392650398009       -79.996041651726415        33648.493707544745     
   78299.552332348117        5.0127476090547667       -80.014690191063409        33728.508397735808     
   78442.140364428342        5.0108921431616809       -80.031821475710998        33808.540219211522     
   78593.283678433378        5.0089762805489322       -80.047429549016812        33888.587648760542     
   78753.495591278726        5.0070020054949422       -80.061770382201132        33968.649419142741     
   78923.320218894791        5.0049690622514325       -80.075331705252026        34048.724750847992     
   79103.334324167823        5.0028746731258051       -80.088739775439677        34128.813490623434     
   79294.149275757241        5.0007186606119660       -80.102514386298893        34208.916005009734     
   79494.149275757241        4.9985139897893491       -80.117258386862659        34289.033263396595     
   79694.149275757241        4.9963515263016633       -80.132601421981278        34369.165864818577     
   79894.149275757241        4.9942353020883399       -80.147757658363389        34449.313622476941     
   80094.149275757241        4.9921696532480011       -80.161768465309393        34529.475390942251     
   80294.149275757241        4.9901711837994940       -80.173079642157404        34609.648470584405     
   80494.149275757241        4.9882326745487653       -80.183141297512563        34689.831611881920     
   80694.149275757241        4.9863253670015357       -80.195651916213563        34770.027263798132     
   80894.149275757241        4.9844214934299611       -80.213444493942873        34850.240708292076     
   81094.149275757241        4.9824919308811246       -80.237625219374976        34930.478333511448     
   81294.149275757241        4.9805265478203795       -80.267141391794937        35010.745474903240     
   81494.149275757241        4.9785112050060043       -80.301280463002868        35091.046755366246     
   81694.149275757241        4.9764149296667037       -80.342607964132199        35171.389363330381     
   81894.149275757241        4.9742077309528270       -80.394192117052000        35251.783555447437     
   82094.149275757241        4.9718339219630412       -80.458664456378202        35332.242219903812     
   82196.549275757236        4.9705739731880598       -80.494993062363690        35412.737212966174     
   82305.093275757230        4.9691787459887804       -80.537233945451334        35493.274446911622     
   82420.149915757225        4.9676322711383678       -80.585496843371388        35573.859943754993     
   82542.109954157218        4.9659189612966426       -80.639448724811785        35654.499392479804     
   82671.387594861211        4.9640270582986226       -80.698200358538770        35735.197592838340     
   82808.421894007450        4.9619502546834218       -80.760362864288211        35815.957955702630     
   82953.678251102465        4.9596884607068548       -80.824229216098928        35896.782184918731     
   83107.649989623184        4.9572475238153233       -80.888021543555908        35977.670206462288     
   83270.860032455137        4.9546381092634331       -80.950119651109020        36058.620326113400     
   83443.862677857018        4.9518741577095629       -81.009215109120206        36139.629541222523     
   83627.245481983002        4.9489713142774603       -81.064379105024742        36220.693920327547     
   83821.631254356544        4.9459455831250558       -81.115061623434698        36301.808981950984     
   84021.631254356544        4.9429021039648298       -81.159879880040265        36382.968861831025     
   84221.631254356544        4.9399377238935660       -81.198357548342457        36464.167219379364     
   84421.631254356544        4.9370574071047528       -81.231451777122885        36545.398671156487     
   84621.631254356544        4.9342630156231611       -81.260037054647114        36626.658708211136     
   84821.631254356544        4.9315542213902601       -81.284891028441351        36707.943599239581     
   85021.631254356544        4.9289291616788482       -81.306696194226944        36789.250295433805     
   85221.631254356544        4.9263848968915251       -81.326049235641690        36870.576344669447     
   85421.631254356544        4.9239177162111805       -81.343474119973465        36951.919818789422     
   85621.631254356544        4.9215233233218800       -81.359437204174526        37033.279255993599     
   85821.631254356544        4.9191956153308194       -81.374562100374831        37114.653818093975     
   86021.631254356544        4.9169222254555152       -81.390205281661764        37196.044023375638     
   86221.631254356544        4.9146908835142842       -81.407786781581677        37277.451810157218     
   86421.631254356544        4.9124738384009810       -81.429019061935904        37358.880829219153     
