 #              _____________________  _______________________             #
 #              ___  __ \__  __ \_  / / /_  /___  ____/_  ___/             #
 #              __  / / /_  /_/ /  / / /_  __/_  __/  _____ \              #
 #              _  /_/ /_  _, _// /_/ / / /_ _  /___  ____/ /              #
 #              /_____/ /_/ |_| \____/  \__/ /_____/  /____/               #
 #                                                                         #
  
 #        time                      T            heat flux [W.L-2]   in    x              directions   cumulative flux
 #-----------------------------------------------------------------------------------------------

   0.0000000000000000        10.000000000000000       -0.0000000000000000        0.0000000000000000     
   1.0000000000000000        9.4274556195231192       -176.56559877024213        176.56559877024213     
   1.9540000000000002        8.9268228575785731       -326.21858678896587        502.78418555920803     
   2.8641160000000001        8.4866162678494277       -453.71419706435529        956.49838262356332     
   3.8288389600000006        8.0564561600989109       -574.01002658813536        1530.5084092116986     
   4.8514452976000007        7.6372509786700205       -686.74125638408759        2217.2496655957862     
   5.9354080154560007        7.2297753673621896       -791.61925239327184        3008.8689179890580     
   7.0844084963833609        6.8346566279220111       -888.43734976985286        3897.3062677589110     
   8.3023490061663630        6.4523644068963950       -977.07484324310008        4874.3811110020106     
   9.5933659465363448        6.0832041517021880       -1057.4989375572127        5931.8800485592237     
   10.961843903328527        5.7273147559138806       -1129.7644800332050        7061.6445285924292     
   12.412430537528239        5.3846706560514592       -1194.0113830824525        8255.6559116748813     
   13.950052369779934        5.0550884533380165       -1250.4597446559396        9506.1156563308214     
   15.579931511966731        4.7382379232733456       -1299.4027839860960        10805.518440316917     
   17.307603402684734        4.4336570559762167       -1341.1978218198244        12146.716262136741     
   19.138935606845820        4.1407705562119057       -1376.2556406950616        13522.971902831803     
   21.080147743256571        3.8589110404451539       -1405.0286531292143        14928.000555961018     
   23.137832607851966        3.5873420157200790       -1427.9983755297092        16355.998931490727     
   25.318978564323086        3.3252816264549843       -1445.6627460075506        17801.661677498276     
   27.630993278182473        3.0719261215088207       -1458.5238299571190        19260.185507455393     
   30.081728874873424        2.8264720309902649       -1467.0764260429876        20727.261933498379     
   32.679508607365833        2.5881361495929305       -1471.7980183520322        22199.059951850410     
   35.433155123807786        2.3561725930797670       -1473.1404228059414        23672.200374656350     
   38.352020431236255        2.1298864125782959       -1471.5233557033346        25143.723730359685     
   41.446017657110431        1.9086434979119160       -1467.3300202463611        26611.053750606046     
   44.725654716537058        1.6918767534157566       -1460.9046752350794        28071.958425841127     
   48.202069999529286        1.4790887642533619       -1452.5520308045657        29524.510456645694     
   51.887070199501046        1.2698513673284211       -1442.5382195274490        30967.048676173144     
   55.793170411471110        1.0638026827699221       -1431.0930248528773        32398.141701026023     
   59.933636636159378       0.86064224100126863       -1418.4130163036677        33816.554717329687     
   64.322530834328944       0.66012485580740066       -1404.6652415596900        35221.219958889378     
   68.974758684388689       0.46205385230276663       -1389.9911551582718        36611.211114047648     
   73.906120205452012       0.26627417294902822       -1374.5105147807938        37985.721628828440     
   79.133363417779137        7.2665771042846883E-002  -1358.3250401071100        39344.046668935553     
   84.674241222845893      -0.11886242346586373       -1361.5548419964964        40705.601510932051     
   90.547571696216650      -0.30837780089735345       -1355.4365899729767        42061.038100905025     
   96.773301997989648      -0.49592857005393887       -1366.2023226918425        43427.240423596864     
   99.476364677492242      -0.49427863073903178       -1351.6250577239759        44778.865481320841     
   101.76856182971045      -0.49247888261805406       -1339.2670062852440        46118.132487606083     
   104.19829081106174      -0.49310145392502147       -1326.7684135389563        47444.900901145040     
   106.25870098724764      -0.56127203116540336       -1331.2475840040879        48776.148485149126     
   108.44273577400469      -0.56157749712056471       -1320.2616540415906        50096.410139190717     
   110.75781264796716      -0.56264107308610511       -1308.8286944700590        51405.238833660776     
   113.21179413436738      -0.55439118169321189       -1298.5491673541908        52703.788001014967     
   115.81301450995161      -0.55609463690708583       -1286.2026281605260        53989.990629175496     
   118.57030810807090      -0.54860711794748529       -1275.4901239274536        55265.480753102951     
   121.49303932207735      -0.54022270296598141       -1264.1487290772020        56529.629482180157     
   124.59113440892419      -0.54383788285381041       -1250.5704791416767        57780.199961321836     
   127.87511520098184      -0.53763324168685767       -1239.2202490630716        59019.420210384909     
   131.35613484056293      -0.53127365332982435       -1227.4703366668609        60246.890547051771     
   135.04601565851891      -0.52482696294874898       -1215.3689842722622        61462.259531324031     
   138.95728932555224      -0.51839724819234356       -1202.9771289549772        62665.236660279006     
   143.10323941260756      -0.51214266292974742       -1190.3699527942144        63855.606613073222     
   147.49794650488622      -0.50630059885726952       -1177.6368145949918        65033.243427668211     
   152.15633602270159      -0.50121954776492283       -1164.8767191064562        66198.120146774672     
   157.09422891158587      -0.49739003230916123       -1152.1842374692253        67350.304384243893     
   162.32839537380323      -0.49545188682186547       -1139.6198650761646        68489.924249320058     
   167.87661182375362      -0.49613930368445969       -1127.1651675779051        69617.089416897958     
   173.75772126070103      -0.50015139899092143       -1114.6810628218016        70731.770479719766     
   179.99169726386529      -0.50805452571297127       -1101.9009355810263        71833.671415300792     
   186.59971182721941      -0.52046215527659445       -1088.4722653749386        72922.143680675727     
   193.60420726437476      -0.53856348192982528       -1074.0774065046710        73996.221087180398     
   201.02897242775944      -0.56490372312065862       -1058.7300204504741        75054.951107630870     
   208.89922350094722      -0.60450363843630150       -1043.3643813756946        76098.315489006563     
   217.24168963852625      -0.66658871416726639       -1030.6928038685408        77129.008292875107     
   226.08470374436004      -0.76690808111485009       -1025.8854419246820        78154.893734799785     
   235.45829869654384      -0.92957122910921841       -1036.1857220121367        79191.079456811916     
   245.39430934585866       -1.1796440941869122       -1067.1584908932448        80258.237947705158     
   255.92648063413239       -1.5133647840612743       -1113.3773692504669        81371.615316955620     
   258.85308287493723       -1.5118730696382834       -1111.2396467338424        82482.854963689460     
   261.77968511574204       -1.5127070181425508       -1109.8411664647897        83592.696130154247     
   264.26144381594452       -1.5107631996838835       -1107.7088197674236        84700.404949921664     
   266.89210803815917       -1.5120131670945991       -1106.5474177326300        85806.952367654289     
   269.12291129859716       -1.5111057879875149       -1104.8638670626469        86911.816234716942     
   271.48756275466144       -1.5840133069780933       -1111.4563096525696        88023.272544369509     
   273.99409329808958       -1.5853655029898579       -1110.3468574529329        89133.619401822449     
   276.65101567412341       -1.5668053671615483       -1104.8448710357654        90238.464272858211     
   279.46735339271930       -1.5688340325221288       -1103.8047795412454        91342.269052399453     
   282.45267137443091       -1.5713437526363141       -1102.7546699013506        92445.023722300801     
   285.61710843504522       -1.5546210931792728       -1097.7538926679508        93542.777614968756     
   288.97141171929638       -1.5333869045830584       -1091.5232166813730        94634.300831650122     
   292.52697320060264       -1.5368828157058367       -1090.6140192721575        95724.914850922272     
   296.29586837078728       -1.5167089158292912       -1084.7560564119926        96809.670907334264     
   300.29089725118297       -1.4929873034573735       -1078.0311999356097        97887.702107269870     
   304.52562786440240       -1.4749476399411521       -1073.0629328879781        98960.765040157843     
   308.76035847762182       -1.4815175304146098       -1073.2826812948974        100034.04772145273     
   313.24917292763445       -1.4601863587774762       -1067.5279512786581        101101.57567273139     
   318.00731624464782       -1.4355859452635500       -1061.1059420866766        102162.68161481807     
   323.05094816068203       -1.4193947283118842       -1057.1948366467743        103219.87645146484     
   328.09458007671623       -1.4034602934011835       -1053.5493684452733        104273.42581991010     
   333.13821199275043       -1.3878780928940351       -1050.2029172785376        105323.62873718864     
   338.18184390878463       -1.3727647427054293       -1047.1921977129607        106370.82093490161     
   343.22547582481883       -1.3844480687422300       -1050.0012720460704        107420.82220694768     
   348.57172565581504       -1.3696052735444093       -1047.2479763889253        108468.07018333660     
   354.23875047667104       -1.3551567673350799       -1044.9083066557523        109512.97848999235     
   360.24579678677839       -1.3416224439681168       -1043.1383724015516        110556.11686239390     
   366.61326587549217       -1.3296854036931183       -1042.1123012994183        111598.22916369332     
   373.36278310952883       -1.3201818094842748       -1042.0045378763691        112640.23370156970     
   380.51727137760764       -1.3140403545690218       -1042.9639317523854        113683.19763332208     
   388.10102894177118       -1.3121623984490935       -1045.0921292502480        114728.28976257233     
   396.13981195978454       -1.3152789632365764       -1048.4474890709487        115776.73725164328     
   404.66092195887870       -1.3238676484211842       -1053.0816616805369        116829.81891332382     
   413.69329855791852       -1.3382843785814309       -1059.0953356149653        117888.91424893879     
   423.26761775290072       -1.3590570723635587       -1066.6736664214634        118955.58791536026     
   433.41639609958185       -1.3872946841796885       -1076.1004451242263        120031.68836048449     
   444.17410114706388       -1.4251697477355352       -1087.7698426250838        121119.45820310958     
   455.57726849739481       -1.4764994689136426       -1102.1838973339027        122221.64210044348     
   467.66462588874560       -1.5474182595764046       -1119.8566507683320        123341.49875121181     
   480.47722472357748       -1.6469718721239508       -1140.9972217292409        124482.49597294105     
   494.05857948849922       -1.7873912341874396       -1164.9357097300212        125647.43168267107     
   508.45481553931626       -1.9819485918677069       -1189.3342590306881        126836.76594170176     
   523.71482575318237       -2.2373519166949665       -1209.8489186986776        128046.61486040044     
   530.34035594779789       -2.3508103063885182       -1213.2905121676843        129259.90537256813     
   537.36341795409032       -2.2224962602298595       -1145.8946206411017        130405.79999320924     
   544.38647996038276       -2.2289443762483852       -1144.5714536312087        131550.37144684044     
   551.40954196667519       -2.2381809676057682       -1144.6025742553754        132694.97402109581     
   558.85398769334518       -2.2192637991405637       -1135.2647714724353        133830.23879256824     
   566.74510016361535       -2.2241316453101851       -1137.0039761333023        134967.24276870154     
   575.10967938210172       -2.2474179858687084       -1146.9664008954664        136114.20916959702     
   583.97613335369726       -2.2850641919881038       -1162.8380043622201        137277.04717395923     
   593.37457456358857       -2.3341576398051287       -1182.6605713228778        138459.70774528210     
   603.33692224607341       -2.3926866374954909       -1204.5708115466980        139664.27855682879     
   613.89701078950736       -2.4592911305571992       -1226.4988244951473        140890.77738132395     
   625.09070464554725       -2.5331275865150009       -1245.9027887389257        142136.68017006287     
   636.95602013294956       -2.6139941962871425       -1259.7487933779339        143396.42896344082     
   649.53325454959599       -2.7031123492880735       -1265.0150416407948        144661.44400508160     
   658.06565037784901       -2.7640834685063504       -1262.3365702781423        145923.78057535973     
   667.10998995579712       -2.8153746557960146       -1290.6280665711447        147214.40864193087     
   676.15432953374523       -2.8530188315555898       -1309.7532359100103        148524.16187784087     
   685.19866911169333       -2.8810868727690404       -1321.9209294725792        149846.08280731345     
   694.24300868964144       -2.8971580005862601       -1337.9711221279097        151184.05392944135     
   703.83000864226653       -2.9112518391609665       -1339.9092891773814        152523.96321861874     
   713.41700859489163       -2.9177317827242613       -1350.0620996095963        153874.02531822832     
   723.57922854467415       -2.9194965524286349       -1355.6569287051241        155229.68224693343     
   734.35118169144368       -2.9180654967482913       -1358.0655914069944        156587.74783834044     
   745.76945202701938       -2.9144317361257936       -1358.3723497395824        157946.12018808001     
   757.87281858272956       -2.9092544162837721       -1357.2572163093614        159303.37740438938     
   770.70238713178242       -2.9029772545977672       -1355.1310339423233        160658.50843833172     
   784.30172979377846       -2.8959011219782389       -1352.2374325201124        162010.74587085182     
   798.71703301549417       -2.8882328419977301       -1348.7129837808016        163359.45885463263     
   813.99725443051284       -2.8801212166022987       -1344.6225444346135        164704.08139906725     
   830.19428913043271       -2.8716883411879714       -1339.9784854730615        166044.05988454030     
   847.36314591234770       -2.8630688747742350       -1334.7440117468120        167378.80389628711     
   865.56213410117766       -2.8544879881751188       -1328.8103715994575        168707.61426788656     
   884.85306158133733       -2.8508268579791127       -1317.6261463846563        170025.24041427122     
   905.30144471030667       -2.8598278785230713       -1302.7387903415272        171327.97920461275     
   926.97673082701408       -2.8801613600695317       -1289.0376924340571        172617.01689704682     
   949.95253411072395       -2.9252089526519107       -1268.0719128674743        173885.08880991430     
   974.30688559145642       -3.0215176904088561       -1229.9952680045928        175115.08407791890     
   994.95937564711755       -3.1691917742506401       -1174.1317972114953        176289.21587513041     
   1016.8510151061184       -3.1824954885865004       -1222.6448880522196        177511.86076318263     
   1040.0561529326594       -3.1540421476141738       -1235.1910457523504        178747.05180893498     
   1064.6535990287928       -3.1744106644261825       -1209.6586090349442        179956.71041796991     
   1089.2510451249261       -3.1957588072158791       -1202.9192885598363        181159.62970652975     
   1115.3243379868275       -3.2170862833715845       -1194.3209191884439        182353.95062571819     
   1142.9620284204429       -3.2555611302127083       -1181.8932036044725        183535.84382932266     
   1172.2579802800753       -3.3172709772484241       -1165.6529789824567        184701.49680830512     
   1203.3116892512855       -3.4126817038547479       -1143.2148649584210        185844.71167326355     
   1236.2286207607685       -3.5576746991971535       -1112.5472381361185        186957.25891139967     
   1271.1205681608203       -3.7670132455464289       -1073.1730099591775        188030.43192135883     
   1308.1060324048754       -3.8792480846679247       -1062.2515945295168        189092.68351588835     
   1341.3929502245248       -3.9527060061739703       -1048.2606736568921        190140.94418954523     
   1376.6770831133533       -4.0422880547057538       -1030.6266484697319        191171.57083801497     
   1414.0782639755116       -4.1562027752913275       -1011.3522360030457        192182.92307401801     
   1453.7235156893994       -4.2615494823036713       -994.30931997533446        193177.23239399333     
   1475.2397866995605       -4.3067855433235378       -980.70560950339666        194157.93800349673     
   1498.0470339703313       -4.3514680071994203       -973.68670502689463        195131.62470852362     
   1522.2227160773484       -4.3885162921241632       -969.23604507837581        196100.86075360200     
   1547.8489391107864       -4.4195125627860889       -965.27022504915840        197066.13097865117     
   1575.0127355262307       -4.4484417065713009       -960.92799028462173        198027.05896893580     
   1603.8063597266016       -4.4802769960372224       -955.47905978019207        198982.53802871599     
   1634.3276013789948       -4.5220261779039852       -947.79106864297444        199930.32909735898     
   1666.6801175305318       -4.5835396726325399       -936.29948408025575        200866.62858143923     
   1684.2384750962938       -4.5954617194613796       -934.76269501641173        201801.39127645563     
   1701.7968326620557       -4.6064969480970586       -933.01121796590189        202734.40249442152     
   1720.4086916817635       -4.6079810864179027       -935.36133470186985        203669.76382912340     
   1739.0205507014712       -4.6102928095191844       -934.68597005385845        204604.44979917727     
   1758.7491212623615       -4.6060896202397190       -937.06179829736584        205541.51159747463     
   1779.6614060569052       -4.5961267036367115       -939.86983899293148        206481.38143646755     
   1801.8284279391216       -4.5829882352599416       -942.56265142789823        207423.94408789545     
   1825.3254711342709       -4.5686935046129271       -945.03791370685281        208368.98200160230     
   1850.2323369211292       -4.5545261449203576       -947.28646780573433        209316.26846940804     
   1876.6336146551989       -4.5412108159244546       -949.31448188767502        210265.58295129571     
   1904.6189690533129       -4.5291255602755793       -951.12469014495036        211216.70764144068     
   1934.2834447153136       -4.5184921447396906       -952.70613913383465        212169.41378057451     
   1965.7277889170346       -4.5133696958962704       -953.11444759153471        213122.52822816605     
   1999.0587937708588       -4.5238891807296966       -950.26596581952981        214072.79419398558     
   2034.3896589159124       -4.5393678335835776       -947.18901893508269        215019.98321292066     
   2071.8403759696689       -4.5579625871224909       -944.16030995299377        215964.14352287367     
   2111.5381360466513       -4.5854601877898311       -939.33768332440445        216903.48120619808     
   2153.6177617282524       -4.6278106694286052       -932.05912278461494        217835.54032898269     
   2198.2221649507496       -4.6926938823970001       -921.20676560388176        218756.74709458658     
   2245.5028323665965       -4.7912375866412278       -905.16136410377351        219661.90845869036     
   2277.5780371415071       -4.8632140588785333       -886.71681747280900        220548.62527616316     
   2311.5777542029123       -4.9195527544977722       -878.43259331181036        221427.05786947499     
   2345.5774712643174       -4.9619692559245703       -871.44346137390801        222298.50133084890     
   2381.6171713494068       -5.0093387958217725       -863.78446670102915        223162.28579754994     
   2419.8192534396017       -5.0680675484389148       -853.85149060805588        224016.13728815800     
   2460.3134604552083       -5.1384127923793699       -842.18388032910570        224858.32116848711     
   2494.6525480044429       -5.1941797178420588       -830.68223127313922        225689.00339976026     
   2531.0519808066315       -5.2510240629323572       -821.40994899376881        226510.41334875402     
   2567.4514136088201       -5.2945435063236070       -814.08359780217074        227324.49694655620     
   2606.0348123791400       -5.3284496716151022       -808.70923857076104        228133.20618512697     
   2646.9332150756791       -5.3534164345088717       -804.65475230912671        228937.86093743608     
   2690.2855219340104       -5.3713311451317036       -801.66062265172104        229739.52156008780     
   2736.2389672038416       -5.3873044634792411       -799.01093795341683        230538.53249804123     
   2784.9496191898629       -5.4081590634261589       -795.64056538174304        231334.17306342296     
   2836.5829102950452       -5.4398373972269116       -790.77831097025285        232124.95137439322     
   2880.3679411522398       -5.4775436024725934       -783.58545634170514        232908.53683073493     
   2926.7800738608662       -5.5127596350434729       -777.69182745413309        233686.22865818907     
   2975.9769345320101       -5.5398885041671564       -772.89562193910444        234459.12428012816     
   3028.1256068434227       -5.5581236764148851       -769.58948069398059        235228.71376082214     
   3083.4031994935199       -5.5758309837204223       -766.61934229886469        235995.33310312100     
   3141.9974477026230       -5.6012051065754775       -762.77884763270401        236758.11195075369     
   3204.1073508042723       -5.6415560912459970       -756.91880821046800        237515.03075896416     
   3269.9438480920207       -5.7059900230472387       -747.73091570430688        238262.76167466847     
   3339.7305352170338       -5.7595079514456415       -737.95753465532800        239000.71920932378     
   3402.5385536295457       -5.7962456094423533       -729.80522535112289        239730.52443467491     
   3469.1150531468083       -5.8467443720886916       -722.27536032677369        240452.79979500169     
   3535.6915526640710       -5.9054590881362152       -712.72954595866668        241165.52934096035     
   3606.2626421523692       -5.9715909216200647       -702.14300218461244        241867.67234314495     
   3676.8337316406673       -6.0263181905726260       -691.71536288156312        242559.38770602652     
   3751.6390864982636       -6.0740552696540275       -683.11786299517053        243242.50556902168     
   3830.9327626473155       -6.1191208837701234       -675.29626553145033        243917.80183455313     
   3898.1738000217115       -6.1559362228779690       -667.62316686676036        244585.42500141988     
   3965.4148373961075       -6.1780443268358205       -662.60953375224096        245248.03453517210     
   4032.6558747705035       -6.1869391955987618       -660.02768088246557        245908.06221605456     
   4103.9313743873636       -6.1884170156642693       -659.19375948798881        246567.25597554256     
   4179.4834039812349       -6.1858820162818189       -659.28212278805540        247226.53809833061     
   4259.5685553507383       -6.1819899892463424       -659.81710174439945        247886.35520007502     
   4344.4588158024126       -6.1911556144211737       -659.51286804223594        248545.86806811727     
   4429.3490762540869       -6.2009368729637266       -657.86682517534075        249203.73489329263     
   4519.3327523328617       -6.2213727575586253       -655.45902526989403        249859.19391856252     
   4609.3164284116365       -6.2540246547349430       -651.06480646038983        250510.25872502293     
   4704.6991250551373       -6.3124188036060183       -643.84598599559035        251154.10471101850     
   4805.8047834972485       -6.3360289039745261       -636.05612020091223        251790.16083121943     
   4906.9104419393598       -6.3722359401533071       -631.18847824771478        252421.34930946716     
   4987.7949686930488       -6.4044641712790709       -624.69185400232539        253046.04116346949     
   5073.5325670519587       -6.4524301356189770       -618.07131093860971        253664.11247440809     
   5164.4144213124036       -6.4973445616918006       -610.16079567636064        254274.27327008444     
   5260.7491868284751       -6.5355343005720128       -602.98833980388542        254877.26160988832     
   5362.8640382755111       -6.5680560440683653       -596.86445975213121        255474.12606964045     
   5471.1057808093692       -6.6035841238870212       -591.17143061267166        256065.29750025313     
   5562.8947784780803       -6.6345822275235680       -584.97505651321183        256650.27255676634     
   5645.5048763799205       -6.6602103556145904       -579.74404673589424        257230.01660350224     
   5733.0715801558708       -6.6829934257019898       -575.62565835524890        257805.64226185749     
   5825.8922861583787       -6.7026653321936447       -571.98031374318180        258377.62257560066     
   5924.2822345210370       -6.7251888299082356       -568.47153456466378        258946.09411016532     
   6028.5755797854545       -6.7567281211365859       -564.12541608136144        259510.21952624668     
   6139.1265257657369       -6.7815997420133014       -559.11005844060685        260069.32958468728     
   6238.6223771479918       -6.7996637503010939       -555.07975473342344        260624.40933942070     
   6344.0879796131812       -6.8266473094422926       -551.50709460861231        261175.91643402932     
   6378.6469482289749       -6.8286559888194525       -548.03996862747715        261723.95640265680     
   6415.2794549617156       -6.8374439724716334       -546.60900182622856        262270.56540448300     
   6454.1099120984209       -6.8479395048431009       -544.87207063265919        262815.43747511564     
   6487.0381397503470       -6.8567590790971824       -543.06031064687124        263358.49778576253     
   6521.9420610613888       -6.8674093890396577       -541.35110018123135        263899.84888594376     
   6558.9402176510930       -6.8788935185746922       -539.44059073523351        264439.28947667900     
   6598.1582636361800       -6.8911837023213494       -537.43498273663602        264976.72445941565     
   6639.7293923803718       -6.9039134419310999       -535.35178768052947        265512.07624709618     
   6683.7947888492154       -6.9167707173319730       -533.23678713888842        266045.31303423509     
   6730.5041091061894       -6.9294807201098916       -531.13144506712615        266576.44447930221     
   6780.0159885785815       -6.9418197346823112       -529.07107897730884        267105.51555827953     
   6832.4985808193178       -6.9536174705523877       -527.08404023764342        267632.59959851718     
   6888.1301285944983       -6.9647714764491164       -525.18982284115566        268157.78942135832     
   6947.0995692361894       -6.9754810708055102       -523.37405384978319        268681.16347520810     
   7006.0690098778805       -6.9854347010321280       -521.59811411049566        269202.76158931857     
   7068.5766169580729       -6.9965396362598700       -519.82288875464451        269722.58447807323     
   7134.8346804630764       -7.0099679624171056       -517.75083683797402        270240.33531491121     
   7205.0682277783808       -7.0235958217937400       -515.47758046884849        270755.81289538008     
   7279.5157879326034       -7.0352717325911982       -513.34386511673085        271269.15676049679     
   7358.4302016960792       -7.0440719787956336       -511.59695174211214        271780.75371223892     
   7442.0794802853634       -7.0503441465693619       -510.29515273784176        272291.04886497674     
   7530.7477155900051       -7.0569392281555601       -509.21530375959895        272800.26416873635     
   7619.4159508946468       -7.0638619069126305       -508.04576312195036        273308.30993185833     
   7713.4042803175662       -7.0722968417845893       -506.78281115846181        273815.09274301678     
   7813.0319095058612       -7.0834912040698557       -505.18812979693024        274320.28087281372     
   7918.6371964454538       -7.1006306463038227       -502.95245257046309        274823.23332538421     
   8030.5788006014218       -7.1136238404612060       -500.25956521696679        275323.49289060116     
   8142.5204047573898       -7.1255942642671535       -498.06164730502820        275821.55453790620     
   8254.4620089133587       -7.1375131476970530       -495.99204800894495        276317.54658591514     
   8330.4031931727677       -7.1444320824148813       -494.03211638278799        276811.57870229793     
   8381.9216925743513       -7.1499603824696232       -492.73390686788554        277304.31260916585     
   8425.6093800668932       -7.1556128971446054       -491.64406766475702        277795.95667683060     
   8471.9183288089880       -7.1628608233110604       -490.52297386335454        278286.47965069395     
   8521.0058144756094       -7.1711163135613472       -489.17894191043598        278775.65859260439     
   8573.0385492822279       -7.1806237762995675       -487.66343023439367        279263.32202283881     
   8628.1932481772419       -7.1912606518946838       -485.95810216375435        279749.28012500255     
   8686.6572290059576       -7.2028168239676900       -484.08946018319403        280233.36958518572     
   8748.6290486843955       -7.2150033413140982       -482.09675383694207        280715.46633902268     
   8814.3191775435407       -7.2275183464638628       -480.02563143999942        281195.49197046267     
   8883.9507141342347       -7.2400783242115310       -477.92163730061225        281673.41360776330     
   8957.7601429203696       -7.2524669953494474       -475.82419845195528        282149.23780621524     
   9035.9981374336730       -7.2648104290600024       -473.74162919197579        282622.97943540721     
   9114.2361319469765       -7.2764473740427285       -471.66043090034077        283094.63986630755     
   9197.1684061310789       -7.2895476343514014       -469.59355532655547        283564.23342163413     
   9220.2130160998186       -7.2903107259394568       -468.07133328374806        284032.30475491786     
   9244.6403026666831       -7.2932941469688313       -467.41575036454378        284499.72050528240     
   9270.5332264275603       -7.2969072276272371       -466.79714696266853        284966.51765224506     
   9297.9797256140901       -7.3008886398659172       -466.14018067038967        285432.65783291543     
   9327.0730147518116       -7.3051205522683684       -465.44982157308988        285898.10765448853     
   9357.9119012377960       -7.3094940155935415       -464.73999301401034        286362.84764750255     
   9390.6011209129392       -7.3138991390603358       -464.02577562036333        286826.87342312292     
   9425.2516937685905       -7.3182316342982237       -463.32170184288537        287290.19512496580     
   9461.9813009955815       -7.3224004167788497       -462.64073891218061        287752.83586387796     
   9500.9146846561925       -7.3262981024798242       -461.98891013538895        288214.82477401337     
   9542.1840713364400       -7.3299191208543437       -461.38849907335259        288676.21327308670     
   9585.9296212175013       -7.3332079877987084       -460.83703845592242        289137.05031154264     
   9632.2999040914274       -7.3361503431110915       -460.33805328265322        289597.38836482528     
   9681.4524039377884       -7.3387625010782216       -459.89055945601029        290057.27892428130     
   9733.5540537749312       -7.3411328628380490       -459.48436073477296        290516.76328501606     
   9788.7818026023015       -7.3434782277403636       -459.09243855801566        290975.85572357406     
   9847.3232163593148       -7.3461812296551576       -458.66474470062855        291434.52046827471     
   9909.3771149417498       -7.3493759616690912       -458.16551021292264        291892.68597848766     
   9975.1542474391299       -7.3530549712717255       -457.58653522897595        292350.27251371666     
   10044.878007886353       -7.3572983080786170       -456.92099221858524        292807.19350593525     
   10118.785193960410       -7.3624288845170343       -456.13629675467229        293263.32980268990     
   10197.126811198910       -7.3690641961921797       -455.15831802328302        293718.48812071315     
   10280.168925471720       -7.3781357120906250       -453.86529403450697        294172.35341474769     
   10368.193566600899       -7.3875659772663749       -452.30835554443752        294624.66177029215     
   10456.218207730079       -7.3958994150321073       -450.75015084719780        295075.41192113934     
   10544.242848859258       -7.4032801988790267       -449.37232966967201        295524.78425080900     
   10637.548968456187       -7.4112615527890693       -448.08943877212380        295972.87368958112     
   10688.188065683833       -7.4138177981449855       -446.91551724927297        296419.78920683038     
   10741.865508745137       -7.4185032533565964       -446.26585615238361        296866.05506298278     
   10798.763598390120       -7.4236497490175868       -445.43811857546507        297311.49318155827     
   10859.075573413802       -7.4294883153170028       -444.49805496724116        297755.99123652553     
   10899.991217269868       -7.4327744469089492       -443.58300584776731        298199.57424237329     
   10943.361799757296       -7.4373750810110941       -442.87588812986331        298642.45013050316     
   10989.334617193972       -7.4425042092480904       -442.03697271310210        299084.48710321623     
   11038.065803676847       -7.4482960794856394       -441.10692436211912        299525.59402757837     
   11089.720861348695       -7.4547126901614913       -440.07367587704982        299965.66770345543     
   11144.475222480854       -7.4617171014312369       -438.94228159942122        300404.60998505488     
   11202.514845280943       -7.4692475466478312       -437.72041343522255        300842.33039849013     
   11264.036845449036       -7.4772279682656837       -436.41856849645217        301278.74896698660     
   11329.250165627216       -7.4855735383453696       -435.04906267425167        301713.79802966083     
   11398.376285016087       -7.4942244009043009       -433.62289861036851        302147.42092827120     
   11471.649971568289       -7.5032055835580724       -432.14231687391680        302579.56324514514     
   11549.320079313624       -7.5126585268257617       -430.59461457072626        303010.15785971587     
   11631.650393523680       -7.5228075885628964       -428.95126861624811        303439.10912833211     
   11676.332701651761       -7.5261899653911684       -427.47667861196152        303866.58580694406     
   11723.695948267527       -7.5318553127011469       -426.63253392192564        304293.21834086598     
   11773.900989680238       -7.5378467627170167       -425.65469152120056        304718.87303238717     
   11827.118333577713       -7.5440533268261039       -424.63485656719280        305143.50788895437     
   11883.528718109037       -7.5502275031989203       -423.60414326688232        305567.11203222122     
   11943.323725712240       -7.5561580818209766       -422.59724644108564        305989.70927866228     
   12006.706433771635       -7.5616835351978144       -421.64266984741175        306411.35194850969     
   12073.892104314593       -7.5667036557954290       -420.76075480222801        306832.11270331190     
   12145.108915090128       -7.5711762795662993       -419.96300329127126        307252.07570660318     
   12220.598734512196       -7.5751612345046748       -419.24879155527464        307671.32449815847     
   12300.617943099587       -7.5789193905949217       -418.59418960085151        308089.91868775932     
   12368.474231981696       -7.5816816745139821       -417.98116124407920        308507.89984900341     
   12440.401898196731       -7.5851358618655063       -417.46039791025930        308925.36024691368     
   12516.645224384669       -7.5888394120895093       -416.85997688045376        309342.22022379411     
   12597.463150143882       -7.5929344110763530       -416.20740097904587        309758.42762477318     
   12683.130151448648       -7.5976556703404139       -415.47336803658106        310173.90099280974     
   12773.937172831700       -7.6035204624299215       -414.60153858694997        310588.50253139669     
   12870.192615497735       -7.6113354596590241       -413.49024084341221        311001.99277224008     
   12972.223384723733       -7.6200026601758379       -412.11687312926364        311414.10964536935     
   13074.254153949731       -7.6276264117436119       -410.67844036764751        311824.78808573697     
   13182.406769329287       -7.6351702817861016       -409.38802356735454        312234.17610930430     
   13241.103356748081       -7.6372516273536979       -408.28648140021232        312642.46259070450     
   13299.799944166874       -7.6409268305313311       -407.77453902460547        313050.23712972912     
   13362.018326830796       -7.6446938000514111       -407.15167553714326        313457.38880526630     
   13427.969812454552       -7.6487500751900948       -406.48690610818778        313863.87571137451     
   13497.878387215733       -7.6532510028619596       -405.76881552119465        314269.64452689572     
   13571.981476462584       -7.6582656115053309       -404.97148705446506        314674.61601395020     
   13650.530751064247       -7.6638668184281187       -404.08332930982004        315078.69934326003     
   13733.792982142009       -7.6701087047927121       -403.09366484421986        315481.79300810426     
   13822.050947084439       -7.6770401113467592       -401.99378756922749        315883.78679567348     
   13915.604389923414       -7.6846949386572074       -400.77637937721562        316284.56317505072     
   14014.771039332727       -7.6930750428701753       -399.43747131969468        316684.00064637040     
   14119.887687706600       -7.7022504811917347       -397.97282008226716        317081.97346645268     
   14231.311334982904       -7.7125616127652696       -396.35590273150166        317478.32936918415     
   14349.420401095786       -7.7243720013293622       -394.53031601303138        317872.85968519718     
   14474.616011175442       -7.7368289935416961       -392.49119928624020        318265.35088448343     
   14607.323357859877       -7.7487763127564246       -390.39337728944645        318655.74426177290     
   14747.993145345379       -7.7593541802221555       -388.41487169193209        319044.15913346485     
   14897.103120080010       -7.7682317808468495       -386.67783329994074        319430.83696676482     
   15055.159693298720       -7.7763743917232961       -385.19130552930295        319816.02827229415     
   15213.216266517429       -7.7830710294229437       -383.83588679328602        320199.86415908742     
   15371.272839736139       -7.7893899940752664       -382.69299678193784        320582.55715586938     
   15538.812807347971       -7.7971425006087500       -381.56454435820001        320964.12170022755     
   15706.352774959803       -7.8069398727507187       -380.15438212914262        321344.27608235669     
   15883.945140628344       -7.8184487456826064       -378.42050861795553        321722.69659097464     
   16061.537506296885       -7.8288018188493762       -376.47043225680517        322099.16702323145     
   16110.885565789049       -7.8282306958008858       -375.08705552613441        322474.25407875760     
   16163.194508850742       -7.8310529479923501       -374.80993035237520        322849.06400910998     
   16218.641988496136       -7.8339062660118950       -374.33700727699522        323223.40101638698     
   16277.416316920255       -7.8370025053420971       -373.83716683060811        323597.23818321759     
   16339.717105049820       -7.8402374649349218       -373.30077184171881        323970.53895505931     
   16405.755940467159       -7.8436712103724915       -372.74126142599721        324343.28021648532     
   16475.757106009540       -7.8473132273671755       -372.14762624868058        324715.42784273397     
   16549.958341484460       -7.8512059517152117       -371.51566204866123        325086.94350478263     
   16628.611651087878       -7.8553940555184187       -370.83832418740087        325457.78182897001     
   16711.984159267500       -7.8599311915419428       -370.10769369183259        325827.88952266186     
   16800.359017937899       -7.8648796117424276       -369.31441420872346        326197.20393687056     
   16894.036368128523       -7.8703059304669525       -368.44797550202657        326565.65191237256     
   16993.334359330584       -7.8763013896392327       -367.49597220377950        326933.14788457635     
   17098.590230004767       -7.8830585505933213       -366.43759199802531        327299.58547657437     
   17210.161452919405       -7.8907465583260601       -365.24250133444934        327664.82797790883     
   17328.426949208919       -7.8995558241764892       -363.88175369317571        328028.70973160199     
   17446.692445498433       -7.9082194529261391       -362.36603283377809        328391.07576443575     
   17572.053871565317       -7.9175372325157634       -360.86262178404041        328751.93838621979     
   17704.936983196214       -7.9262828505169258       -359.30174234695056        329111.24012856674     
   17845.793081524967       -7.9342811746009856       -357.84271421076937        329469.08284277754     
   17995.100545753445       -7.9413833820322512       -356.51406670772320        329825.59690948529     
   18153.366457835629       -7.9484549067841446       -355.30376247674553        330180.90067196201     
   18311.632369917814       -7.9548571881997425       -354.10590042828244        330535.00657239027     
   18479.394236724929       -7.9622498744730681       -352.97888887380373        330887.98546126409     
   18657.221815540473       -7.9710260130033870       -351.67120124804416        331239.65666251216     
   18845.719049084950       -7.9803343804755285       -350.15280349234729        331589.80946600449     
   19034.216282629426       -7.9883489808971317       -348.58410671557215        331938.39357272006     
   19099.689062526551       -7.9883197044713352       -347.44793703535805        332285.84150975541     
   19169.090209217506       -7.9913153232729304       -347.20502123784541        332633.04653099325     
   19242.655424709916       -7.9939629493961597       -346.72428335303306        332979.77081434627     
   19320.634553131869       -7.9967908061016928       -346.26517868747749        333326.03599303373     
   19403.292429259141       -7.9996224464899601       -345.78813116372407        333671.82412419748     
   19490.909777954050       -8.0024887000834770       -345.30775132928898        334017.13187552674     
   19583.784167570651       -8.0054154035501419       -344.81940560203816        334361.95128112880     
   19682.231020564250       -8.0084695880423364       -344.31649823291656        334706.26777936169     
   19786.584684737463       -8.0117468583019544       -343.78653185588814        335050.05431121757     
   19897.199568761072       -8.0153708764692677       -343.21238232988122        335393.26669354743     
   20014.451345826095       -8.0194845248232607       -342.57274604255838        335735.83943959000     
   20138.738229515020       -8.0242522794196578       -341.84300641193744        336077.68244600191     
   20270.482326225283       -8.0299870084223457       -340.98940035878894        336418.67184636072     
   20410.131068738159       -8.0370436044058007       -339.95792231540668        336758.62976867612     
   20485.921234274749       -8.0389709266273233       -338.88317976370143        337097.51294843981     
   20566.258809743533       -8.0436324508614216       -338.36175189171757        337435.87470033154     
   20651.416639740444       -8.0484714109921356       -337.56321006048472        337773.43791039201     
   20741.683939537172       -8.0539037874968429       -336.70769282753508        338110.14560321957     
   20837.367277321700       -8.0596106743697895       -335.77213604171214        338445.91773926129     
   20938.791615373302       -8.0654370932101394       -334.79872874364446        338780.71646800492     
   21046.301413707999       -8.0711957059651702       -333.81438411396579        339114.53085211886     
   21160.261799942778       -8.0767486684677063       -332.84724990953555        339447.37810202839     
   21281.059809351646       -8.0819947826650544       -331.91830184109904        339779.29640386952     
   21409.105699325042       -8.0868861673656323       -331.04197823847596        340110.33838210802     
   21544.834342696842       -8.0915090059083017       -330.22075030651024        340440.55913241452     
   21688.706704670953       -8.0962212305282009       -329.42957880015950        340769.98871121468     
   21841.211408363510       -8.1012207367221016       -328.61511971733188        341098.60383093200     
   22002.866394277618       -8.1067746348829051       -327.74231877423841        341426.34614970622     
   22174.220679346574       -8.1134852803088151       -326.75518943212870        341753.10133913835     
   22355.856221519669       -8.1208938699133881       -325.58571749653925        342078.68705663487     
   22537.491763692764       -8.1275630183692602       -324.32890376652642        342403.01596040139     
   22600.581198219599       -8.1275668757191433       -323.38768578375959        342726.40364618512     
   22667.455998818044       -8.1300540747627270       -323.17652974811517        343049.58017593325     
   22738.343287452397       -8.1323405103954585       -322.77518352301274        343372.35535945627     
   22813.483813404811       -8.1347820544075731       -322.37894200152880        343694.73430145782     
   22893.132770914370       -8.1372424315141281       -321.96635390057918        344016.70065535838     
   22977.560665874502       -8.1397083085396762       -321.55094150339875        344338.25159686175     
   23067.054234532243       -8.1421593842309861       -321.13532669490280        344659.38692355668     
   23161.917417309447       -8.1445996634820954       -320.72138105445282        344980.10830461112     
   23262.472391053285       -8.1470546237657473       -320.30729655900700        345300.41560117010     
   23369.060663221753       -8.1495750829757974       -319.88762282258682        345620.30322399270     
   23482.044231720327       -8.1522183601940217       -319.44989094298785        345939.75311493571     
   23601.806814328818       -8.1551718271834375       -318.98591342867900        346258.73902836436     
   23728.755151893816       -8.1585694066269703       -318.46354994361099        346577.20257830794     
   23863.320389712717       -8.1626611139862675       -317.85557711443317        346895.05815542239     
   24005.959541800752       -8.1677088222980174       -317.12000112025032        347212.17815654265     
   24157.157043014067       -8.1739222646642844       -316.21511306088519        347528.39326960355     
   24317.426394300182       -8.1811520474267923       -315.11853362671974        347843.51180323027     
   24477.695745586298       -8.1881601515535376       -313.87718165768405        348157.38898488798     
   24647.581257949580       -8.1958059612104464       -312.65904165989446        348470.04802654788     
   24827.659901054656       -8.2029412065185721       -311.36892156470316        348781.41694811260     
   25018.543262746040       -8.2096920974032965       -310.16054014889221        349091.57748826151     
   25218.543262746040       -8.2156705756660564       -309.02563533168518        349400.60312359320     
   25418.543262746040       -8.2212309946261595       -308.00492656039955        349708.60805015359     
   25618.543262746040       -8.2267305467070369       -307.04580778134408        350015.65385793493     
   25818.543262746040       -8.2323876982424338       -306.09122733100850        350321.74508526595     
   26018.543262746040       -8.2378682286296492       -305.11861064338302        350626.86369590933     
   26218.543262746040       -8.2430719429316639       -304.17968888944745        350931.04338479880     
   26418.543262746040       -8.2482175698117199       -303.28230260622644        351234.32568740501     
   26578.543262746040       -8.2513166397378797       -302.42940937935379        351536.75509678439     
   26748.143262746038       -8.2559305698847485       -301.84920571245624        351838.60430249682     
   26927.919262746040       -8.2597594032058481       -301.08593812513027        352139.69024062197     
   27118.481822746038       -8.2639067032019771       -300.42185314227999        352440.11209376424     
   27318.481822746038       -8.2678191766148039       -299.71801534125353        352739.83010910550     
   27518.481822746038       -8.2717490383253374       -299.04160587705331        353038.87171498255     
   27718.481822746038       -8.2759583820990734       -298.35470207044983        353337.22641705303     
   27918.481822746038       -8.2808485747243719       -297.60783524278060        353634.83425229578     
   28118.481822746038       -8.2866449891145564       -296.73709534955043        353931.57134764531     
   28246.481822746038       -8.2889082683409256       -295.80007701308369        354227.37142465840     
   28382.161822746039       -8.2941489611845185       -295.28914201089998        354522.66056666931     
   28525.982622746040       -8.2990474983290383       -294.40987418683341        354817.07044085616     
   28678.432670746039       -8.3046913242735343       -293.54668371817581        355110.61712457432     
   28840.029721626037       -8.3102244280060091       -292.58756311184362        355403.20468768617     
   29011.322595558839       -8.3157210887220252       -291.64396598195771        355694.84865366813     
   29192.893041927608       -8.3208881142491702       -290.71511690795052        355985.56377057609     
   29385.357715078502       -8.3257152031401969       -289.84175239003054        356275.40552296612     
   29585.357715078502       -8.3300586585457506       -289.02713141039862        356564.43265437649     
   29745.357715078502       -8.3325754225066841       -288.31088073652961        356852.74353511300     
   29905.357715078502       -8.3361400351874195       -287.83850851875712        357140.58204363176     
   30074.957715078501       -8.3396907476981390       -287.23050304491665        357427.81254667667     
   30254.733715078502       -8.3439665924329098       -286.60088223480000        357714.41342891147     
   30445.296275078501       -8.3484766563468611       -285.86285065259563        358000.27627956407     
   30635.858835078499       -8.3527277653263550       -285.09137961842941        358285.36765918252     
   30826.421395078498       -8.3568131350147823       -284.36171134836388        358569.72937053087     
   30928.821395078499       -8.3576114196505191       -283.73301895869719        358853.46238948958     
   31037.365395078501       -8.3601497451623903       -283.50991242106039        359136.97230191063     
   31152.422035078500       -8.3622460031554091       -283.09794601414842        359420.07024792477     
   31274.382073478500       -8.3646251764812245       -282.72845665713839        359702.79870458192     
   31403.659714182500       -8.3669645911189789       -282.32550915630566        359985.12421373825     
   31540.694013328739       -8.3693427626880634       -281.92560464728399        360267.04981838551     
   31685.950370423754       -8.3717082411495944       -281.52087870643538        360548.57069709193     
   31839.922108944469       -8.3741103333743094       -281.11614614586580        360829.68684323778     
   32003.132151776426       -8.3766110175935253       -280.70278027241153        361110.38962351019     
   32176.134797178303       -8.3793292479280197       -280.26857463776167        361390.65819814795     
   32359.517601304291       -8.3824618806588909       -279.79121736489253        361670.44941551285     
   32553.903373677840       -8.3863598813643652       -279.23309790231144        361949.68251341517     
   32753.903373677840       -8.3910355254056608       -278.54075736675856        362228.22327078192     
   32953.903373677836       -8.3962094709432407       -277.71871992041889        362505.94199070235     
   33153.903373677836       -8.4016636392180963       -276.81693422843085        362782.75892493076     
   33353.903373677836       -8.4070206687859663       -275.87748736394997        363058.63641229470     
   33553.903373677836       -8.4121005304728094       -274.95994272138074        363333.59635501605     
   33753.903373677836       -8.4167658803647623       -274.09418556705282        363607.69054058311     
   33953.903373677836       -8.4209892300627001       -273.30081837204591        363880.99135895516     
   34153.903373677836       -8.4247660321218163       -272.58393824406295        364153.57529719925     
   34353.903373677836       -8.4281810456544761       -271.94184228317232        364425.51713948243     
   34553.903373677836       -8.4314749055652776       -271.35541690800960        364696.87255639042     
   34733.903373677836       -8.4341025872104325       -270.79693055602513        364967.66948694643     
   34924.703373677839       -8.4376009500464768       -270.32177348390070        365237.99126043031     
   35124.703373677839       -8.4411465001025157       -269.72093885669307        365507.71219928702     
   35324.703373677839       -8.4448287666357320       -269.10453990526111        365776.81673919229     
   35524.703373677839       -8.4484647723041828       -268.46969972088169        366045.28643891320     
   35724.703373677839       -8.4521508976765460       -267.84020825023509        366313.12664716342     
   35827.103373677841       -8.4527480886215329       -267.27498109726810        366580.40162826068     
   35935.647373677843       -8.4550620328061576       -267.08610969868892        366847.48773795937     
   36050.704013677845       -8.4570144755001166       -266.70867314628777        367114.19641110563     
   36172.664052077846       -8.4592705074219730       -266.36270328436103        367380.55911438999     
   36301.941692781846       -8.4615060284280403       -265.97985545524926        367646.53896984522     
   36438.975991928084       -8.4637905317398943       -265.59982709206963        367912.13879693730     
   36584.232349023099       -8.4659711995775719       -265.21203137788683        368177.35082831519     
   36738.204087543818       -8.4681370994570653       -264.84072228571716        368442.19155060092     
   36901.414130375779       -8.4702679730099177       -264.47233450689322        368706.66388510785     
   37074.416775777652       -8.4724631640268377       -264.10633993265157        368970.77022504050     
   37257.799579903643       -8.4748307087353005       -263.72589366233098        369234.49611870281     
   37452.185352277193       -8.4776035851373717       -263.30922478179707        369497.80534348462     
   37652.185352277193       -8.4808466682840304       -262.81914044636005        369760.62448393099     
   37780.185352277193       -8.4820854084860944       -262.29599800251049        370022.92048193351     
   37915.865352277193       -8.4850389961877326       -262.01322514610058        370284.93370707962     
   38059.686152277194       -8.4879007168492251       -261.51366077388019        370546.44736785349     
   38212.136200277193       -8.4913589598035024       -261.00349386567990        370807.45086171915     
   38373.733251157195       -8.4949569990338354       -260.40850582165137        371067.85936754080     
   38545.026125089993       -8.4987373700556113       -259.78810311684549        371327.64747065766     
   38726.596571458758       -8.5025047844573240       -259.14259167377202        371586.79006233142     
   38919.061244609649       -8.5062178592993050       -258.50008888475645        371845.29015121615     
   39119.061244609649       -8.5096573507871529       -257.87058624531039        372103.16073746147     
   39319.061244609649       -8.5126898125438402       -257.28799487632000        372360.44873233780     
   39519.061244609649       -8.5154805230095256       -256.77103903553024        372617.21977137332     
   39719.061244609649       -8.5180759559175190       -256.29455999644381        372873.51433136978     
   39919.061244609649       -8.5205819803612375       -255.84871079320155        373129.36304216296     
   40119.061244609649       -8.5230135270251353       -255.41793336543793        373384.78097552841     
   40319.061244609649       -8.5254295756531011       -254.99835817910173        373639.77933370753     
   40519.061244609649       -8.5279336902039553       -254.57852588029343        373894.35785958782     
   40719.061244609649       -8.5305177366416434       -254.14367377719057        374148.50153336499     
   40919.061244609649       -8.5331285889253401       -253.69652419874848        374402.19805756374     
   41119.061244609649       -8.5357493680529615       -253.24529420737287        374655.44335177110     
   41319.061244609649       -8.5384302308999462       -252.79371140403654        374908.23706317513     
   41519.061244609649       -8.5411520215353978       -252.32950205341524        375160.56656522857     
   41719.061244609649       -8.5438639580891618       -251.85668737925471        375412.42325260781     
   41919.061244609649       -8.5465259301084213       -251.38966178887171        375663.81291439669     
   42119.061244609649       -8.5490145266122255       -250.93476186075253        375914.74767625745     
   42319.061244609649       -8.5513345650725245       -250.50967160633274        376165.25734786381     
   42519.061244609649       -8.5534915671029488       -250.11353898722700        376415.37088685104     
   42719.061244609649       -8.5555490951394422       -249.74376472139070        376665.11465157242     
   42919.061244609649       -8.5575762067140069       -249.38922380177604        376914.50387537421     
   43119.061244609649       -8.5596953656141537       -249.03865403742458        377163.54252941161     
   43319.061244609649       -8.5619478722574982       -248.66660524410463        377412.20913465571     
   43519.061244609649       -8.5645675417773042       -248.26710697353855        377660.47624162928     
   43600.981244609648       -8.5646598280919193       -247.88242898361932        377908.35867061291     
   43682.901244609646       -8.5658905715386133       -247.78877372459766        378156.14744433749     
   43769.736444609647       -8.5670863413949583       -247.58335719496432        378403.73080153245     
   43861.781756609649       -8.5685175638842441       -247.36693562403303        378651.09773715649     
   43959.349787329651       -8.5700972880053250       -247.11461082942233        378898.21234798594     
   44062.771899892854       -8.5718594668495474       -246.83693451775966        379145.04928250372     
   44172.399339209849       -8.5737744340956130       -246.53011809718467        379391.57940060092     
   44288.604424885860       -8.5758427518194598       -246.19959005247085        379637.77899065340     
   44411.781815702430       -8.5780039075529046       -245.84386995442836        379883.62286060781     
   44542.349849967999       -8.5802432501071504       -245.47288942399797        380129.09575003182     
   44680.751966289499       -8.5824991843408469       -245.08861437517504        380374.18436440697     
   44827.458209590288       -8.5847847767208005       -244.70303245643427        380618.88739686343     
   44982.966827489123       -8.5870467023218691       -244.31410385865280        380863.20150072209     
   45147.805962461891       -8.5892769740597910       -243.92915605644433        381107.13065677852     
   45322.535445533023       -8.5914519666384344       -243.55005331422970        381350.68071009277     
   45507.748697588424       -8.5935615877621636       -243.18035877262994        381593.86106886540     
   45704.074744767153       -8.5956130780704250       -242.82130729824974        381836.68237616366     
   45904.074744767153       -8.5975295457942043       -242.47186933087437        382079.15424549452     
   46104.074744767153       -8.5994254379636157       -242.14139599595774        382321.29564149049     
   46304.074744767153       -8.6013308256488603       -241.81364684597057        382563.10928833648     
   46504.074744767153       -8.6033083876949998       -241.48446943214091        382804.59375776863     
   46704.074744767153       -8.6053319506901715       -241.13960009403928        383045.73335786269     
   46904.074744767153       -8.6074853334492563       -240.78638539758651        383286.51974326029     
   47104.074744767153       -8.6096666651949718       -240.41363594840485        383526.93337920867     
   47304.074744767153       -8.6118971557728692       -240.03546422949137        383766.96884343814     
   47504.074744767153       -8.6141869146094052       -239.65077928020870        384006.61962271837     
   47606.474744767154       -8.6145365084245125       -239.29842452143131        384245.91804723977     
   47715.018744767156       -8.6159783425078125       -239.18344741238735        384485.10149465216     
   47830.075384767159       -8.6172118731308220       -238.94883274746169        384724.05032739963     
   47952.035423167159       -8.6186488991524133       -238.72991720381430        384962.78024460346     
   48081.313063871159       -8.6201033608814139       -238.48475244477817        385201.26499704825     
   48218.347363017398       -8.6216048805572907       -238.23523285336066        385439.50022990163     
   48363.603720112413       -8.6230934176669791       -237.97989084187037        385677.48012074351     
   48517.575458633131       -8.6245525920446475       -237.72711644793998        385915.20723719144     
   48680.785501465092       -8.6259627077270551       -237.47976907269640        386152.68700626411     
   48853.788146866966       -8.6273292991170205       -237.24035206490601        386389.92735832901     
   49037.170950992957       -8.6286726225786854       -237.00752772062751        386626.93488604965     
   49231.556723366506       -8.6300329200747754       -236.77736358628127        386863.71224963595     
   49431.556723366506       -8.6313830641018718       -236.54379209535068        387100.25604173128     
   49631.556723366506       -8.6327680136367135       -236.30962478287498        387336.56566651416     
   49831.556723366506       -8.6342838335183725       -236.06534322981651        387572.63100974396     
   50031.556723366506       -8.6360643437615803       -235.79774499293976        387808.42875473690     
   50231.556723366506       -8.6380879151626218       -235.48356259279572        388043.91231732973     
   50297.092723366506       -8.6379773802236173       -235.19885414979041        388279.11117147951     
   50366.560883366503       -8.6387395971846956       -235.14690408249288        388514.25807556201     
   50440.197132966503       -8.6394890732316849       -235.01979464930301        388749.27787021134     
   50518.251557542506       -8.6403816012584080       -234.88335051910738        388984.16122073046     
   50600.989247593068       -8.6413842802463527       -234.72542283684231        389218.88664356730     
   50688.691199046661       -8.6425078959207742       -234.54842663422619        389453.43507020152     
   50781.655267587470       -8.6437507869814141       -234.35130689852102        389687.78637710004     
   50880.197180240728       -8.6451098352678990       -234.13435212530959        389921.92072922533     
   50984.651607653184       -8.6465776299540078       -233.89824242157403        390155.81897164689     
   51095.373300710387       -8.6481441544930764       -233.64426956775625        390389.46324121463     
   51212.738295351017       -8.6497966472917245       -233.37416375104075        390622.83740496566     
   51337.145189670089       -8.6515192990920280       -233.09012611767719        390855.92753108335     
   51469.016497648307       -8.6532932381807477       -232.79486809188168        391088.72239917523     
   51608.800084105213       -8.6550975851749978       -232.49157453410180        391321.21397370932     
   51756.970685749533       -8.6568945251806184       -232.18260600453110        391553.39657971385     
   51914.031523492515       -8.6586960380255764       -231.87595088047604        391785.27253059432     
   52080.516011500076       -8.6604623168334669       -231.56965597997254        392016.84218657430     
   52256.989568788093       -8.6621898397502726       -231.26921543865322        392248.11140201293     
   52444.051539513384       -8.6638641740610147       -230.97557338391397        392479.08697539684     
   52642.337228482196       -8.6654995002397737       -230.69035934014957        392709.77733473701     
   52842.337228482196       -8.6670032957530552       -230.41345369079306        392940.19078842778     
   53042.337228482196       -8.6684489889580529       -230.15390592854368        393170.34469435632     
   53242.337228482196       -8.6698781353390242       -229.90465751523820        393400.24935187155     
   53442.337228482196       -8.6713035837928079       -229.65926470251554        393629.90861657407     
   53642.337228482196       -8.6727144752554572       -229.41344912126007        393859.32206569531     
   53842.337228482196       -8.6741598795243426       -229.16744278684422        394088.48950848216     
   54042.337228482196       -8.6756851914446180       -228.91552455092440        394317.40503303311     
   54242.337228482196       -8.6772897182782440       -228.65132534027620        394546.05635837337     
   54442.337228482196       -8.6789047015792722       -228.37238984721719        394774.42874822061     
   54642.337228482196       -8.6806009105075379       -228.09272358077644        395002.52147180139     
   54842.337228482196       -8.6822866592917798       -227.80003809519710        395230.32150989660     
   55042.337228482196       -8.6840456077757295       -227.50685603343021        395457.82836593001     
   55242.337228482196       -8.6857959478006670       -227.20163185299131        395685.02999778301     
   55442.337228482196       -8.6875610669786933       -226.89889020675764        395911.92888798978     
   55642.337228482196       -8.6892356120512826       -226.59656952168908        396138.52545751148     
   55842.337228482196       -8.6908124530281547       -226.31009415074197        396364.83555166220     
   56042.337228482196       -8.6922588267959728       -226.04141919587858        396590.87697085808     
   56242.337228482196       -8.6936056124135472       -225.79566755570474        396816.67263841379     
   56442.337228482196       -8.6948294809526416       -225.56640208653715        397042.23904050031     
   56642.337228482196       -8.6959908747671477       -225.35670782305468        397267.59574832337     
   56842.337228482196       -8.6971032053917909       -225.15744334033079        397492.75319166371     
   57042.337228482196       -8.6982146562250193       -224.96533424639034        397717.71852591011     
   57242.337228482196       -8.6993562138543652       -224.77148232191996        397942.49000823201     
   57442.337228482196       -8.7006237744625938       -224.57074975351287        398167.06075798551     
   57642.337228482196       -8.7020591082801637       -224.34838005311175        398391.40913803864     
   57842.337228482196       -8.7036640111922399       -224.09583187581194        398615.50496991444     
   58002.337228482196       -8.7047376294019898       -223.82457912120884        398839.32954903564     
   58171.937228482195       -8.7065359113131233       -223.61714477465924        399062.94669381029     
   58351.713228482193       -8.7083291044943429       -223.31009466526132        399286.25678847556     
   58542.275788482191       -8.7104683456893053       -222.99331454584254        399509.25010302139     
   58742.275788482191       -8.7126378178647972       -222.62596296416666        399731.87606598553     
   58942.275788482191       -8.7147212707208190       -222.25367334093607        399954.12973932648     
   59142.275788482191       -8.7167437080129275       -221.89553582408527        400176.02527515055     
   59342.275788482191       -8.7186458588270472       -221.54960913316179        400397.57488428371     
   59542.275788482191       -8.7204395300357955       -221.22412572661861        400618.79901001032     
   59742.275788482191       -8.7221080337537220       -220.91784997659752        400839.71685998689     
   59942.275788482191       -8.7236609752979657       -220.63292255684007        401060.34978254372     
   60142.275788482191       -8.7250971428981465       -220.36798944284050        401280.71777198656     
   60342.275788482191       -8.7264251105458293       -220.12298404820845        401500.84075603477     
   60542.275788482191       -8.7276552359798423       -219.89637897565549        401720.73713501042     
   60742.275788482191       -8.7288236062684881       -219.68670530123177        401940.42384031165     
   60942.275788482191       -8.7299314111609050       -219.48556027398155        402159.90940058563     
   61142.275788482191       -8.7310658375190027       -219.29346192263876        402379.20286250825     
   61342.275788482191       -8.7322273056705288       -219.09779621055281        402598.30065871880     
   61542.275788482191       -8.7334167701531165       -218.89642040572542        402817.19707912451     
   61742.275788482191       -8.7346529335905814       -218.68969592101823        403035.88677504554     
   61942.275788482191       -8.7359466082283497       -218.47346748332885        403254.36024252884     
   62142.275788482191       -8.7373384291625236       -218.24725843406381        403472.60750096291     
   62342.275788482191       -8.7387918261898037       -218.00512296197908        403690.61262392491     
   62542.275788482191       -8.7403141296860163       -217.75348666222979        403908.36611058714     
   62742.275788482191       -8.7418424716092105       -217.49039349030051        404125.85650407744     
   62942.275788482191       -8.7434101335777257       -217.22533832703209        404343.08184240450     
   63142.275788482191       -8.7449585459596975       -216.95372468071764        404560.03556708520     
   63342.275788482191       -8.7465023888544788       -216.68641318887003        404776.72198027407     
   63542.275788482191       -8.7479604949130625       -216.42217850851034        404993.14415878261     
   63742.275788482191       -8.7493217284973799       -216.17306602584961        405209.31722480844     
   63942.275788482191       -8.7505547282839693       -215.94156904532872        405425.25879385375     
   64142.275788482191       -8.7516785882458610       -215.73267914010100        405640.99147299386     
   64342.275788482191       -8.7526720923772992       -215.54212784218640        405856.53360083606     
   64542.275788482191       -8.7535805732608658       -215.37284659030786        406071.90644742636     
   64742.275788482191       -8.7544127555429494       -215.21801599031897        406287.12446341669     
   64942.275788482191       -8.7552035819211014       -215.07540697148306        406502.19987038820     
   65142.275788482191       -8.7559720416716971       -214.93942396941438        406717.13929435762     
   65342.275788482191       -8.7567448621457924       -214.80657350814886        406931.94586786575     
   65542.275788482191       -8.7575438795808829       -214.67237401771484        407146.61824188347     
   65742.275788482191       -8.7583940812867720       -214.53223049556479        407361.15047237906     
   65942.275788482191       -8.7593571888528547       -214.38220151470472        407575.53267389379     
   66142.275788482191       -8.7604687239645038       -214.21262449723926        407789.74529839103     
   66342.275788482191       -8.7617317872268430       -214.01650171909515        408003.76180011011     
   66542.275788482191       -8.7631664718253202       -213.79365608578306        408217.55545619590     
   66742.275788482191       -8.7647294982062753       -213.54100887119523        408431.09646506712     
   66942.275788482191       -8.7664273273674009       -213.26724811823325        408644.36371318536     
   67044.675788482185       -8.7667063025905758       -213.00647366653527        408857.37018685188     
   67153.219788482180       -8.7678111492565147       -212.91711746701466        409070.28730431892     
   67226.856038082173       -8.7682003781586459       -212.75299763426625        409283.04030195321     
   67304.910462658168       -8.7689243436536088       -212.66385418277804        409495.70415613597     
   67387.648152708731       -8.7696501471567263       -212.54167583444124        409708.24583197042     
   67475.350104162324       -8.7704450453024219       -212.41473041561406        409920.66056238604     
   67568.314172703132       -8.7712859448774250       -212.27758417512734        410132.93814656115     
   67666.856085356383       -8.7721739043415994       -212.13258368258946        410345.07073024375     
   67771.310512768832       -8.7731033675897727       -211.97989257976741        410557.05062282353     
   67882.032205826035       -8.7740701137290777       -211.82033533814220        410768.87095816166     
   67999.397200466672       -8.7750685299080029       -211.65465796843918        410980.52561613009     
   68123.804094785737       -8.7760924430024758       -211.48379971611092        411192.00941584620     
   68255.675402763954       -8.7771351118364134       -211.30879728740288        411403.31821313361     
   68395.458989220861       -8.7781897451323303       -211.13076549102357        411614.44897862466     
   68543.629590865181       -8.7792498685049036       -210.95081959389520        411825.39979821857     
   68700.690428608155       -8.7803095887294056       -210.77001899983142        412036.16981721838     
   68867.174916615710       -8.7813636088984417       -210.58933162990743        412246.75914884830     
   69043.648473903726       -8.7823967781803898       -210.40907617274047        412457.16822502104     
   69230.710444629018       -8.7834228415738504       -210.23271501914564        412667.40094004018     
   69428.996133597830       -8.7844232009456800       -210.05798088014839        412877.45892092033     
   69628.996133597830       -8.7853296976082369       -209.88886597916130        413087.34778689948     
   69828.996133597830       -8.7861968907696557       -209.73336670885831        413297.08115360833     
   69956.996133597830       -8.7864853458390222       -209.59456762587783        413506.67572123423     
   70092.676133597823       -8.7871587140251055       -209.53000957443328        413716.20573080867     
   70236.496933597824       -8.7877379591781999       -209.41894268711300        413925.62467349577     
   70388.946981597823       -8.7884395858588338       -209.31574500885625        414134.94041850464     
   70550.544032477817       -8.7891729760152320       -209.19495979551274        414344.13537830015     
   70721.836906410623       -8.7899921584032974       -209.06698675759321        414553.20236505778     
   70903.407352779395       -8.7908856441975090       -208.92478645634532        414762.12715151411     
   71095.872025930294       -8.7918882039841701       -208.76810353268590        414970.89525504678     
   71295.872025930294       -8.7929969215353427       -208.59306772538181        415179.48832277214     
   71495.872025930294       -8.7941409683943803       -208.40057555457579        415387.88889832672     
   71695.872025930294       -8.7953684283581346       -208.20165167120479        415596.09054999793     
   71895.872025930294       -8.7966036472522529       -207.98944376768046        415804.07999376563     
   72095.872025930294       -8.7978790277252603       -207.77500016959740        416011.85499393521     
   72223.872025930294       -8.7983142241740904       -207.57040231494832        416219.42539625015     
   72359.552025930287       -8.7993382217745495       -207.47267283798968        416426.89806908811     
   72503.372825930288       -8.8002117918547107       -207.30331128215673        416634.20138037024     
   72655.822873930287       -8.8012570628050995       -207.14888321927361        416841.35026358953     
   72817.419924810281       -8.8022871772232811       -206.97107044777698        417048.32133403729     
   72988.712798743087       -8.8033619460049319       -206.79375311194869        417255.11508714926     
   73170.283245111859       -8.8044079650090659       -206.61100162688132        417461.72608877614     
   73362.747918262758       -8.8054221094950531       -206.43308367828527        417668.15917245444     
   73562.747918262758       -8.8063370654879485       -206.26176076216751        417874.42093321664     
   73762.747918262758       -8.8071292522155957       -206.10708926590721        418080.52802248253     
   73962.747918262758       -8.8078470072206638       -205.97229441992249        418286.50031690247     
   74162.747918262758       -8.8084910140918034       -205.85034089634053        418492.35065779882     
   74362.747918262758       -8.8090927357563960       -205.74026266608954        418698.09092046489     
   74562.747918262758       -8.8096643785943805       -205.63715614709056        418903.72807661199     
   74762.747918262758       -8.8102279380813862       -205.53864303773230        419109.26671964972     
   74962.747918262758       -8.8107966810692808       -205.44116448251341        419314.70788413222     
   75162.747918262758       -8.8113875437496620       -205.34232771576418        419520.05021184799     
   75362.747918262758       -8.8120125260125661       -205.23883010959935        419725.28904195759     
   75562.747918262758       -8.8127117236752319       -205.12879743861882        419930.41783939622     
   75762.747918262758       -8.8135020845870589       -205.00546949840765        420135.42330889462     
   75962.747918262758       -8.8144236326518275       -204.86601819334177        420340.28932708799     
   76162.747918262758       -8.8154645328654411       -204.70359353126022        420544.99292061926     
   76244.667918262756       -8.8154987337017552       -204.54990576967097        420749.54282638890     
   76331.503118262757       -8.8160341016670660       -204.51201023035210        420954.05483661924     
   76423.548430262759       -8.8165382614427088       -204.42343324982502        421158.47826986905     
   76521.116460982754       -8.8171480950131773       -204.33208050840489        421362.81035037746     
   76624.538573545957       -8.8178269518567323       -204.22504778789781        421567.03539816535     
   76734.166012862945       -8.8185898677436683       -204.10564294537429        421771.14104111074     
   76850.371098538963       -8.8194339299332505       -203.97223109305398        421975.11327220377     
   76973.548489355540       -8.8203590445145483       -203.82512829783664        422178.93840050162     
   77104.116523621109       -8.8213601193010156       -203.66453141137859        422382.60293191299     
   77174.978407177710       -8.8216142981038601       -203.51378577354984        422586.11671768653     
   77250.092003747719       -8.8222062481999615       -203.44614792967144        422789.56286561617     
   77329.712416111928       -8.8227873279823399       -203.34720715587585        422992.91007277207     
   77414.110053217984       -8.8234238848657611       -203.24551366682994        423196.15558643889     
   77503.571548550404       -8.8240949038248928       -203.13583829590266        423399.29142473481     
   77598.400733602772       -8.8248021037163493       -203.02021832606906        423602.31164306088     
   77698.919669758281       -8.8255415654543565       -202.89867431104184        423805.21031737194     
   77805.469742083122       -8.8263106506842064       -202.77176562809416        424007.98208300001     
   77918.412818747456       -8.8271056543288076       -202.63996695828416        424210.62204995827     
   78038.132480011642       -8.8279223610563253       -202.50390279696359        424413.12595275522     
   78165.035320951676       -8.8287559362458818       -202.36428939321345        424615.49024214846     
   78299.552332348117       -8.8296012766057697       -202.22193363755804        424817.71217578603     
   78442.140364428342       -8.8304533461423116       -202.07767774700181        425019.78985353303     
   78593.283678433378       -8.8313075144658981       -201.93234485539486        425221.72219838842     
   78753.495591278726       -8.8321597287954834       -201.78668938839093        425423.50888777681     
   78923.320218894791       -8.8330064921776259       -201.64137448731648        425625.15026226413     
   79103.334324167823       -8.8338446776027144       -201.49697960309192        425826.64724186721     
   79294.149275757241       -8.8346629829754573       -201.35360953458249        426028.00085140177     
   79494.149275757241       -8.8354564865903349       -201.21408532219701        426229.21493672399     
   79694.149275757241       -8.8361648058444331       -201.08001003397990        426430.29494675796     
   79894.149275757241       -8.8368370828424183       -200.95865402432361        426631.25360078231     
   80094.149275757241       -8.8374663559221354       -200.84371783360379        426832.09731861594     
   80294.149275757241       -8.8380825142709760       -200.73489476369497        427032.83221337962     
   80494.149275757241       -8.8387148290871682       -200.62801990949751        427233.46023328911     
   80694.149275757241       -8.8393821903407801       -200.51835732448214        427433.97859061358     
   80894.149275757241       -8.8400819313618442       -200.40221083676357        427634.38080145034     
   81094.149275757241       -8.8408273070544077       -200.28010812321455        427834.66090957355     
   81294.149275757241       -8.8416141000697213       -200.14961554399980        428034.81052511756     
   81494.149275757241       -8.8424868265982024       -200.01131042539075        428234.82183554297     
   81694.149275757241       -8.8434617701229890       -199.85847305392357        428434.68030859687     
   81894.149275757241       -8.8445220377481206       -199.68692324552848        428634.36723184242     
   82094.149275757241       -8.8457035236132526       -199.50132038025694        428833.86855222267     
   82196.549275757236       -8.8458869671041374       -199.31946628240598        429033.18801850505     
   82305.093275757230       -8.8466597592102634       -199.25835870234442        429232.44637720741     
   82420.149915757225       -8.8473435399308951       -199.13149249020080        429431.57786969759     
   82542.109954157218       -8.8481570008013755       -199.00939309351008        429630.58726279112     
   82671.387594861211       -8.8490049612579647       -198.86955890369552        429829.45682169480     
   82808.421894007450       -8.8499059743967479       -198.72306024834865        430028.17988194316     
   82953.678251102465       -8.8508267608306195       -198.56879408376989        430226.74867602694     
   83107.649989623184       -8.8517507281744994       -198.41167275806160        430425.16034878499     
   83270.860032455137       -8.8526516453707416       -198.25478484912830        430623.41513363412     
   83443.862677857018       -8.8535099804400197       -198.10229850497242        430821.51743213908     
   83627.245481983002       -8.8543092071244409       -197.95740337413497        431019.47483551322     
   83821.631254356544       -8.8550409700733166       -197.82265614670240        431217.29749165993     
   84021.631254356544       -8.8556681216539737       -197.69972881350745        431414.99722047342     
   84221.631254356544       -8.8562064228446733       -197.59383830234395        431612.59105877578     
   84421.631254356544       -8.8566831891663043       -197.50254576533425        431810.09360454109     
   84621.631254356544       -8.8571116422786087       -197.42152109819571        432007.51512563927     
   84821.631254356544       -8.8575107072865400       -197.34832320672152        432204.86344884598     
   85021.631254356544       -8.8578928110300623       -197.27986207985154        432402.14331092581     
   85221.631254356544       -8.8582713252572844       -197.21396498344694        432599.35727590928     
   85421.631254356544       -8.8586561492944398       -197.14841770081466        432796.50569361012     
   85621.631254356544       -8.8590566727106186       -197.08152416509131        432993.58721777523     
   85821.631254356544       -8.8594806320976751       -197.01170794140600        433190.59892571665     
   86021.631254356544       -8.8599372119170638       -196.93759300065540        433387.53651871730     
   86221.631254356544       -8.8604345595775040       -196.85723451982690        433584.39375323715     
   86421.631254356544       -8.8610023806172560       -196.76935597857096        433781.16310921573     
