 #              _____________________  _______________________             #
 #              ___  __ \__  __ \_  / / /_  /___  ____/_  ___/             #
 #              __  / / /_  /_/ /  / / /_  __/_  __/  _____ \              #
 #              _  /_/ /_  _, _// /_/ / / /_ _  /___  ____/ /              #
 #              /_____/ /_/ |_| \____/  \__/ /_____/  /____/               #
 #                                                                         #
  
 #        time                      T            heat flux [W.L-2]   in    x              directions   cumulative flux
 #-----------------------------------------------------------------------------------------------

   0.0000000000000000        10.000000000000000       -0.0000000000000000        0.0000000000000000     
   1.0000000000000000        10.000000000000000       -0.0000000000000000        0.0000000000000000     
   1.9540000000000002        10.000000000000004       -0.0000000000000000        0.0000000000000000     
   2.8641160000000001        10.000000000000004       -0.0000000000000000        0.0000000000000000     
   3.8288389600000006        10.000000000000002       -0.0000000000000000        0.0000000000000000     
   4.8514452976000007        10.000000000000002       -0.0000000000000000        0.0000000000000000     
   5.9354080154560007        10.000000000000002       -0.0000000000000000        0.0000000000000000     
   7.0844084963833609        10.000000000000002       -0.0000000000000000        0.0000000000000000     
   8.3023490061663630        10.000000000000000       -0.0000000000000000        0.0000000000000000     
   9.5933659465363448        10.000000000000002       -0.0000000000000000        0.0000000000000000     
   10.961843903328527        10.000000000000000       -0.0000000000000000        0.0000000000000000     
   12.412430537528239        10.000000000000002       -0.0000000000000000        0.0000000000000000     
   13.950052369779934        10.000000000000002       -0.0000000000000000        0.0000000000000000     
   15.579931511966731        10.000000000000002       -5.6488147492927914E-013   5.6488147492927914E-013
   17.307603402684734        10.000000000000002       -5.6488147492927914E-013   1.1297629498585583E-012
   19.138935606845820        10.000000000000002       -5.6488147492927914E-013   1.6946444247878373E-012
   21.080147743256571        10.000000000000002       -0.0000000000000000        1.6946444247878373E-012
   23.137832607851966        10.000000000000002       -0.0000000000000000        1.6946444247878373E-012
   25.318978564323086        10.000000000000002       -0.0000000000000000        1.6946444247878373E-012
   27.630993278182473        10.000000000000004       -0.0000000000000000        1.6946444247878373E-012
   30.081728874873424        10.000000000000004       -0.0000000000000000        1.6946444247878373E-012
   32.679508607365833        10.000000000000004       -0.0000000000000000        1.6946444247878373E-012
   35.433155123807786        10.000000000000004       -0.0000000000000000        1.6946444247878373E-012
   38.352020431236255        10.000000000000005       -0.0000000000000000        1.6946444247878373E-012
   41.446017657110431        10.000000000000005       -0.0000000000000000        1.6946444247878373E-012
   44.725654716537058        10.000000000000005       -0.0000000000000000        1.6946444247878373E-012
   48.202069999529286        10.000000000000005       -0.0000000000000000        1.6946444247878373E-012
   51.887070199501046        10.000000000000005       -0.0000000000000000        1.6946444247878373E-012
   55.793170411471110        10.000000000000005       -0.0000000000000000        1.6946444247878373E-012
   59.933636636159378        10.000000000000005       -0.0000000000000000        1.6946444247878373E-012
   64.322530834328944        10.000000000000005       -0.0000000000000000        1.6946444247878373E-012
   68.974758684388689        10.000000000000007       -0.0000000000000000        1.6946444247878373E-012
   73.906120205452012        10.000000000000007       -0.0000000000000000        1.6946444247878373E-012
   79.133363417779137        10.000000000000007       -0.0000000000000000        1.6946444247878373E-012
   84.674241222845893        10.000000000000005       -0.0000000000000000        1.6946444247878373E-012
   90.547571696216650        10.000000000000005       -0.0000000000000000        1.6946444247878373E-012
   96.773301997989648        10.000000000000005       -0.0000000000000000        1.6946444247878373E-012
   99.476364677492242        10.000000000000005       -0.0000000000000000        1.6946444247878373E-012
   101.76856182971045        10.000000000000005       -0.0000000000000000        1.6946444247878373E-012
   104.19829081106174        10.000000000000005       -0.0000000000000000        1.6946444247878373E-012
   106.25870098724764        10.000000000000004       -0.0000000000000000        1.6946444247878373E-012
   108.44273577400469        10.000000000000004       -0.0000000000000000        1.6946444247878373E-012
   110.75781264796716        10.000000000000005       -0.0000000000000000        1.6946444247878373E-012
   113.21179413436738        10.000000000000009       -5.6488147492927924E-013   2.2595258997171166E-012
   115.81301450995161        10.000000000000005       -0.0000000000000000        2.2595258997171166E-012
   118.57030810807090        10.000000000000005       -0.0000000000000000        2.2595258997171166E-012
   121.49303932207735        10.000000000000005       -0.0000000000000000        2.2595258997171166E-012
   124.59113440892419        10.000000000000005       -0.0000000000000000        2.2595258997171166E-012
   127.87511520098184        10.000000000000004        1.1297629498585585E-012   3.3892888495756751E-012
   131.35613484056293        10.000000000000002        1.1297629498585585E-012   4.5190517994342340E-012
   135.04601565851891        10.000000000000004        1.1297629498585585E-012   5.6488147492927924E-012
   138.95728932555224        10.000000000000004        1.1297629498585585E-012   6.7785776991513509E-012
   143.10323941260756        10.000000000000004        1.1297629498585585E-012   7.9083406490099086E-012
   147.49794650488622        10.000000000000004        1.1297629498585585E-012   9.0381035988684679E-012
   152.15633602270159        10.000000000000002        1.6946444247878377E-012   1.0732748023656305E-011
   157.09422891158587        10.000000000000004        1.1297629498585585E-012   1.1862510973514863E-011
   162.32839537380323        10.000000000000004        1.1297629498585585E-012   1.2992273923373422E-011
   167.87661182375362        10.000000000000005        5.6488147492927924E-013   1.3557155398302702E-011
   173.75772126070103        10.000000000000005        5.6488147492927924E-013   1.4122036873231982E-011
   179.99169726386529        10.000000000000005        1.1297629498585585E-012   1.5251799823090541E-011
   186.59971182721941        10.000000000000007        5.6488147492927924E-013   1.5816681298019820E-011
   193.60420726437476        10.000000000000007        5.6488147492927924E-013   1.6381562772949100E-011
   201.02897242775944        10.000000000000005        5.6488147492927924E-013   1.6946444247878380E-011
   208.89922350094722        10.000000000000005        5.6488147492927924E-013   1.7511325722807659E-011
   217.24168963852625        10.000000000000005       -0.0000000000000000        1.7511325722807659E-011
   226.08470374436004        10.000000000000005        5.6488147492927924E-013   1.8076207197736939E-011
   235.45829869654384        10.000000000000007       -0.0000000000000000        1.8076207197736939E-011
   245.39430934585866        10.000000000000007       -0.0000000000000000        1.8076207197736939E-011
   255.92648063413239        10.000000000000007       -1.1297629498585585E-012   1.9205970147595498E-011
   258.85308287493723        10.000000000000007       -1.1297629498585585E-012   2.0335733097454058E-011
   261.77968511574204        10.000000000000007       -1.1297629498585585E-012   2.1465496047312617E-011
   264.26144381594452        10.000000000000005       -5.6488147492927924E-013   2.2030377522241897E-011
   266.89210803815917        10.000000000000007       -1.1297629498585585E-012   2.3160140472100456E-011
   269.12291129859716        10.000000000000007       -1.1297629498585585E-012   2.4289903421959015E-011
   271.48756275466144        10.000000000000009       -1.1297629498585585E-012   2.5419666371817574E-011
   273.99409329808958        10.000000000000007        5.6488147492927924E-013   2.5984547846746854E-011
   276.65101567412341        10.000000000000009       -0.0000000000000000        2.5984547846746854E-011
   279.46735339271930        10.000000000000005        1.6946444247878377E-012   2.7679192271534693E-011
   282.45267137443091        10.000000000000005        1.6946444247878377E-012   2.9373836696322529E-011
   285.61710843504522        10.000000000000007        1.6946444247878377E-012   3.1068481121110368E-011
   288.97141171929638        10.000000000000009        1.1297629498585585E-012   3.2198244070968927E-011
   292.52697320060264        10.000000000000007        1.6946444247878377E-012   3.3892888495756766E-011
   296.29586837078728        10.000000000000009        1.1297629498585585E-012   3.5022651445615325E-011
   300.29089725118297        10.000000000000007        1.1297629498585585E-012   3.6152414395473885E-011
   304.52562786440240        10.000000000000005        1.1297629498585585E-012   3.7282177345332444E-011
   308.76035847762182        10.000000000000005        5.6488147492927924E-013   3.7847058820261723E-011
   313.24917292763445        10.000000000000005       -0.0000000000000000        3.7847058820261723E-011
   318.00731624464782        10.000000000000004        5.6488147492927924E-013   3.8411940295191003E-011
   323.05094816068203        10.000000000000004        1.1297629498585585E-012   3.9541703245049562E-011
   328.09458007671623        10.000000000000004        1.1297629498585585E-012   4.0671466194908122E-011
   333.13821199275043        10.000000000000004        1.1297629498585585E-012   4.1801229144766681E-011
   338.18184390878463        10.000000000000004        1.1297629498585585E-012   4.2930992094625240E-011
   343.22547582481883        10.000000000000004        1.1297629498585585E-012   4.4060755044483800E-011
   348.57172565581504        10.000000000000004        1.1297629498585585E-012   4.5190517994342359E-011
   354.23875047667104        10.000000000000005        5.6488147492927924E-013   4.5755399469271639E-011
   360.24579678677839        10.000000000000005        5.6488147492927924E-013   4.6320280944200918E-011
   366.61326587549217        10.000000000000007       -0.0000000000000000        4.6320280944200918E-011
   373.36278310952883        10.000000000000007        5.6488147492927924E-013   4.6885162419130198E-011
   380.51727137760764        10.000000000000007        1.1297629498585585E-012   4.8014925368988757E-011
   388.10102894177118        10.000000000000009       -0.0000000000000000        4.8014925368988757E-011
   396.13981195978454        10.000000000000009       -0.0000000000000000        4.8014925368988757E-011
   404.66092195887870        10.000000000000007       -0.0000000000000000        4.8014925368988757E-011
   413.69329855791852        10.000000000000007       -5.6488147492927924E-013   4.8579806843918037E-011
   423.26761775290072        10.000000000000007       -5.6488147492927924E-013   4.9144688318847316E-011
   433.41639609958185        10.000000000000007       -1.1297629498585585E-012   5.0274451268705876E-011
   444.17410114706388        10.000000000000005       -1.6946444247878377E-012   5.1969095693493715E-011
   455.57726849739481        10.000000000000004       -2.8244073746463962E-012   5.4793503068140113E-011
   467.66462588874560        9.9999999999999982       -5.0839332743635136E-012   5.9877436342503630E-011
   480.47722472357748        9.9999999999999893       -9.0381035988684679E-012   6.8915539941372091E-011
   494.05857948849922        9.9999999999999734       -1.8076207197736936E-011   8.6991747139109027E-011
   508.45481553931626        9.9999999999999396       -3.7282177345332431E-011   1.2427392448444147E-010
   523.71482575318237        9.9999999999998668       -7.3999473215735582E-011   1.9827339770017705E-010
   530.34035594779789        9.9999999999998277       -9.4900087788118929E-011   2.9317348548829598E-010
   537.36341795409032        9.9999999999997726       -1.2257928005965363E-010   4.1575276554794961E-010
   544.38647996038276        9.9999999999997016       -1.5760193150526892E-010   5.7335469705321853E-010
   551.40954196667519        9.9999999999996145       -2.0335733097454057E-010   7.7671202802775910E-010
   558.85398769334518        9.9999999999994920       -2.6323476731704416E-010   1.0399467953448032E-009
   566.74510016361535        9.9999999999993232       -3.4570746265671904E-010   1.3856542580015221E-009
   575.10967938210172        9.9999999999990852       -4.5981352059243343E-010   1.8454677785939556E-009
   583.97613335369726        9.9999999999987459       -6.2080474094727813E-010   2.4662725195412337E-009
   593.37457456358857        9.9999999999982592       -8.5071150124349474E-010   3.3169840207847284E-009
   603.33692224607341        9.9999999999975451       -1.1806022826021943E-009   4.4975863033869229E-009
   613.89701078950736        9.9999999999964828       -1.6630110621917991E-009   6.1605973655787222E-009
   625.09070464554725        9.9999999999948912       -2.3770212465024088E-009   8.5376186120811309E-009
   636.95602013294956        9.9999999999924594       -3.4435174711688891E-009   1.1981136083250020E-008
   649.53325454959599        9.9999999999887059       -5.0585136079917017E-009   1.7039649691241721E-008
   658.06565037784901        9.9999999999854872       -6.4289160661701383E-009   2.3468565757411859E-008
   667.10998995579712        9.9999999999811191       -8.2630862152655126E-009   3.1731651972677368E-008
   676.15432953374523        9.9999999999755627       -1.0568932395926842E-008   4.2300584368604210E-008
   685.19866911169333        9.9999999999685247       -1.3453217206915757E-008   5.5753801575519967E-008
   694.24300868964144        9.9999999999596518       -1.7045863387465999E-008   7.2799664962985963E-008
   703.83000864226653        9.9999999999476685       -2.1836058294866330E-008   9.4635723257852290E-008
   713.41700859489163        9.9999999999324807       -2.7831710269765767E-008   1.2246743352761806E-007
   723.57922854467415        9.9999999999118572       -3.5862630198835435E-008   1.5833006372645350E-007
   734.35118169144368        9.9999999998835492       -4.6729255132050166E-008   2.0505931885850365E-007
   745.76945202701938        9.9999999998442703       -6.1574340293191953E-008   2.6663365915169559E-007
   757.87281858272956        9.9999999997891802       -8.2059766981502835E-008   3.4869342613319844E-007
   770.70238713178242        9.9999999997110720       -1.1060718208000486E-007   4.5930060821320330E-007
   784.30172979377846        9.9999999995991402       -1.5077533888075289E-007   6.1007594709395616E-007
   798.71703301549417        9.9999999994370210       -2.0783853571516238E-007   8.1791448280911854E-007
   813.99725443051284        9.9999999991997637       -2.8965596854392591E-007   1.1075704513530444E-006
   830.19428913043271        9.9999999988490327       -4.0802405720799473E-007   1.5155945085610392E-006
   847.36314591234770        9.9999999983254995       -5.8074334674534612E-007   2.0963378553063853E-006
   865.56213410117766        9.9999999975367722       -8.3482138535383605E-007   2.9311592406602215E-006
   884.85306158133733        9.9999999963381132       -1.2114216509930597E-006   4.1425808916532811E-006
   905.30144471030667        9.9999999945016107       -1.7735160007252297E-006   5.9160968923785104E-006
   926.97673082701408        9.9999999916668418       -2.6177641281329605E-006   8.5338610205114717E-006
   949.95253411072395        9.9999999872617416       -3.8928592189805809E-006   1.2426720239492053E-005
   974.30688559145642        9.9999999803758488       -5.8278889554259623E-006   1.8254609194918013E-005
   994.95937564711755        9.9999999724480357       -8.0053963245111093E-006   2.6260005519429121E-005
   1016.8510151061184        9.9999999609520280       -1.1088146592904578E-005   3.7348152112333697E-005
   1040.0561529326594        9.9999999441637257       -1.5478356836252343E-005   5.2826508948586040E-005
   1064.6535990287928        9.9999999194873617       -2.1763978288919445E-005   7.4590487237505485E-005
   1089.2510451249261        9.9999998857827315       -3.0133786431483955E-005   1.0472427366898944E-004
   1115.3243379868275        9.9999998366926057       -4.2004672337740372E-005   1.4672894600672982E-004
   1142.9620284204429        9.9999997648115411       -5.8911891215960858E-005   2.0564083722269069E-004
   1172.2579802800753        9.9999996590674662       -8.3077194211806092E-005   2.8871803143449681E-004
   1203.3116892512855        9.9999995028939654       -1.1771400788461793E-004   4.0643203931911472E-004
   1236.2286207607685        9.9999992715046151       -1.6746391529853420E-004   5.7389595461764887E-004
   1271.1205681608203        9.9999989278445618       -2.3901724723786232E-004   8.1291320185551122E-004
   1308.1060324048754        9.9999984166068856       -3.4198951332586327E-004   1.1549027151813744E-003
   1341.3929502245248        9.9999978054385306       -4.6171857204368273E-004   1.6166212872250570E-003
   1376.6770831133533        9.9999969419199530       -6.2606585319628465E-004   2.2426871404213418E-003
   1414.0782639755116        9.9999957184047883       -8.5204550036462609E-004   3.0947326407859679E-003
   1453.7235156893994        9.9999939810779832       -1.1630993389109730E-003   4.2578319796969409E-003
   1475.2397866995605        9.9999928919917043       -1.3552710122162776E-003   5.6131029919132183E-003
   1498.0470339703313        9.9999915517271631       -1.5881518196554998E-003   7.2012548115687183E-003
   1522.2227160773484        9.9999898940047096       -1.8715523955745038E-003   9.0728072071432214E-003
   1547.8489391107864        9.9999878334275856       -2.2178427358999428E-003   1.1290649943043164E-002
   1575.0127355262307        9.9999852596512060       -2.6426478022153689E-003   1.3933297745258533E-002
   1603.8063597266016        9.9999820297248068       -3.1657330361581941E-003   1.7099030781416728E-002
   1634.3276013789948        9.9999779580338117       -3.8121295733511726E-003   2.0911160354767901E-002
   1666.6801175305318        9.9999728030989132       -4.6135606543773562E-003   2.5524721009145258E-002
   1684.2384750962938        9.9999697396435998       -5.0849033337390338E-003   3.0609624342884292E-002
   1701.7968326620557        9.9999663907994130       -5.5948612753630783E-003   3.6204485618247371E-002
   1720.4086916817635        9.9999624957608386       -6.1815506174396689E-003   4.2386036235687041E-002
   1739.0205507014712        9.9999582296012122       -6.8172141157745517E-003   4.9203250351461593E-002
   1758.7491212623615        9.9999532580689632       -7.5495449891550236E-003   5.6752795340616613E-002
   1779.6614060569052        9.9999474426194794       -8.3958915590813688E-003   6.5148686899697980E-002
   1801.8284279391216        9.9999406140738962       -9.3770738790943352E-003   7.4525760778792319E-002
   1825.3254711342709        9.9999325652852100       -1.0518124714039389E-002   8.5043885492831706E-002
   1850.2323369211292        9.9999230419622869       -1.1849192587189430E-002   9.6893078080021136E-002
   1876.6336146551989        9.9999117311807435       -1.3406641552951414E-002  0.11029971963297255     
   1904.6189690533129        9.9998982469916236       -1.5234389122980358E-002  0.12553410875595292     
   1934.2834447153136        9.9998821123928074       -1.7385531482452116E-002  0.14291964023840503     
   1965.7277889170346        9.9998627367492467       -1.9924313888894395E-002  0.16284395412729943     
   1999.0587937708588        9.9998393875303258       -2.2928513857960485E-002  0.18577246798525993     
   2034.3896589159124        9.9998111549692528       -2.6492315278359855E-002  0.21226478326361978     
   2071.8403759696689        9.9997769079344039       -3.0729762714975885E-002  0.24299454597859566     
   2111.5381360466513        9.9997352389291976       -3.5778896508720653E-002  0.27877344248731628     
   2153.6177617282524        9.9996843957005552       -4.1806680197892625E-002  0.32058012268520891     
   2198.2221649507496        9.9996221964324974       -4.9014841562591588E-002  0.36959496424780047     
   2245.5028323665965        9.9995459249311160       -5.7646756157237952E-002  0.42724172040503844     
   2277.5780371415071        9.9994890989627230       -6.3981186028728182E-002  0.49122290643376665     
   2311.5777542029123        9.9994227535826230       -7.1259964873023593E-002  0.56248287130679020     
   2345.5774712643174        9.9993498891404151       -7.9129553580572526E-002  0.64161242488736270     
   2381.6171713494068        9.9992648275750682       -8.8166570035512051E-002  0.72977899492287479     
   2419.8192534396017        9.9991652585554540       -9.8564081170604265E-002  0.82834307609347901     
   2460.3134604552083        9.9990484036683895      -0.11054846945855305       0.93889154555203203     
   2494.6525480044429        9.9989407133730985      -0.12142999627875303        1.0603215418307850     
   2531.0519808066315        9.9988163406862665      -0.13380277313286465        1.1941243149636496     
   2567.4514136088201        9.9986811775789199      -0.14704408416304085        1.3411683991266905     
   2606.0348123791400        9.9985250930744627      -0.16209088579739825        1.5032592849240887     
   2646.9332150756791        9.9983444197273155      -0.17921717685099570        1.6824764617750843     
   2690.2855219340104        9.9981348037088580      -0.19874010075523277        1.8812165625303170     
   2736.2389672038416        9.9978910745708767      -0.22102647149049168        2.1022430340208085     
   2784.9496191898629        9.9976070914226245      -0.24650012935692497        2.3487431633777334     
   2836.5829102950452        9.9972755618640718      -0.27565017707305256        2.6243933404507858     
   2880.3679411522398        9.9969714451448333      -0.30195420593952088        2.9263475463903066     
   2926.7800738608662        9.9966220248761601      -0.33166236187859827        3.2580099082689049     
   2975.9769345320101        9.9962197749942412      -0.36525501504700203        3.6232649233159071     
   3028.1256068434227        9.9957558608476411      -0.40328072718774233        4.0265456505036497     
   3083.4031994935199        9.9952199156341912      -0.44636497868976766        4.4729106291934171     
   3141.9974477026230        9.9945997826357491      -0.49521965287483272        4.9681302820682500     
   3204.1073508042723        9.9938812195967230      -0.55065323643339192        5.5187835185016416     
   3269.9438480920207        9.9930475617411663      -0.61358165969135459        6.1323651781929964     
   3339.7305352170338        9.9920793402872388      -0.68503965883021067        6.8174048370232070     
   3402.5385536295457        9.9911368844108956      -0.75324437515247078        7.5706492121756774     
   3469.1150531468083        9.9900551058456379      -0.82995389217179150        8.4006031043474696     
   3535.6915526640710        9.9888877555164015      -0.91110421314160273        9.3117073174890717     
   3606.2626421523692        9.9875510705451411       -1.0021341594040740        10.313841476893145     
   3676.8337316406673        9.9861121393898120       -1.0981835164015983        11.412024993294743     
   3751.6390864982636        9.9844687224759472       -1.2056317824509244        12.617656775745667     
   3830.9327626473155        9.9825903802073750       -1.3258380886847003        13.943494864430367     
   3898.1738000217115        9.9808975109754883       -1.4322902432206488        15.375785107651016     
   3965.4148373961075        9.9791027697656620       -1.5432309437328751        16.919016051383892     
   4032.6558747705035        9.9772044889117701       -1.6586246135329841        18.577640664916878     
   4103.9313743873636        9.9750742001369126       -1.7858949507708937        20.363535615687770     
   4179.4834039812349        9.9726815361552141       -1.9262978402101776        22.289833455897949     
   4259.5685553507383        9.9699922490225745       -2.0812084884168782        24.371041944314825     
   4344.4588158024126        9.9669677925670008       -2.2521286601922088        26.623170604507035     
   4429.3490762540869        9.9637680825751715       -2.4296337316391927        29.052804336146227     
   4519.3327523328617        9.9601782291948595       -2.6250232757249021        31.677827611871130     
   4609.3164284116365        9.9563894185733126       -2.8274743268452878        34.505301938716421     
   4704.6991250551373        9.9521493196738575       -3.0497931033309587        37.555095042047377     
   4805.8047834972485        9.9474033213525352       -3.2938637315802795        40.848958773627658     
   4906.9104419393598        9.9424065740835701       -3.5460790232223278        44.395037796849984     
   4987.7949686930488        9.9382493097837212       -3.7529246820604940        48.147962478910479     
   5073.5325670519587        9.9336639891976759       -3.9777140627450689        52.125676541655551     
   5164.4144213124036        9.9286043760489306       -4.2220063169112487        56.347682858566799     
   5260.7491868284751        9.9230195968508959       -4.4874736257033039        60.835156484270101     
   5362.8640382755111        9.9168538292374659       -4.7759029296275957        65.611059413897692     
   5471.1057808093692        9.9100460131988868       -5.0891959839439380        70.700255397841630     
   5562.8947784780803        9.9040801271731649       -5.3600927087634318        76.060348106605062     
   5645.5048763799205        9.8985568211369941       -5.6079779468244162        81.668326053429482     
   5733.0715801558708        9.8925318836809595       -5.8751364379371918        87.543462491366668     
   5825.8922861583787        9.8859577364142588       -6.1630527655053227        93.706515256871995     
   5924.2822345210370        9.8787827084487958       -6.4733022522729247        100.17981750914493     
   6028.5755797854545        9.8709508441761891       -6.8075507260984995        106.98736823524342     
   6139.1265257657369        9.8624017424430175       -7.1675531517875548        114.15492138703098     
   6238.6223771479918        9.8545124793500136       -7.4959207249321391        121.65084211196312     
   6344.0879796131812        9.8459371266423048       -7.8486035073321219        129.49944561929524     
   6378.6469482289749        9.8431045418682785       -7.9646556599418812        137.46410127923713     
   6415.2794549617156        9.8400768660800289       -8.0882041862608745        145.55230546549799     
   6454.1099120984209        9.8368396227453445       -8.2197502421949178        153.77205570769291     
   6487.0381397503470        9.8340745735394393       -8.3317132035113435        162.10376891120427     
   6521.9420610613888        9.8311215380615771       -8.4508468842130320        170.55461579541731     
   6558.9402176510930        9.8279668045640296       -8.5776252237251889        179.13224101914250     
   6598.1582636361800        9.8245955864677690       -8.7125544345065506        187.84479545364906     
   6639.7293923803718        9.8209919498125480       -8.8561743347036668        196.70096978835272     
   6683.7947888492154        9.8171387226438149       -9.0090605339191541        205.71003032227188     
   6730.5041091061894        9.8130174016610958       -9.1718265342488223        214.88185685652070     
   6780.0159885785815        9.8086080537940141       -9.3451258855624850        224.22698274208318     
   6832.4985808193178        9.8038892129412023       -9.5296543829028018        233.75663712498599     
   6888.1301285944983        9.7988377722490014       -9.7261522910617444        243.48278941604772     
   6947.0995692361894        9.7934288724701943       -9.9354065782425458        253.41819599429027     
   7006.0690098778805        9.7879668105667150       -10.145586198041551        263.56378219233181     
   7068.5766169580729        9.7821187311553963       -10.369368531439415        273.93315072377123     
   7134.8346804630764        9.7758559768484528       -10.607636997720723        284.54078772149194     
   7205.0682277783808        9.7691478086927646       -10.861327671494456        295.40211539298639     
   7279.5157879326034        9.7619612918813949       -11.131431132500197        306.53354652548660     
   7358.4302016960792        9.7542611849060510       -11.418994038868933        317.95254056435556     
   7442.0794802853634        9.7460098351295343       -11.725120296452664        329.67766086080820     
   7530.7477155900051        9.7371670844865932       -12.050971681064951        341.72863254187314     
   7619.4159508946468        9.7282319176898469       -12.378069818493081        354.10670236036623     
   7713.4042803175662        9.7186613957764543       -12.726066340200495        366.83276870056670     
   7813.0319095058612        9.7084105294583694       -13.096223697949009        379.92899239851573     
   7918.6371964454538        9.6974317176713623       -13.489857820831887        393.41885021934763     
   8030.5788006014218        9.6856747507891843       -13.908335390304085        407.32718560965174     
   8142.5204047573898        9.6738056491190711       -14.327846058365173        421.65503166801693     
   8254.4620089133587        9.6618315706189133       -14.748203766775864        436.40323543479280     
   8330.4031931727677        9.6536622486620729       -15.033707332998850        451.43694276779166     
   8381.9216925743513        9.6480996435585844       -15.227528692781702        466.66447146057334     
   8425.6093800668932        9.6433681991286413       -15.391976334033791        482.05644779460715     
   8471.9183288089880        9.6383372185540104       -15.566376836860776        497.62282463146795     
   8521.0058144756094        9.6329873880802239       -15.751322611186472        513.37414724265443     
   8573.0385492822279        9.6272981461904585       -15.947439889022773        529.32158713167723     
   8628.1932481772419        9.6212476515354570       -16.155388302949181        545.47697543462641     
   8686.6572290059576        9.6148127118581463       -16.375862379999063        561.85283781462545     
   8748.6290486843955        9.6079687220680050       -16.609592535083447        578.46243034970894     
   8814.3191775435407        9.6006896046665666       -16.857345932439948        595.31977628214884     
   8883.9507141342347        9.5929477538324619       -17.119927188341762        612.43970347049060     
   8957.7601429203696        9.5847139846921081       -17.398178884327454        629.83788235481802     
   9035.9981374336730        9.5759574895253756       -17.692981853085620        647.53086420790362     
   9114.2361319469765        9.5671743503689939       -17.987593667837942        665.51845787574155     
   9197.1684061310789        9.5578366837707875       -18.299613171651576        683.81807104739312     
   9220.2130160998186        9.5552399264835106       -18.386292856251472        702.20436390364455     
   9244.6403026666831        9.5524850903079344       -18.478147466216289        720.68251136986089     
   9270.5332264275603        9.5495624836366950       -18.575482570218298        739.25799394007913     
   9297.9797256140901        9.5464618183628858       -18.678621316106021        757.93661525618518     
   9327.0730147518116        9.5431721770634805       -18.787905208865524        776.72452046505066     
   9357.9119012377960        9.5396819764870600       -18.903695028497573        795.62821549354828     
   9390.6011209129392        9.5359789294754300       -19.026371771063616        814.65458726461191     
   9425.2516937685905        9.5320500053798050       -19.156337608605508        833.81092487321746     
   9461.9813009955815        9.5278813890670762       -19.294016862306336        853.10494173552377     
   9500.9146846561925        9.5234584443117889       -19.439856604448337        872.54479833997209     
   9542.1840713364400        9.5187656537403669       -19.594328684287238        892.13912702425932     
   9585.9296212175013        9.5137865910845569       -19.757929715412178        911.89705673967148     
   9632.2999040914274        9.5085038711591725       -19.931182314999688        931.82823905467114     
   9681.4524039377884        9.5028991051087264       -20.114635992708607        951.94287504737974     
   9733.5540537749312        9.4969528560815508       -20.308867977956471        972.25174302533617     
   9788.7818026023015        9.4906445959600774       -20.514483968124789        992.76622699346092     
   9847.3232163593148        9.4839526638911185       -20.732118780478810        1013.4983457739397     
   9909.3771149417498        9.4768542274759024       -20.962436892301984        1034.4607826662418     
   9975.1542474391299        9.4693252475934742       -21.206132855974190        1055.6669155222160     
   10044.878007886353        9.4613404479476522       -21.463931576498840        1077.1308470987149     
   10118.785193960410        9.4528732905618433       -21.736588433871695        1098.8674355325866     
   10197.126811198910        9.4438959586336839       -22.024889217092621        1120.8923247496791     
   10280.168925471720        9.4343793484547689       -22.329649805702129        1143.2219745553812     
   10368.193566600899        9.4242930725116256       -22.651715490261243        1165.8736900456424     
   10456.218207730079        9.4142101137866021       -22.972763883909746        1188.8464539295521     
   10544.242848859258        9.4041323981923597       -23.292759923542960        1212.1392138530950     
   10637.548968456187        9.3934581311022818       -23.630733231915439        1235.7699470850105     
   10688.188065683833        9.3876677307740941       -23.813791614278411        1259.5837386992889     
   10741.865508745137        9.3815333822059390       -24.007415496909971        1283.5911541961989     
   10798.763598390120        9.3750353651648410       -24.212177549566004        1307.8033317457648     
   10859.075573413802        9.3681529681529927       -24.428675336413480        1332.2320070821784     
   10899.991217269868        9.3634866487156962       -24.575291486934912        1356.8072985691133     
   10943.361799757296        9.3585435754906143       -24.730414391318799        1381.5377129604321     
   10989.334617193972        9.3533077918683318       -24.894512646975361        1406.4322256074074     
   11038.065803676847        9.3477624833444821       -25.068079386247156        1431.5003049936545     
   11089.720861348695        9.3418899737362331       -25.251630113489096        1456.7519351071435     
   11144.475222480854        9.3356716919497611       -25.445703783153139        1482.1976388902967     
   11202.514845280943        9.3290881473626115       -25.650863172933281        1507.8485020632299     
   11264.036845449036        9.3221189083510545       -25.867695167752451        1533.7161972309823     
   11329.250165627216        9.3147425847290410       -26.096810945890809        1559.8130081768732     
   11398.376285016087        9.3069368149514631       -26.338846053336344        1586.1518542302094     
   11471.649971568289        9.2986782590515453       -26.594460341778998        1612.7463145719885     
   11549.320079313624        9.2899425984578663       -26.864337727232069        1639.6106522992206     
   11631.650393523680        9.2807045441036102       -27.149185699464500        1666.7598379986850     
   11676.332701651761        9.2756974386313118       -27.303415972520661        1694.0632539712058     
   11723.695948267527        9.2703974841082513       -27.466490264060035        1721.5297442352658     
   11773.900989680238        9.2647882712999099       -27.638885518953611        1749.1686297542194     
   11827.118333577713        9.2588525862798132       -27.821100248451184        1776.9897300026705     
   11883.528718109037        9.2525723897745369       -28.013654879032622        1805.0033848817031     
   11943.323725712240        9.2459287994738588       -28.217091980737955        1833.2204768624410     
   12006.706433771635        9.2389020761160605       -28.431976346816793        1861.6524532092578     
   12073.892104314593        9.2314716142872228       -28.658894898082810        1890.3113481073406     
   12145.108915090128        9.2236159389715748       -28.898456393445962        1919.2098045007865     
   12220.598734512196        9.2153127089352687       -29.151290943739642        1948.3610954445262     
   12300.617943099587        9.2065387279960582       -29.418049346702688        1977.7791447912289     
   12368.474231981696        9.1991185506337665       -29.643358676717007        2007.4225034679459     
   12440.401898196731        9.1912763013336019       -29.881167143538573        2037.3036706114844     
   12516.645224384669        9.1829900761332652       -30.132091944085264        2067.4357625555699     
   12597.463150143882        9.1742371588338791       -30.396770580613815        2097.8325331361839     
   12683.130151448648        9.1649940412669935       -30.675860278600066        2128.5083934147838     
   12773.937172831700        9.1552364529955828       -30.970037125315702        2159.4784305400995     
   12870.192615497735        9.1449394024750390       -31.279994752225662        2190.7584252923252     
   12972.223384723733        9.1340772325504602       -31.606442324060747        2222.3648676163862     
   13074.254153949731        9.1232687302844671       -31.930776342944782        2254.2956439593308     
   13182.406769329287        9.1118730979807800       -32.272188329069124        2286.5678322884000     
   13241.103356748081        9.1057067065221542       -32.456776435166240        2319.0246087235664     
   13299.799944166874        9.0995587290221955       -32.640662580589137        2351.6652713041553     
   13362.018326830796        9.0930627476340273       -32.834789295747939        2384.5000605999035     
   13427.969812454552        9.0862006683037393       -33.039667993706452        2417.5397285936101     
   13497.878387215733        9.0789537022195397       -33.255833324479703        2450.7955619180898     
   13571.981476462584        9.0713023605194785       -33.483835113106210        2484.2793970311959     
   13650.530751064247        9.0632264730787249       -33.724240043320322        2518.0036370745161     
   13733.792982142009        9.0547052115195026       -33.977630921444380        2551.9812679959605     
   13822.050947084439        9.0457171200715312       -34.244605910776585        2586.2258739067370     
   13915.604389923414        9.0362401547811118       -34.525777727195774        2620.7516516339329     
   14014.771039332727        9.0262517318301807       -34.821772700326427        2655.5734243342595     
   14119.887687706600        9.0157287864758402       -35.133229486246940        2690.7066538205063     
   14231.311334982904        9.0046478453779155       -35.460797097205308        2726.1674509177114     
   14349.420401095786        8.9929851165463059       -35.805131865889642        2761.9725827836010     
   14474.616011175442        8.9807166019323326       -36.166893109404974        2798.1394758930060     
   14607.323357859877        8.9678182363905101       -36.546737705072978        2834.6862135980791     
   14747.993145345379        8.9542660523662203       -36.945314436979196        2871.6315280350582     
   14897.103120080010        8.9400363634785336       -37.363259370626466        2908.9947874056847     
   15055.159693298720        8.9251059567873483       -37.801192993659292        2946.7959803993440     
   15213.216266517429        8.9103291132411755       -38.234065386803664        2985.0300457861476     
   15371.272839736139        8.8957061512016882       -38.661909936349453        3023.6919557224969     
   15538.812807347971        8.8803788780961597       -39.109820500790903        3062.8017762232880     
   15706.352774959803        8.8652246641185801       -39.552170347736585        3102.3539465710246     
   15883.945140628344        8.8493554890416561       -40.014858936527759        3142.3688055075522     
   16061.537506296885        8.8336803599991516       -40.471382312193029        3182.8401878197451     
   16110.885565789049        8.8293396416820737       -40.597761486470766        3223.4379493062161     
   16163.194508850742        8.8247553326776949       -40.731193500974562        3264.1691428071908     
   16218.641988496136        8.8199148608964002       -40.872033396157306        3305.0411762033482     
   16277.416316920255        8.8148051801131579       -41.020652661682426        3346.0618288650307     
   16339.717105049820        8.8094127058533793       -41.177432333990936        3387.2392611990217     
   16405.755940467159        8.8037234286499881       -41.342774015961311        3428.5820352149831     
   16475.757106009540        8.7977228231079820       -41.517088960903870        3470.0991241758870     
   16549.958341484460        8.7913958906725789       -41.700801127775414        3511.7999253036623     
   16628.611651087878        8.7847271763970589       -41.894346840558775        3553.6942721442210     
   16711.984159267500        8.7777007903234541       -42.098174461239068        3595.7924466054601     
   16800.359017937899        8.7703004337125652       -42.312744050725080        3638.1051906561852     
   16894.036368128523        8.7625094306175662       -42.538526920270407        3680.6437175764554     
   16993.334359330584        8.7543107659277091       -42.776004885086820        3723.4197224615423     
   17098.590230004767        8.7456871320245835       -43.025668942958674        3766.4453914045012     
   17210.161452919405        8.7366209874036649       -43.288017061061034        3809.7334084655622     
   17328.426949208919        8.7270946314517417       -43.563550838936720        3853.2969593044991     
   17446.692445498433        8.7176516092692911       -43.836550974395202        3897.1335102788944     
   17572.053871565317        8.7077351310601507       -44.123106375674787        3941.2566166545694     
   17704.936983196214        8.6973276981628320       -44.423704011700245        3985.6803206662698     
   17845.793081524967        8.6864119950087115       -44.738823060808912        4030.4191437270788     
   17995.100545753445        8.6749710053651263       -45.068934875145452        4075.4880786022240     
   18153.366457835629        8.6629881206423889       -45.414503989852122        4120.9025825920762     
   18311.632369917814        8.6511485934589629       -45.755779596575806        4166.6583621886521     
   18479.394236724929        8.6387582326553467       -46.112777711960653        4212.7711399006130     
   18657.221815540473        8.6258018098543854       -46.485932153834703        4259.2570720544472     
   18845.719049084950        8.6122650425751246       -46.875639370436517        4306.1327114248834     
   19034.216282629426        8.5989231560557648       -47.259573168788286        4353.3922845936713     
   19099.689062526551        8.5943123964223958       -47.392234612963009        4400.7845192066343     
   19169.090209217506        8.5894512921219981       -47.532084419680515        4448.3166036263146     
   19242.655424709916        8.5843277613382512       -47.679448679075421        4495.9960523053896     
   19320.634553131869        8.5789296281773453       -47.834680886670284        4543.8307331920596     
   19403.292429259141        8.5732443017161728       -47.998137717878770        4591.8288709099388     
   19490.909777954050        8.5672588815292325       -48.170184723736078        4639.9990556336752     
   19583.784167570651        8.5609601826849797       -48.351196198985846        4688.3502518326613     
   19682.231020564250        8.5543347633993925       -48.541555170537940        4736.8918070031996     
   19786.584684737463        8.5473689556319705       -48.741653319368098        4785.6334603225678     
   19897.199568761072        8.5400489002643543       -48.951890467205558        4834.5853507897737     
   20014.451345826095        8.5323605906086986       -49.172673099737302        4883.7580238895107     
   20138.738229515020        8.5242899304513351       -49.404411337499738        4933.1624352270101     
   20270.482326225283        8.5158228146997850       -49.647513916196417        4982.8099491432067     
   20410.131068738159        8.5069452401723815       -49.902381257036133        5032.7123304002425     
   20485.921234274749        8.5021557748999150       -50.039875980940039        5082.7522063811830     
   20566.258809743533        8.4971108551100691       -50.184695658973212        5132.9369020401564     
   20651.416639740444        8.4917988829721107       -50.337169179826475        5183.2740712199829     
   20741.683939537172        8.4862079998034332       -50.497630978159485        5233.7717021981425     
   20837.367277321700        8.4803261219299664       -50.666419880722941        5284.4381220788655     
   20938.791615373302        8.4741409815212574       -50.843878290670261        5335.2820003695360     
   21046.301413707999        8.4676401699429054       -51.030351989078127        5386.3123523586146     
   21160.261799942778        8.4608111806548330       -51.226190668396711        5437.5385430270117     
   21281.059809351646        8.4536414497507444       -51.431748938108925        5488.9702919651209     
   21409.105699325042        8.4461183955084778       -51.647387039320520        5540.6176790044410     
   21544.834342696842        8.4382294636933040       -51.873470045649000        5592.4911490500899     
   21688.706704670953        8.4299621921117467       -52.110364057553362        5644.6015131076429     
   21841.211408363510        8.4213043140759822       -52.358428055490762        5696.9599411631334     
   22002.866394277618        8.4122439215554561       -52.618001087650228        5749.5779422507840     
   22174.220679346574        8.4027696985794691       -52.889386605361722        5802.4673288561453     
   22355.856221519669        8.3928712056918364       -53.172839256280021        5855.6401681124253     
   22537.491763692764        8.3831154924683524       -53.452076255460014        5909.0922443678855     
   22600.581198219599        8.3797441051176786       -53.548557729577816        5962.6408020974632     
   22667.455998818044        8.3761897815052944       -53.650262293474881        6016.2910643909381     
   22738.343287452397        8.3724437417976425       -53.757427180884697        6070.0484915718225     
   22813.483813404811        8.3684970602012889       -53.870301499284146        6123.9187930711068     
   22893.132770914370        8.3643405762513101       -53.989140982590818        6177.9079340536973     
   22977.560665874502        8.3599649094240949       -54.114208351004308        6232.0221424047013     
   23067.054234532243        8.3553604735017437       -54.245773970866985        6286.2679163755683     
   23161.917417309447        8.3505174896215042       -54.384116778147032        6340.6520331537158     
   23262.472391053285        8.3454259976292988       -54.529525277499843        6395.1815584312153     
   23369.060663221753        8.3400758667498103       -54.682298242656785        6449.8638566738719     
   23482.044231720327        8.3344564558596268       -54.842729160520548        6504.7065858343922     
   23601.806814328818        8.3285576551127036       -55.011151388441419        6559.7177372228334     
   23728.755151893816        8.3223689468668098       -55.187887805388904        6614.9056250282219     
   23863.320389712717        8.3158797743563859       -55.373260217818888        6670.2788852460408     
   24005.959541800752        8.3090796339322335       -55.567581890085869        6725.8464671361262     
   24157.157043014067        8.3019582006732762       -55.771149591779945        6781.6176167279064     
   24317.426394300182        8.2945054739966491       -55.984237828486862        6837.6018545563929     
   24477.695745586298        8.2871474495350643       -56.194644031384051        6893.7964985877770     
   24647.581257949580        8.2794529253865914       -56.414679677774785        6950.2111782655520     
   24827.659901054656        8.2714130034071527       -56.644591726111265        7006.8557699916637     
   25018.543262746040        8.2630192284568427       -56.884631811409520        7063.7404018030729     
   25218.543262746040        8.2543631220359757       -57.132206404925363        7120.8726082079984     
   25418.543262746040        8.2458429777710531       -57.375940695365024        7178.2485489033634     
   25618.543262746040        8.2374563284066014       -57.615899963086697        7235.8644488664504     
   25818.543262746040        8.2292009925669660       -57.852116645229998        7293.7165655116805     
   26018.543262746040        8.2210751421310935       -58.084596485862669        7351.8011619975432     
   26218.543262746040        8.2130772362967512       -58.313337974444842        7410.1144999719882     
   26418.543262746040        8.2052058418141520       -58.538356642717829        7468.6528566147063     
   26578.543262746040        8.1989889254408439       -58.716010759703686        7527.3688673744100     
   26748.143262746038        8.1924880481646412       -58.901721335057132        7586.2705887094671     
   26927.919262746040        8.1856956433677457       -59.095738058009559        7645.3663267674765     
   27118.481822746038        8.1786041932096900       -59.298337854974406        7704.6646646224508     
   27318.481822746038        8.1712781710840208       -59.507756231792875        7764.1724208542437     
   27518.481822746038        8.1640657729094386       -59.714090498419168        7823.8865113526626     
   27718.481822746038        8.1569641346355155       -59.917430669541567        7883.8039420222040     
   27918.481822746038        8.1499707349765345       -60.117820497858652        7943.9217625200627     
   28118.481822746038        8.1430834888387071       -60.315266548638370        8004.2370290687013     
   28246.481822746038        8.1387186587188136       -60.440423397176509        8064.6774524658776     
   28382.161822746039        8.1341397769430905       -60.571727227483429        8125.2491796933609     
   28525.982622746040        8.1293393931310511       -60.709376910207943        8185.9585566035685     
   28678.432670746039        8.1243101731803566       -60.853574769738479        8246.8121313733063     
   28840.029721626037        8.1190448566316959       -61.004537092195804        8307.8166684655025     
   29011.322595558839        8.1135361761692923       -61.162502897219014        8368.9791713627219     
   29192.893041927608        8.1077767911655396       -61.327733686621038        8430.3069050493432     
   29385.357715078502        8.1017593123082534       -61.500498903185559        8491.8074039525291     
   29585.357715078502        8.0955982597336522       -61.677544818863964        8553.4849487713927     
   29745.357715078502        8.0907271763323436       -61.817616135008947        8615.3025649064020     
   29905.357715078502        8.0859129062586952       -61.956123702192130        8677.2586886085937     
   30074.957715078501        8.0808728001993302       -62.101159601742900        8739.3598482103371     
   30254.733715078502        8.0756005376844371       -62.252841155952247        8801.6126893662895     
   30445.296275078501        8.0700906183198295       -62.411241818638359        8864.0239311849273     
   30635.858835078499        8.0646592983426952       -62.567212893669804        8926.5911440785967     
   30826.421395078498        8.0593063561232299       -62.720757555155181        8989.3119016337514     
   30928.821395078499        8.0564524023347737       -62.802568104882958        9052.1144697386335     
   31037.365395078501        8.0534529292748438       -62.888535447019557        9115.0030051856538     
   31152.422035078500        8.0503011678387608       -62.978813145978748        9177.9818183316329     
   31274.382073478500        8.0469914713764314       -63.073612660079242        9241.0554309917115     
   31403.659714182500        8.0435175660522802       -63.173154321944494        9304.2285853136564     
   31540.694013328739        8.0398729010974730       -63.277680276236815        9367.5062655898928     
   31685.950370423754        8.0360506170430757       -63.387450215680545        9430.8937158055742     
   31839.922108944469        8.0320435610700827       -63.502731549008182        9494.3964473545821     
   32003.132151776426        8.0278443726805016       -63.623784362585901        9558.0202317171679     
   32176.134797178303        8.0234456530047993       -63.750843214028272        9621.7710749311955     
   32359.517601304291        8.0188402076354084       -63.884100222254091        9685.6551751534498     
   32553.903373677840        8.0140213100281983       -64.023697117631457        9749.6788722710808     
   32753.903373677840        8.0091288240101886       -64.165505496125007        9813.8443777672055     
   32953.903373677836        8.0043012087410190       -64.305452297739407        9878.1498300649455     
   33153.903373677836        7.9995376517853991       -64.443548061423741        9942.5933781263684     
   33353.903373677836        7.9948369976702285       -64.579858521172213        10007.173236647541     
   33553.903373677836        7.9901976885662016       -64.714484481619451        10071.887721129160     
   33753.903373677836        7.9856179043766593       -64.847528386020116        10136.735249515181     
   33953.903373677836        7.9810958244372134       -64.979062833955254        10201.714312349137     
   34153.903373677836        7.9766299005307282       -65.109112289473416        10266.823424638611     
   34353.903373677836        7.9722190619174302       -65.237649810967724        10332.061074449579     
   34553.903373677836        7.9678628341195266       -65.364602848711627        10397.425677298290     
   34733.903373677836        7.9639865289892278       -65.477501239709781        10462.903178537999     
   34924.703373677839        7.9599279615794654       -65.595542486107476        10528.498721024107     
   35124.703373677839        7.9557299750859372       -65.717372575206923        10594.216093599314     
   35324.703373677839        7.9515893238288751       -65.837227660083940        10660.053321259398     
   35524.703373677839        7.9475067461668498       -65.955103470244552        10726.008424729644     
   35724.703373677839        7.9434822866824533       -66.071080521569669        10792.079505251213     
   35827.103373677841        7.9414369451705777       -66.129979720226785        10858.209484971439     
   35935.647373677843        7.9392861566173432       -66.191910187297978        10924.401395158737     
   36050.704013677845        7.9370246027135725       -66.257009728683826        10990.658404887421     
   36172.664052077846        7.9346478608639188       -66.325469044907024        11056.983873932328     
   36301.941692781846        7.9321507960810038       -66.397491982740576        11123.381365915069     
   36438.975991928084        7.9295284499941783       -66.473321466757085        11189.854687381827     
   36584.232349023099        7.9267736744500734       -66.553170505375007        11256.407857887201     
   36738.204087543818        7.9238807013332631       -66.637310589516844        11323.045168476718     
   36901.414130375779        7.9208427880202752       -66.725991040446559        11389.771159517164     
   37074.416775777652        7.9176529826845856       -66.819438024672564        11456.590597541837     
   37257.799579903643        7.9143043526488785       -66.917837666967515        11523.508435208805     
   37452.185352277193        7.9107902461789195       -67.021326715867914        11590.529761924674     
   37652.185352277193        7.9072115778275514       -67.126841674642051        11657.656603599316     
   37780.185352277193        7.9049362877541220       -67.193951727112847        11724.850555326429     
   37915.865352277193        7.9025413717084989       -67.264594953190766        11792.115150279620     
   38059.686152277194        7.9000216956790386       -67.338912250297795        11859.454062529918     
   38212.136200277193        7.8973719361642445       -67.417068942347427        11926.871131472266     
   38373.733251157195        7.8945864259629301       -67.499268349449480        11994.370399821715     
   38545.026125089993        7.8916589989845978       -67.585755516550151        12061.956155338265     
   38726.596571458758        7.8885829380341512       -67.676801805724295        12129.632957143989     
   38919.061244609649        7.8853511283073230       -67.772669097017172        12197.405626241007     
   39119.061244609649        7.8820226326131841       -67.871594901370713        12265.277221142378     
   39319.061244609649        7.8787234219045681       -67.969751742101238        12333.246972884479     
   39519.061244609649        7.8754537170778320       -68.067014387221420        12401.313987271700     
   39719.061244609649        7.8722144624994179       -68.163229469863595        12469.477216741563     
   39919.061244609649        7.8690071885869486       -68.258236205304513        12537.735452946868     
   40119.061244609649        7.8658338015220899       -68.351888127412550        12606.087341074281     
   40319.061244609649        7.8626963190347494       -68.444073615674043        12674.531414689955     
   40519.061244609649        7.8595966090829865       -68.534728522333424        12743.066143212289     
   40719.061244609649        7.8565361450188353       -68.623844769922187        12811.689987982210     
   40919.061244609649        7.8535157521154906       -68.711480395448092        12880.401468377659     
   41119.061244609649        7.8505353780922444       -68.797765179990009        12949.199233557649     
   41319.061244609649        7.8475949006477510       -68.882928546783248        13018.082162104432     
   41519.061244609649        7.8446910775591032       -68.967174957133551        13087.049337061566     
   41719.061244609649        7.8418200743396795       -69.050720178176732        13156.100057239742     
   41919.061244609649        7.8389796247036134       -69.133827553892857        13225.233884793635     
   42119.061244609649        7.8361661952312627       -69.216673013790071        13294.450557807426     
   42319.061244609649        7.8333765322370148       -69.299356431028727        13363.749914238455     
   42519.061244609649        7.8306080188904250       -69.381893114157563        13433.131807352613     
   42719.061244609649        7.8278589088776709       -69.464220332058474        13502.596027684671     
   42919.061244609649        7.8251283990057141       -69.546217294431884        13572.142244979103     
   43119.061244609649        7.8224173698273241       -69.627773936540734        13641.770018915644     
   43319.061244609649        7.8197244795032326       -69.708682856283303        13711.478701771928     
   43519.061244609649        7.8170515563552510       -69.788889429722474        13781.267591201651     
   43600.981244609648        7.8159601298801302       -69.821619630321123        13851.089210831973     
   43682.901244609646        7.8148723132135816       -69.854231221011318        13920.943442052985     
   43769.736444609647        7.8137231398535612       -69.888660374651465        13990.832102427637     
   43861.781756609649        7.8125094308856902       -69.925003869437276        14060.757106297075     
   43959.349787329651        7.8112276150587441       -69.963361129877811        14130.720467426952     
   44062.771899892854        7.8098743474991164       -70.003862413479169        14200.724329840432     
   44172.399339209849        7.8084458043930738       -70.046648546994192        14270.770978387425     
   44288.604424885860        7.8069381434358416       -70.091891975739898        14340.862870363166     
   44411.781815702430        7.8053465533140454       -70.139759438272165        14411.002629801438     
   44542.349849967999        7.8036661505796907       -70.190438902239592        14481.193068703678     
   44680.751966289499        7.8018913166199919       -70.244099457520221        14551.437168161199     
   44827.458209590288        7.8000170463995424       -70.300926492900643        14621.738094654100     
   44982.966827489123        7.7980378737258862       -70.361056609536263        14692.099151263636     
   45147.805962461891        7.7959485312697341       -70.424578558286726        14762.523729821922     
   45322.535445533023        7.7937442141107418       -70.491526406327239        14833.015256228249     
   45507.748697588424        7.7914208187148759       -70.561882399873312        14903.577138628123     
   45704.074744767153        7.7889751308714210       -70.635586325994325        14974.212724954117     
   45904.074744767153        7.7865041551999337       -70.709593038364986        15044.922317992483     
   46104.074744767153        7.7840564822743206       -70.782384930843591        15115.704702923327     
   46304.074744767153        7.7816348348931728       -70.853863417059173        15186.558566340387     
   46504.074744767153        7.7792422443476337       -70.924026043233852        15257.482592383622     
   46704.074744767153        7.7768789072028701       -70.992815394712068        15328.475407778333     
   46904.074744767153        7.7745466359439650       -71.060360720240183        15399.535768498574     
   47104.074744767153        7.7722452865187197       -71.126831584382884        15470.662600082956     
   47304.074744767153        7.7699734878678193       -71.192470501366770        15541.855070584323     
   47504.074744767153        7.7677292546752676       -71.257614029496551        15613.112684613820     
   47606.474744767154        7.7665864165583383       -71.290848618820831        15684.403533232640     
   47715.018744767156        7.7653820687498083       -71.326029153895590        15755.729562386536     
   47830.075384767159        7.7641123254543105       -71.363314451321699        15827.092876837858     
   47952.035423167159        7.7627730639524621       -71.402896197925230        15898.495773035784     
   48081.313063871159        7.7613596453052445       -71.444986915212766        15969.940759950996     
   48218.347363017398        7.7598668754556765       -71.489814302837047        16041.430574253833     
   48363.603720112413        7.7582890114905956       -71.537611243891675        16112.968185497724     
   48517.575458633131        7.7566198327806291       -71.588601710178864        16184.556787207903     
   48680.785501465092        7.7548527897156827       -71.642984106206995        16256.199771314110     
   48853.788146866966        7.7529812296780634       -71.700914758266848        16327.900686072377     
   49037.170950992957        7.7509986840603489       -71.762494738757724        16399.663180811134     
   49231.556723366506        7.7488991858043921       -71.827762818904247        16471.490943630037     
   49431.556723366506        7.7467426049421242       -71.894685353906823        16543.385628983942     
   49631.556723366506        7.7445916025686659       -71.961175818410737        16615.346804802353     
   49831.556723366506        7.7424479963018555       -72.027033058579221        16687.373837860934     
   50031.556723366506        7.7403150871898756       -72.092255612111984        16759.466093473045     
   50231.556723366506        7.7381938404061295       -72.156788304819869        16831.622881777865     
   50297.092723366506        7.7374998608367811       -72.177846264755800        16903.800728042621     
   50366.560883366503        7.7367658569094040       -72.200091242088774        16976.000819284709     
   50440.197132966503        7.7359895893383754       -72.223583190182396        17048.224402474891     
   50518.251557542506        7.7351687767978721       -72.248392195027805        17120.472794669917     
   50600.989247593068        7.7343010095473730       -72.274595553605607        17192.747390223522     
   50688.691199046661        7.7333837270705086       -72.302279869993640        17265.049670093515     
   50781.655267587470        7.7324141872866967       -72.331543566913425        17337.381213660428     
   50880.197180240728        7.7313894276457518       -72.362499290258285        17409.743712950687     
   50984.651607653184        7.7303062228341055       -72.395275105624862        17482.138988056311     
   51095.373300710387        7.7291610492609211       -72.430013147326278        17554.569001203636     
   51212.738295351017        7.7279500694587950       -72.466864956923246        17627.035866160561     
   51337.145189670089        7.7266691477523173       -72.505983881746758        17699.541850042307     
   51469.016497648307        7.7253139037716956       -72.547515714845204        17772.089365757154     
   51608.800084105213        7.7238798065511300       -72.591588718032682        17844.680954475189     
   51756.970685749533        7.7223620910635375       -72.638277170395099        17917.319231645582     
   51914.031523492515        7.7207566806775976       -72.687666470945743        17990.006898116528     
   52080.516011500076        7.7190595793150987       -72.739778332842135        18062.746676449369     
   52256.989568788093        7.7172673523763793       -72.794591662840617        18135.541268112211     
   52444.051539513384        7.7153772985672440       -72.852047820527318        18208.393315932739     
   52642.337228482196        7.7133875994658112       -72.912056266229470        18281.305372198967     
   52842.337228482196        7.7113979774556958       -72.971582056168401        18354.276954255136     
   53042.337228482196        7.7094277907477160       -73.029901058061313        18427.306855313196     
   53242.337228482196        7.7074801834225406       -73.087000905973426        18500.393856219169     
   53442.337228482196        7.7055574511093869       -73.142940272197563        18573.536796491368     
   53642.337228482196        7.7036603814039832       -73.197744013392224        18646.734540504760     
   53842.337228482196        7.7017892115910636       -73.251477241872237        18719.986017746633     
   54042.337228482196        7.6999440684859319       -73.304335867570572        18793.290353614204     
   54242.337228482196        7.6981239942429758       -73.356554749711407        18866.646908363917     
   54442.337228482196        7.6963263492572622       -73.408253484963055        18940.055161848879     
   54642.337228482196        7.6945487346285137       -73.459798077245324        19013.514959926124     
   54842.337228482196        7.6927869029051319       -73.511424272058065        19087.026384198183     
   55042.337228482196        7.6910363976654965       -73.563406547353651        19160.589790745536     
   55242.337228482196        7.6892924084403962       -73.615919530736790        19234.205710276274     
   55442.337228482196        7.6875508066138281       -73.669170281773788        19307.874880558047     
   55642.337228482196        7.6858077321680867       -73.723220421969742        19381.598100980016     
   55842.337228482196        7.6840603415559681       -73.778027619794372        19455.376128599812     
   56042.337228482196        7.6823070568245306       -73.833454104567039        19529.209582704378     
   56242.337228482196        7.6805476618317154       -73.889350189358211        19603.098932893736     
   56442.337228482196        7.6787827724474935       -73.945421659157063        19677.044354552894     
   56642.337228482196        7.6770142242086594       -74.001424985843343        19751.045779538737     
   56842.337228482196        7.6752444703160281       -74.057139476972864        19825.102919015710     
   57042.337228482196        7.6734762789309592       -74.112382352708195        19899.215301368418     
   57242.337228482196        7.6717124821666420       -74.166958079858574        19973.382259448277     
   57442.337228482196        7.6699559195664122       -74.220837244893318        20047.603096693172     
   57642.337228482196        7.6682087010067406       -74.274056316254956        20121.877153009427     
   57842.337228482196        7.6664721066013790       -74.326600454953237        20196.203753464382     
   58002.337228482196        7.6650900730486828       -74.368203194755310        20270.571956659136     
   58171.937228482195        7.6636334004645192       -74.411961233041154        20344.983917892176     
   58351.713228482193        7.6620978118109484       -74.458129964036573        20419.442047856213     
   58542.275788482191        7.6604776506543457       -74.507068538660107        20493.949116394873     
   58742.275788482191        7.6587825879228433       -74.558681625646841        20568.507798020521     
   58942.275788482191        7.6570899454885941       -74.610688726937937        20643.118486747459     
   59142.275788482191        7.6553976754282633       -74.663082190036391        20717.781568937495     
   59342.275788482191        7.6537050914469873       -74.715712811003826        20792.497281748500     
   59542.275788482191        7.6520129631800113       -74.768337702308287        20867.265619450809     
   59742.275788482191        7.6503232743678922       -74.820681420899604        20942.086300871710     
   59942.275788482191        7.6486387967663951       -74.872488573374767        21016.958789445085     
   60142.275788482191        7.6469626332653631       -74.923556803140130        21091.882346248225     
   60342.275788482191        7.6452978365853488       -74.973749052037945        21166.856095300263     
   60542.275788482191        7.6436471803272266       -75.022985638028999        21241.879080938292     
   60742.275788482191        7.6420128405863856       -75.071289832217502        21316.950370770508     
   60942.275788482191        7.6403972409571388       -75.118504484000013        21392.068875254507     
   61142.275788482191        7.6388023301187475       -75.164662860679002        21467.233538115186     
   61342.275788482191        7.6372293927795205       -75.209840364872676        21542.443378480060     
   61542.275788482191        7.6356793077863720       -75.254054808332171        21617.697433288391     
   61742.275788482191        7.6341519383982277       -75.297460064414750        21692.994893352807     
   61942.275788482191        7.6326464749431526       -75.340192444448363        21768.335085797255     
   62142.275788482191        7.6311607318508123       -75.382555069997423        21843.717640867253     
   62342.275788482191        7.6296915273358081       -75.424838561193553        21919.142479428447     
   62542.275788482191        7.6282341361046928       -75.467456897500526        21994.609936325945     
   62742.275788482191        7.6267832221882959       -75.510722348428800        22070.120658674376     
   62942.275788482191        7.6253326353486646       -75.554987212384589        22145.675645886760     
   63142.275788482191        7.6238765189040265       -75.600456895355038        22221.276102782114     
   63342.275788482191        7.6224090029250533       -75.647350816499340        22296.923453598614     
   63542.275788482191        7.6209255170637853       -75.695682860786960        22372.619136459401     
   63742.275788482191        7.6194230849094300       -75.745325718657114        22448.364462178059     
   63942.275788482191        7.6179005443575001       -75.796034536753453        22524.160496714812     
   64142.275788482191        7.6163580250978811       -75.847559967471753        22600.008056682283     
   64342.275788482191        7.6147978488257468       -75.899487833344736        22675.907544515627     
   64542.275788482191        7.6132232179463992       -75.951482094648270        22751.859026610276     
   64742.275788482191        7.6116380303743325       -76.003245833765675        22827.862272444043     
   64942.275788482191        7.6100465175586187       -76.054533113010407        22903.916805557052     
   65142.275788482191        7.6084529609192018       -76.105151010617320        22980.021956567671     
   65342.275788482191        7.6068614789491154       -76.154957205361043        23056.176913773033     
   65542.275788482191        7.6052758352344068       -76.203861265108031        23132.380775038142     
   65742.275788482191        7.6036998164442524       -76.251756204604675        23208.632531242747     
   65942.275788482191        7.6021355598082447       -76.298738868798125        23284.931270111545     
   66142.275788482191        7.6005839946972795       -76.344978820721394        23361.276248932267     
   66342.275788482191        7.5990459245454183       -76.390566797186622        23437.666815729452     
   66542.275788482191        7.5975206475351822       -76.435720163537738        23514.102535892991     
   66742.275788482191        7.5960068350703640       -76.480644484556592        23590.583180377547     
   66942.275788482191        7.5945008902262643       -76.525736110023956        23667.108916487570     
   67044.675788482185        7.5937313980872503       -76.548912529632176        23743.657829017204     
   67153.219788482180        7.5929166287099452       -76.573654718047166        23820.231483735250     
   67226.856038082173        7.5923642328855117       -76.590512089304781        23896.821995824554     
   67304.910462658168        7.5917786243542871       -76.608504782690446        23973.430500607243     
   67387.648152708731        7.5911575466517895       -76.627719121630292        24050.058219728871     
   67475.350104162324        7.5904984745781938       -76.648254426376369        24126.706474155249     
   67568.314172703132        7.5897986855349204       -76.670208494849675        24203.376682650098     
   67666.856085356383        7.5890552933934323       -76.693671377781598        24280.070354027881     
   67771.310512768832        7.5882653034733423       -76.718719296370082        24356.789073324249     
   67882.032205826035        7.5874256839793475       -76.745409912200074        24433.534483236450     
   67999.397200466672        7.5865334483655147       -76.773779401272918        24510.308262637722     
   68123.804094785737        7.5855857454398565       -76.803840939328254        24587.112103577048     
   68255.675402763954        7.5845799565305221       -76.835583977665351        24663.947687554715     
   68395.458989220861        7.5835137978044287       -76.868974303792683        24740.816661858509     
   68543.629590865181        7.5823854193866502       -76.903955875551262        24817.720617734059     
   68700.690428608155        7.5811934840342943       -76.940455948122619        24894.661073682182     
   68867.174916615710        7.5799372026568648       -76.978394449530782        24971.639468131714     
   69043.648473903726        7.5786168843462391       -77.017637241376022        25048.657105373091     
   69230.710444629018        7.5772323442122085       -77.058181198964846        25125.715286572056     
   69428.996133597830        7.5757840516393546       -77.100002379240195        25202.815288951297     
   69628.996133597830        7.5743439483220012       -77.141141135326833        25279.956430086622     
   69828.996133597830        7.5729265247018382       -77.181209295131552        25357.137639381755     
   69956.996133597830        7.5720294575748417       -77.206372904267909        25434.344012286023     
   70092.676133597823        7.5710894814361680       -77.232599255312977        25511.576611541335     
   70236.496933597824        7.5701060402047062       -77.259865269465479        25588.836476810800     
   70388.946981597823        7.5690784048106572       -77.288192126783883        25666.124668937584     
   70550.544032477817        7.5680056824483213       -77.317646128711331        25743.442315066295     
   70721.836906410623        7.5668864594100604       -77.348365966818704        25820.790681033115     
   70903.407352779395        7.5657184461201155       -77.380569321557346        25898.171250354673     
   71095.872025930294        7.5644990685487343       -77.414459439198779        25975.585709793872     
   71295.872025930294        7.5632478936403196       -77.449733202091238        26053.035442995963     
   71495.872025930294        7.5620082345361368       -77.485350831276662        26130.520793827240     
   71695.872025930294        7.5607736847168061       -77.521747958009271        26208.042541785249     
   71895.872025930294        7.5595384099442127       -77.559240662404221        26285.601782447655     
   72095.872025930294        7.5582953115084326       -77.598188816851533        26363.199971264505     
   72223.872025930294        7.5574952005182308       -77.623740259040389        26440.823711523546     
   72359.552025930287        7.5566389193535706       -77.651686619974171        26518.475398143521     
   72503.372825930288        7.5557206374962211       -77.682233951637102        26596.157632095157     
   72655.822873930287        7.5547321971021830       -77.715726040084618        26673.873358135243     
   72817.419924810281        7.5536662103623922       -77.752341335898734        26751.625699471140     
   72988.712798743087        7.5525147813364484       -77.792229824965389        26829.417929296105     
   73170.283245111859        7.5512703617803876       -77.835450247711918        26907.253379543818     
   73362.747918262758        7.5499262805225325       -77.881956166487214        26985.135335710303     
   73562.747918262758        7.5485061590023470       -77.930618818180591        27063.065954528483     
   73762.747918262758        7.5470672390917315       -77.979234540387779        27141.045189068871     
   73962.747918262758        7.5456146915602247       -78.027475448724985        27219.072664517596     
   74162.747918262758        7.5441538893506968       -78.075075689199167        27297.147740206794     
   74362.747918262758        7.5426901067394017       -78.121832619263046        27375.269572826059     
   74562.747918262758        7.5412283006623593       -78.167602349790613        27453.437175175848     
   74762.747918262758        7.5397729648907053       -78.212292445849627        27531.649467621697     
   74962.747918262758        7.5383280394451901       -78.255854288703517        27609.905321910399     
   75162.747918262758        7.5368968221344712       -78.298281838856539        27688.203603749254     
   75362.747918262758        7.5354829964868273       -78.339528147175059        27766.543131896429     
   75562.747918262758        7.5340873944582185       -78.379756927031934        27844.922888823461     
   75762.747918262758        7.5327108207996103       -78.419101031674742        27923.341989855136     
   75962.747918262758        7.5313518453711099       -78.457838354900460        28001.799828210038     
   76162.747918262758        7.5300098970753062       -78.496144911717622        28080.295973121756     
   76244.667918262756        7.5294633796152555       -78.511748258249654        28158.807721380006     
   76331.503118262757        7.5288867515086331       -78.528269018501604        28237.335990398507     
   76423.548430262759        7.5282784092916781       -78.545778126786132        28315.881768525294     
   76521.116460982754        7.5276363326636240       -78.564381215800424        28394.446149741096     
   76624.538573545957        7.5269581464673436       -78.584212687433563        28473.030362428530     
   76734.166012862945        7.5262410003156965       -78.605441498555621        28551.635803927085     
   76850.371098538963        7.5254814623073178       -78.628268969808431        28630.264072896895     
   76973.548489355540        7.5246754767533552       -78.652914774499436        28708.916987671393     
   77104.116523621109        7.5238184247622453       -78.679592994198444        28787.596580665591     
   77174.978407177710        7.5233524951134818       -78.694217795826944        28866.290798461418     
   77250.092003747719        7.5228570488802262       -78.709914901569121        28945.000713362988     
   77329.712416111928        7.5223300318924755       -78.726749679878353        29023.727463042866     
   77414.110053217984        7.5217691253193184       -78.744793079552110        29102.472256122419     
   77503.571548550404        7.5211719021483123       -78.764107574605788        29181.236363697026     
   77598.400733602772        7.5205358675499667       -78.784743947896715        29260.021107644923     
   77698.919669758281        7.5198585059382914       -78.806739451178387        29338.827847096101     
   77805.469742083122        7.5191373298018922       -78.830117583939568        29417.657964680042     
   77918.412818747456        7.5183699292017998       -78.854888671407991        29496.512853351451     
   78038.132480011642        7.5175540271475718       -78.881049734314431        29575.393903085765     
   78165.035320951676        7.5166875499605919       -78.908582544218746        29654.302485629985     
   78299.552332348117        7.5157687183882995       -78.937450251025012        29733.239935881011     
   78442.140364428342        7.5147961536377403       -78.967594747240497        29812.207530628250     
   78593.283678433378        7.5137689770854479       -78.998937851460241        29891.206468479711     
   78753.495591278726        7.5126868713895725       -79.031388664558236        29970.237857144271     
   78923.320218894791        7.5115500718014392       -79.064857156474929        30049.302714300746     
   79103.334324167823        7.5103592722526962       -79.099271173026551        30128.401985473771     
   79294.149275757241        7.5091166339305193       -79.134512962929918        30207.536498436701     
   79494.149275757241        7.5078365684355086       -79.170265121091163        30286.706763557791     
   79694.149275757241        7.5065786207273124       -79.205036311876341        30365.911799869667     
   79894.149275757241        7.5053443968338822       -79.238847757647775        30445.150647627313     
   80094.149275757241        7.5041341415570706       -79.271766062717802        30524.422413690030     
   80294.149275757241        7.5029495999094671       -79.303705813224880        30603.726119503255     
   80494.149275757241        7.5017901532859348       -79.334733707538305        30683.060853210794     
   80694.149275757241        7.5006545553530941       -79.364990099512710        30762.425843310306     
   80894.149275757241        7.4995429870774739       -79.394569894810488        30841.820413205118     
   81094.149275757241        7.4984530104881415       -79.423766111834610        30921.244179316953     
   81294.149275757241        7.4973823620566051       -79.452818143716613        31000.696997460669     
   81494.149275757241        7.4963254555782770       -79.482112287002835        31080.179109747671     
   81694.149275757241        7.4952758270525077       -79.512041193915536        31159.691150941588     
   81894.149275757241        7.4942299927653107       -79.542805576107511        31239.233956517695     
   82094.149275757241        7.4931777067550520       -79.575062665923880        31318.809019183620     
   82196.549275757236        7.4926371323791852       -79.591971823523721        31398.400991007144     
   82305.093275757230        7.4920595115511182       -79.610502292588009        31478.011493299731     
   82420.149915757225        7.4914405757422795       -79.630900770962484        31557.642394070695     
   82542.109954157218        7.4907747582159949       -79.653474843641050        31637.295868914338     
   82671.387594861211        7.4900554707447000       -79.678553206997918        31716.974422121337     
   82808.421894007450        7.4892751768473751       -79.706457371302065        31796.680879492640     
   82953.678251102465        7.4884256238551883       -79.737465511056428        31876.418345003698     
   83107.649989623184        7.4874982358896531       -79.771775446289567        31956.190120449988     
   83270.860032455137        7.4864846311015940       -79.809475236481035        32035.999595686470     
   83443.862677857018        7.4853771957858060       -79.850528258301367        32115.850123944772     
   83627.245481983002        7.4841696361462287       -79.894775659682836        32195.744899604455     
   83821.631254356544        7.4828574369907308       -79.941954594068136        32275.686854198524     
   84021.631254356544        7.4814804677495514       -79.990282246305455        32355.677136444829     
   84221.631254356544        7.4800841876898847       -80.037992872189577        32435.715129317017     
   84421.631254356544        7.4786759943201471       -80.084787375463407        32515.799916692482     
   84621.631254356544        7.4772628330900410       -80.130456853025962        32595.930373545507     
   84821.631254356544        7.4758509974352867       -80.174867594198346        32676.105241139707     
   85021.631254356544        7.4744460246657862       -80.217945818431247        32756.323186958140     
   85221.631254356544        7.4730526594923958       -80.259663945101579        32836.582850903244     
   85421.631254356544        7.4716748621371147       -80.300029149744603        32916.882880052988     
   85621.631254356544        7.4703158432768948       -80.339074371857436        32997.221954424844     
   85821.631254356544        7.4689780864849107       -80.376855616251206        33077.598810041098     
   86021.631254356544        7.4676632612726692       -80.413466199223635        33158.012276240319     
   86221.631254356544        7.4663736456341194       -80.448962932252030        33238.461239172568     
   86421.631254356544        7.4651073386004416       -80.483648220868460        33318.944887393438     
