 #              _____________________  _______________________             #
 #              ___  __ \__  __ \_  / / /_  /___  ____/_  ___/             #
 #              __  / / /_  /_/ /  / / /_  __/_  __/  _____ \              #
 #              _  /_/ /_  _, _// /_/ / / /_ _  /___  ____/ /              #
 #              /_____/ /_/ |_| \____/  \__/ /_____/  /____/               #
 #                                                                         #
  
 #        time                      T            heat flux [W.L-2]   in    x              directions   cumulative flux
 #-----------------------------------------------------------------------------------------------

   0.0000000000000000        10.000000000000000       -0.0000000000000000        0.0000000000000000     
   1.0000000000000000        10.000000000000000       -3.3892888495756747E-012   3.3892888495756747E-012
   1.9540000000000002        9.9999999999999982       -3.1068481121110355E-011   3.4457769970686033E-011
   2.8641160000000001        9.9999999999999876       -1.4743406495654191E-010   1.8189183492722794E-010
   3.8288389600000006        9.9999999999999289       -6.1402616324812677E-010   7.9591799817535471E-010
   4.8514452976000007        9.9999999999996980       -2.3030217732866744E-009   3.0989397714620290E-009
   5.9354080154560007        9.9999999999988738       -7.8247381907204098E-009   1.0923677962182440E-008
   7.0844084963833609        9.9999999999961666       -2.4385933272697313E-008   3.5309611234879756E-008
   8.3023490061663630        9.9999999999879119       -7.0522627737548618E-008   1.0583223897242837E-007
   9.5933659465363448        9.9999999999642988       -1.9112764704234178E-007   2.9695988601477018E-007
   10.961843903328527        9.9999999999005187       -4.8944098907113092E-007   7.8640087508590110E-007
   12.412430537528239        9.9999999997366906       -1.1923167946300559E-006   1.9787176697159570E-006
   13.950052369779934        9.9999999993342676       -2.7784943732498277E-006   4.7572120429657847E-006
   15.579931511966731        9.9999999983846664       -6.2222519190623411E-006   1.0979463962028127E-005
   17.307603402684734        9.9999999962238135       -1.3441901501307324E-005   2.4421365463335452E-005
   19.138935606845820        9.9999999914671616       -2.8101605554976555E-005   5.2522971018312004E-005
   21.080147743256571        9.9999999813110989       -5.7005909946236701E-005   1.0952888096454871E-004
   23.137832607851966        9.9999999602312375       -1.1246241158204704E-004   2.2199129254659575E-004
   25.318978564323086        9.9999999176173056       -2.1618508036843744E-004   4.3817637291503319E-004
   27.630993278182473        9.9999998335791513       -4.0558721566369269E-004   8.4376358857872588E-004
   30.081728874873424        9.9999996716818149       -7.4368736433867884E-004   1.5874509529174047E-003
   32.679508607365833        9.9999993666446336       -1.3343395213527066E-003   2.9217904742701115E-003
   35.433155123807786        9.9999988039724101       -2.3451079314265409E-003   5.2668984056966524E-003
   38.352020431236255        9.9999977869580050       -4.0408293753490159E-003   9.3077277810456674E-003
   41.446017657110431        9.9999959843718482       -6.8317101980725362E-003   1.6139437979118203E-002
   44.725654716537058        9.9999928492983301       -1.1340626545105526E-002   2.7480064524223729E-002
   48.202069999529286        9.9999874958749011       -1.8495027265298648E-002   4.5975091789522374E-002
   51.887070199501046        9.9999785160718826       -2.9649325680545451E-002   7.5624417470067817E-002
   55.793170411471110        9.9999637131513825       -4.6743709771228402E-002  0.12236812724129623     
   59.933636636159378        9.9999397222436546       -7.2504668147941639E-002  0.19487279538923785     
   64.322530834328944        9.9999014819647982      -0.11069098125742256       0.30556377664666040     
   68.974758684388689        9.9998415148080220      -0.16638625480158700       0.47195003144824743     
   73.906120205452012        9.9997489690834822      -0.24633514849208041       0.71828517994032781     
   79.133363417779137        9.9996083726284244      -0.35931529067296408        1.0776004706132918     
   84.674241222845893        9.9993980497148716      -0.51653067258853658        1.5941311432018284     
   90.547571696216650        9.9990881589479930      -0.73200551752713672        2.3261366607289649     
   96.773301997989648        9.9986383227205984       -1.0229508837797543        3.3490875445087189     
   99.476364677492242        9.9984181330170419       -1.1616749309542393        4.5107624754629585     
   101.76856182971045        9.9982122634198500       -1.2885957336995983        5.7993582091625573     
   104.19829081106174        9.9979709918530020       -1.4339816461671697        7.2333398553297270     
   106.25870098724764        9.9977488648373978       -1.5653190476708325        8.7986589030005593     
   108.44273577400469        9.9974925590663482       -1.7138661574954857        10.512525060496046     
   110.75781264796716        9.9971960478113093       -1.8821322208215385        12.394657281317585     
   113.21179413436738        9.9968521607425878       -2.0730007955059344        14.467658076823518     
   115.81301450995161        9.9964523633027262       -2.2897805108816636        16.757438587705181     
   118.57030810807090        9.9959864957317031       -2.5362602200801896        19.293698807785372     
   121.49303932207735        9.9954424657611121       -2.8167679138415203        22.110466721626892     
   124.59113440892419        9.9948058886220803       -3.1362323593862458        25.246699081013137     
   127.87511520098184        9.9940596679657840       -3.5002458459861501        28.746944926999287     
   131.35613484056293        9.9931835115814209       -3.9151257433054805        32.662070670304765     
   135.04601565851891        9.9921533765822446       -4.3879718002547232        37.050042470559490     
   138.95728932555224        9.9909408401595030       -4.9267152738132243        41.976757744372712     
   143.10323941260756        9.9895123942206894       -5.5401551439987742        47.516912888371486     
   147.49794650488622        9.9878286653513744       -6.2379759342181265        53.754888822589614     
   152.15633602270159        9.9858435656382643       -7.0307411274572447        60.785629950046861     
   157.09422891158587        9.9835033849542114       -7.9298559689098722        68.715485918956730     
   162.32839537380323        9.9807458412209247       -8.9474936887054568        77.662979607662180     
   167.87661182375362        9.9774991116944527       -10.096479958349429        87.759459566011614     
   173.75772126070103        9.9736808750799764       -11.390131792371948        99.149591358383560     
   179.99169726386529        9.9691974007047737       -12.842049235132514        111.99164059351608     
   186.59971182721941        9.9639427262018678       -14.465861253286279        126.45750184680236     
   193.60420726437476        9.9577979678638400       -16.274931682342000        142.73243352914437     
   201.02897242775944        9.9506308060327004       -18.282037388779273        161.01447091792363     
   208.89922350094722        9.9422951788440468       -20.499039447694045        181.51351036561766     
   217.24168963852625        9.9326311980803315       -22.936578936819615        204.45008930243728     
   226.08470374436004        9.9214652677261093       -25.603840791247471        230.05393009368476     
   235.45829869654384        9.9086103362425497       -28.508441152473800        258.56237124615853     
   245.39430934585866        9.8938661433955382       -31.656507200711292        290.21887844686984     
   255.92648063413239        9.8770192280378648       -35.053032166893374        325.27191061376323     
   258.85308287493723        9.8722447278572769       -36.001060942298984        361.27297155606220     
   261.77968511574204        9.8673778985914442       -36.952963469312067        398.22593502537427     
   264.26144381594452        9.8631849781661654       -37.762756004693422        435.98869103006768     
   266.89210803815917        9.8586671561858648       -38.623800181320590        474.61249121138826     
   269.12291129859716        9.8547837230889161       -39.355744840197815        513.96823605158602     
   271.48756275466144        9.8506089882590526       -40.133451367117061        554.10168741870302     
   273.99409329808958        9.8461188635579084       -40.959716985923002        595.06140440462605     
   276.65101567412341        9.8412871154355805       -41.837491848927954        636.89889625355397     
   279.46735339271930        9.8360851737298400       -42.769883015658728        679.66877926921268     
   282.45267137443091        9.8304819270234454       -43.760156861614405        723.42893613082708     
   285.61710843504522        9.8244434815310928       -44.811750012821761        768.24068614364887     
   288.97141171929638        9.8179329475860424       -45.928257373476640        814.16894351712551     
   292.52697320060264        9.8109101493523738       -47.113446186837422        861.28238970396296     
   296.29586837078728        9.8033313657556054       -48.371243653859700        909.65363335782263     
   300.29089725118297        9.7951490331124536       -49.705730541637543        959.35936389946016     
   304.52562786440240        9.7863114380711060       -51.121126402178270        1010.4804903016384     
   308.76035847762182        9.7773124020370581       -52.536843004073503        1063.0173333057119     
   313.24917292763445        9.7675955019700407       -54.037235495198196        1117.0545688009101     
   318.00731624464782        9.7570997868189604       -55.626620085518041        1172.6811888864281     
   323.05094816068203        9.7457592708066567       -57.309326304359807        1229.9905151907878     
   328.09458007671623        9.7342086849207821       -58.989100804781884        1288.9796159955697     
   333.13821199275043        9.7224530705993928       -60.665046186762638        1349.6446621823322     
   338.18184390878463        9.7104975297199836       -62.336260259799168        1411.9809224421315     
   343.22547582481883        9.6983472076640069       -64.001846468712031        1475.9827689108436     
   348.57172565581504        9.6852552921614539       -65.759959403238071        1541.7427283140817     
   354.23875047667104        9.6711465211794803       -67.613983284960540        1609.3567115990422     
   360.24579678677839        9.6559403793053544       -69.567021354104142        1678.9237329531463     
   366.61326587549217        9.6395509754433917       -71.621811942239830        1750.5455448953862     
   373.36278310952883        9.6218870062142461       -73.780630128637398        1824.3261750240235     
   380.51727137760764        9.6028517984672508       -76.045183411634270        1900.3713584356578     
   388.10102894177118        9.5823434441296094       -78.416503400750031        1978.7878618364080     
   396.13981195978454        9.5602550404744875       -80.894835455134540        2059.6826972915424     
   404.66092195887870        9.5364750486462242       -83.479528050003879        2143.1622253415462     
   413.69329855791852        9.5108877826701725       -86.168923894548030        2229.3311492360945     
   423.26761775290072        9.4833740392819017       -88.960256163162569        2318.2914053992572     
   433.41639609958185        9.4538118737880126       -91.849556552851283        2410.1409619521087     
   444.17410114706388        9.4220775153232168       -94.831588421241349        2504.9725503733498     
   455.57726849739481        9.3880463901912332       -97.899829908152611        2602.8723802815025     
   467.66462588874560        9.3515941732338241       -101.04655259092846        2703.9189328724310     
   480.47722472357748        9.3125976928420826       -104.26307861231345        2808.1820114847446     
   494.05857948849922        9.2709353358483888       -107.54036586569183        2915.7223773504365     
   508.45481553931626        9.2264862796813443       -110.87017235804832        3026.5925497084850     
   523.71482575318237        9.1791274138826786       -114.24713567436579        3140.8396853828508     
   530.34035594779789        9.1585254867973820       -115.68546861140003        3256.5251539942510     
   537.36341795409032        9.1366489738422789       -117.18008120074400        3373.7052351949951     
   544.38647996038276        9.1147394763391247       -118.64613414654728        3492.3513693415425     
   551.40954196667519        9.0928015920327621       -120.08523043675669        3612.4365997782993     
   558.85398769334518        9.0695202228418967       -121.58237079785577        3734.0189705761550     
   566.74510016361535        9.0448155703797006       -123.13991214014864        3857.1588827163037     
   575.10967938210172        9.0186028054886282       -124.76048748875779        3981.9193702050616     
   583.97613335369726        8.9907916358000595       -126.44688317731882        4108.3662533823808     
   593.37457456358857        8.9612860719178755       -128.20182992353764        4236.5680833059187     
   603.33692224607341        8.9299843983048000       -130.02772954725233        4366.5958128531711     
   613.89701078950736        8.8967793968394293       -131.92635609803230        4498.5221689512036     
   625.09070464554725        8.8615588212301208       -133.89859355286515        4632.4207625040690     
   636.95602013294956        8.8242060364127468       -135.94429772776505        4768.3650602318339     
   649.53325454959599        8.7846006100989928       -138.06239789044338        4906.4274581222771     
   658.06565037784901        8.7577302852646159       -139.47616652551835        5045.9036246477954     
   667.10998995579712        8.7292495560856320       -140.94881473545101        5186.8524393832467     
   676.15432953374523        8.7007748333235337       -142.39556695704172        5329.2480063402882     
   685.19866911169333        8.6723104664243493       -143.81638199589435        5473.0643883361827     
   694.24300868964144        8.6438610142094010       -145.21109826156544        5618.2754865977477     
   703.83000864226653        8.6137271180572803       -146.65981446749356        5764.9353010652412     
   713.41700859489163        8.5836218823142385       -148.07836275477928        5913.0136638200202     
   723.57922854467415        8.5517502828755632       -149.54748391658327        6062.5611477366037     
   734.35118169144368        8.5180209485413449       -151.06519634633949        6213.6263440829434     
   745.76945202701938        8.4823410691362184       -152.62873177499966        6366.2550758579428     
   757.87281858272956        8.4446171421039988       -154.23443995327995        6520.4895158112231     
   770.70238713178242        8.4047559079308112       -155.87766460357986        6676.3671804148025     
   784.30172979377846        8.3626655005235460       -157.55261168066113        6833.9197920954639     
   798.71703301549417        8.3182568047141938       -159.25224370456974        6993.1720358000339     
   813.99725443051284        8.2714449733105617       -160.96823382624183        7154.1402696262758     
   830.19428913043271        8.2221510229760657       -162.69100235619831        7316.8312719824744     
   847.36314591234770        8.1703034110223172       -164.40984161883517        7481.2411136013097     
   865.56213410117766        8.1158394995487271       -166.11311646201355        7647.3542300633235     
   884.85306158133733        8.0587069972900860       -167.78839643658330        7815.1426264999063     
   905.30144471030667        7.9988658982998722       -169.42222016006815        7984.5648466599741     
   926.97673082701408        7.9362901155880374       -171.00040171775026        8155.5652483777249     
   949.95253411072395        7.8709651404306857       -172.51069756390410        8328.0759459416295     
   974.30688559145642        7.8028724497846742       -173.95114442302787        8502.0270903646579     
   994.95937564711755        7.7459450581952023       -175.08043789352769        8677.1075282581860     
   1016.8510151061184        7.6864673126407475       -176.20681847677503        8853.3143467349619     
   1040.0561529326594        7.6243069000808035       -177.35400326035278        9030.6683499953142     
   1064.6535990287928        7.5593163309795255       -178.53397579198463        9209.2023257872988     
   1089.2510451249261        7.4951629329026979       -179.67374865631444        9388.8760744436131     
   1115.3243379868275        7.4280773932420221       -180.81810150924079        9569.6941759528545     
   1142.9620284204429        7.3580190967426367       -181.93458728704775        9751.6287632399017     
   1172.2579802800753        7.2849983028545058       -182.98840160292403        9934.6171648428262     
   1203.3116892512855        7.2090568038716771       -183.95406172329973        10118.571226566126     
   1236.2286207607685        7.1302108389091572       -184.83556693016928        10303.406793496295     
   1271.1205681608203        7.0483277383985508       -185.69977755303677        10489.106571049331     
   1308.1060324048754        6.9631440550134176       -186.61509704260450        10675.721668091935     
   1341.3929502245248        6.8876036385185566       -187.45314733705763        10863.174815428993     
   1376.6770831133533        6.8086623354995037       -188.34316568010320        11051.517981109097     
   1414.0782639755116        6.7261478135527586       -189.27905724295832        11240.797038352055     
   1453.7235156893994        6.6399741554143681       -190.22158086750272        11431.018619219558     
   1475.2397866995605        6.5935800570290821       -190.71999194560084        11621.738611165159     
   1498.0470339703313        6.5448148527557155       -191.23362261553362        11812.972233780692     
   1522.2227160773484        6.4935917004601027       -191.75336137868715        12004.725595159380     
   1547.8489391107864        6.4398480969589755       -192.26157918621681        12196.987174345597     
   1575.0127355262307        6.3835465351903942       -192.73934094096836        12389.726515286566     
   1603.8063597266016        6.3246529876775002       -193.17912925796026        12582.905644544526     
   1634.3276013789948        6.2630883846106071       -193.60006241282008        12776.505706957345     
   1666.6801175305318        6.1986543568494268       -194.06200646065403        12970.567713417999     
   1684.2384750962938        6.1638962592928941       -194.32765675985709        13164.895370177856     
   1701.7968326620557        6.1293219090814048       -194.61021130375809        13359.505581481613     
   1720.4086916817635        6.0928567676276524       -194.92504518702813        13554.430626668642     
   1739.0205507014712        6.0565695042840701       -195.24431025088407        13749.674936919526     
   1758.7491212623615        6.0183137512114939       -195.57515721384530        13945.250094133371     
   1779.6614060569052        5.9780169699351839       -195.90716436836462        14141.157258501735     
   1801.8284279391216        5.9356164918727146       -196.22974555992099        14337.387004061657     
   1825.3254711342709        5.8910630513355837       -196.53020175692902        14533.917205818585     
   1850.2323369211292        5.8443261934272286       -196.79266425698108        14730.709870075567     
   1876.6336146551989        5.7953988164742656       -196.99867960851864        14927.708549684086     
   1904.6189690533129        5.7442990011390469       -197.12890850850647        15124.837458192593     
   1934.2834447153136        5.6910688782023433       -197.16500237149171        15322.002460564085     
   1965.7277889170346        5.6357826026617168       -197.08529771800607        15519.087758282090     
   1999.0587937708588        5.5785772724908176       -196.85348636821206        15715.941244650303     
   2034.3896589159124        5.5196303882087125       -196.44288861486990        15912.384133265174     
   2071.8403759696689        5.4591237939333599       -195.84464110810001        16108.228774373274     
   2111.5381360466513        5.3972274487257419       -195.06059651075438        16303.289370884029     
   2153.6177617282524        5.3340835431273455       -194.10272466940083        16497.392095553430     
   2198.2221649507496        5.2697353946922636       -193.01454414762063        16690.406639701050     
   2245.5028323665965        5.2039087583155652       -191.92926896514103        16882.335908666191     
   2277.5780371415071        5.1600794566647536       -191.29912413296884        17073.635032799160     
   2311.5777542029123        5.1142240937738652       -190.79197448469230        17264.427007283852     
   2345.5774712643174        5.0687555977577530       -190.42630590504720        17454.853313188898     
   2381.6171713494068        5.0208907177471538       -190.14273131178587        17644.996044500684     
   2419.8192534396017        4.9705041883382970       -189.91025149981905        17834.906296000503     
   2460.3134604552083        4.9174289953280628       -189.73888474898496        18024.645180749489     
   2494.6525480044429        4.8726930264990846       -189.61197078312020        18214.257151532609     
   2531.0519808066315        4.8256990107754882       -189.44662558454354        18403.703777117153     
   2567.4514136088201        4.7792498121359746       -189.23036863385278        18592.934145751005     
   2606.0348123791400        4.7307765646207747       -188.92042911291887        18781.854574863923     
   2646.9332150756791        4.6804350758041231       -188.47925249060958        18970.333827354531     
   2690.2855219340104        4.6284177117289325       -187.88085203926752        19158.214679393797     
   2736.2389672038416        4.5748851482755910       -187.12842290714050        19345.343102300936     
   2784.9496191898629        4.5198577954053878       -186.27195932653868        19531.615061627475     
   2836.5829102950452        4.4628835833839897       -185.49102857793710        19717.106090205412     
   2880.3679411522398        4.4147705824645147       -185.13504226890171        19902.241132474315     
   2926.7800738608662        4.3637378454405784       -184.94895394403079        20087.190086418344     
   2975.9769345320101        4.3099360703947447       -184.73396177695531        20271.924048195298     
   3028.1256068434227        4.2537392924038819       -184.37139278017509        20456.295440975475     
   3083.4031994935199        4.1956179605285708       -183.78850208902065        20640.083943064496     
   3141.9974477026230        4.1359369113404858       -182.98912079317077        20823.073063857668     
   3204.1073508042723        4.0744956608711593       -182.14141295871414        21005.214476816382     
   3269.9438480920207        4.0097225469456941       -181.69648280455971        21186.910959620942     
   3339.7305352170338        3.9408429530408249       -181.53152633567896        21368.442485956621     
   3402.5385536295457        3.8789761379504153       -181.40818131977485        21549.850667276394     
   3469.1150531468083        3.8139125224936379       -181.23027963987715        21731.080946916270     
   3535.6915526640710        3.7490026707957442       -181.17822654925314        21912.259173465525     
   3606.2626421523692        3.6815707400133686       -180.83148717145110        22093.090660636975     
   3676.8337316406673        3.6162792639547332       -180.18719357569097        22273.277854212665     
   3751.6390864982636        3.5496437332786033       -179.31112126301878        22452.588975475683     
   3830.9327626473155        3.4804806895497773       -178.61898972554889        22631.207965201233     
   3898.1738000217115        3.4207371443909063       -178.68887530414477        22809.896840505378     
   3965.4148373961075        3.3598041831684187       -179.00406693842788        22988.900907443807     
   4032.6558747705035        3.2993806914474413       -178.97858951883964        23167.879496962647     
   4103.9313743873636        3.2378276632282073       -178.35576606224930        23346.235263024897     
   4179.4834039812349        3.1765484001601410       -177.13926076180746        23523.374523786704     
   4259.5685553507383        3.1163019168516080       -175.46271932044013        23698.837243107144     
   4344.4588158024126        3.0591769642800317       -172.99957332776250        23871.836816434905     
   4429.3490762540869        3.0069392412074718       -170.61751102038309        24042.454327455289     
   4519.3327523328617        2.9559946660994010       -168.16973136448499        24210.624058819772     
   4609.3164284116365        2.9077414634332195       -166.06173305488906        24376.685791874661     
   4704.6991250551373        2.8540079675606012       -165.22365939427823        24541.909451268941     
   4805.8047834972485        2.7926844967602591       -165.21923965268226        24707.128690921621     
   4906.9104419393598        2.7304106880834862       -164.94251921911189        24872.071210140733     
   4987.7949686930488        2.6805571936705528       -164.64302847815128        25036.714238618886     
   5073.5325670519587        2.6293114044963568       -163.93261558546698        25200.646854204355     
   5164.4144213124036        2.5783188169030358       -162.67582167131511        25363.322675875668     
   5260.7491868284751        2.5289053951921225       -160.88388073681517        25524.206556612484     
   5362.8640382755111        2.4797647721362104       -159.14279638520097        25683.349352997684     
   5471.1057808093692        2.4258263811944025       -158.42777674557169        25841.777129743256     
   5562.8947784780803        2.3726040830821162       -159.60483498909761        26001.381964732354     
   5645.5048763799205        2.3248944496043209       -159.63507684742731        26161.017041579780     
   5733.0715801558708        2.2769306440977668       -158.95362098030182        26319.970662560081     
   5825.8922861583787        2.2301363224075130       -157.67139862402524        26477.642061184106     
   5924.2822345210370        2.1836141539127940       -156.32229722872563        26633.964358412832     
   6028.5755797854545        2.1316334061677287       -156.12971801881849        26790.094076431651     
   6139.1265257657369        2.0724993042958437       -156.56730504585681        26946.661381477508     
   6238.6223771479918        2.0198972154550692       -156.36963760527965        27103.031019082788     
   6344.0879796131812        1.9660680189388637       -155.79501850679043        27258.826037589577     
   6378.6469482289749        1.9486012756062052       -155.60315037769848        27414.429187967275     
   6415.2794549617156        1.9301771635946685       -155.42905956571710        27569.858247532993     
   6454.1099120984209        1.9113214913013277       -155.00532165524334        27724.863569188237     
   6487.0381397503470        1.8961898191766320       -154.40628535749687        27879.269854545735     
   6521.9420610613888        1.8808282096765554       -153.79334105115890        28033.063195596893     
   6558.9402176510930        1.8652017723796952       -153.14662391885716        28186.209819515749     
   6598.1582636361800        1.8496546507899347       -152.29572271311747        28338.505542228868     
   6639.7293923803718        1.8343941394089915       -151.27816821619888        28489.783710445066     
   6683.7947888492154        1.8193814295430819       -150.19028275630686        28639.973993201373     
   6730.5041091061894        1.8044417839675879       -149.10233725111232        28789.076330452484     
   6780.0159885785815        1.7893674263406512       -148.04821640647506        28937.124546858959     
   6832.4985808193178        1.7739629905869756       -147.03978767753307        29084.164334536490     
   6888.1301285944983        1.7580363747656904       -146.08551125451521        29230.249845791004     
   6947.0995692361894        1.7414203349884987       -145.18153612823130        29375.431381919236     
   7006.0690098778805        1.7242532227520186       -144.59772267449378        29520.029104593730     
   7068.5766169580729        1.7034935483392162       -144.72978880500580        29664.758893398735     
   7134.8346804630764        1.6742132193440709       -146.54776696406267        29811.306660362799     
   7205.0682277783808        1.6387398050404434       -148.19163948527591        29959.498299848074     
   7279.5157879326034        1.6022858602436358       -148.51464749869317        30108.012947346768     
   7358.4302016960792        1.5677901262619078       -147.74780058499888        30255.760747931767     
   7442.0794802853634        1.5366542700260444       -146.20396158268028        30401.964709514446     
   7530.7477155900051        1.5124186193685087       -143.37911583547375        30545.343825349919     
   7619.4159508946468        1.4909183835466304       -141.41373130711449        30686.757556657034     
   7713.4042803175662        1.4691117242466634       -139.84485809447594        30826.602414751509     
   7813.0319095058612        1.4470470135243509       -138.33217716835262        30964.934591919860     
   7918.6371964454538        1.4205140008774220       -137.78308136535745        31102.717673285217     
   8030.5788006014218        1.3781836478406821       -139.96646765530198        31242.684140940517     
   8142.5204047573898        1.3354420515877814       -140.36354337695587        31383.047684317473     
   8254.4620089133587        1.2948539973181825       -140.03223650583834        31523.079920823311     
   8330.4031931727677        1.2692323737007161       -139.41035577413996        31662.490276597451     
   8381.9216925743513        1.2523860184129927       -139.01688042793330        31801.507157025386     
   8425.6093800668932        1.2392666476383973       -138.34263640814225        31939.849793433528     
   8471.9183288089880        1.2264708063793808       -137.57213101610282        32077.421924449631     
   8521.0058144756094        1.2121615571464388       -137.41780276259834        32214.839727212227     
   8573.0385492822279        1.1979095497171164       -136.77611947323393        32351.615846685461     
   8628.1932481772419        1.1852184624589250       -135.54339422571070        32487.159240911173     
   8686.6572290059576        1.1737529533715212       -134.22911628108105        32621.388357192252     
   8748.6290486843955        1.1627714270636091       -133.03919890124087        32754.427556093495     
   8814.3191775435407        1.1516677963672968       -132.00560301408998        32886.433159107582     
   8883.9507141342347        1.1400208669491150       -131.10996829331788        33017.543127400902     
   8957.7601429203696        1.1273362205846704       -130.38360018706192        33147.926727587961     
   9035.9981374336730        1.1129649426568204       -129.85809743888453        33277.784825026843     
   9114.2361319469765        1.0949848479644531       -130.20082883885320        33407.985653865697     
   9197.1684061310789        1.0678774263650093       -132.00117271599092        33539.986826581691     
   9220.2130160998186        1.0593774877390931       -132.77998727400299        33672.766813855691     
   9244.6403026666831        1.0487972546586384       -134.03100318218097        33806.797817037870     
   9270.5332264275603        1.0368429904512562       -134.96445764563069        33941.762274683504     
   9297.9797256140901        1.0242895583788840       -135.44951964184688        34077.211794325354     
   9327.0730147518116        1.0117021681030662       -135.53411466456777        34212.745908989920     
   9357.9119012377960       0.99943023508492579       -135.30594714263736        34348.051856132559     
   9390.6011209129392       0.98765891468049816       -134.84911679837387        34482.900972930933     
   9425.2516937685905       0.97645971377658580       -134.23324868442381        34617.134221615357     
   9461.9813009955815       0.96582861666183462       -133.51282672537039        34750.647048340725     
   9500.9146846561925       0.95566886728752243       -132.77219703290419        34883.419245373632     
   9542.1840713364400       0.94585744375727243       -132.00079508888618        35015.420040462515     
   9585.9296212175013       0.93635214411709589       -131.20137676116912        35146.621417223687     
   9632.2999040914274       0.92709321007368040       -130.38651023446545        35277.007927458151     
   9681.4524039377884       0.91844373794281731       -129.40616583737000        35406.414093295520     
   9733.5540537749312       0.91154636721507376       -127.95462153683425        35534.368714832352     
   9788.7818026023015       0.90702328415718481       -126.13443340914993        35660.503148241500     
   9847.3232163593148       0.90426193051275150       -124.34755375466932        35784.850701996169     
   9909.3771149417498       0.89726485350472984       -124.39060790615615        35909.241309902325     
   9975.1542474391299       0.88851365254775438       -124.10517283266066        36033.346482734989     
   10044.878007886353       0.87968745585916697       -123.39777152434253        36156.744254259334     
   10118.785193960410       0.87094013685483473       -122.56143898214279        36279.305693241477     
   10197.126811198910       0.86058011307152105       -122.11078468114636        36401.416477922619     
   10280.168925471720       0.84422673194443987       -122.86917212188398        36524.285650044505     
   10368.193566600899       0.81101448030505308       -126.72709564276735        36651.012745687272     
   10456.218207730079       0.77972986520802667       -127.45019954276438        36778.462945230036     
   10544.242848859258       0.75027860384479084       -127.66997090962762        36906.132916139664     
   10637.548968456187       0.72457327432141527       -126.72790582241178        37032.860821962073     
   10688.188065683833       0.71357784081334308       -125.53431095194776        37158.395132914018     
   10741.865508745137       0.70271815093596790       -124.91828498093376        37283.313417894955     
   10798.763598390120       0.68956751993340859       -124.98365905266573        37408.297076947623     
   10859.075573413802       0.67853123603041809       -123.94552423655601        37532.242601184182     
   10899.991217269868       0.67308330668962746       -122.67393363690056        37654.916534821081     
   10943.361799757296       0.66711380088723948       -122.24843284815550        37777.164967669240     
   10989.334617193972       0.66052683359583764       -121.86501833966621        37899.029986008907     
   11038.065803676847       0.65510808202883375       -120.88834235505274        38019.918328363958     
   11089.720861348695       0.65031050632544196       -119.96315405601351        38139.881482419973     
   11144.475222480854       0.64550013998352385       -119.20282100747578        38259.084303427451     
   11202.514845280943       0.64026703962262221       -118.58788223585981        38377.672185663308     
   11264.036845449036       0.63436921666995416       -118.08214634746294        38495.754332010772     
   11329.250165627216       0.62763471350997335       -117.66272128768382        38613.417053298457     
   11398.376285016087       0.61916076008324139       -117.53940964260100        38730.956462941060     
   11471.649971568289       0.60848777785347696       -117.46116965796725        38848.417632599027     
   11549.320079313624       0.59344732792818577       -118.08072135675094        38966.498353955780     
   11631.650393523680       0.56960948004171930       -120.10655660435980        39086.604910560141     
   11676.332701651761       0.55265965536279982       -121.99123200655890        39208.596142566697     
   11723.695948267527       0.53052948475955719       -124.53500356969720        39333.131146136395     
   11773.900989680238       0.51059905355230251       -124.61177499362002        39457.742921130011     
   11827.118333577713       0.49410199187014125       -123.72499350039635        39581.467914630404     
   11883.528718109037       0.48070191918374694       -122.48485825494164        39703.952772885343     
   11943.323725712240       0.46970411557816605       -121.16378742910047        39825.116560314440     
   12006.706433771635       0.46040684838308710       -119.88612939521298        39945.002689709654     
   12073.892104314593       0.45221196648151746       -118.70122118423117        40063.703910893884     
   12145.108915090128       0.44466215109127538       -117.61603519782899        40181.319946091717     
   12220.598734512196       0.44054751745545206       -115.76303011382174        40297.082976205536     
   12300.617943099587       0.44162135982378370       -113.11009503144294        40410.193071236979     
   12368.474231981696       0.44466268908273021       -111.02416262909497        40521.217233866075     
   12440.401898196731       0.43664498475454444       -112.87277893801388        40634.090012804088     
   12516.645224384669       0.42817662756340391       -112.73840168283708        40746.828414486925     
   12597.463150143882       0.42123032768805979       -111.86775411569192        40858.696168602619     
   12683.130151448648       0.41486393740421640       -110.95590929495832        40969.652077897576     
   12773.937172831700       0.40531831623443321       -110.84580026948782        41080.497878167065     
   12870.192615497735       0.38466364371242395       -112.78813903038443        41193.286017197446     
   12972.223384723733       0.34312890697734189       -117.83602462902974        41311.122041826478     
   13074.254153949731       0.30961773123170899       -118.07877365561811        41429.200815482094     
   13182.406769329287       0.28088913794796017       -117.32177866210624        41546.522594144204     
   13241.103356748081       0.27326965416192195       -111.19371124490505        41657.716305389113     
   13299.799944166874       0.26379717986775980       -114.51123847402842        41772.227543863140     
   13362.018326830796       0.25101908739453516       -115.03309186827934        41887.260635731422     
   13427.969812454552       0.24384395461427011       -109.61006745614669        41996.870703187567     
   13497.878387215733       0.24160486080077995       -107.34291626443510        42104.213619451999     
   13571.981476462584       0.23991203589960103       -106.15765104642568        42210.371270498428     
   13650.530751064247       0.23754692122564292       -105.37507777679447        42315.746348275221     
   13733.792982142009       0.23419967143561946       -104.75397988883640        42420.500328164060     
   13822.050947084439       0.22971689304752863       -104.24895193262171        42524.749280096679     
   13915.604389923414       0.22389015261798068       -103.90476871167942        42628.654048808356     
   14014.771039332727       0.21635510917928807       -103.86399372770005        42732.518042536052     
   14119.887687706600       0.20044317320752808       -109.57214104605455        42842.090183582106     
   14231.311334982904       0.17634072650427296       -116.46545557423204        42958.555639156337     
   14349.420401095786       0.13351966968984241       -123.08314255593804        43081.638781712274     
   14474.616011175442        9.0537346956589021E-002  -100.53742779511646        43182.176209507394     
   14607.323357859877        7.1008262648724119E-002  -91.231793047203738        43273.408002554599     
   14747.993145345379        6.0255062821230054E-002  -87.611507341815894        43361.019509896418     
   14897.103120080010        5.2085463780239954E-002  -86.490465261336226        43447.509975157751     
   15055.159693298720        6.1710979413809430E-002  -105.47710018672385        43552.987075344477     
   15213.216266517429        4.5407234733829072E-002  -104.77658560750503        43657.763660951983     
   15371.272839736139        3.4193090801809600E-002  -110.18235618704976        43767.946017139031     
   15538.812807347971        3.0945673401580442E-002  -133.30076173077049        43901.246778869805     
   15706.352774959803        5.0034838404553472E-003  -159.72501036113826        44060.971789230942     
   15883.945140628344       -5.6744934026127236E-002  -147.93641460076412        44208.908203831706     
   16061.537506296885       -9.8747582788167587E-002  -146.94351242746859        44355.851716259174     
   16110.885565789049      -0.11330443402950341       -142.20401707505812        44498.055733334229     
   16163.194508850742      -0.10548206098440177       -149.64369159476746        44647.699424929000     
   16218.641988496136      -0.10283558589116482       -154.01423268992170        44801.713657618922     
   16277.416316920255      -0.12118021702947096       -151.09595989463131        44952.809617513551     
   16339.717105049820      -0.11450279862932422       -159.76991814444369        45112.579535657991     
   16405.755940467159      -0.11138139623076371       -166.88628173300376        45279.465817390992     
   16475.757106009540      -0.11042816075129080       -173.43489440004643        45452.900711791037     
   16549.958341484460      -0.11092075064571461       -179.99795696864155        45632.898668759677     
   16628.611651087878      -0.11254354074781636       -186.88719343694100        45819.785862196615     
   16711.984159267500      -0.11525304041974138       -194.22319993968418        46014.009062136298     
   16800.359017937899      -0.11923940460085991       -201.97615856201756        46215.985220698312     
   16894.036368128523      -0.12498209286631834       -209.98406313461726        46425.969283832928     
   16993.334359330584      -0.14781996316896528       -215.24648496168399        46641.215768794609     
   17098.590230004767      -0.17246022693742991       -221.28632805567375        46862.502096850279     
   17210.161452919405      -0.20417405979951220       -225.69200906634146        47088.194105916620     
   17328.426949208919      -0.25953704106213449       -226.12921998905196        47314.323325905672     
   17446.692445498433      -0.23219315115080230       -244.75331318709326        47559.076639092767     
   17572.053871565317      -0.22132301593306003       -255.39175876859790        47814.468397861368     
   17704.936983196214      -0.21944850194691723       -261.96854712842736        48076.436944989793     
   17845.793081524967      -0.22286357669676360       -266.42699890622288        48342.863943896016     
   17995.100545753445      -0.24239565038299238       -267.12877791393646        48609.992721809955     
   18153.366457835629      -0.31593140929629948       -258.60305592433411        48868.595777734292     
   18311.632369917814      -0.33249700535699289       -263.98092720821541        49132.576704942505     
   18479.394236724929      -0.38439943597084580       -261.40786926525607        49393.984574207760     
   18657.221815540473      -0.47743444633132204       -253.26546772629118        49647.250041934050     
   18845.719049084950      -0.48313617689525423       -264.65215001240256        49911.902191946450     
   19034.216282629426      -0.49921480963397002       -269.72488013141873        50181.627072077870     
   19099.689062526551      -0.51060247504574685       -269.79416341281069        50451.421235490678     
   19169.090209217506      -0.50953627209971608       -273.34518223941177        50724.766417730090     
   19242.655424709916      -0.51995656098356402       -273.43586297879881        50998.202280708887     
   19320.634553131869      -0.53041803422917688       -273.87130773811134        51272.073588446998     
   19403.292429259141      -0.54242197980645990       -274.18534126372805        51546.258929710726     
   19490.909777954050      -0.55688847123651986       -274.20048646368150        51820.459416174410     
   19583.784167570651      -0.57444722366287393       -273.86502066632499        52094.324436840732     
   19682.231020564250      -0.59556256000000829       -273.18340695066041        52367.507843791391     
   19786.584684737463      -0.62054623994004776       -272.19474641345755        52639.702590204848     
   19897.199568761072      -0.64956349272548763       -270.95904429590541        52910.661634500757     
   20014.451345826095      -0.68257029204938757       -269.56180473037381        53180.223439231129     
   20138.738229515020      -0.72082468202301997       -267.82325143143845        53448.046690662566     
   20270.482326225283      -0.77570059068248387       -263.71614169684375        53711.762832359411     
   20410.131068738159      -0.83663349437106427       -260.20915986971022        53971.971992229119     
   20485.921234274749      -0.87043534653781995       -258.47108501903602        54230.443077248157     
   20566.258809743533      -0.89551375628617480       -259.24719911385978        54489.690276362016     
   20651.416639740444      -0.91454419168457635       -261.09421089855630        54750.784487260571     
   20741.683939537172      -0.92981070140164457       -263.19602362656627        55013.980510887137     
   20837.367277321700      -0.94277004491442884       -265.19933981965875        55279.179850706794     
   20938.791615373302      -0.95430789990913345       -266.97994853354112        55546.159799240333     
   21046.301413707999      -0.96490538296506467       -268.52386809664245        55814.683667336976     
   21160.261799942778      -0.97478890380000693       -269.85950121043561        56084.543168547410     
   21281.059809351646      -0.98408194460911402       -271.01635603033372        56355.559524577744     
   21409.105699325042      -0.99391528478662083       -271.83068438598212        56627.390208963727     
   21544.834342696842       -1.0103180056345931       -271.35526732897716        56898.745476292701     
   21688.706704670953       -1.0417996189508396       -268.63070922260613        57167.376185515306     
   21841.211408363510       -1.0677536875989315       -268.05480620477118        57435.430991720081     
   22002.866394277618       -1.1023646503457325       -266.24729614757683        57701.678287867660     
   22174.220679346574       -1.1565783240531704       -262.06125731340933        57963.739545181066     
   22355.856221519669       -1.1870701065534712       -263.26688373827011        58227.006428919340     
   22537.491763692764       -1.2055802209615889       -265.24462186555354        58492.251050784893     
   22600.581198219599       -1.2122036120309203       -265.66639509940831        58757.917445884304     
   22667.455998818044       -1.2172657718088336       -266.39516780621761        59024.312613690519     
   22738.343287452397       -1.2235475388662422       -266.71714349466475        59291.029757185184     
   22813.483813404811       -1.2297043908872749       -267.06255532669059        59558.092312511872     
   22893.132770914370       -1.2357458810420430       -267.40793786339401        59825.500250375262     
   22977.560665874502       -1.2421513206103723       -267.64701714327526        60093.147267518536     
   23067.054234532243       -1.2494591103999197       -267.70492208081657        60360.852189599354     
   23161.917417309447       -1.2581591163784014       -267.54555008535533        60628.397739684711     
   23262.472391053285       -1.2686936422431372       -267.15626768723712        60895.554007371946     
   23369.060663221753       -1.2814786952406529       -266.53582184751895        61162.089829219462     
   23482.044231720327       -1.2985439848179952       -265.36480005696131        61427.454629276421     
   23601.806814328818       -1.3197757569968109       -263.90274170119204        61691.357370977610     
   23728.755151893816       -1.3456576114218257       -262.16675001832436        61953.524120995935     
   23863.320389712717       -1.3798923709293940       -259.62208085305906        62213.146201848991     
   24005.959541800752       -1.4206151707723857       -256.93389145625207        62470.080093305245     
   24157.157043014067       -1.4656314571048767       -254.50294537085293        62724.583038676101     
   24317.426394300182       -1.5039387474333641       -253.93955769399000        62978.522596370094     
   24477.695745586298       -1.5333017468209365       -254.46386239618718        63232.986458766281     
   24647.581257949580       -1.5574245990662952       -255.38404372281246        63488.370502489095     
   24827.659901054656       -1.5778465591619031       -256.34704507935533        63744.717547568449     
   25018.543262746040       -1.5955572278157630       -257.22205640744448        64001.939603975894     
   25218.543262746040       -1.6130976642601282       -257.66935702145827        64259.608960997350     
   25418.543262746040       -1.6420410733866762       -256.12898182383350        64515.737942821186     
   25618.543262746040       -1.6688326597507583       -255.38304970713662        64771.120992528326     
   25818.543262746040       -1.7007351011044416       -253.93114321481679        65025.052135743143     
   26018.543262746040       -1.7236193205478694       -254.05322560011416        65279.105361343260     
   26218.543262746040       -1.7435582594752130       -254.18122767961313        65533.286589022871     
   26418.543262746040       -1.7697979928665313       -253.08696763805528        65786.373556660925     
   26578.543262746040       -1.7874943397976830       -252.88449372402536        66039.258050384946     
   26748.143262746038       -1.8020847051179700       -253.15076036994458        66292.408810754889     
   26927.919262746040       -1.8157188155595647       -253.35292080260734        66545.761731557490     
   27118.481822746038       -1.8307183935774867       -253.21185550000379        66798.973587057495     
   27318.481822746038       -1.8488317605660329       -252.62877036733451        67051.602357424825     
   27518.481822746038       -1.8701427013643048       -251.67382219962752        67303.276179624459     
   27718.481822746038       -1.8957075554536620       -250.32690363957104        67553.603083264024     
   27918.481822746038       -1.9310633194371516       -247.93273899275567        67801.535822256774     
   28118.481822746038       -1.9725525887066249       -245.40759849559157        68046.943420752359     
   28246.481822746038       -2.0006859452991432       -243.85688504176716        68290.800305794124     
   28382.161822746039       -2.0281167193321830       -242.89570167595264        68533.696007470076     
   28525.982622746040       -2.0528090642203782       -242.57892309301650        68776.274930563086     
   28678.432670746039       -2.0744825929436868       -242.68366082587428        69018.958591388960     
   28840.029721626037       -2.0936163568971309       -242.98391192915980        69261.942503318118     
   29011.322595558839       -2.1107732109550281       -243.33942980561056        69505.281933123726     
   29192.893041927608       -2.1263420028668278       -243.68661660667371        69748.968549730402     
   29385.357715078502       -2.1405706521136656       -243.99933934726511        69992.967889077670     
   29585.357715078502       -2.1554695276157529       -243.98248673513683        70236.950375812812     
   29745.357715078502       -2.1710938958704542       -243.29944971159932        70480.249825524414     
   29905.357715078502       -2.1887094208851119       -242.46976969203757        70722.719595216447     
   30074.957715078501       -2.2085828183514007       -241.60220362905821        70964.321798845500     
   30254.733715078502       -2.2336913717223590       -240.25786345469763        71204.579662300195     
   30445.296275078501       -2.2540128873944969       -240.03325578736371        71444.612918087558     
   30635.858835078499       -2.2726031544123728       -239.81586450106207        71684.428782588613     
   30826.421395078498       -2.2879860749771153       -239.87074571002827        71924.299528298638     
   30928.821395078499       -2.2956693260261951       -239.89946754999499        72164.198995848637     
   31037.365395078501       -2.3051586152927941       -239.60852257744889        72403.807518426082     
   31152.422035078500       -2.3145711063585779       -239.43333786135307        72643.240856287433     
   31274.382073478500       -2.3233668809515087       -239.40550769632111        72882.646363983760     
   31403.659714182500       -2.3316798414392959       -239.43619395483086        73122.082557938586     
   31540.694013328739       -2.3399833360367674       -239.42903696386261        73361.511594902448     
   31685.950370423754       -2.3488682551654532       -239.31242427822411        73600.824019180669     
   31839.922108944469       -2.3589583105740717       -239.03892992070291        73839.862949101371     
   32003.132151776426       -2.3708840978487897       -238.57859063676509        74078.441539738138     
   32176.134797178303       -2.3854315618946242       -237.89138064117861        74316.332920379311     
   32359.517601304291       -2.4044789797247872       -236.80382321615033        74553.136743595460     
   32553.903373677840       -2.4311322173102292       -235.06027944686792        74788.197023042332     
   32753.903373677840       -2.4634570015374688       -233.11460872542196        75021.311631767749     
   32953.903373677836       -2.4947164673848397       -231.79190939191352        75253.103541159668     
   33153.903373677836       -2.5220577051122417       -231.14350345059117        75484.247044610252     
   33353.903373677836       -2.5452848747628902       -230.91412918964235        75715.161173799890     
   33553.903373677836       -2.5651060453404777       -230.88137183261031        75946.042545632503     
   33753.903373677836       -2.5822183948337942       -230.92639552214538        76176.968941154642     
   33953.903373677836       -2.5971154371555887       -230.99907103636127        76407.968012191006     
   34153.903373677836       -2.6101639589875703       -231.07647990601203        76639.044492097019     
   34353.903373677836       -2.6227134341112404       -231.00771548715861        76870.052207584173     
   34553.903373677836       -2.6383596307505446       -230.39929250080556        77100.451500084979     
   34733.903373677836       -2.6531201800343123       -229.84783170033631        77330.299331785311     
   34924.703373677839       -2.6697283847345754       -229.20161863952319        77559.500950424830     
   35124.703373677839       -2.6905069511261175       -228.16150162580945        77787.662452050645     
   35324.703373677839       -2.7087101872567767       -227.68112885185766        78015.343580902496     
   35524.703373677839       -2.7254673663725146       -227.33323077726214        78242.676811679761     
   35724.703373677839       -2.7436292458506673       -226.71265816397977        78469.389469843736     
   35827.103373677841       -2.7525042386339056       -226.48190576657461        78695.871375610310     
   35935.647373677843       -2.7620042478317579       -226.20497505870901        78922.076350669013     
   36050.704013677845       -2.7712920260803662       -226.02844087301486        79148.104791542020     
   36172.664052077846       -2.7799069685841387       -225.98681248065046        79374.091604022673     
   36301.941692781846       -2.7877842287509846       -226.03454341882716        79600.126147441493     
   36438.975991928084       -2.7950441845077068       -226.12484584242173        79826.250993283917     
   36584.232349023099       -2.8021004798658211       -226.17428779206125        80052.425281075979     
   36738.204087543818       -2.8095779139645645       -226.11684863461940        80278.542129710593     
   36901.414130375779       -2.8180102559547429       -225.92189935114044        80504.464029061739     
   37074.416775777652       -2.8279458756248088       -225.56726930668498        80730.031298368427     
   37257.799579903643       -2.8402794847616457       -224.99228376982566        80955.023582138252     
   37452.185352277193       -2.8571337933493255       -224.00200737496058        81179.025589513214     
   37652.185352277193       -2.8787736012591041       -222.68314445806104        81401.708733971274     
   37780.185352277193       -2.8941445694470582       -221.77371148636189        81623.482445457630     
   37915.865352277193       -2.9109838211516594       -220.91712952667777        81844.399574984302     
   38059.686152277194       -2.9281759622136647       -220.24590745291781        82064.645482437219     
   38212.136200277193       -2.9448966184425220       -219.79467536907097        82284.440157806297     
   38373.733251157195       -2.9607655327270175       -219.52466676523204        82503.964824571536     
   38545.026125089993       -2.9757298530723406       -219.37246679190156        82723.337291363438     
   38726.596571458758       -2.9898720735144666       -219.28421380970593        82942.621505173141     
   38919.061244609649       -3.0032642903873543       -219.22863216057146        83161.850137333706     
   39119.061244609649       -3.0156932303555877       -219.19265968412452        83381.042797017828     
   39319.061244609649       -3.0268039521637098       -219.16960537494438        83600.212402392775     
   39519.061244609649       -3.0370356543809640       -219.11616713705592        83819.328569529825     
   39719.061244609649       -3.0481506678317669       -218.83213834004042        84038.160707869873     
   39919.061244609649       -3.0594477998225464       -218.51599747040348        84256.676705340273     
   40119.061244609649       -3.0705600618804372       -218.22047641052163        84474.897181750799     
   40319.061244609649       -3.0821286261973784       -217.84788280769766        84692.745064558490     
   40519.061244609649       -3.0956540603947200       -217.23663660169785        84909.981701160184     
   40719.061244609649       -3.1091536251852743       -216.73790400103701        85126.719605161226     
   40919.061244609649       -3.1216957269507817       -216.40249112276942        85343.122096284002     
   41119.061244609649       -3.1342424336871408       -216.03388958353270        85559.155985867532     
   41319.061244609649       -3.1472936044044539       -215.59939456405823        85774.755380431583     
   41519.061244609649       -3.1615409719990311       -215.03095203970022        85989.786332471282     
   41719.061244609649       -3.1746927119500463       -214.66662660588426        86204.452959077171     
   41919.061244609649       -3.1860587745487403       -214.50633448412646        86418.959293561304     
   42119.061244609649       -3.1959063579648954       -214.43900189624486        86633.398295457548     
   42319.061244609649       -3.2048700227532070       -214.36616171226143        86847.764457169804     
   42519.061244609649       -3.2135782659394452       -214.22998716094853        87061.994444330747     
   42719.061244609649       -3.2225357869902149       -214.00488609073446        87275.999330421488     
   42919.061244609649       -3.2322955000190836       -213.66112043670950        87489.660450858195     
   43119.061244609649       -3.2434296673424279       -213.17840629428210        87702.838857152470     
   43319.061244609649       -3.2571561846083323       -212.43215603532434        87915.271013187798     
   43519.061244609649       -3.2738160490844068       -211.48081387508282        88126.751827062879     
   43600.981244609648       -3.2810459678504618       -211.07588314283328        88337.827710205718     
   43682.901244609646       -3.2885542219172099       -210.67980149087873        88548.507511696604     
   43769.736444609647       -3.2965900856536434       -210.29799869087483        88758.805510387479     
   43861.781756609649       -3.3050540144401861       -209.94101737623731        88968.746527763724     
   43959.349787329651       -3.3138289015124354       -209.61619143628306        89178.362719200013     
   44062.771899892854       -3.3228128423023313       -209.33309509327245        89387.695814293285     
   44172.399339209849       -3.3318604392783056       -209.10071625750365        89596.796530550782     
   44288.604424885860       -3.3408724470979232       -208.92008668517792        89805.716617235958     
   44411.781815702430       -3.3497373301258606       -208.78613096682781        90014.502748202780     
   44542.349849967999       -3.3584187117948945       -208.68745365479876        90223.190201857578     
   44680.751966289499       -3.3668880821613794       -208.61185857114737        90431.802060428730     
   44827.458209590288       -3.3751846176271170       -208.54836088640826        90640.350421315132     
   44982.966827489123       -3.3833068636021308       -208.49169244662093        90848.842113761755     
   45147.805962461891       -3.3912363764314346       -208.43998001594127        91057.282093777700     
   45322.535445533023       -3.3989442560020571       -208.39264651652343        91265.674740294227     
   45507.748697588424       -3.4064276014497463       -208.34543765361499        91474.020177947838     
   45704.074744767153       -3.4140422075021339       -208.24985157765630        91682.270029525491     
   45904.074744767153       -3.4225568004794082       -207.99496167263592        91890.264991198128     
   46104.074744767153       -3.4316752671029622       -207.67166078767741        92097.936651985801     
   46304.074744767153       -3.4411903911792736       -207.32702029968328        92305.263672285480     
   46504.074744767153       -3.4511371316434150       -206.96144172284966        92512.225114008324     
   46704.074744767153       -3.4623175012112566       -206.46252632222911        92718.687640330550     
   46904.074744767153       -3.4735741360042960       -206.03530716065492        92924.722947491202     
   47104.074744767153       -3.4844646925605005       -205.69100322501833        93130.413950716218     
   47304.074744767153       -3.4953826183369321       -205.34095269291029        93335.754903409135     
   47504.074744767153       -3.5066716355068079       -204.95376322814931        93540.708666637278     
   47606.474744767154       -3.5123404396845128       -204.77475190368699        93745.483418540971     
   47715.018744767156       -3.5183368850429337       -204.58683571275446        93950.070254253718     
   47830.075384767159       -3.5245012479618261       -204.41606527938742        94154.486319533113     
   47952.035423167159       -3.5305864026799743       -204.29277058208254        94358.779090115189     
   48081.313063871159       -3.5363842164700401       -204.22795101407306        94563.007041129269     
   48218.347363017398       -3.5417993450444474       -204.21181802107833        94767.218859150351     
   48363.603720112413       -3.5468517442547158       -204.22277032576693        94971.441629476118     
   48517.575458633131       -3.5516496584998523       -204.23611890324401        95175.677748379356     
   48680.785501465092       -3.5563605319155043       -204.22913009690475        95379.906878476264     
   48853.788146866966       -3.5611905646703597       -204.18290078760000        95584.089779263857     
   49037.170950992957       -3.5663740500338443       -204.08232507949145        95788.172104343350     
   49231.556723366506       -3.5721703047386866       -203.91521778628115        95992.087322129635     
   49431.556723366506       -3.5786786602692242       -203.67594376468247        96195.763265894318     
   49631.556723366506       -3.5861174197047752       -203.34360103896523        96399.106866933289     
   49831.556723366506       -3.5953462385463109       -202.83517159264548        96601.942038525929     
   50031.556723366506       -3.6066048987392461       -202.19334060676042        96804.135379132684     
   50231.556723366506       -3.6195103580075854       -201.49247385033806        97005.627852983016     
   50297.092723366506       -3.6238668904001798       -201.26055382274697        97206.888406805767     
   50366.560883366503       -3.6286606310962144       -201.01025919178153        97407.898665997549     
   50440.197132966503       -3.6338876076783793       -200.74682578132257        97608.645491778865     
   50518.251557542506       -3.6395276697221837       -200.47843106318814        97809.123922842060     
   50600.989247593068       -3.6455287547767607       -200.21612721260976        98009.340050054670     
   50688.691199046661       -3.6518138691660060       -199.97119155440322        98209.311241609073     
   50781.655267587470       -3.6582946360757909       -199.75253997822668        98409.063781587305     
   50880.197180240728       -3.6649361187749903       -199.55666835546478        98608.620449942769     
   50984.651607653184       -3.6717347858055938       -199.37674210597120        98807.997192048744     
   51095.373300710387       -3.6786647025333634       -199.21218030975371        99007.209372358499     
   51212.738295351017       -3.6856659086748111       -199.06712453386683        99206.276496892358     
   51337.145189670089       -3.6926636632086707       -198.94527376717681        99405.221770659540     
   51469.016497648307       -3.6995920073809296       -198.84672221076573        99604.068492870312     
   51608.800084105213       -3.7064074909037279       -198.76773540554078        99802.836228275846     
   51756.970685749533       -3.7130587251464169       -198.70439606249619        100001.54062433835     
   51914.031523492515       -3.7195507947247237       -198.65103993319374        100200.19166427154     
   52080.516011500076       -3.7258723632752959       -198.60376853357968        100398.79543280511     
   52256.989568788093       -3.7320144821488022       -198.55962040945371        100597.35505321456     
   52444.051539513384       -3.7380204520656637       -198.50981885273725        100795.86487206729     
   52642.337228482196       -3.7441857033570849       -198.41762766356536        100994.28249973086     
   52842.337228482196       -3.7506775268576775       -198.25052712784372        101192.53302685871     
   53042.337228482196       -3.7572670627057954       -198.05847406985339        101390.59150092857     
   53242.337228482196       -3.7638762946155868       -197.86249133963213        101588.45399226820     
   53442.337228482196       -3.7705280044912706       -197.66195695739626        101786.11594922560     
   53642.337228482196       -3.7773449909786398       -197.43867859942344        101983.55462782503     
   53842.337228482196       -3.7849215471138855       -197.12317583083967        102180.67780365587     
   54042.337228482196       -3.7930582351667370       -196.78092729635162        102377.45873095222     
   54242.337228482196       -3.8013772329638664       -196.46571629887379        102573.92444725109     
   54442.337228482196       -3.8096256300296445       -196.18121836044784        102770.10566561154     
   54642.337228482196       -3.8178461919115954       -195.91500494689109        102966.02067055843     
   54842.337228482196       -3.8262480115239228       -195.62878680742759        103161.64945736586     
   55042.337228482196       -3.8352000483927169       -195.28561369146763        103356.93507105732     
   55242.337228482196       -3.8439612310301285       -194.99648599895528        103551.93155705628     
   55442.337228482196       -3.8519678152603181       -194.80842376135013        103746.73998081763     
   55642.337228482196       -3.8590039629539916       -194.70697675742815        103941.44695757506     
   55842.337228482196       -3.8651664779791250       -194.65279130839551        104136.09974888345     
   56042.337228482196       -3.8706918566390929       -194.60901689145444        104330.70876577491     
   56242.337228482196       -3.8757835611729754       -194.55987689041331        104525.26864266532     
   56442.337228482196       -3.8806375104199500       -194.48938509310744        104719.75802775843     
   56642.337228482196       -3.8854744980293350       -194.38501469859287        104914.14304245703     
   56842.337228482196       -3.8904842053229465       -194.24035969404093        105108.38340215107     
   57042.337228482196       -3.8958636830974855       -194.04780639682326        105302.43120854789     
   57242.337228482196       -3.9020565554718605       -193.76629371684470        105496.19750226474     
   57442.337228482196       -3.9095111537576033       -193.37468025056589        105689.57218251530     
   57642.337228482196       -3.9182254357515429       -192.91294159028072        105882.48512410559     
   57842.337228482196       -3.9279181756530468       -192.42483748550291        106074.90996159110     
   58002.337228482196       -3.9362450387092451       -192.01508075839783        106266.92504234950     
   58171.937228482195       -3.9455674357510380       -191.58502202600243        106458.51006437550     
   58351.713228482193       -3.9555584153191186       -191.18113826398775        106649.69120263949     
   58542.275788482191       -3.9658008444063855       -190.83967630461066        106840.53087894409     
   58742.275788482191       -3.9758679535104324       -190.57153790472276        107031.10241684881     
   58942.275788482191       -3.9851636992856334       -190.37103185507237        107221.47344870388     
   59142.275788482191       -3.9937150307625178       -190.21533663102730        107411.68878533490     
   59342.275788482191       -4.0015854654368299       -190.08813601227624        107601.77692134718     
   59542.275788482191       -4.0088360593195107       -189.98009200476054        107791.75701335193     
   59742.275788482191       -4.0155150080620334       -189.88642215690848        107981.64343550884     
   59942.275788482191       -4.0216612419087836       -189.80457932523095        108171.44801483407     
   60142.275788482191       -4.0273106700404098       -189.73268463524755        108361.18069946932     
   60342.275788482191       -4.0325041272832705       -189.66844685054673        108550.84914631986     
   60542.275788482191       -4.0373816397191575       -189.59759821542039        108740.44674453528     
   60742.275788482191       -4.0421810278644372       -189.50089070682853        108929.94763524210     
   60942.275788482191       -4.0473349017807436       -189.33488213246832        109119.28251737457     
   61142.275788482191       -4.0529193568740718       -189.12263695299239        109308.40515432756     
   61342.275788482191       -4.0588092485050105       -188.89741837229434        109497.30257269985     
   61542.275788482191       -4.0648800560760252       -188.67136996851548        109685.97394266837     
   61742.275788482191       -4.0712470847380535       -188.42623237293748        109874.40017504130     
   61942.275788482191       -4.0783556691204863       -188.10849275927561        110062.50866780058     
   62142.275788482191       -4.0859058270292836       -187.78557767976599        110250.29424548034     
   62342.275788482191       -4.0935582986082544       -187.49284434747361        110437.78708982782     
   62542.275788482191       -4.1011270529101971       -187.23744166588159        110625.02453149371     
   62742.275788482191       -4.1086475857011315       -186.99378241275681        110812.01831390646     
   62942.275788482191       -4.1163556689048555       -186.72892959881224        110998.74724350528     
   63142.275788482191       -4.1238510741766152       -186.49959406023018        111185.24683756550     
   63342.275788482191       -4.1307366512392116       -186.34240711720491        111371.58924468271     
   63542.275788482191       -4.1367863683878872       -186.25726106867231        111557.84650575138     
   63742.275788482191       -4.1419997784504776       -186.22158009391202        111744.06808584530     
   63942.275788482191       -4.1465095554337150       -186.20896186404747        111930.27704770934     
   64142.275788482191       -4.1504872825261812       -186.20105003545328        112116.47809774480     
   64342.275788482191       -4.1540903481526943       -186.18417820516100        112302.66227594996     
   64542.275788482191       -4.1574835756225212       -186.14903430098369        112488.81131025094     
   64742.275788482191       -4.1608122884469818       -186.09022251176853        112674.90153276271     
   64942.275788482191       -4.1641994374372775       -186.00515044255630        112860.90668320526     
   65142.275788482191       -4.1677470828269536       -185.89289932650692        113046.79958253176     
   65342.275788482191       -4.1715453124435387       -185.75276422269911        113232.55234675446     
   65542.275788482191       -4.1757215420469000       -185.57830258429175        113418.13064933875     
   65742.275788482191       -4.1805541236598884       -185.34363075977623        113603.47428009853     
   65942.275788482191       -4.1863736678503729       -185.02974882661533        113788.50402892515     
   66142.275788482191       -4.1932609823863194       -184.65409223432130        113973.15812115947     
   66342.275788482191       -4.2010463394165232       -184.24771937168819        114157.40584053117     
   66542.275788482191       -4.2096315047599102       -183.82191029181146        114341.22775082297     
   66742.275788482191       -4.2186717027894414       -183.41180042322202        114524.63955124619     
   66942.275788482191       -4.2278062215970529       -183.04943524891530        114707.68898649511     
   67044.675788482185       -4.2324461067552130       -182.87935637350887        114890.56834286862     
   67153.219788482180       -4.2372731381297140       -182.71913993971327        115073.28748280833     
   67226.856038082173       -4.2404768876774135       -182.62054796269976        115255.90803077102     
   67304.910462658168       -4.2437993334124151       -182.52552799954668        115438.43355877057     
   67387.648152708731       -4.2472323935082663       -182.43372535991710        115620.86728413049     
   67475.350104162324       -4.2507761121929661       -182.34431774221628        115803.21160187271     
   67568.314172703132       -4.2544276871497742       -182.25718638704234        115985.46878825975     
   67666.856085356383       -4.2581779101737300       -182.17306788828515        116167.64185614804     
   67771.310512768832       -4.2620111197266510       -182.09313186635953        116349.73498801440     
   67882.032205826035       -4.2659078070174781       -182.01837869937506        116531.75336671378     
   67999.397200466672       -4.2698481677523272       -181.94918641890362        116713.70255313268     
   68123.804094785737       -4.2738150683226719       -181.88515769336351        116895.58771082605     
   68255.675402763954       -4.2777954887207468       -181.82526145331843        117077.41297227936     
   68395.458989220861       -4.2817801845288281       -181.76816898695836        117259.18114126632     
   68543.629590865181       -4.2857619347527320       -181.71264158016143        117440.89378284648     
   68700.690428608155       -4.2897332111538757       -181.65782836113436        117622.55161120761     
   68867.174916615710       -4.2936842854911816       -181.60337690927042        117804.15498811689     
   69043.648473903726       -4.2975775609652800       -181.55132961170403        117985.70631772859     
   69230.710444629018       -4.3013996833098478       -181.50214624235923        118167.20846397095     
   69428.996133597830       -4.3051776153267900       -181.44983213008010        118348.65829610103     
   69628.996133597830       -4.3088504371987018       -181.38476925787799        118530.04306535890     
   69828.996133597830       -4.3125617950079835       -181.29265683469382        118711.33572219359     
   69956.996133597830       -4.3150203427540701       -181.21476264770732        118892.55048484130     
   70092.676133597823       -4.3177969432846988       -181.11032233511486        119073.66080717641     
   70236.496933597824       -4.3208940663489042       -180.98786355294919        119254.64867072935     
   70388.946981597823       -4.3242835486768687       -180.85680088270303        119435.50547161205     
   70550.544032477817       -4.3279520318482589       -180.72015765153202        119616.22562926359     
   70721.836906410623       -4.3319494046726827       -180.57165982638253        119796.79728908997     
   70903.407352779395       -4.3364250674825442       -180.39544563742245        119977.19273472739     
   71095.872025930294       -4.3417244906239887       -180.15642370611545        120157.34915843350     
   71295.872025930294       -4.3477180733772798       -179.88789299992132        120337.23705143342     
   71495.872025930294       -4.3539297756913555       -179.63313464252204        120516.87018607595     
   71695.872025930294       -4.3601601563938992       -179.40661564861017        120696.27680172455     
   71895.872025930294       -4.3663463551666597       -179.19817061456402        120875.47497233911     
   72095.872025930294       -4.3726029892826368       -178.98586621728325        121054.46083855639     
   72223.872025930294       -4.3765874857469420       -178.85302217835741        121233.31386073475     
   72359.552025930287       -4.3808187131487770       -178.71391554328810        121412.02777627803     
   72503.372825930288       -4.3852142319652412       -178.57942286045972        121590.60719913850     
   72655.822873930287       -4.3896751927521862       -178.46297400956996        121769.07017314807     
   72817.419924810281       -4.3940285868658142       -178.37742075438268        121947.44759390244     
   72988.712798743087       -4.3981403482660024       -178.32619527390807        122125.77378917635     
   73170.283245111859       -4.4019337798205376       -178.30408606175422        122304.07787523810     
   73362.747918262758       -4.4053976271071633       -178.30040315277239        122482.37827839087     
   73562.747918262758       -4.4085216136081318       -178.30234728381291        122660.68062567468     
   73762.747918262758       -4.4113032710431437       -178.29895466638445        122838.97958034107     
   73962.747918262758       -4.4138679148904849       -178.28332138953746        123017.26290173060     
   74162.747918262758       -4.4163257588105616       -178.25148807056362        123195.51438980116     
   74362.747918262758       -4.4187707176253621       -178.20150698740846        123373.71589678856     
   74562.747918262758       -4.4212812981219560       -178.13262682006018        123551.84852360863     
   74762.747918262758       -4.4239227006099027       -178.04479737086879        123729.89332097949     
   74962.747918262758       -4.4267505304103665       -177.93811487619610        123907.83143585568     
   75162.747918262758       -4.4298344385798689       -177.81003319593040        124085.64146905161     
   75362.747918262758       -4.4333225570995136       -177.64724463021355        124263.28871368182     
   75562.747918262758       -4.4374230599940709       -177.43639711366123        124440.72511079548     
   75762.747918262758       -4.4422778900089366       -177.17455435234368        124617.89966514782     
   75962.747918262758       -4.4479345964342789       -176.87146479368434        124794.77112994151     
   76162.747918262758       -4.4542912707512681       -176.54475568950460        124971.31588563102     
   76244.667918262756       -4.4569904395309816       -176.40826509899060        125147.72415073001     
   76331.503118262757       -4.4599771418379257       -176.25918306671701        125323.98333379673     
   76423.548430262759       -4.4632626262266406       -176.09921189344229        125500.08254569017     
   76521.116460982754       -4.4668496134983249       -175.93172470934880        125676.01427039951     
   76624.538573545957       -4.4707204205746160       -175.76205106702972        125851.77632146653     
   76734.166012862945       -4.4748473588236051       -175.59485458620205        126027.37117605274     
   76850.371098538963       -4.4792013333032266       -175.43309810938388        126202.80427416212     
   76973.548489355540       -4.4837489093864233       -175.27919933020993        126378.08347349233     
   77104.116523621109       -4.4884471172657285       -175.13588522685004        126553.21935871917     
   77174.978407177710       -4.4909469996336089       -175.06394724714906        126728.28330596632     
   77250.092003747719       -4.4935461730262727       -174.99313079375042        126903.27643676008     
   77329.712416111928       -4.4962384187275832       -174.92354512831790        127078.19998188839     
   77414.110053217984       -4.4990227288780966       -174.85492978572714        127253.05491167412     
   77503.571548550404       -4.5018972252378067       -174.78726256449241        127427.84217423861     
   77598.400733602772       -4.5048565493619552       -174.72098554841392        127602.56315978702     
   77698.919669758281       -4.5078907593928186       -174.65692209644192        127777.22008188347     
   77805.469742083122       -4.5109860723011970       -174.59597190764092        127951.81605379110     
   77918.412818747456       -4.5141269007901261       -174.53876257977353        128126.35481637088     
   78038.132480011642       -4.5172982832192785       -174.48540871664102        128300.84022508752     
   78165.035320951676       -4.5204878511843791       -174.43545328662444        128475.27567837415     
   78299.552332348117       -4.5236867477344731       -174.38799206414168        128649.66367043830     
   78442.140364428342       -4.5268892835895702       -174.34192614828680        128824.00559658659     
   78593.283678433378       -4.5300915290392822       -174.29625348498800        128998.30185007158     
   78753.495591278726       -4.5332893957149762       -174.25030209928957        129172.55215217087     
   78923.320218894791       -4.5364769405462679       -174.20383114199680        129346.75598331288     
   79103.334324167823       -4.5396455333073789       -174.15697638931545        129520.91295970220     
   79294.149275757241       -4.5427644634983180       -174.11159973907669        129695.02455944127     
   79494.149275757241       -4.5457957519824976       -174.06797552858305        129869.09253496985     
   79694.149275757241       -4.5486338820471293       -174.02490250326775        130043.11743747312     
   79894.149275757241       -4.5513374091673455       -173.97687182470207        130217.09430929783     
   80094.149275757241       -4.5540249353671847       -173.91385883202685        130391.00816812985     
   80294.149275757241       -4.5569194063505547       -173.81538549769274        130564.82355362755     
   80494.149275757241       -4.5601383905591186       -173.68299095307344        130738.50654458062     
   80694.149275757241       -4.5636688340137272       -173.53116624383597        130912.03771082446     
   80894.149275757241       -4.5674259061368474       -173.37286552834226        131085.41057635279     
   81094.149275757241       -4.5714059299282805       -173.20710344617925        131258.61767979898     
   81294.149275757241       -4.5757306797456723       -173.01719232496160        131431.63487212395     
   81494.149275757241       -4.5807188465848707       -172.77237136555766        131604.40724348949     
   81694.149275757241       -4.5864155130720654       -172.48747946633966        131776.89472295583     
   81894.149275757241       -4.5925840442591159       -172.19590961276103        131949.09063256858     
   82094.149275757241       -4.5990754131622706       -171.91428242427614        132121.00491499287     
   82196.549275757236       -4.6024179489652752       -171.77729613898282        132292.78221113185     
   82305.093275757230       -4.6059659743222170       -171.64147685460779        132464.42368798645     
   82420.149915757225       -4.6096727049409498       -171.51228510571357        132635.93597309216     
   82542.109954157218       -4.6134735239316242       -171.39662900096147        132807.33260209311     
   82671.387594861211       -4.6172797528074954       -171.30184586430948        132978.63444795742     
   82808.421894007450       -4.6209936303537393       -171.23325414145171        133149.86770209888     
   82953.678251102465       -4.6245263739285338       -171.19247946773177        133321.06018156660     
   83107.649989623184       -4.6278117412099773       -171.17727916317617        133492.23746072978     
   83270.860032455137       -4.6308124838465137       -171.18240662122639        133663.41986735101     
   83443.862677857018       -4.6335209606972469       -171.20089585722562        133834.62076320822     
   83627.245481983002       -4.6359562595196016       -171.22524967768516        134005.84601288592     
   83821.631254356544       -4.6381599966122735       -171.24830770467881        134177.09432059061     
   84021.631254356544       -4.6401376157504428       -171.26353529964464        134348.35785589027     
   84221.631254356544       -4.6419210226428795       -171.26717173586360        134519.62502762614     
   84421.631254356544       -4.6435917481772107       -171.25777961508263        134690.88280724123     
   84621.631254356544       -4.6452182849220121       -171.23486437420510        134862.11767161544     
   84821.631254356544       -4.6468577501648989       -171.19846817861324        135033.31613979407     
   85021.631254356544       -4.6485575479050993       -171.14889723118256        135204.46503702525     
   85221.631254356544       -4.6503570056954748       -171.08657358097969        135375.55161060623     
   85421.631254356544       -4.6522888091705070       -171.01193705229574        135546.56354765853     
   85621.631254356544       -4.6543802817964233       -170.92539314081833        135717.48894079935     
   85821.631254356544       -4.6566604930561963       -170.82653785328969        135888.31547865263     
   86021.631254356544       -4.6591882802778724       -170.71111293584710        136059.02659158848     
   86221.631254356544       -4.6620775282410456       -170.56845206357335        136229.59504365205     
   86421.631254356544       -4.6654993751643961       -170.38660681186684        136399.98165046392     
