 #              _____________________  _______________________             #
 #              ___  __ \__  __ \_  / / /_  /___  ____/_  ___/             #
 #              __  / / /_  /_/ /  / / /_  __/_  __/  _____ \              #
 #              _  /_/ /_  _, _// /_/ / / /_ _  /___  ____/ /              #
 #              /_____/ /_/ |_| \____/  \__/ /_____/  /____/               #
 #                                                                         #
  
 #        time                      T            heat flux [W.L-2]   in    x              directions   cumulative flux
 #-----------------------------------------------------------------------------------------------

   0.0000000000000000        10.000000000000000       -0.0000000000000000        0.0000000000000000     
   1.0000000000000000        10.000000000000000        5.6488147492927924E-013   5.6488147492927924E-013
   1.9540000000000002        10.000000000000000        5.6488147492927924E-013   1.1297629498585585E-012
   2.8641160000000001        10.000000000000000        1.1297629498585585E-012   2.2595258997171170E-012
   3.8288389600000006        10.000000000000000        1.1297629498585585E-012   3.3892888495756755E-012
   4.8514452976000007        10.000000000000000        1.1297629498585585E-012   4.5190517994342340E-012
   5.9354080154560007        10.000000000000000        5.6488147492927924E-013   5.0839332743635136E-012
   7.0844084963833609        10.000000000000000       -0.0000000000000000        5.0839332743635136E-012
   8.3023490061663630        10.000000000000000       -1.1297629498585585E-012   6.2136962242220721E-012
   9.5933659465363448        10.000000000000000       -5.6488147492927914E-013   6.7785776991513509E-012
   10.961843903328527        10.000000000000000       -5.6488147492927914E-013   7.3434591740806306E-012
   12.412430537528239        10.000000000000000       -5.6488147492927914E-013   7.9083406490099102E-012
   13.950052369779934        10.000000000000000       -0.0000000000000000        7.9083406490099102E-012
   15.579931511966731        10.000000000000000       -0.0000000000000000        7.9083406490099102E-012
   17.307603402684734        10.000000000000000       -0.0000000000000000        7.9083406490099102E-012
   19.138935606845820        10.000000000000000        5.6488147492927924E-013   8.4732221239391899E-012
   21.080147743256571        10.000000000000000        5.6488147492927924E-013   9.0381035988684695E-012
   23.137832607851966        10.000000000000000       -0.0000000000000000        9.0381035988684695E-012
   25.318978564323086        10.000000000000000       -0.0000000000000000        9.0381035988684695E-012
   27.630993278182473        10.000000000000000       -0.0000000000000000        9.0381035988684695E-012
   30.081728874873424        10.000000000000000       -5.6488147492927924E-013   9.6029850737977492E-012
   32.679508607365833        10.000000000000000       -1.1297629498585585E-012   1.0732748023656307E-011
   35.433155123807786        10.000000000000000       -5.6488147492927924E-013   1.1297629498585586E-011
   38.352020431236255        10.000000000000000       -5.6488147492927924E-013   1.1862510973514866E-011
   41.446017657110431        10.000000000000000       -5.6488147492927924E-013   1.2427392448444146E-011
   44.725654716537058        10.000000000000000       -5.6488147492927924E-013   1.2992273923373425E-011
   48.202069999529286        10.000000000000000        5.6488147492927924E-013   1.3557155398302705E-011
   51.887070199501046        10.000000000000000        1.1297629498585585E-012   1.4686918348161264E-011
   55.793170411471110        10.000000000000000        1.1297629498585585E-012   1.5816681298019824E-011
   59.933636636159378        10.000000000000000        1.1297629498585585E-012   1.6946444247878383E-011
   64.322530834328944        10.000000000000000        1.6946444247878377E-012   1.8641088672666222E-011
   68.974758684388689        10.000000000000000        2.2595258997171170E-012   2.0900614572383341E-011
   73.906120205452012        10.000000000000000        1.6946444247878377E-012   2.2595258997171179E-011
   79.133363417779137        10.000000000000000        1.6946444247878377E-012   2.4289903421959018E-011
   84.674241222845893        10.000000000000000        1.1297629498585585E-012   2.5419666371817578E-011
   90.547571696216650        10.000000000000000        1.1297629498585585E-012   2.6549429321676137E-011
   96.773301997989648        10.000000000000000        1.1297629498585585E-012   2.7679192271534696E-011
   99.476364677492242        10.000000000000000        1.1297629498585585E-012   2.8808955221393256E-011
   101.76856182971045        10.000000000000000        5.6488147492927924E-013   2.9373836696322535E-011
   104.19829081106174        10.000000000000000        5.6488147492927924E-013   2.9938718171251815E-011
   106.25870098724764        10.000000000000000       -0.0000000000000000        2.9938718171251815E-011
   108.44273577400469        10.000000000000000       -5.6488147492927924E-013   3.0503599646181095E-011
   110.75781264796716        10.000000000000000       -5.6488147492927924E-013   3.1068481121110374E-011
   113.21179413436738        10.000000000000000       -5.6488147492927924E-013   3.1633362596039654E-011
   115.81301450995161        10.000000000000000       -5.6488147492927924E-013   3.2198244070968933E-011
   118.57030810807090        10.000000000000000       -5.6488147492927924E-013   3.2763125545898213E-011
   121.49303932207735        10.000000000000000        5.6488147492927924E-013   3.3328007020827493E-011
   124.59113440892419        10.000000000000000        5.6488147492927924E-013   3.3892888495756772E-011
   127.87511520098184        10.000000000000000       -0.0000000000000000        3.3892888495756772E-011
   131.35613484056293        10.000000000000000        5.6488147492927924E-013   3.4457769970686052E-011
   135.04601565851891        10.000000000000000       -0.0000000000000000        3.4457769970686052E-011
   138.95728932555224        10.000000000000000       -0.0000000000000000        3.4457769970686052E-011
   143.10323941260756        10.000000000000000       -0.0000000000000000        3.4457769970686052E-011
   147.49794650488622        10.000000000000000       -0.0000000000000000        3.4457769970686052E-011
   152.15633602270159        10.000000000000000       -0.0000000000000000        3.4457769970686052E-011
   157.09422891158587        10.000000000000000        5.6488147492927924E-013   3.5022651445615332E-011
   162.32839537380323        10.000000000000000       -0.0000000000000000        3.5022651445615332E-011
   167.87661182375362        10.000000000000000       -0.0000000000000000        3.5022651445615332E-011
   173.75772126070103        10.000000000000000       -5.6488147492927924E-013   3.5587532920544611E-011
   179.99169726386529        10.000000000000000       -5.6488147492927924E-013   3.6152414395473891E-011
   186.59971182721941        10.000000000000000       -0.0000000000000000        3.6152414395473891E-011
   193.60420726437476        10.000000000000000       -5.6488147492927924E-013   3.6717295870403171E-011
   201.02897242775944        10.000000000000000       -0.0000000000000000        3.6717295870403171E-011
   208.89922350094722        10.000000000000000       -0.0000000000000000        3.6717295870403171E-011
   217.24168963852625        10.000000000000000       -0.0000000000000000        3.6717295870403171E-011
   226.08470374436004        10.000000000000000       -0.0000000000000000        3.6717295870403171E-011
   235.45829869654384        10.000000000000000       -0.0000000000000000        3.6717295870403171E-011
   245.39430934585866        10.000000000000000       -5.6488147492927924E-013   3.7282177345332450E-011
   255.92648063413239        10.000000000000000       -5.6488147492927924E-013   3.7847058820261730E-011
   258.85308287493723        10.000000000000000       -0.0000000000000000        3.7847058820261730E-011
   261.77968511574204        10.000000000000000        5.6488147492927924E-013   3.8411940295191010E-011
   264.26144381594452        10.000000000000000       -0.0000000000000000        3.8411940295191010E-011
   266.89210803815917        10.000000000000000       -0.0000000000000000        3.8411940295191010E-011
   269.12291129859716        10.000000000000000       -5.6488147492927924E-013   3.8976821770120289E-011
   271.48756275466144        10.000000000000000        5.6488147492927924E-013   3.9541703245049569E-011
   273.99409329808958        10.000000000000000       -0.0000000000000000        3.9541703245049569E-011
   276.65101567412341        10.000000000000000        5.6488147492927924E-013   4.0106584719978849E-011
   279.46735339271930        10.000000000000000       -5.6488147492927924E-013   4.0671466194908128E-011
   282.45267137443091        10.000000000000000       -0.0000000000000000        4.0671466194908128E-011
   285.61710843504522        10.000000000000000       -5.6488147492927924E-013   4.1236347669837408E-011
   288.97141171929638        10.000000000000000       -5.6488147492927924E-013   4.1801229144766687E-011
   292.52697320060264        10.000000000000000       -5.6488147492927924E-013   4.2366110619695967E-011
   296.29586837078728        10.000000000000000        5.6488147492927924E-013   4.2930992094625247E-011
   300.29089725118297        10.000000000000000        1.1297629498585585E-012   4.4060755044483806E-011
   304.52562786440240        10.000000000000000        5.6488147492927924E-013   4.4625636519413086E-011
   308.76035847762182        10.000000000000000        5.6488147492927924E-013   4.5190517994342365E-011
   313.24917292763445        10.000000000000000        1.1297629498585585E-012   4.6320280944200925E-011
   318.00731624464782        10.000000000000000        1.1297629498585585E-012   4.7450043894059484E-011
   323.05094816068203        10.000000000000000        1.1297629498585585E-012   4.8579806843918043E-011
   328.09458007671623        10.000000000000000        1.1297629498585585E-012   4.9709569793776603E-011
   333.13821199275043        10.000000000000000        1.1297629498585585E-012   5.0839332743635162E-011
   338.18184390878463        10.000000000000000        1.1297629498585585E-012   5.1969095693493721E-011
   343.22547582481883        10.000000000000000        1.1297629498585585E-012   5.3098858643352280E-011
   348.57172565581504        10.000000000000000        1.1297629498585585E-012   5.4228621593210840E-011
   354.23875047667104        10.000000000000000        1.1297629498585585E-012   5.5358384543069399E-011
   360.24579678677839        10.000000000000000        1.1297629498585585E-012   5.6488147492927958E-011
   366.61326587549217        10.000000000000000        1.1297629498585585E-012   5.7617910442786518E-011
   373.36278310952883        10.000000000000000        1.1297629498585585E-012   5.8747673392645070E-011
   380.51727137760764        10.000000000000000        5.6488147492927924E-013   5.9312554867574350E-011
   388.10102894177118        10.000000000000000       -0.0000000000000000        5.9312554867574350E-011
   396.13981195978454        10.000000000000000       -0.0000000000000000        5.9312554867574350E-011
   404.66092195887870        10.000000000000000       -0.0000000000000000        5.9312554867574350E-011
   413.69329855791852        10.000000000000000       -0.0000000000000000        5.9312554867574350E-011
   423.26761775290072        10.000000000000000       -0.0000000000000000        5.9312554867574350E-011
   433.41639609958185        10.000000000000000       -0.0000000000000000        5.9312554867574350E-011
   444.17410114706388        10.000000000000000        5.6488147492927934E-013   5.9877436342503630E-011
   455.57726849739481        10.000000000000000        1.1297629498585587E-012   6.1007199292362189E-011
   467.66462588874560        10.000000000000000        1.1297629498585587E-012   6.2136962242220748E-011
   480.47722472357748        10.000000000000000        5.6488147492927934E-013   6.2701843717150028E-011
   494.05857948849922        10.000000000000000        5.6488147492927934E-013   6.3266725192079308E-011
   508.45481553931626        10.000000000000000        5.6488147492927934E-013   6.3831606667008587E-011
   523.71482575318237        10.000000000000000        5.6488147492927934E-013   6.4396488141937867E-011
   530.34035594779789        10.000000000000000       -0.0000000000000000        6.4396488141937867E-011
   537.36341795409032        10.000000000000000       -5.6488147492927945E-013   6.4961369616867147E-011
   544.38647996038276        10.000000000000000       -5.6488147492927945E-013   6.5526251091796426E-011
   551.40954196667519        10.000000000000000       -5.6488147492927934E-013   6.6091132566725706E-011
   558.85398769334518        10.000000000000000       -5.6488147492927934E-013   6.6656014041654986E-011
   566.74510016361535        10.000000000000000       -0.0000000000000000        6.6656014041654986E-011
   575.10967938210172        10.000000000000000        5.6488147492927934E-013   6.7220895516584265E-011
   583.97613335369726        10.000000000000000        1.1297629498585587E-012   6.8350658466442824E-011
   593.37457456358857        10.000000000000000        1.1297629498585587E-012   6.9480421416301384E-011
   603.33692224607341        10.000000000000000        1.1297629498585587E-012   7.0610184366159943E-011
   613.89701078950736        10.000000000000000        1.6946444247878379E-012   7.2304828790947782E-011
   625.09070464554725        10.000000000000000        5.6488147492927934E-013   7.2869710265877062E-011
   636.95602013294956        10.000000000000000        1.1297629498585587E-012   7.3999473215735621E-011
   649.53325454959599        10.000000000000000        5.6488147492927934E-013   7.4564354690664901E-011
   658.06565037784901        10.000000000000000       -0.0000000000000000        7.4564354690664901E-011
   667.10998995579712        10.000000000000000       -1.1297629498585589E-012   7.5694117640523460E-011
   676.15432953374523        10.000000000000000       -1.6946444247878381E-012   7.7388762065311299E-011
   685.19866911169333        10.000000000000000       -2.2595258997171174E-012   7.9648287965028417E-011
   694.24300868964144        10.000000000000000       -3.3892888495756759E-012   8.3037576814604095E-011
   703.83000864226653        10.000000000000000       -4.5190517994342348E-012   8.7556628614038332E-011
   713.41700859489163        10.000000000000000       -6.7785776991513525E-012   9.4335206313189688E-011
   723.57922854467415        10.000000000000000       -9.0381035988684711E-012   1.0337330991205816E-010
   734.35118169144368        10.000000000000000       -1.2992273923373427E-011   1.1636558383543159E-010
   745.76945202701938        10.000000000000000       -1.8641088672666222E-011   1.3500667250809781E-010
   757.87281858272956        10.000000000000000       -2.7114310796605407E-011   1.6212098330470321E-010
   770.70238713178242        10.000000000000000       -4.1801229144766675E-011   2.0392221244946988E-010
   784.30172979377846        10.000000000000000       -6.3266725192079295E-011   2.6718893764154917E-010
   798.71703301549417        10.000000000000000       -9.7159613687836048E-011   3.6434855132938522E-010
   813.99725443051284        10.000000000000000       -1.5138823528104684E-010   5.1573678661043211E-010
   830.19428913043271        10.000000000000000       -2.4063950831987303E-010   7.5637629493030514E-010
   847.36314591234770        10.000000000000000       -3.8750869180148558E-010   1.1438849867317907E-009
   865.56213410117766        10.000000000000000       -6.3210237044586351E-010   1.7759873571776542E-009
   884.85306158133733        10.000000000000000       -1.0484200174687420E-009   2.8244073746463962E-009
   905.30144471030667        10.000000000000000       -1.7629950832542791E-009   4.5874024579006751E-009
   926.97673082701408        10.000000000000000       -3.0017801577741842E-009   7.5891826156748588E-009
   949.95253411072395        10.000000000000000       -5.1737494288772500E-009   1.2762932044552108E-008
   974.30688559145642        10.000000000000000       -9.0098595251219392E-009   2.1772791569674049E-008
   994.95937564711755        10.000000000000000       -1.3850328883790831E-008   3.5623120453464878E-008
   1016.8510151061184        10.000000000000000       -2.1568869357224241E-008   5.7191989810689119E-008
   1040.0561529326594        10.000000000000000       -3.4005299909266554E-008   9.1197289719955673E-008
   1064.6535990287928        10.000000000000000       -5.4233705526482152E-008   1.4543099524643784E-007
   1089.2510451249261        10.000000000000000       -8.4652572951419163E-008   2.3008356819785700E-007
   1115.3243379868275        10.000000000000000       -1.3356848427290769E-007   3.6365205247076470E-007
   1142.9620284204429        10.000000000000000       -2.1285072904214841E-007   5.7650278151291311E-007
   1172.2579802800753        10.000000000000000       -3.4224473921525671E-007   9.1874752072816987E-007
   1203.3116892512855        10.000000000000000       -5.5467293691395452E-007   1.4734204576421244E-006
   1236.2286207607685        10.000000000000000       -9.0510619798920441E-007   2.3785266556313288E-006
   1271.1205681608203        10.000000000000000       -1.4853456704567821E-006   3.8638723260881111E-006
   1308.1060324048754        10.000000000000000       -2.4485702638706990E-006   6.3124425899588101E-006
   1341.3929502245248        10.000000000000000       -3.7070849536526545E-006   1.0019527543611465E-005
   1376.6770831133533        10.000000000000000       -5.6540099641642174E-006   1.5673537507775682E-005
   1414.0782639755116        10.000000000000000       -8.6790248266868077E-006   2.4352562334462490E-005
   1453.7235156893994        10.000000000000000       -1.3394976231877020E-005   3.7747538566339511E-005
   1475.2397866995605        10.000000000000000       -1.6477757568569960E-005   5.4225296134909472E-005
   1498.0470339703313        10.000000000000000       -2.0441556862406531E-005   7.4666852997316003E-005
   1522.2227160773484        10.000000000000000       -2.5574017409158282E-005   1.0024087040647429E-004
   1547.8489391107864        10.000000000000000       -3.2265862076083374E-005   1.3250673248255766E-004
   1575.0127355262307        10.000000000000000       -4.1050286441295997E-005   1.7355701892385366E-004
   1603.8063597266016        10.000000000000000       -5.2658026264260823E-005   2.2621504518811447E-004
   1634.3276013789948        10.000000000000000       -6.8094458723019343E-005   2.9430950391113383E-004
   1666.6801175305318        10.000000000000000       -8.8747622438793930E-005   3.8305712634992777E-004
   1684.2384750962938        10.000000000000000       -1.0135397893586796E-004   4.8441110528579573E-004
   1701.7968326620557        10.000000000000000       -1.1550255223886510E-004   5.9991365752466079E-004
   1720.4086916817635        10.000000000000000       -1.3242001579745884E-004   7.3233367332211957E-004
   1739.0205507014712        10.000000000000000       -1.5146017796717050E-004   8.8379385128929005E-004
   1758.7491212623615        10.000000000000000       -1.7429005368795842E-004   1.0580839049772485E-003
   1779.6614060569052        10.000000000000000       -2.0180435477141115E-004   1.2598882597486597E-003
   1801.8284279391216        10.000000000000000       -2.3513608036976146E-004   1.4950243401184210E-003
   1825.3254711342709        10.000000000000000       -2.7572568219276115E-004   1.7707500223111822E-003
   1850.2323369211292        10.000000000000000       -3.2541152462598817E-004   2.0961615469371705E-003
   1876.6336146551989        10.000000000000000       -3.8654843301493881E-004   2.4827099799521095E-003
   1904.6189690533129        10.000000000000000       -4.6216330438645536E-004   2.9448732843385650E-003
   1934.2834447153136        10.000000000000000       -5.5615961600339974E-004   3.5010329003419649E-003
   1965.7277889170346        10.000000000000000       -6.7358644281573503E-004   4.1746193431577002E-003
   1999.0587937708588        10.000000000000000       -8.2099247714085102E-004   4.9956118202985509E-003
   2034.3896589159124        10.000000000000000       -1.0068918903477441E-003   6.0025037106462946E-003
   2071.8403759696689        10.000000000000000       -1.2423770416786066E-003   7.2448807523249007E-003
   2111.5381360466513        10.000000000000000       -1.5419234591401842E-003   8.7868042114650855E-003
   2153.6177617282524        10.000000000000000       -1.9244456480585878E-003   1.0711249859523674E-002
   2198.2221649507496        10.000000000000000       -2.4146787937967830E-003   1.3125928653320457E-002
   2245.5028323665965        10.000000000000000       -3.0449816851464001E-003   1.6170910338466855E-002
   2277.5780371415071        10.000000000000000       -3.5286339152670642E-003   1.9699544253733919E-002
   2311.5777542029123        10.000000000000000       -4.1107968508149089E-003   2.3810341104548827E-002
   2345.5774712643174        10.000000000000000       -4.7693640342402251E-003   2.8579705138789054E-002
   2381.6171713494068        10.000000000000000       -5.5620387439286037E-003   3.4141743882717658E-002
   2419.8192534396017        10.000000000000000       -6.5196224258911931E-003   4.0661366308608851E-002
   2460.3134604552083        10.000000000000000       -7.6805026810240441E-003   4.8341868989632893E-002
   2494.6525480044429        10.000000000000000       -8.7787512104779940E-003   5.7120620200110883E-002
   2531.0519808066315        10.000000000000000       -1.0081959727368422E-002   6.7202579927479300E-002
   2567.4514136088201        10.000000000000000       -1.1535917569239600E-002   7.8738497496718907E-002
   2606.0348123791400        10.000000000000000       -1.3261039295834373E-002   9.1999536792553280E-002
   2646.9332150756791        10.000000000000000       -1.5314419976894214E-002  0.10731395676944749     
   2690.2855219340104        10.000000000000000       -1.7766016142156098E-002  0.12507997291160358     
   2736.2389672038416        10.000000000000000       -2.0701610984462250E-002  0.14578158389606583     
   2784.9496191898629        10.000000000000000       -2.4226446956493834E-002  0.17000803085255967     
   2836.5829102950452        10.000000000000000       -2.8469662591584965E-002  0.19847769344414462     
   2880.3679411522398        10.000000000000000       -3.2459219175885963E-002  0.23093691262003058     
   2926.7800738608662        10.000000000000000       -3.7160614890303013E-002  0.26809752751033361     
   2975.9769345320101        10.000000000000000       -4.2714992347202808E-002  0.31081251985753644     
   3028.1256068434227        10.000000000000000       -4.9292860555120895E-002  0.36010538041265733     
   3083.4031994935199        10.000000000000000       -5.7100179034665320E-002  0.41720555944732263     
   3141.9974477026230        10.000000000000000       -6.6385615579338142E-002  0.48359117502666077     
   3204.1073508042723        10.000000000000000       -7.7449161758521179E-002  0.56104033678518195     
   3269.9438480920207        10.000000000000000       -9.0652302519406550E-002  0.65169263930458854     
   3339.7305352170338        10.000000000000000      -0.10642994248346405       0.75812258178805259     
   3402.5385536295457        10.000000000000000      -0.12216384056457973       0.88028642235263233     
   3469.1150531468083        10.000000000000000      -0.14067233185706274        1.0209587542096950     
   3535.6915526640710        10.000000000000000      -0.16111715199377896        1.1820759062034738     
   3606.2626421523692        10.000000000000000      -0.18508821421105359        1.3671641204145275     
   3676.8337316406673        10.000000000000000      -0.21148007111493808        1.5786441915294656     
   3751.6390864982636        10.000000000000000      -0.24231579514666729        1.8209599866761328     
   3830.9327626473155        10.000000000000000      -0.27837675636312503        2.0993367430392578     
   3898.1738000217115        10.000000000000000      -0.31147837259573469        2.4108151156349926     
   3965.4148373961075        10.000000000000000      -0.34719307098240393        2.7580081866173964     
   4032.6558747705035        10.000000000000000      -0.38560802818354151        3.1436162148009381     
   4103.9313743873636        10.000000000000000      -0.42946039204894082        3.5730766068498792     
   4179.4834039812349        10.000000000000000      -0.47957383303680634        4.0526504398866852     
   4259.5685553507383        10.000000000000000      -0.53689471296263391        4.5895451528493192     
   4344.4588158024126        10.000000000000000      -0.60250798178226972        5.1920531346315890     
   4429.3490762540869        10.000000000000000      -0.67309542895281682        5.8651485635844054     
   4519.3327523328617        10.000000000000000      -0.75363566511594193        6.6187842287003473     
   4609.3164284116365        10.000000000000000      -0.84000639170803626        7.4587906204083838     
   4704.6991250551373        10.000000000000000      -0.93822552921547120        8.3970161496238553     
   4805.8047834972485        10.000000000000000       -1.0499407758379296        9.4469569254617856     
   4906.9104419393598        10.000000000000000       -1.1693483501005890        10.616305275562375     
   4987.7949686930488        10.000000000000000       -1.2698338729828289        11.886139148545205     
   5073.5325670519587        10.000000000000000       -1.3819529201694056        13.268092068714610     
   5164.4144213124036        10.000000000000000       -1.5071203415564294        14.775212410271040     
   5260.7491868284751        10.000000000000000       -1.6469123702872435        16.422124780558285     
   5362.8640382755111        10.000000000000000       -1.8030801521477797        18.225204932706063     
   5471.1057808093692        10.000000000000000       -1.9775630099919745        20.202767942698038     
   5562.8947784780803        10.000000000000000       -2.1319265160071823        22.334694458705222     
   5645.5048763799205        10.000000000000000       -2.2760099753416640        24.610704434046887     
   5733.0715801558708        10.000000000000000       -2.4344884557182933        27.045192889765183     
   5825.8922861583787        10.000000000000000       -2.6088740818820635        29.654066971647246     
   5924.2822345210370        10.000000000000000       -2.8008258260127032        32.454892797659951     
   6028.5755797854545        10.000000000000000       -3.0121586242067253        35.467051421866678     
   6139.1265257657369        10.000000000000000       -3.2448516410176595        38.711903062884339     
   6238.6223771479918        10.000000000000000       -3.4611829140831043        42.173085976967442     
   6344.0879796131812        10.000000000000000       -3.6980972571521322        45.871183234119577     
   6378.6469482289749        10.000000000000000       -3.7765398957261009        49.647723129845680     
   6415.2794549617156        10.000000000000000       -3.8605924005297543        53.508315530375434     
   6454.1099120984209        10.000000000000000       -3.9506963308793464        57.459011861254780     
   6487.0381397503470        10.000000000000000       -4.0278235289548432        61.486835390209620     
   6521.9420610613888        10.000000000000000       -4.1103789702338114        65.597214360443431     
   6558.9402176510930        10.000000000000000       -4.1987817652421224        69.795996125685548     
   6598.1582636361800        10.000000000000000       -4.2934825247888622        74.089478650474405     
   6639.7293923803718        10.000000000000000       -4.3949707757726779        78.484449426247082     
   6683.7947888492154        10.000000000000000       -4.5037767373647393        82.988226163611827     
   6730.5041091061894        10.000000000000000       -4.6204747153537342        87.608700878965564     
   6780.0159885785815        10.000000000000000       -4.7456866815739405        92.354387560539507     
   6832.4985808193178        10.000000000000000       -4.8800860527101975        97.234473613249705     
   6888.1301285944983        10.000000000000000       -5.0244016645666569        102.25887527781636     
   6947.0995692361894        10.000000000000000       -5.1794219276595737        107.43829720547593     
   7006.0690098778805        10.000000000000000       -5.3364519485908373        112.77474915406677     
   7068.5766169580729        10.000000000000000       -5.5051186757510129        118.27986782981777     
   7134.8346804630764        10.000000000000000       -5.6863420224834238        123.96620985230120     
   7205.0682277783808        10.000000000000000       -5.8811140432735796        129.84732389557479     
   7279.5157879326034        10.000000000000000       -6.0905033791037138        135.93782727467851     
   7358.4302016960792        10.000000000000000       -6.3156596521570174        142.25348692683554     
   7442.0794802853634        10.000000000000000       -6.5578177222948639        148.81130464913039     
   7530.7477155900051        10.000000000000000       -6.8183016976139603        155.62960634674434     
   7619.4159508946468        10.000000000000000       -7.0824545534179526        162.71206090016230     
   7713.4042803175662        10.000000000000000       -7.3664276805766820        170.07848858073899     
   7813.0319095058612        10.000000000000000       -7.6717219058625510        177.75021048660153     
   7918.6371964454538        10.000000000000000       -7.9999340372744534        185.75014452387597     
   8030.5788006014218        10.000000000000000       -8.3527579855268588        194.10290250940284     
   8142.5204047573898        10.000000000000000       -8.7102540146839118        202.81315652408676     
   8254.4620089133587        10.000000000000000       -9.0721783654840813        211.88533488957086     
   8330.4031931727677        10.000000000000000       -9.3196700640798031        221.20500495365067     
   8381.9216925743513        10.000000000000000       -9.4884481134118008        230.69345306706248     
   8425.6093800668932        10.000000000000000       -9.6321903964459938        240.32564346350847     
   8471.9183288089880        10.000000000000000       -9.7852311615440790        250.11087462505256     
   8521.0058144756094        10.000000000000000       -9.9482032229123689        260.05907784796494     
   8573.0385492822279        10.000000000000000       -10.121762796679972        270.18084064464489     
   8628.1932481772419        10.000000000000000       -10.306618388640217        280.48745903328512     
   8686.6572290059576        10.000000000000000       -10.503524449176252        290.99098348246139     
   8748.6290486843955        10.000000000000000       -10.713284112623150        301.70426759508456     
   8814.3191775435407        10.000000000000000       -10.936751656719691        312.64101925180427     
   8883.9507141342347        10.000000000000000       -11.174834807432473        323.81585405923676     
   8957.7601429203696        10.000000000000000       -11.428496879413581        335.24435093865031     
   9035.9981374336730        10.000000000000000       -11.698758702376367        346.94310964102669     
   9114.2361319469765        10.000000000000000       -11.970327717708804        358.91343735873551     
   9197.1684061310789        10.000000000000000       -12.259574454139871        371.17301181287536     
   9220.2130160998186        10.000000000000000       -12.340052912508339        383.51306472538369     
   9244.6403026666831        10.000000000000000       -12.425473708352049        395.93853843373574     
   9270.5332264275603        10.000000000000000       -12.516148063508831        408.45468649724455     
   9297.9797256140901        10.000000000000000       -12.612403604749392        421.06709010199393     
   9327.0730147518116        10.000000000000000       -12.714588801019838        433.78167890301376     
   9357.9119012377960        10.000000000000000       -12.823074148344471        446.60475305135822     
   9390.6011209129392        10.000000000000000       -12.938253463570563        459.54300651492878     
   9425.2516937685905        10.000000000000000       -13.060545258204032        472.60355177313284     
   9461.9813009955815        10.000000000000000       -13.190394179181057        485.79394595231389     
   9500.9146846561925        10.000000000000000       -13.328277699340719        499.12222365165462     
   9542.1840713364400        10.000000000000000       -13.474690405851426        512.59691405750607     
   9585.9296212175013        10.000000000000000       -13.630165515040275        526.22707957254636     
   9632.2999040914274        10.000000000000000       -13.795268092539645        540.02234766508604     
   9681.4524039377884        10.000000000000000       -13.970597064002002        553.99294472908809     
   9733.5540537749312        10.000000000000000       -14.156786998109434        568.14973172719749     
   9788.7818026023015        10.000000000000000       -14.354509800902527        582.50424152810001     
   9847.3232163593148        10.000000000000000       -14.564476346879820        597.06871787497982     
   9909.3771149417498        10.000000000000000       -14.787438033999626        611.85615590897942     
   9975.1542474391299        10.000000000000000       -15.024188233206317        626.88034414218578     
   10044.878007886353        10.000000000000000       -15.275563592871730        642.15590773505755     
   10118.785193960410        10.000000000000000       -15.542445150309119        657.69835288536672     
   10197.126811198910        10.000000000000000       -15.825759194999824        673.52411208036654     
   10280.168925471720        10.000000000000000       -16.126477820955689        689.65058990132218     
   10368.193566600899        10.000000000000000       -16.445619105619425        706.09620900694165     
   10456.218207730079        10.000000000000000       -16.765065382692548        722.86127438963422     
   10544.242848859258        10.000000000000000       -17.084744152683523        739.94601854231769     
   10637.548968456187        10.000000000000000       -17.423781101754599        757.36979964407226     
   10688.188065683833        10.000000000000000       -17.607821692479664        774.97762133655192     
   10741.865508745137        10.000000000000000       -17.802920464776303        792.78054180132824     
   10798.763598390120        10.000000000000000       -18.009744369646640        810.79028617097492     
   10859.075573413802        10.000000000000000       -18.228990188119585        829.01927635909453     
   10899.991217269868        10.000000000000000       -18.377716419808419        847.39699277890293     
   10943.361799757296        10.000000000000000       -18.535334157914242        865.93232693681716     
   10989.334617193972        10.000000000000000       -18.702394130111497        884.63472106692871     
   11038.065803676847        10.000000000000000       -18.879431934884490        903.51415300181316     
   11089.720861348695        10.000000000000000       -19.067030146935988        922.58118314874912     
   11144.475222480854        10.000000000000000       -19.265801077782793        941.84698422653196     
   11202.514845280943        10.000000000000000       -19.476388331931791        961.32337255846380     
   11264.036845449036        10.000000000000000       -19.699467862030772        981.02284042049462     
   11329.250165627216        10.000000000000000       -19.935748779059477        1000.9585891995541     
   11398.376285016087        10.000000000000000       -20.185973962757846        1021.1445631623120     
   11471.649971568289        10.000000000000000       -20.450920457827209        1041.5954836201392     
   11549.320079313624        10.000000000000000       -20.731399621465279        1062.3268832416045     
   11631.650393523680        10.000000000000000       -21.028256978739446        1083.3551402203439     
   11676.332701651761        10.000000000000000       -21.189227657292065        1104.5443678776360     
   11723.695948267527        10.000000000000000       -21.359692554101969        1125.9040604317379     
   11773.900989680238        10.000000000000000       -21.540192125586348        1147.4442525573243     
   11827.118333577713        10.000000000000000       -21.731294157103765        1169.1755467144280     
   11883.528718109037        10.000000000000000       -21.933594552840582        1191.1091412672686     
   11943.323725712240        10.000000000000000       -22.147718030082167        1213.2568592973507     
   12006.706433771635        10.000000000000000       -22.374318701922906        1235.6311779992736     
   12073.892104314593        10.000000000000000       -22.614080519055609        1258.2452585183291     
   12145.108915090128        10.000000000000000       -22.867717536777459        1281.1129760551066     
   12220.598734512196        10.000000000000000       -23.135973967983990        1304.2489500230906     
   12300.617943099587        10.000000000000000       -23.419623977260880        1327.6685740003516     
   12368.474231981696        10.000000000000000       -23.659637048268245        1351.3282110486198     
   12440.401898196731        10.000000000000000       -23.913444783431665        1375.2416558320515     
   12516.645224384669        10.000000000000000       -24.181777157069284        1399.4234329891208     
   12597.463150143882        10.000000000000000       -24.465392443571297        1423.8888254326921     
   12683.130151448648        10.000000000000000       -24.765076614374284        1448.6539020470664     
   12773.937172831700        10.000000000000000       -25.081642359452090        1473.7355444065186     
   12870.192615497735        10.000000000000000       -25.415927723374747        1499.1514721298934     
   12972.223384723733        10.000000000000000       -25.768794330281438        1524.9202664601748     
   13074.254153949731        10.000000000000000       -26.120143033965935        1551.0404094941407     
   13182.406769329287        10.000000000000000       -26.490820462349557        1577.5312299564903     
   13241.103356748081        10.000000000000000       -26.691470223773610        1604.2227001802639     
   13299.799944166874        10.000000000000000       -26.891565815884203        1631.1142659961481     
   13362.018326830796        10.000000000000000       -27.103072675116110        1658.2173386712643     
   13427.969812454552        10.000000000000000       -27.326615107090625        1685.5439537783550     
   13497.878387215733        10.000000000000000       -27.562776594667426        1713.1067303730224     
   13571.981476462584        10.000000000000000       -27.812211272837683        1740.9189416458601     
   13650.530751064247        10.000000000000000       -28.075593278235704        1768.9945349240957     
   13733.792982142009        10.000000000000000       -28.353618702062764        1797.3481536261584     
   13822.050947084439        10.000000000000000       -28.647005304546617        1825.9951589307050     
   13915.604389923414        10.000000000000000       -28.956491395655572        1854.9516503263606     
   14014.771039332727        10.000000000000000       -29.282834189593164        1884.2344845159537     
   14119.887687706600        10.000000000000000       -29.626807696576122        1913.8612922125299     
   14231.311334982904        10.000000000000000       -29.989200152626630        1943.8504923651565     
   14349.420401095786        10.000000000000000       -30.370810959083620        1974.2213033242401     
   14474.616011175442        10.000000000000000       -30.772447070957423        2004.9937503951976     
   14607.323357859877        10.000000000000000       -31.194918733608208        2036.1886691288057     
   14747.993145345379        10.000000000000000       -31.639034440646515        2067.8277035694523     
   14897.103120080010        10.000000000000000       -32.105595007528891        2099.9332985769811     
   15055.159693298720        10.000000000000000       -32.595386857692674        2132.5286854346737     
   15213.216266517429        10.000000000000000       -33.080380994492479        2165.6090664291660     
   15371.272839736139        10.000000000000000       -33.560548563672718        2199.1696149928389     
   15538.812807347971        10.000000000000000       -34.064076836752761        2233.2336918295919     
   15706.352774959803        10.000000000000000       -34.562134880581354        2267.7958267101731     
   15883.945140628344        10.000000000000000       -35.083915274945078        2302.8797419851180     
   16061.537506296885        10.000000000000000       -35.599524700541807        2338.4792666856597     
   16110.885565789049        10.000000000000000       -35.742325793417201        2374.2215924790771     
   16163.194508850742        10.000000000000000       -35.893126215165580        2410.1147186942426     
   16218.641988496136        10.000000000000000       -36.052383128347678        2446.1671018225902     
   16277.416316920255        10.000000000000000       -36.220523836043704        2482.3876256586341     
   16339.717105049820        10.000000000000000       -36.398028946252516        2518.7856546048865     
   16405.755940467159        10.000000000000000       -36.585319519419528        2555.3709741243060     
   16475.757106009540        10.000000000000000       -36.782883855450663        2592.1538579797566     
   16549.958341484460        10.000000000000000       -36.991222435972574        2629.1450804157294     
   16628.611651087878        10.000000000000000       -37.210850048429869        2666.3559304641594     
   16711.984159267500        10.000000000000000       -37.442295760712803        2703.7982262248725     
   16800.359017937899        10.000000000000000       -37.686102169252244        2741.4843283941245     
   16894.036368128523        10.000000000000000       -37.942824262073771        2779.4271526561984     
   16993.334359330584        10.000000000000000       -38.213027986733053        2817.6401806429312     
   17098.590230004767        10.000000000000000       -38.497288544906553        2856.1374691878377     
   17210.161452919405        10.000000000000000       -38.796188404826907        2894.9336575926645     
   17328.426949208919        10.000000000000000       -39.110315079859916        2934.0439726725244     
   17446.692445498433        10.000000000000000       -39.421743058050751        2973.4657157305751     
   17572.053871565317        10.000000000000000       -39.748836852092950        3013.2145525826681     
   17704.936983196214        10.000000000000000       -40.092178666939290        3053.3067312496073     
   17845.793081524967        10.000000000000000       -40.452345713430105        3093.7590769630374     
   17995.100545753445        10.000000000000000       -40.829905702722513        3134.5889826657599     
   18153.366457835629        10.000000000000000       -41.225412133365815        3175.8143947991257     
   18311.632369917814        10.000000000000000       -41.616243170072565        3217.4306379691984     
   18479.394236724929        10.000000000000000       -42.025312723020619        3259.4559506922192     
   18657.221815540473        10.000000000000000       -42.453122820159500        3301.9090735123787     
   18845.719049084950        10.000000000000000       -42.900145828302868        3344.8092193406815     
   19034.216282629426        10.000000000000000       -43.340778898125187        3388.1499982388068     
   19099.689062526551        10.000000000000000       -43.493059061092886        3431.6430572998997     
   19169.090209217506        10.000000000000000       -43.653574385657777        3475.2966316855577     
   19242.655424709916        10.000000000000000       -43.822820801648056        3519.1194524872058     
   19320.634553131869        10.000000000000000       -44.001135829742800        3563.1205883169487     
   19403.292429259141        10.000000000000000       -44.188942946115873        3607.3095312630644     
   19490.909777954050        10.000000000000000       -44.386671747917589        3651.6962030109821     
   19583.784167570651        10.000000000000000       -44.594760051021773        3696.2909630620038     
   19682.231020564250        10.000000000000000       -44.813653476391067        3741.1046165383950     
   19786.584684737463        10.000000000000000       -45.043804317891535        3786.1484208562865     
   19897.199568761072        10.000000000000000       -45.285670099268920        3831.4340909555553     
   20014.451345826095        10.000000000000000       -45.539711929446504        3876.9738028850020     
   20138.738229515020        10.000000000000000       -45.806392664886630        3922.7801955498885     
   20270.482326225283        10.000000000000000       -46.086174806542040        3968.8663703564307     
   20410.131068738159        10.000000000000000       -46.379517966330575        4015.2458883227614     
   20485.921234274749        10.000000000000000       -46.537775239108981        4061.7836635618705     
   20566.258809743533        10.000000000000000       -46.704472267884597        4108.4881358297553     
   20651.416639740444        10.000000000000000       -46.879992531331091        4155.3681283610867     
   20741.683939537172        10.000000000000000       -47.064728460907141        4202.4328568219935     
   20837.367277321700        10.000000000000000       -47.259080623087797        4249.6919374450808     
   20938.791615373302        10.000000000000000       -47.463456427286992        4297.1553938723682     
   21046.301413707999        10.000000000000000       -47.678268560634855        4344.8336624330032     
   21160.261799942778        10.000000000000000       -47.903933151715655        4392.7375955847192     
   21281.059809351646        10.000000000000000       -48.140867711437821        4440.8784632961570     
   21409.105699325042        10.000000000000000       -48.389488934321953        4489.2679522304788     
   21544.834342696842        10.000000000000000       -48.650210443206483        4537.9181626736854     
   21688.706704670953        10.000000000000000       -48.923440490870220        4586.8416031645556     
   21841.211408363510        10.000000000000000       -49.209579470161167        4636.0511826347165     
   22002.866394277618        10.000000000000000       -49.509016845217573        4685.5601994799345     
   22174.220679346574        10.000000000000000       -49.822126890098737        4735.3823263700333     
   22355.856221519669        10.000000000000000       -50.149262930742069        4785.5315893007755     
   22537.491763692764        10.000000000000000       -50.471696752564171        4836.0032860533393     
   22600.581198219599        10.000000000000000       -50.583125363616169        4886.5864114169553     
   22667.455998818044        10.000000000000000       -50.700569595326847        4937.2869810122820     
   22738.343287452397        10.000000000000000       -50.824366829899020        4988.1113478421812     
   22813.483813404811        10.000000000000000       -50.954807496246730        5039.0661553384280     
   22893.132770914370        10.000000000000000       -51.092194117923249        5090.1583494563511     
   22977.560665874502        10.000000000000000       -51.236837816587737        5141.3951872729385     
   23067.054234532243        10.000000000000000       -51.389056738814418        5192.7842440117529     
   23161.917417309447        10.000000000000000       -51.549174900917677        5244.3334189126708     
   23262.472391053285        10.000000000000000       -51.717521120030788        5296.0509400327019     
   23369.060663221753        10.000000000000000       -51.894427978222708        5347.9453680109245     
   23482.044231720327        10.000000000000000       -52.080318226402277        5400.0256862373271     
   23601.806814328818        10.000000000000000       -52.275413065432289        5452.3010993027592     
   23728.755151893816        10.000000000000000       -52.480068848687822        5504.7811681514468     
   23863.320389712717        10.000000000000000       -52.694629403667733        5557.4757975551147     
   24005.959541800752        10.000000000000000       -52.919433815533239        5610.3952313706477     
   24157.157043014067        10.000000000000000       -53.154816491191575        5663.5500478618396     
   24317.426394300182        10.000000000000000       -53.401105060561584        5716.9511529224010     
   24477.695745586298        10.000000000000000       -53.644225991759988        5770.5953789141613     
   24647.581257949580        10.000000000000000       -53.898432687823345        5824.4938116019848     
   24827.659901054656        10.000000000000000       -54.164020897548589        5878.6578324995335     
   25018.543262746040        10.000000000000000       -54.441267235875571        5933.0990997354093     
   25218.543262746040        10.000000000000000       -54.727140647752279        5987.8262403831613     
   25418.543262746040        10.000000000000000       -55.008481044097344        6042.8347214272590     
   25618.543262746040        10.000000000000000       -55.285367878507437        6098.1200893057667     
   25818.543262746040        10.000000000000000       -55.557880976341679        6153.6779702821086     
   26018.543262746040        10.000000000000000       -55.826094901813022        6209.5040651839217     
   26218.543262746040        10.000000000000000       -56.090076486627758        6265.5941416705491     
   26418.543262746040        10.000000000000000       -56.349888955278146        6321.9440306258275     
   26578.543262746040        10.000000000000000       -56.555098698077451        6378.4991293239045     
   26748.143262746038        10.000000000000000       -56.769688802441976        6435.2688181263466     
   26927.919262746040        10.000000000000000       -56.993901174583002        6492.2627193009293     
   27118.481822746038        10.000000000000000       -57.227963314220744        6549.4906826151500     
   27318.481822746038        10.000000000000000       -57.469716777764049        6606.9603993929140     
   27518.481822746038        10.000000000000000       -57.707645970483171        6664.6680453633971     
   27718.481822746038        10.000000000000000       -57.941832940278758        6722.6098783036759     
   27918.481822746038        10.000000000000000       -58.172362092361766        6780.7822403960381     
   28118.481822746038        10.000000000000000       -58.399313494905044        6839.1815538909432     
   28246.481822746038        10.000000000000000       -58.543117532512369        6897.7246714234552     
   28382.161822746039        10.000000000000000       -58.693949046050356        6956.4186204695052     
   28525.982622746040        10.000000000000000       -58.852057568639381        7015.2706780381450     
   28678.432670746039        10.000000000000000       -59.017687541880214        7074.2883655800251     
   28840.029721626037        10.000000000000000       -59.191077366878432        7133.4794429469039     
   29011.322595558839        10.000000000000000       -59.372458438481168        7192.8519013853847     
   29192.893041927608        10.000000000000000       -59.562055522250112        7252.4139569076351     
   29385.357715078502        10.000000000000000       -59.760087963213067        7312.1740448708479     
   29585.357715078502        10.000000000000000       -59.962766027384610        7372.1368108982324     
   29745.357715078502        10.000000000000000       -60.122955166926275        7432.2597660651591     
   29905.357715078502        10.000000000000000       -60.281225946350524        7492.5409920115098     
   30074.957715078501        10.000000000000000       -60.446878328688101        7552.9878703401982     
   30254.733715078502        10.000000000000000       -60.620135037758452        7613.6080053779569     
   30445.296275078501        10.000000000000000       -60.801203397074005        7674.4092087750305     
   30635.858835078499        10.000000000000000       -60.979716021714353        7735.3889247967445     
   30826.421395078498        10.000000000000000       -61.155693840060536        7796.5446186368054     
   30928.821395078499        10.000000000000000       -61.249541732005177        7857.7941603688105     
   31037.365395078501        10.000000000000000       -61.348121267379774        7919.1422816361901     
   31152.422035078500        10.000000000000000       -61.451795061343432        7980.5940766975336     
   31274.382073478500        10.000000000000000       -61.560655801853315        8042.1547324993871     
   31403.659714182500        10.000000000000000       -61.674905805755770        8103.8296383051429     
   31540.694013328739        10.000000000000000       -61.794743810087574        8165.6243821152302     
   31685.950370423754        10.000000000000000       -61.920371028673138        8227.5447531439040     
   31839.922108944469        10.000000000000000       -62.051993896807197        8289.5967470407104     
   32003.132151776426        10.000000000000000       -62.189825759961401        8351.7865728006709     
   32176.134797178303        10.000000000000000       -62.334087089094886        8414.1206598897661     
   32359.517601304291        10.000000000000000       -62.485003347558667        8476.6056632373256     
   32553.903373677840        10.000000000000000       -62.642799966184896        8539.2484632035103     
   32753.903373677840        10.000000000000000       -62.802920023118219        8602.0513832266279     
   32953.903373677836        10.000000000000000       -62.960861215240470        8665.0122444418685     
   33153.903373677836        10.000000000000000       -63.116668492910620        8728.1289129347788     
   33353.903373677836        10.000000000000000       -63.270381498892483        8791.3992944336715     
   33553.903373677836        10.000000000000000       -63.422039837341899        8854.8213342710133     
   33753.903373677836        10.000000000000000       -63.571686679067668        8918.3930209500813     
   33953.903373677836        10.000000000000000       -63.719369490224594        8982.1123904403066     
   34153.903373677836        10.000000000000000       -63.865137889873957        9045.9775283301806     
   34353.903373677836        10.000000000000000       -64.009039602344444        9109.9865679325248     
   34553.903373677836        10.000000000000000       -64.151116287089508        9174.1376842196150     
   34733.903373677836        10.000000000000000       -64.277528791987677        9238.4152130116036     
   34924.703373677839        10.000000000000000       -64.409907518747985        9302.8251205303513     
   35124.703373677839        10.000000000000000       -64.546895576839773        9367.3720161071906     
   35324.703373677839        10.000000000000000       -64.682102980942261        9432.0541190881322     
   35524.703373677839        10.000000000000000       -64.815513871227438        9496.8696329593604     
   35724.703373677839        10.000000000000000       -64.947112744177645        9561.8167457035379     
   35827.103373677841        10.000000000000000       -65.014014844390175        9626.8307605479276     
   35935.647373677843        10.000000000000000       -65.084342944019085        9691.9151034919469     
   36050.704013677845        10.000000000000000       -65.158358500766056        9757.0734619927134     
   36172.664052077846        10.000000000000000       -65.236128736259204        9822.3095907289735     
   36301.941692781846        10.000000000000000       -65.317808872494012        9887.6273996014679     
   36438.975991928084        10.000000000000000       -65.403482509661359        9953.0308821111284     
   36584.232349023099        10.000000000000000       -65.493485699492552        10018.524367810622     
   36738.204087543818        10.000000000000000       -65.587879574632126        10084.112247385254     
   36901.414130375779        10.000000000000000       -65.686861972127531        10149.799109357382     
   37074.416775777652        10.000000000000000       -65.790637478295224        10215.589746835678     
   37257.799579903643        10.000000000000000       -65.899421652679138        10281.489168488357     
   37452.185352277193        10.000000000000000       -66.013437575097569        10347.502606063454     
   37652.185352277193        10.000000000000000       -66.129439640601248        10413.632045704055     
   37780.185352277193        10.000000000000000       -66.203159853630964        10479.835205557685     
   37915.865352277193        10.000000000000000       -66.280730222097475        10546.115935779782     
   38059.686152277194        10.000000000000000       -66.362323748004926        10612.478259527787     
   38212.136200277193        10.000000000000000       -66.448114557819352        10678.926374085606     
   38373.733251157195        10.000000000000000       -66.538279554168142        10745.464653639774     
   38545.026125089993        10.000000000000000       -66.633000708994317        10812.097654348769     
   38726.596571458758        10.000000000000000       -66.732468750186186        10878.830123098955     
   38919.061244609649        10.000000000000000       -66.836886482678423        10945.667009581633     
   39119.061244609649        10.000000000000000       -66.944334074438999        11012.611343656072     
   39319.061244609649        10.000000000000000       -67.050761956630126        11079.662105612702     
   39519.061244609649        10.000000000000000       -67.156199344665737        11146.818304957367     
   39719.061244609649        10.000000000000000       -67.260661675933008        11214.078966633300     
   39919.061244609649        10.000000000000000       -67.364146064445322        11281.443112697745     
   40119.061244609649        10.000000000000000       -67.466633472070313        11348.909746169815     
   40319.061244609649        10.000000000000000       -67.568091580220852        11416.477837750035     
   40519.061244609649        10.000000000000000       -67.668476782554066        11484.146314532589     
   40719.061244609649        10.000000000000000       -67.767742015311612        11551.914056547901     
   40919.061244609649        10.000000000000000       -67.865840653066527        11619.779897200968     
   41119.061244609649        10.000000000000000       -67.962738121892670        11687.742635322860     
   41319.061244609649        10.000000000000000       -68.058304026857385        11755.800939349718     
   41519.061244609649        10.000000000000000       -68.152693122926351        11823.953632472643     
   41719.061244609649        10.000000000000000       -68.246017630544884        11892.199650103188     
   41919.061244609649        10.000000000000000       -68.338169886006412        11960.537819989195     
   42119.061244609649        10.000000000000000       -68.429239619683003        12028.967059608878     
   42319.061244609649        10.000000000000000       -68.519315418233944        12097.486375027112     
   42519.061244609649        10.000000000000000       -68.608487542425223        12166.094862569538     
   42719.061244609649        10.000000000000000       -68.696840923566043        12234.791703493105     
   42919.061244609649        10.000000000000000       -68.784447692153719        12303.576151185260     
   43119.061244609649        10.000000000000000       -68.871259778771019        12372.447410964030     
   43319.061244609649        10.000000000000000       -68.957554257046098        12441.404965221076     
   43519.061244609649        10.000000000000000       -69.043185704278415        12510.448150925355     
   43600.981244609648        10.000000000000000       -69.078151718241230        12579.526302643595     
   43682.901244609646        10.000000000000000       -69.112986777210480        12648.639289420806     
   43769.736444609647        10.000000000000000       -69.149797081586755        12717.789086502393     
   43861.781756609649        10.000000000000000       -69.188682597961829        12786.977769100355     
   43959.349787329651        10.000000000000000       -69.229779552188162        12856.207548652543     
   44062.771899892854        10.000000000000000       -69.273161681471805        12925.480710334015     
   44172.399339209849        10.000000000000000       -69.318949126576427        12994.799659460592     
   44288.604424885860        10.000000000000000       -69.367225063297496        13064.166884523889     
   44411.781815702430        10.000000000000000       -69.418168766843650        13133.585053290733     
   44542.349849967999        10.000000000000000       -69.471912942230304        13203.056966232964     
   44680.751966289499        10.000000000000000       -69.528657832257466        13272.585624065221     
   44827.458209590288        10.000000000000000       -69.588497535111813        13342.174121600332     
   44982.966827489123        10.000000000000000       -69.651612384431800        13411.825733984764     
   45147.805962461891        10.000000000000000       -69.718185643744505        13481.543919628508     
   45322.535445533023        10.000000000000000       -69.788402280051656        13551.332321908560     
   45507.748697588424        10.000000000000000       -69.862441655731715        13621.194763564292     
   45704.074744767153        10.000000000000000       -69.940467759534343        13691.135231323826     
   45904.074744767153        10.000000000000000       -70.019441935897575        13761.154673259723     
   46104.074744767153        10.000000000000000       -70.097848577136844        13831.252521836861     
   46304.074744767153        10.000000000000000       -70.175618827069172        13901.428140663929     
   46504.074744767153        10.000000000000000       -70.252591916851955        13971.680732580780     
   46704.074744767153        10.000000000000000       -70.328909163928017        14042.009641744708     
   46904.074744767153        10.000000000000000       -70.404365329965771        14112.414007074673     
   47104.074744767153        10.000000000000000       -70.478923575596511        14182.892930650269     
   47304.074744767153        10.000000000000000       -70.552562022966782        14253.445492673236     
   47504.074744767153        10.000000000000000       -70.625197715258480        14324.070690388495     
   47606.474744767154        10.000000000000000       -70.662217140566526        14394.732907529062     
   47715.018744767156        10.000000000000000       -70.701151803143745        14465.434059332205     
   47830.075384767159        10.000000000000000       -70.742143295623450        14536.176202627828     
   47952.035423167159        10.000000000000000       -70.785293537644620        14606.961496165473     
   48081.313063871159        10.000000000000000       -70.830718469423715        14677.792214634897     
   48218.347363017398        10.000000000000000       -70.878549657903633        14748.670764292801     
   48363.603720112413        10.000000000000000       -70.928937077219587        14819.599701370022     
   48517.575458633131        10.000000000000000       -70.982051417100422        14890.581752787122     
   48680.785501465092        10.000000000000000       -71.038084894163205        14961.619837681286     
   48853.788146866966        10.000000000000000       -71.097249614879331        15032.717087296165     
   49037.170950992957        10.000000000000000       -71.159772742127885        15103.876860038294     
   49231.556723366506        10.000000000000000       -71.225888175657744        15175.102748213951     
   49431.556723366506        10.000000000000000       -71.293778326873962        15246.396526540824     
   49631.556723366506        10.000000000000000       -71.361537967683617        15317.758064508507     
   49831.556723366506        10.000000000000000       -71.429221991163388        15389.187286499671     
   50031.556723366506        10.000000000000000       -71.496605478306677        15460.683891977978     
   50231.556723366506        10.000000000000000       -71.563765860167237        15532.247657838147     
   50297.092723366506        10.000000000000000       -71.585783189879422        15603.833441028026     
   50366.560883366503        10.000000000000000       -71.609063734835658        15675.442504762861     
   50440.197132966503        10.000000000000000       -71.633699405366201        15747.076204168226     
   50518.251557542506        10.000000000000000       -71.659763740706765        15818.735967908933     
   50600.989247593068        10.000000000000000       -71.687333604822427        15890.423301513756     
   50688.691199046661        10.000000000000000       -71.716489177787409        15962.139790691543     
   50781.655267587470        10.000000000000000       -71.747314271171987        16033.887104962714     
   50880.197180240728        10.000000000000000       -71.779896880145941        16105.667001842859     
   50984.651607653184        10.000000000000000       -71.814330021988553        16177.481331864848     
   51095.373300710387        10.000000000000000       -71.850712896543712        16249.332044761391     
   51212.738295351017        10.000000000000000       -71.889152314808257        16321.221197076200     
   51337.145189670089        10.000000000000000       -71.929764198492990        16393.150961274692     
   51469.016497648307        10.000000000000000       -71.972674796771997        16465.123636071465     
   51608.800084105213        10.000000000000000       -72.018021148037050        16537.141657219501     
   51756.970685749533        10.000000000000000       -72.065994537424245        16609.207651756926     
   51914.031523492515        10.000000000000000       -72.116691559774736        16681.324343316701     
   52080.516011500076        10.000000000000000       -72.170276445074975        16753.494619761776     
   52256.989568788093        10.000000000000000       -72.226904088264092        16825.721523850039     
   52444.051539513384        10.000000000000000       -72.286716020427306        16898.008239870465     
   52642.337228482196        10.000000000000000       -72.349832331420899        16970.358072201885     
   52842.337228482196        10.000000000000000       -72.413074812691903        17042.771147014577     
   53042.337228482196        10.000000000000000       -72.475989891192896        17115.247136905771     
   53242.337228482196        10.000000000000000       -72.538383747428753        17187.785520653200     
   53442.337228482196        10.000000000000000       -72.600122986868939        17260.385643640071     
   53642.337228482196        10.000000000000000       -72.661234143843160        17333.046877783916     
   53842.337228482196        10.000000000000000       -72.721709737602637        17405.768587521517     
   54042.337228482196        10.000000000000000       -72.781410018996439        17478.549997540515     
   54242.337228482196        10.000000000000000       -72.840262429937226        17551.390259970452     
   54442.337228482196        10.000000000000000       -72.898429585154659        17624.288689555608     
   54642.337228482196        10.000000000000000       -72.955770524969878        17697.244460080576     
   54842.337228482196        10.000000000000000       -73.012440529917257        17770.256900610493     
   55042.337228482196        10.000000000000000       -73.068506847154467        17843.325407457647     
   55242.337228482196        10.000000000000000       -73.124127137772376        17916.449534595420     
   55442.337228482196        10.000000000000000       -73.179327259410442        17989.628861854831     
   55642.337228482196        10.000000000000000       -73.234243544341027        18062.863105399174     
   55842.337228482196        10.000000000000000       -73.288999213581064        18136.152104612756     
   56042.337228482196        10.000000000000000       -73.343701369418852        18209.495805982177     
   56242.337228482196        10.000000000000000       -73.398377146368446        18282.894183128545     
   56442.337228482196        10.000000000000000       -73.453165280280999        18356.347348408824     
   56642.337228482196        10.000000000000000       -73.508076052397030        18429.855424461221     
   56842.337228482196        10.000000000000000       -73.563099132308793        18503.418523593529     
   57042.337228482196        10.000000000000000       -73.618200813301655        18577.036724406829     
   57242.337228482196        10.000000000000000       -73.673382526335644        18650.710106933166     
   57442.337228482196        10.000000000000000       -73.728497590710944        18724.438604523875     
   57642.337228482196        10.000000000000000       -73.783436741874354        18798.222041265748     
   57842.337228482196        10.000000000000000       -73.838216781197872        18872.060258046946     
   58002.337228482196        10.000000000000000       -73.881947947342681        18945.942205994288     
   58171.937228482195        10.000000000000000       -73.928089081710155        19019.870295075998     
   58351.713228482193        10.000000000000000       -73.976749977659409        19093.847045053659     
   58542.275788482191        10.000000000000000       -74.028049951709008        19167.875095005369     
   58742.275788482191        10.000000000000000       -74.081605721556713        19241.956700726925     
   58942.275788482191        10.000000000000000       -74.134923498780466        19316.091624225704     
   59142.275788482191        10.000000000000000       -74.188062013330310        19390.279686239035     
   59342.275788482191        10.000000000000000       -74.241077763251866        19464.520764002285     
   59542.275788482191        10.000000000000000       -74.294011478863439        19538.814775481147     
   59742.275788482191        10.000000000000000       -74.346878860067193        19613.161654341213     
   59942.275788482191        10.000000000000000       -74.399667210279716        19687.561321551493     
   60142.275788482191        10.000000000000000       -74.452337622585915        19762.013659174077     
   60342.275788482191        10.000000000000000       -74.504831052036366        19836.518490226113     
   60542.275788482191        10.000000000000000       -74.557076013316475        19911.075566239429     
   60742.275788482191        10.000000000000000       -74.608951462638956        19985.684517702070     
   60942.275788482191        10.000000000000000       -74.660495652584558        20060.345013354654     
   61142.275788482191        10.000000000000000       -74.711551853548542        20135.056565208204     
   61342.275788482191        10.000000000000000       -74.762017724523901        20209.818582932727     
   61542.275788482191        10.000000000000000       -74.811905502492408        20284.630488435218     
   61742.275788482191        10.000000000000000       -74.861159485856447        20359.491647921073     
   61942.275788482191        10.000000000000000       -74.909793291144936        20434.401441212220     
   62142.275788482191        10.000000000000000       -74.957737742543856        20509.359178954765     
   62342.275788482191        10.000000000000000       -75.005029161346272        20584.364208116112     
   62542.275788482191        10.000000000000000       -75.051688943504516        20659.415897059618     
   62742.275788482191        10.000000000000000       -75.097870839048781        20734.513767898668     
   62942.275788482191        10.000000000000000       -75.143682981455626        20809.657450880124     
   63142.275788482191        10.000000000000000       -75.189304535867663        20884.846755415991     
   63342.275788482191        10.000000000000000       -75.234832507757815        20960.081587923749     
   63542.275788482191        10.000000000000000       -75.280441834266810        21035.362029758016     
   63742.275788482191        10.000000000000000       -75.326287904077148        21110.688317662094     
   63942.275788482191        10.000000000000000       -75.372498989527116        21186.060816651621     
   64142.275788482191        10.000000000000000       -75.419132693489829        21261.479949345110     
   64342.275788482191        10.000000000000000       -75.466297251803397        21336.946246596912     
   64542.275788482191        10.000000000000000       -75.513988341677347        21412.460234938590     
   64742.275788482191        10.000000000000000       -75.562170068840956        21488.022405007432     
   64942.275788482191        10.000000000000000       -75.610775798674439        21563.633180806108     
   65142.275788482191        10.000000000000000       -75.659715179628179        21639.292895985735     
   65342.275788482191        10.000000000000000       -75.708882199251093        21715.001778184986     
   65542.275788482191        10.000000000000000       -75.758163014975466        21790.759941199962     
   65742.275788482191        10.000000000000000       -75.807474762716311        21866.567415962680     
   65942.275788482191        10.000000000000000       -75.856652729592355        21942.424068692271     
   66142.275788482191        10.000000000000000       -75.905583463028734        22018.329652155298     
   66342.275788482191        10.000000000000000       -75.954250578369738        22094.283902733667     
   66542.275788482191        10.000000000000000       -76.002593410822641        22170.286496144490     
   66742.275788482191        10.000000000000000       -76.050617576994370        22246.337113721485     
   66942.275788482191        10.000000000000000       -76.098278863784344        22322.435392585270     
   67044.675788482185        10.000000000000000       -76.122592951601021        22398.557985536871     
   67153.219788482180        10.000000000000000       -76.148261313911732        22474.706246850783     
   67226.856038082173        10.000000000000000       -76.165650838124435        22550.871897688907     
   67304.910462658168        10.000000000000000       -76.184033488644801        22627.055931177551     
   67387.648152708731        10.000000000000000       -76.203483996115438        22703.259415173667     
   67475.350104162324        10.000000000000000       -76.224068922104891        22779.483484095770     
   67568.314172703132        10.000000000000000       -76.245862523486593        22855.729346619257     
   67666.856085356383        10.000000000000000       -76.268946980500274        22931.998293599758     
   67771.310512768832        10.000000000000000       -76.293412719229892        23008.291706318989     
   67882.032205826035        10.000000000000000       -76.319358236002159        23084.611064554992     
   67999.397200466672        10.000000000000000       -76.346889119570491        23160.957953674562     
   68123.804094785737        10.000000000000000       -76.376116096517137        23237.334069771081     
   68255.675402763954        10.000000000000000       -76.407152040624695        23313.741221811706     
   68395.458989220861        10.000000000000000       -76.440107995926383        23390.181329807634     
   68543.629590865181        10.000000000000000       -76.475088376998940        23466.656418184633     
   68700.690428608155        10.000000000000000       -76.512185663589349        23543.168603848222     
   68867.174916615710        10.000000000000000       -76.551475121996916        23619.720078970218     
   69043.648473903726        10.000000000000000       -76.593031560764928        23696.313110530984     
   69230.710444629018        10.000000000000000       -76.636844335804241        23772.949954866788     
   69428.996133597830        10.000000000000000       -76.682924480296663        23849.632879347086     
   69628.996133597830        10.000000000000000       -76.728918236558627        23926.361797583646     
   69828.996133597830        10.000000000000000       -76.774392043664221        24003.136189627312     
   69956.996133597830        10.000000000000000       -76.803280416716305        24079.939470044028     
   70092.676133597823        10.000000000000000       -76.833582948592550        24156.773052992619     
   70236.496933597824        10.000000000000000       -76.865361192721636        24233.638414185341     
   70388.946981597823        10.000000000000000       -76.898636339368139        24310.537050524708     
   70550.544032477817        10.000000000000000       -76.933426890683535        24387.470477415391     
   70721.836906410623        10.000000000000000       -76.969750225182494        24464.440227640574     
   70903.407352779395        10.000000000000000       -77.007629388085235        24541.447857028659     
   71095.872025930294        10.000000000000000       -77.047121448570294        24618.494978477229     
   71295.872025930294        10.000000000000000       -77.087457123402487        24695.582435600631     
   71495.872025930294        10.000000000000000       -77.127175175228302        24772.709610775859     
   71695.872025930294        10.000000000000000       -77.166366050393393        24849.875976826253     
   71895.872025930294        10.000000000000000       -77.205201285643312        24927.081178111897     
   72095.872025930294        10.000000000000000       -77.243829697034968        25004.325007808933     
   72223.872025930294        10.000000000000000       -77.268528316777932        25081.593536125711     
   72359.552025930287        10.000000000000000       -77.294695064564749        25158.888231190274     
   72503.372825930288        10.000000000000000       -77.322531794401343        25236.210762984676     
   72655.822873930287        10.000000000000000       -77.352197920094440        25313.562960904772     
   72817.419924810281        10.000000000000000       -77.383950026485095        25390.946910931256     
   72988.712798743087        10.000000000000000       -77.418043949302316        25468.364954880559     
   73170.283245111859        10.000000000000000       -77.454761154385167        25545.819716034945     
   73362.747918262758        10.000000000000000       -77.494393033542082        25623.314109068488     
   73562.747918262758        10.000000000000000       -77.536364481509480        25700.850473549996     
   73762.747918262758        10.000000000000000       -77.579094634771565        25778.429568184769     
   73962.747918262758        10.000000000000000       -77.622511332676780        25856.052079517445     
   74162.747918262758        10.000000000000000       -77.666509943446627        25933.718589460892     
   74362.747918262758        10.000000000000000       -77.710962961398394        26011.429552422291     
   74562.747918262758        10.000000000000000       -77.755729564220658        26089.185281986513     
   74762.747918262758        10.000000000000000       -77.800664159991868        26166.985946146506     
   74962.747918262758        10.000000000000000       -77.845623489868871        26244.831569636375     
   75162.747918262758        10.000000000000000       -77.890472376879615        26322.722042013254     
   75362.747918262758        10.000000000000000       -77.935098377073885        26400.657140390329     
   75562.747918262758        10.000000000000000       -77.979362698151562        26478.636503088481     
   75762.747918262758        10.000000000000000       -78.023191313323878        26556.659694401806     
   75962.747918262758        10.000000000000000       -78.066518011861660        26634.726212413669     
   76162.747918262758        10.000000000000000       -78.109343237029123        26712.835555650698     
   76244.667918262756        10.000000000000000       -78.126809658824342        26790.962365309522     
   76331.503118262757        10.000000000000000       -78.145209548923447        26869.107574858444     
   76423.548430262759        10.000000000000000       -78.164602328360147        26947.272177186805     
   76521.116460982754        10.000000000000000       -78.185036361363004        27025.457213548169     
   76624.538573545957        10.000000000000000       -78.206565547040128        27103.663779095208     
   76734.166012862945        10.000000000000000       -78.229251090981279        27181.893030186191     
   76850.371098538963        10.000000000000000       -78.253164537677421        27260.146194723868     
   76973.548489355540        10.000000000000000       -78.278391620630458        27338.424586344499     
   77104.116523621109        10.000000000000000       -78.305036262733694        27416.729622607232     
   77174.978407177710        10.000000000000000       -78.319482591223391        27495.049105198457     
   77250.092003747719        10.000000000000000       -78.334770117172567        27573.383875315631     
   77329.712416111928        10.000000000000000       -78.350967852893021        27651.734843168524     
   77414.110053217984        10.000000000000000       -78.368140948985143        27730.102984117508     
   77503.571548550404        10.000000000000000       -78.386361845586322        27808.489345963095     
   77598.400733602772        10.000000000000000       -78.405710032191763        27886.895055995286     
   77698.919669758281        10.000000000000000       -78.426271638543483        27965.321327633828     
   77805.469742083122        10.000000000000000       -78.448138513497099        28043.769466147325     
   77918.412818747456        10.000000000000000       -78.471406696346619        28122.240872843671     
   78038.132480011642        10.000000000000000       -78.496174280659076        28200.737047124330     
   78165.035320951676        10.000000000000000       -78.522538698914261        28279.259585823245     
   78299.552332348117        10.000000000000000       -78.550593431005922        28357.810179254251     
   78442.140364428342        10.000000000000000       -78.580424114940399        28436.390603369193     
   78593.283678433378        10.000000000000000       -78.612104105976229        28515.002707475171     
   78753.495591278726        10.000000000000000       -78.645689760999460        28593.648397236171     
   78923.320218894791        10.000000000000000       -78.681216086893642        28672.329613323065     
   79103.334324167823        10.000000000000000       -78.718693724969143        28751.048307048033     
   79294.149275757241        10.000000000000000       -78.758111240228402        28829.806418288263     
   79494.149275757241        10.000000000000000       -78.798951128036208        28908.605369416298     
   79694.149275757241        10.000000000000000       -78.839232958647486        28987.444602374944     
   79894.149275757241        10.000000000000000       -78.878912174834568        29066.323514549778     
   80094.149275757241        10.000000000000000       -78.917928790093100        29145.241443339870     
   80294.149275757241        10.000000000000000       -78.956243592151878        29224.197686932021     
   80494.149275757241        10.000000000000000       -78.993805428569956        29303.191492360591     
   80694.149275757241        10.000000000000000       -79.030604025336999        29382.222096385929     
   80894.149275757241        10.000000000000000       -79.066652010216131        29461.288748396146     
   81094.149275757241        10.000000000000000       -79.101950210586736        29540.390698606734     
   81294.149275757241        10.000000000000000       -79.136529476143266        29619.527228082876     
   81494.149275757241        10.000000000000000       -79.170435237456658        29698.697663320334     
   81694.149275757241        10.000000000000000       -79.203773349311163        29777.901436669647     
   81894.149275757241        10.000000000000000       -79.236678065690569        29857.138114735339     
   82094.149275757241        10.000000000000000       -79.269282923354183        29936.407397658691     
   82196.549275757236        10.000000000000000       -79.285931764165127        30015.693329422858     
   82305.093275757230        10.000000000000000       -79.303538844930117        30094.996868267790     
   82420.149915757225        10.000000000000000       -79.322210627314718        30174.319078895103     
   82542.109954157218        10.000000000000000       -79.342063253371094        30253.661142148474     
   82671.387594861211        10.000000000000000       -79.363242872165799        30333.024385020639     
   82808.421894007450        10.000000000000000       -79.385930678013892        30412.410315698653     
   82953.678251102465        10.000000000000000       -79.410346777391041        30491.820662476042     
   83107.649989623184        10.000000000000000       -79.436750433607159        30571.257412909650     
   83270.860032455137        10.000000000000000       -79.465434778866850        30650.722847688518     
   83443.862677857018        10.000000000000000       -79.496714905612819        30730.219562594131     
   83627.245481983002        10.000000000000000       -79.530909552461907        30809.750472146592     
   83821.631254356544        10.000000000000000       -79.568318076227357        30889.318790222820     
   84021.631254356544        10.000000000000000       -79.607964300686618        30968.926754523505     
   84221.631254356544        10.000000000000000       -79.648639558170757        31048.575394081676     
   84421.631254356544        10.000000000000000       -79.690176891675534        31128.265570973352     
   84621.631254356544        10.000000000000000       -79.732386532866897        31207.997957506217     
   84821.631254356544        10.000000000000000       -79.775069264182548        31287.773026770399     
   85021.631254356544        10.000000000000000       -79.818027290245894        31367.591054060646     
   85221.631254356544        10.000000000000000       -79.861072366746043        31447.452126427390     
   85421.631254356544        10.000000000000000       -79.904031396365298        31527.356157823757     
   85621.631254356544        10.000000000000000       -79.946749896746056        31607.302907720503     
   85821.631254356544        10.000000000000000       -79.989093938588525        31687.292001659091     
   86021.631254356544        10.000000000000000       -80.030951635172201        31767.322953294264     
   86221.631254356544        10.000000000000000       -80.072225934521668        31847.395179228784     
   86421.631254356544        10.000000000000000       -80.112843954452146        31927.508023183236     
