 #              _____________________  _______________________             #
 #              ___  __ \__  __ \_  / / /_  /___  ____/_  ___/             #
 #              __  / / /_  /_/ /  / / /_  __/_  __/  _____ \              #
 #              _  /_/ /_  _, _// /_/ / / /_ _  /___  ____/ /              #
 #              /_____/ /_/ |_| \____/  \__/ /_____/  /____/               #
 #                                                                         #
  
 #        time                      T            heat flux [W.L-2]   in    x              directions   cumulative flux
 #-----------------------------------------------------------------------------------------------

   0.0000000000000000        10.000000000000000       -0.0000000000000000        0.0000000000000000     
   1.0000000000000000        9.9999999999999982        5.6488147492927924E-013   5.6488147492927924E-013
   1.9540000000000002        10.000000000000000        1.1297629498585585E-012   1.6946444247878377E-012
   2.8641160000000001        9.9999999999999982        1.6946444247878373E-012   3.3892888495756751E-012
   3.8288389600000006        9.9999999999999964        1.6946444247878373E-012   5.0839332743635120E-012
   4.8514452976000007        9.9999999999999982        1.1297629498585585E-012   6.2136962242220705E-012
   5.9354080154560007        10.000000000000000        5.6488147492927924E-013   6.7785776991513493E-012
   7.0844084963833609        9.9999999999999982        1.1297629498585585E-012   7.9083406490099086E-012
   8.3023490061663630        9.9999999999999982        5.6488147492927924E-013   8.4732221239391883E-012
   9.5933659465363448        10.000000000000000        5.6488147492927924E-013   9.0381035988684679E-012
   10.961843903328527        9.9999999999999982        5.6488147492927924E-013   9.6029850737977475E-012
   12.412430537528239        10.000000000000000        5.6488147492927924E-013   1.0167866548727027E-011
   13.950052369779934        9.9999999999999982        1.1297629498585585E-012   1.1297629498585586E-011
   15.579931511966731        10.000000000000000        1.1297629498585585E-012   1.2427392448444146E-011
   17.307603402684734        9.9999999999999982        1.1297629498585585E-012   1.3557155398302705E-011
   19.138935606845820        10.000000000000000        5.6488147492927914E-013   1.4122036873231985E-011
   21.080147743256571        9.9999999999999982        1.1297629498585583E-012   1.5251799823090544E-011
   23.137832607851966        9.9999999999999982        1.1297629498585585E-012   1.6381562772949103E-011
   25.318978564323086        9.9999999999999982        1.1297629498585585E-012   1.7511325722807663E-011
   27.630993278182473        10.000000000000000        1.1297629498585585E-012   1.8641088672666222E-011
   30.081728874873424        9.9999999999999982        1.1297629498585585E-012   1.9770851622524781E-011
   32.679508607365833        9.9999999999999982        5.6488147492927924E-013   2.0335733097454061E-011
   35.433155123807786        10.000000000000000       -1.1297629498585585E-012   2.1465496047312620E-011
   38.352020431236255        9.9999999999999982       -3.9541703245049543E-012   2.5419666371817574E-011
   41.446017657110431        9.9999999999999947       -1.1862510973514863E-011   3.7282177345332437E-011
   44.725654716537058        9.9999999999999876       -3.5587532920544592E-011   7.2869710265877023E-011
   48.202069999529286        9.9999999999999538       -1.0111378401234097E-010   1.7398349427821798E-010
   51.887070199501046        9.9999999999998632       -2.8526514483928602E-010   4.5924863911750399E-010
   55.793170411471110        9.9999999999995985       -7.8179596130212262E-010   1.2410446004196266E-009
   59.933636636159378        9.9999999999988507       -2.0917561016631229E-009   3.3328007020827495E-009
   64.322530834328944        9.9999999999968026       -5.4686175587903670E-009   8.8014182608731161E-009
   68.974758684388689        9.9999999999913065       -1.3964999823201734E-008   2.2766418084074850E-008
   73.906120205452012        9.9999999999769269       -3.4844713781013171E-008   5.7611131865088021E-008
   79.133363417779137        9.9999999999401759       -8.4955914303467317E-008   1.4256704616855534E-007
   84.674241222845893        9.9999999998484217       -2.0244617715549886E-007   3.4501322332405419E-007
   90.547571696216650        9.9999999996246114       -4.7158734517448726E-007   8.1660056849854145E-007
   96.773301997989648        9.9999999990911981       -1.0740283542537115E-006   1.8906289227522530E-006
   99.476364677492242        9.9999999987879509       -1.4109564290274580E-006   3.3015853517797110E-006
   101.76856182971045        9.9999999984676649       -1.7621127383918454E-006   5.0636980901715563E-006
   104.19829081106174        9.9999999980404652       -2.2238248256223400E-006   7.2875229157938964E-006
   106.25870098724764        9.9999999976031688       -2.6909371797533594E-006   9.9784600955472562E-006
   108.44273577400469        9.9999999970385325       -3.2865250467799024E-006   1.3264985142327158E-005
   110.75781264796716        9.9999999963026749       -4.0523026640999445E-006   1.7317287806427101E-005
   113.21179413436738        9.9999999953345444       -5.0452869082675355E-006   2.2362574714694638E-005
   115.81301450995161        9.9999999940485225       -6.3439680602251137E-006   2.8706542774919752E-005
   118.57030810807090        9.9999999923235521       -8.0571355134681321E-006   3.6763678288387886E-005
   121.49303932207735        9.9999999899871170       -1.0336585347705684E-005   4.7100263636093567E-005
   124.59113440892419        9.9999999867914440       -1.3395476152389505E-005   6.0495739788483073E-005
   127.87511520098184        9.9999999823779948       -1.7534968837073811E-005   7.8030708625556884E-005
   131.35613484056293        9.9999999762242453       -2.3182999530977249E-005   1.0121370815653413E-004
   135.04601565851891        9.9999999675634790       -3.0950867149623618E-005   1.3216457530615774E-004
   138.95728932555224        9.9999999552635330       -4.1716004912498053E-005   1.7388058021865579E-004
   143.10323941260756        9.9999999376428761       -5.6743190350443709E-005   2.3062377056909950E-004
   147.49794650488622        9.9999999121909333       -7.7862158163481126E-005   3.0848592873258064E-004
   152.15633602270159        9.9999998751421550       -1.0772779875032827E-004   4.1621372748290890E-004
   157.09422891158587        9.9999998208267211       -1.5020086968167988E-004   5.6641459716458872E-004
   162.32839537380323        9.9999997406808845       -2.1090389725487234E-004   7.7731849441946103E-004
   167.87661182375362        9.9999996217399314       -2.9803034322328228E-004   1.0753488376427432E-003
   173.75772126070103        9.9999994443477771       -4.2351757101342561E-004   1.4988664086561688E-003
   179.99169726386529        9.9999991786861600       -6.0473825394842973E-004   2.1036046626045986E-003
   186.59971182721941        9.9999987795359448       -8.6692387777619442E-004   2.9705285403807931E-003
   193.60420726437476        9.9999981784097471       -1.2466110102623605E-003   4.2171395506431534E-003
   201.02897242775944        9.9999972718086845       -1.7964990079459297E-003   6.0136385585890829E-003
   208.89922350094722        9.9999959038195865       -2.5922286238542766E-003   8.6058671824433587E-003
   217.24168963852625        9.9999938405381030       -3.7417339639201031E-003   1.2347601146363463E-002
   226.08470374436004        9.9999907328299198       -5.3979814621307378E-003   1.7745582608494202E-002
   235.45829869654384        9.9999860626781096       -7.7760790987527386E-003   2.5521661707246943E-002
   245.39430934585866        9.9999790667699813       -1.1175900628044190E-002   3.6697562335291131E-002
   255.92648063413239        9.9999686290297909       -1.6011498170496009E-002   5.2709060505787136E-002
   258.85308287493723        9.9999654790090418       -1.7455704947509525E-002   7.0164765453296668E-002
   261.77968511574204        9.9999620622110399       -1.9006032473143319E-002   8.9170797926439990E-002
   264.26144381594452        9.9999589620627241       -2.0400524792257776E-002  0.10957132271869777     
   266.89210803815917        9.9999554346646491       -2.1972652388846631E-002  0.13154397510754440     
   269.12291129859716        9.9999522614458236       -2.3376059949597287E-002  0.15492003505714169     
   271.48756275466144        9.9999486828556492       -2.4945853180673459E-002  0.17986588823781516     
   273.99409329808958        9.9999446350259902       -2.6706141597477726E-002  0.20657202983529288     
   276.65101567412341        9.9999400422892837       -2.8685098569505161E-002  0.23525712840479804     
   279.46735339271930        9.9999348147291229       -3.0915722050790937E-002  0.26617285045558897     
   282.45267137443091        9.9999288451774238       -3.3436747569089417E-002  0.29960959802467840     
   285.61710843504522        9.9999220055256473       -3.6293744930908381E-002  0.33590334295558677     
   288.97141171929638        9.9999141421847781       -3.9540436412639136E-002  0.37544377936822593     
   292.52697320060264        9.9999050704878893       -4.3240281922045737E-002  0.41868406129027169     
   296.29586837078728        9.9998945677782505       -4.7468385411278735E-002  0.46615244670155043     
   300.29089725118297        9.9998823648626249       -5.2313787440657906E-002  0.51846623414220838     
   304.52562786440240        9.9998681354310044       -5.7882220822752732E-002  0.57634845496496112     
   308.76035847762182        9.9998525153856797       -6.3907215399830006E-002  0.64025567036479114     
   313.24917292763445        9.9998342756379976       -7.0836169526283618E-002  0.71109183989107472     
   318.00731624464782        9.9998129013933532       -7.8826126434638183E-002  0.78991796632571287     
   323.05094816068203        9.9997877657463068       -8.8063824056565862E-002  0.87798179038227875     
   328.09458007671623        9.9997599561224888       -9.8113821630891246E-002  0.97609561201316997     
   333.13821199275043        9.9997292692532191      -0.10902060703973153        1.0851162190529016     
   338.18184390878463        9.9996954937678559      -0.12082909651920277        1.2059453155721043     
   343.22547582481883        9.9996584103560480      -0.13358453218702609        1.3395298477591304     
   348.57172565581504        9.9996151141781482      -0.14822344162700368        1.4877532893861340     
   354.23875047667104        9.9995644048838965      -0.16506170924305238        1.6528149986291865     
   360.24579678677839        9.9995048293412321      -0.18447158042782233        1.8372865790570088     
   366.61326587549217        9.9994346261436995      -0.20689171480157689        2.0441782938585855     
   373.36278310952883        9.9993516579489121      -0.23283889226512680        2.2770171861237123     
   380.51727137760764        9.9992533291208279      -0.26292158110751784        2.5399387672312299     
   388.10102894177118        9.9991364856968001      -0.29785558091677727        2.8377943481480070     
   396.13981195978454        9.9989972941973893      -0.33848194689901268        3.1762762950470198     
   404.66092195887870        9.9988310952496295      -0.38578738230057186        3.5620636773475916     
   413.69329855791852        9.9986322274161648      -0.44092724683524587        4.0029909241828374     
   423.26761775290072        9.9983938160359127      -0.50525126509243257        4.5082421892752702     
   433.41639609958185        9.9981075213213924      -0.58033192291537006        5.0885741121906403     
   444.17410114706388        9.9977632394729614      -0.66799540398614177        5.7565695161767820     
   455.57726849739481        9.9973487502290546      -0.77035473610290850        6.5269242522796906     
   467.66462588874560        9.9968493041610795      -0.88984458072504768        7.4167688330047383     
   480.47722472357748        9.9962471432500184       -1.0292568076852280        8.4460256406899656     
   494.05857948849922        9.9955209489720183       -1.1917756527419676        9.6378012934319326     
   508.45481553931626        9.9946452134010748       -1.3810108735050159        11.018812166936948     
   523.71482575318237        9.9935895308158216       -1.6010269339804848        12.619839100917433     
   530.34035594779789        9.9931064895050898       -1.7002405634141862        14.320079664331619     
   537.36341795409032        9.9925659368524418       -1.8095765230865379        16.129656187418156     
   544.38647996038276        9.9919960816674482       -1.9231027773309708        18.052758964749128     
   551.40954196667519        9.9913961656166670       -2.0408352449632172        20.093594209712343     
   558.85398769334518        9.9907255959474011       -2.1703705658581938        22.263964775570535     
   566.74510016361535        9.9899748264745796       -2.3130105104333225        24.576975286003858     
   575.10967938210172        9.9891329239891498       -2.4702006312581526        27.047175917262010     
   583.97613335369726        9.9881873661340137       -2.6435435849384161        29.690719502200427     
   593.37457456358857        9.9871238125330262       -2.8348128309494052        32.525532333149833     
   603.33692224607341        9.9859258465632834       -3.0459665262583391        35.571498859408173     
   613.89701078950736        9.9845746852214035       -3.2791613673769011        38.850660226785074     
   625.09070464554725        9.9830488546142391       -3.5367660931344700        42.387426319919541     
   636.95602013294956        9.9813238287504475       -3.8213743299928677        46.208800649912412     
   649.53325454959599        9.9793716295255859       -4.1358164361281782        50.344617086040593     
   658.06565037784901        9.9779895391669857       -4.3549320134326743        54.699549099473266     
   667.10998995579712        9.9764587771264797       -4.5936158417860868        59.293164941259356     
   676.15432953374523        9.9748614348756774       -4.8386220894212828        64.131787030680641     
   685.19866911169333        9.9731967375027182       -5.0898469932017756        69.221634023882416     
   694.24300868964144        9.9714639680785648       -5.3471825359788463        74.568816559861261     
   703.83000864226653        9.9695499644285892       -5.6266908773214128        80.195507437182670     
   713.41700859489163        9.9675579801874896       -5.9127947440723645        86.108302181255027     
   723.57922854467415        9.9653580947454650       -6.2233082061854281        92.331610387440449     
   734.35118169144368        9.9629261053312135       -6.5603877199996186        98.891998107440074     
   745.76945202701938        9.9602348802241991       -6.9263618904268967        105.81835999786696     
   757.87281858272956        9.9572540217287724       -7.3237392878665757        113.14209928573354     
   770.70238713178242        9.9539494977781828       -7.7552151868538379        120.89731447258737     
   784.30172979377846        9.9502832413343416       -8.2236767630407890        129.12099123562817     
   798.71703301549417        9.9462127174442170       -8.7322061565879334        137.85319739221609     
   813.99725443051284        9.9416904588078978       -9.2840806511423359        147.13727804335844     
   830.19428913043271        9.9366635720915397       -9.8827690278384122        157.02004707119684     
   847.36314591234770        9.9310732190739746       -10.531922937682708        167.55197000887955     
   865.56213410117766        9.9248540791379440       -11.235361906632649        178.78733191551220     
   884.85306158133733        9.9179338026717954       -11.997050370892199        190.78438228640439     
   905.30144471030667        9.9102324686572665       -12.821064970146058        203.60544725655046     
   926.97673082701408        9.9016620640400763       -13.711550244298905        217.31699750084937     
   949.95253411072395        9.8921260072222204       -14.672660968490177        231.98965846933953     
   974.30688559145642        9.8815187424456674       -15.708489927216414        247.69814839655595     
   994.95937564711755        9.8721704843276825       -16.597771951195508        264.29592034775146     
   1016.8510151061184        9.8618716489562086       -17.551071270132965        281.84699161788444     
   1040.0561529326594        9.8505264850114642       -18.571707222123372        300.41869884000783     
   1064.6535990287928        9.8380313410588922       -19.662867297116520        320.08156613712436     
   1089.2510451249261        9.8250796979645330       -20.761309440281018        340.84287557740538     
   1115.3243379868275        9.8108539219294446       -21.931604712323352        362.77448028972873     
   1142.9620284204429        9.7952356522432229       -23.176346061510056        385.95082635123879     
   1172.2579802800753        9.7780984209979582       -24.497871091358959        410.44869744259773     
   1203.3116892512855        9.7593076268704024       -25.898211150761281        436.34690859335899     
   1236.2286207607685        9.7387206327278992       -27.379023395991425        463.72593198935044     
   1271.1205681608203        9.7161870177674761       -28.941512203853726        492.66744419320418     
   1308.1060324048754        9.6915489593273136       -30.586366649009971        523.25381084221419     
   1341.3929502245248        9.6687987442240875       -32.055393387482894        555.30920422969712     
   1376.6770831133533        9.6440751075586597       -33.597680574280112        588.90688480397728     
   1414.0782639755116        9.6172287616093648       -35.213725142658774        624.12060994663602     
   1453.7235156893994        9.5881034243536973       -36.903751682083602        661.02436162871959     
   1475.2397866995605        9.5721074650401548       -37.813938897324114        698.83830052604367     
   1498.0470339703313        9.5549482445166323       -38.770598458167782        737.60889898421146     
   1522.2227160773484        9.5365410201423124       -39.775277177853177        777.38417616206459     
   1547.8489391107864        9.5167955432600451       -40.829480257383992        818.21365641944863     
   1575.0127355262307        9.4956158330346341       -41.934655540276673        860.14831195972533     
   1603.8063597266016        9.4728999792549295       -43.092169447201492        903.24048140692685     
   1634.3276013789948        9.4485399943179544       -44.303273034570928        947.54375444149775     
   1666.6801175305318        9.4224217232704834       -45.569064719294055        993.11281916079179     
   1684.2384750962938        9.4081624244978137       -46.250716636590958        1039.3635357973828     
   1701.7968326620557        9.3938216557465761       -46.927031714387660        1086.2905675117704     
   1720.4086916817635        9.3785322855010449       -47.637911382260626        1133.9284788940311     
   1739.0205507014712        9.3631580507918777       -48.342765191569391        1182.2712440856005     
   1758.7491212623615        9.3467698068335174       -49.083136209540243        1231.3543802951408     
   1779.6614060569052        9.3292997639542516       -49.860328617873023        1281.2147089130137     
   1801.8284279391216        9.3106758371414760       -50.675642884079508        1331.8903517970932     
   1825.3254711342709        9.2908214271873426       -51.530370538830837        1383.4207223359240     
   1850.2323369211292        9.2696552048039038       -52.425784414465518        1435.8465067503896     
   1876.6336146551989        9.2470909118327711       -53.363120768395682        1489.2096275187853     
   1904.6189690533129        9.2230372022509357       -54.343549061660092        1543.5531765804453     
   1934.2834447153136        9.1973975554869707       -55.368125043741721        1598.9213016241870     
   1965.7277889170346        9.1700703047932191       -56.437723205705012        1655.3590248298920     
   1999.0587937708588        9.1409488358516136       -57.552944258797687        1712.9119690886896     
   2034.3896589159124        9.1099220245745247       -58.713993392562820        1771.6259624812524     
   2071.8403759696689        9.0768749886946321       -59.920529518498178        1831.5464919997505     
   2111.5381360466513        9.0416902131718970       -61.171495113236574        1892.7179871129870     
   2153.6177617282524        9.0042490684782024       -62.464947485189519        1955.1829345981764     
   2198.2221649507496        8.9644336594599174       -63.797927814813242        2018.9808624129896     
   2245.5028323665965        8.9221287480841767       -65.166445803399810        2084.1473082163893     
   2277.5780371415071        8.8933962552671133       -66.073943673161921        2150.2212518895512     
   2311.5777542029123        8.8629186700871969       -67.012019091814651        2217.2332709813659     
   2345.5774712643174        8.8324350950046018       -67.926049623422898        2285.1593206047887     
   2381.6171713494068        8.8001325955202994       -68.868019809077452        2354.0273404138661     
   2419.8192534396017        8.7659212721916600       -69.836821864718857        2423.8641622785849     
   2460.3134604552083        8.7297086751526933       -70.831477983859600        2494.6956402624446     
   2494.6525480044429        8.6990470171063130       -71.652572389996593        2566.3482126524414     
   2531.0519808066315        8.6666076105657943       -72.498926423273005        2638.8471390757145     
   2567.4514136088201        8.6342379832812099       -73.322456236450478        2712.1695953121648     
   2606.0348123791400        8.6000121227769242       -74.171112773502301        2786.3407080856673     
   2646.9332150756791        8.5638366556842129       -75.044842788721340        2861.3855508743886     
   2690.2855219340104        8.5256150951878382       -75.943340875282686        2937.3288917496711     
   2736.2389672038416        8.4852487334409687       -76.865852509649599        3014.1947442593209     
   2784.9496191898629        8.4426379647963934       -77.810988058192791        3092.0057323175138     
   2836.5829102950452        8.3976836475561978       -78.776688949257178        3170.7824212667711     
   2880.3679411522398        8.3597239597196538       -79.570004831661421        3250.3524260984323     
   2926.7800738608662        8.3196772782526676       -80.382916394649868        3330.7353424930820     
   2975.9769345320101        8.2774504737960619       -81.214515506739403        3411.9498579998212     
   3028.1256068434227        8.2329472022399575       -82.064202338174312        3494.0140603379955     
   3083.4031994935199        8.1860678759876926       -82.931426949760422        3576.9454872877559     
   3141.9974477026230        8.1367110232100259       -83.815200406033568        3660.7606876937894     
   3204.1073508042723        8.0847755717720009       -84.713722860606666        3745.4744105543959     
   3269.9438480920207        8.0301613981275572       -85.624843546157066        3831.0992541005530     
   3339.7305352170338        7.9727664482091081       -86.547130242354484        3917.6463843429074     
   3402.5385536295457        7.9215118263402307       -87.344736154248551        4004.9911204971559     
   3469.1150531468083        7.8676257588933014       -88.157354082729057        4093.1484745798848     
   3535.6915526640710        7.8141726563226062       -88.940689520481456        4182.0891641003664     
   3606.2626421523692        7.7579836961668924       -89.741566585865712        4271.8307306862316     
   3676.8337316406673        7.7022531982410394       -90.514947869630191        4362.3456785558619     
   3751.6390864982636        7.6436861661341684       -91.304198537155671        4453.6498770930175     
   3830.9327626473155        7.5821743444973926       -92.105979590407969        4545.7558566834250     
   3898.1738000217115        7.5304211149244864       -92.761438633930382        4638.5172953173551     
   3965.4148373961075        7.4790709583604560       -93.394652803979369        4731.9119481213347     
   4032.6558747705035        7.4281122686368839       -94.008578201636709        4825.9205263229715     
   4103.9313743873636        7.3745207369457830       -94.640011600278669        4920.5605379232502     
   4179.4834039812349        7.3181820225501237       -95.287197853818782        5015.8477357770689     
   4259.5685553507383        7.2589991546135462       -95.944041643718748        5111.7917774207881     
   4344.4588158024126        7.1969106211412175       -96.598699084933855        5208.3904765057223     
   4429.3490762540869        7.1355347697968714       -97.202257298481641        5305.5927338042038     
   4519.3327523328617        7.0713711747281662       -97.775841818261469        5403.3685756224650     
   4609.3164284116365        7.0081914107169272       -98.279106337084130        5501.6476819595491     
   4704.6991250551373        6.9423918589232159       -98.738578644844722        5600.3862606043940     
   4805.8047834972485        6.8739594538700279       -99.160000416852000        5699.5462610212462     
   4906.9104419393598        6.8067793930240992       -99.535713166516118        5799.0819741877622     
   4987.7949686930488        6.7537904547594172       -99.815734332783407        5898.8977085205452     
   5073.5325670519587        6.6984143349278797       -100.09587163319917        5998.9935801537440     
   5164.4144213124036        6.6405562077821036       -100.37578547098251        6099.3693656247269     
   5260.7491868284751        6.5801474967597340       -100.64921732086533        6200.0185829455922     
   5362.8640382755111        6.5171566043608991       -100.90585318850491        6300.9244361340970     
   5471.1057808093692        6.4515629419950429       -101.13978160023250        6402.0642177343298     
   5562.8947784780803        6.3967519095425249       -101.31965744346338        6503.3838751777930     
   5645.5048763799205        6.3480331709178106       -101.47486711234161        6604.8587422901346     
   5733.0715801558708        6.2970190516988813       -101.63747770038589        6706.4962199905203     
   5825.8922861583787        6.2436042642282743       -101.80653046094277        6808.3027504514630     
   5924.2822345210370        6.1877116217503971       -101.97527757125594        6910.2780280227189     
   6028.5755797854545        6.1292735644328040       -102.13948320568451        7012.4175112284038     
   6139.1265257657369        6.0681908178807076       -102.30400384578871        7114.7215150741922     
   6238.6223771479918        6.0138640844707130       -102.45011307112689        7217.1716281453191     
   6344.0879796131812        5.9569518621715556       -102.60507399921129        7319.7767021445306     
   6378.6469482289749        5.9383735248721621       -102.65587862288972        7422.4325807674204     
   6415.2794549617156        5.9187580094324526       -102.70975081891442        7525.1423315863349     
   6454.1099120984209        5.8980511978218670       -102.76666217747578        7627.9089937638109     
   6487.0381397503470        5.8805527564284903       -102.81462132994909        7730.7236150937597     
   6521.9420610613888        5.8620726030902750       -102.86483050011000        7833.5884455938694     
   6558.9402176510930        5.8425612104173990       -102.91672656651943        7936.5051721603886     
   6598.1582636361800        5.8219684723604530       -102.96945245741480        8039.4746246178038     
   6639.7293923803718        5.8002448760404377       -103.02165141130156        8142.4962760291055     
   6683.7947888492154        5.7773426256507694       -103.07139571289886        8245.5676717420047     
   6730.5041091061894        5.7532168714000909       -103.11617121892488        8348.6838429609288     
   6780.0159885785815        5.7278266977136560       -103.15298794242625        8451.8368309033558     
   6832.4985808193178        5.7011355882112857       -103.17861018946731        8555.0154410928226     
   6888.1301285944983        5.6731112151706329       -103.18985443101090        8658.2052955238341     
   6947.0995692361894        5.6437245749814657       -103.18388514491166        8761.3891806687461     
   7006.0690098778805        5.6146696568647432       -103.16101424128057        8864.5501949100271     
   7068.5766169580729        5.5842493047093633       -103.12063762339106        8967.6708325334184     
   7134.8346804630764        5.5524134957832318       -103.06685628999786        9070.7376888234157     
   7205.0682277783808        5.5190803174824037       -103.00934593768125        9173.7470347610979     
   7279.5157879326034        5.4841339153546373       -102.95975003956524        9276.7067848006627     
   7358.4302016960792        5.4474427761964019       -102.92552478484977        9379.6323095855132     
   7442.0794802853634        5.4088902680618869       -102.90544407094200        9482.5377536564556     
   7530.7477155900051        5.3684127327252584       -102.88656857817526        9585.4243222346304     
   7619.4159508946468        5.3283808861994908       -102.85329327007541        9688.2776155047050     
   7713.4042803175662        5.2865354505738642       -102.78905882060094        9791.0666743253059     
   7813.0319095058612        5.2429290393766150       -102.68301447167057        9893.7496887969774     
   7918.6371964454538        5.1975986446788580       -102.53360628259603        9996.2832950795728     
   8030.5788006014218        5.1504716894037434       -102.36230863858697        10098.645603718160     
   8142.5204047573898        5.1041093490166833       -102.20460398094404        10200.850207699104     
   8254.4620089133587        5.0583626253796750       -102.07147255589226        10302.921680254996     
   8330.4031931727677        5.0275769919153133       -101.99220095588646        10404.913881210883     
   8381.9216925743513        5.0067991651624748       -101.94279867219294        10506.856679883076     
   8425.6093800668932        4.9892540493630939       -101.90332411927952        10608.760004002355     
   8471.9183288089880        4.9707389833990234       -101.86312136535066        10710.623125367705     
   8521.0058144756094        4.9512092450776333       -101.82065524131274        10812.443780609017     
   8573.0385492822279        4.9306200877236668       -101.77447119305695        10914.218251802075     
   8628.1932481772419        4.9089298244432058       -101.72243788314675        11015.940689685222     
   8686.6572290059576        4.8861024365848369       -101.66133384717413        11117.602023532396     
   8748.6290486843955        4.8621103824791181       -101.58684661829611        11219.188870150692     
   8814.3191775435407        4.8369353344662791       -101.49422387994002        11320.683094030632     
   8883.9507141342347        4.8105662210545397       -101.37920636950227        11422.062300400134     
   8957.7601429203696        4.7829949745567149       -101.23889414697001        11523.301194547104     
   9035.9981374336730        4.7542104439514503       -101.07246262567820        11624.373657172782     
   9114.2361319469765        4.7258603434006954       -100.89417944510438        11725.267836617886     
   9197.1684061310789        4.6962502168240112       -100.70443675154567        11825.972273369433     
   9220.2130160998186        4.6880551461908269       -100.65196301517044        11926.624236384603     
   9244.6403026666831        4.6794031028427403       -100.59709706257223        12027.221333447176     
   9270.5332264275603        4.6702682300695191       -100.54037383869819        12127.761707285874     
   9297.9797256140901        4.6606218286939916       -100.48268721879209        12228.244394504665     
   9327.0730147518116        4.6504318899212294       -100.42525563251309        12328.669650137179     
   9357.9119012377960        4.6396627112891187       -100.36949991822195        12429.039150055401     
   9390.6011209129392        4.6282749323569838       -100.31680845566812        12529.355958511069     
   9425.2516937685905        4.6162261131799776       -100.26824042265713        12629.624198933727     
   9461.9813009955815        4.6034718386846158       -100.22424180731383        12729.848440741041     
   9500.9146846561925        4.5899677648354382       -100.18432960080688        12830.032770341848     
   9542.1840713364400        4.5756697682481571       -100.14733333113665        12930.180103672985     
   9585.9296212175013        4.5605365997895477       -100.11119057617501        13030.291294249160     
   9632.2999040914274        4.5445306457624639       -100.07318537502564        13130.364479624186     
   9681.4524039377884        4.5276188310340828       -100.03008807731057        13230.394567701496     
   9733.5540537749312        4.5097740539755584       -99.978031859825990        13330.372599561322     
   9788.7818026023015        4.4909778865809322       -99.912113590406676        13430.284713151728     
   9847.3232163593148        4.4712237719627721       -99.826221286309888        13530.110934438038     
   9909.3771149417498        4.4505137556737342       -99.715103705161397        13629.826038143199     
   9975.1542474391299        4.4288501847329318       -99.576249726052239        13729.402287869252     
   10044.878007886353        4.4062297350224746       -99.409596585894349        13828.811884455146     
   10118.785193960410        4.3826427839453963       -99.216063063367002        13928.027947518513     
   10197.126811198910        4.3580728288433335       -98.997274469111829        14027.025221987624     
   10280.168925471720        4.3324835943415305       -98.758631200562533        14125.783853188186     
   10368.193566600899        4.3057687569378373       -98.519180345104473        14224.303033533291     
   10456.218207730079        4.2793260777482978       -98.311835454381608        14322.614868987674     
   10544.242848859258        4.2530293885086730       -98.144439587348202        14420.759308575021     
   10637.548968456187        4.2252292005245717       -98.006362288124109        14518.765670863146     
   10688.188065683833        4.2101561813845887       -97.940801301222436        14616.706472164367     
   10741.865508745137        4.1941943581423988       -97.878466232298209        14714.584938396665     
   10798.763598390120        4.1773017793921747       -97.816300355213187        14812.401238751878     
   10859.075573413802        4.1594433400823121       -97.750595582601079        14910.151834334480     
   10899.991217269868        4.1473555539038314       -97.705006118197943        15007.856840452678     
   10943.361799757296        4.1345799964721017       -97.654396080374482        15105.511236533051     
   10989.334617193972        4.1210931232293637       -97.596340764431133        15203.107577297482     
   11038.065803676847        4.1068711449355977       -97.528729886387040        15300.636307183870     
   11089.720861348695        4.0918945485787939       -97.448993932628170        15398.085301116498     
   11144.475222480854        4.0761478299643139       -97.354345373341630        15495.439646489840     
   11202.514845280943        4.0596191162560222       -97.242126155034981        15592.681772644875     
   11264.036845449036        4.0422985812628749       -97.110266070878026        15689.792038715754     
   11329.250165627216        4.0241759973417368       -96.957644087811772        15786.749682803566     
   11398.376285016087        4.0052369743354088       -96.784557211339859        15883.534240014906     
   11471.649971568289        3.9854577961574016       -96.593201025134974        15980.127441040040     
   11549.320079313624        3.9647962599319166       -96.388835017756136        16076.516276057797     
   11631.650393523680        3.9431708881441243       -96.183011213008285        16172.699287270805     
   11676.332701651761        3.9315013080571251       -96.077057388664798        16268.776344659469     
   11723.695948267527        3.9191837025924525       -95.975131010885406        16364.751475670355     
   11773.900989680238        3.9061534197077385       -95.882963953068071        16460.634439623424     
   11827.118333577713        3.8923356815923960       -95.805131919588092        16556.439571543011     
   11883.528718109037        3.8776551302108189       -95.742759270672977        16652.182330813685     
   11943.323725712240        3.8620469478804571       -95.692575216706913        16747.874906030393     
   12006.706433771635        3.8454651934155129       -95.647569840178448        16843.522475870570     
   12073.892104314593        3.8278860666051675       -95.598645045052791        16939.121120915624     
   12145.108915090128        3.8093062307945802       -95.536444796075827        17034.657565711699     
   12220.598734512196        3.7897434657041220       -95.451209550675202        17130.108775262375     
   12300.617943099587        3.7692445550561571       -95.331035520580258        17225.439810782955     
   12368.474231981696        3.7520882207906272       -95.203386372373487        17320.643197155328     
   12440.401898196731        3.7342012678943983       -95.041426246033652        17415.684623401361     
   12516.645224384669        3.7155901488970953       -94.848771694076234        17510.533395095437     
   12597.463150143882        3.6962411977478835       -94.630795724073181        17605.164190819509     
   12683.130151448648        3.6761318832588614       -94.390983588280932        17699.555174407789     
   12773.937172831700        3.6552303060671099       -94.132928641232112        17793.688103049022     
   12870.192615497735        3.6334560561527693       -93.869606449350087        17887.557709498371     
   12972.223384723733        3.6105911129413548       -93.636488579220668        17981.194198077592     
   13074.254153949731        3.5877191262771135       -93.468085407028425        18074.662283484620     
   13182.406769329287        3.5633097256258761       -93.354838410860026        18168.017121895482     
   13241.103356748081        3.5500056955015347       -93.307690789262182        18261.324812684743     
   13299.799944166874        3.5366506445307246       -93.268777757094085        18354.593590441837     
   13362.018326830796        3.5224595197111292       -93.230629694332052        18447.824220136168     
   13427.969812454552        3.5074126341717626       -93.187494509127532        18541.011714645294     
   13497.878387215733        3.4915031085503330       -93.131594085667302        18634.143308730960     
   13571.981476462584        3.4747521110915272       -93.052678362687899        18727.195987093648     
   13650.530751064247        3.4571994661554006       -92.941775786613860        18820.137762880262     
   13733.792982142009        3.4388901902106332       -92.793706021148324        18912.931468901410     
   13822.050947084439        3.4198613370304027       -92.607648497777049        19005.539117399188     
   13915.604389923414        3.4001329140197818       -92.386410632965848        19097.925528032156     
   14014.771039332727        3.3797024487977216       -92.135446260168607        19190.060974292326     
   14119.887687706600        3.3585126793927724       -91.868616525856410        19281.929590818181     
   14231.311334982904        3.3364103428155398       -91.611004376637808        19373.540595194820     
   14349.420401095786        3.3130719652146361       -91.406402978002674        19464.946998172822     
   14474.616011175442        3.2880884878907706       -91.286487713841467        19556.233485886663     
   14607.323357859877        3.2612826782451680       -91.219172748387905        19647.452658635051     
   14747.993145345379        3.2327969098422078       -91.139748262144991        19738.592406897194     
   14897.103120080010        3.2029507849020460       -90.996773333354625        19829.589180230549     
   15055.159693298720        3.1722778732484005       -90.732144533808153        19920.321324764358     
   15213.216266517429        3.1426750899080567       -90.403309314803707        20010.724634079161     
   15371.272839736139        3.1140542108357261       -90.049046155748670        20100.773680234910     
   15538.812807347971        3.0847851391425674       -89.649223575006374        20190.422903809915     
   15706.352774959803        3.0562736574423375       -89.278050003048634        20279.700953812964     
   15883.945140628344        3.0259489394987069       -89.038914047093414        20368.739867860058     
   16061.537506296885        2.9950053935012546       -88.941005911268064        20457.680873771325     
   16110.885565789049        2.9863514757193821       -88.924005354300903        20546.604879125625     
   16163.194508850742        2.9771096149425076       -88.914990399702191        20635.519869525328     
   16218.641988496136        2.9672575314493042       -88.907559884534081        20724.427429409861     
   16277.416316920255        2.9567847347399780       -88.894836219205203        20813.322265629067     
   16339.717105049820        2.9456965747805759       -88.870292054240210        20902.192557683309     
   16405.755940467159        2.9340053053656083       -88.826997524537930        20991.019555207848     
   16475.757106009540        2.9217438812192409       -88.757044403490397        21079.776599611338     
   16549.958341484460        2.9089542329775933       -88.654749135788350        21168.431348747126     
   16628.611651087878        2.8956752197979418       -88.518287543551963        21256.949636290679     
   16711.984159267500        2.8819329268429996       -88.349492431482901        21345.299128722163     
   16800.359017937899        2.8677354937222073       -88.152743930985309        21433.451872653150     
   16894.036368128523        2.8530710185454611       -87.933960259691560        21521.385832912842     
   16993.334359330584        2.8378824009908046       -87.705651962029719        21609.091484874873     
   17098.590230004767        2.8220488180030294       -87.486159621597281        21696.577644496469     
   17210.161452919405        2.8053687554678333       -87.299211884472967        21783.876856380943     
   17328.426949208919        2.7874759943836627       -87.187674997331200        21871.064531378273     
   17446.692445498433        2.7690747439229728       -87.176404893460045        21958.240936271734     
   17572.053871565317        2.7490580805616709       -87.210598551246193        22045.451534822980     
   17704.936983196214        2.7276767038715990       -87.213291988287395        22132.664826811266     
   17845.793081524967        2.7053274691824725       -87.132753111139976        22219.797579922404     
   17995.100545753445        2.6824618544853509       -86.936732296418427        22306.734312218821     
   18153.366457835629        2.6596446382303025       -86.588770031146154        22393.323082249968     
   18311.632369917814        2.6379001016283361       -86.228182257984102        22479.551264507951     
   18479.394236724929        2.6156448721730725       -85.877307670843251        22565.428572178793     
   18657.221815540473        2.5924208206446213       -85.583089830717427        22651.011662009510     
   18845.719049084950        2.5669612113937439       -85.493415440444622        22736.505077449954     
   19034.216282629426        2.5403229021079787       -85.550582913763520        22822.055660363716     
   19099.689062526551        2.5309532263792383       -85.575703415833345        22907.631363779550     
   19169.090209217506        2.5209321704568652       -85.598286271373112        22993.229650050922     
   19242.655424709916        2.5102926448537159       -85.607076903667775        23078.836726954589     
   19320.634553131869        2.4990893336138460       -85.587412045383672        23164.424138999973     
   19403.292429259141        2.4874121072874318       -85.526353359134745        23249.950492359108     
   19490.909777954050        2.4753501841428447       -85.418832427911383        23335.369324787021     
   19583.784167570651        2.4629704819759861       -85.267068467428359        23420.636393254448     
   19682.231020564250        2.4503107703404350       -85.077297842703118        23505.713691097153     
   19786.584684737463        2.4373818900989410       -84.857055820371130        23590.570746917525     
   19897.199568761072        2.4241717313970215       -84.613968220876046        23675.184715138403     
   20014.451345826095        2.4106461753516273       -84.355823838598752        23759.540538977002     
   20138.738229515020        2.3967047904521577       -84.099536877540444        23843.640075854542     
   20270.482326225283        2.3819603452357976       -83.907279203140192        23927.547355057683     
   20410.131068738159        2.3659293877227419       -83.816342067876391        24011.363697125558     
   20485.921234274749        2.3570417289809917       -83.803732802474414        24095.167429928031     
   20566.258809743533        2.3472836426295154       -83.847627026745187        24179.015056954777     
   20651.416639740444        2.3365404560143359       -83.934267473918894        24262.949324428697     
   20741.683939537172        2.3248667297504366       -84.019859655694674        24346.969184084392     
   20837.367277321700        2.3124489149110961       -84.061016389717992        24431.030200474110     
   20938.791615373302        2.2995133547877611       -84.033185183105942        24515.063385657217     
   21046.301413707999        2.2862489734420155       -83.932743900298789        24598.996129557516     
   21160.261799942778        2.2727698112561279       -83.770365611443424        24682.766495168958     
   21281.059809351646        2.2591141736761253       -83.562482654482224        24766.328977823439     
   21409.105699325042        2.2453038529836613       -83.317064882850389        24849.646042706288     
   21544.834342696842        2.2315353590300804       -83.004528193547529        24932.650570899837     
   21688.706704670953        2.2180197065348231       -82.615911301876437        25015.266482201714     
   21841.211408363510        2.2041834800380702       -82.287838398516655        25097.554320600229     
   22002.866394277618        2.1895896886821982       -82.034596053370194        25179.588916653600     
   22174.220679346574        2.1736664749084449       -81.894469208702901        25261.483385862302     
   22355.856221519669        2.1549890529755258       -82.021454985684400        25343.504840847985     
   22537.491763692764        2.1344386764285375       -82.294433684168993        25425.799274532154     
   22600.581198219599        2.1271282928276563       -82.387490208435338        25508.186764740589     
   22667.455998818044        2.1192577613380026       -82.471815957523603        25590.658580698113     
   22738.343287452397        2.1108844007402707       -82.533994562876600        25673.192575260990     
   22813.483813404811        2.1021099509330359       -82.554851073363253        25755.747426334354     
   22893.132770914370        2.0930479152942936       -82.524614389937483        25838.272040724292     
   22977.560665874502        2.0837825307618609       -82.446003391373679        25920.718044115667     
   23067.054234532243        2.0743576682026514       -82.327938827893746        26003.045982943560     
   23161.917417309447        2.0647852503089505       -82.179916944806948        26085.225899888366     
   23262.472391053285        2.0550574543604569       -82.009679071316356        26167.235578959684     
   23369.060663221753        2.0451548661240113       -81.823147330973683        26249.058726290659     
   23482.044231720327        2.0350990995304286       -81.617654143683737        26330.676380434343     
   23601.806814328818        2.0248624161319779       -81.397938117675423        26412.074318552019     
   23728.755151893816        2.0142991322834187       -81.192639287346239        26493.266957839365     
   23863.320389712717        2.0031941025916309       -81.023738749003172        26574.290696588367     
   24005.959541800752        1.9911654426550873       -80.931198430936178        26655.221895019302     
   24157.157043014067        1.9775189885247122       -80.985178128595180        26736.207073147896     
   24317.426394300182        1.9616671948375974       -81.191206356101461        26817.398279503999     
   24477.695745586298        1.9454019609100479       -81.319390575340847        26898.717670079339     
   24647.581257949580        1.9288137737454725       -81.277762830063764        26979.995432909403     
   24827.659901054656        1.9124675866141849       -81.088151669252625        27061.083584578657     
   25018.543262746040        1.8964587869488354       -80.815082252599865        27141.898666831257     
   25218.543262746040        1.8810866856059154       -80.472240275910153        27222.370907107168     
   25418.543262746040        1.8676316920618961       -80.001414959333999        27302.372322066502     
   25618.543262746040        1.8541107450955479       -79.756598802422161        27382.128920868923     
   25818.543262746040        1.8401548209231522       -79.626579471708425        27461.755500340631     
   26018.543262746040        1.8240168700368595       -79.821041557784255        27541.576541898416     
   26218.543262746040        1.8063170041968197       -80.072894822094739        27621.649436720509     
   26418.543262746040        1.7882997218622754       -80.215156212322157        27701.864592932830     
   26578.543262746040        1.7733570781029939       -80.379549260093810        27782.244142192925     
   26748.143262746038        1.7579397883797085       -80.410358554203356        27862.654500747129     
   26927.919262746040        1.7430121092361939       -80.243036775029609        27942.897537522160     
   27118.481822746038        1.7289058373831518       -79.943320503794752        28022.840858025953     
   27318.481822746038        1.7156350541637433       -79.589841382448853        28102.430699408400     
   27518.481822746038        1.7034314846762839       -79.253190221109364        28181.683889629508     
   27718.481822746038        1.6914030659063553       -79.031724838069877        28260.715614467579     
   27918.481822746038        1.6789498727509300       -78.933367399922730        28339.648981867504     
   28118.481822746038        1.6649944303522266       -79.054371974140054        28418.703353841644     
   28246.481822746038        1.6551211509134758       -79.244542818765296        28497.947896660407     
   28382.161822746039        1.6431717623856912       -79.598412960099736        28577.546309620506     
   28525.982622746040        1.6301449942329982       -79.831432676217716        28657.377742296725     
   28678.432670746039        1.6172829907170594       -79.825604105056129        28737.203346401780     
   28840.029721626037        1.6052258448804704       -79.628447069047269        28816.831793470828     
   29011.322595558839        1.5939935287932436       -79.337979958108804        28896.169773428937     
   29192.893041927608        1.5832748749229220       -79.032782373036909        28975.202555801974     
   29385.357715078502        1.5727071204894885       -78.751438695522822        29053.953994497497     
   29585.357715078502        1.5629738139000606       -78.392511664079223        29132.346506161575     
   29745.357715078502        1.5564338471431431       -78.003489011150904        29210.349995172724     
   29905.357715078502        1.5496631044090077       -77.817778509977657        29288.167773682700     
   30074.957715078501        1.5414864772245029       -77.807268996885867        29365.975042679587     
   30254.733715078502        1.5316352971706202       -77.906175330130552        29443.881218009719     
   30445.296275078501        1.5172013658889998       -78.513477587359134        29522.394695597079     
   30635.858835078499        1.5012283770521830       -78.977668585446423        29601.372364182524     
   30826.421395078498        1.4841964905056595       -79.402129769100796        29680.774493951623     
   30928.821395078499        1.4753580310372272       -79.492252599262656        29760.266746550886     
   31037.365395078501        1.4668269920745851       -79.424859970996309        29839.691606521883     
   31152.422035078500        1.4584947851236358       -79.323962050688124        29919.015568572569     
   31274.382073478500        1.4504379283620821       -79.167050044909359        29998.182618617480     
   31403.659714182500        1.4427135511274636       -78.963566291633327        30077.146184909114     
   31540.694013328739        1.4352779671131719       -78.736930003967245        30155.883114913082     
   31685.950370423754        1.4280380674544886       -78.504834603795985        30234.387949516877     
   31839.922108944469        1.4208863710774715       -78.278231002859201        30312.666180519736     
   32003.132151776426        1.4137025425479939       -78.065796134970725        30390.731976654708     
   32176.134797178303        1.4061189819875779       -77.913427416106856        30468.645404070816     
   32359.517601304291        1.3968702209594976       -77.979194749994633        30546.624598820810     
   32553.903373677840        1.3853412426419194       -78.213907391991242        30624.838506212800     
   32753.903373677840        1.3712049384938398       -78.633079672329615        30703.471585885130     
   32953.903373677836        1.3548941310262217       -79.153093273924455        30782.624679159057     
   33153.903373677836        1.3403367911386359       -79.171284801961804        30861.795963961020     
   33353.903373677836        1.3286833081506342       -78.856439874120738        30940.652403835142     
   33553.903373677836        1.3192669084240176       -78.462279539533768        31019.114683374675     
   33753.903373677836        1.3110746912263869       -78.122410977818376        31097.237094352495     
   33953.903373677836        1.3033851624188419       -77.867703650321957        31175.104798002816     
   34153.903373677836        1.2958456725912195       -77.681468018977668        31252.786266021794     
   34353.903373677836        1.2893568759941592       -77.385388861360610        31330.171654883154     
   34553.903373677836        1.2845665669016726       -76.952409349187477        31407.124064232343     
   34733.903373677836        1.2780188291337697       -77.084519298576055        31484.208583530919     
   34924.703373677839        1.2697140391271597       -77.250021533971847        31561.458605064890     
   35124.703373677839        1.2599827981801537       -77.435536133231551        31638.894141198121     
   35324.703373677839        1.2449453219731992       -78.308241988888426        31717.202383187010     
   35524.703373677839        1.2289848542167219       -78.822173522572768        31796.024556709584     
   35724.703373677839        1.2141933674798555       -78.990048310725228        31875.014605020311     
   35827.103373677841        1.2068785653042680       -79.045650338854728        31954.060255359167     
   35935.647373677843        1.1995666576482267       -79.039226423952513        32033.099481783120     
   36050.704013677845        1.1921461808556177       -79.031600398832083        32112.131082181953     
   36172.664052077846        1.1850549073698324       -78.917819916595803        32191.048902098548     
   36301.941692781846        1.1784543412691701       -78.731221947728230        32269.780124046276     
   36438.975991928084        1.1720088816804513       -78.563546766921533        32348.343670813196     
   36584.232349023099        1.1658999278574194       -78.361319237603993        32426.704990050799     
   36738.204087543818        1.1600687836064763       -78.145377614339651        32504.850367665138     
   36901.414130375779        1.1543701594335636       -77.940852763701969        32582.791220428840     
   37074.416775777652        1.1484226489523426       -77.795577606141350        32660.586798034983     
   37257.799579903643        1.1409437186620088       -77.869198079503136        32738.455996114488     
   37452.185352277193        1.1318513980451346       -78.028983459853038        32816.484979574343     
   37652.185352277193        1.1200757746010628       -78.445452324962389        32894.930431899309     
   37780.185352277193        1.1112443430037771       -78.830460482313640        32973.760892381622     
   37915.865352277193        1.0994030404214603       -79.513083831779298        33053.273976213401     
   38059.686152277194        1.0878655376760853       -79.698328572368524        33132.972304785770     
   38212.136200277193        1.0785765563319494       -79.420739569497897        33212.393044355267     
   38373.733251157195        1.0716783720397840       -78.935589358312640        33291.328633713580     
   38545.026125089993        1.0663793914200363       -78.450120234841847        33369.778753948420     
   38726.596571458758        1.0616731331578848       -78.073108581123108        33447.851862529540     
   38919.061244609649        1.0567673831313960       -77.827441304317048        33525.679303833858     
   39119.061244609649        1.0513656643956577       -77.684554635906352        33603.363858469762     
   39319.061244609649        1.0456382892181881       -77.600337583523853        33680.964196053283     
   39519.061244609649        1.0404091666690918       -77.433056431488495        33758.397252484770     
   39719.061244609649        1.0376799478538101       -76.945758863424601        33835.343011348195     
   39919.061244609649        1.0309980118149764       -77.291955692128340        33912.634967040321     
   40119.061244609649        1.0228743114240546       -77.550967276738248        33990.185934317058     
   40319.061244609649        1.0152368056989911       -77.579150120540277        34067.765084437597     
   40519.061244609649        1.0078796629389195       -77.577290796463743        34145.342375234060     
   40719.061244609649       0.99454643492390948       -78.488533050327717        34223.830908284392     
   40919.061244609649       0.97943448638196140       -79.133466655524572        34302.964374939918     
   41119.061244609649       0.96639373767042158       -79.222954564320233        34382.187329504239     
   41319.061244609649       0.95328826652630572       -79.432097241471098        34461.619426745710     
   41519.061244609649       0.94071435212522003       -79.547172051906216        34541.166598797616     
   41719.061244609649       0.93006765300302141       -79.413473606647287        34620.580072404264     
   41919.061244609649       0.92218753086786198       -79.036029893768486        34699.616102298030     
   42119.061244609649       0.91602698747062727       -78.671981584072299        34778.288083882100     
   42319.061244609649       0.91073182337551239       -78.382188783371262        34856.670272665469     
   42519.061244609649       0.90579155250815147       -78.167216812412065        34934.837489477883     
   42719.061244609649       0.90094290397764787       -78.011249490592178        35012.848738968474     
   42919.061244609649       0.89453998724652450       -78.126576254808953        35090.975315223281     
   43119.061244609649       0.88507457360175890       -78.565369630784929        35169.540684854066     
   43319.061244609649       0.87378939135859157       -79.017789688705832        35248.558474542770     
   43519.061244609649       0.86012185757459381       -79.612846900601312        35328.171321443369     
   43600.981244609648       0.85224415374286000       -80.360993199973237        35408.532314643344     
   43682.901244609646       0.84442632911008086       -80.690648086562703        35489.222962729909     
   43769.736444609647       0.83758876196462040       -80.622776881402899        35569.845739611315     
   43861.781756609649       0.83465779037729138       -79.719806201557674        35649.565545812875     
   43959.349787329651       0.83034580649744716       -79.757674123774578        35729.323219936647     
   44062.771899892854       0.82568686096766641       -79.724123966145356        35809.047343902792     
   44172.399339209849       0.82177397380025741       -79.478933998386040        35888.526277901175     
   44288.604424885860       0.81886832001805798       -79.118460219222939        35967.644738120398     
   44411.781815702430       0.81682837267914288       -78.737503836825795        36046.382241957224     
   44542.349849967999       0.81523881199068615       -78.409097224055699        36124.791339181284     
   44680.751966289499       0.81346423362655496       -78.211597051262927        36203.002936232544     
   44827.458209590288       0.81114356756601191       -78.109335198270927        36281.112271430815     
   44982.966827489123       0.80816491312382399       -78.069379195439964        36359.181650626255     
   45147.805962461891       0.80453607906275182       -78.063029711573435        36437.244680337826     
   45322.535445533023       0.80033835290448985       -78.067576399408836        36515.312256737234     
   45507.748697588424       0.79585684924413824       -78.040855918396247        36593.353112655634     
   45704.074744767153       0.79321254261949137       -77.689809445092436        36671.042922100729     
   45904.074744767153       0.79260104395304942       -77.211979193153113        36748.254901293883     
   46104.074744767153       0.78540548869181304       -77.931541426792037        36826.186442720675     
   46304.074744767153       0.77681279499131484       -78.328658592021995        36904.515101312696     
   46504.074744767153       0.76748486987607478       -78.639647804819447        36983.154749117515     
   46704.074744767153       0.75962701448907932       -78.618741619079756        37061.773490736596     
   46904.074744767153       0.74222470961816633       -80.113216354712705        37141.886707091311     
   47104.074744767153       0.72672289059489681       -80.481118032334848        37222.367825123649     
   47304.074744767153       0.71410336826888288       -80.445863877351471        37302.813689000999     
   47504.074744767153       0.70096703207545241       -80.699108899501013        37383.512797900497     
   47606.474744767154       0.69473492077671661       -80.691286550898212        37464.204084451398     
   47715.018744767156       0.68957220817658582       -80.461059294031116        37544.665143745427     
   47830.075384767159       0.68395434216726059       -80.454268785473829        37625.119412530905     
   47952.035423167159       0.67921231822413053       -80.221936727696630        37705.341349258604     
   48081.313063871159       0.67512964622103488       -79.971375511503823        37785.312724770105     
   48218.347363017398       0.67140805609689724       -79.748484883105547        37865.061209653213     
   48363.603720112413       0.66785096431428725       -79.556314538254398        37944.617524191468     
   48517.575458633131       0.66433625993890211       -79.390172669897282        38024.007696861365     
   48680.785501465092       0.66077637445707527       -79.246447747808787        38103.254144609171     
   48853.788146866966       0.65709537169983046       -79.123533737896906        38182.377678347068     
   49037.170950992957       0.65321263030104570       -79.022106763714447        38261.399785110785     
   49231.556723366506       0.64902487477759296       -78.945882562673788        38340.345667673457     
   49431.556723366506       0.64398536125522288       -78.984765457818739        38419.330433131276     
   49631.556723366506       0.63584459560691065       -79.430784232266546        38498.761217363543     
   49831.556723366506       0.62604808515332055       -79.824603378048181        38578.585820741588     
   50031.556723366506       0.61549959555132960       -80.167359620826545        38658.753180362415     
   50231.556723366506       0.60364126566763088       -80.577545477222728        38739.330725839638     
   50297.092723366506       0.59690530242681950       -81.505483931036991        38820.836209770678     
   50366.560883366503       0.59342693282571513       -80.859958990759722        38901.696168761438     
   50440.197132966503       0.58729554378096471       -81.493488130343579        38983.189656891780     
   50518.251557542506       0.58110139496494839       -81.660794817169716        39064.850451708953     
   50600.989247593068       0.57622526664703522       -81.421940153559603        39146.272391862512     
   50688.691199046661       0.57303752178553813       -80.960674085052602        39227.233065947563     
   50781.655267587470       0.57141946660305742       -80.413888617092198        39307.646954564654     
   50880.197180240728       0.57373257704236413       -79.255839751937657        39386.902794316593     
   50984.651607653184       0.57099854461304822       -79.858521283578170        39466.761315600168     
   51095.373300710387       0.56739311220532851       -80.017543638688409        39546.778859238853     
   51212.738295351017       0.56451799711940831       -79.862171814447862        39626.641031053303     
   51337.145189670089       0.56257739045665767       -79.586727797550779        39706.227758850851     
   51469.016497648307       0.56126372269305380       -79.309805248222730        39785.537564099075     
   51608.800084105213       0.56012860142267973       -79.093173247866076        39864.630737346939     
   51756.970685749533       0.55836923547626849       -79.042462081200242        39943.673199428136     
   51914.031523492515       0.55607474063742524       -79.014075050498548        40022.687274478638     
   52080.516011500076       0.55328362588493185       -79.005398900391896        40101.692673379031     
   52256.989568788093       0.55001952169177237       -79.009625725797605        40180.702299104829     
   52444.051539513384       0.54729922216307259       -78.868912823381081        40259.571211928211     
   52642.337228482196       0.54726477944511420       -78.361558080807470        40337.932770009022     
   52842.337228482196       0.54517447486168036       -78.404927310858312        40416.337697319883     
   53042.337228482196       0.53599496572654926       -79.366782814181931        40495.704480134067     
   53242.337228482196       0.52759764965915479       -79.609761055062904        40575.314241189131     
   53442.337228482196       0.51964182440432172       -79.745767601866262        40655.060008790999     
   53642.337228482196       0.51323226139079969       -79.657899858116110        40734.717908649116     
   53842.337228482196       0.50929024642957765       -79.303209869093976        40814.021118518212     
   54042.337228482196       0.49367520420369432       -80.907854026544456        40894.928972544760     
   54242.337228482196       0.47745290221206521       -81.642862007022615        40976.571834551782     
   54442.337228482196       0.46491605410988146       -81.613374502637654        41058.185209054420     
   54642.337228482196       0.45103852466706507       -82.028061702206898        41140.213270756627     
   54842.337228482196       0.44075940653333873       -81.794759687553992        41222.008030444180     
   55042.337228482196       0.43079964053770847       -81.799563414904952        41303.807593859085     
   55242.337228482196       0.42299681968614788       -81.630157629527659        41385.437751488615     
   55442.337228482196       0.41909463933116975       -81.066440420684074        41466.504191909298     
   55642.337228482196       0.41638755527015636       -80.682215961601884        41547.186407870897     
   55842.337228482196       0.41393135968703776       -80.426612484055966        41627.613020354955     
   56042.337228482196       0.41142643102313803       -80.249088345029108        41707.862108699985     
   56242.337228482196       0.40693464564441861       -80.363998075601430        41788.226106775583     
   56442.337228482196       0.40282435867582383       -80.292921494884041        41868.519028270464     
   56642.337228482196       0.39901259433622471       -80.207793743805709        41948.726822014272     
   56842.337228482196       0.39517341248068333       -80.156201526285571        42028.883023540555     
   57042.337228482196       0.38910924951791015       -80.445689628083244        42109.328713168637     
   57242.337228482196       0.38326101447246375       -80.381511314274221        42189.710224482915     
   57442.337228482196       0.37486880776149856       -80.766999680466654        42270.477224163384     
   57642.337228482196       0.36497216321762821       -81.254554200170560        42351.731778363552     
   57842.337228482196       0.35393218925454356       -81.669706898953024        42433.401485262504     
   58002.337228482196       0.34114873252673583       -82.489127392144439        42515.890612654650     
   58171.937228482195       0.32080972470504815       -84.117992362654448        42600.008605017305     
   58351.713228482193       0.31290736282681991       -82.933963000792602        42682.942568018101     
   58542.275788482191       0.31271227364542487       -81.584184692265310        42764.526752710364     
   58742.275788482191       0.31508534904671787       -80.663101594785473        42845.189854305150     
   58942.275788482191       0.31674835534823453       -80.229210444471576        42925.419064749622     
   59142.275788482191       0.31658387626145618       -80.122979473916786        43005.542044223541     
   59342.275788482191       0.31468179451840933       -80.178200879517178        43085.720245103061     
   59542.275788482191       0.31158189387034690       -80.279855852816198        43166.000100955876     
   59742.275788482191       0.30781422784029511       -80.372512977790976        43246.372613933665     
   59942.275788482191       0.30374141148648820       -80.440007365846512        43326.812621299512     
   60142.275788482191       0.29956875679712991       -80.483414005647020        43407.296035305160     
   60342.275788482191       0.29552584012767275       -80.490116172953904        43487.786151478111     
   60542.275788482191       0.29531189073646164       -79.947888071554090        43567.734039549665     
   60742.275788482191       0.29368526364835712       -79.889475504443539        43647.623515054111     
   60942.275788482191       0.29766131235856663       -78.866980711975543        43726.490495766084     
   61142.275788482191       0.28208377549448910       -81.323289564317491        43807.813785330400     
   61342.275788482191       0.26896101592986910       -81.787909229061981        43889.601694559460     
   61542.275788482191       0.26043813192337273       -81.591502699189746        43971.193197258654     
   61742.275788482191       0.25385029392231462       -81.404561836590034        44052.597759095246     
   61942.275788482191       0.24827635581259197       -81.105585253238374        44133.703344348483     
   62142.275788482191       0.21834771960139926       -84.666431155925537        44218.369775504412     
   62342.275788482191       0.20292939906525664       -84.089505714635507        44302.459281219046     
   62542.275788482191       0.18670298326971932       -84.422445046682938        44386.881726265732     
   62742.275788482191       0.17740352821601782       -83.773000530918281        44470.654726796653     
   62942.275788482191       0.16842440526277222       -83.627737829958193        44554.282464626609     
   63142.275788482191       0.16111040258350559       -81.117281545110103        44635.399746171723     
   63342.275788482191       0.15890952928372093       -80.453842482941170        44715.853588654667     
   63542.275788482191       0.15740834870333942       -80.193587418730303        44796.047176073400     
   63742.275788482191       0.15585055687106694       -80.048789465840869        44876.095965539243     
   63942.275788482191       0.15411432085398266       -79.943092181809263        44956.039057721049     
   64142.275788482191       0.15032583868278479       -80.414962338408642        45036.454020059457     
   64342.275788482191       0.14721570321255220       -80.165331798302802        45116.619351857757     
   64542.275788482191       0.14440909475652169       -80.042134921660278        45196.661486779420     
   64742.275788482191       0.14159754530107832       -79.967054606741755        45276.628541386162     
   64942.275788482191       0.13867888046064009       -79.925143094563978        45356.553684480728     
   65142.275788482191       0.13558190124496861       -79.917931979463390        45436.471616460192     
   65342.275788482191       0.13162370578192328       -80.255041399329571        45516.726657859523     
   65542.275788482191       0.12335826088761656       -82.297367053338704        45599.024024912862     
   65742.275788482191       0.11667694657399652       -82.421982030015513        45681.446006942875     
   65942.275788482191       0.10653204773473546       -84.142484256176857        45765.588491199051     
   66142.275788482191        9.5185430626523126E-002  -83.432756257728187        45849.021247456782     
   66342.275788482191        8.3265261141073160E-002  -84.617894939757818        45933.639142396540     
   66542.275788482191        6.6717499651684498E-002  -86.929621370559090        46020.568763767100     
   66742.275788482191        4.1897553364992818E-002  -72.023333123542471        46092.592096890643     
   66942.275788482191        4.1027870234628200E-002  -68.738144363530267        46161.330241254174     
   67044.675788482185        4.3744406342140801E-002  -68.770957803431031        46230.101199057608     
   67153.219788482180        4.7587741949277756E-002  -69.474563936761598        46299.575762994369     
   67226.856038082173        5.1294409319296380E-002  -70.629271898990964        46370.205034893363     
   67304.910462658168        6.0751735862456357E-002  -79.734994064619045        46449.940028957979     
   67387.648152708731        5.3605220623146294E-002  -76.515041490218849        46526.455070448195     
   67475.350104162324        4.9575217889806705E-002  -74.534251434496255        46600.989321882691     
   67568.314172703132        4.7723514193064365E-002  -73.532966724606382        46674.522288607295     
   67666.856085356383        4.7288340166878107E-002  -73.267329141207526        46747.789617748502     
   67771.310512768832        4.7625293203377994E-002  -73.513232091269899        46821.302849839769     
   67882.032205826035        4.8190105113443099E-002  -74.066846737927008        46895.369696577698     
   67999.397200466672        4.8541253179686689E-002  -74.746356784863011        46970.116053362559     
   68123.804094785737        4.8354064814906589E-002  -75.397815704506925        47045.513869067065     
   68255.675402763954        4.7437191945930407E-002  -75.905340190313453        47121.419209257379     
   68395.458989220861        4.5739036951125411E-002  -76.202293900513880        47197.621503157890     
   68543.629590865181        4.3331682906631586E-002  -76.276831399033895        47273.898334556921     
   68700.690428608155        4.0368237815735925E-002  -76.165562543324967        47350.063897100248     
   68867.174916615710        3.7024658183692466E-002  -75.935228416225314        47425.999125516471     
   69043.648473903726        3.2038408384210154E-002  -74.807304016220726        47500.806429532691     
   69230.710444629018        2.8414853946814062E-002  -74.497917796517086        47575.304347329205     
   69428.996133597830        2.9749872740144179E-002  -78.239568906814739        47653.543916236020     
   69628.996133597830        2.8806842563855489E-002  -81.805485021971577        47735.349401257990     
   69828.996133597830        3.0093813490567389E-002  -89.163298309905954        47824.512699567895     
   69956.996133597830        3.6953974866303918E-002  -100.65768816061528        47925.170387728511     
   70092.676133597823        1.4911077858882016E-002  -91.048265450610813        48016.218653179123     
   70236.496933597824        2.9506470480778479E-003  -87.458350902231174        48103.677004081357     
   70388.946981597823       -3.9962947481634870E-003  -87.339007324904003        48191.016011406260     
   70550.544032477817       -8.5101691302644222E-003  -89.644255826989649        48280.660267233252     
   70721.836906410623       -1.2163266524015115E-002  -94.046959715887056        48374.707226949140     
   70903.407352779395       -1.6416149912987787E-002  -100.52352235095051        48475.230749300092     
   71095.872025930294       -2.0691315336963445E-002  -113.90488593945535        48589.135635239545     
   71295.872025930294       -6.2295143982315837E-002  -94.896386343370011        48684.032021582912     
   71495.872025930294       -7.6919236907261435E-002  -93.368659158275790        48777.400680741186     
   71695.872025930294       -9.3657683507044287E-002  -89.832003333411492        48867.232684074595     
   71895.872025930294       -9.9871866037039514E-002  -93.934157392125869        48961.166841466722     
   72095.872025930294      -0.10682130409436019       -98.677641199971461        49059.844482666696     
   72223.872025930294      -0.10154083721080442       -97.733184230169456        49157.577666896868     
   72359.552025930287      -0.11086641499667110       -100.14363485799825        49257.721301754864     
   72503.372825930288      -0.11066096315865331       -96.978263323303224        49354.699565078168     
   72655.822873930287      -0.11104678580943145       -94.739594675506595        49449.439159753674     
   72817.419924810281      -0.11254522218339358       -92.910663452230168        49542.349823205906     
   72988.712798743087      -0.11425779595467334       -91.817662520174707        49634.167485726080     
   73170.283245111859      -0.11610385396719797       -91.386482320740740        49725.553968046821     
   73362.747918262758      -0.11810273921696085       -91.538806702596062        49817.092774749421     
   73562.747918262758      -0.12021085769481543       -92.224933905521624        49909.317708654940     
   73762.747918262758      -0.12232622392606896       -93.369336961800116        50002.687045616738     
   73962.747918262758      -0.12452008721276048       -94.874300232758117        50097.561345849499     
   74162.747918262758      -0.12681443515186425       -96.691278551756696        50194.252624401255     
   74362.747918262758      -0.12923721644357677       -98.783153638900501        50293.035778040154     
   74562.747918262758      -0.13182725774418969       -101.11861097437871        50394.154389014533     
   74762.747918262758      -0.13463976530701427       -103.66819270540849        50497.822581719942     
   74962.747918262758      -0.13843188580612659       -106.23989045766042        50604.062472177604     
   75162.747918262758      -0.15034396539495654       -107.47679447665396        50711.539266654261     
   75362.747918262758      -0.15380742036267103       -114.80707450798724        50826.346341162251     
   75562.747918262758      -0.16375833235287873       -119.37150392632657        50945.717845088577     
   75762.747918262758      -0.18220528629418303       -121.51814944877837        51067.235994537354     
   75962.747918262758      -0.19292560662702646       -124.19087746443115        51191.426872001786     
   76162.747918262758      -0.21053309459681413       -125.26131947760619        51316.688191479392     
   76244.667918262756      -0.22344551004268415       -124.65374783459369        51441.341939313985     
   76331.503118262757      -0.20900789631495531       -131.43639764996149        51572.778336963944     
   76423.548430262759      -0.19833926561351573       -136.32607136091102        51709.104408324856     
   76521.116460982754      -0.19086507670789821       -139.73678823650613        51848.841196561363     
   76624.538573545957      -0.18604953234677107       -142.02116257090958        51990.862359132276     
   76734.166012862945      -0.20761630134816444       -137.15389141620514        52128.016250548484     
   76850.371098538963      -0.20025545924784632       -141.08272128210805        52269.098971830594     
   76973.548489355540      -0.19554910421970439       -143.69709259566713        52412.796064426264     
   77104.116523621109      -0.19333657891090172       -145.30857379003317        52558.104638216297     
   77174.978407177710      -0.19265086798414838       -146.12264439117666        52704.227282607477     
   77250.092003747719      -0.21303522113470247       -141.00716319150538        52845.234445798982     
   77329.712416111928      -0.20885192563323851       -143.44961869981049        52988.684064498790     
   77414.110053217984      -0.20570617491922649       -145.31009478307888        53133.994159281865     
   77503.571548550404      -0.20367250239775070       -146.66621736864374        53280.660376650507     
   77598.400733602772      -0.20270030215057377       -147.61690429947129        53428.277280949980     
   77698.919669758281      -0.20269287506415973       -148.25935738672968        53576.536638336707     
   77805.469742083122      -0.20352817497194248       -148.68356872335477        53725.220207060062     
   77918.412818747456      -0.20505950276611434       -148.97207734956206        53874.192284409626     
   78038.132480011642      -0.20711407463153048       -149.19985665990347        54023.392141069533     
   78165.035320951676      -0.20950027446852593       -149.43198158061568        54172.824122650149     
   78299.552332348117      -0.21202898919738011       -149.71865378823074        54322.542776438378     
   78442.140364428342      -0.21454610923701245       -150.08935397754925        54472.632130415928     
   78593.283678433378      -0.21696351248927975       -150.54973488157412        54623.181865297505     
   78753.495591278726      -0.21927231791150975       -151.08451925187299        54774.266384549381     
   78923.320218894791      -0.22153115103488497       -151.66631310673310        54925.932697656113     
   79103.334324167823      -0.22383792245393919       -152.26638656581608        55078.199084221931     
   79294.149275757241      -0.22492808442507978       -153.08380109901233        55231.282885320943     
   79494.149275757241      -0.22903908232680897       -153.18473229926281        55384.467617620205     
   79694.149275757241      -0.23469687059018862       -153.15775650124507        55537.625374121453     
   79894.149275757241      -0.24699556856375882       -151.75994160244460        55689.385315723899     
   80094.149275757241      -0.26669347005433031       -149.18402936802602        55838.569345091928     
   80294.149275757241      -0.31021946841256992       -142.23269375800703        55980.802038849935     
   80494.149275757241      -0.30517691630665877       -147.59574281060119        56128.397781660533     
   80694.149275757241      -0.30817569824322844       -149.68779588731559        56278.085577547849     
   80894.149275757241      -0.32117127650174065       -149.05640132809583        56427.141978875945     
   81094.149275757241      -0.34203662253512407       -146.95256057423509        56574.094539450183     
   81294.149275757241      -0.38299849228196020       -141.19672340959235        56715.291262859777     
   81494.149275757241      -0.43348760398078240       -135.20738253655537        56850.498645396336     
   81694.149275757241      -0.42152043279260482       -143.91445993431114        56994.413105330648     
   81894.149275757241      -0.43298176651220194       -144.68265234983235        57139.095757680479     
   82094.149275757241      -0.44078780634734649       -146.25275224806964        57285.348509928546     
   82196.549275757236      -0.42888777402422157       -150.76433601924037        57436.112845947784     
   82305.093275757230      -0.44107651424409977       -148.55959977206038        57584.672445719843     
   82420.149915757225      -0.42927390340705057       -152.86544372244308        57737.537889442283     
   82542.109954157218      -0.41969791487926517       -155.71890635038841        57893.256795792673     
   82671.387594861211      -0.41251470780150573       -157.52716401982053        58050.783959812492     
   82808.421894007450      -0.40742771801730920       -158.64986265760285        58209.433822470091     
   82953.678251102465      -0.40413843832437879       -159.33196953739386        58368.765792007485     
   83107.649989623184      -0.40242147022619068       -159.73161707595497        58528.497409083437     
   83270.860032455137      -0.40212003992448048       -159.95076901331529        58688.448178096754     
   83443.862677857018      -0.40313170721772257       -160.05585043403352        58848.504028530791     
   83627.245481983002      -0.40539704509091945       -160.09033299676156        59008.594361527554     
   83821.631254356544      -0.40889218446089443       -160.08230434162175        59168.676665869178     
   84021.631254356544      -0.41350281373816200       -160.03535441896148        59328.712020288142     
   84221.631254356544      -0.41901781354000772       -159.95628248927130        59488.668302777412     
   84421.631254356544      -0.42531486421415288       -159.86276766070779        59648.531070438119     
   84621.631254356544      -0.43232213563968425       -159.75818742430735        59808.289257862423     
   84821.631254356544      -0.43998761366665384       -159.64246439464924        59967.931722257075     
   85021.631254356544      -0.44827205638515361       -159.51398786224610        60127.445710119318     
   85221.631254356544      -0.45714591945158706       -159.37023131073735        60286.815941430053     
   85421.631254356544      -0.46658835364185230       -159.20789930942161        60446.023840739472     
   85621.631254356544      -0.47658719545417672       -159.02295103889170        60605.046791778361     
   85821.631254356544      -0.48808694765492089       -158.62027177924787        60763.667063557608     
   86021.631254356544      -0.50474884794120745       -157.27989896896671        60920.946962526577     
   86221.631254356544      -0.53245749144714349       -153.81116399052181        61074.758126517096     
   86421.631254356544      -0.55770045914602195       -151.99200831755832        61226.750134834656     
