 #              _____________________  _______________________             #
 #              ___  __ \__  __ \_  / / /_  /___  ____/_  ___/             #
 #              __  / / /_  /_/ /  / / /_  __/_  __/  _____ \              #
 #              _  /_/ /_  _, _// /_/ / / /_ _  /___  ____/ /              #
 #              /_____/ /_/ |_| \____/  \__/ /_____/  /____/               #
 #                                                                         #
  
 DRUtES is initializing, reading input files
 ---------------------------------------------------------------
 14hrs : 24min : 31.136s  -  2021/01/04    total number of parallel images is:                    1
 ---------------------------------------------------------------
 14hrs : 24min : 31.165s  -  2021/01/04    reading input files and allocating...
 ---------------------------------------------------------------
 14hrs : 24min : 31.167s  -  2021/01/04    number of nodes:                   61 number of elements:                   60
 ---------------------------------------------------------------
 14hrs : 24min : 31.172s  -  2021/01/04    analyzing mesh structure...
 ---------------------------------------------------------------
 14hrs : 24min : 31.187s  -  2021/01/04    DRUtES solves coupled water and heat flow considering freezing and melting
 ---------------------------------------------------------------
 14hrs : 24min : 31.188s  -  2021/01/04    making output files for observation time
 ---------------------------------------------------------------
 14hrs : 24min : 31.207s  -  2021/01/04    go 4 solving
 ---------------------------------------------------------------
 14hrs : 24min : 31.306s  -  2021/01/04    current simulation time:   1.0000000000000000 total iteration count:                    2
 ---------------------------------------------------------------
 14hrs : 25min : 21.010s  -  2021/01/04    making output files for observation time
 ---------------------------------------------------------------
 14hrs : 26min : 33.969s  -  2021/01/04    making output files for observation time
 ---------------------------------------------------------------
 14hrs : 27min : 39.666s  -  2021/01/04    making output files for observation time
 ---------------------------------------------------------------
 14hrs : 30min : 15.656s  -  2021/01/04    making output files for observation time
 ---------------------------------------------------------------
 14hrs : 30min : 15.686s  -  2021/01/04    making output files for observation time
 ---------------------------------------------------------------
 14hrs : 30min : 15.908s  -  2021/01/04    # real elapsed CPU time =   5.7505000000000006 min
 ---------------------------------------------------------------
 14hrs : 30min : 15.915s  -  2021/01/04    minimal adjusted time step was  0.91011600000000015
 ---------------------------------------------------------------
 14hrs : 30min : 15.915s  -  2021/01/04    F I N I S H E D !!!!!
 ---------------------------------------------------------------
 14hrs : 30min : 15.955s  -  2021/01/04    Peak RAM  consumption on image                    1 was:                    0 kB
