 #              _____________________  _______________________             #
 #              ___  __ \__  __ \_  / / /_  /___  ____/_  ___/             #
 #              __  / / /_  /_/ /  / / /_  __/_  __/  _____ \              #
 #              _  /_/ /_  _, _// /_/ / / /_ _  /___  ____/ /              #
 #              /_____/ /_/ |_| \____/  \__/ /_____/  /____/               #
 #                                                                         #
  
 DRUtES is initializing, reading input files
 ---------------------------------------------------------------
 09hrs : 13min : 25.609s  -  2021/02/03    total number of parallel images is:                    1
 ---------------------------------------------------------------
 09hrs : 13min : 25.623s  -  2021/02/03    reading input files and allocating...
 ---------------------------------------------------------------
 09hrs : 13min : 25.702s  -  2021/02/03    number of nodes:                   61 number of elements:                   60
 ---------------------------------------------------------------
 09hrs : 13min : 25.778s  -  2021/02/03    analyzing mesh structure...
 ---------------------------------------------------------------
 09hrs : 13min : 25.821s  -  2021/02/03    DRUtES solves coupled water and heat flow considering freezing and melting
 ---------------------------------------------------------------
 09hrs : 13min : 25.824s  -  2021/02/03    making output files for observation time
 ---------------------------------------------------------------
 09hrs : 13min : 25.851s  -  2021/02/03    go 4 solving
 ---------------------------------------------------------------
 09hrs : 13min : 25.960s  -  2021/02/03    current simulation time:   1.0000000000000000 total iteration count:                    2
 ---------------------------------------------------------------
 09hrs : 13min : 55.108s  -  2021/02/03    making output files for observation time
 ---------------------------------------------------------------
 09hrs : 14min : 35.284s  -  2021/02/03    making output files for observation time
 ---------------------------------------------------------------
 09hrs : 14min : 57.065s  -  2021/02/03    making output files for observation time
 ---------------------------------------------------------------
 09hrs : 15min : 31.869s  -  2021/02/03    making output files for observation time
 ---------------------------------------------------------------
 09hrs : 16min : 37.118s  -  2021/02/03    making output files for observation time
 ---------------------------------------------------------------
 09hrs : 16min : 37.300s  -  2021/02/03    # real elapsed CPU time =   3.2003333333333330 min
 ---------------------------------------------------------------
 09hrs : 16min : 37.306s  -  2021/02/03    minimal adjusted time step was  0.81000000000000005
 ---------------------------------------------------------------
 09hrs : 16min : 37.306s  -  2021/02/03    F I N I S H E D !!!!!
 ---------------------------------------------------------------
 09hrs : 16min : 37.344s  -  2021/02/03    Peak RAM  consumption on image                    1 was:                    0 kB
