 #              _____________________  _______________________             #
 #              ___  __ \__  __ \_  / / /_  /___  ____/_  ___/             #
 #              __  / / /_  /_/ /  / / /_  __/_  __/  _____ \              #
 #              _  /_/ /_  _, _// /_/ / / /_ _  /___  ____/ /              #
 #              /_____/ /_/ |_| \____/  \__/ /_____/  /____/               #
 #                                                                         #
  
 DRUtES is initializing, reading input files
 ---------------------------------------------------------------
 13hrs : 59min : 10.821s  -  2021/03/01    total number of parallel images is:                    1
 ---------------------------------------------------------------
 13hrs : 59min : 10.821s  -  2021/03/01    reading input files and allocating...
 ---------------------------------------------------------------
 13hrs : 59min : 10.865s  -  2021/03/01    number of nodes:                   61 number of elements:                   60
 ---------------------------------------------------------------
 13hrs : 59min : 10.869s  -  2021/03/01    analyzing mesh structure...
 ---------------------------------------------------------------
 13hrs : 59min : 10.875s  -  2021/03/01    DRUtES solves coupled water and heat flow considering freezing and melting
 ---------------------------------------------------------------
 13hrs : 59min : 10.876s  -  2021/03/01    making output files for observation time
 ---------------------------------------------------------------
 13hrs : 59min : 10.891s  -  2021/03/01    go 4 solving
 ---------------------------------------------------------------
 13hrs : 59min : 10.930s  -  2021/03/01    current simulation time:   1.0000000000000000 total iteration count:                    1
 ---------------------------------------------------------------
 13hrs : 59min : 48.575s  -  2021/03/01    making output files for observation time
 ---------------------------------------------------------------
 14hrs : 00min : 18.272s  -  2021/03/01    making output files for observation time
 ---------------------------------------------------------------
 14hrs : 00min : 35.805s  -  2021/03/01    making output files for observation time
 ---------------------------------------------------------------
 14hrs : 01min : 14.557s  -  2021/03/01    making output files for observation time
 ---------------------------------------------------------------
 14hrs : 04min : 06.459s  -  2021/03/01    making output files for observation time
 ---------------------------------------------------------------
 14hrs : 04min : 06.709s  -  2021/03/01    # real elapsed CPU time =   4.9338333333337987 min
 ---------------------------------------------------------------
 14hrs : 04min : 06.724s  -  2021/03/01    minimal adjusted time step was   1.0000000000000000
 ---------------------------------------------------------------
 14hrs : 04min : 06.724s  -  2021/03/01    F I N I S H E D !!!!!
 ---------------------------------------------------------------
 14hrs : 04min : 06.789s  -  2021/03/01    Peak RAM  consumption on image                    1 was:                    0 kB
