 #              _____________________  _______________________             #
 #              ___  __ \__  __ \_  / / /_  /___  ____/_  ___/             #
 #              __  / / /_  /_/ /  / / /_  __/_  __/  _____ \              #
 #              _  /_/ /_  _, _// /_/ / / /_ _  /___  ____/ /              #
 #              /_____/ /_/ |_| \____/  \__/ /_____/  /____/               #
 #                                                                         #
  
 DRUtES is initializing, reading input files
 ---------------------------------------------------------------
 14hrs : 35min : 01.826s  -  2021/02/03    total number of parallel images is:                    1
 ---------------------------------------------------------------
 14hrs : 35min : 01.827s  -  2021/02/03    reading input files and allocating...
 ---------------------------------------------------------------
 14hrs : 35min : 01.829s  -  2021/02/03    number of nodes:                   61 number of elements:                   60
 ---------------------------------------------------------------
 14hrs : 35min : 01.832s  -  2021/02/03    analyzing mesh structure...
 ---------------------------------------------------------------
 14hrs : 35min : 01.841s  -  2021/02/03    DRUtES solves coupled water and heat flow considering freezing and melting
 ---------------------------------------------------------------
 14hrs : 35min : 01.842s  -  2021/02/03    making output files for observation time
 ---------------------------------------------------------------
 14hrs : 35min : 01.860s  -  2021/02/03    go 4 solving
 ---------------------------------------------------------------
 14hrs : 35min : 01.957s  -  2021/02/03    current simulation time:   1.0000000000000000 total iteration count:                    2
 ---------------------------------------------------------------
 14hrs : 36min : 11.369s  -  2021/02/03    making output files for observation time
 ---------------------------------------------------------------
 14hrs : 36min : 52.478s  -  2021/02/03    making output files for observation time
 ---------------------------------------------------------------
 14hrs : 37min : 16.503s  -  2021/02/03    making output files for observation time
 ---------------------------------------------------------------
 14hrs : 37min : 49.312s  -  2021/02/03    making output files for observation time
 ---------------------------------------------------------------
 14hrs : 39min : 52.014s  -  2021/02/03    making output files for observation time
 ---------------------------------------------------------------
 14hrs : 39min : 52.141s  -  2021/02/03    # real elapsed CPU time =   4.8338333333333141 min
 ---------------------------------------------------------------
 14hrs : 39min : 52.147s  -  2021/02/03    minimal adjusted time step was  0.29177983775626420
 ---------------------------------------------------------------
 14hrs : 39min : 52.147s  -  2021/02/03    F I N I S H E D !!!!!
 ---------------------------------------------------------------
 14hrs : 39min : 52.172s  -  2021/02/03    Peak RAM  consumption on image                    1 was:                    0 kB
