 #              _____________________  _______________________             #
 #              ___  __ \__  __ \_  / / /_  /___  ____/_  ___/             #
 #              __  / / /_  /_/ /  / / /_  __/_  __/  _____ \              #
 #              _  /_/ /_  _, _// /_/ / / /_ _  /___  ____/ /              #
 #              /_____/ /_/ |_| \____/  \__/ /_____/  /____/               #
 #                                                                         #
  
 DRUtES is initializing, reading input files
 ---------------------------------------------------------------
 13hrs : 24min : 37.732s  -  2021/03/01    total number of parallel images is:                    1
 ---------------------------------------------------------------
 13hrs : 24min : 37.736s  -  2021/03/01    reading input files and allocating...
 ---------------------------------------------------------------
 13hrs : 24min : 37.738s  -  2021/03/01    number of nodes:                   61 number of elements:                   60
 ---------------------------------------------------------------
 13hrs : 24min : 37.743s  -  2021/03/01    analyzing mesh structure...
 ---------------------------------------------------------------
 13hrs : 24min : 37.748s  -  2021/03/01    DRUtES solves coupled water and heat flow considering freezing and melting
 ---------------------------------------------------------------
 13hrs : 24min : 37.752s  -  2021/03/01    making output files for observation time
 ---------------------------------------------------------------
 13hrs : 24min : 37.792s  -  2021/03/01    go 4 solving
 ---------------------------------------------------------------
 13hrs : 24min : 37.868s  -  2021/03/01    current simulation time:   1.0000000000000000 total iteration count:                    1
 ---------------------------------------------------------------
 13hrs : 25min : 30.370s  -  2021/03/01    making output files for observation time
 ---------------------------------------------------------------
 13hrs : 26min : 02.032s  -  2021/03/01    making output files for observation time
 ---------------------------------------------------------------
 13hrs : 26min : 18.926s  -  2021/03/01    making output files for observation time
 ---------------------------------------------------------------
 13hrs : 26min : 57.616s  -  2021/03/01    making output files for observation time
 ---------------------------------------------------------------
 13hrs : 29min : 25.218s  -  2021/03/01    making output files for observation time
 ---------------------------------------------------------------
 13hrs : 29min : 25.501s  -  2021/03/01    # real elapsed CPU time =   4.8005000000004658 min
 ---------------------------------------------------------------
 13hrs : 29min : 25.511s  -  2021/03/01    minimal adjusted time step was   1.0000000000000000
 ---------------------------------------------------------------
 13hrs : 29min : 25.511s  -  2021/03/01    F I N I S H E D !!!!!
 ---------------------------------------------------------------
 13hrs : 29min : 25.614s  -  2021/03/01    Peak RAM  consumption on image                    1 was:                    0 kB
