 #              _____________________  _______________________             #
 #              ___  __ \__  __ \_  / / /_  /___  ____/_  ___/             #
 #              __  / / /_  /_/ /  / / /_  __/_  __/  _____ \              #
 #              _  /_/ /_  _, _// /_/ / / /_ _  /___  ____/ /              #
 #              /_____/ /_/ |_| \____/  \__/ /_____/  /____/               #
 #                                                                         #
  
 DRUtES is initializing, reading input files
 ---------------------------------------------------------------
 13hrs : 14min : 39.827s  -  2021/03/01    total number of parallel images is:                    1
 ---------------------------------------------------------------
 13hrs : 14min : 39.828s  -  2021/03/01    reading input files and allocating...
 ---------------------------------------------------------------
 13hrs : 14min : 39.829s  -  2021/03/01    number of nodes:                   61 number of elements:                   60
 ---------------------------------------------------------------
 13hrs : 14min : 39.833s  -  2021/03/01    analyzing mesh structure...
 ---------------------------------------------------------------
 13hrs : 14min : 39.849s  -  2021/03/01    DRUtES solves coupled water and heat flow considering freezing and melting
 ---------------------------------------------------------------
 13hrs : 14min : 39.850s  -  2021/03/01    making output files for observation time
 ---------------------------------------------------------------
 13hrs : 14min : 39.869s  -  2021/03/01    go 4 solving
 ---------------------------------------------------------------
 13hrs : 14min : 39.912s  -  2021/03/01    current simulation time:   1.0000000000000000 total iteration count:                    1
 ---------------------------------------------------------------
 13hrs : 15min : 15.876s  -  2021/03/01    making output files for observation time
 ---------------------------------------------------------------
 13hrs : 15min : 49.194s  -  2021/03/01    making output files for observation time
 ---------------------------------------------------------------
 13hrs : 16min : 08.185s  -  2021/03/01    making output files for observation time
 ---------------------------------------------------------------
 13hrs : 16min : 51.132s  -  2021/03/01    making output files for observation time
 ---------------------------------------------------------------
 13hrs : 19min : 34.162s  -  2021/03/01    making output files for observation time
 ---------------------------------------------------------------
 13hrs : 19min : 34.348s  -  2021/03/01    # real elapsed CPU time =   4.9005000000004655 min
 ---------------------------------------------------------------
 13hrs : 19min : 34.354s  -  2021/03/01    minimal adjusted time step was   1.0000000000000000
 ---------------------------------------------------------------
 13hrs : 19min : 34.354s  -  2021/03/01    F I N I S H E D !!!!!
 ---------------------------------------------------------------
 13hrs : 19min : 34.382s  -  2021/03/01    Peak RAM  consumption on image                    1 was:                    0 kB
