 #              _____________________  _______________________             #
 #              ___  __ \__  __ \_  / / /_  /___  ____/_  ___/             #
 #              __  / / /_  /_/ /  / / /_  __/_  __/  _____ \              #
 #              _  /_/ /_  _, _// /_/ / / /_ _  /___  ____/ /              #
 #              /_____/ /_/ |_| \____/  \__/ /_____/  /____/               #
 #                                                                         #
  
 DRUtES is initializing, reading input files
 ---------------------------------------------------------------
 17hrs : 37min : 40.326s  -  2020/12/10    total number of parallel images is:                    1
 ---------------------------------------------------------------
 17hrs : 37min : 40.327s  -  2020/12/10    reading input files and allocating...
 ---------------------------------------------------------------
 17hrs : 37min : 40.330s  -  2020/12/10    number of nodes:                   61 number of elements:                   60
 ---------------------------------------------------------------
 17hrs : 37min : 40.334s  -  2020/12/10    analyzing mesh structure...
 ---------------------------------------------------------------
 17hrs : 37min : 40.347s  -  2020/12/10    DRUtES solves coupled water and heat flow considering freezing and melting
 ---------------------------------------------------------------
 17hrs : 37min : 40.348s  -  2020/12/10    making output files for observation time
 ---------------------------------------------------------------
 17hrs : 37min : 40.368s  -  2020/12/10    go 4 solving
 ---------------------------------------------------------------
 17hrs : 37min : 40.462s  -  2020/12/10    current simulation time:   1.0000000000000000 total iteration count:                    2
 ---------------------------------------------------------------
 17hrs : 38min : 03.947s  -  2020/12/10    making output files for observation time
 ---------------------------------------------------------------
 17hrs : 38min : 30.325s  -  2020/12/10    making output files for observation time
 ---------------------------------------------------------------
 17hrs : 38min : 52.381s  -  2020/12/10    making output files for observation time
 ---------------------------------------------------------------
 17hrs : 39min : 34.119s  -  2020/12/10    making output files for observation time
 ---------------------------------------------------------------
 17hrs : 41min : 20.112s  -  2020/12/10    making output files for observation time
 ---------------------------------------------------------------
 17hrs : 41min : 20.320s  -  2020/12/10    # real elapsed CPU time =   3.6670000000003102 min
 ---------------------------------------------------------------
 17hrs : 41min : 20.327s  -  2020/12/10    minimal adjusted time step was  0.91011600000000015
 ---------------------------------------------------------------
 17hrs : 41min : 20.327s  -  2020/12/10    F I N I S H E D !!!!!
 ---------------------------------------------------------------
 17hrs : 41min : 20.356s  -  2020/12/10    Peak RAM  consumption on image                    1 was:                    0 kB
