 #              _____________________  _______________________             #
 #              ___  __ \__  __ \_  / / /_  /___  ____/_  ___/             #
 #              __  / / /_  /_/ /  / / /_  __/_  __/  _____ \              #
 #              _  /_/ /_  _, _// /_/ / / /_ _  /___  ____/ /              #
 #              /_____/ /_/ |_| \____/  \__/ /_____/  /____/               #
 #                                                                         #
  
 DRUtES is initializing, reading input files
 ---------------------------------------------------------------
 14hrs : 55min : 47.174s  -  2020/12/14    total number of parallel images is:                    1
 ---------------------------------------------------------------
 14hrs : 55min : 47.176s  -  2020/12/14    reading input files and allocating...
 ---------------------------------------------------------------
 14hrs : 55min : 47.179s  -  2020/12/14    number of nodes:                   61 number of elements:                   60
 ---------------------------------------------------------------
 14hrs : 55min : 47.185s  -  2020/12/14    analyzing mesh structure...
 ---------------------------------------------------------------
 14hrs : 55min : 47.193s  -  2020/12/14    DRUtES solves coupled water and heat flow considering freezing and melting
 ---------------------------------------------------------------
 14hrs : 55min : 47.194s  -  2020/12/14    making output files for observation time
 ---------------------------------------------------------------
 14hrs : 55min : 47.221s  -  2020/12/14    go 4 solving
 ---------------------------------------------------------------
 14hrs : 55min : 47.360s  -  2020/12/14    current simulation time:   1.0000000000000000 total iteration count:                    2
 ---------------------------------------------------------------
 14hrs : 56min : 10.325s  -  2020/12/14    making output files for observation time
 ---------------------------------------------------------------
 14hrs : 56min : 22.481s  -  2020/12/14    making output files for observation time
 ---------------------------------------------------------------
 14hrs : 56min : 34.178s  -  2020/12/14    making output files for observation time
 ---------------------------------------------------------------
 14hrs : 56min : 50.226s  -  2020/12/14    making output files for observation time
 ---------------------------------------------------------------
 14hrs : 56min : 50.257s  -  2020/12/14    making output files for observation time
 ---------------------------------------------------------------
 14hrs : 56min : 50.392s  -  2020/12/14    # real elapsed CPU time =   1.0666666666666667 min
 ---------------------------------------------------------------
 14hrs : 56min : 50.398s  -  2020/12/14    minimal adjusted time step was  0.91011600000000015
 ---------------------------------------------------------------
 14hrs : 56min : 50.398s  -  2020/12/14    F I N I S H E D !!!!!
 ---------------------------------------------------------------
 14hrs : 56min : 50.425s  -  2020/12/14    Peak RAM  consumption on image                    1 was:                    0 kB
