                  121                  121                  540
                    1                    1  -3.0752476775339816E-005
                    1                    2   3.3400562304168462E-007
                    1                   62  -4.7735830755097707E-006
                    1                   63   2.8388450220071986E-007
                    2                    1   3.3400562304168462E-007
                    2                    2  -6.3420958754463894E-005
                    2                    3   3.7329162208750870E-007
                    2                   62   2.8388450220071986E-007
                    2                   63  -8.7519193083639946E-007
                    2                   64   2.1040939316629634E-008
                    3                    2   3.7329162208750870E-007
                    3                    3  -6.3500302045627061E-005
                    3                    4   4.0084703656517722E-007
                    3                   63   2.1040939316629634E-008
                    3                   64  -4.5368927474741956E-008
                    3                   65   2.4327988158112319E-008
                    4                    3   4.0084703656517722E-007
                    4                    4  -6.3614965205287824E-005
                    4                    5   4.1790526776107382E-007
                    4                   64   2.4327988158112319E-008
                    4                   65  -5.0818669036245880E-008
                    4                   66   2.6490680878133561E-008
                    5                    4   4.1790526776107382E-007
                    5                    5  -6.3689639940167961E-005
                    5                    6   4.2734214986914837E-007
                    5                   65   2.6490680878133561E-008
                    5                   66  -5.4205567553979340E-008
                    5                   67   2.7714886675845779E-008
                    6                    5   4.2734214986914837E-007
                    6                    6  -6.3733783607405642E-005
                    6                    7   4.3196580300840891E-007
                    6                   66   2.7714886675845779E-008
                    6                   67  -5.6036763624322086E-008
                    6                   68   2.8321876948476310E-008
                    7                    6   4.3196580300840891E-007
                    7                    7  -6.3755643884160022E-005
                    7                    8   4.3400889745790175E-007
                    7                   67   2.8321876948476310E-008
                    7                   68  -5.6913424498979497E-008
                    7                   69   2.8591547550503187E-008
                    8                    7   4.3400889745790175E-007
                    8                    8  -6.3765203865694044E-005
                    8                    9   4.3483458620298165E-007
                    8                   68   2.8591547550503187E-008
                    8                   69  -5.7292322220396263E-008
                    8                   70   2.8700774669893080E-008
                    9                    8   4.3483458620298165E-007
                    9                    9  -6.3768996611276256E-005
                    9                   10   4.3514319199493739E-007
                    9                   69   2.8700774669893080E-008
                    9                   70  -5.7442408229206954E-008
                    9                   71   2.8741633559313873E-008
                   10                    9   4.3514319199493739E-007
                   10                   10  -6.3770385203907177E-005
                   10                   11   4.3525081903536240E-007
                   10                   70   2.8741633559313873E-008
                   10                   71  -5.7497521024704681E-008
                   10                   72   2.8755887465390811E-008
                   11                   10   4.3525081903536240E-007
                   11                   11  -6.3770859840193411E-005
                   11                   12   4.3528609908520570E-007
                   11                   71   2.8755887465390811E-008
                   11                   72  -5.7516447809713335E-008
                   11                   73   2.8760560344322523E-008
                   12                   11   4.3528609908520570E-007
                   12                   12  -6.3771012568248413E-005
                   12                   13   4.3529703556896149E-007
                   12                   72   2.8760560344322523E-008
                   12                   73  -5.7522569281391164E-008
                   12                   74   2.8762008937068644E-008
                   13                   12   4.3529703556896149E-007
                   13                   13  -6.3771059127379611E-005
                   13                   14   4.3530025840505795E-007
                   13                   73   2.8762008937068644E-008
                   13                   74  -5.7524444758928341E-008
                   13                   75   2.8762435821859700E-008
                   14                   13   4.3530025840505795E-007
                   14                   14  -6.3771072643678816E-005
                   14                   15   4.3530116536148410E-007
                   14                   74   2.8762435821859700E-008
                   14                   75  -5.7524991776064458E-008
                   14                   76   2.8762555954204758E-008
                   15                   14   4.3530116536148410E-007
                   15                   15  -6.3771076396657280E-005
                   15                   16   4.3530141007475841E-007
                   15                   75   2.8762555954204758E-008
                   15                   76  -5.7525144322313176E-008
                   15                   77   2.8762588368108414E-008
                   16                   15   4.3530141007475841E-007
                   16                   16  -6.3771077397144246E-005
                   16                   17   4.3530147360571721E-007
                   16                   76   2.8762588368108414E-008
                   16                   77  -5.7525185151317337E-008
                   16                   78   2.8762596783208923E-008
                   17                   16   4.3530147360571721E-007
                   17                   17  -6.3771077654078124E-005
                   17                   18   4.3530148952534353E-007
                   17                   77   2.8762596783208923E-008
                   17                   78  -5.7525195675079065E-008
                   17                   79   2.8762598891870142E-008
                   18                   17   4.3530148952534353E-007
                   18                   18  -6.3771077717831258E-005
                   18                   19   4.3530149338649388E-007
                   18                   78   2.8762598891870142E-008
                   18                   79  -5.7525198295175018E-008
                   18                   80   2.8762599403304877E-008
                   19                   18   4.3530149338649388E-007
                   19                   19  -6.3771077733156754E-005
                   19                   20   4.3530149429519395E-007
                   19                   79   2.8762599403304877E-008
                   19                   80  -5.7525198926973545E-008
                   19                   81   2.8762599523668672E-008
                   20                   19   4.3530149429519395E-007
                   20                   20  -6.3771077736734472E-005
                   20                   21   4.3530149450317966E-007
                   20                   80   2.8762599523668672E-008
                   20                   81  -5.7525199074886469E-008
                   20                   82   2.8762599551217797E-008
                   21                   20   4.3530149450317966E-007
                   21                   21  -6.3771077737547177E-005
                   21                   22   4.3530149454957129E-007
                   21                   81   2.8762599551217797E-008
                   21                   82  -5.7525199108580427E-008
                   21                   83   2.8762599557362630E-008
                   22                   21   4.3530149454957129E-007
                   22                   22  -6.3771077737727208E-005
                   22                   23   4.3530149455967168E-007
                   22                   82   2.8762599557362630E-008
                   22                   83  -5.7525199116063248E-008
                   22                   84   2.8762599558700618E-008
                   23                   22   4.3530149455967168E-007
                   23                   23  -6.3771077737766267E-005
                   23                   24   4.3530149456182590E-007
                   23                   83   2.8762599558700618E-008
                   23                   84  -5.7525199117686375E-008
                   23                   85   2.8762599558985757E-008
                   24                   23   4.3530149456182590E-007
                   24                   24  -6.3771077737774398E-005
                   24                   25   4.3530149456227509E-007
                   24                   84   2.8762599558985757E-008
                   24                   85  -5.7525199118030998E-008
                   24                   86   2.8762599559045245E-008
                   25                   24   4.3530149456227509E-007
                   25                   25  -6.3771077737776106E-005
                   25                   26   4.3530149456236514E-007
                   25                   85   2.8762599559045245E-008
                   25                   86  -5.7525199118102513E-008
                   25                   87   2.8762599559057268E-008
                   26                   25   4.3530149456236514E-007
                   26                   26  -6.3771077737776567E-005
                   26                   27   4.3530149456238234E-007
                   26                   86   2.8762599559057268E-008
                   26                   87  -5.7525199118116906E-008
                   26                   88   2.8762599559059634E-008
                   27                   26   4.3530149456238234E-007
                   27                   27  -6.3771077737776621E-005
                   27                   28   4.3530149456238568E-007
                   27                   87   2.8762599559059634E-008
                   27                   88  -5.7525199118119725E-008
                   27                   89   2.8762599559060088E-008
                   28                   27   4.3530149456238568E-007
                   28                   28  -6.3771077737776634E-005
                   28                   29   4.3530149456238647E-007
                   28                   88   2.8762599559060088E-008
                   28                   89  -5.7525199118120294E-008
                   28                   90   2.8762599559060207E-008
                   29                   28   4.3530149456238647E-007
                   29                   29  -6.3771077737776458E-005
                   29                   30   4.3530149456239118E-007
                   29                   89   2.8762599559060207E-008
                   29                   90  -5.7525199118120731E-008
                   29                   91   2.8762599559060521E-008
                   30                   29   4.3530149456239118E-007
                   30                   30  -6.3771077737776458E-005
                   30                   31   4.3530149456238870E-007
                   30                   90   2.8762599559060521E-008
                   30                   91  -5.7525199118120876E-008
                   30                   92   2.8762599559060359E-008
                   31                   30   4.3530149456238870E-007
                   31                   31  -6.3771077737776621E-005
                   31                   32   4.3530149456238647E-007
                   31                   91   2.8762599559060359E-008
                   31                   92  -5.7525199118120565E-008
                   31                   93   2.8762599559060207E-008
                   32                   31   4.3530149456238647E-007
                   32                   32  -6.3771077737776634E-005
                   32                   33   4.3530149456238647E-007
                   32                   92   2.8762599559060207E-008
                   32                   93  -5.7525199118120413E-008
                   32                   94   2.8762599559060207E-008
                   33                   32   4.3530149456238647E-007
                   33                   33  -6.3771077737776634E-005
                   33                   34   4.3530149456238647E-007
                   33                   93   2.8762599559060207E-008
                   33                   94  -5.7525199118120413E-008
                   33                   95   2.8762599559060207E-008
                   34                   33   4.3530149456238647E-007
                   34                   34  -6.3771077737776621E-005
                   34                   35   4.3530149456238647E-007
                   34                   94   2.8762599559060207E-008
                   34                   95  -5.7525199118120413E-008
                   34                   96   2.8762599559060207E-008
                   35                   34   4.3530149456238647E-007
                   35                   35  -6.3771077737776621E-005
                   35                   36   4.3530149456238647E-007
                   35                   95   2.8762599559060207E-008
                   35                   96  -5.7525199118120413E-008
                   35                   97   2.8762599559060207E-008
                   36                   35   4.3530149456238647E-007
                   36                   36  -6.3771077737776445E-005
                   36                   37   4.3530149456238886E-007
                   36                   96   2.8762599559060207E-008
                   36                   97  -5.7525199118120572E-008
                   36                   98   2.8762599559060369E-008
                   37                   36   4.3530149456238886E-007
                   37                   37  -6.3771077737776472E-005
                   37                   38   4.3530149456238647E-007
                   37                   97   2.8762599559060369E-008
                   37                   98  -5.7525199118120559E-008
                   37                   99   2.8762599559060193E-008
                   38                   37   4.3530149456238647E-007
                   38                   38  -6.3771077737776702E-005
                   38                   39   4.3530149456238647E-007
                   38                   98   2.8762599559060193E-008
                   38                   99  -5.7525199118120380E-008
                   38                  100   2.8762599559060187E-008
                   39                   38   4.3530149456238647E-007
                   39                   39  -6.3771077737776675E-005
                   39                   40   4.3530149456238647E-007
                   39                   99   2.8762599559060187E-008
                   39                  100  -5.7525199118120393E-008
                   39                  101   2.8762599559060207E-008
                   40                   39   4.3530149456238647E-007
                   40                   40  -6.3771077737776675E-005
                   40                   41   4.3530149456238647E-007
                   40                  100   2.8762599559060207E-008
                   40                  101  -5.7525199118120393E-008
                   40                  102   2.8762599559060187E-008
                   41                   40   4.3530149456238647E-007
                   41                   41  -6.3771077737776702E-005
                   41                   42   4.3530149456238790E-007
                   41                  101   2.8762599559060187E-008
                   41                  102  -5.7525199118120479E-008
                   41                  103   2.8762599559060293E-008
                   42                   41   4.3530149456238790E-007
                   42                   42  -6.3771077737776458E-005
                   42                   43   4.3530149456238886E-007
                   42                  102   2.8762599559060293E-008
                   42                  103  -5.7525199118120651E-008
                   42                  104   2.8762599559060362E-008
                   43                   42   4.3530149456238886E-007
                   43                   43  -6.3771077737776485E-005
                   43                   44   4.3530149456238886E-007
                   43                  103   2.8762599559060362E-008
                   43                  104  -5.7525199118120691E-008
                   43                  105   2.8762599559060329E-008
                   44                   43   4.3530149456238886E-007
                   44                   44  -6.3771077737776702E-005
                   44                   45   4.3530149456238886E-007
                   44                  104   2.8762599559060329E-008
                   44                  105  -5.7525199118120665E-008
                   44                  106   2.8762599559060336E-008
                   45                   44   4.3530149456238886E-007
                   45                   45  -6.3771077737776689E-005
                   45                   46   4.3530149456238653E-007
                   45                  105   2.8762599559060336E-008
                   45                  106  -5.7525199118120526E-008
                   45                  107   2.8762599559060190E-008
                   46                   45   4.3530149456238653E-007
                   46                   46  -6.3771077737776675E-005
                   46                   47   4.3530149456238647E-007
                   46                  106   2.8762599559060190E-008
                   46                  107  -5.7525199118120393E-008
                   46                  108   2.8762599559060203E-008
                   47                   46   4.3530149456238647E-007
                   47                   47  -6.3771077737776662E-005
                   47                   48   4.3530149456238647E-007
                   47                  107   2.8762599559060203E-008
                   47                  108  -5.7525199118120413E-008
                   47                  109   2.8762599559060207E-008
                   48                   47   4.3530149456238647E-007
                   48                   48  -6.3771077737776485E-005
                   48                   49   4.3530149456238886E-007
                   48                  108   2.8762599559060207E-008
                   48                  109  -5.7525199118120572E-008
                   48                  110   2.8762599559060362E-008
                   49                   48   4.3530149456238886E-007
                   49                   49  -6.3771077737776485E-005
                   49                   50   4.3530149456238647E-007
                   49                  109   2.8762599559060362E-008
                   49                  110  -5.7525199118120572E-008
                   49                  111   2.8762599559060207E-008
                   50                   49   4.3530149456238647E-007
                   50                   50  -6.3771077737776634E-005
                   50                   51   4.3530149456239028E-007
                   50                  110   2.8762599559060207E-008
                   50                  111  -5.7525199118120665E-008
                   50                  112   2.8762599559060461E-008
                   51                   50   4.3530149456239028E-007
                   51                   51  -6.3771077737776621E-005
                   51                   52   4.3530149456238790E-007
                   51                  111   2.8762599559060461E-008
                   51                  112  -5.7525199118120771E-008
                   51                  113   2.8762599559060306E-008
                   52                   51   4.3530149456238790E-007
                   52                   52  -6.3771077737776648E-005
                   52                   53   4.3530149456238647E-007
                   52                  112   2.8762599559060306E-008
                   52                  113  -5.7525199118120513E-008
                   52                  114   2.8762599559060207E-008
                   53                   52   4.3530149456238647E-007
                   53                   53  -6.3771077737776675E-005
                   53                   54   4.3530149456238790E-007
                   53                  113   2.8762599559060207E-008
                   53                  114  -5.7525199118120493E-008
                   53                  115   2.8762599559060289E-008
                   54                   53   4.3530149456238790E-007
                   54                   54  -6.3771077737776689E-005
                   54                   55   4.3530149456238790E-007
                   54                  114   2.8762599559060289E-008
                   54                  115  -5.7525199118120585E-008
                   54                  116   2.8762599559060293E-008
                   55                   54   4.3530149456238790E-007
                   55                   55  -6.3771077737776662E-005
                   55                   56   4.3530149456238647E-007
                   55                  115   2.8762599559060293E-008
                   55                  116  -5.7525199118120499E-008
                   55                  117   2.8762599559060207E-008
                   56                   55   4.3530149456238647E-007
                   56                   56  -6.3771077737776621E-005
                   56                   57   4.3530149456238647E-007
                   56                  116   2.8762599559060207E-008
                   56                  117  -5.7525199118120413E-008
                   56                  118   2.8762599559060207E-008
                   57                   56   4.3530149456238647E-007
                   57                   57  -6.3771077737776648E-005
                   57                   58   4.3530149456238647E-007
                   57                  117   2.8762599559060207E-008
                   57                  118  -5.7525199118120413E-008
                   57                  119   2.8762599559060203E-008
                   58                   57   4.3530149456238647E-007
                   58                   58  -6.3771077737776323E-005
                   58                   59   4.3530149456239134E-007
                   58                  118   2.8762599559060203E-008
                   58                  119  -5.7525199118120718E-008
                   58                  120   2.8762599559060511E-008
                   59                   58   4.3530149456239134E-007
                   59                   59  -6.3771077737776309E-005
                   59                   60   4.3530149456238790E-007
                   59                  119   2.8762599559060511E-008
                   59                  120  -5.7525199118120824E-008
                   59                  121   2.8762599559060309E-008
                   60                   59   4.3530149456238790E-007
                   60                   60  -6.3771077737776621E-005
                   60                   61   4.3530149456238870E-007
                   60                  120   2.8762599559060309E-008
                   60                  121  -5.7525199118120665E-008
                   61                   60   4.3530149456238870E-007
                   61                   61  -3.1885538868888310E-005
                   61                  121   2.8762599559060359E-008
                   62                    1   26519.851738980291     
                   62                   62  -21082.493042760565     
                   62                   63   980.12117592026584     
                   63                    2   3368.4628269606924     
                   63                   62   975.53641525680723     
                   63                   63  -13730.644525435084     
                   63                   64   965.71992677070773     
                   64                   63   965.55899903659156     
                   64                   64  -11791.372838702006     
                   64                   65   965.83496017975119     
                   65                   64   965.71209728168333     
                   65                   65  -11792.630069394141     
                   65                   66   965.84467522358284     
                   66                   65   965.76602642330113     
                   66                   66  -11793.376093065126     
                   66                   67   965.83969663338974     
                   67                   66   965.79762438421778     
                   67                   67  -11793.839081149352     
                   67                   68   965.83048719818828     
                   68                   67   965.81087728136276     
                   68                   68  -11794.069172960208     
                   68                   69   965.82368943927463     
                   69                   68   965.81548918838962     
                   69                   69  -11794.168882915645     
                   69                   70   965.81999788191183     
                   70                   69   965.81685929588571     
                   70                   70  -11794.207889097233     
                   70                   71   965.81831657094574     
                   71                   70   965.81720203552641     
                   71                   71  -11794.221947897633     
                   71                   72   965.81763945198020     
                   72                   71   965.81726871138392     
                   72                   72  -11794.226678941624     
                   72                   73   965.81739156436618     
                   73                   72   965.81727520406935     
                   73                   73  -11794.228179005406     
                   73                   74   965.81730766099645     
                   74                   73   965.81727300123384     
                   74                   74  -11794.228630119665     
                   74                   75   965.81728109651101     
                   75                   74   965.81727125052942     
                   75                   75  -11794.228759462043     
                   75                   76   965.81727316082174     
                   76                   75   965.81727048201310     
                   76                   76  -11794.228794971168     
                   76                   77   965.81727090877837     
                   77                   76   965.81727020815811     
                   77                   77  -11794.228804340117     
                   77                   78   965.81727029829710     
                   78                   77   965.81727012156978     
                   78                   78  -11794.228806723568     
                   78                   79   965.81727013949580     
                   79                   78   965.81727009637677     
                   79                   79  -11794.228807309879     
                   79                   80   965.81727009970473     
                   80                   79   965.81727008950202     
                   80                   80  -11794.228807449708     
                   80                   81   965.81727009006408     
                   81                   80   965.81727008771747     
                   81                   81  -11794.228807482128     
                   81                   82   965.81727008780126     
                   82                   81   965.81727008727557     
                   82                   82  -11794.228807489428     
                   82                   83   965.81727008728728     
                   83                   82   965.81727008717223     
                   83                   83  -11794.228807491039     
                   83                   84   965.81727008716985     
                   84                   83   965.81727008714529     
                   84                   84  -11794.228807491396     
                   84                   85   965.81727008714518     
                   85                   84   965.81727008714006     
                   85                   85  -11794.228807491456     
                   85                   86   965.81727008714222     
                   86                   85   965.81727008714120     
                   86                   86  -11794.228807491469     
                   86                   87   965.81727008713870     
                   87                   86   965.81727008713847     
                   87                   87  -11794.228807491487     
                   87                   88   965.81727008713858     
                   88                   87   965.81727008713858     
                   88                   88  -11794.228807491487     
                   88                   89   965.81727008713847     
                   89                   88   965.81727008713847     
                   89                   89  -11794.228807491487     
                   89                   90   965.81727008713847     
                   90                   89   965.81727008713847     
                   90                   90  -11794.228807491465     
                   90                   91   965.81727008714370     
                   91                   90   965.81727008714370     
                   91                   91  -11794.228807491465     
                   91                   92   965.81727008713847     
                   92                   91   965.81727008713847     
                   92                   92  -11794.228807491487     
                   92                   93   965.81727008713847     
                   93                   92   965.81727008713847     
                   93                   93  -11794.228807491487     
                   93                   94   965.81727008713847     
                   94                   93   965.81727008713847     
                   94                   94  -11794.228807491487     
                   94                   95   965.81727008713847     
                   95                   94   965.81727008713847     
                   95                   95  -11794.228807491487     
                   95                   96   965.81727008713847     
                   96                   95   965.81727008713847     
                   96                   96  -11794.228807491487     
                   96                   97   965.81727008713847     
                   97                   96   965.81727008713847     
                   97                   97  -11794.228807491465     
                   97                   98   965.81727008714370     
                   98                   97   965.81727008714370     
                   98                   98  -11794.228807491465     
                   98                   99   965.81727008713847     
                   99                   98   965.81727008713847     
                   99                   99  -11794.228807491489     
                   99                  100   965.81727008713847     
                  100                   99   965.81727008713847     
                  100                  100  -11794.228807491487     
                  100                  101   965.81727008713847     
                  101                  100   965.81727008713847     
                  101                  101  -11794.228807491487     
                  101                  102   965.81727008713847     
                  102                  101   965.81727008713847     
                  102                  102  -11794.228807491487     
                  102                  103   965.81727008713847     
                  103                  102   965.81727008713847     
                  103                  103  -11794.228807491465     
                  103                  104   965.81727008714370     
                  104                  103   965.81727008714370     
                  104                  104  -11794.228807491465     
                  104                  105   965.81727008713847     
                  105                  104   965.81727008713847     
                  105                  105  -11794.228807491489     
                  105                  106   965.81727008713847     
                  106                  105   965.81727008713847     
                  106                  106  -11794.228807491489     
                  106                  107   965.81727008713847     
                  107                  106   965.81727008713847     
                  107                  107  -11794.228807491487     
                  107                  108   965.81727008713847     
                  108                  107   965.81727008713847     
                  108                  108  -11794.228807491487     
                  108                  109   965.81727008713847     
                  109                  108   965.81727008713847     
                  109                  109  -11794.228807491465     
                  109                  110   965.81727008714370     
                  110                  109   965.81727008714370     
                  110                  110  -11794.228807491465     
                  110                  111   965.81727008713847     
                  111                  110   965.81727008713847     
                  111                  111  -11794.228807491487     
                  111                  112   965.81727008713847     
                  112                  111   965.81727008713847     
                  112                  112  -11794.228807491487     
                  112                  113   965.81727008713847     
                  113                  112   965.81727008713847     
                  113                  113  -11794.228807491487     
                  113                  114   965.81727008713847     
                  114                  113   965.81727008713847     
                  114                  114  -11794.228807491487     
                  114                  115   965.81727008713847     
                  115                  114   965.81727008713847     
                  115                  115  -11794.228807491489     
                  115                  116   965.81727008713847     
                  116                  115   965.81727008713847     
                  116                  116  -11794.228807491487     
                  116                  117   965.81727008713847     
                  117                  116   965.81727008713847     
                  117                  117  -11794.228807491487     
                  117                  118   965.81727008713847     
                  118                  117   965.81727008713847     
                  118                  118  -11794.228807491487     
                  118                  119   965.81727008713847     
                  119                  118   965.81727008713847     
                  119                  119  -11794.228807491443     
                  119                  120   965.81727008714915     
                  120                  119   965.81727008714915     
                  120                  120  -11794.228807491443     
                  120                  121   965.81727008713847     
                  121                  120   965.81727008713847     
                  121                  121  -11794.228807491487     
