                  121                  121                  548
                    1                    1  -5.2443396296025719E-005
                    1                    2   5.5653637744852709E-015
                    1                   62  -2.8598615305658604E-007
                    1                   63   7.3585502201399634E-013
                    2                    1   5.5653637744852709E-015
                    2                    2  -8.3256153561032410E-005
                    2                    3   1.0717820026870999E-014
                    2                   62   7.3585502201399634E-013
                    2                   63  -6.6815860675362405E-007
                    2                   64   1.4064037174250890E-012
                    3                    2   1.0717820026870999E-014
                    3                    3  -7.8420313601603424E-005
                    3                    4   2.2913420440548971E-014
                    3                   63   1.4064037174250890E-012
                    3                   64  -8.7769019995385026E-007
                    3                   65   2.9819204706395487E-012
                    4                    3   2.2913420440548971E-014
                    4                    4  -7.9274416736298817E-005
                    4                    5   5.9667354196686686E-014
                    4                   64   2.9819204706395487E-012
                    4                   65  -1.2291932025054325E-006
                    4                   66   7.6973903931323273E-012
                    5                    4   5.9667354196686686E-014
                    5                    5  -7.9587401755306332E-005
                    5                    6   2.1987394832156979E-013
                    5                   65   7.6973903931323273E-012
                    5                   66  -1.9038211526275961E-006
                    5                   67   2.8101279497711369E-011
                    6                    5   2.1987394832156979E-013
                    6                    6  -8.0058612031891054E-005
                    6                    7   1.8336542873046444E-012
                    6                   66   2.8101279497711369E-011
                    6                   67  -3.5927075983555054E-006
                    6                   68   2.3194239949297684E-010
                    7                    6   1.8336542873046444E-012
                    7                    7  -7.6262703151754022E-005
                    7                    8   3.0109201410388321E-009
                    7                   67   2.3194239949297684E-010
                    7                   68  -1.3377162690195264E-005
                    7                   69   2.6731398217155236E-007
                    8                    7   3.0109201410388321E-009
                    8                    8  -6.3620121632326462E-005
                    8                    9   4.0869158037769584E-006
                    8                   68   2.6731398217155236E-007
                    8                   69  -8.6671761536196405E-005
                    8                   70   3.8401731997165817E-005
                    9                    8   4.0869158037769584E-006
                    9                    9  -6.4894765818868409E-005
                    9                   10   1.3000674506753393E-005
                    9                   69   3.8401731997165817E-005
                    9                   70  -6.8672719533226765E-005
                    9                   71   8.1447369782181205E-006
                   10                    9   1.3000674506753393E-005
                   10                   10  -8.1070434910958058E-005
                   10                   11   1.5713791181062095E-005
                   10                   70   8.1447369782181205E-006
                   10                   71  -9.2975016486215218E-006
                   10                   72   8.4623252426668290E-007
                   11                   10   1.5713791181062095E-005
                   11                   11  -8.9484057239602868E-005
                   11                   12   1.7827597253913559E-005
                   11                   71   8.4623252426668290E-007
                   11                   72  -1.7854337909302224E-006
                   11                   73   9.3920126666353965E-007
                   12                   11   1.7827597253913559E-005
                   12                   12  -9.5525694449637990E-005
                   12                   13   1.9418481910502531E-005
                   12                   72   9.3920126666353965E-007
                   12                   73  -1.9524098098286829E-006
                   12                   74   1.0132085431651431E-006
                   13                   12   1.9418481910502531E-005
                   13                   13  -9.9856307751119633E-005
                   13                   14   2.0601879612172696E-005
                   13                   73   1.0132085431651431E-006
                   13                   74  -2.0862494458192064E-006
                   13                   75   1.0730409026540632E-006
                   14                   13   2.0601879612172696E-005
                   14                   14  -1.0294797088006035E-004
                   14                   15   2.1485748264283242E-005
                   14                   74   1.0730409026540632E-006
                   14                   75  -2.1956845941084836E-006
                   14                   76   1.1226436914544203E-006
                   15                   14   2.1485748264283242E-005
                   15                   15  -1.0517005631262635E-004
                   15                   16   2.2156760251331767E-005
                   15                   75   1.1226436914544203E-006
                   15                   76  -2.2876452385011520E-006
                   15                   77   1.1650015470467317E-006
                   16                   15   2.2156760251331767E-005
                   16                   16  -1.0679409872374631E-004
                   16                   17   2.2679791180098152E-005
                   16                   76   1.1650015470467317E-006
                   16                   77  -2.3672824845219893E-006
                   16                   78   1.2022809374752576E-006
                   17                   16   2.2679791180098152E-005
                   17                   17  -1.0801304456377301E-004
                   17                   18   2.3101466017707979E-005
                   17                   77   1.2022809374752576E-006
                   17                   78  -2.4382940944148047E-006
                   17                   79   1.2360131569395469E-006
                   18                   17   2.3101466017707979E-005
                   18                   18  -1.0896084190366553E-004
                   18                   19   2.3454336364774019E-005
                   18                   78   1.2360131569395469E-006
                   18                   79  -2.5032689795188166E-006
                   18                   80   1.2672558225792699E-006
                   19                   18   2.3454336364774019E-005
                   19                   19  -1.0972866968250849E-004
                   19                   20   2.3760582676980297E-005
                   19                   79   1.2672558225792699E-006
                   19                   80  -2.5639775278367430E-006
                   19                   81   1.2967217052574733E-006
                   20                   19   2.3760582676980297E-005
                   20                   20  -1.1037743296548161E-004
                   20                   21   2.4034980861508522E-005
                   20                   80   1.2967217052574733E-006
                   20                   81  -2.6215992785287008E-006
                   20                   82   1.3248775732712277E-006
                   21                   20   2.4034980861508522E-005
                   21                   21  -1.1094704317950922E-004
                   21                   22   2.4287157678686957E-005
                   21                   81   1.3248775732712277E-006
                   21                   82  -2.6768959132995986E-006
                   21                   83   1.3520183400283709E-006
                   22                   21   2.4287157678686957E-005
                   22                   22  -1.1146314120402035E-004
                   22                   23   2.4523244648310723E-005
                   22                   82   1.3520183400283709E-006
                   22                   83  -2.7303399309889399E-006
                   22                   84   1.3783215909605690E-006
                   23                   22   2.4523244648310723E-005
                   23                   23  -1.1194186103884311E-004
                   23                   24   2.4747055459225878E-005
                   23                   83   1.3783215909605690E-006
                   23                   84  -2.7822084472927948E-006
                   23                   85   1.4038868563322256E-006
                   24                   23   2.4747055459225878E-005
                   24                   24  -1.1239313214657690E-004
                   24                   25   2.4960902191813744E-005
                   24                   84   1.4038868563322256E-006
                   24                   85  -2.8326501420482349E-006
                   24                   86   1.4287632857160095E-006
                   25                   24   2.4960902191813744E-005
                   25                   25  -1.1282291934259626E-004
                   25                   26   2.5166147364928927E-005
                   25                   85   1.4287632857160095E-006
                   25                   86  -2.8817320059535315E-006
                   25                   87   1.4529687202375219E-006
                   26                   25   2.5166147364928927E-005
                   26                   26  -1.1323470966803608E-004
                   26                   27   2.5363568732763159E-005
                   26                   86   1.4529687202375219E-006
                   26                   87  -2.9294712699037023E-006
                   26                   88   1.4765025496661806E-006
                   27                   26   2.5363568732763159E-005
                   27                   27  -1.1363047886155797E-004
                   27                   28   2.5553595078230721E-005
                   27                   87   1.4765025496661806E-006
                   27                   88  -2.9758567439001750E-006
                   27                   89   1.4993541942339944E-006
                   28                   27   2.5553595078230721E-005
                   28                   28  -1.1401130687826000E-004
                   28                   29   2.5736455414787278E-005
                   28                   88   1.4993541942339944E-006
                   28                   89  -3.0208627756763434E-006
                   28                   90   1.5215085814423490E-006
                   29                   28   2.5736455414787278E-005
                   29                   29  -1.1437776217824999E-004
                   29                   30   2.5912271437650760E-005
                   29                   89   1.5215085814423490E-006
                   29                   90  -3.0644581865063688E-006
                   29                   91   1.5429496050640199E-006
                   30                   29   2.5912271437650760E-005
                   30                   30  -1.1473013696723276E-004
                   30                   31   2.6081113588975279E-005
                   30                   90   1.5429496050640199E-006
                   30                   91  -3.1066118610355531E-006
                   30                   92   1.5636622559715332E-006
                   31                   30   2.6081113588975279E-005
                   31                   31  -1.1506858830687667E-004
                   31                   32   2.6243034258403835E-005
                   31                   91   1.5636622559715332E-006
                   31                   92  -3.1472961491985689E-006
                   31                   93   1.5836338932270355E-006
                   32                   31   2.6243034258403835E-005
                   32                   32  -1.1539322089437576E-004
                   32                   33   2.6398086877249396E-005
                   32                   92   1.5836338932270355E-006
                   32                   93  -3.1864888589997394E-006
                   32                   94   1.6028549657727041E-006
                   33                   32   2.6398086877249396E-005
                   33                   33  -1.1570413432189660E-004
                   33                   34   2.6546336453671187E-005
                   33                   93   1.6028549657727041E-006
                   33                   94  -3.2241743516918466E-006
                   33                   95   1.6213193859191425E-006
                   34                   33   2.6546336453671187E-005
                   34                   34  -1.1600144904992343E-004
                   34                   35   2.6687864992218949E-005
                   34                   94   1.6213193859191425E-006
                   34                   95  -3.2603440686915928E-006
                   34                   96   1.6390246827724503E-006
                   35                   34   2.6687864992218949E-005
                   35                   35  -1.1628531980892968E-004
                   35                   36   2.6822773896910804E-005
                   35                   95   1.6390246827724503E-006
                   35                   96  -3.2949966989376438E-006
                   35                   97   1.6559720161651935E-006
                   36                   35   2.6822773896910804E-005
                   36                   36  -1.1655594167331965E-004
                   36                   37   2.6951184617494642E-005
                   36                   96   1.6559720161651935E-006
                   36                   97  -3.3281381175858707E-006
                   36                   98   1.6721661014206772E-006
                   37                   36   2.6951184617494642E-005
                   37                   37  -1.1681355191490787E-004
                   37                   38   2.7073238284760843E-005
                   37                   97   1.6721661014206772E-006
                   37                   98  -3.3597811778884205E-006
                   37                   99   1.6876150764677432E-006
                   38                   37   2.7073238284760843E-005
                   38                   38  -1.1705842945188051E-004
                   38                   39   2.7189094771617159E-005
                   38                   98   1.6876150764677432E-006
                   38                   99  -3.3899454077744418E-006
                   38                  100   1.7023303313066986E-006
                   39                   38   2.7189094771617159E-005
                   39                   39  -1.1729089294025125E-004
                   39                   40   2.7298931432748647E-005
                   39                   99   1.7023303313066986E-006
                   39                  100  -3.4186566441404159E-006
                   39                  101   1.7163263128337175E-006
                   40                   39   2.7298931432748647E-005
                   40                   40  -1.1751129810009819E-004
                   40                   41   2.7402941666066215E-005
                   40                  100   1.7163263128337175E-006
                   40                  101  -3.4459466265686783E-006
                   40                  102   1.7296203137349608E-006
                   41                   40   2.7402941666066215E-005
                   41                   41  -1.1772003459639373E-004
                   41                   42   2.7501333371443653E-005
                   41                  101   1.7296203137349608E-006
                   41                  102  -3.4718525651144591E-006
                   41                  103   1.7422322513794985E-006
                   42                   41   2.7501333371443653E-005
                   42                   42  -1.1791752262048925E-004
                   42                   43   2.7594327335597593E-005
                   42                  102   1.7422322513794985E-006
                   42                  103  -3.4964166919681000E-006
                   42                  104   1.7541844405886017E-006
                   43                   42   2.7594327335597593E-005
                   43                   43  -1.1810420918875638E-004
                   43                   44   2.7682155532157090E-005
                   43                  103   1.7541844405886017E-006
                   43                  104  -3.5196858028764744E-006
                   43                  105   1.7655013622878726E-006
                   44                   43   2.7682155532157090E-005
                   44                   44  -1.1828056405067039E-004
                   44                   45   2.7765059281916557E-005
                   44                  104   1.7655013622878726E-006
                   44                  105  -3.5417107901981759E-006
                   44                  106   1.7762094279103032E-006
                   45                   44   2.7765059281916557E-005
                   45                   45  -1.1844707494741968E-004
                   45                   46   2.7843287159702153E-005
                   45                  105   1.7762094279103032E-006
                   45                  106  -3.5625461644905722E-006
                   45                  107   1.7863367365802688E-006
                   46                   45   2.7843287159702153E-005
                   46                   46  -1.1860424175197970E-004
                   46                   47   2.7917092450165186E-005
                   46                  106   1.7863367365802688E-006
                   46                  107  -3.5822495546705250E-006
                   46                  108   1.7959128180902560E-006
                   47                   46   2.7917092450165186E-005
                   47                   47  -1.1875256871709622E-004
                   47                   48   2.7986729832428819E-005
                   47                  107   1.7959128180902560E-006
                   47                  108  -3.6008811670087648E-006
                   47                  109   1.8049683489185090E-006
                   48                   47   2.7986729832428819E-005
                   48                   48  -1.1889255361846280E-004
                   48                   49   2.8052450798419889E-005
                   48                  108   1.8049683489185090E-006
                   48                  109  -3.6185031692921376E-006
                   48                  110   1.8135348203736283E-006
                   49                   48   2.8052450798419889E-005
                   49                   49  -1.1902467196332108E-004
                   49                   50   2.8114497067238561E-005
                   49                  109   1.8135348203736283E-006
                   49                  110  -3.6351789470929639E-006
                   49                  111   1.8216441267193354E-006
                   50                   49   2.8114497067238561E-005
                   50                   50  -1.1914935360040206E-004
                   50                   51   2.8173090936215300E-005
                   50                  110   1.8216441267193354E-006
                   50                  111  -3.6509721529881068E-006
                   50                  112   1.8293280262687714E-006
                   51                   50   2.8173090936215300E-005
                   51                   51  -1.1926694799370337E-004
                   51                   52   2.8228421105502243E-005
                   51                  111   1.8293280262687714E-006
                   51                  112  -3.6659454360376167E-006
                   51                  113   1.8366174097688453E-006
                   52                   51   2.8228421105502243E-005
                   52                   52  -1.1937767312853755E-004
                   52                   53   2.8280622042638095E-005
                   52                  112   1.8366174097688453E-006
                   52                  113  -3.6801586983213141E-006
                   52                  114   1.8435412885524691E-006
                   53                   52   2.8280622042638095E-005
                   53                   53  -1.1948154159489372E-004
                   53                   54   2.8329744462911012E-005
                   53                  113   1.8435412885524691E-006
                   53                  114  -3.6936666804615348E-006
                   53                  115   1.8501253919090660E-006
                   54                   53   2.8329744462911012E-005
                   54                   54  -1.1957825604554697E-004
                   54                   55   2.8375714083210614E-005
                   54                  114   1.8501253919090660E-006
                   54                  115  -3.7065156348567935E-006
                   54                  116   1.8563902429477275E-006
                   55                   54   2.8375714083210614E-005
                   55                   55  -1.1966706531631543E-004
                   55                   56   2.8418275614446580E-005
                   55                  115   1.8563902429477275E-006
                   55                  116  -3.7187388145480431E-006
                   55                  117   1.8623485716003156E-006
                   56                   55   2.8418275614446580E-005
                   56                   56  -1.1974657257328948E-004
                   56                   57   2.8456919211886990E-005
                   56                  116   1.8623485716003156E-006
                   56                  117  -3.7303505036376244E-006
                   56                  118   1.8680019320373088E-006
                   57                   56   2.8456919211886990E-005
                   57                   57  -1.1981448865341107E-004
                   57                   58   2.8490787586213498E-005
                   57                  117   1.8680019320373088E-006
                   57                  118  -3.7413383640338905E-006
                   57                  119   1.8733364319965815E-006
                   58                   57   2.8490787586213498E-005
                   58                   58  -1.1986732815273373E-004
                   58                   59   2.8518564001875128E-005
                   58                  118   1.8733364319965815E-006
                   58                  119  -3.7516539989074529E-006
                   58                  120   1.8783175669108711E-006
                   59                   58   2.8518564001875128E-005
                   59                   59  -1.1990005362988633E-004
                   59                   60   2.8538344726425523E-005
                   59                  119   1.8783175669108711E-006
                   59                  120  -3.7612018609621516E-006
                   59                  121   1.8828842940512804E-006
                   60                   59   2.8538344726425523E-005
                   60                   60  -1.1990568509435757E-004
                   60                   61   2.8547504276303230E-005
                   60                  120   1.8828842940512804E-006
                   60                  121  -3.7698269808078779E-006
                   61                   60   2.8547504276303230E-005
                   61                   61  -5.9946944387361469E-005
                   61                  121   1.8869426867565973E-006
                   62                    1   8832.9406808594867     
                   62                   62  -90662.098321458907     
                   62                   63   85521.459724986591     
                   63                    2   20163.495580504576     
                   63                   62   85521.459722731466     
                   63                   63  -174930.00033342111     
                   63                   64   78946.429263340877     
                   64                    3   25291.398765061440     
                   64                   63   78946.429258485514     
                   64                   64  -169091.25155436096     
                   64                   65   78990.286840344197     
                   65                    4   33013.325669565747     
                   65                   64   78990.286829733101     
                   65                   65  -169906.54415158118     
                   65                   66   78539.638367502397     
                   66                    5   45389.877177103845     
                   66                   65   78539.638339148834     
                   66                   66  -171040.54552110314     
                   66                   67   77801.778397897448     
                   67                    6   67076.303916716119     
                   67                   66   77801.778290650982     
                   67                   67  -174667.02615323037     
                   67                   68   76387.122483001833     
                   68                    7   107955.64110169641     
                   68                   67   76387.121563792112     
                   68                   68  -199031.83936314628     
                   68                   69   69860.484559427030     
                   69                    8   154977.23497955326     
                   69                   68   69859.365717704000     
                   69                   69  -304011.05218530470     
                   69                   70   62973.836002782729     
                   70                    9   95024.369987121390     
                   70                   69   62917.174825351496     
                   70                   70  -208940.55852036498     
                   70                   71   61743.864283286486     
                   71                   10   2763.2110178431617     
                   71                   70   61714.596102432071     
                   71                   71  -134752.39624050760     
                   71                   72   62362.091622318847     
                   72                   71   62350.098271075542     
                   72                   72  -134859.18518765940     
                   72                   73   62791.873384463150     
                   73                   72   62783.013542624591     
                   73                   73  -135622.01119496196     
                   73                   74   63071.347965869994     
                   74                   73   63064.874581052791     
                   74                   74  -136117.97043231968     
                   74                   75   63252.582664137408     
                   75                   74   63247.839967921267     
                   75                   75  -136439.31140590092     
                   75                   76   63369.622920970338     
                   76                   75   63366.099925953706     
                   76                   76  -136646.46134730242     
                   76                   77   63444.735231916915     
                   77                   76   63442.054224253217     
                   77                   77  -136779.07633467281     
                   77                   78   63492.562404060664     
                   78                   77   63490.452397914014     
                   78                   78  -136863.29170870554     
                   78                   79   63522.763256358689     
                   79                   78   63521.034105803454     
                   79                   79  -136916.34921492296     
                   79                   80   63541.698056365261     
                   80                   79   63540.219068411599     
                   80                   80  -136949.58125477517     
                   80                   81   63553.527641634246     
                   81                   80   63552.210915383825     
                   81                   81  -136970.37588861879     
                   81                   82   63560.945515888750     
                   82                   81   63559.733341216663     
                   82                   82  -136983.49393673567     
                   82                   83   63565.671981998654     
                   83                   82   63564.527519982577     
                   83                   83  -136991.95987710785     
                   83                   84   63568.788742048477     
                   84                   83   63567.689280796731     
                   84                   84  -136997.66426763707     
                   84                   85   63570.964247084230     
                   85                   84   63569.896428710519     
                   85                   85  -137001.76790282276     
                   85                   86   63572.603728625865     
                   86                   85   63571.560246032546     
                   86                   86  -137004.96945918479     
                   86                   87   63573.947574889753     
                   87                   86   63572.924935194991     
                   87                   87  -137007.67993485002     
                   87                   88   63575.134739481909     
                   88                   87   63574.131780874370     
                   88                   88  -137010.13438353105     
                   88                   89   63576.242887290100     
                   89                   88   63575.259814438883     
                   89                   89  -137012.46221950115     
                   89                   90   63577.313360799868     
                   90                   89   63576.351128624781     
                   90                   90  -137014.73067832695     
                   90                   91   63578.366435755335     
                   91                   90   63577.426362116079     
                   91                   91  -137016.97122160430     
                   91                   92   63579.410484606342     
                   92                   91   63578.494010518814     
                   92                   92  -137019.19531014652     
                   92                   93   63580.447388769993     
                   93                   92   63579.555932151590     
                   93                   93  -137021.40367036255     
                   93                   94   63581.475681821787     
                   94                   93   63580.610549795711     
                   94                   94  -137023.59164667962     
                   94                   95   63582.492342924270     
                   95                   94   63581.654680517204     
                   95                   95  -137025.75223766582     
                   95                   96   63583.493799795091     
                   96                   95   63582.684561234433     
                   96                   96  -137027.87778196967     
                   96                   97   63584.476475412950     
                   97                   96   63583.696409565506     
                   97                   97  -137029.96086808742     
                   97                   98   63585.437074776593     
                   98                   97   63584.686719591598     
                   98                   98  -137031.99480332463     
                   98                   99   63586.372725161564     
                   99                   98   63585.652408005975     
                   99                   99  -137033.97383467201     
                   99                  100   63587.281034329731     
                  100                   99   63586.590876318733     
                  100                  100  -137035.89323026597     
                  100                  101   63588.160102485504     
                  101                  100   63587.500025634763     
                  101                  101  -137037.74928095727     
                  101                  102   63589.008507042250     
                  102                  101   63588.378243509018     
                  102                  102  -137039.53925242662     
                  102                  103   63589.825269117289     
                  103                  102   63589.224372086115     
                  103                  103  -137041.26129998453     
                  103                  104   63590.609803869149     
                  104                  103   63590.037659867099     
                  104                  104  -137042.91434474755     
                  104                  105   63591.361851079862     
                  105                  104   63590.817693740166     
                  105                  105  -137044.49789709644     
                  105                  106   63592.081376118324     
                  106                  105   63591.564301711041     
                  106                  106  -137046.01179776891     
                  106                  107   63592.768423048488     
                  107                  106   63592.277408522124     
                  107                  107  -137047.45582532696     
                  107                  108   63593.422889640351     
                  108                  107   63592.956814541983     
                  108                  108  -137048.82908742240     
                  108                  109   63594.044176511132     
                  109                  108   63593.601851058120     
                  109                  109  -137050.12906818770     
                  109                  110   63594.630637636532     
                  110                  109   63594.210840494270     
                  110                  110  -137051.35014095297     
                  110                  111   63595.178724984973     
                  111                  110   63594.780256053709     
                  111                  111  -137052.48127056233     
                  111                  112   63595.681674578096     
                  112                  111   63595.303430367618     
                  112                  112  -137053.50252102735     
                  112                  113   63596.127524695716     
                  113                  112   63595.768606653794     
                  113                  113  -137054.37985461036     
                  113                  114   63596.496191861945     
                  114                  113   63596.156061160866     
                  114                  114  -137055.05756767228     
                  114                  115   63596.755263579442     
                  115                  114   63596.433958960719     
                  115                  115  -137055.44757818800     
                  115                  116   63596.854111971763     
                  116                  115   63596.552549579981     
                  116                  116  -137055.41469649924     
                  116                  117   63596.715910890773     
                  117                  116   63596.436285465010     
                  117                  117  -137054.75702891557     
                  117                  118   63596.227180504749     
                  118                  117   63595.973484291171     
                  118                  118  -137053.18085353350     
                  118                  119   63595.224624235474     
                  119                  118   63595.003291678418     
                  119                  119  -137050.26974761806     
                  119                  120   63593.479300399209     
                  120                  119   63593.299971187240     
                  120                  120  -137045.44850629976     
                  120                  121   63590.678613180833     
                  121                  120   63590.554982201167     
                  121                  121  -137037.94351004664     
