                  121                  121                  561
                    1                    1  -5.2596252601701962E-005
                    1                    2   2.2006660792059037E-015
                    1                   62  -2.0404605033279625E-007
                    1                   63   2.9480094633809128E-013
                    2                    1   2.2006660792059037E-015
                    2                    2  -8.3566183838925656E-005
                    2                    3   2.7762910932811169E-015
                    2                   62   2.9480094633809128E-013
                    2                   63  -4.2908633095557462E-007
                    2                   64   3.7083857702258887E-013
                    3                    2   2.7762910932811169E-015
                    3                    3  -7.8874594869737485E-005
                    3                    4   3.4292020014989456E-015
                    3                   63   3.7083857702258887E-013
                    3                   64  -4.6540382162123314E-007
                    3                   65   4.5664673143439000E-013
                    4                    3   3.4292020014989456E-015
                    4                    4  -7.9954976274500451E-005
                    4                    5   4.2926290496932931E-015
                    4                   64   4.5664673143439000E-013
                    4                   65  -5.0744838878861730E-007
                    4                   66   5.6984191161248258E-013
                    5                    4   4.2926290496932931E-015
                    5                    5  -8.0617701752873805E-005
                    5                    6   5.4405891289975208E-015
                    5                   65   5.6984191161248258E-013
                    5                   66  -5.5605583923818806E-007
                    5                   67   7.1993732397781320E-013
                    6                    5   5.4405891289975208E-015
                    6                    6  -8.1807798630966546E-005
                    6                    7   6.9854796538256497E-015
                    6                   66   7.1993732397781320E-013
                    6                   67  -6.1274072356216094E-007
                    6                   68   9.2137795109594452E-013
                    7                    6   6.9854796538256497E-015
                    7                    7  -8.3020365256738281E-005
                    7                    8   9.1370204121734469E-015
                    7                   67   9.2137795109594452E-013
                    7                   68  -6.7944310085061830E-007
                    7                   69   1.2011912092031430E-012
                    8                    7   9.1370204121734469E-015
                    8                    8  -8.3298622359560413E-005
                    8                    9   1.2194907208487450E-014
                    8                   68   1.2011912092031430E-012
                    8                   69  -7.5899528139479442E-007
                    8                   70   1.5978031839870198E-012
                    9                    8   1.2194907208487450E-014
                    9                    9  -8.4008945575203613E-005
                    9                   10   1.6655577083277319E-014
                    9                   69   1.5978031839870198E-012
                    9                   70  -8.5526728305184614E-007
                    9                   71   2.1747546072222190E-012
                   10                    9   1.6655577083277319E-014
                   10                   10  -8.4274645172230608E-005
                   10                   11   2.3419709873980901E-014
                   10                   70   2.1747546072222190E-012
                   10                   71  -9.7366224225736178E-007
                   10                   72   3.0472317842171645E-012
                   11                   10   2.3419709873980901E-014
                   11                   11  -8.4618610542440696E-005
                   11                   12   3.4009335167969847E-014
                   11                   71   3.0472317842171645E-012
                   11                   72  -1.1221785086380691E-006
                   11                   73   4.4092259457593979E-012
                   12                   11   3.4009335167969847E-014
                   12                   12  -8.5433424186832381E-005
                   12                   13   5.1479415576572437E-014
                   12                   72   4.4092259457593979E-012
                   12                   73  -1.3126073832882899E-006
                   12                   74   6.6497268908373656E-012
                   13                   12   5.1479415576572437E-014
                   13                   13  -8.5946482376382240E-005
                   13                   14   8.2069692508126731E-014
                   13                   73   6.6497268908373656E-012
                   13                   74  -1.5636695557947682E-006
                   13                   75   1.0561473265415764E-011
                   14                   13   8.2069692508126731E-014
                   14                   14  -8.7154125929134754E-005
                   14                   15   1.3938057104025340E-013
                   14                   74   1.0561473265415764E-011
                   14                   75  -1.9062673970015118E-006
                   14                   76   1.7868242118171615E-011
                   15                   14   1.3938057104025340E-013
                   15                   15  -8.9208261598884634E-005
                   15                   16   2.5830304843613434E-013
                   15                   75   1.7868242118171615E-011
                   15                   76  -2.3939258763390261E-006
                   15                   77   3.2984795918325758E-011
                   16                   15   2.5830304843613434E-013
                   16                   16  -9.1245377927022669E-005
                   16                   17   5.4339123650001071E-013
                   16                   76   3.2984795918325758E-011
                   16                   77  -3.1301102585791923E-006
                   16                   78   6.9113713317304453E-011
                   17                   16   5.4339123650001071E-013
                   17                   17  -9.3275515474874296E-005
                   17                   18   1.3892707568667359E-012
                   17                   77   6.9113713317304453E-011
                   17                   78  -4.3414359756112810E-006
                   17                   79   1.7597618033225290E-010
                   18                   17   1.3892707568667359E-012
                   18                   18  -9.5414442405038376E-005
                   18                   19   5.0354553186182908E-012
                   18                   78   1.7597618033225290E-010
                   18                   79  -6.6217468278224997E-006
                   18                   80   6.3487197062399133E-010
                   19                   18   5.0354553186182908E-012
                   19                   19  -9.6780970630447197E-005
                   19                   20   4.1668399504108341E-011
                   19                   79   6.3487197062399133E-010
                   19                   80  -1.2114058486749460E-005
                   19                   81   5.1610065754424654E-009
                   20                   19   4.1668399504108341E-011
                   20                   20  -9.0179061103183919E-005
                   20                   21   1.1776793271561152E-008
                   20                   80   5.1610065754424654E-009
                   20                   81  -3.3955735188396282E-005
                   20                   82   8.7849262449151645E-007
                   21                   20   1.1776793271561152E-008
                   21                   21  -6.4558246571425632E-005
                   21                   22   2.1055204432216420E-006
                   21                   81   8.7849262449151645E-007
                   21                   82  -9.3440845967247968E-005
                   21                   83   3.0781233780475693E-005
                   22                   21   2.1055204432216420E-006
                   22                   22  -5.0804455022254484E-005
                   22                   23   7.6305249710886014E-006
                   22                   82   3.0781233780475693E-005
                   22                   83  -8.0229733054376688E-005
                   22                   84   1.8600830450553140E-005
                   23                   22   7.6305249710886014E-006
                   23                   23  -5.7410520724294312E-005
                   23                   24   9.0042923114052943E-006
                   23                   83   1.8600830450553140E-005
                   23                   84  -2.1762838618851516E-005
                   23                   85   5.7014990756543879E-007
                   24                   23   9.0042923114052943E-006
                   24                   24  -6.3272585782308890E-005
                   24                   25   1.0335401833337580E-005
                   24                   84   5.7014990756543879E-007
                   24                   85  -1.2045976901358829E-006
                   24                   86   6.3444778257044410E-007
                   25                   24   1.0335401833337580E-005
                   25                   25  -6.8175980253446357E-005
                   25                   26   1.1569606404776529E-005
                   25                   85   6.3444778257044410E-007
                   25                   86  -1.3282836880275800E-006
                   25                   87   6.9383590545713600E-007
                   26                   25   1.1569606404776529E-005
                   26                   26  -7.2602136090757973E-005
                   26                   27   1.2738268690912622E-005
                   26                   86   6.9383590545713600E-007
                   26                   87  -1.4439283070845984E-006
                   26                   88   7.5009240162746241E-007
                   27                   26   1.2738268690912622E-005
                   27                   27  -7.6656232228575189E-005
                   27                   28   1.3842341994372030E-005
                   27                   87   7.5009240162746241E-007
                   27                   88  -1.5536393959336255E-006
                   27                   89   8.0354699430616304E-007
                   28                   27   1.3842341994372030E-005
                   28                   28  -8.0367305107134461E-005
                   28                   29   1.4878897654749036E-005
                   28                   88   8.0354699430616304E-007
                   28                   89  -1.6578409719900175E-006
                   28                   90   8.5429397768385447E-007
                   29                   28   1.4878897654749036E-005
                   29                   29  -8.3754350489659225E-005
                   29                   30   1.5846897932424227E-005
                   29                   89   8.5429397768385447E-007
                   29                   90  -1.7567429399231120E-006
                   29                   91   9.0244896223925756E-007
                   30                   29   1.5846897932424227E-005
                   30                   30  -8.6838318995112807E-005
                   30                   31   1.6747420674773635E-005
                   30                   90   9.0244896223925756E-007
                   30                   91  -1.8506165012743414E-006
                   30                   92   9.4816753903508386E-007
                   31                   30   1.6747420674773635E-005
                   31                   31  -8.9641921518725264E-005
                   31                   32   1.7582921022639139E-005
                   31                   91   9.4816753903508386E-007
                   31                   92  -1.9397922003911765E-006
                   31                   93   9.9162466135609260E-007
                   32                   31   1.7582921022639139E-005
                   32                   32  -9.2187956211997783E-005
                   32                   33   1.8356585020823108E-005
                   32                   92   9.9162466135609260E-007
                   32                   93  -2.0246217635459719E-006
                   32                   94   1.0329971021898793E-006
                   33                   32   1.8356585020823108E-005
                   33                   33  -9.4498181771708039E-005
                   33                   34   1.9071916098920079E-005
                   33                   93   1.0329971021898793E-006
                   33                   94  -2.1054509636032286E-006
                   33                   95   1.0724538614133495E-006
                   34                   33   1.9071916098920079E-005
                   34                   34  -9.6592808138462751E-005
                   34                   35   1.9732501005472755E-005
                   34                   94   1.0724538614133495E-006
                   34                   95  -2.1826060966508239E-006
                   34                   96   1.1101522352374742E-006
                   35                   34   1.9732501005472755E-005
                   35                   35  -9.8490367878177723E-005
                   35                   36   2.0341885130496110E-005
                   35                   95   1.1101522352374742E-006
                   35                   96  -2.2563891842092564E-006
                   35                   97   1.1462369489717822E-006
                   36                   35   2.0341885130496110E-005
                   36                   36  -1.0020777019092175E-004
                   36                   37   2.0903506861601884E-005
                   36                   96   1.1462369489717822E-006
                   36                   97  -2.3270775773735580E-006
                   36                   98   1.1808406284017757E-006
                   37                   36   2.0903506861601884E-005
                   37                   37  -1.0176042015771458E-004
                   37                   38   2.1420661303804280E-005
                   37                   97   1.1808406284017757E-006
                   37                   98  -2.3949253078123335E-006
                   37                   99   1.2140846794105577E-006
                   38                   37   2.1420661303804280E-005
                   38                   38  -1.0316234625947419E-004
                   38                   39   2.1896478091264188E-005
                   38                   98   1.2140846794105577E-006
                   38                   99  -2.4601648385427367E-006
                   38                  100   1.2460801591321792E-006
                   39                   38   2.1896478091264188E-005
                   39                   39  -1.0442631457812080E-004
                   39                   40   2.2333906383203773E-005
                   39                   99   1.2460801591321792E-006
                   39                  100  -2.5230086601696547E-006
                   39                  101   1.2769285010374754E-006
                   40                   39   2.2333906383203773E-005
                   40                   40  -1.0556392549414377E-004
                   40                   41   2.2735704344052722E-005
                   40                  100   1.2769285010374754E-006
                   40                  101  -2.5836505856518403E-006
                   40                  102   1.3067220846143648E-006
                   41                   40   2.2735704344052722E-005
                   41                   41  -1.0658569557197293E-004
                   41                   42   2.3104432207957396E-005
                   41                  101   1.3067220846143648E-006
                   41                  102  -2.6422667703614201E-006
                   41                  103   1.3355446857470555E-006
                   42                   41   2.3104432207957396E-005
                   42                   42  -1.0750112894430277E-004
                   42                   43   2.3442448623916069E-005
                   42                  102   1.3355446857470555E-006
                   42                  103  -2.6990165361882058E-006
                   42                  104   1.3634718504411503E-006
                   43                   42   2.3442448623916069E-005
                   43                   43  -1.0831878197144722E-004
                   43                   44   2.3751910068054350E-005
                   43                  103   1.3634718504411503E-006
                   43                  104  -2.7540430769542514E-006
                   43                  105   1.3905712265131013E-006
                   44                   43   2.3751910068054350E-005
                   44                   44  -1.0904632382958766E-004
                   44                   45   2.4034773042708531E-005
                   44                  104   1.3905712265131013E-006
                   44                  105  -2.8074741033739684E-006
                   44                  106   1.4169028768608671E-006
                   45                   44   2.4034773042708531E-005
                   45                   45  -1.0969059463168452E-004
                   45                   46   2.4292798703852392E-005
                   45                  105   1.4169028768608671E-006
                   45                  106  -2.8594224653021203E-006
                   45                  107   1.4425195884412534E-006
                   46                   45   2.4292798703852392E-005
                   46                   46  -1.1025766190342123E-004
                   46                   47   2.4527559513720458E-005
                   46                  106   1.4425195884412534E-006
                   46                  107  -2.9099867726151559E-006
                   46                  108   1.4674671841739025E-006
                   47                   46   2.4527559513720458E-005
                   47                   47  -1.1075287572272185E-004
                   47                   48   2.4740447506517503E-005
                   47                  107   1.4674671841739025E-006
                   47                  108  -2.9592520245621811E-006
                   47                  109   1.4917848403882783E-006
                   48                   47   2.4740447506517503E-005
                   48                   48  -1.1118092252183268E-004
                   48                   49   2.4932683771383123E-005
                   48                  108   1.4917848403882783E-006
                   48                  109  -3.0072902498930511E-006
                   48                  110   1.5155054095047727E-006
                   49                   48   2.4932683771383123E-005
                   49                   49  -1.1154587737891518E-004
                   49                   50   2.5105328787170200E-005
                   49                  109   1.5155054095047727E-006
                   49                  110  -3.0541611553255784E-006
                   49                  111   1.5386557458208055E-006
                   50                   49   2.5105328787170200E-005
                   50                   50  -1.1185125454041630E-004
                   50                   51   2.5259293280239947E-005
                   50                  110   1.5386557458208055E-006
                   50                  111  -3.0999127769739243E-006
                   50                  112   1.5612570311531189E-006
                   51                   50   2.5259293280239947E-005
                   51                   51  -1.1210005588293829E-004
                   51                   52   2.5395349315132494E-005
                   51                  111   1.5612570311531189E-006
                   51                  112  -3.1445821275834604E-006
                   51                  113   1.5833250964303418E-006
                   52                   51   2.5395349315132494E-005
                   52                   52  -1.1229481702510421E-004
                   52                   53   2.5514141367195460E-005
                   52                  112   1.5833250964303418E-006
                   52                  113  -3.1881958314557605E-006
                   52                  114   1.6048707350254185E-006
                   53                   52   2.5514141367195460E-005
                   53                   53  -1.1243765082734103E-004
                   53                   54   2.5616197166521391E-005
                   53                  113   1.6048707350254185E-006
                   53                  114  -3.2307707386738291E-006
                   53                  115   1.6259000036484106E-006
                   54                   53   2.5616197166521391E-005
                   54                   54  -1.1253028806830270E-004
                   54                   55   2.5701938145371964E-005
                   54                  114   1.6259000036484106E-006
                   54                  115  -3.2723145106763112E-006
                   54                  116   1.6464145070279004E-006
                   55                   54   2.5701938145371964E-005
                   55                   55  -1.1257411516115781E-004
                   55                   56   2.5771689367997993E-005
                   55                  115   1.6464145070279004E-006
                   55                  116  -3.3128261704695533E-006
                   55                  117   1.6664116634416530E-006
                   56                   55   2.5771689367997993E-005
                   56                   56  -1.1257020886938117E-004
                   56                   57   2.5825688871845693E-005
                   56                  116   1.6664116634416530E-006
                   56                  117  -3.3522966128334788E-006
                   56                  118   1.6858849493918260E-006
                   57                   56   2.5825688871845693E-005
                   57                   57  -1.1251936808930911E-004
                   57                   58   2.5864096397519905E-005
                   57                  117   1.6858849493918260E-006
                   57                  118  -3.3907090725293188E-006
                   57                  119   1.7048241231374928E-006
                   58                   57   2.5864096397519905E-005
                   58                   58  -1.1242214285665702E-004
                   58                   59   2.5887001518525673E-005
                   58                  118   1.7048241231374928E-006
                   58                  119  -3.4280395509368042E-006
                   58                  120   1.7232154277993114E-006
                   59                   58   2.5887001518525673E-005
                   59                   59  -1.1227886074925399E-004
                   59                   60   2.5894431176550542E-005
                   59                  119   1.7232154277993114E-006
                   59                  120  -3.4642572019661331E-006
                   59                  121   1.7410417741668217E-006
                   60                   59   2.5894431176550542E-005
                   60                   60  -1.1208965070667676E-004
                   60                   61   2.5886356547791714E-005
                   60                  120   1.7410417741668217E-006
                   60                  121  -3.4993246734881982E-006
                   61                   60   2.5886356547791714E-005
                   61                   61  -5.5974211388230111E-005
                   61                  121   1.7582828993213767E-006
                   62                    1   6569.4482862952318     
                   62                   62  -90980.558209095543     
                   62                   63   86126.491187320964     
                   63                    2   13736.974559010076     
                   63                   62   86126.491186962798     
                   63                   63  -175476.73597562686     
                   63                   64   79722.528960159398     
                   64                    3   14759.459266041114     
                   64                   63   79722.528959656629     
                   64                   64  -169608.33578376297     
                   64                   65   80164.840547595537     
                   65                    4   15922.932607747352     
                   65                   64   80164.840546970678     
                   65                   65  -170318.64291763582     
                   65                   66   80276.651487215684     
                   66                    5   17241.779525247588     
                   66                   65   80276.651486425224     
                   66                   66  -170766.48793008900     
                   66                   67   80437.203012605096     
                   67                    6   18745.736559832236     
                   67                   66   80437.203011592981     
                   67                   67  -171460.78858443868     
                   67                   68   80763.504831444356     
                   68                    7   20470.674322673716     
                   68                   67   80763.504830134916     
                   68                   68  -172093.10568428072     
                   68                   69   80827.455135886223     
                   69                    8   22467.848039235490     
                   69                   68   80827.455134156757     
                   69                   69  -172408.54086400714     
                   69                   70   80799.931411934027     
                   70                    9   24802.577475849124     
                   70                   69   80799.931409598081     
                   70                   70  -172724.00522337086     
                   70                   71   80803.118735995726     
                   71                   10   27558.726403782181     
                   71                   70   80803.118732772433     
                   71                   71  -172975.91654957741     
                   71                   72   80639.522545791522     
                   72                   11   30850.654808533513     
                   72                   71   80639.522541201964     
                   72                   72  -173298.83821364431     
                   72                   73   80609.852811762365     
                   73                   12   34827.031786615262     
                   73                   72   80609.852805024566     
                   73                   73  -173859.19636302540     
                   73                   74   80536.599797279530     
                   74                   13   39695.408988639218     
                   74                   73   80536.599786974562     
                   74                   74  -174539.28583705446     
                   74                   75   80421.644666265624     
                   75                   14   45743.564312897390     
                   75                   74   80421.644649650916     
                   75                   75  -175740.86601076589     
                   75                   76   80552.091613298282     
                   76                   15   53362.017998014475     
                   76                   75   80552.091584861162     
                   76                   76  -177704.33908118974     
                   76                   77   80698.137123873123     
                   77                   16   63115.214707950690     
                   77                   76   80698.137070833094     
                   77                   77  -180326.99611959601     
                   77                   78   80641.753185236448     
                   78                   17   75824.152575870481     
                   78                   77   80641.753072729887     
                   78                   78  -184170.66728140481     
                   78                   79   80393.280190687496     
                   79                   18   92610.495245665661     
                   79                   78   80393.279900257694     
                   79                   79  -190978.14259241417     
                   79                   80   79670.590340823852     
                   80                   19   114741.66172092260     
                   80                   79   79670.589274547354     
                   80                   80  -206981.45525952184     
                   80                   81   77744.092625180900     
                   81                   20   142067.90440149291     
                   81                   80   77744.083706007223     
                   81                   81  -268201.14456061425     
                   81                   82   69870.101235822905     
                   82                   21   162550.95395373565     
                   82                   81   69868.510644520618     
                   82                   82  -350195.69292061951     
                   82                   83   62487.719536194243     
                   83                   22   135089.53706942813     
                   83                   82   62458.571479788647     
                   83                   83  -236154.96414852998     
                   83                   84   60139.392498046356     
                   84                   23   26216.847580930204     
                   84                   83   60118.211406087939     
                   84                   84  -138600.04178304074     
                   84                   85   60349.986916524191     
                   85                   84   60341.767569939620     
                   85                   85  -130583.92730551309     
                   85                   86   60807.461516058291     
                   86                   85   60800.206516853090     
                   86                   86  -131476.61243183841     
                   86                   87   61182.995202927523     
                   87                   86   61176.297162293231     
                   87                   87  -132222.38088722815     
                   87                   88   61503.416665242490     
                   88                   87   61497.194780303696     
                   88                   88  -132861.44789365149     
                   88                   89   61779.318797735301     
                   89                   88   61773.554711955781     
                   89                   89  -133412.40018422151     
                   89                   90   62017.449882965178     
                   90                   89   62012.125984041922     
                   90                   90  -133888.30561793689     
                   90                   91   62223.276191426317     
                   91                   90   62218.368089780903     
                   91                   91  -134299.96812233335     
                   91                   92   62401.431998363732     
                   92                   91   62396.911308985567     
                   92                   92  -134656.53076775098     
                   92                   93   62555.828040447661     
                   93                   92   62551.665466723629     
                   93                   93  -134965.68438076714     
                   93                   94   62689.738643677701     
                   94                   93   62685.905823241352     
                   94                   94  -135233.86261161364     
                   94                   95   62805.898223956487     
                   95                   94   62802.368564138727     
                   95                   95  -135466.44522005296     
                   95                   96   62906.595723489809     
                   96                   95   62903.344650119303     
                   96                   96  -135667.94741038972     
                   96                   97   62993.757638775933     
                   97                   96   62990.762567381629     
                   97                   97  -135842.18159465381     
                   97                   98   63069.016392492704     
                   98                   97   63066.256599143111     
                   98                   98  -135992.38856792980     
                   98                   99   63133.764611410836     
                   99                   98   63131.221088408631     
                   99                   99  -136121.34093620873     
                   99                  100   63189.197492020336     
                  100                   99   63186.852820806824     
                  100                  100  -136231.42376725981     
                  100                  101   63236.345767339924     
                  101                  100   63234.184015077342     
                  101                  101  -136324.69753949245     
                  101                  102   63276.101527841085     
                  102                  101   63274.108163870515     
                  102                  102  -136402.94771999016     
                  102                  103   63309.238699892878     
                  103                  102   63307.400525770921     
                  103                  103  -136467.72435418956     
                  103                  104   63336.429540804922     
                  104                  103   63334.734628328275     
                  104                  104  -136520.37418470555     
                  104                  105   63358.258142698891     
                  105                  104   63356.695775926702     
                  105                  105  -136562.06712817505     
                  105                  106   63375.231660083940     
                  106                  105   63373.792278892135     
                  106                  106  -136593.81842771784     
                  106                  107   63387.789775789657     
                  107                  106   63386.464919646074     
                  107                  107  -136616.50743255179     
                  107                  108   63396.312778497035     
                  108                  107   63395.095029926728     
                  108                  108  -136630.89369805524     
                  108                  109   63401.128525611966     
                  109                  108   63400.011453316220     
                  109                  109  -136637.63091738164     
                  109                  110   63402.518494785523     
                  110                  109   63401.496596678779     
                  110                  110  -136637.27906602155     
                  110                  111   63400.723076824099     
                  111                  110   63399.791723431590     
                  111                  111  -136630.31504708255     
                  111                  112   63395.946225942309     
                  112                  111   63395.101604702519     
                  112                  112  -136617.14205662272     
                  112                  113   63388.359556239804     
                  113                  112   63387.598617303956     
                  113                  113  -136598.09783808709     
                  113                  114   63378.105953430255     
                  114                  113   63377.426357554767     
                  114                  114  -136573.46195823862     
                  114                  115   63365.302756509373     
                  115                  114   63364.702825593864     
                  115                  115  -136543.46221109235     
                  115                  116   63350.044554263724     
                  116                  115   63349.523224989905     
                  116                  116  -136508.28023936483     
                  116                  117   63332.405635495124     
                  117                  116   63331.962416366012     
                  117                  117  -136468.05645312753     
                  117                  118   63312.442128748364     
                  118                  117   63312.077060625918     
                  118                  118  -136422.89432036597     
                  118                  119   63290.193865789661     
                  119                  118   63289.907485830270     
                  119                  119  -136372.86409988551     
                  119                  120   63265.686000587688     
                  120                  119   63265.479309395567     
                  120                  120  -136318.00607646024     
                  120                  121   63238.930407959509     
                  121                  120   63238.804840018704     
                  121                  121  -136258.33333067692     
