 #              _____________________  _______________________             #
 #              ___  __ \__  __ \_  / / /_  /___  ____/_  ___/             #
 #              __  / / /_  /_/ /  / / /_  __/_  __/  _____ \              #
 #              _  /_/ /_  _, _// /_/ / / /_ _  /___  ____/ /              #
 #              /_____/ /_/ |_| \____/  \__/ /_____/  /____/               #
 #                                                                         #
  
 #        time                      T            heat flux [W.L-2]   in    x              directions   cumulative flux
 #-----------------------------------------------------------------------------------------------

   0.0000000000000000        10.000000000000000       -0.0000000000000000        0.0000000000000000     
   1.0000000000000000        10.000000000000000       -3.3892888495756747E-012   3.3892888495756747E-012
   1.9540000000000002        9.9999999999999982       -3.1633362596039634E-011   3.5022651445615312E-011
   2.8641160000000001        9.9999999999999876       -1.4856382790640044E-010   1.8358647935201576E-010
   3.8288389600000006        9.9999999999999307       -6.1628568914784379E-010   7.9987216849985957E-010
   4.8514452976000007        9.9999999999996998       -2.3041515362365329E-009   3.1040237047363925E-009
   5.9354080154560007        9.9999999999988773       -7.8258679536702684E-009   1.0929891658406662E-008
   7.0844084963833609        9.9999999999961702       -2.4387063035647172E-008   3.5316954694053837E-008
   8.3023490061663630        9.9999999999879119       -7.0522627737548618E-008   1.0583958243160245E-007
   9.5933659465363448        9.9999999999642988       -1.9112764704234181E-007   2.9696722947394426E-007
   10.961843903328527        9.9999999999005205       -4.8944211883408078E-007   7.8640934830802504E-007
   12.412430537528239        9.9999999997366924       -1.1923179243930057E-006   1.9787272727010308E-006
   13.950052369779934        9.9999999993342712       -2.7784955030127775E-006   4.7572227757138083E-006
   15.579931511966731        9.9999999983846664       -6.2222530488252909E-006   1.0979475824539100E-005
   17.307603402684734        9.9999999962238135       -1.3441902066188802E-005   2.4421377890727901E-005
   19.138935606845820        9.9999999914671580       -2.8101605554976562E-005   5.2522983445704466E-005
   21.080147743256571        9.9999999813110971       -5.7005909946236721E-005   1.0952889339194119E-004
   23.137832607851966        9.9999999602312357       -1.1246241158204707E-004   2.2199130497398828E-004
   25.318978564323086        9.9999999176173073       -2.1618508093331900E-004   4.3817638590730728E-004
   27.630993278182473        9.9999998335791567       -4.0558721622857428E-004   8.4376360213588150E-004
   30.081728874873424        9.9999996716818185       -7.4368736377379747E-004   1.5874509659096789E-003
   32.679508607365833        9.9999993666446372       -1.3343395207878255E-003   2.9217904866975044E-003
   35.433155123807786        9.9999988039724137       -2.3451079314265417E-003   5.2668984181240466E-003
   38.352020431236255        9.9999977869580103       -4.0408293759138982E-003   9.3077277940379448E-003
   41.446017657110431        9.9999959843718553       -6.8317101992023009E-003   1.6139437993240247E-002
   44.725654716537058        9.9999928492983354       -1.1340626545670411E-002   2.7480064538910658E-002
   48.202069999529286        9.9999874958749064       -1.8495027266428418E-002   4.5975091805339076E-002
   51.887070199501046        9.9999785160718879       -2.9649325681110339E-002   7.5624417486449408E-002
   55.793170411471110        9.9999637131513879       -4.6743709771793283E-002  0.12236812725824270     
   59.933636636159378        9.9999397222436581       -7.2504668147941653E-002  0.19487279540618435     
   64.322530834328944        9.9999014819648000      -0.11069098125742256       0.30556377666360690     
   68.974758684388689        9.9998415148080255      -0.16638625480215188       0.47195003146575876     
   73.906120205452012        9.9997489690834840      -0.24633514849321017       0.71828517995896890     
   79.133363417779137        9.9996083726284226      -0.35931529067296414        1.0776004706319331     
   84.674241222845893        9.9993980497148716      -0.51653067258910146        1.5941311432210346     
   90.547571696216650        9.9990881589479947      -0.73200551752883136        2.3261366607498659     
   96.773301997989648        9.9986383227205984       -1.0229508837814492        3.3490875445313151     
   99.476364677492242        9.9984181330119508       -1.1616749479725690        4.5107624925038845     
   102.34161111776500        9.9981543068277325       -1.3233636967927440        5.8341261892966285     
   105.37877234445412        9.9978374376656767       -1.5120095464523460        7.3461357357489749     
   108.59816324474458        9.9974560425014616       -1.7322702184770504        9.0784059542260245     
   112.01071759905247        9.9969961197498360       -1.9895602968530786        11.067966251079103     
   115.62802521461883        9.9964406242714716       -2.2901480484021466        13.358114299481249     
   119.46237128711918        9.9957688486788854       -2.6412549939542154        15.999369293435464     
   123.52677812396955        9.9949557007561722       -3.0511545128462330        19.050523806281696     
   127.83504937103093        9.9939708683265032       -3.5292643398617960        22.579788146143493     
   132.40181689291600        9.9927778656864064       -4.0862262324589116        26.666014378602405     
   137.24259046611419        9.9913329600825431       -4.7339644626383821        31.399978841240788     
   142.37381045370427        9.9895839828922650       -5.4857132968244446        36.885692138065231     
   147.81290364054973        9.9874690383316480       -6.3560024973566982        43.241694635421929     
   153.57834241860593        9.9849151326229446       -7.3605893747173594        50.602284010139286     
   159.68970752334550        9.9818367583318359       -8.5163263076503739        59.118610317789660     
   166.16775453436946        9.9781344814648225       -9.8409541533562059        68.959564471145868     
   173.03448436605484        9.9736935920246523       -11.352814722139637        80.312379193285508     
   180.31321798764137        9.9683828909146417       -13.070479479231766        93.382858672517273     
   188.02867562652307        9.9620536960362855       -15.012296689996322        108.39515536251359     
   196.20706072373767        9.9545391567218182       -17.195865072913950        125.59102043542754     
   204.87614892678516        9.9456539667362254       -19.637448520872645        145.22846895630019     
   214.06538242201549        9.9351945576581286       -22.351356977267812        167.57982593356800     
   223.80596992695965        9.9229398146486751       -25.349353952999181        192.92917988656717     
   234.13099268220046        9.9086523094565635       -28.640148272650610        221.56932815921778     
   245.07551680275571        9.8920799874650882       -32.229028986743110        253.79835714596089     
   256.67671237054429        9.8729581545273106       -36.117727022134609        289.91608416809549     
   268.97397967240016        9.8510114504746404       -40.304641563750742        330.22072573184624     
   282.00908301236740        9.8259555586756235       -44.785321546591256        375.00604727843751     
   295.82629255273270        9.7974986888313218       -49.552893367685897        424.55894064612340     
   310.47253466551990        9.7653432159565856       -54.598121195090627        479.15706184121404     
   325.99755130507430        9.7291880796084520       -59.908944437100388        539.06600627831449     
   342.45406894300197        9.6887325470135330       -65.469549150889065        604.53555542920355     
   359.89797763920529        9.6436817376232327       -71.259193168351644        675.79474859755521     
   378.38852085718082        9.5937539900491906       -77.251066025592905        753.04581462314809     
   397.98849666823492        9.5386898323289628       -83.411434521776940        836.45724914492507     
   418.76447102795225        9.4782620236783277       -89.699273085463375        926.15652223038842     
   440.78700384925264        9.4122848991963100       -96.067170419377533        1022.2236926497660     
   462.80953667055303        9.3447496739560538       -102.12093313325283        1124.3446257830187     
   486.15342146113142        9.2718084550750071       -108.17570945345693        1232.5203352364756     
   510.89793933914450        9.1933823298252495       -114.19111517604287        1346.7114504125184     
   537.12712828983842        9.1094073430533875       -120.13982182359682        1466.8512722361152     
   563.35631724053235        9.0249013649172447       -125.69808634940124        1592.5493585855163     
   591.15925752826786        8.9350078450278829       -131.19721531049876        1723.7465738960150     
   620.63037423326750        8.8396181881078455       -136.63104043913901        1860.3776143351540     
   650.10149093826715        8.7443287375040946       -141.70577570730811        2002.0833900424620     
   679.57260764326679        8.6493134234363112       -146.44715097658710        2148.5305410190490     
   710.81199135056647        8.5490966818914806       -151.11744705386488        2299.6479880729139     
   743.92573808030409        8.4436467445503176       -155.68273427499867        2455.3307223479123     
   779.02630961382602        8.3329874178731824       -160.10555148892803        2615.4362738368404     
   816.23291543935920        8.2171773270311839       -164.35763917581755        2779.7939130126579     
   855.67191761442439        8.0962765635088392       -168.42707184783629        2948.2209848604944     
   895.11091978948957        7.9773283939159061       -172.11697479517758        3120.3379596556720     
   936.91626209505864        7.8534933529538158       -175.65457588723024        3295.9925355429023     
   981.22992493896186        7.7248395220874473       -179.01178416849248        3475.0043197113946     
   1028.2024075534994        7.5915719843385219       -182.12968849718499        3657.1340082085794     
   1077.9932391249090        7.4539738859335998       -184.96596823360855        3842.0999764421881     
   1127.7840706963186        7.3200967492073286       -187.39452381767222        4029.4945002598602     
   1177.5749022677282        7.1897788815286496       -189.52265178055652        4219.0171520404165     
   1227.3657338391379        7.0627230797039422       -191.44725359508007        4410.4644056354964     
   1269.5883590116932        6.9571917993085908       -192.94683996049540        4603.4112455959921     
   1314.3443416946020        6.8477505962254073       -194.37580869391448        4797.7870542899063     
   1359.1003243775108        6.7407362708045486       -195.62868563243831        4993.4157399223450     
   1406.5416660213941        6.6300852056028052       -196.74344173808817        5190.1591816604332     
   1456.8294881639104        6.5159794855955706       -197.68939206656125        5387.8485737269948     
   1510.1345796349776        6.3985853099377632       -198.46144949540795        5586.3100232224024     
   1566.6379765943088        6.2778326978317720       -199.13475977255999        5785.4447829949622     
   1626.5315773712000        6.1534952465086601       -199.77465203563642        5985.2194350305990     
   1690.0187941947047        6.0255195258720260       -200.34700580428350        6185.5664408348821     
   1757.3152440276197        5.8941698386701411       -200.75706173102938        6386.3235025659114     
   1828.6494808505095        5.7600277379592475       -200.89330000080631        6587.2168025667179     
   1904.2637718827727        5.6238720065601484       -200.66949378628388        6787.8862963530019     
   1984.4149203769718        5.4856492889010759       -200.27939730122475        6988.1656936542267     
   2069.3751377808230        5.3447245224345608       -199.91044952282851        7188.0761431770552     
   2159.4329682289049        5.2011653950653276       -199.44689334613335        7387.5230365231882     
   2254.8942685038719        5.0551365711632927       -198.85962750414697        7586.3826640273355     
   2350.3555687788389        4.9152654873837776       -198.09391280507856        7784.4765768324141     
   2445.8168690538059        4.7813482107929417       -197.18639400812916        7981.6629708405435     
   2547.0058473452709        4.6453920774926232       -196.18438958283235        8177.8473604233759     
   2654.2661643342240        4.5072430284777996       -195.12833289356257        8372.9756933169392     
   2767.9621003425141        4.3673345796606711       -193.91132771964081        8566.8870210365803     
   2888.4797925113016        4.2269371902933468       -192.34027449303207        8759.2272955296121     
   3016.2285462102163        4.0861550325249372       -190.59315293025458        8949.8204484598664     
   3151.6422251310660        3.9426929948358547       -189.16544900051750        9138.9858974603831     
   3295.1807247871666        3.7980921877420877       -187.49002644197205        9326.4759239023551     
   3447.3315344226330        3.6527517446416082       -185.66230941321609        9512.1382333155707     
   3599.4823440580994        3.5148748030547923       -183.79848533085479        9695.9367186464260     
   3751.6331536935659        3.3832320312789728       -182.04867672781361        9877.9853953742404     
   3903.7839633290323        3.2588968961187401       -180.06746575460099        10058.052861128841     
   4065.0638215426270        3.1337733290337431       -178.07168605724920        10236.124547186089     
   4236.0204712490377        3.0073724672081807       -176.10324594598913        10412.227793132079     
   4417.2345199378324        2.8808097151596259       -173.93558597274713        10586.163379104826     
   4609.3214115479550        2.7536084056526788       -171.76278665360664        10757.926165758432     
   4801.4083031580776        2.6350028040633275       -169.31454530563747        10927.240711064069     
   5001.4083031580776        2.5177003615503226       -167.07422292157108        11094.314933985639     
   5201.4083031580776        2.4048737189214271       -165.12684537031788        11259.441779355957     
   5381.4083031580776        2.3086020672274667       -163.18665003188659        11422.628429387843     
   5572.2083031580778        2.2119612357429874       -161.13714394034449        11583.765573328188     
   5772.2083031580778        2.1098469447935333       -159.97156087829018        11743.737134206478     
   5972.2083031580778        2.0125177709281510       -158.31705403754898        11902.054188244027     
   6172.2083031580778        1.9208755536108446       -156.43693091030426        12058.491119154331     
   6372.2083031580778        1.8354406790239466       -154.35154355760864        12212.842662711939     
   6572.2083031580778        1.7555036004063371       -152.25042213046171        12365.093084842401     
   6732.2083031580778        1.6923062214292381       -151.00410633200730        12516.097191174409     
   6901.8083031580782        1.6270576614133969       -149.69138187255808        12665.788573046968     
   7071.4083031580785        1.5669915888280406       -147.84688100950967        12813.635454056477     
   7241.0083031580789        1.5087357210381578       -146.37243974677452        12960.007893803251     
   7420.7843031580787        1.4487935718853022       -144.92680418145130        13104.934697984703     
   7611.3468631580790        1.3827611780671620       -144.16563366706819        13249.100331651771     
   7811.3468631580790        1.3121189067784884       -143.50936742430034        13392.609699076071     
   8011.3468631580790        1.2509060936493528       -141.39150606158799        13534.001205137658     
   8211.3468631580799        1.1977489957061147       -139.00242925503318        13673.003634392691     
   8411.3468631580799        1.1392379056826614       -138.33617762922768        13811.339812021919     
   8611.3468631580799        1.0815396224005238       -137.31987606365422        13948.659688085574     
   8811.3468631580799        1.0201569096207712       -137.03564681669400        14085.695334902268     
   9011.3468631580799       0.96911179632610689       -134.93192856584801        14220.627263468115     
   9211.3468631580799       0.92375333987636910       -132.92553067420491        14353.552794142321     
   9411.3468631580799       0.87811891960795918       -131.65229821527370        14485.205092357593     
   9611.3468631580799       0.82692403270911763       -131.39914568610544        14616.604238043699     
   9811.3468631580799       0.77832598549297183       -130.39659198051535        14747.000830024215     
   10011.346863158080       0.72818043361155571       -129.85795676498788        14876.858786789204     
   10211.346863158080       0.68439506183799026       -128.33844777017026        15005.197234559375     
   10411.346863158080       0.64389147291779647       -126.91432334153077        15132.111557900906     
   10611.346863158080       0.60915677510792521       -125.03398426137372        15257.145542162280     
   10811.346863158080       0.56488523522682521       -125.21275988547274        15382.358302047753     
   11011.346863158080       0.51975973249572405       -124.83134516901137        15507.189647216765     
   11211.346863158080       0.48347626024211171       -123.15051427661876        15630.340161493383     
   11411.346863158080       0.44893785408905407       -121.90726105635831        15752.247422549741     
   11611.346863158080       0.42158636129759675       -119.87471303049655        15872.122135580237     
   11811.346863158080       0.39262376186456643       -118.81885656894748        15990.940992149184     
   12011.346863158080       0.35282671884591454       -119.41850107773294        16110.359493226917     
   12211.346863158080       0.31282953997158802       -119.24788953172710        16229.607382758644     
   12411.346863158080       0.27698951926705428       -118.32442412117878        16347.931806879824     
   12611.346863158080       0.24785701893314860       -115.65935953749188        16463.591166417315     
   12811.346863158080       0.21536246056404770       -115.29436399835491        16578.885530415668     
   13011.346863158080       0.18391162435077818       -114.51791111052550        16693.403441526192     
   13211.346863158080       0.15994389701153355       -112.87829441972551        16806.281735945919     
   13411.346863158080       0.12626652300662425       -113.45853548301987        16919.740271428938     
   13611.346863158080        8.7524202005387797E-002  -104.57728993160008        17024.317561360538     
   13811.346863158080        6.1708244507722387E-002  -104.26603232354957        17128.583593684089     
   14011.346863158080        3.6086408712073692E-002  -104.49159970984094        17233.075193393928     
   14211.346863158080        1.0838606316451838E-002  -104.73987443610986        17337.815067830037     
   14411.346863158080       -6.7084850475646052E-003  -104.19425419396573        17442.009322024001     
   14611.346863158080       -3.5203464846625676E-002  -99.683083120758809        17541.692405144760     
   14811.346863158080       -6.0422037833780029E-002  -100.24249722039904        17641.934902365159     
   15011.346863158080       -8.8581877674405562E-002  -101.66854477781888        17743.603447142978     
   15211.346863158080      -0.10515468298605180       -106.63481673304958        17850.238263876028     
   15411.346863158080      -0.12465254791777830       -112.71452149884789        17962.952785374877     
   15611.346863158080      -0.15230170092704409       -116.44550210591429        18079.398287480792     
   15811.346863158080      -0.18218357277781649       -119.95209961837612        18199.350387099166     
   16011.346863158080      -0.20916528008950108       -122.72192305914503        18322.072310158310     
   16211.346863158080      -0.20288463178183086       -139.43235017421767        18461.504660332528     
   16411.346863158080      -0.21529807933655498       -151.30720181602501        18612.811862148552     
   16611.346863158080      -0.23887029686069228       -160.07313423384250        18772.884996382396     
   16811.346863158080      -0.27304188576622879       -165.57951631731589        18938.464512699713     
   17011.346863158080      -0.29900516043749981       -170.50186015630123        19108.966372856015     
   17211.346863158080      -0.32470532130352048       -176.63961634638176        19285.605989202399     
   17411.346863158080      -0.34052870449256778       -187.41284229749294        19473.018831499892     
   17611.346863158080      -0.35175976688092414       -203.18920329545006        19676.208034795342     
   17811.346863158080      -0.36861800434503622       -216.99177131059002        19893.199806105931     
   18011.346863158080      -0.39274447125716538       -227.20770409391608        20120.407510199846     
   18211.346863158080      -0.41608297556055052       -235.85592343970004        20356.263433639546     
   18411.346863158080      -0.44254694816689044       -242.06837879291359        20598.331812432458     
   18611.346863158080      -0.47661906076638838       -243.96640893407212        20842.298221366531     
   18811.346863158080      -0.51102952778647937       -247.55349985386272        21089.851721220395     
   19011.346863158080      -0.54562499909426765       -251.50663268311263        21341.358353903506     
   19211.346863158080      -0.58217100036517422       -248.40103108680978        21589.759384990317     
   19411.346863158080      -0.61546827796206671       -250.81812725185014        21840.577512242166     
   19611.346863158080      -0.65420494275785201       -251.77881212908633        22092.356324371252     
   19811.346863158080      -0.69492632879393823       -252.61055081997387        22344.966875191225     
   20011.346863158080      -0.73717613893179157       -253.35904662058823        22598.325921811815     
   20211.346863158080      -0.78062139332839964       -253.99927554384618        22852.325197355662     
   20411.346863158080      -0.81407722569272045       -256.38698748360139        23108.712184839264     
   20611.346863158080      -0.84946271189185230       -257.68014021937972        23366.392325058645     
   20811.346863158080      -0.88608322459739397       -258.49992047074971        23624.892245529394     
   21011.346863158080      -0.93087326465803144       -257.65673332438092        23882.548978853774     
   21211.346863158080      -0.98206158574703362       -255.95543626315154        24138.504415116924     
   21411.346863158080       -1.0291262102567260       -255.55500076399144        24394.059415880914     
   21611.346863158080       -1.0719166280795569       -255.76370313890095        24649.823119019817     
   21811.346863158080       -1.1107166113200322       -256.25839682552379        24906.081515845341     
   22011.346863158080       -1.1462211449534199       -256.81130482895833        25162.892820674300     
   22211.346863158080       -1.1806107951198119       -257.08505823417926        25419.977878908481     
   22411.346863158080       -1.2090276343138397       -258.04605643680452        25678.023935345285     
   22611.346863158080       -1.2397027102741500       -258.04193629527816        25936.065871640563     
   22811.346863158080       -1.2691893338309372       -258.04518765005423        26194.111059290619     
   23011.346863158080       -1.2973412299893829       -258.05253566365531        26452.163594954272     
   23211.346863158080       -1.3239333609204429       -258.09406185807626        26710.257656812348     
   23411.346863158080       -1.3523117068145640       -257.65495955442589        26967.912616366775     
   23611.346863158080       -1.3829729587907340       -256.83747480099652        27224.750091167771     
   23811.346863158080       -1.4146172255465910       -255.98840450517079        27480.738495672940     
   24011.346863158080       -1.4468925718601444       -255.14265200620920        27735.881147679149     
   24211.346863158080       -1.4754279155045518       -254.92255374263809        27990.803701421788     
   24411.346863158080       -1.5032325283704076       -254.60554799657089        28245.409249418361     
   24611.346863158080       -1.5303020234075480       -254.27843858366518        28499.687688002025     
   24811.346863158080       -1.5579875527218428       -253.73440104837815        28753.422089050404     
   25011.346863158080       -1.5907913495462629       -252.41204069299962        29005.834129743402     
   25211.346863158080       -1.6251391593570101       -251.15450592339482        29256.988635666796     
   25411.346863158080       -1.6589810984370146       -250.17650424954437        29507.165139916338     
   25611.346863158080       -1.6917266648299791       -249.41948389365461        29756.584623809991     
   25811.346863158080       -1.7228096024430046       -248.87246089477583        30005.457084704765     
   26011.346863158080       -1.7520265341743180       -248.48543542178646        30253.942520126551     
   26211.346863158080       -1.7801266126994681       -248.09910257514557        30502.041622701698     
   26411.346863158080       -1.8049079221767275       -248.04686246749219        30750.088485169188     
   26611.346863158080       -1.8294451574923571       -247.76507050783405        30997.853555677022     
   26811.346863158080       -1.8534485098929294       -247.41635457800345        31245.269910255025     
   27011.346863158080       -1.8765935040587625       -247.08574000982799        31492.355650264853     
   27211.346863158080       -1.8990676329929639       -246.73837662529147        31739.094026890143     
   27411.346863158080       -1.9214432053782542       -246.30550094421031        31985.399527834354     
   27611.346863158080       -1.9444360415421273       -245.72605144926982        32231.125579283624     
   27811.346863158080       -1.9682111463828837       -245.03451313985937        32476.160092423484     
   28011.346863158080       -1.9925275026318876       -244.30522755766208        32720.465319981147     
   28211.346863158080       -2.0172532087302817       -243.56126109544482        32964.026581076592     
   28411.346863158080       -2.0420386231536525       -242.84868587072876        33206.875266947318     
   28611.346863158080       -2.0646666196663155       -242.46095056281513        33449.336217510136     
   28811.346863158080       -2.0861245607814158       -242.12359032331460        33691.459807833453     
   29011.346863158080       -2.1071938533381704       -241.72166694368465        33933.181474777135     
   29211.346863158080       -2.1295055341763014       -241.07059505983983        34174.252069836977     
   29411.346863158080       -2.1533750116012698       -240.23693849092703        34414.489008327902     
   29611.346863158080       -2.1782869265363973       -239.35247967289757        34653.841488000799     
   29811.346863158080       -2.2035983101104732       -238.50885259834487        34892.350340599143     
   30011.346863158080       -2.2287086099572657       -237.75837528805127        35130.108715887196     
   30211.346863158080       -2.2531446765868064       -237.12078505912754        35367.229500946327     
   30411.346863158080       -2.2766301631092896       -236.58798963318145        35603.817490579509     
   30611.346863158080       -2.2992995064140409       -236.10480934285226        35839.922299922364     
   30811.346863158080       -2.3197914990915356       -235.84886324730257        36075.771163169666     
   31011.346863158080       -2.3396584168623340       -235.52386074330008        36311.295023912964     
   31211.346863158080       -2.3591040719664740       -235.15123785849335        36546.446261771460     
   31411.346863158080       -2.3780079085792476       -234.77968508184972        36781.225946853308     
   31611.346863158080       -2.3963729570727548       -234.41200239978437        37015.637949253090     
   31811.346863158080       -2.4142932908088950       -234.03877985079112        37249.676729103885     
   32011.346863158080       -2.4320138034344621       -233.63402519475397        37483.310754298640     
   32211.346863158080       -2.4499619299608870       -233.15694069921594        37716.467694997853     
   32411.346863158080       -2.4683649849008020       -232.60726850207570        37949.074963499930     
   32611.346863158080       -2.4871930720629081       -232.01690502641043        38181.091868526339     
   32811.346863158076       -2.5063428566539772       -231.41073053213177        38412.502599058469     
   33011.346863158076       -2.5255575618751367       -230.82390611958422        38643.326505178055     
   33211.346863158076       -2.5446562489104916       -230.26857194339095        38873.595077121448     
   33411.346863158076       -2.5626829358371959       -229.85901492203743        39103.454092043488     
   33611.346863158076       -2.5798991544185634       -229.50170695185813        39332.955798995346     
   33811.346863158076       -2.5966615054380373       -229.13600218855524        39562.091801183902     
   34011.346863158076       -2.6134619958392822       -228.71012619264840        39790.801927376553     
   34211.346863158076       -2.6312228887160343       -228.13060533714196        40018.932532713698     
   34411.346863158076       -2.6498853647966145       -227.46844985114339        40246.400982564839     
   34611.346863158076       -2.6691326254419643       -226.79015706007178        40473.191139624912     
   34811.346863158076       -2.6886027632566933       -226.13923165126150        40699.330371276177     
   35011.346863158076       -2.7079569367362684       -225.54129289089539        40924.871664167069     
   35211.346863158076       -2.7269293756187585       -225.00618621067639        41149.877850377743     
   35411.346863158076       -2.7453507224448548       -224.53129466757781        41374.409145045320     
   35611.346863158076       -2.7632728654098440       -224.08906516536013        41598.498210210681     
   35811.346863158076       -2.7808750395869399       -223.64841683385083        41822.146627044531     
   36011.346863158076       -2.7973217797100487       -223.32700005060960        42045.473627095140     
   36211.346863158076       -2.8128280859725887       -223.05217643165014        42268.525803526791     
   36411.346863158076       -2.8276825936339183       -222.77774665712874        42491.303550183919     
   36611.346863158076       -2.8420972934042616       -222.48723118969539        42713.790781373616     
   36811.346863158076       -2.8562038885215424       -222.17842340761703        42935.969204781235     
   37011.346863158076       -2.8700949033784875       -221.85207884364539        43157.821283624879     
   37211.346863158076       -2.8839182236667975       -221.49926284291627        43379.320546467796     
   37411.346863158076       -2.8979012775173438       -221.10290123967971        43600.423447707479     
   37611.346863158076       -2.9121626027001213       -220.67870262688305        43821.102150334365     
   37811.346863158076       -2.9265931944967876       -220.23555698756422        44041.337707321931     
   38011.346863158076       -2.9412337482672259       -219.77376867342588        44261.111475995356     
   38211.346863158076       -2.9560808090294848       -219.29895446851188        44480.410430463868     
   38411.346863158076       -2.9709175378199215       -218.82901497893627        44699.239445442807     
   38611.346863158076       -2.9858346329272329       -218.36246646346714        44917.601911906277     
   38811.346863158076       -3.0008180010478229       -217.91053063702063        45135.512442543295     
   39011.346863158076       -3.0151669094575975       -217.54342929584374        45353.055871839140     
   39211.346863158076       -3.0288529372746824       -217.21862541018197        45570.274497249324     
   39411.346863158076       -3.0422533263334128       -216.90086961163709        45787.175366860960     
   39611.346863158076       -3.0555125147886417       -216.56204702162358        46003.737413882583     
   39811.346863158076       -3.0692323566626971       -216.12588018118566        46219.863294063769     
   40011.346863158076       -3.0836739608118480       -215.61348315440378        46435.476777218173     
   40211.346863158076       -3.0986127116975917       -215.07974937955467        46650.556526597727     
   40411.346863158076       -3.1137583270303990       -214.56232187848266        46865.118848476210     
   40611.346863158076       -3.1288601596269023       -214.08011601150508        47079.198964487718     
   40811.346863158076       -3.1437341435158954       -213.63924383551418        47292.838208323228     
   41011.346863158076       -3.1582626726478962       -213.23806012874590        47506.076268451972     
   41211.346863158076       -3.1724481427722351       -212.86249411568178        47718.938762567654     
   41411.346863158076       -3.1863833075896091       -212.49401428965825        47931.432776857313     
   41611.346863158076       -3.2002335955345362       -212.12301762145029        48143.555794478765     
   41811.346863158076       -3.2133357287089135       -211.81903459969925        48355.374829078464     
   42011.346863158076       -3.2258791909356184       -211.55281936482234        48566.927648443285     
   42211.346863158076       -3.2378821004728184       -211.30245525949337        48778.230103702779     
   42411.346863158076       -3.2494832725001563       -211.05188622469109        48989.281989927469     
   42611.346863158076       -3.2607824974807285       -210.79522437651491        49200.077214303987     
   42811.346863158076       -3.2718518018274034       -210.53091213725068        49410.608126441235     
   43011.346863158076       -3.2827493993725905       -210.25828294934601        49620.866409390583     
   43211.346863158076       -3.2935504952860923       -209.97375165487097        49830.840161045453     
   43411.346863158076       -3.3043998629261848       -209.66534416378926        50040.505505209243     
   43611.346863158076       -3.3154148018064746       -209.32878587561839        50249.834291084859     
   43811.346863158076       -3.3266449614626059       -208.96862971143852        50458.802920796297     
   44011.346863158076       -3.3380855648757910       -208.59305862336751        50667.395979419663     
   44211.346863158076       -3.3497078368335265       -208.20922424067561        50875.605203660336     
   44411.346863158076       -3.3614154784444272       -207.83011711877032        51083.435320779106     
   44611.346863158076       -3.3731106200822278       -207.46390130202872        51290.899222081134     
   44811.346863158076       -3.3847420233894083       -207.11050138970825        51498.009723470845     
   45011.346863158076       -3.3963072149330045       -206.76489150828536        51704.774614979127     
   45211.346863158076       -3.4075316468828825       -206.46028323738926        51911.234898216513     
   45411.346863158076       -3.4183295346809266       -206.19153587491590        52117.426434091431     
   45611.346863158076       -3.4287633828727730       -205.93964130918775        52323.366075400620     
   45811.346863158076       -3.4391177699911464       -205.66618593088899        52529.032261331507     
   46011.346863158076       -3.4496434187670602       -205.35265018566938        52734.384911517176     
   46211.346863158076       -3.4604459107085574       -205.00356588695686        52939.388477404136     
   46411.346863158076       -3.4715183589555054       -204.63263844004464        53144.021115844182     
   46611.346863158076       -3.4827920149242515       -204.25413620703557        53348.275252051215     
   46811.346863158076       -3.4941727634772559       -203.87956113613862        53552.154813187357     
   47011.346863158076       -3.5055639692290947       -203.51681902308331        53755.671632210440     
   47211.346863158076       -3.5168798784966286       -203.17040260421334        53958.842034814654     
   47411.346863158076       -3.5280524285527468       -202.84199103557998        54161.684025850234     
   47611.346863158076       -3.5390336195511711       -202.53116568920800        54364.215191539442     
   47811.346863158076       -3.5498344093078198       -202.23101097428588        54566.446202513725     
   48011.346863158076       -3.5605076193087037       -201.93276280172469        54768.378965315453     
   48211.346863158076       -3.5711047768883493       -201.63141154527779        54970.010376860730     
   48411.346863158076       -3.5813643867445792       -201.36372851717155        55171.374105377901     
   48611.346863158076       -3.5912181986998686       -201.12540188844392        55372.499507266344     
   48811.346863158076       -3.6007088709030866       -200.90262381261883        55573.402131078961     
   49011.346863158076       -3.6099013955035710       -200.68572105354784        55774.087852132507     
   49211.346863158076       -3.6188542340382686       -200.46953894954848        55974.557391082053     
   49411.346863158076       -3.6276164655523155       -200.25141790716322        56174.808808989219     
   49611.346863158076       -3.6362307826770710       -200.02978879967560        56374.838597788897     
   49811.346863158076       -3.6447175209778004       -199.80591072334551        56574.644508512240     
   50011.346863158076       -3.6531621896083921       -199.57154562145470        56774.216054133693     
   50211.346863158076       -3.6616677486656664       -199.31937089494178        56973.535425028633     
   50411.346863158076       -3.6703074100476192       -199.04793264872259        57172.583357677358     
   50611.346863158076       -3.6791120620019129       -198.76049280056242        57371.343850477919     
   50811.346863158076       -3.6880795917531386       -198.46217395501480        57569.806024432932     
   51011.346863158076       -3.6971912685850823       -198.15763277705420        57767.963657209984     
   51211.346863158076       -3.7063864262008464       -197.85497441933265        57965.818631629314     
   51411.346863158076       -3.7155939687905732       -197.56051647297025        58163.379148102285     
   51611.346863158076       -3.7247643043259586       -197.27596084853266        58360.655108950821     
   51811.346863158076       -3.7338782926168657       -196.99936146152669        58557.654470412344     
   52011.346863158076       -3.7429412242455742       -196.72717644208731        58754.381646854432     
   52211.346863158076       -3.7518074031856239       -196.47699563005136        58950.858642484483     
   52411.346863158076       -3.7603946810692612       -196.25084279468504        59147.109485279172     
   52611.346863158076       -3.7687101086511832       -196.04016971099827        59343.149654990171     
   52811.346863158076       -3.7768962029449114       -195.82386147329234        59538.973516463462     
   53011.346863158076       -3.7851153654922185       -195.58715149154935        59734.560667955011     
   53211.346863158076       -3.7934689738719327       -195.32753449778360        59929.888202452792     
   53411.346863158076       -3.8019917663211080       -195.04987711795874        60124.938079570748     
   53611.346863158076       -3.8106713713858076       -194.76152855492251        60319.699608125673     
   53811.346863158076       -3.8194682149230195       -194.46965784893288        60514.169265974604     
   54011.346863158076       -3.8283303939996123       -194.18013006135942        60708.349396035963     
   54211.346863158076       -3.8372038044067303       -193.89717288874220        60902.246568924704     
   54411.346863158076       -3.8460386587109787       -193.62341659721500        61095.869985521917     
   54611.346863158076       -3.8547932741730189       -193.36011127695750        61289.230096798878     
   54811.346863158076       -3.8634357986461407       -193.10742011955597        61482.337516918436     
   55011.346863158076       -3.8719577962465239       -192.86302390207223        61675.200540820508     
   55211.346863158076       -3.8803820254691592       -192.62203004363053        61867.822570864140     
   55411.346863158076       -3.8887441184253895       -192.38008752487931        62060.202658389018     
   55611.346863158076       -3.8969284876588146       -192.15365960613639        62252.356317995152     
   55811.346863158076       -3.9048816627227749       -191.94390833353995        62444.300226328691     
   56011.346863158076       -3.9126025400043751       -191.74613619001474        62636.046362518704     
   56211.346863158076       -3.9201093784408605       -191.55595903337124        62827.602321552076     
   56411.346863158076       -3.9274248586019462       -191.37037248317060        63018.972694035248     
   56611.346863158076       -3.9345721637086726       -191.18733848936128        63210.160032524611     
   56811.346863158076       -3.9415745592340374       -191.00533998841544        63401.165372513024     
   57011.346863158076       -3.9484554607312852       -190.82314541413757        63591.988517927159     
   57211.346863158076       -3.9552383502440600       -190.63970705988788        63782.628224987049     
   57411.346863158076       -3.9619386249915891       -190.45512685613733        63973.083351843190     
   57611.346863158076       -3.9686033936567160       -190.26512111909835        64163.348472962287     
   57811.346863158076       -3.9752966951001030       -190.06483818057959        64353.413311142867     
   58011.346863158076       -3.9820734355887377       -189.85204625665926        64543.265357399527     
   58211.346863158076       -3.9889660994502489       -189.62747336610479        64732.892830765632     
   58411.346863158076       -3.9959843671304549       -189.39369483939942        64922.286525605028     
   58611.346863158076       -4.0031216800771841       -189.15381008916793        65111.440335694198     
   58811.346863158076       -4.0103636734919084       -188.91046647687745        65300.350802171073     
   59011.346863158076       -4.0176717972141933       -188.66836139751811        65489.019163568591     
   59211.346863158076       -4.0249965720722187       -188.43181825886143        65677.450981827453     
   59411.346863158076       -4.0322973466035403       -188.20273146852139        65865.653713295978     
   59611.346863158076       -4.0395515642970805       -187.98057034925782        66053.634283645239     
   59811.346863158076       -4.0467541262990050       -187.76338291271080        66241.397666557954     
   60011.346863158076       -4.0538288470237935       -187.55937733132404        66428.957043889284     
   60211.346863158076       -4.0607181116424211       -187.37105261424227        66616.328096503523     
   60411.346863158076       -4.0674073116171447       -187.19530905782761        66803.523405561355     
   60611.346863158076       -4.0739140031681567       -187.02706096343755        66990.550466524786     
   60811.346863158076       -4.0803209374772109       -186.85535298937594        67177.405819514155     
   61011.346863158076       -4.0867261103544728       -186.67168656615192        67364.077506080313     
   61211.346863158076       -4.0932016021076443       -186.47336633576117        67550.550872416075     
   61411.346863158076       -4.0997841028309541       -186.26198401611850        67736.812856432196     
   61611.346863158076       -4.1064808926782401       -186.04115534719540        67922.854011779389     
   61811.346863158076       -4.1132790897612583       -185.81498184416793        68108.668993623563     
   62011.346863158076       -4.1201537821490586       -185.58724370458160        68294.256237328140     
   62211.346863158076       -4.1270742512067180       -185.36104421983111        68479.617281547966     
   62411.346863158076       -4.1340084906690215       -185.13869734487886        68664.755978892848     
   62611.346863158076       -4.1409263569008523       -184.92174187339742        68849.677720766253     
   62811.346863158076       -4.1478015747181187       -184.71102797852646        69034.388748744779     
   63011.346863158076       -4.1546128301559282       -184.50683825124858        69218.895586996034     
   63211.346863158076       -4.1613437457821831       -184.30907185899312        69403.204658855029     
   63411.346863158076       -4.1679969341728977       -184.11555939588942        69587.320218250912     
   63611.346863158076       -4.1745928688628124       -183.92300272516422        69771.243220976074     
   63811.346863158076       -4.1811573135714752       -183.72879988508768        69954.972020861154     
   64011.346863158076       -4.1876291188325165       -183.54214844907753        70138.514169310234     
   64211.346863158076       -4.1939599799771150       -183.36641733634596        70321.880586646585     
   64411.346863158076       -4.2001321419318955       -183.20038638953218        70505.080973036122     
   64611.346863158076       -4.2061468753612257       -183.04161533644566        70688.122588372571     
   64811.346863158076       -4.2120142095618798       -182.88787676905704        70871.010465141633     
   65011.346863158076       -4.2177478153689423       -182.73742742090010        71053.747892562533     
   65211.346863158076       -4.2233628956766776       -182.58892718363896        71236.336819746168     
   65411.346863158076       -4.2288753037236662       -182.44132257998129        71418.778142326148     
   65611.346863158076       -4.2343010767838205       -182.29376487875913        71601.071907204911     
   65811.346863158076       -4.2396561133055792       -182.14555978533582        71783.217466990245     
   66011.346863158076       -4.2449586996924191       -181.99578560290607        71965.213252593152     
   66211.346863158076       -4.2502343127361719       -181.84278841174668        72147.056041004893     
   66411.346863158076       -4.2555178504433950       -181.68418223387360        72328.740223238769     
   66611.346863158076       -4.2608457482443338       -181.51806093540668        72510.258284174182     
   66811.346863158076       -4.2662469145590798       -181.34381575412019        72691.602099928306     
   67011.346863158076       -4.2717380042891309       -181.16215399871456        72872.764253927016     
   67211.346863158076       -4.2773233921900315       -180.97463938414035        73053.738893311151     
   67411.346863158076       -4.2829981463905931       -180.78311959439122        73234.522012905538     
   67611.346863158076       -4.2887521443891377       -180.58925795932808        73415.111270864872     
   67811.346863158076       -4.2945739665735996       -180.39425238838487        73595.505523253261     
   68011.346863158076       -4.3004392493359376       -180.20057086352054        73775.706094116787     
   68211.346863158076       -4.3063145975723156       -180.01094720966751        73955.717041326454     
   68411.346863158076       -4.3121692409708423       -179.82695563391596        74135.543996960376     
   68611.346863158076       -4.3179827897570355       -179.64864541793759        74315.192642378315     
   68811.346863158076       -4.3237468055202628       -179.47496308529378        74494.667605463605     
   69011.346863158076       -4.3294625674389735       -179.30436393325715        74673.971969396865     
   69211.346863158076       -4.3350930395078402       -179.14089051116972        74853.112859908040     
   69411.346863158076       -4.3406000403258620       -178.98702163710504        75032.099881545146     
   69611.346863158076       -4.3459649863747005       -178.84216213166457        75210.942043676812     
   69811.346863158076       -4.3512045763607201       -178.70203732653513        75389.644081003353     
   70011.346863158076       -4.3563677211465990       -178.56039505288123        75568.204476056228     
   70211.346863158076       -4.3615089095241721       -178.41272469012398        75746.617200746346     
   70411.346863158076       -4.3666707473618613       -178.25727482846139        75924.874475574805     
   70611.346863158076       -4.3718790816090856       -178.09438966970075        76102.968865244504     
   70811.346863158076       -4.3771445891043790       -177.92556851890180        76280.894433763402     
   71011.346863158076       -4.3824663349666615       -177.75276401750236        76458.647197780898     
   71211.346863158076       -4.3878353768447393       -177.57795741777690        76636.225155198670     
   71411.346863158076       -4.3932378434985715       -177.40292864548840        76813.628083844160     
   71611.346863158076       -4.3986574045323916       -177.22914572623537        76990.857229570393     
   71811.346863158076       -4.4040771726317320       -177.05772591791629        77167.914955488304     
   72011.346863158076       -4.4094810965254609       -176.88944095398506        77344.804396442283     
   72211.346863158076       -4.4148549034361535       -176.72474957018494        77521.529146012472     
   72411.346863158076       -4.4201866755842714       -176.56384304873754        77698.092989061202     
   72611.346863158076       -4.4254671185170942       -176.40669766782693        77874.499686729032     
   72811.346863158076       -4.4306955382841693       -176.25238227146028        78050.752069000489     
   73011.346863158076       -4.4358823882762639       -176.09908288836024        78226.851151888855     
   73211.346863158076       -4.4410446908493713       -175.94493896886166        78402.796090857722     
   73411.346863158076       -4.4461991095826114       -175.78878419376466        78578.584875051485     
   73611.346863158076       -4.4513124401836475       -175.63596099036394        78754.220836041844     
   73811.346863158076       -4.4563607242373404       -175.48818389639422        78929.709019938236     
   74011.346863158076       -4.4613313672942301       -175.34539287016543        79105.054412808400     
   74211.346863158076       -4.4662141816537062       -175.20759091148821        79280.262003719894     
   74411.346863158076       -4.4710005236255963       -175.07478125367783        79455.336784973566     
   74611.346863158076       -4.4756855066046564       -174.94663760039120        79630.283422573964     
   74811.346863158076       -4.4802692182639960       -174.82246253273536        79805.105885106706     
   75011.346863158076       -4.4847564213181057       -174.70133193975607        79979.807217046458     
   75211.346863158076       -4.4891554384385586       -174.58226422543217        80154.389481271894     
   75411.346863158076       -4.4934768740906161       -174.46434096955366        80328.853822241450     
   75611.346863158076       -4.4977325132099120       -174.34676903635747        80503.200591277811     
   75811.346863158076       -4.5019345029227269       -174.22889884605138        80677.429490123861     
   76011.346863158076       -4.5060957463008462       -174.11009899512277        80851.539589118984     
   76211.346863158076       -4.5102365784985530       -173.98890948349862        81025.528498602478     
   76411.346863158076       -4.5143837436207015       -173.86350903143230        81199.392007633913     
   76611.346863158076       -4.5185643041603623       -173.73253954342562        81373.124547177344     
   76811.346863158076       -4.5228000265540400       -173.59552670848083        81546.720073885823     
   77011.346863158076       -4.5271045096870051       -173.45285503515780        81720.172928920976     
   77211.346863158076       -4.5314829622744295       -173.30549971560472        81893.478428636576     
   77411.346863158076       -4.5359337279486303       -173.15469661356462        82066.633125250140     
   77611.346863158076       -4.5404506143505037       -173.00165719104214        82239.634782441179     
   77811.346863158076       -4.5450252988999651       -172.84737431760158        82412.482156758779     
   78011.346863158076       -4.5496493535921765       -172.69252530124311        82585.174682060024     
   78211.346863158076       -4.5543069519232073       -172.53854576258036        82757.713227822605     
   78411.346863158076       -4.5589753357734164       -172.38725542102964        82930.100483243630     
   78611.346863158076       -4.5636313811334954       -172.23996271034650        83102.340445953974     
   78811.346863158076       -4.5682573905683856       -172.09704762135343        83274.437493575329     
   79011.346863158076       -4.5728434216251692       -171.95807412806514        83446.395567703395     
   79211.346863158076       -4.5773867942771149       -171.82212777059067        83618.217695473984     
   79411.346863158076       -4.5818902555299612       -171.68814148798614        83789.905836961974     
   79611.346863158076       -4.5863352302970117       -171.55819663359932        83961.464033595577     
   79811.346863158076       -4.5907009588039074       -171.43373785506301        84132.897771450647     
   80011.346863158076       -4.5949772125605595       -171.31449949834663        84304.212270948992     
   80211.346863158076       -4.5991734148029098       -171.19814596754870        84475.410416916537     
   80411.346863158076       -4.6033122329062390       -171.08182025074237        84646.492237167273     
   80611.346863158076       -4.6074199352014666       -170.96331324328918        84817.455550410567     
   80811.346863158076       -4.6115199512267750       -170.84140369379162        84988.296954104357     
   81011.346863158076       -4.6156299704465216       -170.71574084162566        85159.012694945981     
   81211.346863158076       -4.6197612792203548       -170.58659275992417        85329.599287705903     
   81411.346863158076       -4.6239192338827433       -170.45460566266084        85500.053893368560     
   81611.346863158076       -4.6281042258358660       -170.32061521160151        85670.374508580164     
   81811.346863158076       -4.6323128084320153       -170.18551068498144        85840.560019265147     
   82011.346863158076       -4.6365388202164635       -170.05014243677721        86010.610161701930     
   82211.346863158076       -4.6407744177537991       -169.91526290947161        86180.525424611405     
   82411.346863158076       -4.6450109698748054       -169.78149342312227        86350.306918034534     
   82611.346863158076       -4.6492397882875327       -169.64931063377571        86519.956228668307     
   82811.346863158076       -4.6534526869404740       -169.51904753882135        86689.475276207129     
   83011.346863158076       -4.6576423769547270       -169.39090451778011        86858.866180724915     
   83211.346863158076       -4.6618027149797001       -169.26496643883624        87028.131147163745     
   83411.346863158076       -4.6659288287293963       -169.14122264408661        87197.272369807833     
   83611.346863158076       -4.6700202352332196       -169.01920263184834        87366.291572439688     
   83811.346863158076       -4.6740831788395116       -168.89786008222600        87535.189432521918     
   84011.346863158076       -4.6781291306497863       -168.77594637115055        87703.965378893074     
   84211.346863158076       -4.6821708884697184       -168.65249370104448        87872.617872594114     
   84411.346863158076       -4.6862189720907352       -168.52707315602629        88041.144945750144     
   84611.346863158076       -4.6902551429574197       -168.40284137224361        88209.547787122385     
   84811.346863158076       -4.6942597797107144       -168.28165710328867        88377.829444225674     
   85011.346863158076       -4.6982273360337841       -168.16305023873278        88545.992494464401     
   85211.346863158076       -4.7021545141176482       -168.04673344095670        88714.039227905363     
   85411.346863158076       -4.7060329425766767       -167.93327380843158        88881.972501713797     
   85611.346863158076       -4.7098511569484751       -167.82343607697132        89049.795937790768     
   85811.346863158076       -4.7135990435750426       -167.71759932537009        89217.513537116145     
   86011.346863158076       -4.7172706637694226       -167.61561135017797        89385.129148466323     
   86211.346863158076       -4.7208649373544684       -167.51691579111647        89552.646064257438     
   86411.346863158076       -4.7243849924672441       -167.42075039017445        89720.066814647609     
