 #              _____________________  _______________________             #
 #              ___  __ \__  __ \_  / / /_  /___  ____/_  ___/             #
 #              __  / / /_  /_/ /  / / /_  __/_  __/  _____ \              #
 #              _  /_/ /_  _, _// /_/ / / /_ _  /___  ____/ /              #
 #              /_____/ /_/ |_| \____/  \__/ /_____/  /____/               #
 #                                                                         #
  
 #        time                      T            heat flux [W.L-2]   in    x              directions   cumulative flux
 #-----------------------------------------------------------------------------------------------

   0.0000000000000000        10.000000000000000       -0.0000000000000000        0.0000000000000000     
   1.0000000000000000        9.9999999999999982       -0.0000000000000000        0.0000000000000000     
   1.9540000000000002        10.000000000000000       -0.0000000000000000        0.0000000000000000     
   2.8641160000000001        10.000000000000000       -0.0000000000000000        0.0000000000000000     
   3.8288389600000006        10.000000000000000       -0.0000000000000000        0.0000000000000000     
   4.8514452976000007        10.000000000000000       -0.0000000000000000        0.0000000000000000     
   5.9354080154560007        10.000000000000002       -0.0000000000000000        0.0000000000000000     
   7.0844084963833609        10.000000000000002       -0.0000000000000000        0.0000000000000000     
   8.3023490061663630        10.000000000000000       -0.0000000000000000        0.0000000000000000     
   9.5933659465363448        10.000000000000000       -0.0000000000000000        0.0000000000000000     
   10.961843903328527        10.000000000000000       -0.0000000000000000        0.0000000000000000     
   12.412430537528239        10.000000000000000       -0.0000000000000000        0.0000000000000000     
   13.950052369779934        10.000000000000002       -0.0000000000000000        0.0000000000000000     
   15.579931511966731        10.000000000000000       -0.0000000000000000        0.0000000000000000     
   17.307603402684734        10.000000000000000       -0.0000000000000000        0.0000000000000000     
   19.138935606845820        10.000000000000000       -0.0000000000000000        0.0000000000000000     
   21.080147743256571        9.9999999999999982       -0.0000000000000000        0.0000000000000000     
   23.137832607851966        9.9999999999999982        5.6488147492927924E-013   5.6488147492927924E-013
   25.318978564323086        9.9999999999999964        5.6488147492927924E-013   1.1297629498585585E-012
   27.630993278182473        9.9999999999999982        5.6488147492927924E-013   1.6946444247878377E-012
   30.081728874873424        9.9999999999999964        5.6488147492927924E-013   2.2595258997171170E-012
   32.679508607365833        9.9999999999999964       -0.0000000000000000        2.2595258997171170E-012
   35.433155123807786        9.9999999999999982       -0.0000000000000000        2.2595258997171170E-012
   38.352020431236255        9.9999999999999982        5.6488147492927924E-013   2.8244073746463962E-012
   41.446017657110431        9.9999999999999982        5.6488147492927924E-013   3.3892888495756755E-012
   44.725654716537058        10.000000000000000        5.6488147492927924E-013   3.9541703245049543E-012
   48.202069999529286        10.000000000000000        5.6488147492927924E-013   4.5190517994342340E-012
   51.887070199501046        10.000000000000000        5.6488147492927924E-013   5.0839332743635136E-012
   55.793170411471110        10.000000000000000        5.6488147492927924E-013   5.6488147492927932E-012
   59.933636636159378        10.000000000000000        5.6488147492927924E-013   6.2136962242220729E-012
   64.322530834328944        10.000000000000000        5.6488147492927924E-013   6.7785776991513525E-012
   68.974758684388689        10.000000000000000        5.6488147492927924E-013   7.3434591740806322E-012
   73.906120205452012        10.000000000000000       -0.0000000000000000        7.3434591740806322E-012
   79.133363417779137        9.9999999999999982       -0.0000000000000000        7.3434591740806322E-012
   84.674241222845893        10.000000000000000       -0.0000000000000000        7.3434591740806322E-012
   90.547571696216650        10.000000000000000       -0.0000000000000000        7.3434591740806322E-012
   96.773301997989648        10.000000000000000       -0.0000000000000000        7.3434591740806322E-012
   99.476364677492242        10.000000000000000       -0.0000000000000000        7.3434591740806322E-012
   102.34161111776500        10.000000000000000       -0.0000000000000000        7.3434591740806322E-012
   105.37877234445412        10.000000000000002       -0.0000000000000000        7.3434591740806322E-012
   108.59816324474458        10.000000000000002       -0.0000000000000000        7.3434591740806322E-012
   112.01071759905247        10.000000000000000       -0.0000000000000000        7.3434591740806322E-012
   115.62802521461883        10.000000000000000       -0.0000000000000000        7.3434591740806322E-012
   119.46237128711918        9.9999999999999982       -0.0000000000000000        7.3434591740806322E-012
   123.52677812396955        9.9999999999999964       -0.0000000000000000        7.3434591740806322E-012
   127.83504937103093        9.9999999999999964       -0.0000000000000000        7.3434591740806322E-012
   132.40181689291600        9.9999999999999964       -0.0000000000000000        7.3434591740806322E-012
   137.24259046611419        9.9999999999999964        5.6488147492927924E-013   7.9083406490099118E-012
   142.37381045370427        9.9999999999999982       -0.0000000000000000        7.9083406490099118E-012
   147.81290364054973        9.9999999999999982       -5.6488147492927924E-013   8.4732221239391915E-012
   153.57834241860593        9.9999999999999982       -5.6488147492927924E-013   9.0381035988684711E-012
   159.68970752334550        9.9999999999999982       -5.6488147492927924E-013   9.6029850737977508E-012
   166.16775453436946        9.9999999999999982       -5.6488147492927924E-013   1.0167866548727030E-011
   173.03448436605484        9.9999999999999964       -0.0000000000000000        1.0167866548727030E-011
   180.31321798764137        9.9999999999999964       -0.0000000000000000        1.0167866548727030E-011
   188.02867562652307        9.9999999999999982       -0.0000000000000000        1.0167866548727030E-011
   196.20706072373767        9.9999999999999964       -0.0000000000000000        1.0167866548727030E-011
   204.87614892678516        9.9999999999999964       -0.0000000000000000        1.0167866548727030E-011
   214.06538242201549        9.9999999999999964       -0.0000000000000000        1.0167866548727030E-011
   223.80596992695965        9.9999999999999964       -0.0000000000000000        1.0167866548727030E-011
   234.13099268220046        9.9999999999999964       -5.6488147492927924E-013   1.0732748023656310E-011
   245.07551680275571        9.9999999999999947       -1.6946444247878377E-012   1.2427392448444147E-011
   256.67671237054429        9.9999999999999929       -4.5190517994342340E-012   1.6946444247878383E-011
   268.97397967240016        9.9999999999999822       -1.2992273923373424E-011   2.9938718171251808E-011
   282.00908301236740        9.9999999999999485       -3.6152414395473872E-011   6.6091132566725680E-011
   295.82629255273270        9.9999999999998543       -9.8289376637694594E-011   1.6438050920442027E-010
   310.47253466551990        9.9999999999995914       -2.6436453026690272E-010   4.2874503947132299E-010
   325.99755130507430        9.9999999999988596       -7.0384231776188223E-010   1.1325873572332053E-009
   342.45406894300197        9.9999999999968665       -1.8471624230187442E-009   2.9797497802519493E-009
   359.89797763920529        9.9999999999915055       -4.7619508336538316E-009   7.7417006139057809E-009
   378.38852085718082        9.9999999999773941       -1.2052876030566075E-008   1.9794576644471857E-008
   397.98849666823492        9.9999999999409912       -2.9908214571605878E-008   4.9702791216077736E-008
   418.76447102795225        9.9999999998490683       -7.2703635112249269E-008   1.2240642632832702E-007
   440.78700384925264        9.9999999996220197       -1.7300907373397277E-007   2.9541550006229977E-007
   462.80953667055303        9.9999999991354809       -3.7799552288223646E-007   6.7341102294453623E-007
   486.15342146113142        9.9999999980449896       -8.1571144505702807E-007   1.4891224680015643E-006
   510.89793933914450        9.9999999956374470       -1.7355604846620248E-006   3.2246829526635891E-006
   537.12712828983842        9.9999999904093535       -3.6354387766860255E-006   6.8601217293496147E-006
   563.35631724053235        9.9999999803939534       -7.1111872550577260E-006   1.3971308984407341E-005
   591.15925752826786        9.9999999602851108       -1.3767977073116541E-005   2.7739286057523880E-005
   620.63037423326750        9.9999999204285022       -2.6340951340225735E-005   5.4080237397749615E-005
   650.10149093826715        9.9999998499542997       -4.7598036062177571E-005   1.0167827345992719E-004
   679.57260764326679        9.9999997310743662       -8.1976332293667384E-005   1.8365460575359458E-004
   710.81199135056647        9.9999995198373082       -1.4046144764787467E-004   3.2411605340146928E-004
   743.92573808030409        9.9999991474196612       -2.3905718944979899E-004   5.6317324285126832E-004
   779.02630961382602        9.9999984968578666       -4.0355996612180853E-004   9.6673320897307691E-004
   816.23291543935920        9.9999973721981732       -6.7489902356136430E-004   1.6416322325344412E-003
   855.67191761442439        9.9999954500923245       -1.1169426936184477E-003   2.7585749261528889E-003
   895.11091978948957        9.9999924785476146       -1.7702864715142576E-003   4.5288613976671461E-003
   936.91626209505864        9.9999876526951539       -2.7835637851180836E-003   7.3124251827852297E-003
   981.22992493896186        9.9999798931163291       -4.3379181640253017E-003   1.1650343346810532E-002
   1028.2024075534994        9.9999675499672858       -6.6945621229732629E-003   1.8344905469783797E-002
   1077.9932391249090        9.9999481390741050       -1.0223954901540570E-002   2.8568860371324369E-002
   1127.7840706963186        9.9999203435920592       -1.5050558176906160E-002   4.3619418548230530E-002
   1177.5749022677282        9.9998817335784658       -2.1468612226356050E-002   6.5088030774586580E-002
   1227.3657338391379        9.9998294996197057       -2.9797100764441555E-002   9.4885131539028139E-002
   1269.5883590116932        9.9997734988111446       -3.8438927034815260E-002  0.13332405857384338     
   1314.3443416946020        9.9996984671008953       -4.9629543353719892E-002  0.18295360192756327     
   1359.1003243775108        9.9996050117893081       -6.3114471561858995E-002  0.24606807348942228     
   1406.5416660213941        9.9994816888887694       -8.0307271279289619E-002  0.32637534476871188     
   1456.8294881639104        9.9993191411949809      -0.10217375099985392       0.42854909576856581     
   1510.1345796349776        9.9991052735751627      -0.12989999012916326       0.55844908589772912     
   1566.6379765943088        9.9988245517096317      -0.16492993684809626       0.72337902274582544     
   1626.5315773712000        9.9984571622066412      -0.20900511591331009       0.93238413865913550     
   1690.0187941947047        9.9979780211955891      -0.26420512719443001        1.1965892658535655     
   1757.3152440276197        9.9973556221712414      -0.33298715973188137        1.5295764255854469     
   1828.6494808505095        9.9965507193119443      -0.41822228798326472        1.9477987135687116     
   1904.2637718827727        9.9955148498561002      -0.52322589597300251        2.4710246095417139     
   1984.4149203769718        9.9941887084187222      -0.65177922984898906        3.1228038393907029     
   2069.3751377808230        9.9925003972875679      -0.80813884130314173        3.9309426806938448     
   2159.4329682289049        9.9903635895246339      -0.99703059304029307        4.9279732737341382     
   2254.8942685038719        9.9876756555632653       -1.2236250248747484        6.1515982986088869     
   2350.3555687788389        9.9845348639455658       -1.4766448947100634        7.6282431933189505     
   2445.8168690538059        9.9809143701499163       -1.7558752788611904        9.3841184721801412     
   2547.0058473452709        9.9765097608955493       -2.0807542077186150        11.464872679898756     
   2654.2661643342240        9.9711759223578440       -2.4566108753430727        13.921483555241828     
   2767.9621003425141        9.9647480667601336       -2.8888994621864890        16.810383017428318     
   2888.4797925113016        9.9570408098255907       -3.3830929154438856        20.193475932872204     
   3016.2285462102163        9.9478475988091510       -3.9445600804075980        24.138036013279802     
   3151.6422251310660        9.9369405721405215       -4.5784285851902968        28.716464598470097     
   3295.1807247871666        9.9240709266461273       -5.2894372983678295        34.005901896837926     
   3447.3315344226330        9.9089698551869780       -6.0817839682156691        40.087685865053594     
   3599.4823440580994        9.8924316305551052       -6.9076293924552905        46.995315257508885     
   3751.6331536935659        9.8744879335453994       -7.7619728147856719        54.757288072294557     
   3903.7839633290323        9.8551783074064634       -8.6400574457325217        63.397345518027080     
   4065.0638215426270        9.8332302941562286       -9.5922033724961953        72.989548890523281     
   4236.0204712490377        9.8083756253013341       -10.619688885156858        83.609237775680143     
   4417.2345199378324        9.7803369887320990       -11.723026396014156        95.332264171694305     
   4609.3214115479550        9.7488310110920207       -12.901892870464540        108.23415704215884     
   4801.4083031580776        9.7156598339545948       -14.084251726700444        122.31840876885929     
   5001.4083031580776        9.6794532214352831       -15.313392475516510        137.63180124437579     
   5201.4083031580776        9.6417131214659015       -16.535702500283744        154.16750374465954     
   5381.4083031580776        9.6066021956062606       -17.627162677188316        171.79466642184786     
   5572.2083031580778        9.5682113688659136       -18.771317608316398        190.56598403016426     
   5772.2083031580778        9.5268062642019729       -19.953623412344783        210.51960744250903     
   5972.2083031580778        9.4843589353945781       -21.116515725243946        231.63612316775297     
   6172.2083031580778        9.4409846726192281       -22.258113292682921        253.89423646043588     
   6372.2083031580778        9.3967927807956908       -23.376986171338800        277.27122263177466     
   6572.2083031580778        9.3518864744690866       -24.472082817758498        301.74330544953318     
   6732.2083031580778        9.3155545905810371       -25.332533990341680        327.07583943987487     
   6901.8083031580782        9.2766426728773332       -26.226704352493865        353.30254379236874     
   7071.4083031580785        9.2373847423381363       -27.102726910598939        380.40527070296770     
   7241.0083031580789        9.1978321388280193       -27.960455059627058        408.36572576259476     
   7420.7843031580787        9.1556330957851753       -28.849014598188326        437.21474036078308     
   7611.3468631580790        9.1106598685974696       -29.767721492940613        466.98246185372369     
   7811.3468631580790        9.0632626605472932       -30.706560006031317        497.68902185975503     
   8011.3468631580790        9.0157339915793475       -31.620318821714587        529.30934068146962     
   8211.3468631580799        8.9681343651566472       -32.509400108809615        561.81874079027921     
   8411.3468631580799        8.9205197851989180       -33.374283594091779        595.19302438437103     
   8611.3468631580799        8.8729420737703641       -34.215497213984008        629.40852159835504     
   8811.3468631580799        8.8254490833507671       -35.033612760012218        664.44213435836730     
   9011.3468631580799        8.7780848211561739       -35.829249849759726        700.27138420812707     
   9211.3468631580799        8.7308896183353291       -36.603062372912902        736.87444658103993     
   9411.3468631580799        8.6839004754312761       -37.355706677534066        774.23015325857398     
   9611.3468631580799        8.6371514184167459       -38.087819443429915        812.31797270200389     
   9811.3468631580799        8.5906737544340981       -38.800019435792542        851.11799213779648     
   10011.346863158080        8.5444961451525678       -39.492927416012719        890.61091955380925     
   10211.346863158080        8.4986446010015992       -40.167182241885008        930.77810179569428     
   10411.346863158080        8.4531425465983006       -40.823436400216863        971.60153819591119     
   10611.346863158080        8.4080110659447804       -41.462328393680153        1013.0638665895914     
   10811.346863158080        8.3632692300179272       -42.084458798699217        1055.1483253882907     
   11011.346863158080        8.3189343075603350       -42.690394095229685        1097.8387194835204     
   11211.346863158080        8.2750218353893850       -43.280683743982344        1141.1194032275027     
   11411.346863158080        8.2315456779822131       -43.855865826016981        1184.9752690535197     
   11611.346863158080        8.1885182212613437       -44.416449236645214        1229.3917182901648     
   11811.346863158080        8.1459507074681206       -44.962885477314146        1274.3546037674789     
   12011.346863158080        8.1038534996961840       -45.495565331606159        1319.8501690990852     
   12211.346863158080        8.0622360697857829       -46.014853985792605        1365.8650230848777     
   12411.346863158080        8.0211067407449370       -46.521138803206370        1412.3861618880842     
   12611.346863158080        7.9804724282919048       -47.014851237028495        1459.4010131251127     
   12811.346863158080        7.9403385620286482       -47.496455880074038        1506.8974690051868     
   13011.346863158080        7.9007091881005040       -47.966425230623372        1554.8638942358102     
   13211.346863158080        7.8615872143398047       -48.425209985720350        1603.2891042215306     
   13411.346863158080        7.8229746737113199       -48.873222196064276        1652.1623264175948     
   13611.346863158080        7.7848728193431329       -49.310849070045016        1701.4731754876398     
   13811.346863158080        7.7472820804415354       -49.738474699544824        1751.2116501871847     
   14011.346863158080        7.7102020579244002       -50.156481869189072        1801.3681320563737     
   14211.346863158080        7.6736316579351582       -50.565233981520770        1851.9333660378945     
   14411.346863158080        7.6375693772028672       -50.965045721126600        1902.8984117590212     
   14611.346863158080        7.6020135957495167       -51.356167971014877        1954.2545797300361     
   14811.346863158080        7.5669627194327997       -51.738799240072048        2005.9933789701081     
   15011.346863158080        7.5324151147866099       -52.113116762905619        2058.1064957330136     
   15211.346863158080        7.4983689584726028       -52.479300585457700        2110.5857963184712     
   15411.346863158080        7.4648221667412766       -52.837534234080529        2163.4233305525518     
   15611.346863158080        7.4317723874994774       -53.188000105485052        2216.6113306580369     
   15811.346863158080        7.3992169165844919       -53.530891533335605        2270.1422221913726     
   16011.346863158080        7.3671525000111888       -53.866435726538690        2324.0086579179115     
   16211.346863158080        7.3355751928339306       -54.194896653065278        2378.2035545709768     
   16411.346863158080        7.3044805183482024       -54.516535016043171        2432.7200895870201     
   16611.346863158080        7.2738638637028581       -54.831559036348381        2487.5516486233682     
   16811.346863158080        7.2437207573308129       -55.140118684935331        2542.6917673083035     
   17011.346863158080        7.2140467966847250       -55.442347844522388        2598.1341151528259     
   17211.346863158080        7.1848373241437091       -55.738414236339970        2653.8725293891657     
   17411.346863158080        7.1560870089071642       -56.028556613235679        2709.9010860024014     
   17611.346863158080        7.1277896107395140       -56.313080084349529        2766.2141660867510     
   17811.346863158080        7.0999381580096497       -56.592300468552651        2822.8064665553038     
   18011.346863158080        7.0725254557550894       -56.866476096283684        2879.6729426515876     
   18211.346863158080        7.0455446894188789       -57.135760738889168        2936.8087033904767     
   18411.346863158080        7.0189898523039940       -57.400199679000970        2994.2089030694779     
   18611.346863158080        6.9928558615678007       -57.659762740296955        3051.8686658097749     
   18811.346863158080        6.9671383415792114       -57.914400440439046        3109.7830662502138     
   19011.346863158080        6.9418331274272624       -58.164108909470400        3167.9471751596843     
   19211.346863158080        6.9169356397916495       -58.408982539712333        3226.3561576993966     
   19411.346863158080        6.8924403951664486       -58.649226889854781        3285.0053845892512     
   19611.346863158080        6.8683410758063630       -58.885092574104441        3343.8904771633556     
   19811.346863158080        6.8446311715811321       -59.116771186940468        3403.0072483502963     
   20011.346863158080        6.8213046288833752       -59.344348838588168        3462.3515971888846     
   20211.346863158080        6.7983559670079732       -59.567852874866553        3521.9194500637514     
   20411.346863158080        6.7757798515644030       -59.787339057387435        3581.7067891211386     
   20611.346863158080        6.7535703655631565       -60.002971434154844        3641.7097605552935     
   20811.346863158080        6.7317204178060521       -60.215044416088119        3701.9248049713815     
   21011.346863158080        6.7102217181807688       -60.423921776441276        3762.3487267478226     
   21211.346863158080        6.6890654284754714       -60.629921127162483        3822.9786478749852     
   21411.346863158080        6.6682433060279127       -60.833190720594331        3883.8118385955795     
   21611.346863158080        6.6477488005060899       -61.033650693647161        3944.8454892892269     
   21811.346863158080        6.6275775227103626       -61.231039470694732        4006.0765287599215     
   22011.346863158080        6.6077268664936692       -61.425039215352982        4067.5015679752746     
   22211.346863158080        6.5881950915955123       -61.615401974543623        4129.1169699498187     
   22411.346863158080        6.5689803236868496       -61.802025651244712        4190.9189956010632     
   22611.346863158080        6.5500797366696535       -61.984979911070887        4252.9039755121339     
   22811.346863158080        6.5314889733950974       -62.164502903717171        4315.0684784158511     
   23011.346863158080        6.5132020573511351       -62.340941628603503        4377.4094200444542     
   23211.346863158080        6.4952119470681886       -62.514639780535163        4439.9240598249889     
   23411.346863158080        6.4775115484159924       -62.685821111302701        4502.6098809362920     
   23611.346863158080        6.4600946811665905       -62.854533938128498        4565.4644148744210     
   23811.346863158080        6.4429564492928622       -63.020695680413247        4628.4851105548341     
   24011.346863158080        6.4260928392327035       -63.184207727787033        4691.6693182826211     
   24211.346863158080        6.4094998593613681       -63.345065944154612        4755.0143842267753     
   24411.346863158080        6.3931725288776597       -63.503439867275162        4818.5178240940504     
   24611.346863158080        6.3771042259441693       -63.659670583955808        4882.1774946780060     
   24811.346863158080        6.3612867854984563       -63.814177668417592        4945.9916723464239     
   25011.346863158080        6.3457115852915358       -63.967283277921759        5009.9589556243454     
   25211.346863158080        6.3303711881027782       -64.119051121040101        5074.0780067453852     
   25411.346863158080        6.3152606464375411       -64.269246457011363        5138.3472532023961     
   25611.346863158080        6.3003777956090037       -64.417437763918528        5202.7646909663144     
   25811.346863158080        6.2857225005520281       -64.563171446824754        5267.3278624131390     
   26011.346863158080        6.2712953273025906       -64.706128702398658        5332.0339911155379     
   26211.346863158080        6.2570963119235978       -64.846195615146613        5396.8801867306847     
   26411.346863158080        6.2431241948905782       -64.983452654694943        5461.8636393853794     
   26611.346863158080        6.2293760643159057       -65.118135062932254        5526.9817744483116     
   26811.346863158080        6.2158471758312590       -65.250604112556701        5592.2323785608687     
   27011.346863158080        6.2025312198716289       -65.381271363115061        5657.6136499239838     
   27211.346863158080        6.1894210646302792       -65.510495649136089        5723.1241455731197     
   27411.346863158080        6.1765098045817037       -65.638485524604178        5788.7626310977239     
   27611.346863158080        6.1637918016078972       -65.765242231589681        5854.5278733293135     
   27811.346863158080        6.1512632387891948       -65.890587250003108        5920.4184605793162     
   28011.346863158080        6.1389218499333822       -66.014277570153993        5986.4327381494704     
   28211.346863158080        6.1267659576877360       -66.136148637899936        6052.5688867873705     
   28411.346863158080        6.1147930544082021       -66.256251505222394        6118.8251382925928     
   28611.346863158080        6.1029986630481297       -66.374889496638446        6185.2000277892312     
   28811.346863158080        6.0913761473583099       -66.492520121076154        6251.6925479103074     
   29011.346863158080        6.0799177390555137       -66.609552902184760        6318.3021008124924     
   29211.346863158080        6.0686162410457261       -66.726164771873243        6385.0282655843657     
   29411.346863158080        6.0574665541006301       -66.842225848363583        6451.8704914327291     
   29611.346863158080        6.0464664067302847       -66.957351859908854        6518.8278432926381     
   29811.346863158080        6.0356161304848204       -67.071039118006667        6585.8988824106445     
   30011.346863158080        6.0249177104764557       -67.182818098625646        6653.0817005092704     
   30211.346863158080        6.0143735219226970       -67.292373746857265        6720.3740742561276     
   30411.346863158080        6.0039851504856880       -67.399606464227432        6787.7736807203555     
   30611.346863158080        5.9937526662305824       -67.504617193031208        6855.2782979133863     
   30811.346863158080        5.9836744378086397       -67.607644018513867        6922.8859419319006     
   31011.346863158080        5.9737472167405654       -67.709008165228511        6990.5949500971292     
   31211.346863158080        5.9639661560209971       -67.809102053990486        7058.4040521511197     
   31411.346863158080        5.9543252473781987       -67.908314928774004        7126.3123670798941     
   31611.346863158080        5.9448181918152434       -68.006933344455931        7194.3193004243503     
   31811.346863158080        5.9354391743497024       -68.105103572199397        7262.4244039965497     
   32011.346863158080        5.9261834629777193       -68.202822887192298        7330.6272268837420     
   32211.346863158080        5.9170479359358525       -68.299930588535062        7398.9271574722770     
   32411.346863158080        5.9080312906101504       -68.396141813072845        7467.3232992853500     
   32611.346863158080        5.8991335838606798       -68.491154367750525        7535.8144536531008     
   32811.346863158076        5.8903551570566961       -68.584784403797556        7604.3992380568980     
   33011.346863158076        5.8816950496428388       -68.677112415164927        7673.0763504720626     
   33211.346863158076        5.8731498415149002       -68.768502372782351        7741.8448528448453     
   33411.346863158076        5.8647135963530763       -68.859476140877405        7810.7043289857229     
   33611.346863158076        5.8563787668242000       -68.950538363129908        7879.6548673488523     
   33811.346863158076        5.8481379043320381       -69.041979323860446        7948.6968466727130     
   34011.346863158076        5.8399854559271240       -69.133757600938011        8017.8306042736513     
   34211.346863158076        5.8319188750037148       -69.225517508787618        8087.0561217824388     
   34411.346863158076        5.8239387781798451       -69.316703362225397        8156.3728251446646     
   34611.346863158076        5.8160482965939284       -69.406708703688281        8225.7795338483520     
   34811.346863158076        5.8082519329814319       -69.495014671929169        8295.2745485202813     
   35011.346863158076        5.8005542657100051       -69.581289135778363        8364.8558376560595     
   35211.346863158076        5.7929587988166782       -69.665433127081911        8434.5212707831415     
   35411.346863158076        5.7854671613784596       -69.747575543000607        8504.2688463261420     
   35611.346863158076        5.7780789040467599       -69.828003314542670        8574.0968496406840     
   35811.346863158076        5.7707917796552977       -69.907073093744700        8644.0039227344296     
   36011.346863158076        5.7636020241393773       -69.985175101839189        8713.9890978362691     
   36211.346863158076        5.7565050120225099       -70.062650764782532        8784.0517486010522     
   36411.346863158076        5.7494962002531507       -70.139706111720542        8854.1914547127726     
   36611.346863158076        5.7425716648796481       -70.216422380982337        8924.4078770937558     
   36811.346863158076        5.7357279831620680       -70.292838765136850        8994.7007158588931     
   37011.346863158076        5.7289618010892180       -70.369023325183917        9065.0697391840768     
   37211.346863158076        5.7222698786177002       -70.445033758694450        9135.5147729427717     
   37411.346863158076        5.7156497846712089       -70.520813938671452        9206.0355868814440     
   37611.346863158076        5.7090991232806321       -70.596339395907449        9276.6319262773522     
   37811.346863158076        5.7026187002792685       -70.671245634805388        9347.3031719121573     
   38011.346863158076        5.6962086955945610       -70.745403703532745        9418.0485756156904     
   38211.346863158076        5.6898683554396436       -70.818874011185244        9488.8674496268759     
   38411.346863158076        5.6835959309221682       -70.891849338883191        9559.7592989657587     
   38611.346863158076        5.6773843998231159       -70.965072950311196        9630.7243719160706     
   38811.346863158076        5.6712242634938459       -71.039301204054738        9701.7636731201255     
   39011.346863158076        5.6651082377425759       -71.114759762059222        9772.8784328821839     
   39211.346863158076        5.6590313272519532       -71.191308959246797        9844.0697418414311     
   39411.346863158076        5.6529875467450541       -71.268967049741974        9915.3387088911732     
   39611.346863158076        5.6469778148429750       -71.347036565625743        9986.6857454567980     
   39811.346863158076        5.6410065615619347       -71.424691883409764        10058.110437340209     
   40011.346863158076        5.6350777584914828       -71.501443965775053        10129.611881305984     
   40211.346863158076        5.6291978162189453       -71.576717972951514        10201.188599278936     
   40411.346863158076        5.6233735935727296       -71.650070868319872        10272.838670147255     
   40611.346863158076        5.6176113767085543       -71.721253246347743        10344.559923393603     
   40811.346863158076        5.6119159304899817       -71.790243595191967        10416.350166988796     
   41011.346863158076        5.6062898300871034       -71.857240220559802        10488.207407209355     
   41211.346863158076        5.6007334155980946       -71.922580609664891        10560.129987819020     
   41411.346863158076        5.5952452444951817       -71.986643132629808        10632.116630951650     
   41611.346863158076        5.5898206100012100       -72.050007319695027        10704.166638271345     
   41811.346863158076        5.5844583404199124       -72.112744800024387        10776.279383071369     
   42011.346863158076        5.5791502615425417       -72.175570430575192        10848.454953501945     
   42211.346863158076        5.5738932251469011       -72.238482842220876        10920.693436344165     
   42411.346863158076        5.5686837930683062       -72.301496661505638        10992.994933005672     
   42611.346863158076        5.5635192332677486       -72.364597047157375        11065.359530052829     
   42811.346863158076        5.5583968579860663       -72.427828041860039        11137.787358094689     
   43011.346863158076        5.5533135793890631       -72.491305863151666        11210.278663957841     
   43211.346863158076        5.5482663030976536       -72.555113391742950        11282.833777349584     
   43411.346863158076        5.5432530798313460       -72.619152445857992        11355.452929795441     
   43611.346863158076        5.5382740308662672       -72.683109437191604        11428.136039232633     
   43811.346863158076        5.5333311822831295       -72.746582485574024        11500.882621718207     
   44011.346863158076        5.5284272248862134       -72.809278142261647        11573.691899860469     
   44211.346863158076        5.5235639030899879       -72.871154598521173        11646.563054458989     
   44411.346863158076        5.5187400628006440       -72.932561596733152        11719.495616055723     
   44611.346863158076        5.5139509830288986       -72.994137088776839        11792.489753144500     
   44811.346863158076        5.5091895444308072       -73.056525771150476        11865.546278915650     
   45011.346863158076        5.5044481550061164       -73.120158706883217        11938.666437622533     
   45211.346863158076        5.4997210868837509       -73.185069459669478        12011.851507082201     
   45411.346863158076        5.4950060122399984       -73.250895906144663        12085.102402988347     
   45611.346863158076        5.4903038924822569       -73.317081118407046        12158.419484106753     
   45811.346863158076        5.4856179779390288       -73.383061349237266        12231.802545455990     
   46011.346863158076        5.4809529728657740       -73.448326719957706        12305.250872175948     
   46211.346863158076        5.4763146054624672       -73.512412434270075        12378.763284610217     
   46411.346863158076        5.4717092784221286       -73.574904769064418        12452.338189379281     
   46611.346863158076        5.4671435191598494       -73.635484470687899        12525.973673849969     
   46811.346863158076        5.4626232265610675       -73.693982738331044        12599.667656588299     
   47011.346863158076        5.4581528950891922       -73.750418457524219        12673.418075045824     
   47211.346863158076        5.4537350167648126       -73.805000949068145        12747.223075994892     
   47411.346863158076        5.4493697825008907       -73.858099696330797        12821.081175691223     
   47611.346863158076        5.4450551042258759       -73.910192565147028        12894.991368256369     
   47811.346863158076        5.4407872790533167       -73.961749341975207        12968.953117598345     
   48011.346863158076        5.4365618851925959       -74.013144710020313        13042.966262308366     
   48211.346863158076        5.4323741147124460       -74.064690763445086        13117.030953071811     
   48411.346863158076        5.4282184061657999       -74.116735302674030        13191.147688374485     
   48611.346863158076        5.4240893671913728       -74.169498142316684        13265.317186516802     
   48811.346863158076        5.4199832438501030       -74.222930944805896        13339.540117461609     
   49011.346863158076        5.4158983076904104       -74.276805536578010        13413.816922998187     
   49211.346863158076        5.4118340171945372       -74.330905598673709        13488.147828596861     
   49411.346863158076        5.4077898436713214       -74.385150713576778        13562.532979310437     
   49611.346863158076        5.4037645136712698       -74.439605853183693        13636.972585163621     
   49811.346863158076        5.3997561572797261       -74.494375400099429        13711.466960563721     
   50011.346863158076        5.3957635851438281       -74.549404839690041        13786.016365403411     
   50211.346863158076        5.3917876907927180       -74.604376480134306        13860.620741883546     
   50411.346863158076        5.3878316950461711       -74.658814088052225        13935.279555971598     
   50611.346863158076        5.3838999526939819       -74.712314196500742        14009.991870168098     
   50811.346863158076        5.3799960553916213       -74.764744813352650        14084.756614981450     
   51011.346863158076        5.3761212078358591       -74.816313976011273        14159.572928957461     
   51211.346863158076        5.3722724281007626       -74.867666880848844        14234.440595838310     
   51411.346863158076        5.3684426316676861       -74.919671281086309        14309.360267119397     
   51611.346863158076        5.3646228234872462       -74.973043884477789        14384.333311003875     
   51811.346863158076        5.3608046199912653       -75.028139431232887        14459.361450435108     
   52011.346863158076        5.3569817316560027       -75.084968761992897        14534.446419197100     
   52211.346863158076        5.3531514894087664       -75.143142273437917        14609.589561470539     
   52411.346863158076        5.3493154601481745       -75.201956698347345        14684.791518168886     
   52611.346863158076        5.3454783218102619       -75.260667755027725        14760.052185923914     
   52811.346863158076        5.3416461872156926       -75.318678661510646        14835.370864585426     
   53011.346863158076        5.3378256364971230       -75.375541061859892        14910.746405647285     
   53211.346863158076        5.3340234937291049       -75.430883678563177        14986.177289325849     
   53411.346863158076        5.3302467472730646       -75.484383553131735        15061.661672878981     
   53611.346863158076        5.3265022010709320       -75.535798654992888        15137.197471533975     
   53811.346863158076        5.3227958457137472       -75.585023423694807        15212.782494957670     
   54011.346863158076        5.3191321601235799       -75.632127582136079        15288.414622539805     
   54211.346863158076        5.3155135651844416       -75.677360422106744        15364.091982961912     
   54411.346863158076        5.3119401571700040       -75.721122447701617        15439.813105409614     
   54611.346863158076        5.3084097438789959       -75.763916166754910        15515.577021576370     
   54811.346863158076        5.3049181322724754       -75.806289645973436        15591.383311222344     
   55011.346863158076        5.3014599374657214       -75.848729584066788        15667.232040806410     
   55211.346863158076        5.2980297149398599       -75.891559364356240        15743.123600170766     
   55411.346863158076        5.2946224536219315       -75.934975233829547        15819.058575404595     
   55611.346863158076        5.2912330266776380       -75.979194333418832        15895.037769738014     
   55811.346863158076        5.2878552900382507       -76.024559065027802        15971.062328803042     
   56011.346863158076        5.2844837272957745       -76.071206472720604        16047.133535275763     
   56211.346863158076        5.2811156139848876       -76.118876934691031        16123.252412210455     
   56411.346863158076        5.2777512002595088       -76.167101905355594        16199.419514115811     
   56611.346863158076        5.2743921502695290       -76.215499525443263        16275.635013641255     
   56811.346863158076        5.2710397660297970       -76.263928470825718        16351.898942112080     
   57011.346863158076        5.2676940006170252       -76.312469859174428        16428.211411971253     
   57211.346863158076        5.2643533730414784       -76.361323786764089        16504.572735758018     
   57411.346863158076        5.2610158547436656       -76.410639577765949        16580.983375335785     
   57611.346863158076        5.2576807623896915       -76.460292349984357        16657.443667685769     
   57811.346863158076        5.2543503476739986       -76.509816100722134        16733.953483786492     
   58011.346863158076        5.2510297354418709       -76.558585289138065        16810.512069075630     
   58211.346863158076        5.2477251995676735       -76.606108701611547        16887.118177777244     
   58411.346863158076        5.2444418241489696       -76.652248264428167        16963.770426041672     
   58611.346863158076        5.2411816727422860       -76.697272568855496        17040.467698610526     
   58811.346863158076        5.2379430466554657       -76.741764911446978        17117.209463521973     
   59011.346863158076        5.2347192803612055       -76.786692828050306        17193.996156350022     
   59211.346863158076        5.2314999315841222       -76.833081083484743        17270.829237433507     
   59411.346863158076        5.2282741500834522       -76.881567052171036        17347.710804485680     
   59611.346863158076        5.2250335993240871       -76.932254876420799        17424.643059362101     
   59811.346863158076        5.2217735164178372       -76.984860933991314        17501.627920296090     
   60011.346863158076        5.2184919037997899       -77.038994662137810        17578.666914958227     
   60211.346863158076        5.2151903175225129       -77.094013429482104        17655.760928387710     
   60411.346863158076        5.2118744997044262       -77.149014321818569        17732.909942709528     
   60611.346863158076        5.2085529480572239       -77.203133638501725        17810.113076348029     
   60811.346863158076        5.2052348709500276       -77.255753461542753        17887.368829809573     
   61011.346863158076        5.2019290945651360       -77.306477698366919        17964.675307507940     
   61211.346863158076        5.1986438883471422       -77.355030361508199        18042.030337869448     
   61411.346863158076        5.1953869808069655       -77.401207949748539        18119.431545819196     
   61611.346863158076        5.1921653204879759       -77.444899059117546        18196.876444878315     
   61811.346863158076        5.1889845820430525       -77.486127029615375        18274.362571907932     
   62011.346863158076        5.1858486246970790       -77.525076643090145        18351.887648551023     
   62211.346863158076        5.1827591001737403       -77.562090191564593        18429.449738742587     
   62411.346863158076        5.1797153111745073       -77.597636472269912        18507.047375214857     
   62611.346863158076        5.1767143284615678       -77.632263856208624        18584.679639071066     
   62811.346863158076        5.1737513154530221       -77.666549025464420        18662.346188096530     
   63011.346863158076        5.1708199838227946       -77.701050252378579        18740.047238348907     
   63211.346863158076        5.1679130710305561       -77.736275334799572        18817.783513683706     
   63411.346863158076        5.1650237406525914       -77.772516663613814        18895.556030347321     
   63611.346863158076        5.1621467521284190       -77.809808755079629        18973.365839102400     
   63811.346863158076        5.1592781029084875       -77.848113286432323        19051.213952388833     
   64011.346863158076        5.1564134612872161       -77.887554957699450        19129.101507346531     
   64211.346863158076        5.1535469474644460       -77.928476277104593        19207.029983623637     
   64411.346863158076        5.1506739008411548       -77.970891449925716        19285.000875073561     
   64611.346863158076        5.1477936055804250       -78.014299221941826        19363.015174295502     
   64811.346863158076        5.1449088065172672       -78.058032499588080        19441.073206795088     
   65011.346863158076        5.1420231750109586       -78.101653832351161        19519.174860627441     
   65211.346863158076        5.1391390411307594       -78.145092463471499        19597.319953090911     
   65411.346863158076        5.1362564777551727       -78.188555672003091        19675.508508762916     
   65611.346863158076        5.1333735676958572       -78.232363351982485        19753.740872114897     
   65811.346863158076        5.1304872312230838       -78.276811898928813        19832.017684013827     
   66011.346863158076        5.1275942411706943       -78.322079188149132        19910.339763201977     
   66211.346863158076        5.1246932288338964       -78.368013018784382        19988.707776220763     
   66411.346863158076        5.1217866440230688       -78.414028437714492        20067.121804658476     
   66611.346863158076        5.1188809096115033       -78.459297318937317        20145.581101977412     
   66811.346863158076        5.1159844949598696       -78.503102455716316        20224.084204433129     
   67011.346863158076        5.1131050701564353       -78.545124057784605        20302.629328490915     
   67211.346863158076        5.1102471180878908       -78.585534665506998        20381.214863156423     
   67411.346863158076        5.1074107739633838       -78.624915352707873        20459.839778509133     
   67611.346863158076        5.1045919502940853       -78.664075063788772        20538.503853572922     
   67811.346863158076        5.1017833653458213       -78.703857747412712        20617.207711320334     
   68011.346863158076        5.0989736063022804       -78.745351243581879        20695.953062563916     
   68211.346863158076        5.0961491815468651       -78.789487025388681        20774.742549589304     
   68411.346863158076        5.0932988613928050       -78.836546840625616        20853.579096429930     
   68611.346863158076        5.0904165451745289       -78.886137983080175        20932.465234413012     
   68811.346863158076        5.0875013374447260       -78.937511930239822        21011.402746343250     
   69011.346863158076        5.0845559077952807       -78.989898482327959        21090.392644825577     
   69211.346863158076        5.0815841167300189       -79.042762725339315        21169.435407550915     
   69411.346863158076        5.0785924942971974       -79.095370074340693        21248.530777625256     
   69611.346863158076        5.0755913385189251       -79.146726664603364        21327.677504289859     
   69811.346863158076        5.0725930437777738       -79.195944487572561        21406.873448777431     
   70011.346863158076        5.0696097673785108       -79.242467374276288        21486.115916151706     
   70211.346863158076        5.0666521472619106       -79.286042994129147        21565.401959145835     
   70411.346863158076        5.0637290004887401       -79.326614455523867        21644.728573601358     
   70611.346863158076        5.0608473443153503       -79.364251930902384        21724.092825532261     
   70811.346863158076        5.0580123545187519       -79.399135292633389        21803.491960824897     
   71011.346863158076        5.0552272218148362       -79.431556394018102        21882.923517218915     
   71211.346863158076        5.0524930132755310       -79.461915433850336        21962.385432652765     
   71411.346863158076        5.0498086407708902       -79.490702493602484        22041.876135146369     
   71611.346863158076        5.0471709819123642       -79.518466529152832        22121.394601675522     
   71811.346863158076        5.0445751466892856       -79.545778312116425        22200.940379987638     
   72011.346863158076        5.0420148514662007       -79.573193845438553        22280.513573833075     
   72211.346863158076        5.0394828498229529       -79.601223097819030        22360.114796930895     
   72411.346863158076        5.0369713709057544       -79.630306851827328        22439.745103782723     
   72611.346863158076        5.0344725248946087       -79.660802623130664        22519.405906405853     
   72811.346863158076        5.0319796967818160       -79.692819800584076        22599.098726206437     
   73011.346863158076        5.0294887425363708       -79.726175599728123        22678.824901806165     
   73211.346863158076        5.0269973954675145       -79.760620654081478        22758.585522460246     
   73411.346863158076        5.0245032594935317       -79.796122601468980        22838.381645061716     
   73611.346863158076        5.0220018135613884       -79.832997493748707        22918.214642555464     
   73811.346863158076        5.0194857231450776       -79.871812123631784        22998.086454679094     
   74011.346863158076        5.0169455498881224       -79.913175502874779        23077.999630181970     
   74211.346863158076        5.0143758900953053       -79.956840791542220        23157.956470973513     
   74411.346863158076        5.0117793156489618       -80.001655966170375        23237.958126939684     
   74611.346863158076        5.0091643384125035       -80.046314499397297        23318.004441439080     
   74811.346863158076        5.0065406106699690       -80.090000066650376        23398.094441505731     
   75011.346863158076        5.0039152214140916       -80.132539931950916        23478.226981437681     
   75211.346863158076        5.0012913915681079       -80.174217652390425        23558.401199090073     
   75411.346863158076        4.9986689751218041       -80.215503738843339        23638.616702828916     
   75611.346863158076        4.9960457110073886       -80.256853192606215        23718.873556021521     
   75811.346863158076        4.9934184694870281       -80.298603485607956        23799.172159507129     
   76011.346863158076        4.9907853385509116       -80.340770629505641        23879.512930136632     
   76211.346863158076        4.9881481804770118       -80.382864276102922        23959.895794412736     
   76411.346863158076        4.9855135425291071       -80.424016905626658        24040.319811318364     
   76611.346863158076        4.9828910068348256       -80.463372536251882        24120.783183854615     
   76811.346863158076        4.9802900468797207       -80.500458300566720        24201.283642155184     
   77011.346863158076        4.9777170663299319       -80.535351416190323        24281.818993571374     
   77211.346863158076        4.9751736995618785       -80.568628130359798        24362.387621701735     
   77411.346863158076        4.9726565957019977       -80.601180250802955        24442.988801952539     
   77611.346863158076        4.9701583386597417       -80.633997766541626        24523.622799719080     
   77811.346863158076        4.9676689561941538       -80.667986040512460        24604.290785759593     
   78011.346863158076        4.9651775215189833       -80.703848557801990        24684.994634317394     
   78211.346863158076        4.9626700311609424       -80.742565991525083        24765.737200308919     
   78411.346863158076        4.9601320179372772       -80.784833508845665        24846.522033817764     
   78611.346863158076        4.9575538260033678       -80.830477329124932        24927.352511146888     
   78811.346863158076        4.9549330946002286       -80.878584296981515        25008.231095443869     
   79011.346863158076        4.9522735109840221       -80.928007707010437        25089.159103150880     
   79211.346863158076        4.9495819205568532       -80.977778085796047        25170.136881236675     
   79411.346863158076        4.9468657520333306       -81.027263643075315        25251.164144879749     
   79611.346863158076        4.9441307896642970       -81.076256630946460        25332.240401510695     
   79811.346863158076        4.9413803100610680       -81.124861037316307        25413.365262548010     
   80011.346863158076        4.9386206841657643       -81.172512162220372        25494.537774710232     
   80211.346863158076        4.9358648580369282       -81.217915413019313        25575.755690123253     
   80411.346863158076        4.9331299364641268       -81.259787291967200        25657.015477415222     
   80611.346863158076        4.9304325359447088       -81.297420358262997        25738.312897773485     
   80811.346863158076        4.9277855323407325       -81.330762721313832        25819.643660494799     
   81011.346863158076        4.9251970189454415       -81.360221775433601        25901.003882270234     
   81211.346863158076        4.9226706972370540       -81.386434559736827        25982.390316829969     
   81411.346863158076        4.9202067755206489       -81.410110353130975        26063.800427183101     
   81611.346863158076        4.9178028440433756       -81.431950809994007        26145.232377993096     
   81811.346863158076        4.9154545558731719       -81.452618649212823        26226.684996642307     
   82011.346863158076        4.9131561279831111       -81.472727616052012        26308.157724258359     
   82211.346863158076        4.9109007296598373       -81.492837915942530        26389.650562174302     
   82411.346863158076        4.9086808152876724       -81.513451041932086        26471.164013216236     
   82611.346863158076        4.9064884315946822       -81.535003406629144        26552.699016622864     
   82811.346863158076        4.9043155063604011       -81.557860320813163        26634.256876943677     
   83011.346863158076        4.9021541122040473       -81.582312064596465        26715.839189008275     
   83211.346863158076        4.8999966945441162       -81.608573166773667        26797.447762175048     
   83411.346863158076        4.8978362541970304       -81.636785197269845        26879.084547372317     
   83611.346863158076        4.8956678883559528       -81.666808915747865        26960.751356288063     
   83811.346863158076        4.8934900277109801       -81.698184719835922        27042.449541007900     
   84011.346863158076        4.8913033427986417       -81.730438935028033        27124.179979942928     
   84211.346863158076        4.8891079905907633       -81.763436730832140        27205.943416673759     
   84411.346863158076        4.8869012490292869       -81.797495759488811        27287.740912433248     
   84611.346863158076        4.8846765827967786       -81.833278586707962        27369.574191019958     
   84811.346863158076        4.8824244321221322       -81.871537457645886        27451.445728477604     
   85011.346863158076        4.8801341239195279       -81.912854847922532        27533.358583325527     
   85211.346863158076        4.8777953277416657       -81.957582914620943        27615.316166240147     
   85411.346863158076        4.8754065548271548       -82.004703719987120        27697.320869960135     
   85611.346863158076        4.8729785993640355       -82.052104171259842        27779.372974131395     
   85811.346863158076        4.8705292124994681       -82.097834365196590        27861.470808496590     
   86011.346863158076        4.8680753411313109       -82.140926780364424        27943.611735276954     
   86211.346863158076        4.8656283174369213       -82.181417830623019        28025.793153107577     
   86411.346863158076        4.8631929185214133       -82.219949271117130        28108.013102378696     
