 #              _____________________  _______________________             #
 #              ___  __ \__  __ \_  / / /_  /___  ____/_  ___/             #
 #              __  / / /_  /_/ /  / / /_  __/_  __/  _____ \              #
 #              _  /_/ /_  _, _// /_/ / / /_ _  /___  ____/ /              #
 #              /_____/ /_/ |_| \____/  \__/ /_____/  /____/               #
 #                                                                         #
  
 #        time                      T            heat flux [W.L-2]   in    x              directions   cumulative flux
 #-----------------------------------------------------------------------------------------------

   0.0000000000000000        10.000000000000000       -0.0000000000000000        0.0000000000000000     
   1.0000000000000000        10.000000000000000       -0.0000000000000000        0.0000000000000000     
   1.9540000000000002        10.000000000000000       -0.0000000000000000        0.0000000000000000     
   2.8641160000000001        10.000000000000000       -0.0000000000000000        0.0000000000000000     
   3.8288389600000006        10.000000000000000       -0.0000000000000000        0.0000000000000000     
   4.8514452976000007        10.000000000000000       -0.0000000000000000        0.0000000000000000     
   5.9354080154560007        10.000000000000000       -0.0000000000000000        0.0000000000000000     
   7.0844084963833609        10.000000000000000       -0.0000000000000000        0.0000000000000000     
   8.3023490061663630        10.000000000000000       -5.6488147492927914E-013   5.6488147492927914E-013
   9.5933659465363448        10.000000000000000       -5.6488147492927914E-013   1.1297629498585583E-012
   10.961843903328527        10.000000000000000       -5.6488147492927914E-013   1.6946444247878373E-012
   12.412430537528239        10.000000000000000       -5.6488147492927914E-013   2.2595258997171166E-012
   13.950052369779934        10.000000000000000       -5.6488147492927924E-013   2.8244073746463958E-012
   15.579931511966731        10.000000000000000       -1.1297629498585583E-012   3.9541703245049543E-012
   17.307603402684734        10.000000000000000       -5.6488147492927914E-013   4.5190517994342331E-012
   19.138935606845820        10.000000000000000       -5.6488147492927914E-013   5.0839332743635120E-012
   21.080147743256571        10.000000000000000       -1.1297629498585583E-012   6.2136962242220705E-012
   23.137832607851966        10.000000000000000       -1.1297629498585585E-012   7.3434591740806290E-012
   25.318978564323086        10.000000000000000       -5.6488147492927924E-013   7.9083406490099086E-012
   27.630993278182473        10.000000000000000       -5.6488147492927924E-013   8.4732221239391883E-012
   30.081728874873424        10.000000000000000       -1.1297629498585585E-012   9.6029850737977475E-012
   32.679508607365833        10.000000000000000       -1.1297629498585585E-012   1.0732748023656307E-011
   35.433155123807786        10.000000000000000       -5.6488147492927924E-013   1.1297629498585586E-011
   38.352020431236255        10.000000000000000       -0.0000000000000000        1.1297629498585586E-011
   41.446017657110431        10.000000000000000       -5.6488147492927924E-013   1.1862510973514866E-011
   44.725654716537058        10.000000000000000       -5.6488147492927924E-013   1.2427392448444146E-011
   48.202069999529286        10.000000000000000       -5.6488147492927924E-013   1.2992273923373425E-011
   51.887070199501046        10.000000000000000       -5.6488147492927924E-013   1.3557155398302705E-011
   55.793170411471110        10.000000000000000       -5.6488147492927924E-013   1.4122036873231985E-011
   59.933636636159378        10.000000000000000       -5.6488147492927924E-013   1.4686918348161264E-011
   64.322530834328944        10.000000000000000       -0.0000000000000000        1.4686918348161264E-011
   68.974758684388689        10.000000000000000       -0.0000000000000000        1.4686918348161264E-011
   73.906120205452012        10.000000000000000       -0.0000000000000000        1.4686918348161264E-011
   79.133363417779137        10.000000000000000       -0.0000000000000000        1.4686918348161264E-011
   84.674241222845893        10.000000000000000       -0.0000000000000000        1.4686918348161264E-011
   90.547571696216650        10.000000000000000       -0.0000000000000000        1.4686918348161264E-011
   96.773301997989648        10.000000000000000       -0.0000000000000000        1.4686918348161264E-011
   99.476364677492242        10.000000000000000        5.6488147492927924E-013   1.5251799823090544E-011
   102.34161111776500        10.000000000000000        5.6488147492927924E-013   1.5816681298019824E-011
   105.37877234445412        10.000000000000000        5.6488147492927924E-013   1.6381562772949103E-011
   108.59816324474458        10.000000000000000        5.6488147492927924E-013   1.6946444247878383E-011
   112.01071759905247        10.000000000000000        5.6488147492927924E-013   1.7511325722807663E-011
   115.62802521461883        10.000000000000000        5.6488147492927924E-013   1.8076207197736942E-011
   119.46237128711918        10.000000000000000       -0.0000000000000000        1.8076207197736942E-011
   123.52677812396955        10.000000000000000       -0.0000000000000000        1.8076207197736942E-011
   127.83504937103093        10.000000000000000       -5.6488147492927924E-013   1.8641088672666222E-011
   132.40181689291600        10.000000000000000       -5.6488147492927924E-013   1.9205970147595502E-011
   137.24259046611419        10.000000000000000       -5.6488147492927924E-013   1.9770851622524781E-011
   142.37381045370427        10.000000000000000       -0.0000000000000000        1.9770851622524781E-011
   147.81290364054973        10.000000000000000       -0.0000000000000000        1.9770851622524781E-011
   153.57834241860593        10.000000000000000       -0.0000000000000000        1.9770851622524781E-011
   159.68970752334550        10.000000000000000       -5.6488147492927924E-013   2.0335733097454061E-011
   166.16775453436946        10.000000000000000       -5.6488147492927924E-013   2.0900614572383341E-011
   173.03448436605484        10.000000000000000       -0.0000000000000000        2.0900614572383341E-011
   180.31321798764137        10.000000000000000       -0.0000000000000000        2.0900614572383341E-011
   188.02867562652307        10.000000000000000       -0.0000000000000000        2.0900614572383341E-011
   196.20706072373767        10.000000000000000       -5.6488147492927924E-013   2.1465496047312620E-011
   204.87614892678516        10.000000000000000       -5.6488147492927924E-013   2.2030377522241900E-011
   214.06538242201549        10.000000000000000       -5.6488147492927924E-013   2.2595258997171179E-011
   223.80596992695965        10.000000000000000       -0.0000000000000000        2.2595258997171179E-011
   234.13099268220046        10.000000000000000       -0.0000000000000000        2.2595258997171179E-011
   245.07551680275571        10.000000000000000       -5.6488147492927924E-013   2.3160140472100459E-011
   256.67671237054429        10.000000000000000       -5.6488147492927924E-013   2.3725021947029739E-011
   268.97397967240016        10.000000000000000       -1.1297629498585585E-012   2.4854784896888298E-011
   282.00908301236740        10.000000000000000       -5.6488147492927924E-013   2.5419666371817578E-011
   295.82629255273270        10.000000000000000        5.6488147492927924E-013   2.5984547846746857E-011
   310.47253466551990        10.000000000000000       -0.0000000000000000        2.5984547846746857E-011
   325.99755130507430        10.000000000000000       -0.0000000000000000        2.5984547846746857E-011
   342.45406894300197        10.000000000000000       -0.0000000000000000        2.5984547846746857E-011
   359.89797763920529        10.000000000000000       -5.6488147492927924E-013   2.6549429321676137E-011
   378.38852085718082        10.000000000000000       -0.0000000000000000        2.6549429321676137E-011
   397.98849666823492        10.000000000000000       -5.6488147492927924E-013   2.7114310796605417E-011
   418.76447102795225        10.000000000000000        5.6488147492927924E-013   2.7679192271534696E-011
   440.78700384925264        10.000000000000000        5.6488147492927924E-013   2.8244073746463976E-011
   462.80953667055303        10.000000000000000        5.6488147492927924E-013   2.8808955221393256E-011
   486.15342146113142        10.000000000000000       -0.0000000000000000        2.8808955221393256E-011
   510.89793933914450        10.000000000000000       -5.6488147492927924E-013   2.9373836696322535E-011
   537.12712828983842        10.000000000000000       -0.0000000000000000        2.9373836696322535E-011
   563.35631724053235        10.000000000000000       -0.0000000000000000        2.9373836696322535E-011
   591.15925752826786        10.000000000000000       -1.6946444247878377E-012   3.1068481121110374E-011
   620.63037423326750        10.000000000000000       -7.3434591740806306E-012   3.8411940295191003E-011
   650.10149093826715        10.000000000000000       -2.1465496047312614E-011   5.9877436342503617E-011
   679.57260764326679        10.000000000000000       -5.5923266017998646E-011   1.1580070236050226E-010
   710.81199135056647        10.000000000000000       -1.4460965758189546E-010   2.6041035994239771E-010
   743.92573808030409        10.000000000000000       -3.7451641787811199E-010   6.3492677782050970E-010
   779.02630961382602        10.000000000000000       -9.6820684802878366E-010   1.6031336258492934E-009
   816.23291543935920        10.000000000000000       -2.4826540823141758E-009   4.0857877081634689E-009
   855.67191761442439        10.000000000000000       -6.2944742751369176E-009   1.0380261983300387E-008
   895.11091978948957        10.000000000000000       -1.4656979629989768E-008   2.5037241613290154E-008
   936.91626209505864        10.000000000000000       -3.3949376643248297E-008   5.8986618256538448E-008
   981.22992493896186        10.000000000000000       -7.7986971547253518E-008   1.3697358980379195E-007
   1028.2024075534994        10.000000000000000       -1.7721405143329501E-007   3.1418764123708696E-007
   1077.9932391249090        10.000000000000000       -3.9747094149310287E-007   7.1165858273018983E-007
   1127.7840706963186        10.000000000000000       -8.2826480607313896E-007   1.5399233888033288E-006
   1177.5749022677282        10.000000000000000       -1.6243754288280845E-006   3.1642988176314133E-006
   1227.3657338391379        10.000000000000000       -3.0263547614432003E-006   6.1906535790746136E-006
   1269.5883590116932        10.000000000000000       -4.8562984673157849E-006   1.1046952046390399E-005
   1314.3443416946020        10.000000000000000       -7.8585689421347136E-006   1.8905520988525110E-005
   1359.1003243775108        10.000000000000000       -1.2391353574916906E-005   3.1296874563442018E-005
   1406.5416660213941        10.000000000000000       -1.9676533926727344E-005   5.0973408490169358E-005
   1456.8294881639104        10.000000000000000       -3.1418285666948778E-005   8.2391694157118143E-005
   1510.1345796349776        10.000000000000000       -5.0367834079058154E-005   1.3275952823617630E-004
   1566.6379765943088        10.000000000000000       -8.0945055847752765E-005   2.1370458408392906E-004
   1626.5315773712000        10.000000000000000       -1.3020622157012057E-004   3.4391080565404966E-004
   1690.0187941947047        10.000000000000000       -2.0933174893943775E-004   5.5324255459348747E-004
   1757.3152440276197        10.000000000000000       -3.3588182415358300E-004   8.8912437874707042E-004
   1828.6494808505095        10.000000000000000       -5.3716485785586590E-004   1.4262892366029363E-003
   1904.2637718827727        10.000000000000000       -8.5518641830963180E-004   2.2814756549125680E-003
   1984.4149203769718        10.000000000000000       -1.3537945115546580E-003   3.6352701664672258E-003
   2069.3751377808230        10.000000000000000       -2.1288065690208070E-003   5.7640767354880332E-003
   2159.4329682289049        10.000000000000000       -3.3220839193961464E-003   9.0861606548841792E-003
   2254.8942685038719        10.000000000000000       -5.1406924208084988E-003   1.4226853075692679E-002
   2350.3555687788389        10.000000000000000       -7.6726921233277682E-003   2.1899545199020445E-002
   2445.8168690538059        10.000000000000000       -1.1101274271163709E-002   3.3000819470184156E-002
   2547.0058473452709        10.000000000000000       -1.5989853871706542E-002   4.8990673341890695E-002
   2654.2661643342240        10.000000000000000       -2.2908849063747568E-002   7.1899522405638266E-002
   2767.9621003425141        10.000000000000000       -3.2623119656909276E-002  0.10452264206254755     
   2888.4797925113016        10.000000000000000       -4.6144845207490147E-002  0.15066748727003770     
   3016.2285462102163        10.000000000000000       -6.4795282779300148E-002  0.21546277004933784     
   3151.6422251310660        10.000000000000000       -9.0274854227938364E-002  0.30573762427727619     
   3295.1807247871666        10.000000000000000      -0.12474014466704823       0.43047776894432443     
   3447.3315344226330        10.000000000000000      -0.17088535286688866       0.60136312181121310     
   3599.4823440580994        10.000000000000000      -0.22784270446191404       0.82920582627312711     
   3751.6331536935659        10.000000000000000      -0.29675569974514193        1.1259615260182692     
   3903.7839633290323        10.000000000000000      -0.37869151795941680        1.5046530439776860     
   4065.0638215426270        10.000000000000000      -0.48132981868430003        1.9859828626619860     
   4236.0204712490377        10.000000000000000      -0.60907023376146496        2.5950530964234511     
   4417.2345199378324        10.000000000000000      -0.76696812851911300        3.3620212249425641     
   4609.3214115479550        10.000000000000000      -0.96075256167715806        4.3227737866197220     
   4801.4083031580776        10.000000000000000       -1.1817905277170366        5.5045643143367586     
   5001.4083031580776        10.000000000000000       -1.4420888168572714        6.9466531311940303     
   5201.4083031580776        10.000000000000000       -1.7328300865521207        8.6794832177461512     
   5381.4083031580776        10.000000000000000       -2.0191699437512192        10.698653161497370     
   5572.2083031580778        10.000000000000000       -2.3502033726563853        13.048856534153757     
   5772.2083031580778        10.000000000000000       -2.7269451943675422        15.775801728521298     
   5972.2083031580778        10.000000000000000       -3.1327375325227735        18.908539261044073     
   6172.2083031580778        10.000000000000000       -3.5667024820868067        22.475241743130880     
   6372.2083031580778        10.000000000000000       -4.0278096733629685        26.503051416493847     
   6572.2083031580778        10.000000000000000       -4.5149041928596469        31.017955609353493     
   6732.2083031580778        10.000000000000000       -4.9205775619447465        35.938533171298239     
   6901.8083031580782        10.000000000000000       -5.3677696141816345        41.306302785479872     
   7071.4083031580785        10.000000000000000       -5.8313096644610463        47.137612449940917     
   7241.0083031580789        10.000000000000000       -6.3103438375217422        53.447956287462659     
   7420.7843031580787        10.000000000000000       -6.8344932610190847        60.282449548481743     
   7611.3468631580790        10.000000000000000       -7.4072427422508831        67.689692290732623     
   7811.3468631580790        10.000000000000000       -8.0258081579847040        75.715500448717322     
   8011.3468631580790        10.000000000000000       -8.6603943878011460        84.375894836518469     
   8211.3468631580799        10.000000000000000       -9.3095920491694404        93.685486885687908     
   8411.3468631580799        10.000000000000000       -9.9720204981007896        103.65750738378870     
   8611.3468631580799        10.000000000000000       -10.646334582077749        114.30384196586644     
   8811.3468631580799        10.000000000000000       -11.331230155709109        125.63507212157555     
   9011.3468631580799        10.000000000000000       -12.025448341110998        137.66052046268655     
   9211.3468631580799        10.000000000000000       -12.727779105838939        150.38829956852550     
   9411.3468631580799        10.000000000000000       -13.437063489726002        163.82536305825150     
   9611.3468631580799        10.000000000000000       -14.152195579185150        177.97755863743666     
   9811.3468631580799        10.000000000000000       -14.872123285909140        192.84968192334580     
   10011.346863158080        10.000000000000000       -15.595848723694003        208.44553064703979     
   10211.346863158080        10.000000000000000       -16.322427980096077        224.76795862713587     
   10411.346863158080        10.000000000000000       -17.050970503564248        241.81892913070013     
   10611.346863158080        10.000000000000000       -17.780638212174985        259.59956734287510     
   10811.346863158080        10.000000000000000       -18.510644372617481        278.11021171549260     
   11011.346863158080        10.000000000000000       -19.240252256478545        297.35046397197112     
   11211.346863158080        10.000000000000000       -19.968773585766389        317.31923755773749     
   11411.346863158080        10.000000000000000       -20.695566807558691        338.01480436529619     
   11611.346863158080        10.000000000000000       -21.420035244554011        359.43483960985020     
   11811.346863158080        10.000000000000000       -22.141625138194303        381.57646474804449     
   12011.346863158080        10.000000000000000       -22.859823569492587        404.43628831753705     
   12211.346863158080        10.000000000000000       -23.574156259220668        428.01044457675772     
   12411.346863158080        10.000000000000000       -24.284185317103940        452.29462989386167     
   12611.346863158080        10.000000000000000       -24.989507073375680        477.28413696723737     
   12811.346863158080        10.000000000000000       -25.689750127576243        502.97388709481362     
   13011.346863158080        10.000000000000000       -26.384573684195676        529.35846077900931     
   13211.346863158080        10.000000000000000       -27.073666150257161        556.43212692926647     
   13411.346863158080        10.000000000000000       -27.756743896520209        584.18887082578669     
   13611.346863158080        10.000000000000000       -28.433550072946858        612.62242089873359     
   13811.346863158080        10.000000000000000       -29.103853416735628        641.72627431546925     
   14011.346863158080        10.000000000000000       -29.767447047458905        671.49372136292811     
   14211.346863158080        10.000000000000000       -30.424147262629976        701.91786862555807     
   14411.346863158080        10.000000000000000       -31.073792320369890        732.99166094592795     
   14611.346863158080        10.000000000000000       -31.716241158499855        764.70790210442783     
   14811.346863158080        10.000000000000000       -32.351371996273876        797.05927410070171     
   15011.346863158080        10.000000000000000       -32.979080811834301        830.03835491253597     
   15211.346863158080        10.000000000000000       -33.599279754553315        863.63763466708929     
   15411.346863158080        10.000000000000000       -34.211895586779093        897.84953025386835     
   15611.346863158080        10.000000000000000       -34.816868238315003        932.66639849218336     
   15811.346863158080        10.000000000000000       -35.414149529710670        968.08054802189406     
   16011.346863158080        10.000000000000000       -36.003702108763896        1004.0842501306580     
   16211.346863158080        10.000000000000000       -36.585498637913098        1040.6697487685710     
   16411.346863158080        10.000000000000000       -37.159521227211357        1077.8292699957824     
   16611.346863158080        10.000000000000000       -37.725761026293490        1115.5550310220758     
   16811.346863158080        10.000000000000000       -38.284217833804639        1153.8392488558804     
   17011.346863158080        10.000000000000000       -38.834899616510448        1192.6741484723909     
   17211.346863158080        10.000000000000000       -39.377821937666987        1232.0519704100579     
   17411.346863158080        10.000000000000000       -39.913007404986963        1271.9649778150449     
   17611.346863158080        10.000000000000000       -40.440485287864064        1312.4054631029089     
   17811.346863158080        10.000000000000000       -40.960291383248794        1353.3657544861578     
   18011.346863158080        10.000000000000000       -41.472468066054681        1394.8382225522125     
   18211.346863158080        10.000000000000000       -41.977064330143641        1436.8152868823561     
   18411.346863158080        10.000000000000000       -42.474135588775070        1479.2894224711310     
   18611.346863158080        10.000000000000000       -42.963743080048197        1522.2531655511793     
   18811.346863158080        10.000000000000000       -43.445952874809429        1565.6991184259887     
   19011.346863158080        10.000000000000000       -43.920834647582907        1609.6199530735717     
   19211.346863158080        10.000000000000000       -44.388460483762223        1654.0084135573338     
   19411.346863158080        10.000000000000000       -44.848904011403100        1698.8573175687370     
   19611.346863158080        10.000000000000000       -45.302240026783210        1744.1595575955203     
   19811.346863158080        10.000000000000000       -45.748544558678724        1789.9081021541990     
   20011.346863158080        10.000000000000000       -46.187895119461089        1836.0959972736600     
   20211.346863158080        10.000000000000000       -46.620370863452216        1882.7163681371123     
   20411.346863158080        10.000000000000000       -47.046052527734432        1929.7624206648468     
   20611.346863158080        10.000000000000000       -47.465022255028821        1977.2274429198756     
   20811.346863158080        10.000000000000000       -47.877363542204819        2025.1048064620804     
   21011.346863158080        10.000000000000000       -48.283161521953197        2073.3879679840338     
   21211.346863158080        10.000000000000000       -48.682503581144950        2122.0704715651787     
   21411.346863158080        10.000000000000000       -49.075480056304556        2171.1459516214832     
   21611.346863158080        10.000000000000000       -49.462184579909668        2220.6081362013929     
   21811.346863158080        10.000000000000000       -49.842713700163458        2270.4508499015565     
   22011.346863158080        10.000000000000000       -50.217165663117207        2320.6680155646736     
   22211.346863158080        10.000000000000000       -50.585638592481516        2371.2536541571553     
   22411.346863158080        10.000000000000000       -50.948228549070826        2422.2018827062261     
   22611.346863158080        10.000000000000000       -51.305027999607887        2473.5069107058339     
   22811.346863158080        10.000000000000000       -51.656125096264951        2525.1630358020989     
   23011.346863158080        10.000000000000000       -52.001603927072992        2577.1646397291720     
   23211.346863158080        10.000000000000000       -52.341545603587697        2629.5061853327597     
   23411.346863158080        10.000000000000000       -52.676029785091714        2682.1822151178512     
   23611.346863158080        10.000000000000000       -53.005136104295474        2735.1873512221468     
   23811.346863158080        10.000000000000000       -53.328945041181932        2788.5162962633290     
   24011.346863158080        10.000000000000000       -53.647538072571692        2842.1638343359004     
   24211.346863158080        10.000000000000000       -53.960997267826876        2896.1248316037272     
   24411.346863158080        10.000000000000000       -54.269404749182641        2950.3942363529100     
   24611.346863158080        10.000000000000000       -54.572842479209996        3004.9670788321200     
   24811.346863158080        10.000000000000000       -54.871392652628188        3059.8384714847484     
   25011.346863158080        10.000000000000000       -55.165138613083606        3115.0036100978318     
   25211.346863158080        10.000000000000000       -55.454165844670051        3170.4577759425019     
   25411.346863158080        10.000000000000000       -55.738562415987523        3226.1963383584894     
   25611.346863158080        10.000000000000000       -56.018418409965683        3282.2147567684551     
   25811.346863158080        10.000000000000000       -56.293824290433889        3338.5085810588889     
   26011.346863158080        10.000000000000000       -56.564868615304341        3395.0734496741934     
   26211.346863158080        10.000000000000000       -56.831635770873312        3451.9050854450666     
   26411.346863158080        10.000000000000000       -57.094204370071395        3508.9992898151381     
   26611.346863158080        10.000000000000000       -57.352646705185435        3566.3519365203238     
   26811.346863158080        10.000000000000000       -57.607029340114735        3623.9589658604386     
   27011.346863158080        10.000000000000000       -57.857414659558586        3681.8163805199974     
   27211.346863158080        10.000000000000000       -58.103862983559921        3739.9202435035572     
   27411.346863158080        10.000000000000000       -58.346434723722460        3798.2666782272795     
   27611.346863158080        10.000000000000000       -58.585192037764472        3856.8518702650440     
   27811.346863158080        10.000000000000000       -58.820199573430486        3915.6720698384743     
   28011.346863158080        10.000000000000000       -59.051524183865801        3974.7235940223400     
   28211.346863158080        10.000000000000000       -59.279233858149553        4034.0028278804893     
   28411.346863158080        10.000000000000000       -59.503396414114917        4093.5062242946042     
   28611.346863158080        10.000000000000000       -59.724078603192929        4153.2303028977967     
   28811.346863158080        10.000000000000000       -59.941346090445236        4213.1716489882419     
   29011.346863158080        10.000000000000000       -60.155264338073671        4273.3269133263157     
   29211.346863158080        10.000000000000000       -60.365899938365196        4333.6928132646808     
   29411.346863158080        10.000000000000000       -60.573321668312801        4394.2661349329937     
   29611.346863158080        10.000000000000000       -60.777600615243493        4455.0437355482372     
   29811.346863158080        10.000000000000000       -60.978809097644017        4516.0225446458817     
   30011.346863158080        10.000000000000000       -61.177018583964063        4577.1995632298458     
   30211.346863158080        10.000000000000000       -61.372297183284566        4638.5718604131307     
   30411.346863158080        10.000000000000000       -61.564707417722360        4700.1365678308530     
   30611.346863158080        10.000000000000000       -61.754304866529715        4761.8908726973823     
   30811.346863158080        10.000000000000000       -61.941137973849862        4823.8320106712317     
   31011.346863158080        10.000000000000000       -62.125248983851463        4885.9572596550834     
   31211.346863158080        10.000000000000000       -62.306675749930321        4948.2639354050134     
   31411.346863158080        10.000000000000000       -62.485454050715909        5010.7493894557292     
   31611.346863158080        10.000000000000000       -62.661619973827904        5073.4110094295575     
   31811.346863158080        10.000000000000000       -62.835211923279950        5136.2462213528370     
   32011.346863158080        10.000000000000000       -63.006271895682829        5199.2524932485194     
   32211.346863158080        10.000000000000000       -63.174845817324133        5262.4273390658436     
   32411.346863158080        10.000000000000000       -63.340982906975306        5325.7683219728187     
   32611.346863158080        10.000000000000000       -63.504734238352441        5389.2730562111710     
   32811.346863158076        10.000000000000000       -63.666150903182960        5452.9392071143538     
   33011.346863158076        10.000000000000000       -63.825282367059508        5516.7644894814130     
   33211.346863158076        10.000000000000000       -63.982175633284015        5580.7466651146970     
   33411.346863158076        10.000000000000000       -64.136875581867955        5644.8835406965645     
   33611.346863158076        10.000000000000000       -64.289426406284420        5709.1729671028488     
   33811.346863158076        10.000000000000000       -64.439873607948840        5773.6128407107981     
   34011.346863158076        10.000000000000000       -64.588265730241162        5838.2011064410390     
   34211.346863158076        10.000000000000000       -64.734655061400730        5902.9357615024401     
   34411.346863158076        10.000000000000000       -64.879096892023213        5967.8148583944630     
   34611.346863158076        10.000000000000000       -65.021647410930385        6032.8365058053932     
   34811.346863158076        10.000000000000000       -65.162360758049104        6097.9988665634428     
   35011.346863158076        10.000000000000000       -65.301285984764064        6163.3001525482068     
   35211.346863158076        10.000000000000000       -65.438464662915848        6228.7386172111228     
   35411.346863158076        10.000000000000000       -65.573929678802244        6294.3125468899252     
   35611.346863158076        10.000000000000000       -65.707705421803198        6360.0202523117287     
   35811.346863158076        10.000000000000000       -65.839809229394731        6425.8600615411233     
   36011.346863158076        10.000000000000000       -65.970253711899673        6491.8303152530234     
   36211.346863158076        10.000000000000000       -66.099049464975039        6557.9293647179984     
   36411.346863158076        10.000000000000000       -66.226207644165143        6624.1555723621632     
   36611.346863158076        10.000000000000000       -66.351741957268104        6690.5073143194313     
   36811.346863158076        10.000000000000000       -66.475669854642490        6756.9829841740739     
   37011.346863158076        10.000000000000000       -66.598012977723656        6823.5809971517974     
   37211.346863158076        10.000000000000000       -66.718797079878655        6890.2997942316761     
   37411.346863158076        10.000000000000000       -66.838051572983460        6957.1378458046593     
   37611.346863158076        10.000000000000000       -66.955677118903836        7024.0935229235629     
   37811.346863158076        10.000000000000000       -67.071890398675791        7091.1654133222382     
   38011.346863158076        10.000000000000000       -67.186697750379992        7158.3521110726178     
   38211.346863158076        10.000000000000000       -67.300124507675193        7225.6522355802927     
   38411.346863158076        10.000000000000000       -67.412326990374666        7293.0645625706675     
   38611.346863158076        10.000000000000000       -67.523157501675740        7360.5877200723435     
   38811.346863158076        10.000000000000000       -67.632548838901855        7428.2202689112455     
   39011.346863158076        10.000000000000000       -67.740716638827067        7495.9609855500730     
   39211.346863158076        10.000000000000000       -67.847800406883294        7563.8087859569559     
   39411.346863158076        10.000000000000000       -67.953545690845857        7631.7623316478021     
   39611.346863158076        10.000000000000000       -68.058195407300474        7699.8205270551025     
   39811.346863158076        10.000000000000000       -68.161903643832176        7767.9824306989349     
   40011.346863158076        10.000000000000000       -68.264551095765285        7836.2469817947003     
   40211.346863158076        10.000000000000000       -68.366209274958791        7904.6131910696595     
   40411.346863158076        10.000000000000000       -68.466925263106987        7973.0801163327669     
   40611.346863158076        10.000000000000000       -68.566732223022413        8041.6468485557889     
   40811.346863158076        10.000000000000000       -68.665650551676961        8110.3124991074656     
   41011.346863158076        10.000000000000000       -68.763688651645651        8179.0761877591112     
   41211.346863158076        10.000000000000000       -68.860844621587148        8247.9370323806979     
   41411.346863158076        10.000000000000000       -68.957108860792161        8316.8941412414897     
   41611.346863158076        10.000000000000000       -69.052355569890992        8385.9464968113807     
   41811.346863158076        10.000000000000000       -69.146834754477808        8455.0933315658585     
   42011.346863158076        10.000000000000000       -69.240246690135322        8524.3335782559934     
   42211.346863158076        10.000000000000000       -69.332750401805612        8593.6663286577987     
   42411.346863158076        10.000000000000000       -69.424323991008976        8663.0906526488070     
   42611.346863158076        10.000000000000000       -69.514965380686888        8732.6056180294945     
   42811.346863158076        10.000000000000000       -69.604681683012075        8802.2102997125057     
   43011.346863158076        10.000000000000000       -69.693486554542417        8871.9037862670484     
   43211.346863158076        10.000000000000000       -69.781398870274217        8941.6851851373231     
   43411.346863158076        10.000000000000000       -69.868441696347631        9011.5536268336709     
   43611.346863158076        10.000000000000000       -69.954641118787023        9081.5082679524585     
   43811.346863158076        10.000000000000000       -70.040024664774307        9151.5482926172335     
   44011.346863158076        10.000000000000000       -70.124619389604845        9221.6729120068376     
   44211.346863158076        10.000000000000000       -70.208450067274470        9291.8813620741112     
   44411.346863158076        10.000000000000000       -70.291538153166272        9362.1729002272768     
   44611.346863158076        10.000000000000000       -70.373902086595379        9432.5468023138728     
   44811.346863158076        10.000000000000000       -70.455559007986921        9503.0023613218600     
   45011.346863158076        10.000000000000000       -70.536527347342869        9573.5388886692035     
   45211.346863158076        10.000000000000000       -70.616829304489627        9644.1557179736938     
   45411.346863158076        10.000000000000000       -70.696492211789575        9714.8522101854833     
   45611.346863158076        10.000000000000000       -70.775548207968129        9785.6277583934516     
   45811.346863158076        10.000000000000000       -70.854032313805632        9856.4817907072575     
   46011.346863158076        10.000000000000000       -70.931979496944919        9927.4137702042026     
   46211.346863158076        10.000000000000000       -71.009421444575494        9998.4231916487788     
   46411.346863158076        10.000000000000000       -71.086383621407279        10069.509575270185     
   46611.346863158076        10.000000000000000       -71.162882982807830        10140.672458252993     
   46811.346863158076        10.000000000000000       -71.238926566450033        10211.911384819443     
   47011.346863158076        10.000000000000000       -71.314511102749933        10283.225895922193     
   47211.346863158076        10.000000000000000       -71.389623709681274        10354.615519631874     
   47411.346863158076        10.000000000000000       -71.464243631948747        10426.079763263822     
   47611.346863158076        10.000000000000000       -71.538344853163849        10497.618108116987     
   47811.346863158076        10.000000000000000       -71.611899248716597        10569.230007365704     
   48011.346863158076        10.000000000000000       -71.684879812587269        10640.914887178291     
   48211.346863158076        10.000000000000000       -71.757263511658820        10712.672150689950     
   48411.346863158076        10.000000000000000       -71.829033536934674        10784.501184226885     
   48611.346863158076        10.000000000000000       -71.900180851120567        10856.401365078005     
   48811.346863158076        10.000000000000000       -71.970704868760080        10928.372069946765     
   49011.346863158076        10.000000000000000       -72.040613103319913        11000.412683050085     
   49211.346863158076        10.000000000000000       -72.109919855570098        11072.522602905654     
   49411.346863158076        10.000000000000000       -72.178644352205723        11144.701247257859     
   49611.346863158076        10.000000000000000       -72.246808907559227        11216.948056165418     
   49811.346863158076        10.000000000000000       -72.314437539810143        11289.262493705228     
   50011.346863158076        10.000000000000000       -72.381555075985858        11361.644048781214     
   50211.346863158076        10.000000000000000       -72.448186384508631        11434.092235165723     
   50411.346863158076        10.000000000000000       -72.514355292874868        11506.606590458598     
   50611.346863158076        10.000000000000000       -72.580083064783892        11579.186673523382     
   50811.346863158076        10.000000000000000       -72.645386792903949        11651.832060316285     
   51011.346863158076        10.000000000000000       -72.710278366908270        11724.542338683194     
   51211.346863158076        10.000000000000000       -72.774764717613138        11797.317103400806     
   51411.346863158076        10.000000000000000       -72.838849710303776        11870.155953111111     
   51611.346863158076        10.000000000000000       -72.902537384052465        11943.058490495163     
   51811.346863158076        10.000000000000000       -72.965835588801966        12016.024326083965     
   52011.346863158076        10.000000000000000       -73.028758887212135        12089.053084971178     
   52211.346863158076        10.000000000000000       -73.091329813109709        12162.144414784287     
   52411.346863158076        10.000000000000000       -73.153578040187284        12235.297992824473     
   52611.346863158076        10.000000000000000       -73.215537641595134        12308.513530466069     
   52811.346863158076        10.000000000000000       -73.277243197111716        12381.790773663181     
   53011.346863158076        10.000000000000000       -73.338725725516866        12455.129499388697     
   53211.346863158076        10.000000000000000       -73.400009220652180        12528.529508609348     
   53411.346863158076        10.000000000000000       -73.461108176755374        12601.990616786105     
   53611.346863158076        10.000000000000000       -73.522026173965543        12675.512642960070     
   53811.346863158076        10.000000000000000       -73.582755466930152        12749.095398427000     
   54011.346863158076        10.000000000000000       -73.643277519748324        12822.738675946748     
   54211.346863158076        10.000000000000000       -73.703564448082119        12896.442240394830     
   54411.346863158076        10.000000000000000       -73.763581295703005        12970.205821690533     
   54611.346863158076        10.000000000000000       -73.823288986565018        13044.029110677098     
   54811.346863158076        10.000000000000000       -73.882647693985462        13117.911758371083     
   55011.346863158076        10.000000000000000       -73.941620263060841        13191.853378634143     
   55211.346863158076        10.000000000000000       -74.000175235195954        13265.853553869340     
   55411.346863158076        10.000000000000000       -74.058289074833240        13339.911842944173     
   55611.346863158076        10.000000000000000       -74.115947465361131        13414.027790409535     
   55811.346863158076        10.000000000000000       -74.173145888021153        13488.200936297555     
   56011.346863158076        10.000000000000000       -74.229889673015194        13562.430825970570     
   56211.346863158076        10.000000000000000       -74.286193364591000        13636.717019335161     
   56411.346863158076        10.000000000000000       -74.342079122833425        13711.059098457994     
   56611.346863158076        10.000000000000000       -74.397574232065267        13785.456672690059     
   56811.346863158076        10.000000000000000       -74.452708273279114        13859.909380963338     
   57011.346863158076        10.000000000000000       -74.507510715239462        13934.416891678577     
   57211.346863158076        10.000000000000000       -74.562009468769674        14008.978901147346     
   57411.346863158076        10.000000000000000       -74.616230478910893        14083.595131626256     
   57611.346863158076        10.000000000000000       -74.670197904945141        14158.265329531201     
   57811.346863158076        10.000000000000000       -74.723934133085336        14232.989263664287     
   58011.346863158076        10.000000000000000       -74.777459020677128        14307.766722684964     
   58211.346863158076        10.000000000000000       -74.830788339119238        14382.597511024083     
   58411.346863158076        10.000000000000000       -74.883932013226527        14457.481443037310     
   58611.346863158076        10.000000000000000       -74.936893059865127        14532.418336097175     
   58811.346863158076        10.000000000000000       -74.989667958151188        14607.408004055325     
   59011.346863158076        10.000000000000000       -75.042248829374742        14682.450252884701     
   59211.346863158076        10.000000000000000       -75.094627271903448        14757.544880156604     
   59411.346863158076        10.000000000000000       -75.146798982446072        14832.691679139050     
   59611.346863158076        10.000000000000000       -75.198767809701650        14907.890446948752     
   59811.346863158076        10.000000000000000       -75.250548033081472        14983.140994981834     
   60011.346863158076        10.000000000000000       -75.302164393649520        15058.443159375483     
   60211.346863158076        10.000000000000000       -75.353650035277610        15133.796809410762     
   60411.346863158076        10.000000000000000       -75.405042771408162        15209.201852182170     
   60611.346863158076        10.000000000000000       -75.456380302424066        15284.658232484595     
   60811.346863158076        10.000000000000000       -75.507695260888738        15360.165927745484     
   61011.346863158076        10.000000000000000       -75.559010991793357        15435.724938737278     
   61211.346863158076        10.000000000000000       -75.610338665928083        15511.335277403206     
   61411.346863158076        10.000000000000000       -75.661675879304553        15586.996953282511     
   61611.346863158076        10.000000000000000       -75.713006574247117        15662.709959856758     
   61811.346863158076        10.000000000000000       -75.764302021443555        15738.474261878202     
   62011.346863158076        10.000000000000000       -75.815522648533488        15814.289784526736     
   62211.346863158076        10.000000000000000       -75.866620566371481        15890.156405093108     
   62411.346863158076        10.000000000000000       -75.917542656772255        15966.073947749881     
   62611.346863158076        10.000000000000000       -75.968234042764053        16042.042181792645     
   62811.346863158076        10.000000000000000       -76.018641700693152        16118.060823493339     
   63011.346863158076        10.000000000000000       -76.068717932617233        16194.129541425957     
   63211.346863158076        10.000000000000000       -76.118423423100595        16270.247964849057     
   63411.346863158076        10.000000000000000       -76.167729561514733        16346.415694410573     
   63611.346863158076        10.000000000000000       -76.216619682795184        16422.632314093367     
   63811.346863158076        10.000000000000000       -76.265089079707991        16498.897403173076     
   64011.346863158076        10.000000000000000       -76.313144072841368        16575.210547245919     
   64211.346863158076        10.000000000000000       -76.360800770711251        16651.571348016631     
   64411.346863158076        10.000000000000000       -76.408083836260971        16727.979431852891     
   64611.346863158076        10.000000000000000       -76.455024919525471        16804.434456772418     
   64811.346863158076        10.000000000000000       -76.501660281915889        16880.936117054334     
   65011.346863158076        10.000000000000000       -76.548027699086774        16957.484144753420     
   65211.346863158076        10.000000000000000       -76.594163378425066        17034.078308131844     
   65411.346863158076        10.000000000000000       -76.640099784421963        17110.718407916265     
   65611.346863158076        10.000000000000000       -76.685864882464017        17187.404272798729     
   65811.346863158076        10.000000000000000       -76.731482727747760        17264.135755526477     
   66011.346863158076        10.000000000000000       -76.776974877703665        17340.912730404179     
   66211.346863158076        10.000000000000000       -76.822361829341318        17417.735092233521     
   66411.346863158076        10.000000000000000       -76.867663602897295        17494.602755836419     
   66611.346863158076        10.000000000000000       -76.912898882865377        17571.515654719286     
   66811.346863158076        10.000000000000000       -76.958082803229317        17648.473737522516     
   67011.346863158076        10.000000000000000       -77.003224203263912        17725.476961725781     
   67211.346863158076        10.000000000000000       -77.048323557054204        17802.525285282834     
   67411.346863158076        10.000000000000000       -77.093372597729925        17879.618657880565     
   67611.346863158076        10.000000000000000       -77.138356051121917        17956.757013931685     
   67811.346863158076        10.000000000000000       -77.183255182229303        18033.940269113915     
   68011.346863158076        10.000000000000000       -77.228052575487041        18111.168321689402     
   68211.346863158076        10.000000000000000       -77.272737396091969        18188.441059085493     
   68411.346863158076        10.000000000000000       -77.317309988456287        18265.758369073948     
   68611.346863158076        10.000000000000000       -77.361784483786977        18343.120153557735     
   68811.346863158076        10.000000000000000       -77.406188573135168        18420.526342130870     
   69011.346863158076        10.000000000000000       -77.450560569566107        18497.976902700437     
   69211.346863158076        10.000000000000000       -77.494944791336536        18575.471847491772     
   69411.346863158076        10.000000000000000       -77.539386358866395        18653.011233850637     
   69611.346863158076        10.000000000000000       -77.583925975904748        18730.595159826542     
   69811.346863158076        10.000000000000000       -77.628595012346508        18808.223754838888     
   70011.346863158076        10.000000000000000       -77.673411365268890        18885.897166204155     
   70211.346863158076        10.000000000000000       -77.718376684915583        18963.615542889071     
   70411.346863158076        10.000000000000000       -77.763475342302570        19041.379018231371     
   70611.346863158076        10.000000000000000       -77.808675126889838        19119.187693358261     
   70811.346863158076        10.000000000000000       -77.853929354179442        19197.041622712441     
   71011.346863158076        10.000000000000000       -77.899179948425868        19274.940802660865     
   71211.346863158076        10.000000000000000       -77.944361100483562        19352.885163761348     
   71411.346863158076        10.000000000000000       -77.989403187338880        19430.874566948685     
   71611.346863158076        10.000000000000000       -78.034236710552435        19508.908803659237     
   71811.346863158076        10.000000000000000       -78.078796048132133        19586.987599707369     
   72011.346863158076        10.000000000000000       -78.123022831918007        19665.110622539287     
   72211.346863158076        10.000000000000000       -78.166868781268647        19743.277491320554     
   72411.346863158076        10.000000000000000       -78.210297856837073        19821.487789177390     
   72611.346863158076        10.000000000000000       -78.253287647698940        19899.741076825088     
   72811.346863158076        10.000000000000000       -78.295829858855711        19978.036906683945     
   73011.346863158076        10.000000000000000       -78.337929696613017        20056.374836380557     
   73211.346863158076        10.000000000000000       -78.379604122839623        20134.754440503395     
   73411.346863158076        10.000000000000000       -78.420879393603840        20213.175319897000     
   73611.346863158076        10.000000000000000       -78.461788693012451        20291.637108590014     
   73811.346863158076        10.000000000000000       -78.502370664444527        20370.139479254460     
   74011.346863158076        10.000000000000000       -78.542669191453399        20448.682148445914     
   74211.346863158076        10.000000000000000       -78.582733697824750        20527.264882143740     
   74411.346863158076        10.000000000000000       -78.622618396043691        20605.887500539782     
   74611.346863158076        10.000000000000000       -78.662379389643661        20684.549879929426     
   74811.346863158076        10.000000000000000       -78.702070016904386        20763.251949946331     
   75011.346863158076        10.000000000000000       -78.741736035417148        20841.993685981746     
   75211.346863158076        10.000000000000000       -78.781412362983389        20920.775098344729     
   75411.346863158076        10.000000000000000       -78.821122278126126        20999.596220622854     
   75611.346863158076        10.000000000000000       -78.860878934384814        21078.457099557239     
   75811.346863158076        10.000000000000000       -78.900688329762517        21157.357787887002     
   76011.346863158076        10.000000000000000       -78.940552560689483        21236.298340447691     
   76211.346863158076        10.000000000000000       -78.980472148504589        21315.278812596196     
   76411.346863158076        10.000000000000000       -79.020446543994069        21394.299259140189     
   76611.346863158076        10.000000000000000       -79.060472672479122        21473.359731812667     
   76811.346863158076        10.000000000000000       -79.100542303587375        21552.460274116253     
   77011.346863158076        10.000000000000000       -79.140639621842936        21631.600913738097     
   77211.346863158076        10.000000000000000       -79.180740328691996        21710.781654066788     
   77411.346863158076        10.000000000000000       -79.220813001665064        21790.002467068454     
   77611.346863158076        10.000000000000000       -79.260822614819659        21869.263289683273     
   77811.346863158076        10.000000000000000       -79.300735447815939        21948.564025131091     
   78011.346863158076        10.000000000000000       -79.340524286331387        22027.904549417421     
   78211.346863158076        10.000000000000000       -79.380173215688984        22107.284722633111     
   78411.346863158076        10.000000000000000       -79.419681571442737        22186.704404204553     
   78611.346863158076        10.000000000000000       -79.459066243879477        22266.163470448431     
   78811.346863158076        10.000000000000000       -79.498361311442821        22345.661831759873     
   79011.346863158076        10.000000000000000       -79.537614581974850        22425.199446341849     
   79211.346863158076        10.000000000000000       -79.576881728285912        22504.776328070133     
   79411.346863158076        10.000000000000000       -79.616219525034211        22584.392547595166     
   79611.346863158076        10.000000000000000       -79.655679859596574        22664.048227454761     
   79811.346863158076        10.000000000000000       -79.695305732468427        22743.743533187229     
   80011.346863158076        10.000000000000000       -79.735129134242229        22823.478662321471     
   80211.346863158076        10.000000000000000       -79.775169482750229        22903.253831804221     
   80411.346863158076        10.000000000000000       -79.815431469106386        22983.069263273326     
   80611.346863158076        10.000000000000000       -79.855902411770558        23062.925165685097     
   80811.346863158076        10.000000000000000       -79.896550272756883        23142.821715957853     
   81011.346863158076        10.000000000000000       -79.937323570396515        23222.759039528250     
   81211.346863158076        10.000000000000000       -79.978153720959952        23302.737193249210     
   81411.346863158076        10.000000000000000       -80.018959488521304        23382.756152737729     
   81611.346863158076        10.000000000000000       -80.059652687411159        23462.815805425140     
   81811.346863158076        10.000000000000000       -80.100144174850641        23542.915949599992     
   82011.346863158076        10.000000000000000       -80.140349362323647        23623.056298962314     
   82211.346863158076        10.000000000000000       -80.180192774578231        23703.236491736890     
   82411.346863158076        10.000000000000000       -80.219611459516557        23783.456103196408     
   82611.346863158076        10.000000000000000       -80.258557242956996        23863.714660439364     
   82811.346863158076        10.000000000000000       -80.296997928172118        23944.011658367537     
   83011.346863158076        10.000000000000000       -80.334917584897582        24024.346575952433     
   83211.346863158076        10.000000000000000       -80.372316083356921        24104.718892035791     
   83411.346863158076        10.000000000000000       -80.409208024988928        24185.128100060781     
   83611.346863158076        10.000000000000000       -80.445621071036626        24265.573721131819     
   83811.346863158076        10.000000000000000       -80.481593495440720        24346.055314627261     
   84011.346863158076        10.000000000000000       -80.517170951454958        24426.572485578716     
   84211.346863158076        10.000000000000000       -80.552402960380050        24507.124888539096     
   84411.346863158076        10.000000000000000       -80.587340058558965        24587.712228597655     
   84611.346863158076        10.000000000000000       -80.622032479144664        24668.334261076798     
   84811.346863158076        10.000000000000000       -80.656530681436891        24748.990791758235     
   85011.346863158076        10.000000000000000       -80.690887290236759        24829.681679048470     
   85211.346863158076        10.000000000000000       -80.725159531134182        24910.406838579605     
   85411.346863158076        10.000000000000000       -80.759410463251129        24991.166249042857     
   85611.346863158076        10.000000000000000       -80.793707058580921        25071.959956101437     
   85811.346863158076        10.000000000000000       -80.828114566139433        25152.788070667575     
   86011.346863158076        10.000000000000000       -80.862688821965136        25233.650759489541     
   86211.346863158076        10.000000000000000       -80.897469427083337        25314.548228916625     
   86411.346863158076        10.000000000000000       -80.932476228754609        25395.480705145379     
