 #              _____________________  _______________________             #
 #              ___  __ \__  __ \_  / / /_  /___  ____/_  ___/             #
 #              __  / / /_  /_/ /  / / /_  __/_  __/  _____ \              #
 #              _  /_/ /_  _, _// /_/ / / /_ _  /___  ____/ /              #
 #              /_____/ /_/ |_| \____/  \__/ /_____/  /____/               #
 #                                                                         #
  
 #        time                      T            heat flux [W.L-2]   in    x              directions   cumulative flux
 #-----------------------------------------------------------------------------------------------

   0.0000000000000000        10.000000000000000       -0.0000000000000000        0.0000000000000000     
   1.0000000000000000        9.9999999999999982       -0.0000000000000000        0.0000000000000000     
   1.9540000000000002        10.000000000000000       -0.0000000000000000        0.0000000000000000     
   2.8641160000000001        10.000000000000000       -0.0000000000000000        0.0000000000000000     
   3.8288389600000006        10.000000000000000       -0.0000000000000000        0.0000000000000000     
   4.8514452976000007        10.000000000000000       -0.0000000000000000        0.0000000000000000     
   5.9354080154560007        10.000000000000002       -0.0000000000000000        0.0000000000000000     
   7.0844084963833609        10.000000000000002       -0.0000000000000000        0.0000000000000000     
   8.3023490061663630        10.000000000000000       -0.0000000000000000        0.0000000000000000     
   9.5933659465363448        10.000000000000000       -0.0000000000000000        0.0000000000000000     
   10.961843903328527        10.000000000000000       -0.0000000000000000        0.0000000000000000     
   12.412430537528239        10.000000000000000       -0.0000000000000000        0.0000000000000000     
   13.950052369779934        10.000000000000002       -0.0000000000000000        0.0000000000000000     
   15.579931511966731        10.000000000000000       -0.0000000000000000        0.0000000000000000     
   17.307603402684734        10.000000000000000       -0.0000000000000000        0.0000000000000000     
   19.138935606845820        10.000000000000000        5.6488147492927924E-013   5.6488147492927924E-013
   21.080147743256571        9.9999999999999982        5.6488147492927924E-013   1.1297629498585585E-012
   23.137832607851966        10.000000000000000       -0.0000000000000000        1.1297629498585585E-012
   25.318978564323086        9.9999999999999982        5.6488147492927924E-013   1.6946444247878377E-012
   27.630993278182473        10.000000000000000       -0.0000000000000000        1.6946444247878377E-012
   30.081728874873424        9.9999999999999982       -0.0000000000000000        1.6946444247878377E-012
   32.679508607365833        9.9999999999999982       -0.0000000000000000        1.6946444247878377E-012
   35.433155123807786        9.9999999999999982       -0.0000000000000000        1.6946444247878377E-012
   38.352020431236255        9.9999999999999982       -0.0000000000000000        1.6946444247878377E-012
   41.446017657110431        9.9999999999999982       -0.0000000000000000        1.6946444247878377E-012
   44.725654716537058        10.000000000000000       -0.0000000000000000        1.6946444247878377E-012
   48.202069999529286        10.000000000000002       -0.0000000000000000        1.6946444247878377E-012
   51.887070199501046        10.000000000000002       -0.0000000000000000        1.6946444247878377E-012
   55.793170411471110        10.000000000000002       -5.6488147492927924E-013   2.2595258997171170E-012
   59.933636636159378        10.000000000000000       -0.0000000000000000        2.2595258997171170E-012
   64.322530834328944        10.000000000000000       -0.0000000000000000        2.2595258997171170E-012
   68.974758684388689        10.000000000000000       -0.0000000000000000        2.2595258997171170E-012
   73.906120205452012        10.000000000000000       -0.0000000000000000        2.2595258997171170E-012
   79.133363417779137        9.9999999999999982       -0.0000000000000000        2.2595258997171170E-012
   84.674241222845893        10.000000000000000       -0.0000000000000000        2.2595258997171170E-012
   90.547571696216650        9.9999999999999982        1.1297629498585585E-012   3.3892888495756755E-012
   96.773301997989648        10.000000000000000       -0.0000000000000000        3.3892888495756755E-012
   99.476364677492242        10.000000000000000       -0.0000000000000000        3.3892888495756755E-012
   102.34161111776500        10.000000000000000       -0.0000000000000000        3.3892888495756755E-012
   105.37877234445412        10.000000000000002       -0.0000000000000000        3.3892888495756755E-012
   108.59816324474458        10.000000000000002       -0.0000000000000000        3.3892888495756755E-012
   112.01071759905247        10.000000000000000        5.6488147492927924E-013   3.9541703245049543E-012
   115.62802521461883        10.000000000000000        5.6488147492927924E-013   4.5190517994342340E-012
   119.46237128711918        9.9999999999999982        5.6488147492927924E-013   5.0839332743635136E-012
   123.52677812396955        9.9999999999999964        5.6488147492927924E-013   5.6488147492927932E-012
   127.83504937103093        9.9999999999999982       -0.0000000000000000        5.6488147492927932E-012
   132.40181689291600        9.9999999999999982       -0.0000000000000000        5.6488147492927932E-012
   137.24259046611419        10.000000000000000       -0.0000000000000000        5.6488147492927932E-012
   142.37381045370427        10.000000000000000       -0.0000000000000000        5.6488147492927932E-012
   147.81290364054973        10.000000000000000       -0.0000000000000000        5.6488147492927932E-012
   153.57834241860593        10.000000000000000       -0.0000000000000000        5.6488147492927932E-012
   159.68970752334550        9.9999999999999982       -0.0000000000000000        5.6488147492927932E-012
   166.16775453436946        9.9999999999999982       -0.0000000000000000        5.6488147492927932E-012
   173.03448436605484        9.9999999999999982       -0.0000000000000000        5.6488147492927932E-012
   180.31321798764137        10.000000000000000       -0.0000000000000000        5.6488147492927932E-012
   188.02867562652307        9.9999999999999982       -0.0000000000000000        5.6488147492927932E-012
   196.20706072373767        9.9999999999999982       -0.0000000000000000        5.6488147492927932E-012
   204.87614892678516        10.000000000000000       -0.0000000000000000        5.6488147492927932E-012
   214.06538242201549        10.000000000000000       -0.0000000000000000        5.6488147492927932E-012
   223.80596992695965        9.9999999999999982       -0.0000000000000000        5.6488147492927932E-012
   234.13099268220046        10.000000000000000       -0.0000000000000000        5.6488147492927932E-012
   245.07551680275571        9.9999999999999982       -5.6488147492927924E-013   6.2136962242220729E-012
   256.67671237054429        10.000000000000000       -1.1297629498585585E-012   7.3434591740806322E-012
   268.97397967240016        9.9999999999999964       -5.6488147492927924E-013   7.9083406490099118E-012
   282.00908301236740        9.9999999999999964       -0.0000000000000000        7.9083406490099118E-012
   295.82629255273270        9.9999999999999964       -0.0000000000000000        7.9083406490099118E-012
   310.47253466551990        9.9999999999999964       -0.0000000000000000        7.9083406490099118E-012
   325.99755130507430        10.000000000000000       -0.0000000000000000        7.9083406490099118E-012
   342.45406894300197        10.000000000000000       -0.0000000000000000        7.9083406490099118E-012
   359.89797763920529        9.9999999999999982       -5.6488147492927924E-013   8.4732221239391915E-012
   378.38852085718082        10.000000000000000       -1.1297629498585585E-012   9.6029850737977508E-012
   397.98849666823492        9.9999999999999947       -1.6946444247878377E-012   1.1297629498585588E-011
   418.76447102795225        9.9999999999999893       -6.2136962242220721E-012   1.7511325722807659E-011
   440.78700384925264        9.9999999999999680       -1.8641088672666215E-011   3.6152414395473872E-011
   462.80953667055303        9.9999999999999005       -5.0839332743635136E-011   8.6991747139109014E-011
   486.15342146113142        9.9999999999997069       -1.4178525020724911E-010   2.2877699734635813E-010
   510.89793933914450        9.9999999999991296       -3.9372238802570776E-010   6.2249938537206586E-010
   537.12712828983842        9.9999999999974882       -1.0783587356399944E-009   1.7008581210120602E-009
   563.35631724053235        9.9999999999934825       -2.6826221244391490E-009   4.3834802454512092E-009
   591.15925752826786        9.9999999999831992       -6.6187162417463746E-009   1.1002196487197583E-008
   620.63037423326750        9.9999999999571418       -1.6145442316428714E-008   2.7147638803626297E-008
   650.10149093826715        9.9999999998996536       -3.6306627038129803E-008   6.3454265841756106E-008
   679.57260764326679        9.9999999997808793       -7.6374799817814128E-008   1.3982906565957023E-007
   710.81199135056647        9.9999999995214779       -1.6040826267272123E-007   3.0023732833229144E-007
   743.92573808030409        9.9999999989580992       -3.3540741384287232E-007   6.3564474217516376E-007
   779.02630961382602        9.9999999977444034       -6.9642711864053566E-007   1.3320718608156994E-006
   816.23291543935920        9.9999999951564966       -1.4327156634410010E-006   2.7647875242567004E-006
   855.67191761442439        9.9999999897053442       -2.9146161217857445E-006   5.6794036460424449E-006
   895.11091978948957        9.9999999795140795       -5.5707108472814453E-006   1.1250114493323890E-005
   936.91626209505864        9.9999999594914915       -1.0567309491451187E-005   2.1817423984775075E-005
   981.22992493896186        9.9999999205606347       -1.9859094017246212E-005   4.1676518002021287E-005
   1028.2024075534994        9.9999998457627797       -3.6916295705633486E-005   7.8592813707654773E-005
   1077.9932391249090        9.9999997039408797       -6.7789524979814582E-005   1.4638233868746937E-004
   1127.7840706963186        9.9999994631453042       -1.1798728793853123E-004   2.6436962662600063E-004
   1177.5749022677282        9.9999990719189515       -1.9628635932190098E-004   4.6065598594790158E-004
   1227.3657338391379        9.9999984598983929       -3.1412543421570116E-004   7.7478142016360269E-004
   1269.5883590116932        9.9999977275967034       -4.5102023772186438E-004   1.2258016578854671E-003
   1314.3443416946020        9.9999966294100844       -6.5003209476199744E-004   1.8758337526474647E-003
   1359.1003243775108        9.9999951069130759       -9.1773715603929592E-004   2.7935709086867608E-003
   1406.5416660213941        9.9999928652291565       -1.2996250024208914E-003   4.0931959111076520E-003
   1456.8294881639104        9.9999895617379018       -1.8440992845773986E-003   5.9372951956850502E-003
   1510.1345796349776        9.9999846942578614       -2.6191914687277011E-003   8.5564866644127508E-003
   1566.6379765943088        9.9999775307200629       -3.7198367589393053E-003   1.2276323423352057E-002
   1626.5315773712000        9.9999670106685130       -5.2774493980420594E-003   1.7553772821394115E-002
   1690.0187941947047        9.9999516089583587       -7.4723268650957126E-003   2.5026099686489826E-002
   1757.3152440276197        9.9999291495796072       -1.0549447404107652E-002   3.5575547090597480E-002
   1828.6494808505095        9.9998965548632022       -1.4838223302129054E-002   5.0413770392726535E-002
   1904.2637718827727        9.9998495125884812       -2.0776716835432540E-002   7.1190487228159072E-002
   1984.4149203769718        9.9997820409600209       -2.8940700068291917E-002  0.10013118729645099     
   2069.3751377808230        9.9996859294118678       -4.0077728944349300E-002  0.14020891624080029     
   2159.4329682289049        9.9995500321862103       -5.5146096893034451E-002  0.19535501313383474     
   2254.8942685038719        9.9993593921717299       -7.5358132006799028E-002  0.27071314514063377     
   2350.3555687788389        9.9991131355427285      -0.10038167699184265       0.37109482213247641     
   2445.8168690538059        9.9988016800196533      -0.13077738349696880       0.50187220562944523     
   2547.0058473452709        9.9983863227234178      -0.16967455745423277       0.67154676308367800     
   2654.2661643342240        9.9978355846196489      -0.21912636260225535       0.89067312568593338     
   2767.9621003425141        9.9971098588795364      -0.28156437241093990        1.1722374980968733     
   2888.4797925113016        9.9961598421700621      -0.35983264989540165        1.5320701479922749     
   3016.2285462102163        9.9949248383332137      -0.45721525832811899        1.9892854063203940     
   3151.6422251310660        9.9933309801339316      -0.57745455353175812        2.5667399598521521     
   3295.1807247871666        9.9912894338957905      -0.72475765352278010        3.2914976133749323     
   3447.3315344226330        9.9886946718785907      -0.90378873049388053        4.1952863438688128     
   3599.4823440580994        9.9856375957316761       -1.1060301438800937        5.3013164877489061     
   3751.6331536935659        9.9820905001081837       -1.3315603119775601        6.6328767997264659     
   3903.7839633290323        9.9780297567900025       -1.5802424898155196        8.2131192895419858     
   4065.0638215426270        9.9731253336893904       -1.8694621281693709        10.082581417711356     
   4236.0204712490377        9.9672317240628843       -2.2040982499724846        12.286679667683842     
   4417.2345199378324        9.9601869857381971       -2.5892381990230899        14.875917866706931     
   4609.3214115479550        9.9518130602013208       -3.0301148927638528        17.906032759470783     
   4801.4083031580776        9.9425309333722005       -3.5018868686599300        21.407919628130713     
   5001.4083031580776        9.9318891575899286       -4.0244928221213634        25.432412450252077     
   5201.4083031580776        9.9202855602428457       -4.5763219668346489        30.008734417086725     
   5381.4083031580776        9.9090792100768539       -5.0950265932211920        35.103761010307920     
   5572.2083031580778        9.8963671551852244       -5.6677152735259035        40.771476283833820     
   5772.2083031580778        9.8821594360438496       -6.2909489651296608        47.062425248963478     
   5972.2083031580778        9.8671061023983864       -6.9349752354469638        53.997400484410441     
   6172.2083031580778        9.8512475605712115       -7.5977241794206067        61.595124663831051     
   6372.2083031580778        9.8346267167416599       -8.2772083698240611        69.872333033655110     
   6572.2083031580778        9.8172882483658643       -8.9715327423066302        78.843865775961746     
   6732.2083031580778        9.8029815789893391       -9.5355593311104716        88.379425107072223     
   6901.8083031580782        9.7873549760615184       -10.141997561184033        98.521422668256250     
   7071.4083031580785        9.7712952397798176       -10.756001545249848        109.27742421350609     
   7241.0083031580789        9.7548307392851470       -11.376618351076550        120.65404256458264     
   7420.7843031580787        9.7369571056234214       -12.040830467307979        132.69487303189061     
   7611.3468631580790        9.7175770912088701       -12.750839198771654        145.44571223066225     
   7811.3468631580790        9.6968038613663303       -13.501258980180946        158.94697121084320     
   8011.3468631580790        9.6756406174466516       -14.255714428356196        173.20268563919939     
   8211.3468631580799        9.6541294576990424       -15.013076307511922        188.21576194671130     
   8411.3468631580799        9.6323110121519147       -15.772296225144757        203.98805817185604     
   8611.3468631580799        9.6102243330849149       -16.532403223472731        220.52046139532877     
   8811.3468631580799        9.5879068155614409       -17.292499979675583        237.81296137500436     
   9011.3468631580799        9.5653941450819087       -18.051759038811500        255.86472041381586     
   9211.3468631580799        9.5427202593997293       -18.809419586228945        274.67414000004482     
   9411.3468631580799        9.5199173382200222       -19.564783453295718        294.23892345334053     
   9611.3468631580799        9.4970158061101575       -20.317210906623384        314.55613435996389     
   9811.3468631580799        9.4740443601567463       -21.066115869783296        335.62225022974718     
   10011.346863158080        9.4510300068748201       -21.810961863250192        357.43321209299739     
   10211.346863158080        9.4279981037282301       -22.551258998730567        379.98447109172798     
   10411.346863158080        9.4049724009638478       -23.286561802726538        403.27103289445449     
   10611.346863158080        9.3819750861872357       -24.016466985094819        427.28749987954933     
   10811.346863158080        9.3590268364718163       -24.740610501212561        452.02811038076192     
   11011.346863158080        9.3361468788160700       -25.458664176814743        477.48677455757667     
   11211.346863158080        9.3133530549453489       -26.170332620038593        503.65710717761527     
   11411.346863158080        9.2906618862475288       -26.875350727097331        530.53245790471260     
   11611.346863158080        9.2680886390281643       -27.573481328287933        558.10593923300053     
   11811.346863158080        9.2456473943914261       -28.264512255620865        586.37045148862137     
   12011.346863158080        9.2233511249451148       -28.948252850231285        615.31870433885263     
   12211.346863158080        9.2012117730229299       -29.624530957569668        644.94323529642224     
   12411.346863158080        9.1792403198036787       -30.293191596248416        675.23642689267069     
   12611.346863158080        9.1574468376093172       -30.954097463931788        706.19052435660251     
   12811.346863158080        9.1358405258741975       -31.607130333772524        737.79765469037500     
   13011.346863158080        9.1144297377450894       -32.252192132701111        770.04984682307611     
   13211.346863158080        9.0932220065403033       -32.889204833959838        802.93905165703598     
   13411.346863158080        9.0722240787617157       -33.518109025104536        836.45716068214051     
   13611.346863158080        9.0514419534645025       -34.138861933362513        870.59602261550299     
   13811.346863158080        9.0308809228270128       -34.751435840202120        905.34745845570512     
   14011.346863158080        9.0105456102197934       -35.355817062608594        940.70327551831372     
   14211.346863158080        8.9904400069879777       -35.952004953600074        976.65528047191378     
   14411.346863158080        8.9705675132416687       -36.540010164987748        1013.1952906369015     
   14611.346863158080        8.9509309870367915       -37.119851973197079        1050.3151426100985     
   14811.346863158080        8.9315328009142654       -37.691555290195446        1088.0066979002941     
   15011.346863158080        8.9123748990542744       -38.255148386952591        1126.2618462872467     
   15211.346863158080        8.8934588475023375       -38.810661900719637        1165.0725081879664     
   15411.346863158080        8.8747858745523800       -39.358128811298783        1204.4306369992651     
   15611.346863158080        8.8563569025268620       -39.897584793228134        1244.3282217924932     
   15811.346863158080        8.8381725715638950       -40.429068852930179        1284.7572906454234     
   16011.346863158080        8.8202332533860837       -40.952624574405931        1325.7099152198293     
   16211.346863158080        8.8025390545062194       -41.468301856861828        1367.1782170766912     
   16411.346863158080        8.7850898155962724       -41.976158030236299        1409.1543751069275     
   16611.346863158080        8.7678851184589774       -42.476257186095530        1451.6306322930232     
   16811.346863158080        8.7509243063535145       -42.968667962293502        1494.5993002553166     
   17011.346863158080        8.7342065118006538       -43.453461395198758        1538.0527616505153     
   17211.346863158080        8.7177306794623739       -43.930710375494385        1581.9834720260096     
   17411.346863158080        8.7014955730806207       -44.400491272999737        1626.3839632990093     
   17611.346863158080        8.6854997643967167       -44.862886887794858        1671.2468501868043     
   17811.346863158080        8.6697416143917643       -45.317988734231470        1716.5648389210357     
   18011.346863158080        8.6542192637949462       -45.765896868496910        1762.3307357895326     
   18211.346863158080        8.6389306466828231       -46.206716755413957        1808.5374525449465     
   18411.346863158080        8.6238735303403278       -46.640554206503658        1855.1780067514501     
   18611.346863158080        8.6090455730635060       -47.067510265094889        1902.2455170165449     
   18811.346863158080        8.5944443842181286       -47.487677882001222        1949.7331948985461     
   19011.346863158080        8.5800675690806205       -47.901141619670888        1997.6343365182170     
   19211.346863158080        8.5659127450113459       -48.307980640578904        2045.9423171587960     
   19411.346863158080        8.5519775254181436       -48.708273958003623        2094.6505911167997     
   19611.346863158080        8.5382594845244864       -49.102105285578332        2143.7526964023782     
   19811.346863158080        8.5247561281862101       -49.489564581488629        2193.2422609838668     
   20011.346863158080        8.5114648898413598       -49.870745718844432        2243.1130067027111     
   20211.346863158080        8.4983831496264308       -50.245742677402596        2293.3587493801137     
   20411.346863158080        8.4855082574586387       -50.614647446969315        2343.9733968270830     
   20611.346863158080        8.4728375373939464       -50.977551556581155        2394.9509483836641     
   20811.346863158080        8.4603682619725209       -51.334550736692321        2446.2854991203562     
   21011.346863158080        8.4480976054752333       -51.685749949394484        2497.9712490697507     
   21211.346863158080        8.4360226018251829       -52.031265330781046        2550.0025144005317     
   21411.346863158080        8.4241401374913103       -52.371220697909628        2602.3737350984416     
   21611.346863158080        8.4124469972170690       -52.705738975580736        2655.0794740740221     
   21811.346863158080        8.4009399553083561       -53.034931838699322        2708.1144059127214     
   22011.346863158080        8.3896158819749154       -53.358892095500607        2761.4732980082222     
   22211.346863158080        8.3784718278382968       -53.677691845774113        2815.1509898539962     
   22411.346863158080        8.3675050613055237       -53.991386609251464        2869.1423764632477     
   22611.346863158080        8.3567130518473789       -54.300023535275876        2923.4423999985238     
   22811.346863158080        8.3460934065243677       -54.603651266784091        2978.0460512653081     
   23011.346863158080        8.3356437795288727       -54.902328665111206        3032.9483799304194     
   23211.346863158080        8.3253617845824337       -55.196129497685227        3088.1445094281048     
   23411.346863158080        8.3152449410442379       -55.485141274148980        3143.6296507022539     
   23611.346863158080        8.3052906712142232       -55.769458856018105        3199.3991095582719     
   23811.346863158080        8.2954963419960333       -56.049176138105956        3255.4482856963778     
   24011.346863158080        8.2858593224998387       -56.324380098440876        3311.7726657948187     
   24211.346863158080        8.2763770241049492       -56.595149958044288        3368.3678157528630     
   24411.346863158080        8.2670468986641428       -56.861561854860298        3425.2293776077231     
   24611.346863158080        8.2578663910014445       -57.123696833276853        3482.3530744410000     
   24811.346863158080        8.2488328658119059       -57.381648111658514        3539.7347225526587     
   25011.346863158080        8.2399435490347592       -57.635522970184148        3597.3702455228427     
   25211.346863158080        8.2311955250527618       -57.885436661978339        3655.2556821848211     
   25411.346863158080        8.2225858067959585       -58.131500069523099        3713.3871822543442     
   25611.346863158080        8.2141114590468636       -58.373806508826945        3771.7609887631711     
   25811.346863158080        8.2057697291735785       -58.612423539142796        3830.3734123023137     
   26011.346863158080        8.1975581379232310       -58.847392927878367        3889.2208052301921     
   26211.346863158080        8.1894745041044761       -59.078737895017078        3948.2995431252093     
   26411.346863158080        8.1815169047457310       -59.306474097754240        4007.6060172229636     
   26611.346863158080        8.1736835897962603       -59.530620766764159        4067.1366379897277     
   26811.346863158080        8.1659728728263250       -59.751210041343469        4126.8878480310714     
   27011.346863158080        8.1583830212898860       -59.968292888914817        4186.8561409199865     
   27211.346863158080        8.1509121718351061       -60.181940149634094        4247.0380810696206     
   27411.346863158080        8.1435582928088870       -60.392238101872842        4307.4303191714935     
   27611.346863158080        8.1363192051280269       -60.599279438400252        4368.0295986098936     
   27811.346863158080        8.1291926534876016       -60.803152499416832        4428.8327511093103     
   28011.346863158080        8.1221763988486888       -61.003932937636876        4489.8366840469471     
   28211.346863158080        8.1152682932665421       -61.201681261501555        4551.0383653084482     
   28411.346863158080        8.1084663015428013       -61.396447827693784        4612.4348131361421     
   28611.346863158080        8.1017684559643737       -61.588283475411451        4674.0230966115532     
   28811.346863158080        8.0951727634416173       -61.777250781894288        4735.8003473934477     
   29011.346863158080        8.0886771128070336       -61.963429794712020        4797.7637771881600     
   29211.346863158080        8.0822792336426321       -62.146914677997444        4859.9106918661573     
   29411.346863158080        8.0759767338067991       -62.327802395388382        4922.2384942615454     
   29611.346863158080        8.0697672065130615       -62.506178285474746        4984.7446725470199     
   29811.346863158080        8.0636483693834080       -62.682104304662985        5047.4267768516829     
   30011.346863158080        8.0576181886841258       -62.855613994913000        5110.2823908465962     
   30211.346863158080        8.0516749514717869       -63.026715289510513        5173.3091061361065     
   30411.346863158080        8.0458172686489977       -63.195399581833911        5236.5045057179404     
   30611.346863158080        8.0400440153896024       -63.361653628306883        5299.8661593462475     
   30811.346863158080        8.0343542325068817       -63.525470578939334        5363.3916299251869     
   31011.346863158080        8.0287470149606062       -63.686857995152259        5427.0784879203393     
   31211.346863158080        8.0232214035071081       -63.845842947021318        5490.9243308673604     
   31411.346863158080        8.0177762948356524       -64.002473724703918        5554.9268045920644     
   31611.346863158080        8.0124103886490943       -64.156817166512567        5619.0836217585766     
   31811.346863158080        8.0071221812500966       -64.308952250991695        5683.3925740095683     
   32011.346863158080        8.0019100034031432       -64.458961644475821        5747.8515356540438     
   32211.346863158080        7.9967720947464382       -64.606922567693388        5812.4584582217376     
   32411.346863158080        7.9917067009592833       -64.752898562217169        5877.2113567839551     
   32611.346863158080        7.9867121688003051       -64.896934695602923        5942.1082914795579     
   32811.346863158076        7.9817870074993031       -65.039058571713213        6007.1473500512711     
   33011.346863158076        7.9769298857881283       -65.179288538521064        6072.3266385897923     
   33211.346863158076        7.9721395563813804       -65.317646904877947        6137.6442854946699     
   33411.346863158076        7.9674147345379662       -65.454172604842057        6203.0984580995118     
   33611.346863158076        7.9627539785548604       -65.588927924633509        6268.6873860241458     
   33811.346863158076        7.9581556236726563       -65.721995878111272        6334.4093819022573     
   34011.346863158076        7.9536178023910251       -65.853468556306694        6400.2628504585637     
   34211.346863158076        7.9491385495099296       -65.983430744646128        6466.2462812032099     
   34411.346863158076        7.9447159586492395       -66.111944705837331        6532.3582259090472     
   34611.346863158076        7.9403483428434978       -66.239040832736066        6598.5972667417836     
   34811.346863158076        7.9360343558254840       -66.364716301724783        6664.9619830435086     
   35011.346863158076        7.9317730463764384       -66.488941283602003        6731.4509243271104     
   35211.346863158076        7.9275638379833175       -66.611670440944948        6798.0625947680555     
   35411.346863158076        7.9234064439382825       -66.732856598413562        6864.7954513664690     
   35611.346863158076        7.9193007433624576       -66.852463058125323        6931.6479144245941     
   35811.346863158076        7.9152466497031266       -66.970471891110307        6998.6183863157048     
   36011.346863158076        7.9112439934885028       -67.086887986547239        7065.7052743022523     
   36211.346863158076        7.9072924369666886       -67.201738689237885        7132.9070129914899     
   36411.346863158076        7.9033914360378219       -67.315068843373325        7200.2220818348633     
   36611.346863158076        7.8995402489873943       -67.426933252003764        7267.6490150868667     
   36811.346863158076        7.8957379717873124       -67.537390089305319        7335.1864051761722     
   37011.346863158076        7.8919835743411628       -67.646497597850001        7402.8329027740219     
   37211.346863158076        7.8882759301014032       -67.754312770525303        7470.5872155445468     
   37411.346863158076        7.8846138533712864       -67.860888744461846        7538.4481042890084     
   37611.346863158076        7.8809973016007033       -67.966302770326749        7606.4144070593347     
   37811.346863158076        7.8774237906292042       -68.070554163151073        7674.4849612224862     
   38011.346863158076        7.8738922782445648       -68.173665318836612        7742.6586265413225     
   38211.346863158076        7.8704018358186723       -68.275652147317615        7810.9342786886400     
   38411.346863158076        7.8669504617916761       -68.376502393347849        7879.3107810819874     
   38611.346863158076        7.8635385225847045       -68.476286606676126        7947.7870676886632     
   38811.346863158076        7.8601659646269191       -68.575099230134654        8016.3621669187978     
   39011.346863158076        7.8568300202281325       -68.672993828387462        8085.0351607471857     
   39211.346863158076        7.8535278574765037       -68.770038368448169        8153.8051991156335     
   39411.346863158076        7.8502599470923862       -68.866394387058790        8222.6715935026914     
   39611.346863158076        7.8470231010315672       -68.962103118174269        8291.6336966208655     
   39811.346863158076        7.8438145185003743       -69.057173709285067        8360.6908703301506     
   40011.346863158076        7.8406340740469425       -69.151642904640610        8429.8425132347911     
   40211.346863158076        7.8374808179446838       -69.245477716751353        8499.0879909515425     
   40411.346863158076        7.8343542764298117       -69.338615721924015        8568.4266066734672     
   40611.346863158076        7.8312544391362646       -69.430975629672659        8637.8575823031406     
   40811.346863158076        7.8281816858991187       -69.522469976505178        8707.3800522796464     
   41011.346863158076        7.8251366645598495       -69.613018242176921        8776.9930705218230     
   41211.346863158076        7.8221201444640300       -69.702557679905112        8846.6956282017272     
   41411.346863158076        7.8191328760714383       -69.791049566967615        8916.4866777686948     
   41611.346863158076        7.8161764540855856       -69.878515048539541        8986.3651928172349     
   41811.346863158076        7.8132490894652378       -69.964901746278542        9056.3300945635128     
   42011.346863158076        7.8103530308973852       -70.050313425418508        9126.3804079889305     
   42211.346863158076        7.8074869089183760       -70.134770585415225        9196.5151785743456     
   42411.346863158076        7.8046502758246765       -70.218333104853343        9266.7335116791983     
   42611.346863158076        7.8018425036794277       -70.301059874829562        9337.0345715540279     
   42811.346863158076        7.7990628352138511       -70.383006015487553        9407.4175775695148     
   43011.346863158076        7.7963104097213236       -70.464224178102953        9477.8818017476169     
   43211.346863158076        7.7935842768634771       -70.544765892810872        9548.4265676404284     
   43411.346863158076        7.7908834299880070       -70.624678713739229        9619.0512463541672     
   43611.346863158076        7.7882068783121383       -70.703998971422664        9689.7552453255903     
   43811.346863158076        7.7855537421441525       -70.782744682998370        9760.5379900085882     
   44011.346863158076        7.7829233283021626       -70.860914167551755        9831.3989041761397     
   44211.346863158076        7.7803151451148356       -70.938492682959847        9902.3373968591004     
   44411.346863158076        7.7777288285921635       -71.015467155229729        9973.3528640143304     
   44611.346863158076        7.7751639939723196       -71.091843425244221        10044.444707439574     
   44811.346863158076        7.7726200743152276       -71.167657089173602        10115.612364528748     
   45011.346863158076        7.7700962139914296       -71.242972956135930        10186.855337484883     
   45211.346863158076        7.7675912660344570       -71.317872528168152        10258.173210013052     
   45411.346863158076        7.7651038989957346       -71.392434354076087        10329.565644367129     
   45611.346863158076        7.7626327672854103       -71.466716091778991        10401.032360458908     
   45811.346863158076        7.7601766813096358       -71.540744571579580        10472.573105030488     
   46011.346863158076        7.7577347371056211       -71.614514009774808        10544.187619040262     
   46211.346863158076        7.7553063973030429       -71.687989013060246        10615.875608053322     
   46411.346863158076        7.7528915300325139       -71.761109609169310        10687.636717662492     
   46611.346863158076        7.7504904103291512       -71.833797579398407        10759.470515241890     
   46811.346863158076        7.7481036829496794       -71.905964416387079        10831.376479658276     
   47011.346863158076        7.7457322854661736       -71.977520888939210        10903.354000547215     
   47211.346863158076        7.7433773364103420       -72.048387303030609        10975.402387850245     
   47411.346863158076        7.7410400007883755       -72.118502949643712        11047.520890799889     
   47611.346863158076        7.7387213502636456       -72.187833250073851        11119.708724049964     
   47811.346863158076        7.7364222433774437       -72.256372484763773        11191.965096534728     
   48011.346863158076        7.7341432484153199       -72.324141289999943        11264.289237824729     
   48211.346863158076        7.7318846092229343       -72.391181442733313        11336.680419267463     
   48411.346863158076        7.7296462316182541       -72.457551944940207        11409.137971212403     
   48611.346863158076        7.7274276952010732       -72.523323960387231        11481.661295172791     
   48811.346863158076        7.7252283137593167       -72.588571364832745        11554.249866537624     
   49011.346863158076        7.7230472394359335       -72.653359763314185        11626.903226300938     
   49211.346863158076        7.7208835712202744       -72.717739878219646        11699.620966179158     
   49411.346863158076        7.7187364264421454       -72.781748126159329        11772.402714305317     
   49611.346863158076        7.7166049598957906       -72.845412487838345        11845.248126793156     
   49811.346863158076        7.7144883489018312       -72.908758680668114        11918.156885473823     
   50011.346863158076        7.7123857889519734       -72.971810875195686        11991.128696349018     
   50211.346863158076        7.7102965372054149       -73.034585249870432        12064.163281598889     
   50411.346863158076        7.7082199990119262       -73.097081052296616        12137.260362651185     
   50611.346863158076        7.7061558112132529       -73.159276550355585        12210.419639201540     
   50811.346863158076        7.7041038680349718       -73.221134257296058        12283.640773458836     
   51011.346863158076        7.7020642622380908       -73.282614221602159        12356.923387680437     
   51211.346863158076        7.7000371324357282       -73.343693327395656        12430.267081007833     
   51411.346863158076        7.6980224557984975       -73.404382958346034        12503.671463966179     
   51611.346863158076        7.6960198703069764       -73.464735191902577        12577.136199158082     
   51811.346863158076        7.6940285975969012       -73.524834560252984        12650.661033718334     
   52011.346863158076        7.6920474807195651       -73.584780889884968        12724.245814608219     
   52211.346863158076        7.6900751256689244       -73.644667815735545        12797.890482423954     
   52411.346863158076        7.6881101130381566       -73.704562090678394        12871.595044514634     
   52611.346863158076        7.6861512145287083       -73.764490976322833        12945.359535490956     
   52811.346863158076        7.6841975520143171       -73.824441064960695        13019.183976555916     
   53011.346863158076        7.6822486782172579       -73.884365090706183        13093.068341646622     
   53211.346863158076        7.6803045960788694       -73.944190886391226        13167.012532533014     
   53411.346863158076        7.6783657423628044       -74.003829171621859        13241.016361704635     
   53611.346863158076        7.6764329484120672       -74.063180233994927        13315.079541938630     
   53811.346863158076        7.6745073774536934       -74.122140937164346        13389.201682875795     
   54011.346863158076        7.6725904342836149       -74.180612872010798        13463.382295747806     
   54211.346863158076        7.6706836485047516       -74.238511196179246        13537.620806943985     
   54411.346863158076        7.6687885405765321       -74.295772854897535        13611.916579798883     
   54611.346863158076        7.6669064855892550       -74.352362770861390        13686.268942569744     
   54811.346863158076        7.6650385908333831       -74.408277048243363        13760.677219617988     
   55011.346863158076        7.6631856074986260       -74.463541829258133        13835.140761447246     
   55211.346863158076        7.6613478961482002       -74.518207018252468        13909.658968465499     
   55411.346863158076        7.6595254432980635       -74.572337528542818        13984.231305994042     
   55611.346863158076        7.6577178974604916       -74.626007144231266        14058.857313138275     
   55811.346863158076        7.6559245886602723       -74.679297845029538        14133.536610983305     
   56011.346863158076        7.6541445600971780       -74.732296668151761        14208.268907651456     
   56211.346863158076        7.6523766612360227       -74.785084562227794        14283.053992213683     
   56411.346863158076        7.6506196940532813       -74.837723041239883        14357.891715254924     
   56611.346863158076        7.6488725508084867       -74.890247984720958        14432.781963239644     
   56811.346863158076        7.6471342867022098       -74.942673850907639        14507.724637090552     
   57011.346863158076        7.6454041139689810       -74.995004488245172        14582.719641578797     
   57211.346863158076        7.6436813427560732       -75.047244334579958        14657.766885913377     
   57411.346863158076        7.6419653160642325       -75.099404350000938        14732.866290263379     
   57611.346863158076        7.6402553943563358       -75.151498449695836        14808.017788713074     
   57811.346863158076        7.6385510193336206       -75.203531578035765        14883.221320291110     
   58011.346863158076        7.6368518311274398       -75.255487064506923        14958.476807355617     
   58211.346863158076        7.6351577711798209       -75.307322172428599        15033.784129528045     
   58411.346863158076        7.6334691055183761       -75.358975776025488        15109.143105304071     
   58611.346863158076        7.6317863426879331       -75.410385329167354        15184.553490633238     
   58811.346863158076        7.6301100676526694       -75.461506249915587        15260.014996883154     
   59011.346863158076        7.6284407117776301       -75.512331578893523        15335.527328462047     
   59211.346863158076        7.6267783188136811       -75.562904380408042        15411.090232842454     
   59411.346863158076        7.6251224028000211       -75.613313832135617        15486.703546674589     
   59611.346863158076        7.6234719561346633       -75.663675688285252        15562.367222362875     
   59811.346863158076        7.6218255881642287       -75.714107136822207        15638.081329499697     
   60011.346863158076        7.6201817172285908       -75.764707691074690        15713.846037190771     
   60211.346863158076        7.6185387828738094       -75.815544815652075        15789.661582006423     
   60411.346863158076        7.6168954702433336       -75.866641775383627        15865.528223781806     
   60611.346863158076        7.6152509040533651       -75.917972700656549        15941.446196482462     
   60811.346863158076        7.6136047609032298       -75.969468330461297        16017.415664812923     
   61011.346863158076        7.6119572889152263       -76.021028614760951        16093.436693427684     
   61211.346863158076        7.6103092627461848       -76.072535755967891        16169.509229183652     
   61411.346863158076        7.6086619079997604       -76.123864300086922        16245.633093483739     
   61611.346863158076        7.6070168126918034       -76.174888653252992        16321.807982136992     
   61811.346863158076        7.6053758273448269       -76.225489808293943        16398.033471945288     
   62011.346863158076        7.6037409503571709       -76.275562371872297        16474.309034317161     
   62211.346863158076        7.6021141995012700       -76.325021699318370        16550.634056016479     
   62411.346863158076        7.6004974772335423       -76.373810131081612        16627.007866147560     
   62611.346863158076        7.5988924420547370       -76.421901230669150        16703.429767378228     
   62811.346863158076        7.5973003987725285       -76.469301323690800        16779.899068701918     
   63011.346863158076        7.5957222178048625       -76.516048206130421        16856.415116908047     
   63211.346863158076        7.5941582885218306       -76.562207484892156        16932.977324392938     
   63411.346863158076        7.5926085255071083       -76.607864431422797        17009.585188824360     
   63611.346863158076        7.5910724381024028       -76.653111706808829        17086.238300531168     
   63811.346863158076        7.5895492331247940       -76.698038864932812        17162.936339396099     
   64011.346863158076        7.5880378935345707       -76.742729961308058        17239.679069357408     
   64211.346863158076        7.5865371980241285       -76.787269182566391        17316.466338539973     
   64411.346863158076        7.5850457494453662       -76.831740098084254        17393.298078638058     
   64611.346863158076        7.5835620860934609       -76.876212486107519        17470.174291124164     
   64811.346863158076        7.5820848510376875       -76.920727679140668        17547.095018803306     
   65011.346863158076        7.5806129290444506       -76.965295175387396        17624.060313978694     
   65211.346863158076        7.5791454852823206       -77.009902591226222        17701.070216569922     
   65411.346863158076        7.5776819057533249       -77.054531897920526        17778.124748467842     
   65611.346863158076        7.5762216855685249       -77.099173484432043        17855.223921952274     
   65811.346863158076        7.5747643184601277       -77.143833375245293        17932.367755327519     
   66011.346863158076        7.5733092254439098       -77.188532909810135        18009.556288237331     
   66211.346863158076        7.5718557604217613       -77.233299389308229        18086.789587626638     
   66411.346863158076        7.5704033144771721       -77.278148719620788        18164.067736346260     
   66611.346863158076        7.5689514877373814       -77.323067748022254        18241.390804094281     
   66811.346863158076        7.5675002486042366       -77.368006500334616        18318.758810594616     
   67011.346863158076        7.5660499984596248       -77.412885527737629        18396.171696122354     
   67211.346863158076        7.5646015041292447       -77.457615613894518        18473.629311736247     
   67411.346863158076        7.5631557171763344       -77.502121877076888        18551.131433613325     
   67611.346863158076        7.5617135374830067       -77.546363898552372        18628.677797511878     
   67811.346863158076        7.5602755872067968       -77.590346574108779        18706.268144085989     
   68011.346863158076        7.5588419988495748       -77.634127619251913        18783.902271705239     
   68211.346863158076        7.5574122587260177       -77.677816933349050        18861.580088638588     
   68411.346863158076        7.5559851929280644       -77.721558913415137        18939.301647552002     
   68611.346863158076        7.5545591285202836       -77.765501519831275        19017.067149071834     
   68811.346863158076        7.5531321681254413       -77.809766151907354        19094.876915223740     
   69011.346863158076        7.5517024731382456       -77.854429990588855        19172.731345214328     
   69211.346863158076        7.5502684652313024       -77.899524908022684        19250.630870122350     
   69411.346863158076        7.5488289745242927       -77.945038981178214        19328.575909103529     
   69611.346863158076        7.5473833839526066       -77.990913674483693        19406.566822778012     
   69811.346863158076        7.5459317449195087       -78.037044371783324        19484.603867149795     
   70011.346863158076        7.5444748117239779       -78.083290328034323        19562.687157477831     
   70211.346863158076        7.5430139817303026       -78.129491040686275        19640.816648518517     
   70411.346863158076        7.5415511700919300       -78.175482623095860        19718.992131141615     
   70611.346863158076        7.5400886570275336       -78.221110401027573        19797.213241542642     
   70811.346863158076        7.5386289324131459       -78.266237484063396        19875.479479026704     
   71011.346863158076        7.5371745473309080       -78.310750627141061        19953.790229653845     
   71211.346863158076        7.5357279748816683       -78.354564502905689        20032.144794156749     
   71411.346863158076        7.5342914821811515       -78.397624739767252        20110.542418896515     
   71611.346863158076        7.5328670176726931       -78.439909538400386        20188.982328434915     
   71811.346863158076        7.5314561194171983       -78.481429558205718        20267.463757993122     
   72011.346863158076        7.5300598496717779       -78.522225938800304        20345.985983931922     
   72211.346863158076        7.5286787590922977       -78.562366598370716        20424.548350530291     
   72411.346863158076        7.5273128811041312       -78.601941193052596        20503.150291723345     
   72611.346863158076        7.5259617541849284       -78.641055264886347        20581.791346988230     
   72811.346863158076        7.5246244885013542       -78.679820956637855        20660.471167944866     
   73011.346863158076        7.5232998880461750       -78.718344099032620        20739.189512043900     
   73211.346863158076        7.5219865944535780       -78.756714062829431        20817.946226106731     
   73411.346863158076        7.5206831876194418       -78.795003458489859        20896.741229565221     
   73611.346863158076        7.5193881962579354       -78.833278612626756        20975.574508177848     
   73811.346863158076        7.5181000252492067       -78.871614483747393        21054.446122661597     
   74011.346863158076        7.5168168510294509       -78.910105670739128        21133.356228332337     
   74211.346863158076        7.5155366383709641       -78.948854331293632        21212.305082663632     
   74411.346863158076        7.5142573594343887       -78.987936994385464        21291.293019658016     
   74611.346863158076        7.5129773098569643       -79.027375898536221        21370.320395556551     
   74811.346863158076        7.5116953412693395       -79.067135058853822        21449.387530615404     
   75011.346863158076        7.5104109070557215       -79.107140108636031        21528.494670724041     
   75211.346863158076        7.5091239382242119       -79.147307435328202        21607.641978159369     
   75411.346863158076        7.5078346351718261       -79.187568425245061        21686.829546584613     
   75611.346863158076        7.5065432633374751       -79.227882073057970        21766.057428657670     
   75811.346863158076        7.5052500063720204       -79.268236309262150        21845.325664966931     
   76011.346863158076        7.5039549156105094       -79.308638422049597        21924.634303388979     
   76211.346863158076        7.5026579844181356       -79.349095163200715        22003.983398552180     
   76411.346863158076        7.5013593256605358       -79.389589698285903        22083.372988250467     
   76611.346863158076        7.5000593674667630       -79.430067405393203        22162.803055655859     
   76811.346863158076        7.4987589650790722       -79.470438667456634        22242.273494323315     
   77011.346863158076        7.4974593679906931       -79.510597662629436        22321.784091985945     
   77211.346863158076        7.4961620477516231       -79.550448953748798        22401.334540939693     
   77411.346863158076        7.4948684430512600       -79.589931975913913        22480.924472915609     
   77611.346863158076        7.4935796967154511       -79.629036342671014        22560.553509258280     
   77811.346863158076        7.4922964477881902       -79.667805417463953        22640.221314675742     
   78011.346863158076        7.4910187148687193       -79.706329497622491        22719.927644173364     
   78211.346863158076        7.4897458086331898       -79.744742733826655        22799.672386907190     
   78411.346863158076        7.4884762969678551       -79.783215846446481        22879.455602753638     
   78611.346863158076        7.4872081234736170       -79.821931213147792        22959.277533966786     
   78811.346863158076        7.4859389003972883       -79.861046509735289        23039.138580476520     
   79011.346863158076        7.4846662778778645       -79.900665284069987        23119.039245760589     
   79211.346863158076        7.4833882584259159       -79.940826584376751        23198.980072344966     
   79411.346863158076        7.4821033774051982       -79.981513029093421        23278.961585374058     
   79611.346863158076        7.4808107282025960       -80.022671222024528        23358.984256596083     
   79811.346863158076        7.4795098660529415       -80.064235260661846        23439.048491856745     
   80011.346863158076        7.4782007603524834       -80.106129186876856        23519.154621043621     
   80211.346863158076        7.4768839015220383       -80.148247301248631        23599.302868344868     
   80411.346863158076        7.4755604774281732       -80.190436999833310        23679.493305344702     
   80611.346863158076        7.4742324617685778       -80.232502896680671        23759.725808241383     
   80811.346863158076        7.4729025336538379       -80.274230328006226        23840.000038569389     
   81011.346863158076        7.4715738548858210       -80.315414828936312        23920.315453398325     
   81211.346863158076        7.4702497844122542       -80.355885800555967        24000.671339198881     
   81411.346863158076        7.4689336040042624       -80.395519605328857        24081.066858804210     
   81611.346863158076        7.4676282976899593       -80.434243014382488        24161.501101818594     
   81811.346863158076        7.4663363973575798       -80.472030283789152        24241.973132102383     
   82011.346863158076        7.4650598890113544       -80.508897054900530        24322.482029157283     
   82211.346863158076        7.4638001676394037       -80.544893221784250        24403.026922379067     
   82411.346863158076        7.4625580287958435       -80.580095854417905        24483.607018233484     
   82611.346863158076        7.4613336875632434       -80.614602575644824        24564.221620809130     
   82811.346863158076        7.4601268181195497       -80.648525466228307        24644.870146275360     
   83011.346863158076        7.4589366088147440       -80.681985487455975        24725.552131762815     
   83211.346863158076        7.4577618284805274       -80.715107433704290        24806.267239196521     
   83411.346863158076        7.4566008999971540       -80.748015470931421        24887.015254667451     
   83611.346863158076        7.4554520053944167       -80.780825068896291        24967.796079736348     
   83811.346863158076        7.4543132399836569       -80.813630726665679        25048.609710463013     
   84011.346863158076        7.4531827741458763       -80.846497626103243        25129.456208089116     
   84211.346863158076        7.4520589443949774       -80.879465753526489        25210.335673842641     
   84411.346863158076        7.4509402257915998       -80.912566294178646        25291.248240136818     
   84611.346863158076        7.4498250997739381       -80.945842556141514        25372.194082692960     
   84811.346863158076        7.4487118823308585       -80.979365535555758        25453.173448228517     
   85011.346863158076        7.4475985906694877       -81.013237644641549        25534.186685873159     
   85211.346863158076        7.4464828895964867       -81.047586026482051        25615.234271899641     
   85411.346863158076        7.4453622694027768       -81.082527487888242        25696.316799387529     
   85611.346863158076        7.4442344821018285       -81.118115912453817        25777.434915299982     
   85811.346863158076        7.4430980195715000       -81.154310234615252        25858.589225534597     
   86011.346863158076        7.4419523752283823       -81.190984448919082        25939.780209983517     
   86211.346863158076        7.4407979922279370       -81.227968979555570        26021.008178963071     
   86411.346863158076        7.4396359772738858       -81.265098105691564        26102.273277068762     
