 #              _____________________  _______________________             #
 #              ___  __ \__  __ \_  / / /_  /___  ____/_  ___/             #
 #              __  / / /_  /_/ /  / / /_  __/_  __/  _____ \              #
 #              _  /_/ /_  _, _// /_/ / / /_ _  /___  ____/ /              #
 #              /_____/ /_/ |_| \____/  \__/ /_____/  /____/               #
 #                                                                         #
  
 #        time                      T            heat flux [W.L-2]   in    x              directions   cumulative flux
 #-----------------------------------------------------------------------------------------------

   0.0000000000000000        10.000000000000000       -0.0000000000000000        0.0000000000000000     
   1.0000000000000000        9.9999999999999982       -0.0000000000000000        0.0000000000000000     
   1.9540000000000002        9.9999999999999982        5.6488147492927924E-013   5.6488147492927924E-013
   2.8641160000000001        9.9999999999999982        5.6488147492927924E-013   1.1297629498585585E-012
   3.8288389600000006        9.9999999999999982        5.6488147492927924E-013   1.6946444247878377E-012
   4.8514452976000007        9.9999999999999982        5.6488147492927924E-013   2.2595258997171170E-012
   5.9354080154560007        9.9999999999999982        1.1297629498585585E-012   3.3892888495756755E-012
   7.0844084963833609        10.000000000000000        5.6488147492927924E-013   3.9541703245049543E-012
   8.3023490061663630        9.9999999999999982        5.6488147492927924E-013   4.5190517994342340E-012
   9.5933659465363448        9.9999999999999982        5.6488147492927924E-013   5.0839332743635136E-012
   10.961843903328527        10.000000000000000       -0.0000000000000000        5.0839332743635136E-012
   12.412430537528239        10.000000000000000       -0.0000000000000000        5.0839332743635136E-012
   13.950052369779934        10.000000000000000        5.6488147492927924E-013   5.6488147492927932E-012
   15.579931511966731        9.9999999999999982        5.6488147492927924E-013   6.2136962242220729E-012
   17.307603402684734        10.000000000000000       -0.0000000000000000        6.2136962242220729E-012
   19.138935606845820        10.000000000000000       -0.0000000000000000        6.2136962242220729E-012
   21.080147743256571        9.9999999999999964        5.6488147492927924E-013   6.7785776991513525E-012
   23.137832607851966        9.9999999999999964        1.1297629498585585E-012   7.9083406490099118E-012
   25.318978564323086        9.9999999999999947        1.1297629498585585E-012   9.0381035988684711E-012
   27.630993278182473        9.9999999999999964        1.1297629498585585E-012   1.0167866548727030E-011
   30.081728874873424        9.9999999999999947        1.1297629498585585E-012   1.1297629498585590E-011
   32.679508607365833        9.9999999999999947        5.6488147492927924E-013   1.1862510973514869E-011
   35.433155123807786        9.9999999999999964       -1.1297629498585585E-012   1.2992273923373429E-011
   38.352020431236255        9.9999999999999964       -3.9541703245049543E-012   1.6946444247878383E-011
   41.446017657110431        9.9999999999999929       -1.2427392448444144E-011   2.9373836696322529E-011
   44.725654716537058        9.9999999999999858       -3.6152414395473872E-011   6.5526251091796400E-011
   48.202069999529286        9.9999999999999520       -1.0167866548727027E-010   1.6720491657906667E-010
   51.887070199501046        9.9999999999998597       -2.8526514483928607E-010   4.5247006141835274E-010
   55.793170411471110        9.9999999999995950       -7.8236084277705200E-010   1.2348309041954047E-009
   59.933636636159378        9.9999999999988471       -2.0923209831380522E-009   3.3271518873334571E-009
   64.322530834328944        9.9999999999967955       -5.4680526773154377E-009   8.7952045646488940E-009
   68.974758684388689        9.9999999999912994       -1.3964999823201734E-008   2.2760204387850628E-008
   73.906120205452012        9.9999999999769216       -3.4843584018063319E-008   5.7603788405913947E-008
   79.133363417779137        9.9999999999401723       -8.4955349421992388E-008   1.4255913782790633E-007
   84.674241222845893        9.9999999998484181       -2.0244674203697379E-007   3.4500587986488011E-007
   90.547571696216650        9.9999999996246078       -4.7158791005596219E-007   8.1659378992084230E-007
   96.773301997989648        9.9999999990911927       -1.0740277893722370E-006   1.8906215792930793E-006
   99.476364677492242        9.9999999987879455       -1.4109569939089333E-006   3.3015785732020127E-006
   102.34161111776500        9.9999999983621493       -1.8757646316219026E-006   5.1773432048239149E-006
   105.37877234445412        9.9999999977573300       -2.5235644933758490E-006   7.7009076981997634E-006
   108.59816324474458        9.9999999968883095       -3.4355023679263925E-006   1.1136410066126156E-005
   112.01071759905247        9.9999999956255277       -4.7318827576347644E-006   1.5868292823760920E-005
   115.62802521461883        9.9999999937703219       -6.5922176517766131E-006   2.2460510475537534E-005
   119.46237128711918        9.9999999910157840       -9.2859046745652667E-006   3.1746415150102803E-005
   123.52677812396955        9.9999999868845446       -1.3219299223341942E-005   4.4965714373444745E-005
   127.83504937103093        9.9999999806295605       -1.9007968458040287E-005   6.3973682831485032E-005
   132.40181689291600        9.9999999710756704       -2.7587641366335745E-005   9.1561324197820783E-005
   137.24259046611419        9.9999999563661568       -4.0384366315725567E-005   1.3194569051354636E-004
   142.37381045370427        9.9999999335575058       -5.9574944573682444E-005   1.9152063508722880E-004
   147.81290364054973        9.9999998979720424       -8.8484249861072345E-005   2.8000488494830115E-004
   153.57834241860593        9.9999998421660887       -1.3218875054473730E-004   4.1219363549303844E-004
   159.68970752334550        9.9999997542907497       -1.9842819501083875E-004   6.1062183050387725E-004
   166.16775453436946        9.9999996154993624       -2.9897358795893399E-004   9.0959541846281130E-004
   173.03448436605484        9.9999993958701374       -4.5166363444347550E-004   1.3612590529062869E-003
   180.31321798764137        9.9999990480366456       -6.8340859146104446E-004   2.0446676443673312E-003
   188.02867562652307        9.9999984973158824       -1.0345751683277708E-003   3.0792428126951020E-003
   196.20706072373767        9.9999976265454489       -1.5653128637021009E-003   4.6445556763972029E-003
   204.87614892678516        9.9999962530293800       -2.3645631897101175E-003   7.0091188661073204E-003
   214.06538242201549        9.9999940938781720       -3.5627064312225990E-003   1.0571825297329919E-002
   223.80596992695965        9.9999907145404929       -5.3490368076922028E-003   1.5920862105022124E-002
   234.13099268220046        9.9999854533953894       -7.9954972316103861E-003   2.3916359336632512E-002
   245.07551680275571        9.9999773128598903       -1.1888317247577551E-002   3.5804676584210063E-002
   256.67671237054429        9.9999648045663676       -1.7569335903962261E-002   5.3374012488172320E-002
   268.97397967240016        9.9999457328468075       -2.5788795208263764E-002   7.9162807696436077E-002
   282.00908301236740        9.9999168971952983       -3.7571190955658945E-002  0.11673399865209502     
   295.82629255273270        9.9998736908551855       -5.4295300053928061E-002  0.17102929870602307     
   310.47253466551990        9.9998095696093188       -7.7788717662571227E-002  0.24881801636859430     
   325.99755130507430        9.9997153627700257      -0.11043611741355577       0.35925413378215010     
   342.45406894300197        9.9995783978744672      -0.15529901899370427       0.51455315277585434     
   359.89797763920529        9.9993814123250999      -0.21624317453803024       0.73079632731388455     
   378.38852085718082        9.9991012297948991      -0.29806785725256429        1.0288641845664488     
   397.98849666823492        9.9987071872270370      -0.40662944483276520        1.4354936293992140     
   418.76447102795225        9.9981593102373090      -0.54894982070800935        1.9844434501072232     
   440.78700384925264        9.9974062511264741      -0.73329836421054151        2.7177418143177645     
   462.80953667055303        9.9964545275631274      -0.95359666215869443        3.6713384764764587     
   486.15342146113142        9.9951913112902115       -1.2298710396466324        4.9012095161230906     
   510.89793933914450        9.9935303787694014       -1.5728473739291451        6.4740568900522355     
   537.12712828983842        9.9913672504406890       -1.9942902303784653        8.4683471204307015     
   563.35631724053235        9.9887636019844823       -2.4743213364812018        10.942668456911903     
   591.15925752826786        9.9854678051299786       -3.0488217497643126        13.991490206676216     
   620.63037423326750        9.9813292853216762       -3.7302891546805159        17.721779361356731     
   650.10149093826715        9.9765092573814602       -4.4820544901204764        22.203833851477206     
   679.57260764326679        9.9709775030974708       -5.3011907286298499        27.505024580107055     
   710.81199135056647        9.9642859145715068       -6.2409995910724518        33.746024171179506     
   743.92573808030409        9.9562381828519957       -7.3119944672185193        41.058018638398025     
   779.02630961382602        9.9466166041921831       -8.5242035547848136        49.582222193182837     
   816.23291543935920        9.9351821541250942       -9.8868976843526646        59.469119877535505     
   855.67191761442439        9.9216750769965891       -11.408299378918594        70.877419256454104     
   895.11091978948957        9.9067946422856661       -12.996420212451937        83.873839468906041     
   936.91626209505864        9.8895060910008841       -14.743084852107918        98.616924321013954     
   981.22992493896186        9.8695230848481721       -16.652488456362516        115.26941277737647     
   1028.2024075534994        9.8465453120512016       -18.727091562806255        133.99650434018272     
   1077.9932391249090        9.8202612791587089       -20.967384396677918        154.96388873686064     
   1127.7840706963186        9.7921479553849924       -23.234731530631869        178.19862026749252     
   1177.5749022677282        9.7623091023357507       -25.516466996377336        203.71508726386986     
   1227.3657338391379        9.7308515226751364       -27.801424029932846        231.51651129380269     
   1269.5883590116932        9.7030771789488206       -29.735355059029455        261.25186635283217     
   1314.3443416946020        9.6724801689582485       -31.774937545761091        293.02680389859324     
   1359.1003243775108        9.6408034990714508       -33.798820432425842        326.82562433101907     
   1406.5416660213941        9.6061018167235215       -35.921157412679413        362.74678174369848     
   1456.8294881639104        9.5681566052667755       -38.139681101146458        400.88646284484491     
   1510.1345796349776        9.5267462432256949       -40.450988911256452        441.33745175610136     
   1566.6379765943088        9.4816483415068475       -42.850433879043450        484.18788563514482     
   1626.5315773712000        9.4326419742188747       -45.332187738608049        529.52007337375289     
   1690.0187941947047        9.3795094650387707       -47.889441275465934        577.40951464921886     
   1757.3152440276197        9.3220380908687765       -50.514523579028754        627.92403822824758     
   1828.6494808505095        9.2600227905000345       -53.198703803069392        681.12274203131699     
   1904.2637718827727        9.1932710579818249       -55.931625440253384        737.05436747157034     
   1984.4149203769718        9.1216085413568848       -58.701090864414141        795.75545833598449     
   2069.3751377808230        9.0448816773811593       -61.493847639169644        857.24930597515413     
   2159.4329682289049        8.9629574349153955       -64.296518394599971        921.54582436975409     
   2254.8942685038719        8.8757224070437672       -67.096041867502336        988.64186623725641     
   2350.3555687788389        8.7883253081377148       -69.731135243098009        1058.3730014803543     
   2445.8168690538059        8.7009675943970315       -72.208812273756905        1130.5818137541112     
   2547.0058473452709        8.6086182943200615       -74.666738645991387        1205.2485524001027     
   2654.2661643342240        8.5112140594444341       -77.093521818680927        1282.3420742187836     
   2767.9621003425141        8.4087128138369724       -79.477908657426894        1361.8199828762106     
   2888.4797925113016        8.3011025649864614       -81.807183634250066        1443.6271665104607     
   3016.2285462102163        8.1884094620431274       -84.067058598631419        1527.6942251090920     
   3151.6422251310660        8.0706787067477883       -86.246866779005714        1613.9410918880978     
   3295.1807247871666        7.9479686682038988       -88.338204631676334        1702.2792965197741     
   3447.3315344226330        7.8203576483795345       -90.332646606677400        1792.6119431264515     
   3599.4823440580994        7.6952909096948918       -92.125073283785881        1884.7370164102374     
   3751.6331536935659        7.5728160732456775       -93.734617278638240        1978.4716336888757     
   3903.7839633290323        7.4529668077991591       -95.176196895287077        2073.6478305841629     
   4065.0638215426270        7.3288988382079499       -96.531449847550491        2170.1792804317133     
   4236.0204712490377        7.2007164741838912       -97.793612535954026        2267.9728929676676     
   4417.2345199378324        7.0685466501569234       -98.955833932516001        2366.9287269001834     
   4609.3214115479550        6.9325336595106855       -100.01257965518022        2466.9413065553636     
   4801.4083031580776        6.8005502682369556       -100.90802072545206        2567.8493272808155     
   5001.4083031580776        6.6674091626822438       -101.68369994090978        2669.5330272217252     
   5201.4083031580776        6.5383981502179376       -102.32610122205125        2771.8591284437766     
   5381.4083031580776        6.4255247140170839       -102.80819330471346        2874.6673217484899     
   5572.2083031580778        6.3094039399741826       -103.22057173479115        2977.8878934832810     
   5772.2083031580778        6.1913180928765996       -103.57238414404043        3081.4602776273214     
   5972.2083031580778        6.0766351158947280       -103.85946132364710        3185.3197389509683     
   6172.2083031580778        5.9652060274976471       -104.08324008567541        3289.4029790366435     
   6372.2083031580778        5.8569668893387226       -104.23821631151429        3393.6411953481579     
   6572.2083031580778        5.7518953568555622       -104.32037888568370        3497.9615742338415     
   6732.2083031580778        5.6698261666437038       -104.34462935438596        3602.3062035882276     
   6901.8083031580782        5.5849872037183514       -104.33238324429624        3706.6385868325237     
   7071.4083031580785        5.5022591717948917       -104.28120449068687        3810.9197913232106     
   7241.0083031580789        5.4216045298114537       -104.19210009354980        3915.1118914167605     
   7420.7843031580787        5.3383738536482923       -104.06069120540208        4019.1725826221627     
   7611.3468631580790        5.2525094022579726       -103.90047959334707        4123.0730622155097     
   7811.3468631580790        5.1647072172018467       -103.73249654336283        4226.8055587588724     
   8011.3468631580790        5.0791364632081404       -103.54836670814439        4330.3539254670168     
   8211.3468631580799        4.9959053254809378       -103.31871128629119        4433.6726367533083     
   8411.3468631580799        4.9149508728739200       -103.05922077200294        4536.7318575253112     
   8611.3468631580799        4.8361122735867053       -102.78838369836058        4639.5202412236722     
   8811.3468631580799        4.7591321057599592       -102.52968420624586        4742.0499254299184     
   9011.3468631580799        4.6839710800329390       -102.26292110010989        4844.3128465300279     
   9211.3468631580799        4.6107413213924477       -101.96231230523102        4946.2751588352585     
   9411.3468631580799        4.5394863545641906       -101.62820984757060        5047.9033686828288     
   9611.3468631580799        4.4700348651165207       -101.29045592157593        5149.1938246044047     
   9811.3468631580799        4.4022143855899785       -100.96012212517250        5250.1539467295770     
   10011.346863158080        4.3358522675571480       -100.64546151449782        5350.7994082440746     
   10211.346863158080        4.2709238363300486       -100.33084937384348        5451.1302576179178     
   10411.346863158080        4.2074893211335684       -100.00036537041770        5551.1306229883357     
   10611.346863158080        4.1456790851154590       -99.636760329704856        5650.7673833180406     
   10811.346863158080        4.0853607648414094       -99.271125578534296        5750.0385088965750     
   11011.346863158080        4.0263030430043099       -98.927843385338264        5848.9663522819128     
   11211.346863158080        3.9684918610345390       -98.586531683887870        5947.5528839658009     
   11411.346863158080        3.9119950405012638       -98.231389755272176        6045.7842737210731     
   11611.346863158080        3.8569746952380290       -97.841439942205014        6143.6257136632785     
   11811.346863158080        3.8034900137922749       -97.421861817460410        6241.0475754807385     
   12011.346863158080        3.7512826730486419       -97.019217249727504        6338.0667927304657     
   12211.346863158080        3.7000565318527161       -96.656816688809101        6434.7236094192749     
   12411.346863158080        3.6496902030637375       -96.323330528480085        6531.0469399477552     
   12611.346863158080        3.6002753857206571       -95.988005291474536        6627.0349452392293     
   12811.346863158080        3.5518484703286255       -95.648740693742695        6722.6836859329724     
   13011.346863158080        3.5043944434210612       -95.309584993716726        6817.9932709266886     
   13211.346863158080        3.4580187260089970       -94.952404309588616        6912.9456752362776     
   13411.346863158080        3.4126104931596339       -94.602702420446747        7007.5483776567244     
   13611.346863158080        3.3678966499961174       -94.292819043333154        7101.8411967000575     
   13811.346863158080        3.3239205878828781       -93.989940364054689        7195.8311370641122     
   14011.346863158080        3.2808044425069864       -93.674568887274447        7289.5057059513865     
   14211.346863158080        3.2386152358983447       -93.345571477424642        7382.8512774288110     
   14411.346863158080        3.1975052107058808       -92.986247830205158        7475.8375252590158     
   14611.346863158080        3.1573594873772648       -92.628760796397628        7568.4662860554135     
   14811.346863158080        3.1180557212191169       -92.283821992389605        7660.7501080478032     
   15011.346863158080        3.0794535945786943       -91.961209906833929        7752.7113179546368     
   15211.346863158080        3.0416196666883328       -91.636087335882678        7844.3474052905194     
   15411.346863158080        3.0046560049582238       -91.295856979663469        7935.6432622701832     
   15611.346863158080        2.9684313813452703       -90.968997922646679        8026.6122601928300     
   15811.346863158080        2.9327246276604435       -90.678115876571212        8117.2903760694016     
   16011.346863158080        2.8974293817451544       -90.417640100025764        8207.7080161694266     
   16211.346863158080        2.8627170759951461       -90.147626414752807        8297.8556425841798     
   16411.346863158080        2.8289557194680572       -89.823732969630967        8387.6793755538110     
   16611.346863158080        2.7961249686773630       -89.482615708808339        8477.1619912626193     
   16811.346863158080        2.7638882378681151       -89.178724587640232        8566.3407158502596     
   17011.346863158080        2.7319905131783795       -88.922411591377681        8655.2631274416381     
   17211.346863158080        2.7003818890512772       -88.694363069278495        8743.9574905109166     
   17411.346863158080        2.6688646754253931       -88.514548643054070        8832.4720391539704     
   17611.346863158080        2.6377127629444250       -88.319586666332725        8920.7916258203040     
   17811.346863158080        2.6072805473129153       -88.075119960917704        9008.8667457812226     
   18011.346863158080        2.5776498206919722       -87.801708482834002        9096.6684542640560     
   18211.346863158080        2.5489219133934116       -87.496462586614896        9184.1649168506701     
   18411.346863158080        2.5209550530067122       -87.193686925717515        9271.3586037763871     
   18611.346863158080        2.4936412156179246       -86.900367859904875        9358.2589716362927     
   18811.346863158080        2.4667443825420468       -86.642468983133938        9444.9014406194274     
   19011.346863158080        2.4399934593404100       -86.438411151451291        9531.3398517708792     
   19211.346863158080        2.4132325560023133       -86.283219238496841        9617.6230710093769     
   19411.346863158080        2.3865676248294969       -86.140505207477602        9703.7635762168538     
   19611.346863158080        2.3607135114484485       -85.905470879963190        9789.6690470968169     
   19811.346863158080        2.3358710884060088       -85.610501514744371        9875.2795486115610     
   20011.346863158080        2.3116081468097689       -85.348486856993091        9960.6280354685550     
   20211.346863158080        2.2874434216853214       -85.160553238332852        10045.788588706888     
   20411.346863158080        2.2632053726659609       -85.026697961440391        10130.815286668329     
   20611.346863158080        2.2385867293225190       -84.970162619637534        10215.785449287967     
   20811.346863158080        2.2138290751547207       -84.919831292610496        10300.705280580578     
   21011.346863158080        2.1894431380307515       -84.811635218438795        10385.516915799017     
   21211.346863158080        2.1658858540861030       -84.621071678892619        10470.137987477909     
   21411.346863158080        2.1436368640111558       -84.322686198804746        10554.460673676713     
   21611.346863158080        2.1225285268800067       -83.994727100100320        10638.455400776813     
   21811.346863158080        2.1020921352046518       -83.705104659383053        10722.160505436195     
   22011.346863158080        2.0818533397208481       -83.487564898489993        10805.648070334686     
   22211.346863158080        2.0616958046011868       -83.312920539304670        10888.960990873991     
   22411.346863158080        2.0415087221753283       -83.179130242511746        10972.140121116503     
   22611.346863158080        2.0211262439684368       -83.095475936232830        11055.235597052735     
   22811.346863158080        2.0003771364549650       -83.067913908292027        11138.303510961026     
   23011.346863158080        1.9798264902685410       -82.989596745994589        11221.293107707021     
   23211.346863158080        1.9599278257045147       -82.836890830714808        11304.129998537735     
   23411.346863158080        1.9409705993781867       -82.611531261755857        11386.741529799492     
   23611.346863158080        1.9227922592329665       -82.372766446822666        11469.114296246315     
   23811.346863158080        1.9048479623982928       -82.197041682676954        11551.311337928992     
   24011.346863158080        1.8866968023460369       -82.104268261480115        11633.415606190472     
   24211.346863158080        1.8682030649820107       -82.068900353254264        11715.484506543726     
   24411.346863158080        1.8489442505175251       -82.133459749915758        11797.617966293641     
   24611.346863158080        1.8293999930700031       -82.179986226982052        11879.797952520623     
   24811.346863158080        1.8100779653366410       -82.164423187740553        11961.962375708363     
   25011.346863158080        1.7920570324331644       -81.969986417875603        12043.932362126239     
   25211.346863158080        1.7755112330636529       -81.674863413498869        12125.607225539738     
   25411.346863158080        1.7600419227803119       -81.374274088935422        12206.981499628673     
   25611.346863158080        1.7450351064566640       -81.137758584592262        12288.119258213266     
   25811.346863158080        1.7300232224696468       -80.982348896489938        12369.101607109757     
   26011.346863158080        1.7147530974991567       -80.897177863988759        12449.998784973744     
   26211.346863158080        1.6993684100885000       -80.827806786804331        12530.826591760549     
   26411.346863158080        1.6838443946329718       -80.782232539020981        12611.608824299570     
   26611.346863158080        1.6679965262044347       -80.783312007977429        12692.392136307548     
   26811.346863158080        1.6515853327235086       -80.848103103995754        12773.240239411543     
   27011.346863158080        1.6354794755312452       -80.818764809056418        12854.059004220600     
   27211.346863158080        1.6197918071236488       -80.750296628963099        12934.809300849563     
   27411.346863158080        1.6049497164955333       -80.597082304915091        13015.406383154479     
   27611.346863158080        1.5910513433402083       -80.388441751246830        13095.794824905726     
   27811.346863158080        1.5776303643900560       -80.213169048799102        13176.007993954525     
   28011.346863158080        1.5640713946669060       -80.128925065698681        13256.136919020224     
   28211.346863158080        1.5500220044131026       -80.130705007119644        13336.267624027343     
   28411.346863158080        1.5347514319344921       -80.287541383561774        13416.555165410904     
   28611.346863158080        1.5188687528959899       -80.431198623298926        13496.986364034203     
   28811.346863158080        1.5030186362231970       -80.502647607913062        13577.489011642116     
   29011.346863158080        1.4882182512641109       -80.405771871348421        13657.894783513464     
   29211.346863158080        1.4746160296260620       -80.217934751602101        13738.112718265065     
   29411.346863158080        1.4621311827009782       -79.983099065610133        13818.095817330675     
   29611.346863158080        1.4504114042077199       -79.758898352537472        13897.854715683214     
   29811.346863158080        1.4390498168937818       -79.580961418875759        13977.435677102090     
   30011.346863158080        1.4276831759859405       -79.466488723522190        14056.902165825613     
   30211.346863158080        1.4160581331671676       -79.415437254735892        14136.317603080350     
   30411.346863158080        1.4040443422973423       -79.416903919713121        14215.734507000063     
   30611.346863158080        1.3918742033268157       -79.416230596077341        14295.150737596141     
   30811.346863158080        1.3795862473780387       -79.422204976921407        14374.572942573062     
   31011.346863158080        1.3669220588921247       -79.476899712252632        14454.049842285314     
   31211.346863158080        1.3535509186197126       -79.606661134511938        14533.656503419827     
   31411.346863158080        1.3407625749909733       -79.582483331597828        14613.238986751425     
   31611.346863158080        1.3284226968317892       -79.533311640446414        14692.772298391872     
   31811.346863158080        1.3162330335167787       -79.506807514093836        14772.279105905965     
   32011.346863158080        1.3047438540124372       -79.397879882954697        14851.676985788919     
   32211.346863158080        1.2941583201789641       -79.223952947952981        14930.900938736873     
   32411.346863158080        1.2839981681512951       -79.083333747715869        15009.984272484589     
   32611.346863158080        1.2735783110496302       -79.043591999639332        15089.027864484229     
   32811.346863158076        1.2625048716180807       -79.099762764628963        15168.127627248858     
   33011.346863158076        1.2497992967779608       -79.353349696813353        15247.480976945672     
   33211.346863158076        1.2365522369023187       -79.540555034604751        15327.021531980276     
   33411.346863158076        1.2232448355213359       -79.666185005806540        15406.687716986082     
   33611.346863158076        1.2101784784419483       -79.732501683367190        15486.420218669449     
   33811.346863158076        1.1985611038808950       -79.591993587015452        15566.012212256464     
   34011.346863158076        1.1881106562629939       -79.404032741576529        15645.416244998041     
   34211.346863158076        1.1785578846956950       -79.205217259294727        15724.621462257335     
   34411.346863158076        1.1696683764338480       -79.014313378194544        15803.635775635530     
   34611.346863158076        1.1610957590125452       -78.863800716923919        15882.499576352455     
   34811.346863158076        1.1524900228439827       -78.773701965410339        15961.273278317865     
   35011.346863158076        1.1435866076039101       -78.747259730507039        16040.020538048373     
   35211.346863158076        1.1342332153760877       -78.776214830817850        16118.796752879191     
   35411.346863158076        1.1243782466164571       -78.846904558919391        16197.643657438110     
   35611.346863158076        1.1144625238753472       -78.881627798657917        16276.525285236767     
   35811.346863158076        1.1043946769527586       -78.928902308210098        16355.454187544976     
   36011.346863158076        1.0936839998525274       -79.057696805261955        16434.511884350239     
   36211.346863158076        1.0837470440111727       -79.010673027086312        16513.522557377324     
   36411.346863158076        1.0742859197764751       -78.952297930534797        16592.474855307861     
   36611.346863158076        1.0645721145832530       -78.981726523286383        16671.456581831146     
   36811.346863158076        1.0544819821280134       -79.056121070547420        16750.512702901695     
   37011.346863158076        1.0441198647249477       -79.140551812852138        16829.653254714547     
   37211.346863158076        1.0345696784489979       -79.075650237358687        16908.728904951906     
   37411.346863158076        1.0260606429183721       -78.922439792876034        16987.651344744783     
   37611.346863158076        1.0177217983727027       -78.839295823882964        17066.490640568667     
   37811.346863158076        1.0089376255681042       -78.865297039608024        17145.355937608274     
   38011.346863158076       0.99946858246659542       -78.969516323278157        17224.325453931553     
   38211.346863158076       0.98923229112181144       -79.130996049275907        17303.456449980829     
   38411.346863158076       0.97659539644151749       -79.585403152552288        17383.041853133382     
   38611.346863158076       0.96415541283423833       -79.777336506813199        17462.819189640195     
   38811.346863158076       0.95266500848481106       -79.795627013734787        17542.614816653931     
   39011.346863158076       0.94130647413274859       -79.865273166836147        17622.480089820769     
   39211.346863158076       0.93159509660510975       -79.709210482621415        17702.189300303391     
   39411.346863158076       0.92284506743011863       -79.544481587820727        17781.733781891213     
   39611.346863158076       0.91449460982481345       -79.434724155397859        17861.168506046612     
   39811.346863158076       0.90679876031743112       -79.297692144639512        17940.466198191250     
   40011.346863158076       0.89981351818717492       -79.126285313034089        18019.592483504286     
   40211.346863158076       0.89317457522799615       -78.987741799725327        18098.580225304013     
   40411.346863158076       0.88645912000989524       -78.915345792286772        18177.495571096300     
   40611.346863158076       0.87937272319834414       -78.911725964959146        18256.407297061258     
   40811.346863158076       0.87176731892063963       -78.965045884591405        18335.372342945848     
   41011.346863158076       0.86360634731998509       -79.059291010367161        18414.431633956214     
   41211.346863158076       0.85550216374678134       -79.092505547611921        18493.524139503825     
   41411.346863158076       0.84731485165647991       -79.135560061200437        18572.659699565025     
   41611.346863158076       0.83842152210715015       -79.268506442948492        18651.928206007975     
   41811.346863158076       0.82859024199741094       -79.489510745952501        18731.417716753927     
   42011.346863158076       0.82036729179194690       -79.363834407411204        18810.781551161337     
   42211.346863158076       0.81242879674475410       -79.325560309406328        18890.107111470745     
   42411.346863158076       0.80404865635317146       -79.393217363429869        18969.500328834176     
   42611.346863158076       0.79515711867307903       -79.508735866632279        19049.009064700807     
   42811.346863158076       0.78590692209807445       -79.631923129921319        19128.640987830728     
   43011.346863158076       0.77646806966407800       -79.744608558761072        19208.385596389489     
   43211.346863158076       0.76810079717811242       -79.671777512508697        19288.057373901996     
   43411.346863158076       0.76109993929680175       -79.482795303778275        19367.540169205775     
   43611.346863158076       0.75463625163997416       -79.346641046620462        19446.886810252396     
   43811.346863158076       0.74779310406429811       -79.340415076472993        19526.227225328868     
   44011.346863158076       0.74005181625881500       -79.456173205053702        19605.683398533922     
   44211.346863158076       0.73131098437103637       -79.648832246367164        19685.332230780288     
   44411.346863158076       0.71986924240904959       -80.149440879449926        19765.481671659738     
   44611.346863158076       0.70884809099273793       -80.330573010516900        19845.812244670255     
   44811.346863158076       0.69851935960927369       -80.398781166570586        19926.211025836827     
   45011.346863158076       0.68858423130586310       -80.451271232559279        20006.662297069386     
   45211.346863158076       0.68095008499422005       -80.191624342198693        20086.853921411584     
   45411.346863158076       0.67379212122026555       -80.070026009249958        20166.923947420833     
   45611.346863158076       0.66634194606883335       -80.068004092235697        20246.991951513068     
   45811.346863158076       0.65932736578024809       -79.998179464420900        20326.990130977487     
   46011.346863158076       0.65311670918863995       -79.855946242821574        20406.846077220307     
   46211.346863158076       0.64753436883217041       -79.704011722236459        20486.550088942542     
   46411.346863158076       0.64222696183256167       -79.586476704610931        20566.136565647153     
   46611.346863158076       0.63685469281410345       -79.523897146494278        20645.660462793647     
   46811.346863158076       0.63115736473196316       -79.520984442858065        20725.181447236504     
   47011.346863158076       0.62496968175054579       -79.572726036341663        20804.754173272846     
   47211.346863158076       0.61821455481888743       -79.668803842773599        20884.422977115621     
   47411.346863158076       0.61088528924046503       -79.796966780675220        20964.219943896296     
   47611.346863158076       0.60302337562990005       -79.945453867308998        21044.165397763605     
   47811.346863158076       0.59565283625668541       -79.961927775450860        21124.127325539055     
   48011.346863158076       0.58817648459370186       -80.024411341071030        21204.151736880125     
   48211.346863158076       0.57975811870896743       -80.217837881546927        21284.369574761673     
   48411.346863158076       0.57021277590228492       -80.492061919346185        21364.861636681020     
   48611.346863158076       0.56347294119024371       -80.236986379883916        21445.098623060905     
   48811.346863158076       0.55708145991320823       -80.155045727535239        21525.253668788439     
   49011.346863158076       0.55005223929366942       -80.225963408373673        21605.479632196813     
   49211.346863158076       0.54235559877906070       -80.356798364701746        21685.836430561514     
   49411.346863158076       0.53420981534680656       -80.495507979713352        21766.331938541229     
   49611.346863158076       0.52582460261481379       -80.621653022436092        21846.953591563666     
   49811.346863158076       0.51810146308933813       -80.617780604189861        21927.571372167855     
   50011.346863158076       0.51226454660542509       -80.382865088697869        22007.954237256552     
   50211.346863158076       0.50739738431709192       -80.174717606279188        22088.128954862830     
   50411.346863158076       0.50228218307561678       -80.117644979694987        22168.246599842525     
   50611.346863158076       0.49618835482605284       -80.212664714540864        22248.459264557066     
   50811.346863158076       0.48890242453624211       -80.411179811083144        22328.870444368149     
   51011.346863158076       0.48055259744909062       -80.657525453663112        22409.527969821811     
   51211.346863158076       0.46875040927027456       -81.304929852038370        22490.832899673849     
   51411.346863158076       0.45849523963838446       -81.395703873033014        22572.228603546882     
   51611.346863158076       0.44932397052518702       -81.400529887017669        22653.629133433900     
   51811.346863158076       0.44056427621225758       -81.428890388432947        22735.058023822334     
   52011.346863158076       0.43193249743911855       -81.480252627227586        22816.538276449563     
   52211.346863158076       0.42649410959981821       -81.069452256709354        22897.607728706273     
   52411.346863158076       0.42096065307576125       -80.975764998865728        22978.583493705137     
   52611.346863158076       0.41462577065289630       -81.033874113774104        23059.617367818912     
   52811.346863158076       0.40871949890587600       -80.977328989818773        23140.594696808730     
   53011.346863158076       0.40369082175288151       -80.829287041195883        23221.423983849927     
   53211.346863158076       0.39929172033418037       -80.674007598375539        23302.097991448303     
   53411.346863158076       0.39513317134249226       -80.556957950387257        23382.654949398689     
   53611.346863158076       0.39087569703565256       -80.495756433570122        23463.150705832260     
   53811.346863158076       0.38627002719943870       -80.493308481959716        23543.644014314221     
   54011.346863158076       0.38115829389244549       -80.544471120271183        23624.188485434493     
   54211.346863158076       0.37546360068858387       -80.639773405354859        23704.828258839847     
   54411.346863158076       0.36917406884122533       -80.768007128296404        23785.596265968143     
   54611.346863158076       0.36232424705663135       -80.918144602991873        23866.514410571133     
   54811.346863158076       0.35497686767625103       -81.080591585274448        23947.595002156409     
   55011.346863158076       0.34811832226274020       -81.113003417673596        24028.708005574084     
   55211.346863158076       0.34167757010379690       -81.111710984482073        24109.819716558566     
   55411.346863158076       0.33434986548946133       -81.276449891297176        24191.096166449865     
   55611.346863158076       0.32562021159357935       -81.574371311399986        24272.670537761263     
   55811.346863158076       0.31592182940307523       -81.873336300031298        24354.543874061295     
   56011.346863158076       0.31095381936735056       -81.389446470314354        24435.933320531611     
   56211.346863158076       0.30591016609438970       -81.294976037981030        24517.228296569592     
   56411.346863158076       0.29976761887784104       -81.402904936838723        24598.631201506432     
   56611.346863158076       0.29273496407103983       -81.566565100239060        24680.197766606670     
   56811.346863158076       0.28517326196313975       -81.726861106446847        24761.924627713117     
   57011.346863158076       0.27735448010940517       -81.866135114911813        24843.790762828030     
   57211.346863158076       0.26944687026645520       -81.982698909586830        24925.773461737615     
   57411.346863158076       0.26263148352487053       -81.919360177531829        25007.692821915149     
   57611.346863158076       0.25819914390811549       -81.592126047801500        25089.284947962951     
   57811.346863158076       0.25469859041601273       -81.345863616789288        25170.630811579740     
   58011.346863158076       0.25072272081070929       -81.288620503391499        25251.919432083130     
   58211.346863158076       0.24555838378859113       -81.397748952342710        25333.317181035472     
   58411.346863158076       0.23904674986394076       -81.614188420569249        25414.931369456041     
   58611.346863158076       0.23136117112506949       -81.878864913114526        25496.810234369153     
   58811.346863158076       0.22281628905111533       -82.147496470025359        25578.957730839178     
   59011.346863158076       0.20980727164494317       -82.970050710936306        25661.927781550115     
   59211.346863158076       0.20032647720427565       -82.868758982712222        25744.796540532829     
   59411.346863158076       0.19231737620512540       -82.777601189096302        25827.574141721925     
   59611.346863158076       0.18466521492046339       -82.767898986108605        25910.342040708034     
   59811.346863158076       0.17702878411103998       -82.804957995625699        25993.146998703658     
   60011.346863158076       0.16846908146879111       -82.990922425538102        26076.137921129197     
   60211.346863158076       0.16538977099966112       -81.770704201164293        26157.908625330361     
   60411.346863158076       0.16151048217257050       -81.748820202796409        26239.657445533157     
   60611.346863158076       0.15627683432645134       -81.886632210427678        26321.544077743583     
   60811.346863158076       0.15161637581439924       -81.820877427218221        26403.364955170800     
   61011.346863158076       0.14783495584889406       -81.670123411722599        26485.035078582521     
   61211.346863158076       0.14457085178020024       -81.530583864266674        26566.565662446788     
   61411.346863158076       0.14143237505981546       -81.436330622356508        26648.001993069145     
   61611.346863158076       0.13811532173791041       -81.396429383611519        26729.398422452756     
   61811.346863158076       0.13440654859067133       -81.409767073669187        26810.808189526426     
   62011.346863158076       0.13017293452938850       -81.470197458826448        26892.278386985254     
   62211.346863158076       0.12534933293851019       -81.568914001619206        26973.847300986872     
   62411.346863158076       0.11992551822088826       -81.696066870930395        27055.543367857801     
   62611.346863158076       0.11393195671393455       -81.842048980243504        27137.385416838046     
   62811.346863158076       0.10742548100193083       -81.998435904787186        27219.383852742834     
   63011.346863158076       0.10047646466419746       -82.158515688311994        27301.542368431146     
   63211.346863158076        9.3078880862242114E-002  -82.328943940081615        27383.871312371230     
   63411.346863158076        8.7772023628592100E-002  -82.142879120241645        27466.014191491471     
   63611.346863158076        8.2031706284069583E-002  -82.210318265198865        27548.224509756670     
   63811.346863158076        7.4692333838847574E-002  -82.490181331848021        27630.714691088517     
   64011.346863158076        6.5649468788571225E-002  -82.870791775288083        27713.585482863804     
   64211.346863158076        5.6120642271313664E-002  -78.763021579455412        27792.348504443260     
   64411.346863158076        5.3583724520070680E-002  -78.945782741289534        27871.294287184548     
   64611.346863158076        4.9682102519639393E-002  -79.683864353380599        27950.978151537929     
   64811.346863158076        4.4011070279313586E-002  -80.282795675204952        28031.260947213133     
   65011.346863158076        3.7241818086958867E-002  -80.686857320883291        28111.947804534018     
   65211.346863158076        2.9921788578017916E-002  -80.944751842223511        28192.892556376242     
   65411.346863158076        2.2380799507546401E-002  -81.110045991342389        28274.002602367585     
   65611.346863158076        1.4796556759900825E-002  -81.220399096411597        28355.223001463997     
   65811.346863158076        7.2587803869424428E-003  -81.300014562947453        28436.523016026946     
   66011.346863158076        1.9073698865273991E-004  -81.312968826787724        28517.835984853733     
   66211.346863158076       -3.5986974857983856E-003  -80.930448697477743        28598.766433551209     
   66411.346863158076       -5.8692679920518409E-003  -80.955262938972993        28679.721696490182     
   66611.346863158076       -8.4720413194093735E-003  -81.255019081212367        28760.976715571393     
   66811.346863158076       -1.2313139135066042E-002  -81.652549121693042        28842.629264693085     
   67011.346863158076       -1.7642471570608109E-002  -82.042389661911429        28924.671654354996     
   67211.346863158076       -2.4331869082800495E-002  -82.372734964440909        29007.044389319435     
   67411.346863158076       -3.2072410393849560E-002  -82.628461368889532        29089.672850688326     
   67611.346863158076       -4.0512642173611446E-002  -82.818005494174386        29172.490856182500     
   67811.346863158076       -4.9342200415594006E-002  -82.961698849845064        29255.452555032345     
   68011.346863158076       -6.4401770197596020E-002  -79.194547242603903        29334.647102274950     
   68211.346863158076       -7.2561257915175092E-002  -78.463383584742886        29413.110485859692     
   68411.346863158076       -7.9065740405011853E-002  -78.611397512405773        29491.721883372098     
   68611.346863158076       -8.5413274216644353E-002  -78.959851697412432        29570.681735069509     
   68811.346863158076       -9.1925438869038756E-002  -79.289394729405174        29649.971129798916     
   69011.346863158076       -9.8590433331002481E-002  -79.560740837825890        29729.531870636743     
   69211.346863158076      -0.10653826186883031       -79.895227802699353        29809.427098439442     
   69411.346863158076      -0.10451061571078835       -81.832848084697417        29891.259946524140     
   69611.346863158076      -0.10731655803701134       -82.481626710366697        29973.741573234507     
   69811.346863158076      -0.11115319386195316       -82.434803090798269        30056.176376325304     
   70011.346863158076      -0.11428849403575242       -82.225379887912581        30138.401756213218     
   70211.346863158076      -0.11692313334008303       -82.248335136506910        30220.650091349726     
   70411.346863158076      -0.11940280907969736       -82.447403729567540        30303.097495079292     
   70611.346863158076      -0.12199791497005352       -82.758629247895840        30385.856124327187     
   70811.346863158076      -0.12490565419526956       -83.131156457901881        30468.987280785088     
   71011.346863158076      -0.12826017895056241       -83.526587016148326        30552.513867801237     
   71211.346863158076      -0.13214070694209301       -83.917173208976763        30636.431041010215     
   71411.346863158076      -0.13657929617781761       -84.284456324628536        30720.715497334844     
   71611.346863158076      -0.14156965041935193       -84.618091131384844        30805.333588466230     
   71811.346863158076      -0.14707698586782658       -84.914570699596524        30890.248159165825     
   72011.346863158076      -0.15304808287374760       -85.175775955750439        30975.423935121577     
   72211.346863158076      -0.15942041118792222       -85.407447721868408        31060.831382843444     
   72411.346863158076      -0.16612945017884634       -85.617732950088296        31146.449115793534     
   72611.346863158076      -0.17311389900707258       -85.815975539131685        31232.265091332665     
   72811.346863158076      -0.17762248982553719       -87.364465139123581        31319.629556471788     
   73011.346863158076      -0.18231069624137747       -89.200782510278529        31408.830338982065     
   73211.346863158076      -0.18885787865516990       -90.507202385714635        31499.337541367779     
   73411.346863158076      -0.19719200561496547       -91.189555409668486        31590.527096777449     
   73611.346863158076      -0.20702887351813293       -91.481215463977563        31682.008312241425     
   73811.346863158076      -0.21722960278200565       -91.364052206416929        31773.372364447841     
   74011.346863158076      -0.21236427390023616       -94.493862891736015        31867.866227339578     
   74211.346863158076      -0.21431571050339793       -95.632660618218708        31963.498887957798     
   74411.346863158076      -0.21938706294597943       -95.929116500053695        32059.428004457852     
   74611.346863158076      -0.22580895999023809       -95.916158059446701        32155.344162517300     
   74811.346863158076      -0.23275697894625391       -95.836386619189739        32251.180549136490     
   75011.346863158076      -0.23985746584996337       -95.796307395944041        32346.976856532434     
   75211.346863158076      -0.24694719778388941       -95.839699577587027        32442.816556110021     
   75411.346863158076      -0.25395986110051844       -95.981980451332305        32538.798536561353     
   75611.346863158076      -0.26087340125984582       -96.226006028629840        32635.024542589981     
   75811.346863158076      -0.26768580051849478       -96.569214848324847        32731.593757438306     
   76011.346863158076      -0.27133562937208727       -98.000626959397593        32829.594384397700     
   76211.346863158076      -0.27305886521046202       -100.52185472514145        32930.116239122843     
   76411.346863158076      -0.27531942364860940       -103.04507009594819        33033.161309218791     
   76611.346863158076      -0.27873518254147089       -105.26080106660001        33138.422110285392     
   76811.346863158076      -0.28343253285065179       -107.06857387297737        33245.490684158372     
   77011.346863158076      -0.28930568781296073       -108.47025341166530        33353.960937570038     
   77211.346863158076      -0.29612779418463769       -109.52708837786173        33463.488025947903     
   77411.346863158076      -0.30363243362821307       -110.32809061982641        33573.816116567730     
   77611.346863158076      -0.31157237800169774       -110.96544550188737        33684.781562069620     
   77811.346863158076      -0.31975118906591837       -111.51915024621715        33796.300712315839     
   78011.346863158076      -0.32803104150357065       -112.05063809733377        33908.351350413170     
   78211.346863158076      -0.32976423140656608       -114.21690878694365        34022.568259200110     
   78411.346863158076      -0.33453520530408359       -115.30265623669797        34137.870915436812     
   78611.346863158076      -0.34061343351395484       -115.97690249177124        34253.847817928581     
   78811.346863158076      -0.34718395406924346       -116.54158618653527        34370.389404115114     
   79011.346863158076      -0.35389074948820270       -117.12107246856829        34487.510476583680     
   79211.346863158076      -0.36058708163673781       -117.76060166182295        34605.271078245503     
   79411.346863158076      -0.36721787906714282       -118.47191520032626        34723.742993445827     
   79611.346863158076      -0.37546811309371519       -117.64475122725403        34841.387744673084     
   79811.346863158076      -0.38214049558464386       -117.74571763495410        34959.133462308040     
   80011.346863158076      -0.38481371326977831       -119.20758903576791        35078.341051343807     
   80211.346863158076      -0.38660065074148664       -121.37000435155943        35199.711055695363     
   80411.346863158076      -0.38858758025159462       -123.58861703418778        35323.299672729554     
   80611.346863158076      -0.39086004627608106       -125.78592966892523        35449.085602398482     
   80811.346863158076      -0.39346111550193152       -127.91457942651793        35577.000181825002     
   81011.346863158076      -0.39642170898684276       -129.93828425960092        35706.938466084604     
   81211.346863158076      -0.39976274082003016       -131.82944310494139        35838.767909189548     
   81411.346863158076      -0.40349430324632052       -133.56881459529416        35972.336723784843     
   81611.346863158076      -0.40761514784762432       -135.14532627556983        36107.482050060411     
   81811.346863158076      -0.41211325204506594       -136.55551145801195        36244.037561518424     
   82011.346863158076      -0.41696755521580653       -137.80246030928978        36381.840021827717     
   82211.346863158076      -0.42215055369811472       -138.89296652074435        36520.732988348464     
   82411.346863158076      -0.42763124443533623       -139.84415362809662        36660.577141976559     
   82611.346863158076      -0.43337790476264448       -140.71360657563204        36801.290748552194     
   82811.346863158076      -0.43936034183457806       -141.50694420397713        36942.797692756169     
   83011.346863158076      -0.44555144876444336       -142.23166907508985        37085.029361831257     
   83211.346863158076      -0.45192808269751022       -142.89572995361758        37227.925091784877     
   83411.346863158076      -0.45847139642190893       -143.50671481452173        37371.431806599401     
   83611.346863158076      -0.46667319587621353       -143.71745446116091        37515.149261060564     
   83811.346863158076      -0.47593288893710539       -143.74915480461229        37658.898415865173     
   84011.346863158076      -0.48533949222458328       -143.84224250570068        37802.740658370873     
   84211.346863158076      -0.49449353402167429       -144.06691541923058        37946.807573790102     
   84411.346863158076      -0.50332688260682223       -144.40517477248150        38091.212748562582     
   84611.346863158076      -0.51254412349921263       -143.78688155268776        38234.999630115271     
   84811.346863158076      -0.52090261142142713       -143.80320268963564        38378.802832804904     
   85011.346863158076      -0.52885047939578711       -144.12981845071670        38522.932651255622     
   85211.346863158076      -0.53278377635151064       -145.45946798440994        38668.392119240030     
   85411.346863158076      -0.53701751590098301       -146.53269411713083        38814.924813357160     
   85611.346863158076      -0.54165744476323407       -147.40157534800525        38962.326388705165     
   85811.346863158076      -0.54667178014244444       -148.12708701061385        39110.453475715782     
   86011.346863158076      -0.55201127804111438       -145.16137892102253        39255.614854636806     
   86211.346863158076      -0.55763276275958029       -145.51624317700444        39401.131097813814     
   86411.346863158076      -0.56350198526558759       -145.81919518248660        39546.950292996298     
