 #              _____________________  _______________________             #
 #              ___  __ \__  __ \_  / / /_  /___  ____/_  ___/             #
 #              __  / / /_  /_/ /  / / /_  __/_  __/  _____ \              #
 #              _  /_/ /_  _, _// /_/ / / /_ _  /___  ____/ /              #
 #              /_____/ /_/ |_| \____/  \__/ /_____/  /____/               #
 #                                                                         #
  
 #        time                      T            heat flux [W.L-2]   in    x              directions   cumulative flux
 #-----------------------------------------------------------------------------------------------

   0.0000000000000000        10.000000000000000       -0.0000000000000000        0.0000000000000000     
   1.0000000000000000        9.4274556195231192       -176.56559877024156        176.56559877024156     
   1.9540000000000002        8.9268228575785731       -326.21858678896479        502.78418555920632     
   2.8641160000000001        8.4866162678494259       -453.71419706435478        956.49838262356116     
   3.8288389600000006        8.0564561600989091       -574.01002658813422        1530.5084092116954     
   4.8514452976000007        7.6372509786700178       -686.74125638408623        2217.2496655957816     
   5.9354080154560007        7.2297753673621870       -791.61925239327059        3008.8689179890521     
   7.0844084963833609        6.8346566279220085       -888.43734976985036        3897.3062677589023     
   8.3023490061663630        6.4523644068963923       -977.07484324309701        4874.3811110019997     
   9.5933659465363448        6.0832041517021844       -1057.4989375572093        5931.8800485592092     
   10.961843903328527        5.7273147559138780       -1129.7644800332030        7061.6445285924119     
   12.412430537528239        5.3846706560514557       -1194.0113830824503        8255.6559116748613     
   13.950052369779934        5.0550884533380120       -1250.4597446559385        9506.1156563307995     
   15.579931511966731        4.7382379232733411       -1299.4027839860948        10805.518440316895     
   17.307603402684734        4.4336570559762114       -1341.1978218198244        12146.716262136719     
   19.138935606845820        4.1407705562119004       -1376.2556406950612        13522.971902831780     
   21.080147743256571        3.8589110404451485       -1405.0286531292136        14928.000555960993     
   23.137832607851966        3.5873420157200737       -1427.9983755297085        16355.998931490702     
   25.318978564323086        3.3252816264549794       -1445.6627460075506        17801.661677498254     
   27.630993278182473        3.0719261215088167       -1458.5238299571183        19260.185507455371     
   30.081728874873424        2.8264720309902609       -1467.0764260429876        20727.261933498357     
   32.679508607365833        2.5881361495929269       -1471.7980183520317        22199.059951850388     
   35.433155123807786        2.3561725930797630       -1473.1404228059409        23672.200374656328     
   38.352020431236255        2.1298864125782915       -1471.5233557033339        25143.723730359663     
   41.446017657110431        1.9086434979119113       -1467.3300202463606        26611.053750606025     
   44.725654716537058        1.6918767534157519       -1460.9046752350789        28071.958425841105     
   48.202069999529286        1.4790887642533577       -1452.5520308045654        29524.510456645672     
   51.887070199501046        1.2698513673284171       -1442.5382195274485        30967.048676173119     
   55.793170411471110        1.0638026827699181       -1431.0930248528769        32398.141701025997     
   59.933636636159378       0.86064224100126441       -1418.4130163036673        33816.554717329665     
   64.322530834328944       0.66012485580739688       -1404.6652415596893        35221.219958889356     
   68.974758684388689       0.46205385230276297       -1389.9911551582709        36611.211114047626     
   73.906120205452012       0.26627417294902467       -1374.5105147807931        37985.721628828418     
   79.133363417779137        7.2665771042843774E-002  -1358.3250401071095        39344.046668935531     
   84.674241222845893      -0.11886242346586684       -1392.7933983026739        40736.840067238205     
   90.547571696216650      -0.30837780089735634       -1378.4527309286916        42115.292798166898     
   96.773301997989648      -0.49592857005394175       -1328.2449242313662        43443.537722398265     
   99.476364677492242      -0.56726301861598438       -1310.8129709984080        44754.350693396671     
   102.34161111776500      -0.54691105499755344       -1297.2936018233004        46051.644295219972     
   105.37877234445412      -0.53196534479909785       -1261.3521124555089        47312.996407675484     
   108.59816324474458      -0.52153889479180948       -1228.7630705619606        48541.759478237444     
   112.01071759905247      -0.51470052186901161       -1198.9246574629349        49740.684135700380     
   115.62802521461883      -0.51066307587230642       -1171.3141153763615        50911.998251076744     
   119.46237128711918      -0.50881685142689126       -1145.5200910584949        52057.518342135241     
   123.52677812396955      -0.50872231305582549       -1121.2437048506404        53178.762046985881     
   127.83504937103093      -0.51008382690424192       -1098.2822550703540        54277.044302056238     
   132.40181689291600      -0.51272423779625353       -1076.5115778089187        55353.555879865155     
   137.24259046611419      -0.51656622973558741       -1055.8723442261953        56409.428224091353     
   142.37381045370427      -0.52162218524378234       -1036.3616151013957        57445.789839192745     
   147.81290364054973      -0.52799321637851460       -1018.0297162551187        58463.819555447866     
   153.57834241860593      -0.53587818289453637       -1000.9822283916218        59464.801783839488     
   159.68970752334550      -0.54559379198089786       -985.38658764958643        60450.188371489072     
   166.16775453436946      -0.55760602765235490       -947.02189256277063        61397.210264051842     
   173.03448436605484      -0.57256834045906035       -932.75090002726790        62329.961164079112     
   180.31321798764137      -0.59134712599652484       -920.76248996009633        63250.723654039211     
   188.02867562652307      -0.61498281746751726       -911.55712019442342        64162.280774233637     
   196.20706072373767      -0.64450259845461244       -905.52129870890417        65067.802072942541     
   204.87614892678516      -0.68058102694774025       -902.62198206463984        65970.424055007185     
   214.06538242201549      -0.74115165090963986       -907.89558563907690        66878.319640646267     
   223.80596992695965      -0.87755641589783673       -934.09364595090040        67812.413286597162     
   234.13099268220046      -0.94742926415953022       -935.24626829027159        68747.659554887432     
   245.07551680275571       -1.0420506149492084       -939.27544099789850        69686.934995885327     
   256.67671237054429       -1.1829941820388139       -951.33985154062918        70638.274847425957     
   268.97397967240016       -1.4077006033802220       -980.35585743087540        71618.630704856827     
   282.00908301236740       -1.3566987887484099       -922.04630697279379        72540.677011829626     
   295.82629255273270       -1.3165306666177923       -874.23620056889922        73414.913212398533     
   310.47253466551990       -1.2857731804100401       -835.22612491112830        74250.139337309665     
   325.99755130507430       -1.2648094943790180       -804.54209492406574        75054.681432233730     
   342.45406894300197       -1.2551897731102943       -782.53732897778900        75837.218761211523     
   359.89797763920529       -1.2594767828360158       -770.23234375629136        76607.451104967811     
   378.38852085718082       -1.2811754853837753       -769.14676340478786        77376.597868372599     
   397.98849666823492       -1.3241377321725460       -780.72850125255991        78157.326369625152     
   418.76447102795225       -1.3907198259246387       -804.98524593577065        78962.311615560917     
   440.78700384925264       -1.6015471493000515       -882.77607158837452        79845.087687149295     
   462.80953667055303       -1.7422160439774785       -927.50159439566914        80772.589281544962     
   486.15342146113142       -1.8930943490236372       -966.62866373596967        81739.217945280936     
   510.89793933914450       -2.1123994094622018       -1007.4892093008449        82746.707154581774     
   537.12712828983842       -2.1987286750607931       -981.86383678941922        83728.570991371191     
   563.35631724053235       -2.2801605681515893       -980.14422616477293        84708.715217535966     
   591.15925752826786       -2.4307349808723417       -1019.6264258889950        85728.341643424967     
   620.63037423326750       -2.7012760082827203       -1110.3994524863479        86838.741095911319     
   650.10149093826715       -2.8884388331411066       -1150.1939881447825        87988.935084056095     
   679.57260764326679       -2.9883007475468282       -1176.0699564376546        89165.005040493750     
   710.81199135056647       -3.0672047567559790       -1187.4236935768158        90352.428734070563     
   743.92573808030409       -3.1350675165103836       -1186.4240410966527        91538.852775167223     
   779.02630961382602       -3.2058133826035546       -1175.3675896795537        92714.220364846769     
   816.23291543935920       -3.2923129692101609       -1158.4922386362839        93872.712603483058     
   855.67191761442439       -3.3533655493609715       -1152.8781147225091        95025.590718205567     
   895.11091978948957       -3.3917870769231961       -1146.6665059430620        96172.257224148634     
   936.91626209505864       -3.4202100069801724       -1137.8115380452182        97310.068762193856     
   981.22992493896186       -3.4554223490375979       -1124.5317471301071        98434.600509323966     
   1028.2024075534994       -3.5116133797912612       -1107.0736663646487        99541.674175688619     
   1077.9932391249090       -3.6809891127591512       -1069.8105329173293        100611.48470860595     
   1127.7840706963186       -3.7792476045355361       -1053.3756083727897        101664.86031697874     
   1177.5749022677282       -3.8619382759179586       -1035.9475992457669        102700.80791622451     
   1227.3657338391379       -3.9520129604105803       -1015.7452900166663        103716.55320624118     
   1269.5883590116932       -4.0505117531624428       -991.94344194844666        104708.49664818963     
   1314.3443416946020       -4.1603272773190119       -973.52417849704693        105682.02082668667     
   1359.1003243775108       -4.2983682641008727       -947.71845724418904        106629.73928393086     
   1406.5416660213941       -4.4026999184519777       -931.83683203780754        107561.57611596867     
   1456.8294881639104       -4.4888768475494940       -917.78652309440838        108479.36263906308     
   1510.1345796349776       -4.5667529277182259       -905.17168834845324        109384.53432741153     
   1566.6379765943088       -4.6544396027271535       -891.32903165721586        110275.86335906874     
   1626.5315773712000       -4.7095907481459953       -880.95713139951238        111156.82049046825     
   1690.0187941947047       -4.7458881295109903       -874.31288205124963        112031.13337251950     
   1757.3152440276197       -4.7767851088759716       -869.19694363140263        112900.33031615090     
   1828.6494808505095       -4.8126550083289139       -863.65374220441311        113763.98405835532     
   1904.2637718827727       -4.8661486054152903       -856.05527915901348        114620.03933751433     
   1984.4149203769718       -4.9608760937706151       -843.54648573869383        115463.58582325303     
   2069.3751377808230       -5.0267999057565316       -830.30837576143472        116293.89419901447     
   2159.4329682289049       -5.1032923563386703       -818.76429750856835        117112.65849652303     
   2254.8942685038719       -5.1971872941093107       -804.75171398839836        117917.41021051143     
   2350.3555687788389       -5.3403762127075209       -785.59876321072113        118703.00897372216     
   2445.8168690538059       -5.4438987609733491       -764.46021826355275        119467.46919198571     
   2547.0058473452709       -5.5284409384321318       -748.88454907239077        120216.35374105810     
   2654.2661643342240       -5.5944346386440662       -736.29456178033695        120952.64830283844     
   2767.9621003425141       -5.6407378468290954       -726.55233054709947        121679.20063338554     
   2888.4797925113016       -5.6856872216539518       -719.08294535304026        122398.28357873858     
   3016.2285462102163       -5.7290155744858868       -711.83603945668722        123110.11961819527     
   3151.6422251310660       -5.8033216295876828       -703.38538816998096        123813.50500636525     
   3295.1807247871666       -5.8629113551557204       -691.73303010388327        124505.23803646913     
   3447.3315344226330       -5.9426357219398298       -681.09756880869645        125186.33560527783     
   3599.4823440580994       -6.0660753655550383       -666.05142673757575        125852.38703201539     
   3751.6331536935659       -6.1400174108521401       -647.52665914528075        126499.91369116068     
   3903.7839633290323       -6.2046363366821113       -635.64720935688661        127135.56090051756     
   4065.0638215426270       -6.2603626493193163       -625.41438836598991        127760.97528888355     
   4236.0204712490377       -6.3016046696045755       -616.73273455592175        128377.70802343947     
   4417.2345199378324       -6.3419925722573325       -610.04817511639953        128987.75619855587     
   4609.3214115479550       -6.4067301570029240       -602.66639077045056        129590.42258932632     
   4801.4083031580776       -6.4588799393509397       -592.26605511727553        130182.68864444359     
   5001.4083031580776       -6.5356824886548885       -582.98262310388282        130765.67126754748     
   5201.4083031580776       -6.6114430728950992       -570.24548979823646        131335.91675734572     
   5381.4083031580776       -6.6565235452094100       -558.43892426576099        131894.35568161149     
   5572.2083031580778       -6.7104220788388602       -550.78031727047562        132445.13599888197     
   5772.2083031580778       -6.7484170136045840       -542.40539221563768        132987.54139109762     
   5972.2083031580778       -6.7808797248290285       -536.26541678333649        133523.80680788096     
   6172.2083031580778       -6.8193509578854208       -530.73746857983349        134054.54427646080     
   6372.2083031580778       -6.8510789808208798       -524.52903534679729        134579.07331180759     
   6572.2083031580778       -6.8885020029787993       -519.11071891920096        135098.18403072678     
   6732.2083031580778       -6.9128970649772397       -513.13250097367040        135611.31653170046     
   6901.8083031580782       -6.9553773637244944       -508.52682232603644        136119.84335402650     
   7071.4083031580785       -6.9922190601613998       -501.67202179636735        136621.51537582287     
   7241.0083031580789       -7.0304315963759274       -495.52551913278177        137117.04089495566     
   7420.7843031580787       -7.0630718886500556       -489.44208099269383        137606.48297594834     
   7611.3468631580790       -7.0932000982976753       -484.18519334024484        138090.66816928858     
   7811.3468631580790       -7.1203055213521029       -479.32693333358282        138569.99510262217     
   8011.3468631580790       -7.1422955517374360       -474.98240653345010        139044.97750915561     
   8211.3468631580799       -7.1658913211868223       -471.30928752908045        139516.28679668470     
   8411.3468631580799       -7.1913921090316961       -467.34589150452166        139983.63268818922     
   8611.3468631580799       -7.2165351387569556       -463.12645220970290        140446.75914039891     
   8811.3468631580799       -7.2407370257816952       -458.99633373975377        140905.75547413866     
   9011.3468631580799       -7.2676901639466687       -454.92287821361413        141360.67835235226     
   9211.3468631580799       -7.2973716536690860       -450.37642736035758        141811.05477971261     
   9411.3468631580799       -7.3279538284279351       -445.44343462402782        142256.49821433664     
   9611.3468631580799       -7.3533054623075191       -440.52369404106486        142697.02190837770     
   9811.3468631580799       -7.3765484527007530       -436.39361979703307        143133.41552817475     
   10011.346863158080       -7.3971235964218316       -432.62882190068569        143566.04435007545     
   10211.346863158080       -7.4161608627042073       -429.26869950568573        143995.31304958113     
   10411.346863158080       -7.4328785298870770       -426.18565281605214        144421.49870239719     
   10611.346863158080       -7.4504665846506128       -423.39975353046822        144844.89845592767     
   10811.346863158080       -7.4691731024597026       -420.45642486359100        145265.35488079127     
   11011.346863158080       -7.4872680487891099       -417.37493645738198        145682.72981724865     
   11211.346863158080       -7.5045176057728451       -414.41120795552570        146097.14102520418     
   11411.346863158080       -7.5215874511229375       -411.56455564543347        146508.70558084961     
   11611.346863158080       -7.5412542132615963       -408.67266399172138        146917.37824484133     
   11811.346863158080       -7.5620020925803040       -405.38941265643865        147322.76765749775     
   12011.346863158080       -7.5827167877569188       -401.95422893627170        147724.72188643401     
   12211.346863158080       -7.6019183399551720       -398.57165767487896        148123.29354410889     
   12411.346863158080       -7.6187569251749414       -395.46240159837271        148518.75594570726     
   12611.346863158080       -7.6341154592235005       -392.72159742298163        148911.47754313026     
   12811.346863158080       -7.6482010662024518       -390.21835721178775        149301.69590034205     
   13011.346863158080       -7.6610954987090043       -387.92231742896917        149689.61821777103     
   13211.346863158080       -7.6739592109319936       -385.79377317276197        150075.41199094380     
   13411.346863158080       -7.6873844366008033       -383.65074567754095        150459.06273662133     
   13611.346863158080       -7.7003493880023708       -381.44147680697188        150840.50421342830     
   13811.346863158080       -7.7129231726359411       -379.30989021447755        151219.81410364277     
   14011.346863158080       -7.7251091670572674       -377.24421243916140        151597.05831608194     
   14211.346863158080       -7.7374141621289629       -375.22680295098831        151972.28511903292     
   14411.346863158080       -7.7511460151428979       -373.15473818673183        152345.43985721967     
   14611.346863158080       -7.7658223476300270       -370.85821350050054        152716.29807072016     
   14811.346863158080       -7.7808561003488173       -368.42093263918355        153084.71900335935     
   15011.346863158080       -7.7955138386587484       -365.94602840426467        153450.66503176361     
   15211.346863158080       -7.8092821098832834       -363.54794128863631        153814.21297305226     
   15411.346863158080       -7.8216216124530114       -361.31191143386752        154175.52488448613     
   15611.346863158080       -7.8330807380672809       -359.29798124981153        154534.82286573594     
   15811.346863158080       -7.8438147370177624       -357.42428500848905        154892.24715074443     
   16011.346863158080       -7.8539135956519468       -355.66763685433119        155247.91478759877     
   16211.346863158080       -7.8637449481654977       -354.00692092003663        155601.92170851881     
   16411.346863158080       -7.8735196888293189       -352.38353401785650        155954.30524253668     
   16611.346863158080       -7.8834182356777189       -350.76427255673906        156305.06951509340     
   16811.346863158080       -7.8934624707557557       -349.12475650249479        156654.19427159589     
   17011.346863158080       -7.9032300866442569       -347.47198445329428        157001.66625604918     
   17211.346863158080       -7.9128568747056960       -345.86271132911361        157347.52896737828     
   17411.346863158080       -7.9224347248428817       -344.27335577393865        157691.80232315222     
   17611.346863158080       -7.9325683946059549       -342.67606696026712        158034.47839011249     
   17811.346863158080       -7.9432211513201043       -340.98718710104100        158375.46557721353     
   18011.346863158080       -7.9542585476358107       -339.21546443762941        158714.68104165117     
   18211.346863158080       -7.9652539725497418       -337.39251110166657        159052.07355275284     
   18411.346863158080       -7.9758701514772437       -335.58610785021921        159387.65966060307     
   18611.346863158080       -7.9856052626516822       -333.85610083445437        159721.51576143751     
   18811.346863158080       -7.9947449912094859       -332.26474070807694        160053.78050214559     
   19011.346863158080       -8.0033861659892302       -330.76835603264220        160384.54885817823     
   19211.346863158080       -8.0117549330393452       -329.34816206446112        160713.89702024270     
   19411.346863158080       -8.0198098872908652       -327.97399654209738        161041.87101678480     
   19611.346863158080       -8.0276943533765870       -326.64820399838379        161368.51922078320     
   19811.346863158080       -8.0354663028167117       -325.34862716687854        161693.86784795008     
   20011.346863158080       -8.0432441894585605       -324.06429352825973        162017.93214147835     
   20211.346863158080       -8.0510780553621828       -322.77773502321145        162340.70987650155     
   20411.346863158080       -8.0587538400286611       -321.48751169762409        162662.19738819919     
   20611.346863158080       -8.0662634853773625       -320.22436975868021        162982.42175795787     
   20811.346863158080       -8.0735819937617421       -318.98905095519530        163301.41080891306     
   21011.346863158080       -8.0809907729340651       -317.77772849930290        163619.18853741235     
   21211.346863158080       -8.0887434602857411       -316.54457939570182        163935.73311680806     
   21411.346863158080       -8.0968465471100455       -315.25379214462839        164250.98690895268     
   21611.346863158080       -8.1051682606190578       -313.90893937618586        164564.89584832886     
   21811.346863158080       -8.1134928791663974       -312.53408786885450        164877.42993619770     
   22011.346863158080       -8.1216395811393820       -311.16375535334515        165188.59369155104     
   22211.346863158080       -8.1295281966465076       -309.82512712295323        165498.41881867399     
   22411.346863158080       -8.1369732302945170       -308.53424871509753        165806.95306738908     
   22611.346863158080       -8.1440621137580038       -307.31416418612895        166114.26723157521     
   22811.346863158080       -8.1508078742412451       -306.15251567000604        166420.41974724521     
   23011.346863158080       -8.1572661374295254       -305.04608213863975        166725.46582938384     
   23211.346863158080       -8.1634345612858468       -303.98727542459761        167029.45310480843     
   23411.346863158080       -8.1694329558411400       -302.97321173155410        167332.42631653999     
   23611.346863158080       -8.1753696380869592       -301.98395940847541        167634.41027594847     
   23811.346863158080       -8.1813502960035791       -301.00207115477491        167935.41234710324     
   24011.346863158080       -8.1874179934349147       -300.01178043009907        168235.42412753333     
   24211.346863158080       -8.1934483217093401       -299.01035770697627        168534.43448524032     
   24411.346863158080       -8.1994054237174829       -298.01627937542196        168832.45076461573     
   24611.346863158080       -8.2052458187358308       -297.03571996069348        169129.48648457642     
   24811.346863158080       -8.2109995411044565       -296.07341417158460        169425.55989874800     
   25011.346863158080       -8.2168732653084540       -295.11993927657983        169720.67983802457     
   25211.346863158080       -8.2229412866031240       -294.14440547581518        170014.82424350039     
   25411.346863158080       -8.2292068525594342       -293.13660174702488        170307.96084524741     
   25611.346863158080       -8.2355915711271770       -292.09836998932019        170600.05921523672     
   25811.346863158080       -8.2419974100855207       -291.04319636133584        170891.10241159805     
   26011.346863158080       -8.2483203442176141       -289.98741185825855        171181.08982345631     
   26211.346863158080       -8.2545062316737354       -288.94685038685634        171470.03667384316     
   26411.346863158080       -8.2604285689846293       -287.93223249795136        171757.96890634112     
   26611.346863158080       -8.2661170720643184       -286.96062705179770        172044.92953339292     
   26811.346863158080       -8.2715655622411237       -286.02762095368797        172330.95715434660     
   27011.346863158080       -8.2768120145855040       -285.13329361463127        172616.09044796124     
   27211.346863158080       -8.2818636301987087       -284.27211194215221        172900.36255990338     
   27411.346863158080       -8.2867660158510219       -283.44188140686362        173183.80444131026     
   27611.346863158080       -8.2915765082286210       -282.63475192885682        173466.43919323912     
   27811.346863158080       -8.2963593690537181       -281.84097936060931        173748.28017259971     
   28011.346863158080       -8.3011602386208381       -281.05054516507687        174029.33071776479     
   28211.346863158080       -8.3060065061822890       -280.25640440949616        174309.58712217430     
   28411.346863158080       -8.3108995663746015       -279.45471986691643        174589.04184204122     
   28611.346863158080       -8.3157445397799954       -278.64784749065075        174867.68968953186     
   28811.346863158080       -8.3204953419957501       -277.85035279909351        175145.54004233095     
   29011.346863158080       -8.3251239645759973       -277.06907801414025        175422.60912034509     
   29211.346863158080       -8.3297076005157997       -276.30594042353187        175698.91506076863     
   29411.346863158080       -8.3343249780933952       -275.54808493339954        175974.46314570203     
   29611.346863158080       -8.3390378462330581       -274.78287076954848        176249.24601647159     
   29811.346863158080       -8.3438613028543021       -274.00147133730695        176523.24748780890     
   30011.346863158080       -8.3487733915838032       -273.20243895916906        176796.44992676808     
   30211.346863158080       -8.3537240671776303       -272.39015288403198        177068.84007965212     
   30411.346863158080       -8.3586551604058670       -271.57309325528371        177340.41317290740     
   30611.346863158080       -8.3635223744132041       -270.76049513200803        177611.17366803941     
   30811.346863158080       -8.3682313939283333       -269.96093615149783        177881.13460419091     
   31011.346863158080       -8.3727801120365548       -269.18773412519590        178150.32233831609     
   31211.346863158080       -8.3771616834232017       -268.44107858759503        178418.76341690368     
   31411.346863158080       -8.3813991369175191       -267.72143962148988        178686.48485652517     
   31611.346863158080       -8.3854972376370309       -267.02545664606305        178953.51031317122     
   31811.346863158080       -8.3894727850133002       -266.35203254218578        179219.86234571342     
   32011.346863158080       -8.3933436651474977       -265.69836730285715        179485.56071301628     
   32211.346863158080       -8.3971477383057280       -265.06097128907163        179750.62168430534     
   32411.346863158080       -8.4009241840891207       -264.43350764643645        180015.05519195177     
   32611.346863158080       -8.4047088582815093       -263.80963937029702        180278.86483132208     
   32811.346863158076       -8.4085224322166585       -263.18385690531699        180542.04868822740     
   33011.346863158076       -8.4123678885268625       -262.55321682391400        180804.60190505130     
   33211.346863158076       -8.4162359091281118       -261.91758728922588        181066.51949234054     
   33411.346863158076       -8.4200706328739123       -261.27970221464693        181327.79919455518     
   33611.346863158076       -8.4238397387939798       -260.64829266016335        181588.44748721534     
   33811.346863158076       -8.4275208559004380       -260.02827714300906        181848.47576435836     
   34011.346863158076       -8.4311335621216106       -259.42228020792874        182107.89804456627     
   34211.346863158076       -8.4347355875543943       -258.82603445586756        182366.72407902215     
   34411.346863158076       -8.4383791200593894       -258.23007543329231        182624.95415445545     
   34611.346863158076       -8.4420968417834654       -257.62637419289604        182882.58052864834     
   34811.346863158076       -8.4458911303959621       -257.01036845067244        183139.59089709900     
   35011.346863158076       -8.4497431319176908       -256.38224005696924        183395.97313715596     
   35211.346863158076       -8.4536197018298527       -255.74548892748808        183651.71862608346     
   35411.346863158076       -8.4574841276487067       -255.10568389382320        183906.82430997727     
   35611.346863158076       -8.4613086284329864       -254.46864938290469        184161.29295936017     
   35811.346863158076       -8.4650804139277334       -253.83855200451202        184415.13151136469     
   36011.346863158076       -8.4687530451174631       -253.21837671133005        184668.34988807602     
   36211.346863158076       -8.4723038252977947       -252.61527952683113        184920.96516760284     
   36411.346863158076       -8.4757174520631988       -252.03269204171048        185172.99785964456     
   36611.346863158076       -8.4790033717055842       -251.47248601168837        185424.47034565624     
   36811.346863158076       -8.4821750210521749       -250.93300421683011        185675.40334987309     
   37011.346863158076       -8.4852521211552805       -250.41185692154332        185925.81520679462     
   37211.346863158076       -8.4882562455652995       -249.90574036258420        186175.72094715721     
   37411.346863158076       -8.4912161696639714       -249.41089876499740        186425.13184592221     
   37611.346863158076       -8.4942091306301180       -248.92452017716860        186674.05636609936     
   37811.346863158076       -8.4971480716600940       -248.43172945864555        186922.48809555802     
   38011.346863158076       -8.5001305573893084       -247.94528971310743        187170.43338527111     
   38211.346863158076       -8.5031155541739682       -247.45274899987703        187417.88613427099     
   38411.346863158076       -8.5060818839747707       -246.95711633017612        187664.84325060117     
   38611.346863158076       -8.5091159717251266       -246.46547772292737        187911.30872832410     
   38811.346863158076       -8.5121947651699266       -245.96659550075705        188157.27532382487     
   39011.346863158076       -8.5152190349755532       -245.45965587255611        188402.73497969742     
   39211.346863158076       -8.5181669281439500       -244.95910053216775        188647.69408022959     
   39411.346863158076       -8.5211439467442140       -244.47474275668850        188892.16882298628     
   39611.346863158076       -8.5239912432522633       -243.98658072445974        189136.15540371073     
   39811.346863158076       -8.5268167030400086       -243.51398300213467        189379.66938671286     
   40011.346863158076       -8.5296877586233570       -243.04621491008083        189622.71560162294     
   40211.346863158076       -8.5326008728277909       -242.57101352136146        189865.28661514432     
   40411.346863158076       -8.5355797661979569       -242.08822631149647        190107.37484145581     
   40611.346863158076       -8.5385997130382894       -241.59525081397163        190348.97009226977     
   40811.346863158076       -8.5416448931513802       -241.09592816930567        190590.06602043906     
   41011.346863158076       -8.5446849257717687       -240.59326492747871        190830.65928536654     
   41211.346863158076       -8.5477019474035814       -240.09194062835809        191070.75122599490     
   41411.346863158076       -8.5506831317575855       -239.59476212255694        191310.34598811745     
   41611.346863158076       -8.5536763013699098       -239.10531442810532        191549.45130254555     
   41811.346863158076       -8.5565087751004665       -238.61235336304222        191788.06365590860     
   42011.346863158076       -8.5593852469400353       -238.14645323086398        192026.21010913947     
   42211.346863158076       -8.5620729771113258       -237.67645871087078        192263.88656785034     
   42411.346863158076       -8.5647254238799881       -237.23357895870490        192501.12014680903     
   42611.346863158076       -8.5672538064264643       -236.79887011209433        192737.91901692114     
   42811.346863158076       -8.5697282424544543       -236.38279977431444        192974.30181669546     
   43011.346863158076       -8.5721232675020076       -235.97631315879275        193210.27812985424     
   43211.346863158076       -8.5744750776352987       -235.58198821003793        193445.86011806427     
   43411.346863158076       -8.5767864861583298       -235.19473020355451        193681.05484826781     
   43611.346863158076       -8.5790858755963519       -234.81340092640718        193915.86824919423     
   43811.346863158076       -8.5813856096156140       -234.43373667680405        194150.30198587105     
   44011.346863158076       -8.5837026084888954       -234.05357481301576        194384.35556068405     
   44211.346863158076       -8.5860428273172520       -233.67040932533726        194618.02597000939     
   44411.346863158076       -8.5884079335224257       -233.28336794558487        194851.30933795497     
   44611.346863158076       -8.5907913447087836       -232.89239090464420        195084.20172885963     
   44811.346863158076       -8.5931852599127296       -232.49859595554472        195316.70032481517     
   45011.346863158076       -8.5955821981863316       -232.10326259251579        195548.80358740769     
   45211.346863158076       -8.5979628023618773       -231.70793700299262        195780.51152441069     
   45411.346863158076       -8.6003077406926796       -231.31581311281167        196011.82733752349     
   45611.346863158076       -8.6026033051820505       -230.92993545212178        196242.75727297561     
   45811.346863158076       -8.6048548569404453       -230.55206862265214        196473.30934159827     
   46011.346863158076       -8.6070808656958064       -230.18098644814472        196703.49032804641     
   46211.346863158076       -8.6093043757241645       -229.81352119801022        196933.30384924440     
   46411.346863158076       -8.6115437184682868       -229.44599204591671        197162.74984129032     
   46611.346863158076       -8.6138091491443944       -229.07558327543529        197391.82542456576     
   46811.346863158076       -8.6161021740490895       -228.70082983422273        197620.52625439997     
   47011.346863158076       -8.6184175006255046       -228.32166003299713        197848.84791443296     
   47211.346863158076       -8.6207453525230218       -227.93906431868143        198076.78697875165     
   47411.346863158076       -8.6230739589571588       -227.55470851703427        198304.34168726869     
   47611.346863158076       -8.6253914599019694       -227.17053813771861        198531.51222540642     
   47811.346863158076       -8.6276893808463786       -226.78842265807776        198758.30064806450     
   48011.346863158076       -8.6299642768334905       -226.40962994447111        198984.71027800898     
   48211.346863158076       -8.6322170195634111       -226.03461631638686        199210.74489432535     
   48411.346863158076       -8.6344354668883447       -225.66357902361952        199436.40847334897     
   48611.346863158076       -8.6366071175601800       -225.29853062783849        199661.70700397680     
   48811.346863158076       -8.6387220345186968       -224.94146789034602        199886.64847186714     
   49011.346863158076       -8.6407771567597891       -224.59385166655312        200111.24232353369     
   49211.346863158076       -8.6427737792785937       -224.25607402718774        200335.49839756088     
   49411.346863158076       -8.6447166987749906       -223.92782994106412        200559.42622750194     
   49611.346863158076       -8.6466121985759514       -223.60828890208057        200783.03451640403     
   49811.346863158076       -8.6484665215806018       -223.29641471451160        201006.33093111854     
   50011.346863158076       -8.6502889058660219       -222.99109822871500        201229.32202934727     
   50211.346863158076       -8.6520916638107455       -222.69073407608633        201452.01276342335     
   50411.346863158076       -8.6538885210360519       -222.39325282598452        201674.40601624933     
   50611.346863158076       -8.6556917748778517       -222.09642593010159        201896.50244217942     
   50811.346863158076       -8.6575105639412993       -221.79830563742686        202118.30074781686     
   51011.346863158076       -8.6593503199775768       -221.49747986223147        202339.79822767910     
   51211.346863158076       -8.6612113300527938       -221.19318609558886        202560.99141377470     
   51411.346863158076       -8.6630894407042227       -220.88549261510281        202781.87690638981     
   51611.346863158076       -8.6649780748716605       -220.57514810233292        203002.45205449214     
   51811.346863158076       -8.6668707322067906       -220.26323614297621        203222.71529063513     
   52011.346863158076       -8.6687626366695945       -219.95078480499004        203442.66607544012     
   52211.346863158076       -8.6706426772181722       -219.63874860204376        203662.30482404216     
   52411.346863158076       -8.6724983825819031       -219.32899681753182        203881.63382085969     
   52611.346863158076       -8.6743194521536591       -219.02353142572255        204100.65735228540     
   52811.346863158076       -8.6761060277430815       -218.72377991373764        204319.38113219914     
   53011.346863158076       -8.6778674843234125       -218.42947833432453        204537.81061053346     
   53211.346863158076       -8.6796182214866242       -218.13894841151540        204755.94955894497     
   53411.346863158076       -8.6813719687265483       -217.84983092398392        204973.79938986895     
   53611.346863158076       -8.6831387110904998       -217.55995713010776        205191.35934699906     
   53811.346863158076       -8.6849233193279609       -217.26781200136168        205408.62715900043     
   54011.346863158076       -8.6867259393065765       -216.97271451557663        205625.59987351601     
   54211.346863158076       -8.6885429800512508       -216.67473788656204        205842.27461140256     
   54411.346863158076       -8.6903684574061444       -216.37453719794618        206058.64914860053     
   54611.346863158076       -8.6921952103217155       -216.07313094162075        206274.72227954215     
   54811.346863158076       -8.6940159416049738       -215.77170479461793        206490.49398433676     
   55011.346863158076       -8.6958246733233686       -215.47142892688106        206705.96541326365     
   55211.346863158076       -8.6976182332336354       -215.17321695893133        206921.13863022259     
   55411.346863158076       -8.6993964693126742       -214.87751385588425        207136.01614407846     
   55611.346863158076       -8.7011535522498313       -214.58449360257907        207350.60063768103     
   55811.346863158076       -8.7028825879108389       -214.29514580826822        207564.89578348931     
   56011.346863158076       -8.7045771017246594       -214.01059752027328        207778.90638100958     
   56211.346863158076       -8.7062335007816323       -213.73184224264588        207992.63822325223     
   56411.346863158076       -8.7078504659427374       -213.45941391128329        208206.09763716350     
   56611.346863158076       -8.7094288150978869       -213.19347459542442        208419.29111175894     
   56811.346863158076       -8.7109706762343535       -212.93385518653349        208632.22496694548     
   57011.346863158076       -8.7124791902481853       -212.68017798238949        208844.90514492788     
   57211.346863158076       -8.7139580908785295       -212.43190902317787        209057.33705395105     
   57411.346863158076       -8.7154111100897822       -212.18843199531946        209269.52548594636     
   57611.346863158076       -8.7168436157701681       -211.94908796422283        209481.47457391059     
   57811.346863158076       -8.7182630384437001       -211.71293693395492        209693.18751084455     
   58011.346863158076       -8.7196782020107211       -211.47871595331642        209904.66622679788     
   58211.346863158076       -8.7210977023709138       -211.24497440236621        210115.91120120024     
   58411.346863158076       -8.7225285727594581       -211.01033406083576        210326.92153526109     
   58611.346863158076       -8.7239755315747995       -210.77369423349651        210537.69522949459     
   58811.346863158076       -8.7254409997198437       -210.53433584939225        210748.22956534399     
   59011.346863158076       -8.7269243154227922       -210.29193967669607        210958.52150502070     
   59211.346863158076       -8.7284219733324271       -210.04668905806193        211168.56819407878     
   59411.346863158076       -8.7299286842167518       -209.79920907168841        211378.36740315048     
   59611.346863158076       -8.7314389341798897       -209.55037860182568        211587.91778175230     
   59811.346863158076       -8.7329481866186089       -209.30108233092486        211797.21886408323     
   60011.346863158076       -8.7344490005502795       -209.05214528860688        212006.27100937185     
   60211.346863158076       -8.7359328892847667       -208.80482293702102        212215.07583230888     
   60411.346863158076       -8.7373921411266977       -208.56049591903795        212423.63632822791     
   60611.346863158076       -8.7388220294171823       -208.32035929477283        212631.95668752267     
   60811.346863158076       -8.7402237880495477       -208.08503770900401        212840.04172523168     
   61011.346863158076       -8.7416042404796137       -207.85418181760710        213047.89590704930     
   61211.346863158076       -8.7429733596890387       -207.62658332551251        213255.52249037480     
   61411.346863158076       -8.7443412363032511       -207.40059307590909        213462.92308345070     
   61611.346863158076       -8.7457160032775931       -207.17459648263463        213670.09767993333     
   61811.346863158076       -8.7471028085869396       -206.94732881241677        213877.04500874574     
   62011.346863158076       -8.7485037145514930       -206.71802064060657        214083.76302938635     
   62211.346863158076       -8.7499181012249299       -206.48640137583101        214290.24943076217     
   62411.346863158076       -8.7513433317316238       -206.25262586259237        214496.50205662477     
   62611.346863158076       -8.7527754613130355       -206.01716342546254        214702.51922005022     
   62811.346863158076       -8.7542098958842764       -205.78068214042054        214908.29990219063     
   63011.346863158076       -8.7556419329507111       -205.54394318919142        215113.84384537983     
   63211.346863158076       -8.7570671486243761       -205.30771557656348        215319.15156095638     
   63411.346863158076       -8.7584824354226285       -205.07269519913322        215524.22425615552     
   63611.346863158076       -8.7598866892567600       -204.83934276691235        215729.06359892242     
   63811.346863158076       -8.7612807570845437       -204.60778970111477        215933.67138862354     
   64011.346863158076       -8.7626622070914806       -204.37798215114785        216138.04937077468     
   64211.346863158076       -8.7640268159453019       -204.15036809651880        216342.19973887119     
   64411.346863158076       -8.7653697392227539       -203.92566079341628        216546.12539966460     
   64611.346863158076       -8.7666873751729728       -203.70462738713491        216749.83002705174     
   64811.346863158076       -8.7679775957451191       -203.48782402137365        216953.31785107311     
   65011.346863158076       -8.7692398583156557       -203.27556065732139        217156.59341173043     
   65211.346863158076       -8.7704748003928739       -203.06789614418119        217359.66130787460     
   65411.346863158076       -8.7716839875410990       -202.86470106702254        217562.52600894161     
   65611.346863158076       -8.7728695934314249       -202.66570115163171        217765.19171009323     
   65811.346863158076       -8.7740342112087433       -202.47052664078092        217967.66223673400     
   66011.346863158076       -8.7751808256858563       -202.27873924035219        218169.94097597434     
   66211.346863158076       -8.7763130911372791       -202.08982873169307        218372.03080470604     
   66411.346863158076       -8.7774356815224763       -201.90316524939288        218573.93396995543     
   66611.346863158076       -8.7785541613958724       -201.71795401230523        218775.65192396773     
   66811.346863158076       -8.7796743815700182       -201.53326901848015        218977.18519298622     
   67011.346863158076       -8.7808016771252255       -201.34815793267731        219178.53335091891     
   67211.346863158076       -8.7819402174399048       -201.16177048270617        219379.69512140160     
   67411.346863158076       -8.7830926827706168       -200.97345722898353        219580.66857863058     
   67611.346863158076       -8.7842602935066587       -200.78281376081526        219781.45139239138     
   67811.346863158076       -8.7854430990764740       -200.58966910897161        219982.04106150035     
   68011.346863158076       -8.7866395917749927       -200.39405573640326        220182.43511723675     
   68211.346863158076       -8.7878466663100649       -200.19626417635129        220382.63138141308     
   68411.346863158076       -8.7890600950717328       -199.99683625315285        220582.62821766624     
   68611.346863158076       -8.7902754250520889       -199.79647564570590        220782.42469331194     
   68811.346863158076       -8.7914887933248504       -199.59590199612310        220982.02059530807     
   69011.346863158076       -8.7926974518406293       -199.39572388696524        221181.41631919504     
   69211.346863158076       -8.7938974408427129       -199.19642676394378        221380.61274595899     
   69411.346863158076       -8.7950838946914711       -198.99868786980542        221579.61143382880     
   69611.346863158076       -8.7962519016890699       -198.80331152572640        221778.41474535453     
   69811.346863158076       -8.7973987058238681       -198.61105214754576        221977.02579750208     
   70011.346863158076       -8.7985250513086992       -198.42227333986472        222175.44807084196     
   70211.346863158076       -8.7996349330970549       -198.23676755460835        222373.68483839656     
   70411.346863158076       -8.8007341851340399       -198.05382752226592        222571.73866591882     
   70611.346863158076       -8.8018289380787724       -197.87248260238050        222769.61114852119     
   70811.346863158076       -8.8029244519379759       -197.69174356048745        222967.30289208167     
   71011.346863158076       -8.8040244963268712       -197.51078098640451        223164.81367306807     
   71211.346863158076       -8.8051311668545562       -197.32901624428135        223362.14268931234     
   71411.346863158076       -8.8062450013023277       -197.14614398317073        223559.28883329552     
   71611.346863158076       -8.8073652531266831       -196.96210887173865        223756.25094216724     
   71811.346863158076       -8.8084902316038818       -196.77705872050061        223953.02800088775     
   72011.346863158076       -8.8096176431142812       -196.59128830775867        224149.61928919551     
   72211.346863158076       -8.8107448990802997       -196.40518391332802        224346.02447310885     
   72411.346863158076       -8.8118693712200376       -196.21917385969928        224542.24364696853     
   72611.346863158076       -8.8129885879260055       -196.03368791042655        224738.27733487895     
   72811.346863158076       -8.8141007053565250       -195.84911766229203        224934.12645254124     
   73011.346863158076       -8.8152049876277925       -195.66573856826415        225129.79219110950     
   73211.346863158076       -8.8163019580641055       -195.48363927419254        225325.27583038370     
   73411.346863158076       -8.8173931041168050       -195.30270829367728        225520.57853867739     
   73611.346863158076       -8.8184778228350815       -195.12275484586189        225715.70129352325     
   73811.346863158076       -8.8195544390801803       -194.94390630197995        225910.64519982523     
   74011.346863158076       -8.8206205681864382       -194.76645763607647        226105.41165746131     
   74211.346863158076       -8.8216738383999278       -194.59080208664847        226300.00245954798     
   74411.346863158076       -8.8227119413461530       -194.41732950836908        226494.41978905635     
   74611.346863158076       -8.8237329528973394       -194.24641090562329        226688.66619996197     
   74811.346863158076       -8.8247354730453402       -194.07835022488410        226882.74455018685     
   75011.346863158076       -8.8257188133665174       -193.91336000386323        227076.65791019073     
   75211.346863158076       -8.8266830111808066       -193.75153496321406        227270.40944515393     
   75411.346863158076       -8.8276287930523516       -193.59285097815570        227464.00229613209     
   75611.346863158076       -8.8285574477134254       -193.43717346798357        227657.43946960007     
   75811.346863158076       -8.8294706898827915       -193.28427860292408        227850.72374820299     
   76011.346863158076       -8.8303705670944677       -193.13387465872563        228043.85762286172     
   76211.346863158076       -8.8312597716773702       -192.98560680562974        228236.84322966734     
   76411.346863158076       -8.8321418183459617       -192.83900916176373        228429.68223882912     
   76611.346863158076       -8.8330209053099171       -192.69348374187581        228622.37572257099     
   76811.346863158076       -8.8339014443525343       -192.54833201192946        228814.92405458292     
   77011.346863158076       -8.8347875090090984       -192.40283457135274        229007.32688915427     
   77211.346863158076       -8.8356823751499576       -192.25633981959567        229199.58322897388     
   77411.346863158076       -8.8365882743266440       -192.10833423771831        229391.69156321159     
   77611.346863158076       -8.8375063641640992       -191.95847744768440        229583.65004065927     
   77811.346863158076       -8.8384368756058507       -191.80660249467101        229775.45664315394     
   78011.346863158076       -8.8393793624119610       -191.65268888295054        229967.10933203690     
   78211.346863158076       -8.8403324921829807       -191.49683338909557        230158.60616542600     
   78411.346863158076       -8.8412939310765122       -191.33928206474070        230349.94544749073     
   78611.346863158076       -8.8422605380006765       -191.18044118184568        230541.12588867257     
   78811.346863158076       -8.8432288827730456       -191.02083673327985        230732.14672540585     
   79011.346863158076       -8.8441958031488355       -190.86102791277827        230923.00775331864     
   79211.346863158076       -8.8451588261221463       -190.70151871825567        231113.70927203691     
   79411.346863158076       -8.8461163611169642       -190.54269435972824        231304.25196639664     
   79611.346863158076       -8.8470663014497681       -190.38483097146946        231494.63679736812     
   79811.346863158076       -8.8480060592774574       -190.22828883805838        231684.86508620618     
   80011.346863158076       -8.8489330169758595       -190.07349586833627        231874.93858207451     
   80211.346863158076       -8.8498457495485301       -189.92085296250761        232064.85943503701     
   80411.346863158076       -8.8507445171409511       -189.77055138579291        232254.62998642281     
   80611.346863158076       -8.8516312159715156       -189.62250556421913        232444.25249198702     
   80811.346863158076       -8.8525087919766623       -189.47637518490805        232633.72886717191     
   81011.346863158076       -8.8533806042639309       -189.33166324969054        232823.06053042162     
   81211.346863158076       -8.8542498489090669       -189.18781956797184        233012.24834998959     
   81411.346863158076       -8.8551191864861778       -189.04433054897132        233201.29268053855     
   81611.346863158076       -8.8559905337455280       -188.90077641166940        233390.19345695022     
   81811.346863158076       -8.8568650094246877       -188.75686155695220        233578.95031850718     
   82011.346863158076       -8.8577429759653086       -188.61242101849479        233767.56273952569     
   82211.346863158076       -8.8586241485336963       -188.46741182506310        233956.03015135074     
   82411.346863158076       -8.8595077344826496       -188.32189421430658        234144.35204556506     
   82611.346863158076       -8.8603925843112865       -188.17600831364996        234332.52805387872     
   82811.346863158076       -8.8612773356832246       -188.02994940374157        234520.55800328247     
   83011.346863158076       -8.8621605417471923       -187.88394455511263        234708.44194783756     
   83211.346863158076       -8.8630407771166144       -187.73823202904603        234896.18017986661     
   83411.346863158076       -8.8639167200043758       -187.59304440503809        235083.77322427166     
   83611.346863158076       -8.8647873866164701       -187.44859103961545        235271.22181531126     
   83811.346863158076       -8.8656524311641522       -187.30501767345325        235458.52683298470     
   84011.346863158076       -8.8665123089616138       -187.16236049487625        235645.68919347957     
   84211.346863158076       -8.8673681758959244       -187.02052609859547        235832.70971957815     
   84411.346863158076       -8.8682215824566839       -186.87931342820912        236019.58903300637     
   84611.346863158076       -8.8690727010722021       -186.73850261313964        236206.32753561952     
   84811.346863158076       -8.8699205829605319       -186.59809438163680        236392.92563000115     
   85011.346863158076       -8.8707639465580055       -186.45825394639601        236579.38388394754     
   85211.346863158076       -8.8716015546795060       -186.31919166098120        236765.70307560853     
   85411.346863158076       -8.8724320247346924       -186.18111554908384        236951.88419115762     
   85611.346863158076       -8.8732537162212317       -186.04426056014324        237137.92845171777     
   85811.346863158076       -8.8740648254708159       -185.90890172859099        237323.83735344638     
   86011.346863158076       -8.8748636623792034       -185.77533379472746        237509.61268724111     
   86211.346863158076       -8.8756489184570704       -185.64382576885146        237695.25651300995     
   86411.346863158076       -8.8764198469543150       -185.51457898305836        237880.77109199303     
