 #              _____________________  _______________________             #
 #              ___  __ \__  __ \_  / / /_  /___  ____/_  ___/             #
 #              __  / / /_  /_/ /  / / /_  __/_  __/  _____ \              #
 #              _  /_/ /_  _, _// /_/ / / /_ _  /___  ____/ /              #
 #              /_____/ /_/ |_| \____/  \__/ /_____/  /____/               #
 #                                                                         #
  
 DRUtES is initializing, reading input files
 ---------------------------------------------------------------
 10hrs : 57min : 55.509s  -  2021/02/04    total number of parallel images is:                    1
 ---------------------------------------------------------------
 10hrs : 57min : 55.510s  -  2021/02/04    reading input files and allocating...
 ---------------------------------------------------------------
 10hrs : 57min : 55.513s  -  2021/02/04    number of nodes:                   61 number of elements:                   60
 ---------------------------------------------------------------
 10hrs : 57min : 55.517s  -  2021/02/04    analyzing mesh structure...
 ---------------------------------------------------------------
 10hrs : 57min : 55.528s  -  2021/02/04    DRUtES solves coupled water and heat flow considering freezing and melting
 ---------------------------------------------------------------
 10hrs : 57min : 55.529s  -  2021/02/04    making output files for observation time
 ---------------------------------------------------------------
 10hrs : 57min : 55.548s  -  2021/02/04    go 4 solving
 ---------------------------------------------------------------
 10hrs : 57min : 55.641s  -  2021/02/04    current simulation time:   1.0000000000000000 total iteration count:                    2
 ---------------------------------------------------------------
 10hrs : 58min : 19.589s  -  2021/02/04    making output files for observation time
 ---------------------------------------------------------------
 10hrs : 58min : 54.003s  -  2021/02/04    making output files for observation time
 ---------------------------------------------------------------
 10hrs : 59min : 17.692s  -  2021/02/04    making output files for observation time
 ---------------------------------------------------------------
 10hrs : 59min : 48.738s  -  2021/02/04    making output files for observation time
 ---------------------------------------------------------------
 11hrs : 01min : 05.818s  -  2021/02/04    making output files for observation time
 ---------------------------------------------------------------
 11hrs : 01min : 05.964s  -  2021/02/04    # real elapsed CPU time =   3.1836666666664919 min
 ---------------------------------------------------------------
 11hrs : 01min : 05.969s  -  2021/02/04    minimal adjusted time step was  0.81000000000000005
 ---------------------------------------------------------------
 11hrs : 01min : 05.969s  -  2021/02/04    F I N I S H E D !!!!!
 ---------------------------------------------------------------
 11hrs : 01min : 05.993s  -  2021/02/04    Peak RAM  consumption on image                    1 was:                    0 kB
