 #              _____________________  _______________________             #
 #              ___  __ \__  __ \_  / / /_  /___  ____/_  ___/             #
 #              __  / / /_  /_/ /  / / /_  __/_  __/  _____ \              #
 #              _  /_/ /_  _, _// /_/ / / /_ _  /___  ____/ /              #
 #              /_____/ /_/ |_| \____/  \__/ /_____/  /____/               #
 #                                                                         #
  
 DRUtES is initializing, reading input files
 ---------------------------------------------------------------
 10hrs : 38min : 39.760s  -  2021/11/11    total number of parallel images is:                    1
 ---------------------------------------------------------------
 10hrs : 38min : 39.761s  -  2021/11/11    reading input files and allocating...
 ---------------------------------------------------------------
 10hrs : 38min : 39.765s  -  2021/11/11    number of nodes:                  201 number of elements:                  200
 ---------------------------------------------------------------
 10hrs : 38min : 39.771s  -  2021/11/11    analyzing mesh structure...
 ---------------------------------------------------------------
 10hrs : 38min : 39.787s  -  2021/11/11    DRUtES solves coupled water and heat flow considering freezing and melting
 ---------------------------------------------------------------
 10hrs : 38min : 39.788s  -  2021/11/11    making output files for observation time
 ---------------------------------------------------------------
 10hrs : 38min : 39.825s  -  2021/11/11    go 4 solving
 ---------------------------------------------------------------
 10hrs : 38min : 39.945s  -  2021/11/11    current simulation time:   1.0000000000000000 total iteration count:                    1
 ---------------------------------------------------------------
 10hrs : 40min : 47.711s  -  2021/11/11    making output files for observation time
 ---------------------------------------------------------------
 10hrs : 41min : 44.071s  -  2021/11/11    making output files for observation time
 ---------------------------------------------------------------
 10hrs : 44min : 46.539s  -  2021/11/11    making output files for observation time
 ---------------------------------------------------------------
 10hrs : 44min : 46.789s  -  2021/11/11    # real elapsed CPU time =   6.1171666666666624 min
 ---------------------------------------------------------------
 10hrs : 44min : 46.795s  -  2021/11/11    minimal adjusted time step was   1.0000000000000000
 ---------------------------------------------------------------
 10hrs : 44min : 46.796s  -  2021/11/11    F I N I S H E D !!!!!
 ---------------------------------------------------------------
 10hrs : 44min : 46.992s  -  2021/11/11    Peak RAM  consumption on image                    1 was:                    0 kB
