                  121                  121                  540
                    1                    1 -0.94874186337820954     
                    1                    2   3.3276030714382961E-002
                    1                   62  -1.7650193563794082E-002
                    1                   63   3.3191234361341373E-004
                    2                    1   1.6388713348801747E-002
                    2                    2 -0.95894521185256165     
                    2                    3   2.3161622798167966E-002
                    2                   62   1.6346950461426429E-004
                    2                   63  -1.2939134851522674E-003
                    2                   64   4.7069010702012362E-005
                    3                    2   2.2989272691242454E-002
                    3                    3 -0.95237173822781795     
                    3                    4   2.4438401430111029E-002
                    3                   63   4.6718761106029318E-005
                    3                   64  -1.0029382541432079E-004
                    3                   65   5.3575064308291481E-005
                    4                    3   2.4307825127351967E-002
                    4                    4 -0.95005291217121379     
                    4                    5   2.5416365783394915E-002
                    4                   64   5.3288808521984757E-005
                    4                   65  -1.1144845901967585E-004
                    4                   66   5.8159650497691076E-005
                    5                    4   2.5272904324449900E-002
                    5                    5 -0.94853173384022360     
                    5                    6   2.5958271874974591E-002
                    5                   65   5.7831371136934393E-005
                    5                   66  -1.1854498017594328E-004
                    5                   67   6.0713609039008881E-005
                    6                    5   2.5860656600535881E-002
                    6                    6 -0.94767747484784337     
                    6                    7   2.6216995876144959E-002
                    6                   66   6.0485297399580332E-005
                    6                   67  -1.2243633773788618E-004
                    6                   68   6.1951040338305860E-005
                    7                    6   2.6165202821011879E-002
                    7                    7 -0.94725852982395065     
                    7                    8   2.6327632204750120E-002
                    7                   67   6.1828652797683292E-005
                    7                   68  -1.2431757514368844E-004
                    7                   69   6.2488922346005171E-005
                    8                    7   2.6304167607164461E-002
                    8                    8 -0.94707473409816589     
                    8                    9   2.6370826757740520E-002
                    8                   68   6.2433228867571288E-005
                    8                   69  -1.2513576846455502E-004
                    8                   70   6.2702539596983737E-005
                    9                    8   2.6361346987174947E-002
                    9                    9 -0.94700129675599287     
                    9                   10   2.6386434148601482E-002
                    9                   69   6.2679999321901787E-005
                    9                   70  -1.2546105411539670E-004
                    9                   71   6.2781054793494917E-005
                   10                    9   2.6382931301937081E-002
                   10                   10 -0.94697420372217811     
                   10                   11   2.6391703515217871E-002
                   10                   70   6.2772720495380495E-005
                   10                   71  -1.2558073033344913E-004
                   10                   72   6.2808009838068618E-005
                   11                   10   2.6390500680182623E-002
                   11                   11 -0.94696487798610318     
                   11                   12   2.6393377610318118E-002
                   11                   71   6.2805147284134439E-005
                   11                   72  -1.2562186169805031E-004
                   11                   73   6.2816714413915873E-005
                   12                   11   2.6392989705295234E-002
                   12                   12 -0.94696185900640395     
                   12                   13   2.6393880958223252E-002
                   12                   72   6.2815791192970000E-005
                   12                   73  -1.2563516503883088E-004
                   12                   74   6.2819373845860880E-005
                   13                   12   2.6393762600480992E-002
                   13                   13 -0.94696093403238191     
                   13                   14   2.6394024890019296E-002
                   13                   73   6.2819092145747490E-005
                   13                   74  -1.2563923855889121E-004
                   13                   75   6.2820146413143719E-005
                   14                   13   2.6393990529361963E-002
                   14                   14 -0.94696066441637516     
                   14                   15   2.6394064203489030E-002
                   14                   74   6.2820064631697602E-005
                   14                   75  -1.2564042538695016E-004
                   14                   76   6.2820360755252546E-005
                   15                   14   2.6394054668934758E-002
                   15                   15 -0.94696058931874860     
                   15                   16   2.6394074500647669E-002
                   15                   75   6.2820338062114637E-005
                   15                   76  -1.2564075583448893E-004
                   15                   77   6.2820417772374283E-005
                   16                   15   2.6394071962040560E-002
                   16                   16 -0.94696056925374672     
                   16                   17   2.6394077096021557E-002
                   16                   76   6.2820411730246941E-005
                   16                   77  -1.2564084409561334E-004
                   16                   78   6.2820432365366381E-005
                   17                   16   2.6394076445272013E-002
                   17                   17 -0.94696056409367857     
                   17                   18   2.6394077727476279E-002
                   17                   77   6.2820430816520125E-005
                   17                   78  -1.2564086678662652E-004
                   17                   79   6.2820435970106409E-005
                   18                   17   2.6394077566391717E-002
                   18                   18 -0.94696056281257990     
                   18                   19   2.6394077876191181E-002
                   18                   78   6.2820435586709699E-005
                   18                   79  -1.2564087241860128E-004
                   18                   80   6.2820436831891580E-005
                   19                   18   2.6394077837583421E-002
                   19                   19 -0.94696056250469440     
                   19                   20   2.6394077910178601E-002
                   19                   79   6.2820436740001408E-005
                   19                   80  -1.2564087377178588E-004
                   19                   81   6.2820437031784471E-005
                   20                   19   2.6394077901197785E-002
                   20                   20 -0.94696056243289461     
                   20                   21   2.6394077917733096E-002
                   20                   80   6.2820437010409276E-005
                   20                   81  -1.2564087408727933E-004
                   20                   82   6.2820437076870043E-005
                   21                   20   2.6394077915701190E-002
                   21                   21 -0.94696056241661142     
                   21                   22   2.6394077919369725E-002
                   21                   81   6.2820437072033918E-005
                   21                   82  -1.2564087415881263E-004
                   21                   83   6.2820437086778716E-005
                   22                   21   2.6394077918921691E-002
                   22                   22 -0.94696056241301341     
                   22                   23   2.6394077919715767E-002
                   22                   82   6.2820437085712362E-005
                   22                   83  -1.2564087417461648E-004
                   22                   84   6.2820437088904131E-005
                   23                   22   2.6394077919619296E-002
                   23                   23 -0.94696056241223736     
                   23                   24   2.6394077919787300E-002
                   23                   83   6.2820437088674524E-005
                   23                   84  -1.2564087417802429E-004
                   23                   85   6.2820437089349765E-005
                   24                   23   2.6394077919767032E-002
                   24                   24 -0.94696056241207349     
                   24                   25   2.6394077919801875E-002
                   24                   84   6.2820437089301518E-005
                   24                   85  -1.2564087417874306E-004
                   24                   86   6.2820437089441530E-005
                   25                   24   2.6394077919797698E-002
                   25                   25 -0.94696056241203974     
                   25                   26   2.6394077919804675E-002
                   25                   85   6.2820437089431596E-005
                   25                   86  -1.2564087417889141E-004
                   25                   87   6.2820437089459826E-005
                   26                   25   2.6394077919803804E-002
                   26                   26 -0.94696056241203308     
                   26                   27   2.6394077919805206E-002
                   26                   86   6.2820437089457752E-005
                   26                   87  -1.2564087417892109E-004
                   26                   88   6.2820437089463349E-005
                   27                   26   2.6394077919805043E-002
                   27                   27 -0.94696056241203186     
                   27                   28   2.6394077919805303E-002
                   27                   87   6.2820437089462956E-005
                   27                   88  -1.2564087417892700E-004
                   27                   89   6.2820437089464040E-005
                   28                   27   2.6394077919805248E-002
                   28                   28 -0.94696056241203141     
                   28                   29   2.6394077919805418E-002
                   28                   88   6.2820437089463905E-005
                   28                   89  -1.2564087417892827E-004
                   28                   90   6.2820437089464366E-005
                   29                   28   2.6394077919805435E-002
                   29                   29 -0.94696056241203108     
                   29                   30   2.6394077919805626E-002
                   29                   89   6.2820437089464406E-005
                   29                   90  -1.2564087417892925E-004
                   29                   91   6.2820437089464840E-005
                   30                   29   2.6394077919805619E-002
                   30                   30 -0.94696056241203097     
                   30                   31   2.6394077919805466E-002
                   30                   90   6.2820437089464826E-005
                   30                   91  -1.2564087417892930E-004
                   30                   92   6.2820437089464474E-005
                   31                   30   2.6394077919805428E-002
                   31                   31 -0.94696056241203130     
                   31                   32   2.6394077919805428E-002
                   31                   91   6.2820437089464379E-005
                   31                   92  -1.2564087417892879E-004
                   31                   93   6.2820437089464406E-005
                   32                   31   2.6394077919805435E-002
                   32                   32 -0.94696056241203130     
                   32                   33   2.6394077919805435E-002
                   32                   92   6.2820437089464420E-005
                   32                   93  -1.2564087417892881E-004
                   32                   94   6.2820437089464406E-005
                   33                   32   2.6394077919805435E-002
                   33                   33 -0.94696056241203130     
                   33                   34   2.6394077919805435E-002
                   33                   93   6.2820437089464406E-005
                   33                   94  -1.2564087417892881E-004
                   33                   95   6.2820437089464420E-005
                   34                   33   2.6394077919805435E-002
                   34                   34 -0.94696056241203130     
                   34                   35   2.6394077919805428E-002
                   34                   94   6.2820437089464420E-005
                   34                   95  -1.2564087417892881E-004
                   34                   96   6.2820437089464406E-005
                   35                   34   2.6394077919805428E-002
                   35                   35 -0.94696056241203130     
                   35                   36   2.6394077919805435E-002
                   35                   95   6.2820437089464406E-005
                   35                   96  -1.2564087417892881E-004
                   35                   97   6.2820437089464406E-005
                   36                   35   2.6394077919805477E-002
                   36                   36 -0.94696056241203108     
                   36                   37   2.6394077919805626E-002
                   36                   96   6.2820437089464515E-005
                   36                   97  -1.2564087417892935E-004
                   36                   98   6.2820437089464840E-005
                   37                   36   2.6394077919805626E-002
                   37                   37 -0.94696056241203097     
                   37                   38   2.6394077919805473E-002
                   37                   97   6.2820437089464840E-005
                   37                   98  -1.2564087417892933E-004
                   37                   99   6.2820437089464501E-005
                   38                   37   2.6394077919805435E-002
                   38                   38 -0.94696056241203130     
                   38                   39   2.6394077919805387E-002
                   38                   98   6.2820437089464420E-005
                   38                   99  -1.2564087417892876E-004
                   38                  100   6.2820437089464325E-005
                   39                   38   2.6394077919805387E-002
                   39                   39 -0.94696056241203130     
                   39                   40   2.6394077919805435E-002
                   39                   99   6.2820437089464325E-005
                   39                  100  -1.2564087417892876E-004
                   39                  101   6.2820437089464433E-005
                   40                   39   2.6394077919805435E-002
                   40                   40 -0.94696056241203130     
                   40                   41   2.6394077919805387E-002
                   40                  100   6.2820437089464433E-005
                   40                  101  -1.2564087417892876E-004
                   40                  102   6.2820437089464325E-005
                   41                   40   2.6394077919805390E-002
                   41                   41 -0.94696056241203130     
                   41                   42   2.6394077919805435E-002
                   41                  101   6.2820437089464339E-005
                   41                  102  -1.2564087417892876E-004
                   41                  103   6.2820437089464433E-005
                   42                   41   2.6394077919805484E-002
                   42                   42 -0.94696056241203108     
                   42                   43   2.6394077919805626E-002
                   42                  102   6.2820437089464542E-005
                   42                  103  -1.2564087417892944E-004
                   42                  104   6.2820437089464894E-005
                   43                   42   2.6394077919805633E-002
                   43                   43 -0.94696056241203108     
                   43                   44   2.6394077919805442E-002
                   43                  103   6.2820437089464908E-005
                   43                  104  -1.2564087417892935E-004
                   43                  105   6.2820437089464460E-005
                   44                   43   2.6394077919805400E-002
                   44                   44 -0.94696056241203141     
                   44                   45   2.6394077919805289E-002
                   44                  104   6.2820437089464366E-005
                   44                  105  -1.2564087417892849E-004
                   44                  106   6.2820437089464122E-005
                   45                   44   2.6394077919805317E-002
                   45                   45 -0.94696056241203141     
                   45                   46   2.6394077919805310E-002
                   45                  105   6.2820437089464189E-005
                   45                  106  -1.2564087417892841E-004
                   45                  107   6.2820437089464203E-005
                   46                   45   2.6394077919805293E-002
                   46                   46 -0.94696056241203141     
                   46                   47   2.6394077919805411E-002
                   46                  106   6.2820437089464162E-005
                   46                  107  -1.2564087417892860E-004
                   46                  108   6.2820437089464433E-005
                   47                   46   2.6394077919805390E-002
                   47                   47 -0.94696056241203130     
                   47                   48   2.6394077919805439E-002
                   47                  107   6.2820437089464379E-005
                   47                  108  -1.2564087417892881E-004
                   47                  109   6.2820437089464447E-005
                   48                   47   2.6394077919805491E-002
                   48                   48 -0.94696056241203108     
                   48                   49   2.6394077919805636E-002
                   48                  108   6.2820437089464569E-005
                   48                  109  -1.2564087417892949E-004
                   48                  110   6.2820437089464921E-005
                   49                   48   2.6394077919805636E-002
                   49                   49 -0.94696056241203108     
                   49                   50   2.6394077919805494E-002
                   49                  109   6.2820437089464921E-005
                   49                  110  -1.2564087417892949E-004
                   49                  111   6.2820437089464569E-005
                   50                   49   2.6394077919805435E-002
                   50                   50 -0.94696056241203130     
                   50                   51   2.6394077919805435E-002
                   50                  110   6.2820437089464420E-005
                   50                  111  -1.2564087417892884E-004
                   50                  112   6.2820437089464420E-005
                   51                   50   2.6394077919805435E-002
                   51                   51 -0.94696056241203130     
                   51                   52   2.6394077919805435E-002
                   51                  111   6.2820437089464420E-005
                   51                  112  -1.2564087417892884E-004
                   51                  113   6.2820437089464420E-005
                   52                   51   2.6394077919805435E-002
                   52                   52 -0.94696056241203130     
                   52                   53   2.6394077919805435E-002
                   52                  112   6.2820437089464420E-005
                   52                  113  -1.2564087417892884E-004
                   52                  114   6.2820437089464420E-005
                   53                   52   2.6394077919805435E-002
                   53                   53 -0.94696056241203130     
                   53                   54   2.6394077919805387E-002
                   53                  113   6.2820437089464433E-005
                   53                  114  -1.2564087417892876E-004
                   53                  115   6.2820437089464325E-005
                   54                   53   2.6394077919805397E-002
                   54                   54 -0.94696056241203141     
                   54                   55   2.6394077919805334E-002
                   54                  114   6.2820437089464352E-005
                   54                  115  -1.2564087417892857E-004
                   54                  116   6.2820437089464203E-005
                   55                   54   2.6394077919805334E-002
                   55                   55 -0.94696056241203141     
                   55                   56   2.6394077919805439E-002
                   55                  115   6.2820437089464203E-005
                   55                  116  -1.2564087417892865E-004
                   55                  117   6.2820437089464447E-005
                   56                   55   2.6394077919805428E-002
                   56                   56 -0.94696056241203130     
                   56                   57   2.6394077919805435E-002
                   56                  116   6.2820437089464420E-005
                   56                  117  -1.2564087417892884E-004
                   56                  118   6.2820437089464420E-005
                   57                   56   2.6394077919805435E-002
                   57                   57 -0.94696056241203130     
                   57                   58   2.6394077919805425E-002
                   57                  117   6.2820437089464420E-005
                   57                  118  -1.2564087417892881E-004
                   57                  119   6.2820437089464406E-005
                   58                   57   2.6394077919805550E-002
                   58                   58 -0.94696056241203097     
                   58                   59   2.6394077919805733E-002
                   58                  118   6.2820437089464704E-005
                   58                  119  -1.2564087417892987E-004
                   58                  120   6.2820437089465165E-005
                   59                   58   2.6394077919805740E-002
                   59                   59 -0.94696056241203097     
                   59                   60   2.6394077919805456E-002
                   59                  119   6.2820437089465192E-005
                   59                  120  -1.2564087417892968E-004
                   59                  121   6.2820437089464488E-005
                   60                   59   2.6395736111485164E-002
                   60                   60 -0.94702005462579564     
                   60                   61   2.6395736111485164E-002
                   60                  120   6.2824383744710942E-005
                   60                  121  -1.2564876748942188E-004
                   61                   60   5.2794789023055629E-002
                   61                   61 -0.94707955431515267     
                   61                  121   1.2565666179176237E-004
                   62                    1  0.86068084432122582     
                   62                   62 -0.13771526875253506     
                   62                   63   1.6038869262392202E-003
                   63                    2  0.75432476932776571     
                   63                   62   1.0995575659913827E-002
                   63                   63 -0.22386102510076980     
                   63                   64   1.0818629911550718E-002
                   64                   63   8.2246846323858869E-002
                   64                   64 -0.83548804397610199     
                   64                   65   8.2265109700039099E-002
                   65                   64   8.2208747918855518E-002
                   65                   65 -0.83552770353745054     
                   65                   66   8.2263548543693971E-002
                   66                   65   8.2192430876100286E-002
                   66                   66 -0.83557607418904734     
                   66                   67   8.2231494934852239E-002
                   67                   66   8.2183868683228550E-002
                   67                   67 -0.83561295336725194     
                   67                   68   8.2203177949519368E-002
                   68                   67   8.2178769185112771E-002
                   68                   68 -0.83563454642464396     
                   68                   69   8.2186684390243334E-002
                   69                   68   8.2176015225447388E-002
                   69                   69 -0.83564511119953733     
                   69                   70   8.2178873575015327E-002
                   70                   69   8.2174707404520306E-002
                   70                   70 -0.83564964934295005     
                   70                   71   8.2175643252529587E-002
                   71                   70   8.2174152171090212E-002
                   71                   71 -0.83565141319085479     
                   71                   72   8.2174434638055044E-002
                   72                   71   8.2173937674016567E-002
                   72                   72 -0.83565204521686476     
                   72                   73   8.2174017109118772E-002
                   73                   72   8.2173861241763124E-002
                   73                   73 -0.83565225655846975     
                   73                   74   8.2173882199767054E-002
                   74                   73   8.2173835857299829E-002
                   74                   74 -0.83565232307480597     
                   74                   75   8.2173841067894188E-002
                   75                   74   8.2173827933947563E-002
                   75                   75 -0.83565234290843393     
                   75                   76   8.2173829157618533E-002
                   76                   75   8.2173825593677155E-002
                   76                   76 -0.83565234854106774     
                   76                   77   8.2173825865255179E-002
                   77                   76   8.2173824935840675E-002
                   77                   77 -0.83565235007146099     
                   77                   78   8.2173824992698388E-002
                   78                   77   8.2173824759007322E-002
                   78                   78 -0.83565235047081454     
                   78                   79   8.2173824770178122E-002
                   79                   78   8.2173824713361834E-002
                   79                   79 -0.83565235057123988     
                   79                   80   8.2173824715398358E-002
                   80                   79   8.2173824702007375E-002
                   80                   80 -0.83565235059564935     
                   80                   81   8.2173824702343190E-002
                   81                   80   8.2173824699276601E-002
                   81                   81 -0.83565235060139953     
                   81                   82   8.2173824699323841E-002
                   82                   81   8.2173824698640138E-002
                   82                   82 -0.83565235060271492     
                   82                   83   8.2173824698644884E-002
                   83                   82   8.2173824698496184E-002
                   83                   83 -0.83565235060300802     
                   83                   84   8.2173824698495768E-002
                   84                   83   8.2173824698464126E-002
                   84                   84 -0.83565235060307197     
                   84                   85   8.2173824698463863E-002
                   85                   84   8.2173824698457326E-002
                   85                   85 -0.83565235060308518     
                   85                   86   8.2173824698457437E-002
                   86                   85   8.2173824698456077E-002
                   86                   86 -0.83565235060308796     
                   86                   87   8.2173824698455841E-002
                   87                   86   8.2173824698455564E-002
                   87                   87 -0.83565235060308896     
                   87                   88   8.2173824698455536E-002
                   88                   87   8.2173824698455494E-002
                   88                   88 -0.83565235060308907     
                   88                   89   8.2173824698455508E-002
                   89                   88   8.2173824698455480E-002
                   89                   89 -0.83565235060308907     
                   89                   90   8.2173824698455494E-002
                   90                   89   8.2173824698455550E-002
                   90                   90 -0.83565235060308851     
                   90                   91   8.2173824698456008E-002
                   91                   90   8.2173824698456008E-002
                   91                   91 -0.83565235060308851     
                   91                   92   8.2173824698455536E-002
                   92                   91   8.2173824698455467E-002
                   92                   92 -0.83565235060308918     
                   92                   93   8.2173824698455467E-002
                   93                   92   8.2173824698455480E-002
                   93                   93 -0.83565235060308907     
                   93                   94   8.2173824698455480E-002
                   94                   93   8.2173824698455480E-002
                   94                   94 -0.83565235060308907     
                   94                   95   8.2173824698455480E-002
                   95                   94   8.2173824698455480E-002
                   95                   95 -0.83565235060308907     
                   95                   96   8.2173824698455480E-002
                   96                   95   8.2173824698455480E-002
                   96                   96 -0.83565235060308907     
                   96                   97   8.2173824698455480E-002
                   97                   96   8.2173824698455536E-002
                   97                   97 -0.83565235060308851     
                   97                   98   8.2173824698455994E-002
                   98                   97   8.2173824698455994E-002
                   98                   98 -0.83565235060308851     
                   98                   99   8.2173824698455536E-002
                   99                   98   8.2173824698455480E-002
                   99                   99 -0.83565235060308907     
                   99                  100   8.2173824698455480E-002
                  100                   99   8.2173824698455480E-002
                  100                  100 -0.83565235060308907     
                  100                  101   8.2173824698455480E-002
                  101                  100   8.2173824698455480E-002
                  101                  101 -0.83565235060308907     
                  101                  102   8.2173824698455480E-002
                  102                  101   8.2173824698455480E-002
                  102                  102 -0.83565235060308907     
                  102                  103   8.2173824698455480E-002
                  103                  102   8.2173824698455550E-002
                  103                  103 -0.83565235060308851     
                  103                  104   8.2173824698456008E-002
                  104                  103   8.2173824698456008E-002
                  104                  104 -0.83565235060308851     
                  104                  105   8.2173824698455550E-002
                  105                  104   8.2173824698455480E-002
                  105                  105 -0.83565235060308907     
                  105                  106   8.2173824698455480E-002
                  106                  105   8.2173824698455494E-002
                  106                  106 -0.83565235060308907     
                  106                  107   8.2173824698455494E-002
                  107                  106   8.2173824698455494E-002
                  107                  107 -0.83565235060308907     
                  107                  108   8.2173824698455494E-002
                  108                  107   8.2173824698455480E-002
                  108                  108 -0.83565235060308907     
                  108                  109   8.2173824698455480E-002
                  109                  108   8.2173824698455550E-002
                  109                  109 -0.83565235060308851     
                  109                  110   8.2173824698456008E-002
                  110                  109   8.2173824698456008E-002
                  110                  110 -0.83565235060308851     
                  110                  111   8.2173824698455550E-002
                  111                  110   8.2173824698455480E-002
                  111                  111 -0.83565235060308907     
                  111                  112   8.2173824698455480E-002
                  112                  111   8.2173824698455480E-002
                  112                  112 -0.83565235060308907     
                  112                  113   8.2173824698455480E-002
                  113                  112   8.2173824698455480E-002
                  113                  113 -0.83565235060308907     
                  113                  114   8.2173824698455480E-002
                  114                  113   8.2173824698455480E-002
                  114                  114 -0.83565235060308907     
                  114                  115   8.2173824698455480E-002
                  115                  114   8.2173824698455480E-002
                  115                  115 -0.83565235060308907     
                  115                  116   8.2173824698455480E-002
                  116                  115   8.2173824698455480E-002
                  116                  116 -0.83565235060308907     
                  116                  117   8.2173824698455480E-002
                  117                  116   8.2173824698455480E-002
                  117                  117 -0.83565235060308907     
                  117                  118   8.2173824698455480E-002
                  118                  117   8.2173824698455480E-002
                  118                  118 -0.83565235060308907     
                  118                  119   8.2173824698455480E-002
                  119                  118   8.2173824698455633E-002
                  119                  119 -0.83565235060308785     
                  119                  120   8.2173824698456535E-002
                  120                  119   8.2173824698456535E-002
                  120                  120 -0.83565235060308785     
                  120                  121   8.2173824698455619E-002
                  121                  120   8.9530923076428834E-002
                  121                  121 -0.91046907692357115     
