                  121                  121                  540
                    1                    1  -1.6216658832267769E-003
                    1                    2   5.6878067493064069E-005
                    1                   62  -3.0169130128648425E-005
                    1                   63   5.6733126747793726E-007
                    2                    1   5.6878067493064069E-005
                    2                    2  -3.3280800829851914E-003
                    2                    3   8.0383878631900559E-005
                    2                   62   5.6733126747793726E-007
                    2                   63  -4.4906086873535716E-006
                    2                   64   1.6335598228866196E-007
                    3                    2   8.0383878631900559E-005
                    3                    3  -3.3300459412672180E-003
                    3                    4   8.5450876193401894E-005
                    3                   63   1.6335598228866196E-007
                    3                   64  -3.5068559140215633E-007
                    3                   65   1.8732960911349440E-007
                    4                    3   8.5450876193401894E-005
                    4                    4  -3.3397826975385706E-003
                    4                    5   8.9347801148991410E-005
                    4                   64   1.8732960911349440E-007
                    4                   65  -3.9178200533126881E-007
                    4                   66   2.0445239621777438E-007
                    5                    4   8.9347801148991410E-005
                    5                    5  -3.3533630979117376E-003
                    5                    6   9.1770794677242411E-005
                    5                   65   2.0445239621777438E-007
                    5                   66  -4.1909442539710322E-007
                    5                   67   2.1464202917932884E-007
                    6                    5   9.1770794677242411E-005
                    6                    6  -3.3629894363435024E-003
                    6                    7   9.3035323223539723E-005
                    6                   66   2.1464202917932884E-007
                    6                   67  -4.3448548832840707E-007
                    6                   68   2.1984345914907826E-007
                    7                    6   9.3035323223539723E-005
                    7                    7  -3.3681567118468746E-003
                    7                    8   9.3612871592664047E-005
                    7                   67   2.1984345914907826E-007
                    7                   68  -4.4203463145226373E-007
                    7                   69   2.2219117230318549E-007
                    8                    7   9.3612871592664047E-005
                    8                    8  -3.3705071681355931E-003
                    8                    9   9.3850102232178904E-005
                    8                   68   2.2219117230318549E-007
                    8                   69  -4.4534078401063304E-007
                    8                   70   2.2314961170744758E-007
                    9                    8   9.3850102232178904E-005
                    9                    9  -3.3714577846797739E-003
                    9                   10   9.3939416054638112E-005
                    9                   69   2.2314961170744758E-007
                    9                   70  -4.4665899510428406E-007
                    9                   71   2.2350938339683648E-007
                   10                    9   9.3939416054638112E-005
                   10                   10  -3.3718089433805855E-003
                   10                   11   9.3970650513905312E-005
                   10                   70   2.2350938339683648E-007
                   10                   71  -4.4714441849655338E-007
                   10                   72   2.2363503509971687E-007
                   11                   10   9.3970650513905312E-005
                   11                   11  -3.3719294179590043E-003
                   11                   12   9.3980894616492843E-005
                   11                   71   2.2363503509971687E-007
                   11                   72  -4.4731125815275393E-007
                   11                   73   2.2367622305303706E-007
                   12                   11   9.3980894616492843E-005
                   12                   12  -3.3719682260651088E-003
                   12                   13   9.3984068214801809E-005
                   12                   72   2.2367622305303706E-007
                   12                   73  -4.4736520331651274E-007
                   12                   74   2.2368898026347565E-007
                   13                   12   9.3984068214801809E-005
                   13                   13  -3.3719800533187436E-003
                   13                   14   9.3985002186901351E-005
                   13                   73   2.2368898026347565E-007
                   13                   74  -4.4738171460856554E-007
                   13                   75   2.2369273434508991E-007
                   14                   13   9.3985002186901351E-005
                   14                   14  -3.3719834830233217E-003
                   14                   15   9.3985264529307424E-005
                   14                   74   2.2369273434508991E-007
                   14                   75  -4.4738652314130206E-007
                   14                   76   2.2369378879621215E-007
                   15                   14   9.3985264529307424E-005
                   15                   15  -3.3719844337029162E-003
                   15                   16   9.3985335147058911E-005
                   15                   75   2.2369378879621215E-007
                   15                   76  -4.4738786142868804E-007
                   15                   77   2.2369407263247589E-007
                   16                   15   9.3985335147058911E-005
                   16                   16  -3.3719846865751428E-003
                   16                   17   9.3985353428395791E-005
                   16                   76   2.2369407263247589E-007
                   16                   77  -4.4738821874351915E-007
                   16                   78   2.2369414611104328E-007
                   17                   16   9.3985353428395791E-005
                   17                   17  -3.3719847513376559E-003
                   17                   18   9.3985357994133295E-005
                   17                   77   2.2369414611104328E-007
                   17                   78  -4.4738831057323605E-007
                   17                   79   2.2369416446219277E-007
                   18                   17   9.3985357994133295E-005
                   18                   18  -3.3719847673552702E-003
                   18                   19   9.3985359097282809E-005
                   18                   78   2.2369416446219277E-007
                   18                   79  -4.4738833335829184E-007
                   18                   80   2.2369416889609907E-007
                   19                   18   9.3985359097282809E-005
                   19                   19  -3.3719847711912838E-003
                   19                   20   9.3985359355783400E-005
                   19                   79   2.2369416889609907E-007
                   19                   80  -4.4738833883119416E-007
                   19                   81   2.2369416993509512E-007
                   20                   19   9.3985359355783400E-005
                   20                   20  -3.3719847720829615E-003
                   20                   21   9.3985359414663222E-005
                   20                   80   2.2369416993509512E-007
                   20                   81  -4.4738834010684728E-007
                   20                   82   2.2369417017175213E-007
                   21                   20   9.3985359414663222E-005
                   21                   21  -3.3719847722845676E-003
                   21                   22   9.3985359427726096E-005
                   21                   81   2.2369417017175213E-007
                   21                   82  -4.4738834039600770E-007
                   21                   83   2.2369417022425557E-007
                   22                   21   9.3985359427726096E-005
                   22                   22  -3.3719847723289956E-003
                   22                   23   9.3985359430553939E-005
                   22                   82   2.2369417022425557E-007
                   22                   83  -4.4738834045987706E-007
                   22                   84   2.2369417023562148E-007
                   23                   22   9.3985359430553939E-005
                   23                   23  -3.3719847723385574E-003
                   23                   24   9.3985359431151877E-005
                   23                   83   2.2369417023562148E-007
                   23                   84  -4.4738834047364674E-007
                   23                   85   2.2369417023802523E-007
                   24                   23   9.3985359431151877E-005
                   24                   24  -3.3719847723405636E-003
                   24                   25   9.3985359431276248E-005
                   24                   84   2.2369417023802523E-007
                   24                   85  -4.4738834047654968E-007
                   24                   86   2.2369417023852445E-007
                   25                   24   9.3985359431276248E-005
                   25                   25  -3.3719847723409791E-003
                   25                   26   9.3985359431301253E-005
                   25                   85   2.2369417023852445E-007
                   25                   86  -4.4738834047714965E-007
                   25                   87   2.2369417023862517E-007
                   26                   25   9.3985359431301253E-005
                   26                   26  -3.3719847723410693E-003
                   26                   27   9.3985359431306321E-005
                   26                   86   2.2369417023862517E-007
                   26                   87  -4.4738834047727045E-007
                   26                   88   2.2369417023864529E-007
                   27                   26   9.3985359431306321E-005
                   27                   27  -3.3719847723410867E-003
                   27                   28   9.3985359431307568E-005
                   27                   87   2.2369417023864529E-007
                   27                   88  -4.4738834047729523E-007
                   27                   89   2.2369417023864997E-007
                   28                   27   9.3985359431307568E-005
                   28                   28  -3.3719847723410893E-003
                   28                   29   9.3985359431307758E-005
                   28                   88   2.2369417023864997E-007
                   28                   89  -4.4738834047730068E-007
                   28                   90   2.2369417023865071E-007
                   29                   28   9.3985359431307758E-005
                   29                   29  -3.3719847723410806E-003
                   29                   30   9.3985359431307961E-005
                   29                   89   2.2369417023865071E-007
                   29                   90  -4.4738834047730211E-007
                   29                   91   2.2369417023865137E-007
                   30                   29   9.3985359431307961E-005
                   30                   30  -3.3719847723410789E-003
                   30                   31   9.3985359431307379E-005
                   30                   90   2.2369417023865137E-007
                   30                   91  -4.4738834047730126E-007
                   30                   92   2.2369417023864989E-007
                   31                   30   9.3985359431307379E-005
                   31                   31  -3.3719847723410906E-003
                   31                   32   9.3985359431307772E-005
                   31                   91   2.2369417023864989E-007
                   31                   92  -4.4738834047730063E-007
                   31                   93   2.2369417023865071E-007
                   32                   31   9.3985359431307772E-005
                   32                   32  -3.3719847723410927E-003
                   32                   33   9.3985359431307772E-005
                   32                   92   2.2369417023865071E-007
                   32                   93  -4.4738834047730142E-007
                   32                   94   2.2369417023865071E-007
                   33                   32   9.3985359431307772E-005
                   33                   33  -3.3719847723410927E-003
                   33                   34   9.3985359431307772E-005
                   33                   93   2.2369417023865071E-007
                   33                   94  -4.4738834047730142E-007
                   33                   95   2.2369417023865071E-007
                   34                   33   9.3985359431307772E-005
                   34                   34  -3.3719847723410927E-003
                   34                   35   9.3985359431307772E-005
                   34                   94   2.2369417023865071E-007
                   34                   95  -4.4738834047730142E-007
                   34                   96   2.2369417023865071E-007
                   35                   34   9.3985359431307772E-005
                   35                   35  -3.3719847723410927E-003
                   35                   36   9.3985359431307772E-005
                   35                   95   2.2369417023865071E-007
                   35                   96  -4.4738834047730142E-007
                   35                   97   2.2369417023865071E-007
                   36                   35   9.3985359431307772E-005
                   36                   36  -3.3719847723410823E-003
                   36                   37   9.3985359431308259E-005
                   36                   96   2.2369417023865071E-007
                   36                   97  -4.4738834047730275E-007
                   36                   98   2.2369417023865203E-007
                   37                   36   9.3985359431308259E-005
                   37                   37  -3.3719847723410797E-003
                   37                   38   9.3985359431307514E-005
                   37                   97   2.2369417023865203E-007
                   37                   98  -4.4738834047730227E-007
                   37                   99   2.2369417023865023E-007
                   38                   37   9.3985359431307514E-005
                   38                   38  -3.3719847723410897E-003
                   38                   39   9.3985359431307772E-005
                   38                   98   2.2369417023865023E-007
                   38                   99  -4.4738834047730095E-007
                   38                  100   2.2369417023865071E-007
                   39                   38   9.3985359431307772E-005
                   39                   39  -3.3719847723410901E-003
                   39                   40   9.3985359431307772E-005
                   39                   99   2.2369417023865071E-007
                   39                  100  -4.4738834047730142E-007
                   39                  101   2.2369417023865071E-007
                   40                   39   9.3985359431307772E-005
                   40                   40  -3.3719847723410901E-003
                   40                   41   9.3985359431307772E-005
                   40                  100   2.2369417023865071E-007
                   40                  101  -4.4738834047730142E-007
                   40                  102   2.2369417023865071E-007
                   41                   40   9.3985359431307772E-005
                   41                   41  -3.3719847723410901E-003
                   41                   42   9.3985359431307772E-005
                   41                  101   2.2369417023865071E-007
                   41                  102  -4.4738834047730142E-007
                   41                  103   2.2369417023865071E-007
                   42                   41   9.3985359431307772E-005
                   42                   42  -3.3719847723410815E-003
                   42                   43   9.3985359431308138E-005
                   42                  102   2.2369417023865071E-007
                   42                  103  -4.4738834047730238E-007
                   42                  104   2.2369417023865166E-007
                   43                   42   9.3985359431308138E-005
                   43                   43  -3.3719847723410797E-003
                   43                   44   9.3985359431307379E-005
                   43                  103   2.2369417023865166E-007
                   43                  104  -4.4738834047730158E-007
                   43                  105   2.2369417023864989E-007
                   44                   43   9.3985359431307379E-005
                   44                   44  -3.3719847723410888E-003
                   44                   45   9.3985359431307595E-005
                   44                  104   2.2369417023864989E-007
                   44                  105  -4.4738834047730036E-007
                   44                  106   2.2369417023865047E-007
                   45                   44   9.3985359431307595E-005
                   45                   45  -3.3719847723410893E-003
                   45                   46   9.3985359431307595E-005
                   45                  105   2.2369417023865047E-007
                   45                  106  -4.4738834047730095E-007
                   45                  107   2.2369417023865047E-007
                   46                   45   9.3985359431307595E-005
                   46                   46  -3.3719847723410884E-003
                   46                   47   9.3985359431307216E-005
                   46                  106   2.2369417023865047E-007
                   46                  107  -4.4738834047730010E-007
                   46                  108   2.2369417023864960E-007
                   47                   46   9.3985359431307216E-005
                   47                   47  -3.3719847723410884E-003
                   47                   48   9.3985359431307379E-005
                   47                  107   2.2369417023864960E-007
                   47                  108  -4.4738834047729957E-007
                   47                  109   2.2369417023864997E-007
                   48                   47   9.3985359431307379E-005
                   48                   48  -3.3719847723410780E-003
                   48                   49   9.3985359431307717E-005
                   48                  108   2.2369417023864997E-007
                   48                  109  -4.4738834047730079E-007
                   48                  110   2.2369417023865082E-007
                   49                   48   9.3985359431307717E-005
                   49                   49  -3.3719847723410763E-003
                   49                   50   9.3985359431307189E-005
                   49                  109   2.2369417023865082E-007
                   49                  110  -4.4738834047730042E-007
                   49                  111   2.2369417023864963E-007
                   50                   49   9.3985359431307189E-005
                   50                   50  -3.3719847723410875E-003
                   50                   51   9.3985359431307379E-005
                   50                  110   2.2369417023864963E-007
                   50                  111  -4.4738834047729957E-007
                   50                  112   2.2369417023864994E-007
                   51                   50   9.3985359431307379E-005
                   51                   51  -3.3719847723410893E-003
                   51                   52   9.3985359431307744E-005
                   51                  111   2.2369417023864994E-007
                   51                  112  -4.4738834047730073E-007
                   51                  113   2.2369417023865079E-007
                   52                   51   9.3985359431307744E-005
                   52                   52  -3.3719847723410897E-003
                   52                   53   9.3985359431307744E-005
                   52                  112   2.2369417023865079E-007
                   52                  113  -4.4738834047730158E-007
                   52                  114   2.2369417023865079E-007
                   53                   52   9.3985359431307744E-005
                   53                   53  -3.3719847723410897E-003
                   53                   54   9.3985359431307744E-005
                   53                  113   2.2369417023865079E-007
                   53                  114  -4.4738834047730158E-007
                   53                  115   2.2369417023865079E-007
                   54                   53   9.3985359431307744E-005
                   54                   54  -3.3719847723410893E-003
                   54                   55   9.3985359431307379E-005
                   54                  114   2.2369417023865079E-007
                   54                  115  -4.4738834047730073E-007
                   54                  116   2.2369417023864997E-007
                   55                   54   9.3985359431307379E-005
                   55                   55  -3.3719847723410884E-003
                   55                   56   9.3985359431307379E-005
                   55                  115   2.2369417023864997E-007
                   55                  116  -4.4738834047729994E-007
                   55                  117   2.2369417023864997E-007
                   56                   55   9.3985359431307379E-005
                   56                   56  -3.3719847723410875E-003
                   56                   57   9.3985359431307514E-005
                   56                  116   2.2369417023864997E-007
                   56                  117  -4.4738834047730031E-007
                   56                  118   2.2369417023865034E-007
                   57                   56   9.3985359431307514E-005
                   57                   57  -3.3719847723410893E-003
                   57                   58   9.3985359431307772E-005
                   57                  117   2.2369417023865034E-007
                   57                  118  -4.4738834047730116E-007
                   57                  119   2.2369417023865082E-007
                   58                   57   9.3985359431307772E-005
                   58                   58  -3.3719847723410728E-003
                   58                   59   9.3985359431308395E-005
                   58                  118   2.2369417023865082E-007
                   58                  119  -4.4738834047730328E-007
                   58                  120   2.2369417023865243E-007
                   59                   58   9.3985359431308395E-005
                   59                   59  -3.3719847723410719E-003
                   59                   60   9.3985359431307595E-005
                   59                  119   2.2369417023865243E-007
                   59                  120  -4.4738834047730291E-007
                   59                  121   2.2369417023865047E-007
                   60                   59   9.3985359431307595E-005
                   60                   60  -3.3719847723410897E-003
                   60                   61   9.3985359431307772E-005
                   60                  120   2.2369417023865047E-007
                   60                  121  -4.4738834047730132E-007
                   61                   60   9.3985359431307772E-005
                   61                   61  -1.6859923861705451E-003
                   61                  121   2.2369417023865084E-007
                   62                    1   663366.87875520426     
                   62                   62  -106143.58224894606     
                   62                   63   1236.1904777544808     
                   63                    2   84258.641176316232     
                   63                   62   1228.2140289273007     
                   63                   63  -25005.444013375629     
                   63                   64   1208.4490564310518     
                   64                   63   1207.4757934985978     
                   64                   64  -12265.899957868476     
                   64                   65   1207.7439203099095     
                   65                   64   1206.7957928610347     
                   65                   65  -12265.255741920495     
                   65                   66   1207.6002469510843     
                   66                   65   1206.9245158815424     
                   66                   66  -12269.709486303298     
                   66                   67   1207.4981376821754     
                   67                   66   1207.1164309075641     
                   67                   67  -12273.480697005085     
                   67                   68   1207.4000453562617     
                   68                   67   1207.2170625626588     
                   68                   68  -12275.582763210670     
                   68                   69   1207.3333379800456     
                   69                   68   1207.2557510273846     
                   69                   69  -12276.542778885603     
                   69                   70   1207.2977433160690     
                   70                   69   1207.2678601799651     
                   70                   70  -12276.927973179569     
                   70                   71   1207.2816091698835     
                   71                   70   1207.2709718747781     
                   71                   71  -12277.068483176665     
                   71                   72   1207.2751217705563     
                   72                   71   1207.2715817648411     
                   72                   72  -12277.116017442475     
                   72                   73   1207.2727487983816     
                   73                   72   1207.2716384006392     
                   73                   73  -12277.131117647954     
                   73                   74   1207.2719463088154     
                   74                   73   1207.2716159787894     
                   74                   74  -12277.135659419624     
                   74                   75   1207.2716925311693     
                   75                   74   1207.2715988611101     
                   75                   75  -12277.136960517799     
                   75                   76   1207.2716168388922     
                   76                   75   1207.2715914120613     
                   76                   76  -12277.137317165721     
                   76                   77   1207.2715954019989     
                   77                   76   1207.2715887701584     
                   77                   77  -12277.137411067115     
                   77                   78   1207.2715896054938     
                   78                   77   1207.2715879380733     
                   78                   78  -12277.137434892240     
                   78                   79   1207.2715881021909     
                   79                   78   1207.2715876968834     
                   79                   79  -12277.137440734557     
                   79                   80   1207.2715877268033     
                   80                   79   1207.2715876313093     
                   80                   80  -12277.137442122737     
                   80                   81   1207.2715876362433     
                   81                   80   1207.2715876143845     
                   81                   81  -12277.137442443094     
                   81                   82   1207.2715876150787     
                   82                   81   1207.2715876102075     
                   82                   82  -12277.137442515028     
                   82                   83   1207.2715876102770     
                   83                   82   1207.2715876092182     
                   83                   83  -12277.137442530786     
                   83                   84   1207.2715876092120     
                   84                   83   1207.2715876089871     
                   84                   84  -12277.137442534167     
                   84                   85   1207.2715876089833     
                   85                   84   1207.2715876089367     
                   85                   85  -12277.137442534862     
                   85                   86   1207.2715876089383     
                   86                   85   1207.2715876089285     
                   86                   86  -12277.137442535008     
                   86                   87   1207.2715876089253     
                   87                   86   1207.2715876089233     
                   87                   87  -12277.137442535048     
                   87                   88   1207.2715876089235     
                   88                   87   1207.2715876089233     
                   88                   88  -12277.137442535055     
                   88                   89   1207.2715876089228     
                   89                   88   1207.2715876089228     
                   89                   89  -12277.137442535055     
                   89                   90   1207.2715876089228     
                   90                   89   1207.2715876089228     
                   90                   90  -12277.137442535035     
                   90                   91   1207.2715876089296     
                   91                   90   1207.2715876089296     
                   91                   91  -12277.137442535035     
                   91                   92   1207.2715876089228     
                   92                   91   1207.2715876089228     
                   92                   92  -12277.137442535057     
                   92                   93   1207.2715876089228     
                   93                   92   1207.2715876089228     
                   93                   93  -12277.137442535059     
                   93                   94   1207.2715876089228     
                   94                   93   1207.2715876089228     
                   94                   94  -12277.137442535059     
                   94                   95   1207.2715876089228     
                   95                   94   1207.2715876089228     
                   95                   95  -12277.137442535059     
                   95                   96   1207.2715876089228     
                   96                   95   1207.2715876089228     
                   96                   96  -12277.137442535059     
                   96                   97   1207.2715876089228     
                   97                   96   1207.2715876089228     
                   97                   97  -12277.137442535037     
                   97                   98   1207.2715876089298     
                   98                   97   1207.2715876089298     
                   98                   98  -12277.137442535035     
                   98                   99   1207.2715876089228     
                   99                   98   1207.2715876089228     
                   99                   99  -12277.137442535055     
                   99                  100   1207.2715876089228     
                  100                   99   1207.2715876089228     
                  100                  100  -12277.137442535055     
                  100                  101   1207.2715876089228     
                  101                  100   1207.2715876089228     
                  101                  101  -12277.137442535055     
                  101                  102   1207.2715876089228     
                  102                  101   1207.2715876089228     
                  102                  102  -12277.137442535055     
                  102                  103   1207.2715876089228     
                  103                  102   1207.2715876089228     
                  103                  103  -12277.137442535035     
                  103                  104   1207.2715876089298     
                  104                  103   1207.2715876089298     
                  104                  104  -12277.137442535035     
                  104                  105   1207.2715876089228     
                  105                  104   1207.2715876089228     
                  105                  105  -12277.137442535055     
                  105                  106   1207.2715876089228     
                  106                  105   1207.2715876089228     
                  106                  106  -12277.137442535055     
                  106                  107   1207.2715876089228     
                  107                  106   1207.2715876089228     
                  107                  107  -12277.137442535055     
                  107                  108   1207.2715876089228     
                  108                  107   1207.2715876089228     
                  108                  108  -12277.137442535055     
                  108                  109   1207.2715876089228     
                  109                  108   1207.2715876089228     
                  109                  109  -12277.137442535033     
                  109                  110   1207.2715876089294     
                  110                  109   1207.2715876089294     
                  110                  110  -12277.137442535031     
                  110                  111   1207.2715876089228     
                  111                  110   1207.2715876089228     
                  111                  111  -12277.137442535055     
                  111                  112   1207.2715876089228     
                  112                  111   1207.2715876089228     
                  112                  112  -12277.137442535055     
                  112                  113   1207.2715876089228     
                  113                  112   1207.2715876089228     
                  113                  113  -12277.137442535055     
                  113                  114   1207.2715876089228     
                  114                  113   1207.2715876089228     
                  114                  114  -12277.137442535055     
                  114                  115   1207.2715876089228     
                  115                  114   1207.2715876089228     
                  115                  115  -12277.137442535055     
                  115                  116   1207.2715876089228     
                  116                  115   1207.2715876089228     
                  116                  116  -12277.137442535055     
                  116                  117   1207.2715876089228     
                  117                  116   1207.2715876089228     
                  117                  117  -12277.137442535055     
                  117                  118   1207.2715876089228     
                  118                  117   1207.2715876089228     
                  118                  118  -12277.137442535055     
                  118                  119   1207.2715876089228     
                  119                  118   1207.2715876089228     
                  119                  119  -12277.137442535013     
                  119                  120   1207.2715876089362     
                  120                  119   1207.2715876089362     
                  120                  120  -12277.137442535015     
                  120                  121   1207.2715876089228     
                  121                  120   1207.2715876089228     
                  121                  121  -12277.137442535055     
