                  121                  121                  550
                    1                    1 -0.99999889647108142     
                    1                    2   3.0851071906821851E-027
                    1                   62  -1.1035289185611555E-006
                    1                   63   4.0809293589397841E-025
                    2                    1   1.4950420526824372E-027
                    2                    2 -0.99999872219506836     
                    2                    3   2.8429792536466955E-027
                    2                   62   1.9776171875221802E-025
                    2                   63  -1.2778049316091976E-006
                    2                   64   3.7373089043852565E-025
                    3                    2   2.9958866565117757E-027
                    3                    3 -0.99999819680981228     
                    3                    4   6.3030522111969069E-027
                    3                   63   3.9383171240340885E-025
                    3                   64  -1.8031901877271395E-006
                    3                   65   8.2318034707516448E-025
                    4                    3   6.1171618979649279E-027
                    4                    4 -0.99999753462330732     
                    4                    5   1.4584638831427233E-026
                    4                   64   7.9890302119606404E-025
                    4                   65  -2.4653766927483382E-006
                    4                   66   1.8919281572246866E-024
                    5                    4   1.4401450378790179E-026
                    5                    5 -0.99999634685249261     
                    5                    6   4.0664478098556367E-026
                    5                   65   1.8681648405167237E-024
                    5                   66  -3.6531475073948489E-006
                    5                   67   5.2386333196623942E-024
                    6                    5   3.9602211572117034E-026
                    6                    6 -0.99999412097128115     
                    6                    7   1.4859193436107964E-025
                    6                   66   5.1017860003317496E-024
                    6                   67  -5.8790287187885294E-006
                    6                   68   1.9005010242159813E-023
                    7                    6   1.5293629909374987E-025
                    7                    7 -0.99998808714439824     
                    7                    8   1.0042567642379724E-024
                    7                   67   1.9560657468875646E-023
                    7                   68  -1.1912855601758538E-005
                    7                   69   1.2743863857071498E-022
                    8                    7   9.9643728333823748E-025
                    8                    8 -0.99996523372303847     
                    8                    9   3.0152745709933464E-023
                    8                   68   1.2644635847295722E-022
                    8                   69  -3.4766276961483206E-005
                    8                   70   3.7084506182011102E-021
                    9                    8   3.0468838369132331E-023
                    9                    9 -0.99962692897543370     
                    9                   10   7.8083964927580906E-019
                    9                   69   3.7473264814041319E-021
                    9                   70  -3.7307102456625598E-004
                    9                   71   2.6411721604418459E-017
                   10                    9   8.1168231101118167E-019
                   10                   10 -0.98725555183397740     
                   10                   11   1.2742446525389095E-004
                   10                   70   2.7454967546206147E-017
                   10                   71  -1.2529827723937178E-002
                   10                   72   8.7195976831510409E-005
                   11                   10   1.2010639999575232E-004
                   11                   11 -0.88314727491306999     
                   11                   12   8.0152663759665024E-002
                   11                   71   8.2188258357442461E-005
                   11                   72  -2.9363969020224083E-002
                   11                   73   7.1337976486878047E-003
                   12                   11   7.3278037633048479E-002
                   12                   12 -0.84189381339669822     
                   12                   13   7.0842339710261520E-002
                   12                   72   6.5219378626585325E-003
                   12                   73  -7.3316757685857169E-003
                   12                   74   1.3219562874765823E-004
                   13                   12   7.0111866694240521E-002
                   13                   13 -0.85167484995383125     
                   13                   14   7.7663841968877989E-002
                   13                   73   1.3083252668142159E-004
                   13                   74  -2.7472069152510074E-004
                   13                   75   1.4388816484367915E-004
                   14                   13   7.4823497475265829E-002
                   14                   14 -0.84631144668023961     
                   14                   15   7.8295835278681142E-002
                   14                   74   1.3862584525777100E-004
                   14                   75  -2.8461028290676120E-004
                   14                   76   1.4598443764899020E-004
                   15                   14   7.6898622012906689E-002
                   15                   15 -0.84327216555522388     
                   15                   16   7.9244084092577632E-002
                   15                   75   1.4337930045166941E-004
                   15                   76  -2.9256416964588326E-004
                   15                   77   1.4918486919421380E-004
                   16                   15   7.8224920574870058E-002
                   16                   16 -0.84089392009109132     
                   16                   17   8.0281278216593574E-002
                   16                   76   1.4726619251547154E-004
                   16                   77  -2.9994055872256236E-004
                   16                   78   1.5267436620709080E-004
                   17                   16   7.9369209095835738E-002
                   17                   17 -0.83872868451765281     
                   17                   18   8.1287921870404498E-002
                   17                   77   1.5093984505792479E-004
                   17                   78  -3.0709225805345672E-004
                   17                   79   1.5615241299553193E-004
                   18                   17   8.0445008152103772E-002
                   18                   18 -0.83670363905857403     
                   18                   19   8.2223213800336051E-002
                   18                   78   1.5453319321439966E-004
                   18                   79  -3.1406949449308558E-004
                   18                   80   1.5953630127868594E-004
                   19                   18   8.1455874959845756E-002
                   19                   19 -0.83482161321283077     
                   19                   20   8.3080789494728927E-002
                   19                   79   1.5804744679609947E-004
                   19                   80  -3.2086116629732284E-004
                   19                   81   1.6281371950122337E-004
                   20                   19   8.2392736376460537E-002
                   20                   20 -0.83308506498393309     
                   20                   21   8.3867286688992057E-002
                   20                   80   1.6146533935123937E-004
                   20                   81  -3.2745597530723400E-004
                   20                   82   1.6599063595599463E-004
                   21                   20   8.3253881555596876E-002
                   21                   21 -0.83148578288760500     
                   21                   22   8.4592633349608440E-002
                   21                   81   1.6477658084331978E-004
                   21                   82  -3.3385110359488460E-004
                   21                   83   1.6907452275156479E-004
                   22                   21   8.4044448720633949E-002
                   22                   22 -0.83000929822310698     
                   22                   23   8.5266154936288488E-002
                   22                   82   1.6797887114629372E-004
                   22                   83  -3.4004905998525584E-004
                   22                   84   1.7207018883896212E-004
                   23                   22   8.4772607214528284E-002
                   23                   23 -0.82863980613820409     
                   23                   24   8.5895478717412099E-002
                   23                   83   1.7107419166109271E-004
                   23                   84  -3.4605396492773345E-004
                   23                   85   1.7497977326664079E-004
                   24                   23   8.5446826875929485E-002
                   24                   24 -0.82736288088830923     
                   24                   25   8.6486553270966618E-002
                   24                   84   1.7406581366515158E-004
                   24                   85  -3.5186948239739063E-004
                   24                   86   1.7780366873223902E-004
                   25                   24   8.6074615214373165E-002
                   25                   25 -0.82616641340244890     
                   25                   26   8.7043975142591795E-002
                   25                   85   1.7695678450593315E-004
                   25                   86  -3.5749812029308749E-004
                   25                   87   1.8054133578715434E-004
                   26                   25   8.6662176263585758E-002
                   26                   26 -0.82504062307900872     
                   26                   27   8.7571318142614235E-002
                   26                   86   1.7974943170068691E-004
                   26                   87  -3.6294125739567122E-004
                   26                   88   1.8319182569498431E-004
                   27                   26   8.7214486429739099E-002
                   27                   27 -0.82397772524052892     
                   27                   28   8.8071389440993561E-002
                   27                   87   1.8244536379017422E-004
                   27                   88  -3.6819944436923286E-004
                   27                   89   1.8575408057905864E-004
                   28                   27   8.7735499934294373E-002
                   28                   28 -0.82297153896536790     
                   28                   29   8.8546415601326908E-002
                   28                   88   1.8504564567313654E-004
                   28                   89  -3.7327274950539830E-004
                   28                   90   1.8822710383226176E-004
                   29                   28   8.8228359573810103E-002
                   29                   29 -0.82201714008355320     
                   29                   30   8.8998178222071581E-002
                   29                   89   1.8755099780911756E-004
                   29                   90  -3.7816106028256552E-004
                   29                   91   1.9061006247344790E-004
                   30                   29   8.8695573963194829E-002
                   30                   30 -0.82111058138408533     
                   30                   31   8.9428116013996334E-002
                   30                   90   1.8996196587370287E-004
                   30                   91  -3.8286431936176540E-004
                   30                   92   1.9290235348806256E-004
                   31                   30   8.9139157426613616E-002
                   31                   31 -0.82024867292269432     
                   31                   32   8.9837404251787475E-002
                   31                   91   1.9227905072768698E-004
                   31                   92  -3.8738269945229228E-004
                   31                   93   1.9510364872460533E-004
                   32                   31   8.9560739151187896E-002
                   32                   32 -0.81942880934640294     
                   32                   33   9.0227018045922772E-002
                   32                   92   1.9450280355269396E-004
                   32                   93  -3.9171672824323082E-004
                   32                   94   1.9721392469053688E-004
                   33                   32   8.9961649156665255E-002
                   33                   33 -0.81864883290220458     
                   33                   34   9.0597783192498407E-002
                   33                   93   1.9663389399380470E-004
                   33                   94  -3.9586737431585619E-004
                   33                   95   1.9923348032205150E-004
                   34                   33   9.0342986916184864E-002
                   34                   34 -0.81790692394673103     
                   34                   35   9.0950416931423625E-002
                   34                   94   1.9867315812525796E-004
                   34                   95  -3.9983610283026501E-004
                   34                   96   2.0116294470500710E-004
                   35                   34   9.0705676613090369E-002
                   35                   35 -0.81720151333671465     
                   35                   36   9.1285560234857732E-002
                   35                   95   2.0062163126428827E-004
                   35                   96  -4.0362490766863762E-004
                   35                   97   2.0300327640434933E-004
                   36                   35   9.1050511690534255E-002
                   36                   36 -0.81653121276216101     
                   36                   37   9.1603802897139555E-002
                   36                   96   2.0248056914934674E-004
                   36                   97  -4.0723632508255013E-004
                   36                   98   2.0475575593320339E-004
                   37                   36   9.1378190538543277E-002
                   37                   37 -0.81589476009435147     
                   37                   38   9.1905702501658845E-002
                   37                   97   2.0425145995889624E-004
                   37                   98  -4.1067343272317274E-004
                   37                   99   2.0642197276427650E-004
                   38                   37   9.1689344701559858E-002
                   38                   38 -0.81529097742518619     
                   38                   39   9.2191798199037084E-002
                   38                   98   2.0593602899034616E-004
                   38                   99  -4.1393983710846257E-004
                   38                  100   2.0800380811811640E-004
                   39                   38   9.1984560724228698E-002
                   39                   39 -0.81471873986870602     
                   39                   40   9.2462620103096041E-002
                   39                   99   2.0753623741457221E-004
                   39                  100  -4.1703965198457474E-004
                   39                  101   2.0950341457000256E-004
                   40                   39   9.2264396581806310E-002
                   40                   40 -0.81417695349441954     
                   40                   41   9.2718694984598990E-002
                   40                  100   2.0905427626403646E-004
                   40                  101  -4.1997746958755719E-004
                   40                  102   2.1092319332352073E-004
                   41                   40   9.2529393508130428E-002
                   41                   41 -0.81366454102100882     
                   41                   42   9.2960548817952862E-002
                   41                  101   2.1049255663343103E-004
                   41                  102  -4.2275832645396832E-004
                   41                  103   2.1226576982053726E-004
                   42                   41   9.2780083913321182E-002
                   42                   42 -0.81318043413927821     
                   42                   43   9.3188706617132508E-002
                   42                  102   2.1185369693161479E-004
                   42                  103  -4.2538766513412887E-004
                   42                  104   2.1353396820251416E-004
                   43                   42   9.3016995967339144E-002
                   43                   43 -0.81272357155896480     
                   43                   44   9.3403689887874328E-002
                   43                  103   2.1314050790282728E-004
                   43                  104  -4.2787129291090676E-004
                   43                  105   2.1473078500807948E-004
                   44                   43   9.3240655313803600E-002
                   44                   44 -0.81229290208297600     
                   44                   45   9.3606011926402555E-002
                   44                  104   2.1435597602445486E-004
                   44                  105  -4.3021533840899669E-004
                   44                  106   2.1585936238454180E-004
                   45                   44   9.3451584273348418E-002
                   45                   45 -0.81188739220091222     
                   45                   46   9.3796171112163665E-002
                   45                  105   2.1550324578437069E-004
                   45                  106  -4.3242620678784165E-004
                   45                  107   2.1692296100347104E-004
                   46                   45   9.3650298799699092E-002
                   46                   46 -0.81150603785786013     
                   46                   47   9.3974642274356729E-002
                   46                  106   2.1658560124162746E-004
                   46                  107  -4.3451053404196797E-004
                   46                  108   2.1792493280034053E-004
                   47                   46   9.3837303366703748E-002
                   47                   47 -0.81114788019160133     
                   47                   48   9.4141866160127013E-002
                   47                  107   2.1760644718021155E-004
                   47                  108  -4.3647514078393781E-004
                   47                  109   2.1886869360372623E-004
                   48                   47   9.4013083892106192E-002
                   48                   48 -0.81081202513933059     
                   48                   49   9.4298236997048798E-002
                   48                  108   2.1856929007678638E-004
                   48                  109  -4.3832698575717348E-004
                   48                  110   2.1975769568038711E-004
                   49                   48   9.4178098745183347E-002
                   49                   49 -0.81049766689147873     
                   49                   50   9.4444088124898545E-002
                   49                  109   2.1947771902086749E-004
                   49                  110  -4.4007311921973356E-004
                   49                  111   2.2059540019886610E-004
                   50                   49   9.4332767841578360E-002
                   50                   50 -0.81020411521322877     
                   50                   51   9.4579675672678498E-002
                   50                  110   2.2033538665077834E-004
                   50                  111  -4.4172063625718793E-004
                   50                  112   2.2138524960640957E-004
                   51                   50   9.4477459800841046E-002
                   51                   51 -0.80993082666184479     
                   51                   52   9.4705160277265096E-002
                   51                  111   2.2114599010229804E-004
                   51                  112  -4.4327663002452917E-004
                   51                  113   2.2213063992223113E-004
                   52                   51   9.4612477131494455E-002
                   52                   52 -0.80967743969826922     
                   52                   53   9.4820586880466740E-002
                   52                  112   2.2191325191064058E-004
                   52                  113  -4.4474814488474989E-004
                   52                  114   2.2283489297410930E-004
                   53                   52   9.4738039415987171E-002
                   53                   53 -0.80944381362377182     
                   53                   54   9.4925862701430511E-002
                   53                  113   2.2264090076189302E-004
                   53                  114  -4.4614212940521697E-004
                   53                  115   2.2350122864332392E-004
                   54                   53   9.4854264494344240E-002
                   54                   54 -0.80923007116711687     
                   54                   55   9.5020733560157472E-002
                   54                  114   2.2333265195835058E-004
                   54                  115  -4.4746538919065391E-004
                   54                  116   2.2413273723230338E-004
                   55                   54   9.4961147691002071E-002
                   55                   55 -0.80903664440685896     
                   55                   56   9.5104758822998847E-002
                   55                  115   2.2399218744433832E-004
                   55                  116  -4.4872453957006729E-004
                   55                  117   2.2473235212572891E-004
                   56                   55   9.5058539193589905E-002
                   56                   56 -0.80886432354136184     
                   56                   57   9.5177285348631221E-002
                   56                  116   2.2462313523521790E-004
                   56                  117  -4.4992595820851801E-004
                   56                  118   2.2530282297330014E-004
                   57                   56   9.5146119773619392E-002
                   57                   57 -0.80871430782283760     
                   57                   58   9.5237420927992270E-002
                   57                  117   2.2522904810144879E-004
                   57                  118  -4.5107573777538278E-004
                   57                  119   2.2584668967393396E-004
                   58                   57   9.5223375134256660E-002
                   58                   58 -0.80858825776052357     
                   58                   59   9.5284007827502085E-002
                   58                  118   2.2581338137990289E-004
                   58                  119  -4.5217963885876269E-004
                   58                  120   2.2636625747885983E-004
                   59                   58   9.5289569275232605E-002
                   59                   59 -0.80848834748373066     
                   59                   60   9.5315597154317089E-002
                   59                  119   2.2637946981257274E-004
                   59                  120  -4.5324304335982071E-004
                   59                  121   2.2686357354724794E-004
                   60                   59   9.5365397782176078E-002
                   60                   60 -0.80860114366268909     
                   60                   61   9.5352102243351444E-002
                   60                  120   2.2698210554765807E-004
                   60                  121  -4.5437420623585577E-004
                   61                   60  0.19080306417339199     
                   61                   61 -0.80874191586837563     
                   61                  121   4.5501995823230863E-004
                   62                    1   2.9299502012866099E-002
                   62                   62 -0.57644089730111581     
                   62                   63  0.39425960068601801     
                   63                    2   3.3978611240069186E-002
                   63                   62  0.19648519720595661     
                   63                   63 -0.57421975564324701     
                   63                   64  0.19531643591072714     
                   64                    3   4.3390159740409794E-002
                   64                   63  0.19515863028889402     
                   64                   64 -0.56886910166870763     
                   64                   65  0.19258210830198871     
                   65                    4   5.6471561424908015E-002
                   65                   64  0.18934070029487104     
                   65                   65 -0.56126306873046772     
                   65                   66  0.19292466954975337     
                   66                    5   7.5203172211878624E-002
                   66                   65  0.18651022472597814     
                   66                   66 -0.54923914887277714     
                   66                   67  0.18904745418936608     
                   67                    6  0.10525289172268222     
                   67                   66  0.18180073162181193     
                   67                   67 -0.53150352567106374     
                   67                   68  0.18144285098444227     
                   68                    7  0.15783405870057685     
                   68                   67  0.17146664387406602     
                   68                   68 -0.50100784312115332     
                   68                   69  0.16969145430420374     
                   69                    8  0.25489611053887617     
                   69                   68  0.14951436330278739     
                   69                   69 -0.44557222928705992     
                   69                   70  0.15001729687127646     
                   70                    9  0.43327001325155851     
                   70                   69  0.10449253376868507     
                   70                   70 -0.35969562174769115     
                   70                   71  0.10254183123206531     
                   71                   10  0.54759208205926435     
                   71                   70   2.0351230815587609E-002
                   71                   71 -0.41510223317600725     
                   71                   72   1.6954453949140920E-002
                   72                   11  0.69649266795813725     
                   72                   71   6.7412523935559080E-003
                   72                   72 -0.29066812650974699     
                   72                   73   6.0979531385598864E-003
                   73                   12  0.28360899813261409     
                   73                   72  0.10308172081327031     
                   73                   73 -0.51271037755650495     
                   73                   74  0.10059890349761062     
                   74                   73  0.17943280555887287     
                   74                   74 -0.63979271165749318     
                   74                   75  0.18077448278363401     
                   75                   74  0.17985965115590294     
                   75                   75 -0.63976417865977975     
                   75                   76  0.18037617018431726     
                   76                   75  0.17997205034554911     
                   76                   76 -0.63974924790082044     
                   76                   77  0.18027870175363050     
                   77                   76  0.18000381603202534     
                   77                   77 -0.63973854953424281     
                   77                   78  0.18025763443373174     
                   78                   77  0.18002160636473130     
                   78                   78 -0.63973012498995097     
                   78                   79  0.18024826864531787     
                   79                   78  0.18003897401997032     
                   79                   79 -0.63972348911262222     
                   79                   80  0.18023753686740734     
                   80                   79  0.18005629996098257     
                   80                   80 -0.63971831782857347     
                   80                   81  0.18022538221044404     
                   81                   80  0.18007207811279616     
                   81                   81 -0.63971428908365358     
                   81                   82  0.18021363280355018     
                   82                   81  0.18008543454631074     
                   82                   82 -0.63971111634121802     
                   82                   83  0.18020344911247135     
                   83                   82  0.18009624227362647     
                   83                   83 -0.63970857195002140     
                   83                   84  0.18019518577635218     
                   84                   83  0.18010477863509120     
                   84                   84 -0.63970648592268520     
                   84                   85  0.18018873544222364     
                   85                   84  0.18011144976309362     
                   85                   85 -0.63970473441146480     
                   85                   86  0.18018381582544163     
                   86                   85  0.18011665044041361     
                   86                   86 -0.63970322757239761     
                   86                   87  0.18018012198718875     
                   87                   86  0.18012071469927507     
                   87                   87 -0.63970190011033834     
                   87                   88  0.18017738519038659     
                   88                   87  0.18012390967877695     
                   88                   88 -0.63970070463315765     
                   88                   89  0.18017538568806543     
                   89                   88  0.18012644465161207     
                   89                   89 -0.63969960705027773     
                   89                   90  0.18017394829811015     
                   90                   89  0.18012848267741505     
                   90                   90 -0.63969858328431606     
                   90                   91  0.18017293403826884     
                   91                   90  0.18013015067566029     
                   91                   91 -0.63969761681000703     
                   91                   92  0.18017223251433270     
                   92                   91  0.18013154720500127     
                   92                   92 -0.63969669674257190     
                   92                   93  0.18017175605242680     
                   93                   92  0.18013274833818840     
                   93                   93 -0.63969581632538253     
                   93                   94  0.18017143533642910     
                   94                   93  0.18013381217839572     
                   94                   94 -0.63969497173295153     
                   94                   95  0.18017121608865283     
                   95                   94  0.18013478244077272     
                   95                   95 -0.63969416113571209     
                   95                   96  0.18017105642351511     
                   96                   95  0.18013569137248597     
                   96                   96 -0.63969338398602693     
                   96                   97  0.18017092464148718     
                   97                   96  0.18013656217492471     
                   97                   97 -0.63969264049075991     
                   97                   98  0.18017079733431532     
                   98                   97  0.18013741102695380     
                   98                   98 -0.63969193123960055     
                   98                   99  0.18017065773344573     
                   99                   98  0.18013824877479612     
                   99                   99 -0.63969125696203344     
                   99                  100  0.18017049426317028     
                  100                   99  0.18013908233880699     
                  100                  100 -0.63969061838990537     
                  100                  101  0.18017029927128764     
                  101                  100  0.18013991588047376     
                  101                  101 -0.63969001620672450     
                  101                  102  0.18017006791280168     
                  102                  101  0.18014075176928751     
                  102                  102 -0.63968945106892772     
                  102                  103  0.18016979716178486     
                  103                  102  0.18014159138590161     
                  103                  103 -0.63968892368812291     
                  103                  104  0.18016948492597559     
                  104                  103  0.18014243579451500     
                  104                  104 -0.63968843496661354     
                  104                  105  0.18016912923887132     
                  105                  104  0.18014328631341600     
                  105                  105 -0.63968798618128064     
                  105                  106  0.18016872750530333     
                  106                  105  0.18014414500834985     
                  106                  106 -0.63968757921313446     
                  106                  107  0.18016827577851574     
                  107                  106  0.18014501512883851     
                  107                  107 -0.63968721682152785     
                  107                  108  0.18016776804963353     
                  108                  107  0.18014590150312712     
                  108                  108 -0.63968690296312902     
                  108                  109  0.18016719553374397     
                  109                  108  0.18014681090287704     
                  109                  109 -0.63968664315633483     
                  109                  110  0.18016654594078807     
                  110                  109  0.18014775238427880     
                  110                  110 -0.63968644489179793     
                  110                  111  0.18016580272392330     
                  111                  110  0.18014873760780825     
                  111                  111 -0.63968631808914611     
                  111                  112  0.18016494430304553     
                  112                  111  0.18014978113453514     
                  112                  112 -0.63968627559883762     
                  112                  113  0.18016394326662716     
                  113                  112  0.18015090069261855     
                  113                  113 -0.63968633374636030     
                  113                  114  0.18016276556102115     
                  114                  113  0.18015211740373868     
                  114                  114 -0.63968651291373957     
                  114                  115  0.18016136968252161     
                  115                  114  0.18015345595563867     
                  115                  115 -0.63968683815064498     
                  115                  116  0.18015970589371644     
                  116                  115  0.18015494470409657     
                  116                  116 -0.63968733980434267     
                  116                  117  0.18015771549156084     
                  117                  116  0.18015661568565727     
                  117                  117 -0.63968805415454655     
                  117                  118  0.18015533015979615     
                  118                  117  0.18015850452161836     
                  118                  118 -0.63968902403600814     
                  118                  119  0.18015247144237348     
                  119                  118  0.18016065019428726     
                  119                  119 -0.63969029942871947     
                  119                  120  0.18014905037699333     
                  120                  119  0.18016309467855959     
                  120                  120 -0.63969193799309942     
                  120                  121  0.18014496732834095     
                  121                  120  0.21975203942204458     
                  121                  121 -0.78024796057795542     
