                  121                  121                  550
                    1                    1  -1.8248252532382736E-003
                    1                    2   5.6297876845042281E-030
                    1                   62  -2.0137496602143015E-009
                    1                   63   7.4469911176350939E-028
                    2                    1   5.6297876845042281E-030
                    2                    2  -3.7656335614828550E-003
                    2                    3   1.0705631716531608E-029
                    2                   62   7.4469911176350939E-028
                    2                   63  -4.8117512830237339E-009
                    2                   64   1.4073353750145367E-027
                    3                    2   1.0705631716531608E-029
                    3                    3  -3.5734370806127227E-003
                    3                    4   2.2523601257333327E-029
                    3                   63   1.4073353750145367E-027
                    3                   64  -6.4435982972988713E-009
                    3                   65   2.9415885001929312E-027
                    4                    3   2.2523601257333327E-029
                    4                    4  -3.6820254152998468E-003
                    4                    5   5.3701142410598412E-029
                    4                   64   2.9415885001929312E-027
                    4                   65  -9.0776020166657000E-009
                    4                   66   6.9661446249312998E-027
                    5                    4   5.3701142410598412E-029
                    5                    5  -3.7288568618158826E-003
                    5                    6   1.5163257172665254E-028
                    5                   65   6.9661446249312998E-027
                    5                   66  -1.3622113905094537E-008
                    5                   67   1.9534185110658957E-026
                    6                    5   1.5163257172665254E-028
                    6                    6  -3.8288690113992829E-003
                    6                    7   5.6894239744493591E-028
                    6                   66   1.9534185110658957E-026
                    6                   67  -2.2510163195006410E-008
                    6                   68   7.2768122558415511E-026
                    7                    6   5.6894239744493591E-028
                    7                    7  -3.7200823038554195E-003
                    7                    8   3.7359623060152505E-027
                    7                   67   7.2768122558415511E-026
                    7                   68  -4.4317331192425248E-008
                    7                   69   4.7408786974894594E-025
                    8                    7   3.7359623060152505E-027
                    8                    8  -3.7491897374853198E-003
                    8                    9   1.1305229397184155E-025
                    8                   68   4.7408786974894594E-025
                    8                   69  -1.3034990021289163E-007
                    8                   70   1.3904168250813933E-023
                    9                    8   1.1305229397184155E-025
                    9                    9  -3.7090392878603149E-003
                    9                   10   2.8972454809834366E-021
                    9                   69   1.3904168250813933E-023
                    9                   70  -1.3842514930852928E-006
                    9                   71   9.7998662912055202E-020
                   10                    9   2.8972454809834366E-021
                   10                   10  -3.5239427724662715E-003
                   10                   11   4.5483310148775929E-007
                   10                   70   9.7998662912055202E-020
                   10                   71  -4.4724383253628365E-005
                   10                   72   3.1124020579313886E-007
                   11                   10   4.5483310148775929E-007
                   11                   11  -3.3444065545175840E-003
                   11                   12   3.0353158570207170E-004
                   11                   71   3.1124020579313886E-007
                   11                   72  -1.1119895036245047E-004
                   11                   73   2.7015108084564514E-005
                   12                   11   3.0353158570207170E-004
                   12                   12  -3.4872845137966521E-003
                   12                   13   2.9344246374268237E-004
                   12                   72   2.7015108084564514E-005
                   12                   73  -3.0369196712759641E-005
                   12                   74   5.4757947181065269E-007
                   13                   12   2.9344246374268237E-004
                   13                   13  -3.5645544397108582E-003
                   13                   14   3.2505009723847846E-004
                   13                   73   5.4757947181065269E-007
                   13                   74  -1.1498013136376875E-006
                   13                   75   6.0222184182703488E-007
                   14                   13   3.2505009723847846E-004
                   14                   14  -3.6765672155463086E-003
                   14                   15   3.4013471318020334E-004
                   14                   74   6.0222184182703488E-007
                   14                   75  -1.2364110632506533E-006
                   14                   76   6.3418922142361841E-007
                   15                   14   3.4013471318020334E-004
                   15                   15  -3.7299255631187880E-003
                   15                   16   3.5050906114579881E-004
                   15                   75   6.3418922142361841E-007
                   15                   76  -1.2940573873397133E-006
                   15                   77   6.5986816591609478E-007
                   16                   15   3.5050906114579881E-004
                   16                   16  -3.7678649744063031E-003
                   16                   17   3.5972315782495411E-004
                   16                   76   6.5986816591609478E-007
                   16                   77  -1.3439691960048537E-006
                   16                   78   6.8410103008875886E-007
                   17                   16   3.5972315782495411E-004
                   17                   17  -3.8013498474734212E-003
                   17                   18   3.6841929354766354E-004
                   17                   77   6.8410103008875886E-007
                   17                   78  -1.3918268564283392E-006
                   17                   79   7.0772582633958038E-007
                   18                   17   3.6841929354766354E-004
                   18                   18  -3.8319066732714971E-003
                   18                   19   3.7656305884980438E-004
                   18                   78   7.0772582633958038E-007
                   18                   79  -1.4383647156170987E-006
                   18                   80   7.3063888927751825E-007
                   19                   18   3.7656305884980438E-004
                   19                   19  -3.8593039531351963E-003
                   19                   20   3.8407489008548864E-004
                   19                   79   7.3063888927751825E-007
                   19                   80  -1.4833118212496323E-006
                   19                   81   7.5267293197211395E-007
                   20                   19   3.8407489008548864E-004
                   20                   20  -3.8834376526443249E-003
                   20                   21   3.9094852692449152E-004
                   20                   80   7.5267293197211395E-007
                   20                   81  -1.5264405971793593E-006
                   20                   82   7.7376766520724548E-007
                   21                   20   3.9094852692449152E-004
                   21                   21  -3.9045403757092230E-003
                   21                   22   3.9723511718586769E-004
                   21                   81   7.7376766520724548E-007
                   21                   82  -1.5677178615511204E-006
                   21                   83   7.9395019634387484E-007
                   22                   21   3.9723511718586769E-004
                   22                   22  -3.9230293714583031E-003
                   22                   23   4.0300949751238428E-004
                   22                   82   7.9395019634387484E-007
                   22                   83  -1.6072379585490585E-006
                   22                   84   8.1328776220518376E-007
                   23                   22   4.0300949751238428E-004
                   23                   23  -3.9393587487779975E-003
                   23                   24   4.0834763555846999E-004
                   23                   83   8.1328776220518376E-007
                   23                   84  -1.6451426834451087E-006
                   23                   85   8.3185492123992503E-007
                   24                   23   4.0834763555846999E-004
                   24                   24  -3.9539405793098913E-003
                   24                   25   4.1331645453484650E-004
                   24                   84   8.3185492123992503E-007
                   24                   85  -1.6815729315410303E-006
                   24                   86   8.4971801030110517E-007
                   25                   24   4.1331645453484650E-004
                   25                   25  -3.9671182031106311E-003
                   25                   26   4.1797116495778365E-004
                   25                   85   8.4971801030110517E-007
                   25                   86  -1.7166484591690313E-006
                   25                   87   8.6693044886792611E-007
                   26                   25   4.1797116495778365E-004
                   26                   26  -3.9791660587538968E-003
                   26                   27   4.2235595087720994E-004
                   26                   86   8.6693044886792611E-007
                   26                   87  -1.7504635436654863E-006
                   26                   88   8.8353309479756016E-007
                   27                   26   4.2235595087720994E-004
                   27                   27  -3.9902992024868503E-003
                   27                   28   4.2650569825189590E-004
                   27                   87   8.8353309479756016E-007
                   27                   88  -1.7830894018246077E-006
                   27                   89   8.9955630702704760E-007
                   28                   27   4.2650569825189590E-004
                   28                   28  -4.0006844564760740E-003
                   28                   29   4.3044777589477593E-004
                   28                   88   8.9955630702704760E-007
                   28                   89  -1.8145785318941103E-006
                   28                   90   9.1502222486706270E-007
                   29                   28   4.3044777589477593E-004
                   29                   29  -4.0104502838547631E-003
                   29                   30   4.3420356061733909E-004
                   29                   89   9.1502222486706270E-007
                   29                   90  -1.8449689885952285E-006
                   29                   91   9.2994676372816595E-007
                   30                   29   4.3420356061733909E-004
                   30                   30  -4.0196948073864319E-003
                   30                   31   4.3778967379695660E-004
                   30                   90   9.2994676372816595E-007
                   30                   91  -1.8742880086546274E-006
                   30                   92   9.4434124492646146E-007
                   31                   30   4.3778967379695660E-004
                   31                   31  -4.0284921836656138E-003
                   31                   32   4.4121897758054728E-004
                   31                   91   9.4434124492646146E-007
                   31                   92  -1.9025549547876857E-006
                   31                   93   9.5821370986122420E-007
                   32                   31   4.4121897758054728E-004
                   32                   32  -4.0368976952046623E-003
                   32                   33   4.4450138564810208E-004
                   32                   92   9.5821370986122420E-007
                   32                   93  -1.9297836973493128E-006
                   32                   94   9.7156998748808856E-007
                   33                   32   4.4450138564810208E-004
                   33                   33  -4.0449518655540570E-003
                   33                   34   4.4764453012182374E-004
                   33                   93   9.7156998748808856E-007
                   33                   94  -1.9559845563714882E-006
                   33                   95   9.8441456888339942E-007
                   34                   33   4.4764453012182374E-004
                   34                   34  -4.0526838125629818E-003
                   34                   35   4.5065431243080680E-004
                   34                   94   9.8441456888339942E-007
                   34                   95  -1.9811658932988896E-006
                   34                   96   9.9675132441549016E-007
                   35                   34   4.5065431243080680E-004
                   35                   35  -4.0601139847212999E-003
                   35                   36   4.5353535653545440E-004
                   35                   95   9.9675132441549016E-007
                   35                   96  -2.0053354104965066E-006
                   35                   97   1.0085840860810164E-006
                   36                   35   4.5353535653545440E-004
                   36                   36  -4.0672563813951195E-003
                   36                   37   4.5629137756161267E-004
                   36                   96   1.0085840860810164E-006
                   36                   97  -2.0285011963270092E-006
                   36                   98   1.0199171102459928E-006
                   37                   36   4.5629137756161267E-004
                   37                   37  -4.0741203325961057E-003
                   37                   38   4.5892547612404541E-004
                   37                   97   1.0199171102459928E-006
                   37                   98  -2.0506725427673892E-006
                   37                   99   1.0307554325213963E-006
                   38                   37   4.5892547612404541E-004
                   38                   38  -4.0807118996485032E-003
                   38                   39   4.6144036715434726E-004
                   38                   98   1.0307554325213963E-006
                   38                   99  -2.0718605575161679E-006
                   38                  100   1.0411051249947714E-006
                   39                   38   4.6144036715434726E-004
                   39                   39  -4.0870349490469493E-003
                   39                   40   4.6383855108405090E-004
                   39                   99   1.0411051249947714E-006
                   39                  100  -2.0920785903036688E-006
                   39                  101   1.0509734653088974E-006
                   40                   39   4.6383855108405090E-004
                   40                   40  -4.0930919447365339E-003
                   40                   41   4.6612243436645407E-004
                   40                  100   1.0509734653088974E-006
                   40                  101  -2.1113424917778300E-006
                   40                  102   1.0603690264689328E-006
                   41                   40   4.6612243436645407E-004
                   41                   41  -4.0988844975529074E-003
                   41                   42   4.6829440540168397E-004
                   41                  101   1.0603690264689328E-006
                   41                  102  -2.1296707219643979E-006
                   41                  103   1.0693016954954651E-006
                   42                   41   4.6829440540168397E-004
                   42                   42  -4.1044137041884839E-003
                   42                   43   4.7035687094435001E-004
                   42                  102   1.0693016954954651E-006
                   42                  103  -2.1470843235632851E-006
                   42                  104   1.0777826280678200E-006
                   43                   42   4.7035687094435001E-004
                   43                   43  -4.1096803018177679E-003
                   43                   44   4.7231225706047096E-004
                   43                  103   1.0777826280678200E-006
                   43                  104  -2.1636067732303174E-006
                   43                  105   1.0858241451624976E-006
                   44                   43   4.7231225706047096E-004
                   44                   44  -4.1146846585949333E-003
                   44                   45   4.7416297771177117E-004
                   44                  104   1.0858241451624976E-006
                   44                  105  -2.1792637216256652E-006
                   44                  106   1.0934395764631675E-006
                   45                   44   4.7416297771177117E-004
                   45                   45  -4.1194266148192535E-003
                   45                   46   4.7591137312790545E-004
                   45                  105   1.0934395764631675E-006
                   45                  106  -2.1940826305455720E-006
                   45                  107   1.1006430540824042E-006
                   46                   45   4.7591137312790545E-004
                   46                   46  -4.1239051848041891E-003
                   46                   47   4.7755961932005565E-004
                   46                  106   1.1006430540824042E-006
                   46                  107  -2.2080923130499356E-006
                   46                  108   1.1074492589675314E-006
                   47                   46   4.7755961932005565E-004
                   47                   47  -4.1281181255048358E-003
                   47                   48   4.7910960942493328E-004
                   47                  107   1.1074492589675314E-006
                   47                  108  -2.2213223802997790E-006
                   47                  109   1.1138731213322479E-006
                   48                   47   4.7910960942493328E-004
                   48                   48  -4.1320613748547941E-003
                   48                   49   4.8056280707657861E-004
                   48                  108   1.1138731213322479E-006
                   48                  109  -2.2338025969612572E-006
                   48                  110   1.1199294756290092E-006
                   49                   48   4.8056280707657861E-004
                   49                   49  -4.1357283606271028E-003
                   49                   50   4.8192007171317581E-004
                   49                  109   1.1199294756290092E-006
                   49                  110  -2.2455621456468786E-006
                   49                  111   1.1256326700178696E-006
                   50                   49   4.8192007171317581E-004
                   50                   50  -4.1391091795546587E-003
                   50                   51   4.8318145566695318E-004
                   50                  110   1.1256326700178696E-006
                   50                  111  -2.2566288000766662E-006
                   50                  112   1.1309961300587966E-006
                   51                   50   4.8318145566695318E-004
                   51                   51  -4.1421896465142693E-003
                   51                   52   4.8434597308609880E-004
                   51                  111   1.1309961300587966E-006
                   51                  112  -2.2670280065731061E-006
                   51                  113   1.1360318765143095E-006
                   52                   51   4.8434597308609880E-004
                   52                   52  -4.1449502148800544E-003
                   52                   53   4.8541134122707653E-004
                   52                  112   1.1360318765143095E-006
                   52                  113  -2.2767818742665003E-006
                   52                  114   1.1407499977521906E-006
                   53                   52   4.8541134122707653E-004
                   53                   53  -4.1473647717557892E-003
                   53                   54   4.8637369545630665E-004
                   53                  113   1.1407499977521906E-006
                   53                  114  -2.2859080760747152E-006
                   53                  115   1.1451580783225246E-006
                   54                   53   4.8637369545630665E-004
                   54                   54  -4.1493993157407216E-003
                   54                   55   4.8722728042848096E-004
                   54                  114   1.1451580783225246E-006
                   54                  115  -2.2944186651980150E-006
                   54                  116   1.1492605868754904E-006
                   55                   54   4.8722728042848096E-004
                   55                   55  -4.1510105301590348E-003
                   55                   56   4.8796412136799694E-004
                   55                  115   1.1492605868754904E-006
                   55                  116  -2.3023188155608384E-006
                   55                  117   1.1530582286853482E-006
                   56                   55   4.8796412136799694E-004
                   56                   56  -4.1521442712154962E-003
                   56                   57   4.8857368115822863E-004
                   56                  116   1.1530582286853482E-006
                   56                  117  -2.3096054993098171E-006
                   56                  118   1.1565472706244691E-006
                   57                   56   4.8857368115822863E-004
                   57                   57  -4.1527339981749060E-003
                   57                   58   4.8904251100848691E-004
                   57                  117   1.1565472706244691E-006
                   57                  118  -2.3162661200524018E-006
                   57                  119   1.1597188494279329E-006
                   58                   57   4.8904251100848691E-004
                   58                   58  -4.1526991811585545E-003
                   58                   59   4.8935390476566169E-004
                   58                  118   1.1597188494279329E-006
                   58                  119  -2.3222771268359080E-006
                   58                  120   1.1625582774079754E-006
                   59                   58   4.8935390476566169E-004
                   59                   59  -4.1519437311753234E-003
                   59                   60   4.8948756938771627E-004
                   59                  119   1.1625582774079754E-006
                   59                  120  -2.3276026406979338E-006
                   59                  121   1.1650443632899582E-006
                   60                   59   4.8948756938771627E-004
                   60                   60  -4.1503545061450948E-003
                   60                   61   4.8941932659594457E-004
                   60                  120   1.1650443632899582E-006
                   60                  121  -2.3321931326797223E-006
                   61                   60   4.8941932659594457E-004
                   61                   61  -2.0744631411920970E-003
                   61                  121   1.1671487693897643E-006
                   62                    1   643.26576928697921     
                   62                   62  -12655.665517214389     
                   62                   63   8655.9049793286995     
                   63                    2   1496.8844185644548     
                   63                   62   8655.9049793286995     
                   63                   63  -25296.519599390071     
                   63                   64   8604.4166898983076     
                   64                    3   1913.0438351859959     
                   64                   63   8604.4166898983076     
                   64                   64  -25081.067568049795     
                   64                   65   8490.8195164484059     
                   65                    4   2532.4182014555809     
                   65                   64   8490.8195164484059     
                   65                   65  -25169.355613401916     
                   65                   66   8651.5395097973906     
                   66                    5   3488.4050796169363     
                   66                   65   8651.5395097973906     
                   66                   66  -25477.231630312723     
                   66                   67   8769.2324725795224     
                   67                    6   5076.9161766206880     
                   67                   66   8769.2324725795224     
                   67                   67  -25637.289437562249     
                   67                   68   8751.9699538344830     
                   68                    7   8056.1379570655272     
                   68                   67   8751.9699538344830     
                   68                   68  -25572.353260092335     
                   68                   69   8661.3610426805008     
                   69                    8   14766.121394134498     
                   69                   68   8661.3610426805008     
                   69                   69  -25811.981289074662     
                   69                   70   8690.4959621039925     
                   70                    9   36034.452967089244     
                   70                   69   8690.4959621039925     
                   70                   70  -29915.375084581465     
                   70                   71   8528.2587916994598     
                   71                   10   229470.49313495401     
                   71                   70   8528.2587916994598     
                   71                   71  -173950.13043158688     
                   71                   72   7104.8268447684350     
                   72                   11   733964.91239233769     
                   72                   71   7103.9407496034346     
                   72                   72  -306306.45895084791     
                   72                   73   6426.0311385265695     
                   73                   12   17580.536441540582     
                   73                   72   6389.8951351477908     
                   73                   73  -31782.216337786373     
                   73                   74   6235.9886821767532     
                   74                   73   6229.9803714604041     
                   74                   74  -22213.864530887597     
                   74                   75   6276.5639522354904     
                   75                   74   6273.9847984806274     
                   75                   75  -22316.682511052863     
                   75                   76   6292.0023607512885     
                   76                   75   6290.4480343003770     
                   76                   76  -22360.746522098172     
                   76                   77   6301.1662247648155     
                   77                   76   6299.8347781519042     
                   77                   77  -22389.787350534134     
                   77                   78   6308.7180007938132     
                   78                   77   6307.4390448274507     
                   78                   78  -22414.302649390869     
                   78                   79   6315.3806388063040     
                   79                   78   6314.1494668361884     
                   79                   79  -22435.751756939251     
                   79                   80   6321.1132672858766     
                   80                   79   6319.9481494854990     
                   80                   80  -22454.013549192852     
                   80                   81   6325.8829101341998     
                   81                   80   6324.7923522024812     
                   81                   81  -22469.113954742013     
                   81                   82   6329.7642725075184     
                   82                   81   6328.7458616130480     
                   82                   82  -22481.379964832908     
                   82                   83   6332.8932497487249     
                   83                   82   6331.9388295068766     
                   83                   83  -22491.282967145773     
                   83                   84   6335.4175484257485     
                   84                   83   6334.5174728746570     
                   84                   84  -22499.302590948151     
                   84                   85   6337.4703421142322     
                   85                   84   6336.6157043268167     
                   85                   85  -22505.859963564504     
                   85                   86   6339.1616608837721     
                   86                   85   6338.3450881081708     
                   86                   86  -22511.299207571759     
                   86                   87   6340.5786659887908     
                   87                   86   6339.7943928873783     
                   87                   87  -22515.891779630154     
                   87                   88   6341.7890510929237     
                   88                   87   6341.0327213875853     
                   88                   88  -22519.848182327405     
                   88                   89   6342.8448687017044     
                   89                   88   6342.1132795543244     
                   89                   89  -22523.330100952007     
                   89                   90   6343.7858463325838     
                   90                   89   6343.0767139570971     
                   90                   90  -22526.460708874787     
                   90                   91   6344.6420321550149     
                   91                   90   6343.9537963554503     
                   91                   91  -22529.332871033374     
                   91                   92   6345.4358649552150     
                   92                   91   6344.7675292718523     
                   92                   92  -22532.015591114829     
                   92                   93   6346.1838041747751     
                   93                   92   6345.5348041096977     
                   93                   93  -22534.559118118570     
                   93                   94   6346.8976306699424     
                   94                   93   6346.2677236921454     
                   94                   94  -22536.999039894265     
                   94                   95   6347.5854953283524     
                   95                   94   6346.9746684672446     
                   95                   95  -22539.359591086879     
                   95                   96   6348.2527672690312     
                   96                   95   6347.6611597032634     
                   96                   96  -22541.656329787573     
                   96                   97   6348.9027173949744     
                   97                   96   6348.3305563641652     
                   97                   97  -22543.898291815371     
                   97                   98   6349.5370638374079     
                   98                   97   6348.9846126382963     
                   98                   98  -22546.089705160713     
                   98                   99   6350.1564004792590     
                   99                   98   6349.6239174765442     
                   99                   99  -22548.231331396575     
                   99                  100   6350.7605263067562     
                  100                   99   6350.2482339506669     
                  100                  100  -22550.321490286638     
                  100                  101   6351.3486907076640     
                  101                  100   6350.8567535932734     
                  101                  101  -22552.356815400482     
                  101                  102   6351.9197675133819     
                  102                  101   6351.4482785791033     
                  102                  102  -22554.332780960765     
                  102                  103   6352.4723683887069     
                  103                  102   6352.0213424418134     
                  103                  103  -22556.244032984589     
                  103                  104   6353.0049040974272     
                  104                  103   6352.5742779680231     
                  104                  104  -22558.084551037606     
                  104                  105   6353.5156002459316     
                  105                  104   6353.1052389979004     
                  105                  105  -22559.847660721010     
                  105                  106   6354.0024723768129     
                  106                  105   6353.6121811350104     
                  106                  106  -22561.525911491342     
                  106                  107   6354.4632637791883     
                  107                  106   6354.0928048577643     
                  107                  107  -22563.110829673315     
                  107                  108   6354.8953481321978     
                  108                  107   6354.5444632619301     
                  108                  108  -22564.592552636910     
                  108                  109   6355.2955981100104     
                  109                  108   6354.9640356562550     
                  109                  109  -22565.959347123040     
                  109                  110   6355.6602203710381     
                  110                  109   6355.3477675020231     
                  110                  110  -22567.197012662684     
                  110                  111   6355.9845569387162     
                  111                  110   6355.6910767404597     
                  111                  111  -22568.288169985637     
                  111                  112   6356.2628528720661     
                  112                  111   6355.9883264051168     
                  112                  112  -22569.211434297704     
                  112                  113   6356.4879903274768     
                  113                  112   6356.2325635765528     
                  113                  113  -22569.940474353192     
                  113                  114   6356.6511896428874     
                  114                  113   6356.4152252183758     
                  114                  114  -22570.442960374345     
                  114                  115   6356.7416789207919     
                  115                  114   6356.5258122276273     
                  115                  115  -22570.679407050153     
                  115                  116   6356.7463347399789     
                  116                  115   6356.5515341328864     
                  116                  116  -22570.601922014393     
                  116                  117   6356.6492980512485     
                  117                  116   6356.4769282468324     
                  117                  117  -22570.152875225238     
                  117                  118   6356.4315709589755     
                  118                  117   6356.2834586785857     
                  118                  118  -22569.263510346344     
                  118                  119   6356.0706018838964     
                  119                  118   6355.9491023643859     
                  119                  119  -22567.852525290786     
                  119                  120   6355.5398684487845     
                  120                  119   6355.4479310923825     
                  120                  120  -22565.824655200824     
                  120                  121   6354.8084692167486     
                  121                  120   6354.7497002712598     
                  121                  121  -22563.069296924259     
