                  121                  121                  568
                    1                    1 -0.99999927780402398     
                    1                    2   1.0366571622194656E-027
                    1                   62  -7.2219597603158476E-007
                    1                   63   1.3876341565518581E-025
                    2                    1   5.0233788329869693E-028
                    2                    2 -0.99999925959870217     
                    2                    3   6.1600723095946313E-028
                    2                   62   6.7241247193318634E-026
                    2                   63  -7.4040129784082259E-007
                    2                   64   8.2266066433927668E-026
                    3                    2   6.4909126110877737E-028
                    3                    3 -0.99999914894595754     
                    3                    4   8.0426725424980927E-028
                    3                   63   8.6684347397815671E-026
                    3                   64  -8.5105404242570895E-007
                    3                   65   1.0715286315472521E-025
                    4                    3   7.8049504756693608E-028
                    4                    4 -0.99999909503647910     
                    4                    5   9.7507186180482668E-028
                    4                   64   1.0398568210126837E-025
                    4                   65  -9.0496352087273355E-007
                    4                   66   1.2959716947293178E-025
                    5                    4   9.6276591157485652E-028
                    5                    5 -0.99999901795856416     
                    5                    6   1.2102498187482562E-027
                    5                   65   1.2796158097945710E-025
                    5                   66  -9.8204143583516468E-007
                    5                   67   1.6046833090552666E-025
                    6                    5   1.1785639040914557E-027
                    6                    6 -0.99999894538286715     
                    6                    7   1.4954674491076973E-027
                    6                   66   1.5626706125076178E-025
                    6                   67  -1.0546171328774219E-006
                    6                   68   1.9780415436768897E-025
                    7                    6   1.5390771893249119E-027
                    7                    7 -0.99999879706330097     
                    7                    8   1.9789255377546348E-027
                    7                   67   2.0357237606386009E-025
                    7                   68  -1.2029366989708841E-006
                    7                   69   2.6110083499543691E-025
                    8                    7   1.9631731505430877E-027
                    8                    8 -0.99999866921690206     
                    8                    9   2.5589420593700387E-027
                    8                   68   2.5902245388627543E-025
                    8                   69  -1.3307830979739153E-006
                    8                   70   3.3677483615796793E-025
                    9                    8   2.5759501272483778E-027
                    9                    9 -0.99999849697618859     
                    9                   10   3.4078621049413080E-027
                    9                   69   3.3901321793457656E-025
                    9                   70  -1.5030238114631863E-006
                    9                   71   4.4734558346851410E-025
                   10                    9   3.4063944412195774E-027
                   10                   10 -0.99999830233474629     
                   10                   11   4.5818742759759868E-027
                   10                   70   4.4715292517903072E-025
                   10                   71  -1.6976652537151320E-006
                   10                   72   5.9988481493624493E-025
                   11                   10   4.5450001309474863E-027
                   11                   11 -0.99999808291471781     
                   11                   12   6.2179704371500969E-027
                   11                   71   5.9505704395563622E-025
                   11                   72  -1.9170852821745718E-006
                   11                   73   8.1194171559562212E-025
                   12                   11   6.1561292816820723E-027
                   12                   12 -0.99999782184883113     
                   12                   13   8.5901532194847787E-027
                   12                   72   8.0386650610843495E-025
                   12                   73  -2.1781511688568959E-006
                   12                   74   1.1187034374508927E-024
                   13                   12   8.6034112027783504E-027
                   13                   13 -0.99999747233418390     
                   13                   14   1.2289749692191498E-026
                   13                   73   1.1204300366284888E-024
                   13                   74  -2.5276658160711699E-006
                   13                   75   1.5961685880829568E-024
                   14                   13   1.2174660821891983E-026
                   14                   14 -0.99999706628541518     
                   14                   15   1.7861108838864470E-026
                   14                   74   1.5812210713140225E-024
                   14                   75  -2.9337145849134458E-006
                   14                   76   2.3134024056825615E-024
                   15                   14   1.7821173734975305E-026
                   15                   15 -0.99999652643155879     
                   15                   16   2.6981391622103626E-026
                   15                   75   2.3082299403982471E-024
                   15                   76  -3.4735684412652440E-006
                   15                   77   3.4849690310854948E-024
                   16                   15   2.6857616465698514E-026
                   16                   16 -0.99999583327406516     
                   16                   17   4.2253201455089051E-026
                   16                   76   3.4689819910939700E-024
                   16                   77  -4.1667259348382252E-006
                   16                   78   5.4421240870360304E-024
                   17                   16   4.2295595868800694E-026
                   17                   17 -0.99999487875092952     
                   17                   18   6.9718780712607397E-026
                   17                   77   5.4475843989667400E-024
                   17                   78  -5.1212490704786411E-006
                   17                   79   8.9539539083349707E-024
                   18                   17   6.9257719644519141E-026
                   18                   18 -0.99999360940218152     
                   18                   19   1.2086034685792925E-025
                   18                   78   8.8947400277938360E-024
                   18                   79  -6.3905978185106886E-006
                   18                   80   1.5477065269783851E-023
                   19                   18   1.2017044917722701E-025
                   19                   19 -0.99999179122702253     
                   19                   20   2.2509135129905077E-025
                   19                   79   1.5388718746616476E-023
                   19                   80  -8.2087729774360142E-006
                   19                   81   2.8740137527864755E-023
                   20                   19   2.2210911947576905E-025
                   20                   20 -0.99998915716467718     
                   20                   21   4.5630591104642744E-025
                   20                   80   2.8359359891378758E-023
                   20                   81  -1.0842835322802277E-005
                   20                   82   5.8088709668529520E-023
                   21                   20   4.5401375737649850E-025
                   21                   21 -0.99998485327773412     
                   21                   22   1.0598673224011937E-024
                   21                   81   5.7796913647866946E-023
                   21                   82  -1.5146722265971587E-005
                   21                   83   1.3450420869604901E-022
                   22                   21   1.0478301542331537E-024
                   22                   22 -0.99997751142887947     
                   22                   23   2.9452868267331551E-024
                   22                   82   1.3297661203827547E-022
                   22                   83  -2.2488571120564255E-005
                   22                   84   3.7237893997857586E-022
                   23                   22   2.9160694918386020E-024
                   23                   23 -0.99996301823283484     
                   23                   24   1.1042943794453887E-023
                   23                   83   3.6868492956903607E-022
                   23                   84  -3.6981767165113964E-005
                   23                   85   1.3856613001552967E-021
                   24                   23   1.0903356146826085E-023
                   24                   24 -0.99992852297807322     
                   24                   25   7.0755469302659729E-023
                   24                   84   1.3681459342440166E-021
                   24                   85  -7.1477021926715821E-005
                   24                   86   8.6051170728285188E-021
                   25                   24   6.9665572434946614E-023
                   25                   25 -0.99981957603099592     
                   25                   26   1.3510045045250560E-021
                   25                   85   8.4725663281805994E-021
                   25                   86  -1.8042396900402413E-004
                   25                   87   1.3902074670216867E-019
                   26                   25   1.3224701402688076E-021
                   26                   26 -0.99939759866298550     
                   26                   27   3.3111808704252510E-020
                   26                   86   1.3608451028527390E-019
                   26                   87  -6.0240133701447906E-004
                   26                   88   2.3231134079721651E-018
                   27                   26   3.2367444120096293E-020
                   27                   27 -0.99781133828330826     
                   27                   28   6.3860932176405299E-016
                   27                   87   2.2708890380708359E-018
                   27                   88  -2.1886617166823621E-003
                   27                   89   8.6911146475061015E-015
                   28                   27   6.6086862386406414E-016
                   28                   28 -0.98538945429032720     
                   28                   29   2.2422686587025699E-009
                   28                   88   8.9940512629477216E-015
                   28                   89  -1.4610538642181507E-002
                   28                   90   4.8252129176033963E-009
                   29                   28   2.6906098599232156E-009
                   29                   29 -0.93762277553837514     
                   29                   30   2.5607627831505730E-002
                   29                   89   5.7900133429348752E-009
                   29                   90  -3.6355987927186251E-002
                   29                   91   4.1360022230973223E-004
                   30                   29   2.4030866456379685E-002
                   30                   30 -0.88690178248938034     
                   30                   31   7.9430290439007456E-002
                   30                   90   3.8813324584582187E-004
                   30                   91  -9.1034304047159006E-003
                   30                   92   1.4549696467078732E-004
                   31                   30   7.3413859537455745E-002
                   31                   31 -0.85567371756462995     
                   31                   32   7.0379211479271092E-002
                   31                   91   1.3447632721007603E-004
                   31                   92  -2.6660570932158123E-004
                   31                   93   1.3212938211150521E-004
                   32                   31   7.1920675170677115E-002
                   32                   32 -0.85727572796476992     
                   32                   33   7.0264444165287085E-002
                   32                   92   1.3502331401002877E-004
                   32                   93  -2.6957634963292444E-004
                   32                   94   1.3455303562289565E-004
                   33                   32   7.1067833350481363E-002
                   33                   33 -0.85778137068641447     
                   33                   34   7.0603969681456755E-002
                   33                   93   1.3609148732401791E-004
                   33                   94  -2.7341314082367322E-004
                   33                   95   1.3732165349965528E-004
                   34                   33   7.0816018130620800E-002
                   34                   34 -0.85739546987567428     
                   34                   35   7.1232511380243085E-002
                   34                   94   1.3773407852041007E-004
                   34                   95  -2.7800030673090433E-004
                   34                   96   1.4026622821049431E-004
                   35                   34   7.1032508514135673E-002
                   35                   35 -0.85638738184013441     
                   35                   36   7.2013824354719841E-002
                   35                   95   1.3987239613695666E-004
                   35                   96  -2.8314264550501441E-004
                   35                   97   1.4327024936805775E-004
                   36                   35   7.1563809609050691E-002
                   36                   36 -0.85500546037675684     
                   36                   37   7.2853440253938348E-002
                   36                   96   1.4237495286896135E-004
                   36                   97  -2.8864488012715297E-004
                   36                   98   1.4626992725819162E-004
                   37                   36   7.2277431989581808E-002
                   37                   37 -0.85344009406792209     
                   37                   38   7.3693770485893387E-002
                   37                   97   1.4511345905800951E-004
                   37                   98  -2.9435172830134609E-004
                   37                   99   1.4923826924333658E-004
                   38                   37   7.3076082841181736E-002
                   38                   38 -0.85181973722150517     
                   38                   39   7.4503866628751678E-002
                   38                   98   1.4798738148956905E-004
                   38                   99  -3.0015665428068057E-004
                   38                  100   1.5216927279111154E-004
                   39                   38   7.3896175854849824E-002
                   39                   39 -0.85022201880233850     
                   39                   40   7.5269815319114683E-002
                   39                   99   1.5092810414670687E-004
                   39                  100  -3.0599501184849960E-004
                   39                  101   1.5506690770179275E-004
                   40                   39   7.4700358054122645E-002
                   40                   40 -0.84868842863577754     
                   40                   41   7.5987548419042220E-002
                   40                  100   1.5389374184804033E-004
                   40                  101  -3.1183244552878862E-004
                   40                  102   1.5793870368074826E-004
                   41                   40   7.5469340450704844E-002
                   41                   41 -0.84723730175107625     
                   41                   42   7.6658049614696938E-002
                   41                  101   1.5686161807318402E-004
                   41                  102  -3.1765409176099258E-004
                   41                  103   1.6079247368780856E-004
                   42                   41   7.6195133893151343E-002
                   42                   42 -0.84587353361960915     
                   42                   43   7.7284419725019690E-002
                   42                  102   1.5982149458841307E-004
                   42                  103  -3.2345638110986607E-004
                   42                  104   1.6363488652145299E-004
                   43                   42   7.6876151620576927E-002
                   43                   43 -0.84459513060234892     
                   43                   44   7.7870234781400149E-002
                   43                  103   1.6277045737546832E-004
                   43                  104  -3.2924149783699762E-004
                   43                  105   1.6647104046152929E-004
                   44                   43   7.7513975613298175E-002
                   44                   44 -0.84339725737130244     
                   44                   45   7.8418739094411882E-002
                   44                  104   1.6570942937156168E-004
                   44                  105  -3.3501396049370638E-004
                   44                  106   1.6930453112214470E-004
                   45                   44   7.8111394806407192E-002
                   45                   45 -0.84227450879309851     
                   45                   46   7.8932538991764653E-002
                   45                  105   1.6864098078743378E-004
                   45                  106  -3.4077870436485677E-004
                   45                  107   1.7213772357742299E-004
                   46                   45   7.8671328975761637E-002
                   46                   46 -0.84122202205218244     
                   46                   47   7.9413568688452271E-002
                   46                  106   1.7156807133888202E-004
                   46                  107  -3.4654014180181871E-004
                   46                  108   1.7497207046293672E-004
                   47                   46   7.9196322881718961E-002
                   47                   47 -0.84023589149624978     
                   47                   48   7.9863182002055277E-002
                   47                  107   1.7449341235411096E-004
                   47                  108  -3.5230180998804269E-004
                   47                  109   1.7780839763393175E-004
                   48                   47   7.9688377590539192E-002
                   48                   48 -0.83931320600936310     
                   48                   49   8.0282283724665171E-002
                   48                  108   1.7741921088314315E-004
                   48                  109  -3.5806633771627664E-004
                   48                  110   1.8064712683313347E-004
                   49                   48   8.0148959621006585E-002
                   49                   49 -0.83845191361027394     
                   49                   50   8.0671455649655041E-002
                   49                  109   1.8034712769078064E-004
                   49                  110  -3.6383555953226093E-004
                   49                  111   1.8348843184148029E-004
                   50                   49   8.0579087218160594E-002
                   50                   50 -0.83765063307109344     
                   50                   51   8.1031058358180322E-002
                   50                  110   1.8327833846322047E-004
                   50                  111  -3.6961067628284611E-004
                   50                  112   1.8633233781962567E-004
                   51                   50   8.0979435926639670E-002
                   51                   51 -0.83690847445232786     
                   51                   52   8.1361304802594223E-002
                   51                  111   1.8621363113421644E-004
                   51                  112  -3.7539240921908933E-004
                   51                  113   1.8917877808487287E-004
                   52                   51   8.1350434563217694E-002
                   52                   52 -0.83622489414335588     
                   52                   53   8.1662309043152706E-002
                   52                  112   1.8915350294200573E-004
                   52                  113  -3.8118112513684779E-004
                   52                  114   1.9202762219484211E-004
                   53                   52   8.1692340552511747E-002
                   53                   53 -0.83559958947777202     
                   53                   54   8.1934116114914052E-002
                   53                  113   1.9209824081193374E-004
                   53                  114  -3.8697692740110380E-004
                   53                  115   1.9487868658917004E-004
                   54                   53   8.2005293446060265E-002
                   54                   54 -0.83503242805126499     
                   54                   55   8.2176719070028145E-002
                   54                  114   1.9504798047389617E-004
                   54                  115  -3.9277971632326709E-004
                   54                  116   1.9773173584937092E-004
                   55                   54   8.2289350010338422E-002
                   55                   55 -0.83452340336185371     
                   55                   56   8.2390068176607989E-002
                   55                  115   1.9800274583358455E-004
                   55                  116  -3.9858922559999358E-004
                   55                  117   2.0058647976640897E-004
                   56                   55   8.2544505680908098E-002
                   56                   56 -0.83407260834403429     
                   56                   57   8.2574075891446400E-002
                   56                  116   2.0096247260167479E-004
                   56                  117  -4.0440504180556567E-004
                   56                  118   2.0344256920389091E-004
                   57                   56   8.2770706950317310E-002
                   57                   57 -0.83368021985125595     
                   57                   58   8.2728619972721240E-002
                   57                  117   2.0392702061760784E-004
                   57                  118  -4.1022661285266713E-004
                   57                  119   2.0629959223505932E-004
                   58                   57   8.2967858350114665E-002
                   58                   58 -0.83334648904385111     
                   58                   59   8.2853546106366388E-002
                   58                  118   2.0689617875758944E-004
                   58                  119  -4.1605324983388345E-004
                   58                  120   2.0915707107629398E-004
                   59                   58   8.3135826644590585E-002
                   59                   59 -0.83307173442302296     
                   59                   60   8.2948670682000653E-002
                   59                  119   2.0986966544758401E-004
                   59                  120  -4.2188412519294637E-004
                   59                  121   2.1201445974536239E-004
                   60                   59   8.3292341048268534E-002
                   60                   60 -0.83303533099034355     
                   60                   61   8.3031624896917955E-002
                   60                  120   2.1289287149609567E-004
                   60                  121  -4.2781019297386972E-004
                   61                   60  0.16654057104119424     
                   61                   61 -0.83302835882751547     
                   61                  121   4.3107013129019218E-004
                   62                    1   2.0448368126888682E-002
                   62                   62 -0.58164726049304538     
                   62                   63  0.39790437138006590     
                   63                    2   2.1495460375741331E-002
                   63                   62  0.19905752844027605     
                   63                   63 -0.58156872593810505     
                   63                   64  0.19787828524587750     
                   64                    3   2.3364696307350680E-002
                   64                   63  0.19930034163788735     
                   64                   64 -0.58065890794803798     
                   64                   65  0.19667605410672415     
                   65                    4   2.5180356075875401E-002
                   65                   64  0.19571214820114444     
                   65                   65 -0.57967980327271040     
                   65                   66  0.19942769245026973     
                   66                    5   2.6916836514719562E-002
                   66                   65  0.19640538446609002     
                   66                   66 -0.57758340053733681     
                   66                   67  0.19909437848185360     
                   67                    6   2.9063568235609384E-002
                   67                   66  0.19757049050877076     
                   67                   67 -0.57615685650044324     
                   67                   68  0.19720908475517668     
                   68                    7   3.1828523841970387E-002
                   68                   67  0.19774064344753084     
                   68                   68 -0.57468097528727513     
                   68                   69  0.19574985742322365     
                   69                    8   3.4887509238983309E-002
                   69                   68  0.19554583424886030     
                   69                   69 -0.57317648868557292     
                   69                   70  0.19639016782658356     
                   70                    9   3.8323673584296086E-002
                   70                   69  0.19574409797204415     
                   70                   70 -0.57110386229410270     
                   70                   71  0.19482836614955720     
                   71                   10   4.2299142551632106E-002
                   71                   70  0.19411910688189482     
                   71                   71 -0.56882187544584961     
                   71                   72  0.19475987512062351     
                   72                   11   4.6674974693780132E-002
                   72                   71  0.19300340258260323     
                   72                   72 -0.56595471377503237     
                   72                   73  0.19436690894858424     
                   73                   12   5.1774388142761030E-002
                   73                   72  0.19258538017502655     
                   73                   73 -0.56274840720241892     
                   73                   74  0.19289182447979353     
                   74                   13   5.7865463379364414E-002
                   74                   73  0.19134924149264984     
                   74                   74 -0.55902558717607287     
                   74                   75  0.19175970795191297     
                   75                   14   6.4969615533500544E-002
                   75                   74  0.18973827544015495     
                   75                   75 -0.55472029041974347     
                   75                   76  0.19057181860660100     
                   76                   15   7.3432951943677563E-002
                   76                   75  0.18832535819589674     
                   76                   76 -0.54956464929813453     
                   76                   77  0.18867704056229120     
                   77                   16   8.3708113091511993E-002
                   77                   76  0.18631827703949938     
                   77                   77 -0.54350170094330330     
                   77                   78  0.18647190892568538     
                   78                   17   9.6226483457873990E-002
                   78                   77  0.18370547858234332     
                   78                   78 -0.53609528076033275     
                   78                   79  0.18397275719944989     
                   79                   18  0.11146816909557362     
                   79                   78  0.18038478050219442     
                   79                   79 -0.52708390859848242     
                   79                   80  0.18106314180374938     
                   80                   19  0.13013182062772863     
                   80                   79  0.17639333695428569     
                   80                   80 -0.51592511791219597     
                   80                   81  0.17754972450578976     
                   81                   20  0.15334626492470435     
                   81                   80  0.17173632348169421     
                   81                   81 -0.50216555158484544     
                   81                   82  0.17275186000875609     
                   82                   21  0.18290554857673375     
                   82                   81  0.16577917316263319     
                   82                   82 -0.48479943227345551     
                   82                   83  0.16651584598717767     
                   83                   22  0.22065949344752067     
                   83                   82  0.15765430658949289     
                   83                   83 -0.46287333196595210     
                   83                   84  0.15881286799703423     
                   84                   23  0.26916678671112199     
                   84                   83  0.14738463455116321     
                   84                   84 -0.43508520358654812     
                   84                   85  0.14836337515116671     
                   85                   24  0.33134479638385012     
                   85                   84  0.13343658535039885     
                   85                   85 -0.40063897004383742     
                   85                   86  0.13457964822191354     
                   86                   25  0.40738586951121530     
                   86                   85  0.11447918177309076     
                   86                   86 -0.36245361832363082     
                   86                   87  0.11568133039206321     
                   87                   26  0.48557328443612074     
                   87                   86   8.8288153794830196E-002
                   87                   87 -0.33683123684515875     
                   87                   88   8.9307324923890249E-002
                   88                   27  0.53820472391072760     
                   88                   87   5.6006561847861867E-002
                   88                   88 -0.35081769026537668     
                   88                   89   5.4971023976033734E-002
                   89                   28  0.45862890880630230     
                   89                   88   2.0085612782739289E-002
                   89                   89 -0.50490134813564358     
                   89                   90   1.6384130275314809E-002
                   90                   29  0.67742943214844065     
                   90                   89   5.2717461449521370E-003
                   90                   90 -0.31285869498295443     
                   90                   91   4.4401267236528104E-003
                   91                   30  0.79495342319900963     
                   91                   90   9.1336952622160118E-003
                   91                   91 -0.18698161165228208     
                   91                   92   8.9312698864921995E-003
                   92                   91  0.18055133017635425     
                   92                   92 -0.63982115860263167     
                   92                   93  0.17962751122101420     
                   93                   92  0.18035754008676372     
                   93                   93 -0.63988224721094200     
                   93                   94  0.17976021270229409     
                   94                   93  0.18018741017426873     
                   94                   94 -0.63992736277755802     
                   94                   95  0.17988522704817328     
                   95                   94  0.18004708413876896     
                   95                   95 -0.63994247404725568     
                   95                   96  0.18001044181397527     
                   96                   95  0.17998819705722904     
                   96                   96 -0.63993585274340070     
                   96                   97  0.18007595019937034     
                   97                   96  0.17995974040407373     
                   97                   97 -0.63992796625990656     
                   97                   98  0.18011229333601972     
                   98                   97  0.17995182378828464     
                   98                   98 -0.63992008111504051     
                   98                   99  0.18012809509667488     
                   99                   98  0.17995612918264481     
                   99                   99 -0.63991292280080325     
                   99                  100  0.18013094801655188     
                  100                   99  0.17996672218341495     
                  100                  100 -0.63990682198135140     
                  100                  101  0.18012645583523371     
                  101                  100  0.17997982786881686     
                  101                  101 -0.63990186562864826     
                  101                  102  0.18011830650253491     
                  102                  101  0.17999328478815263     
                  102                  102 -0.63989801452963846     
                  102                  103  0.18010870068220891     
                  103                  102  0.18000600707504499     
                  103                  103 -0.63989517965785025     
                  103                  104  0.18009881326710475     
                  104                  103  0.18001756307650743     
                  104                  104 -0.63989326477430486     
                  104                  105  0.18008917214918768     
                  105                  104  0.18002788158271116     
                  105                  105 -0.63989218612884691     
                  105                  106  0.18007993228844196     
                  106                  105  0.18003706361145921     
                  106                  106 -0.63989187866257635     
                  106                  107  0.18007105772596452     
                  107                  106  0.18004527144977428     
                  107                  107 -0.63989229535334036     
                  107                  108  0.18006243319688536     
                  108                  107  0.18005266983091062     
                  108                  108 -0.63989340381998872     
                  108                  109  0.18005392634910067     
                  109                  108  0.18005939974955656     
                  109                  109 -0.63989518243461641     
                  109                  110  0.18004541781582722     
                  110                  109  0.18006557097863468     
                  110                  110 -0.63989761697613123     
                  110                  111  0.18003681204523406     
                  111                  110  0.18007126402404341     
                  111                  111 -0.63990069814966100     
                  111                  112  0.18002803782629553     
                  112                  111  0.18007653583636160     
                  112                  112 -0.63990441993604141     
                  112                  113  0.18001904422759690     
                  113                  112  0.18008142613967684     
                  113                  113 -0.63990877859134876     
                  113                  114  0.18000979526897448     
                  114                  113  0.18008596290015616     
                  114                  114 -0.63991377209121680     
                  114                  115  0.18000026500862709     
                  115                  114  0.18009016644616277     
                  115                  115 -0.63991939984461943     
                  115                  116  0.17999043370921791     
                  116                  115  0.18009405227036956     
                  116                  116 -0.63992566254903904     
                  116                  117  0.17998028518059145     
                  117                  116  0.18009763276418345     
                  117                  117 -0.63993256210425908     
                  117                  118  0.17996980513155747     
                  118                  117  0.18010091818579643     
                  118                  118 -0.63994010153791969     
                  118                  119  0.17995898027628396     
                  119                  118  0.18010391713386062     
                  119                  119 -0.63994828492171063     
                  119                  120  0.17994779794442875     
                  120                  119  0.18010663674354455     
                  120                  120 -0.63995711727508142     
                  120                  121  0.17993624598137420     
                  121                  120  0.21962495117593397     
                  121                  121 -0.78037504882406605     
