                  121                  121                  568
                    1                    1  -1.8253834528050876E-003
                    1                    2   1.8927187595938631E-030
                    1                   62  -1.3184000055609451E-009
                    1                   63   2.5335227243898163E-028
                    2                    1   1.8927187595938631E-030
                    2                    2  -3.7669800207328695E-003
                    2                    3   2.3211831374185234E-030
                    2                   62   2.5335227243898163E-028
                    2                   63  -2.7893806242392903E-009
                    2                   64   3.0998656132418513E-028
                    3                    2   2.3211831374185234E-030
                    3                    3  -3.5749774612283021E-003
                    3                    4   2.8763429805747707E-030
                    3                   63   3.0998656132418513E-028
                    3                   64  -3.0429337637486433E-009
                    3                   65   3.8321476653162872E-028
                    4                    3   2.8763429805747707E-030
                    4                    4  -3.6838633449934044E-003
                    4                    5   3.5937426666851551E-030
                    4                   64   3.8321476653162872E-028
                    4                   65  -3.3343627453589569E-009
                    4                   66   4.7764326936236489E-028
                    5                    4   3.5937426666851551E-030
                    5                    5  -3.7309496595393714E-003
                    5                    6   4.5179796377810458E-030
                    5                   65   4.7764326936236489E-028
                    5                   66  -3.6647557577288323E-009
                    5                   67   5.9904022849208088E-028
                    6                    5   4.5179796377810458E-030
                    6                    6  -3.8312566089756259E-003
                    6                    7   5.7334380711464123E-030
                    6                   66   5.9904022849208088E-028
                    6                   67  -4.0415787696935537E-009
                    6                   68   7.5835155907652271E-028
                    7                    6   5.7334380711464123E-030
                    7                    7  -3.7226973711000288E-003
                    7                    8   7.3728709829381534E-030
                    7                   67   7.5835155907652271E-028
                    7                   68  -4.4795745699056881E-009
                    7                   69   9.7277419705023148E-028
                    8                    7   7.3728709829381534E-030
                    8                    8  -3.7525675400905587E-003
                    8                    9   9.6116323969840808E-030
                    8                   68   9.7277419705023148E-028
                    8                   69  -4.9956951406804010E-009
                    8                   70   1.2649475083367668E-027
                    9                    8   9.6116323969840808E-030
                    9                    9  -3.7277899932227870E-003
                    9                   10   1.2717675208549670E-029
                    9                   69   1.2649475083367668E-027
                    9                   70  -5.6053696539459989E-009
                    9                   71   1.6694160812544310E-027
                   10                    9   1.2717675208549670E-029
                   10                   10  -3.7293953440938003E-003
                   10                   11   1.7109244876122553E-029
                   10                   70   1.6694160812544310E-027
                   10                   71  -6.3344350146677531E-009
                   10                   72   2.2400143375889958E-027
                   11                   10   1.7109244876122553E-029
                   11                   11  -3.7596514757252527E-003
                   11                   12   2.3411585841696590E-029
                   11                   71   2.2400143375889958E-027
                   11                   72  -7.2117572239209126E-009
                   11                   73   3.0570448143479657E-027
                   12                   11   2.3411585841696590E-029
                   12                   12  -3.7974177222739377E-003
                   12                   13   3.2675490631282104E-029
                   12                   72   3.0570448143479657E-027
                   12                   73  -8.2769102327501713E-009
                   12                   74   4.2553025524543280E-027
                   13                   12   3.2675490631282104E-029
                   13                   13  -3.7915639304643856E-003
                   13                   14   4.6688391561614529E-029
                   13                   73   4.2553025524543280E-027
                   13                   74  -9.5912711780423154E-009
                   13                   75   6.0637092395745061E-027
                   14                   13   4.6688391561614529E-029
                   14                   14  -3.8274023822433977E-003
                   14                   15   6.8516545535906324E-029
                   14                   74   6.0637092395745061E-027
                   14                   75  -1.1238663916743950E-008
                   14                   76   8.8742447158700254E-027
                   15                   14   6.8516545535906324E-029
                   15                   15  -3.8359689901221752E-003
                   15                   16   1.0377322728602450E-028
                   15                   75   8.8742447158700254E-027
                   15                   76  -1.3338569666864031E-008
                   15                   77   1.3403323119223274E-026
                   16                   15   1.0377322728602450E-028
                   16                   16  -3.8536151052061124E-003
                   16                   17   1.6333373246467969E-028
                   16                   76   1.3403323119223274E-026
                   16                   77  -1.6076942279604425E-008
                   16                   78   2.1036653868506861E-026
                   17                   16   1.6333373246467969E-028
                   17                   17  -3.8496581312025967E-003
                   17                   18   2.6938967342034409E-028
                   17                   77   2.1036653868506861E-026
                   17                   78  -1.9744505939075683E-008
                   17                   79   3.4596907234457352E-026
                   18                   17   2.6938967342034409E-028
                   18                   18  -3.8822438363540308E-003
                   18                   19   4.6989404695801634E-028
                   18                   78   3.4596907234457352E-026
                   18                   79  -2.4805408689652697E-008
                   18                   80   6.0172470980457218E-026
                   19                   18   4.6989404695801634E-028
                   19                   19  -3.9182315861006111E-003
                   19                   20   8.8012287069032528E-028
                   19                   79   6.0172470980457218E-026
                   19                   80  -3.2037191735719843E-008
                   19                   81   1.1237436110093551E-025
                   20                   19   8.8012287069032528E-028
                   20                   20  -3.9325789888696285E-003
                   20                   21   1.8103994459052028E-027
                   20                   80   1.1237436110093551E-025
                   20                   81  -4.2898950487507176E-008
                   20                   82   2.3046369778541119E-025
                   21                   20   1.8103994459052028E-027
                   21                   21  -3.9833480176289220E-003
                   21                   22   4.2313251710210955E-027
                   21                   81   2.3046369778541119E-025
                   21                   82  -6.0264859652074082E-008
                   21                   83   5.3697269294646475E-025
                   22                   21   4.2313251710210955E-027
                   22                   22  -4.0031817952498796E-003
                   22                   23   1.1930219927658380E-026
                   22                   82   5.3697269294646475E-025
                   22                   83  -9.0570596924045157E-008
                   22                   84   1.5083094496461773E-024
                   23                   22   1.1930219927658380E-026
                   23                   23  -4.0554046446384280E-003
                   23                   24   4.5371679494377133E-026
                   23                   83   1.5083094496461773E-024
                   23                   84  -1.5069702670342291E-007
                   23                   85   5.6925893856519073E-024
                   24                   23   4.5371679494377133E-026
                   24                   24  -4.1113281097045528E-003
                   24                   25   2.9621953551219391E-025
                   24                   84   5.6925893856519073E-024
                   24                   85  -2.9554102332579276E-007
                   24                   86   3.6006129611998508E-023
                   25                   24   2.9621953551219391E-025
                   25                   25  -4.1800131801935161E-003
                   25                   26   5.7853023347567350E-024
                   25                   85   3.6006129611998508E-023
                   25                   86  -7.5930481062914681E-007
                   25                   87   5.9400510521105737E-022
                   26                   25   5.7853023347567350E-024
                   26                   26  -4.2794748595057323E-003
                   26                   27   1.4557180369397140E-022
                   26                   86   5.9400510521105737E-022
                   26                   87  -2.5908546491509575E-006
                   26                   88   1.0167625315499883E-020
                   27                   26   1.4557180369397140E-022
                   27                   27  -4.3592193476162597E-003
                   27                   28   2.9270375004928259E-018
                   27                   87   1.0167625315499883E-020
                   27                   88  -9.6378834850677811E-006
                   27                   89   3.9516925905375936E-017
                   28                   27   2.9270375004928259E-018
                   28                   28  -4.1515052532204878E-003
                   28                   29   1.0351971034659967E-011
                   28                   88   3.9516925905375936E-017
                   28                   89  -6.1971666441777300E-005
                   28                   90   2.2058412427926164E-011
                   29                   28   1.0351971034659967E-011
                   29                   29  -3.2957544842255344E-003
                   29                   30   8.9754307167211447E-005
                   29                   89   2.2058412427926164E-011
                   29                   90  -1.2799604804758399E-004
                   29                   91   1.5549041808592415E-006
                   30                   29   8.9754307167211447E-005
                   30                   30  -3.3124313536893150E-003
                   30                   31   2.9555563185386537E-004
                   30                   90   1.5549041808592415E-006
                   30                   91  -3.4046304633053984E-005
                   30                   92   5.4217499435889570E-007
                   31                   30   2.9555563185386537E-004
                   31                   31  -3.4543307661258314E-003
                   31                   32   2.8337792863211085E-004
                   31                   91   5.4217499435889570E-007
                   31                   92  -1.0749399778846807E-006
                   31                   93   5.3276498352578494E-007
                   32                   31   2.8337792863211085E-004
                   32                   32  -3.3874239114049512E-003
                   32                   33   2.7705877544357069E-004
                   32                   92   5.3276498352578494E-007
                   32                   93  -1.0639692743565962E-006
                   32                   94   5.3120429083081141E-007
                   33                   32   2.7705877544357069E-004
                   33                   33  -3.3525589020215229E-003
                   33                   34   2.7551150593241232E-004
                   33                   93   5.3120429083081141E-007
                   33                   94  -1.0675897081376413E-006
                   33                   95   5.3638541730682985E-007
                   34                   33   2.7551150593241232E-004
                   34                   34  -3.3425548957706870E-003
                   34                   35   2.7737511935776641E-004
                   34                   94   5.3638541730682985E-007
                   34                   95  -1.0829894598158503E-006
                   34                   96   5.4660404250902046E-007
                   35                   34   2.7737511935776641E-004
                   35                   35  -3.3493349252475381E-003
                   35                   36   2.8139997121923269E-004
                   35                   95   5.4660404250902046E-007
                   35                   96  -1.1067722246343732E-006
                   35                   97   5.6016818212535266E-007
                   36                   35   2.8139997121923269E-004
                   36                   36  -3.3659338480281544E-003
                   36                   37   2.8660815178618756E-004
                   36                   96   5.6016818212535266E-007
                   36                   97  -1.1358650468820606E-006
                   36                   98   5.7569686475670790E-007
                   37                   36   2.8660815178618756E-004
                   37                   37  -3.3872071979075156E-003
                   37                   38   2.9231405239550683E-004
                   37                   97   5.7569686475670790E-007
                   37                   98  -1.1678911550839974E-006
                   37                   99   5.9219429032728946E-007
                   38                   37   2.9231405239550683E-004
                   38                   38  -3.4097663734388743E-003
                   38                   39   2.9807992258880887E-004
                   38                   98   5.9219429032728946E-007
                   38                   99  -1.2012039821135569E-006
                   38                  100   6.0900969178626756E-007
                   39                   38   2.9807992258880887E-004
                   39                   39  -3.4316023268619314E-003
                   39                   40   3.0365246887651385E-004
                   39                   99   6.0900969178626756E-007
                   39                  100  -1.2347662036503544E-006
                   39                  101   6.2575651186408691E-007
                   40                   39   3.0365246887651385E-004
                   40                   40  -3.4516641952377167E-003
                   40                   41   3.0890311229560957E-004
                   40                  100   6.2575651186408691E-007
                   40                  101  -1.2679867277684637E-006
                   40                  102   6.4223021590437664E-007
                   41                   40   3.0890311229560957E-004
                   41                   41  -3.4695050383685977E-003
                   41                   42   3.1378036798729249E-004
                   41                  101   6.4223021590437664E-007
                   41                  102  -1.3005707991463918E-006
                   41                  103   6.5834058324201505E-007
                   42                   41   3.1378036798729249E-004
                   42                   42  -3.4850226250330370E-003
                   42                   43   3.1827566155761140E-004
                   42                  102   6.5834058324201505E-007
                   42                  103  -1.3324026683300001E-006
                   42                  104   6.7406208508798505E-007
                   43                   42   3.1827566155761140E-004
                   43                   43  -3.4982870290896149E-003
                   43                   44   3.2240083410675749E-004
                   43                  103   6.7406208508798505E-007
                   43                  104  -1.3634627131384419E-006
                   43                  105   6.8940062805045677E-007
                   44                   43   3.2240083410675749E-004
                   44                   44  -3.5094355021960720E-003
                   44                   45   3.2617462515924581E-004
                   44                  104   6.8940062805045677E-007
                   44                  105  -1.3937737829729540E-006
                   44                  106   7.0437315492249724E-007
                   45                   44   3.2617462515924581E-004
                   45                   45  -3.5186145785782957E-003
                   45                   46   3.2961544939655768E-004
                   45                  105   7.0437315492249724E-007
                   45                  106  -1.4233695921056805E-006
                   45                  107   7.1899643718318317E-007
                   46                   45   3.2961544939655768E-004
                   46                   46  -3.5259527337717506E-003
                   46                   47   3.3273822169159906E-004
                   46                  106   7.1899643718318317E-007
                   46                  107  -1.4522783458385018E-006
                   46                  108   7.3328190865531863E-007
                   47                   46   3.3273822169159906E-004
                   47                   47  -3.5315511549982954E-003
                   47                   48   3.3555354128466910E-004
                   47                  107   7.3328190865531863E-007
                   47                  108  -1.4805160244091666E-006
                   47                  109   7.4723411575384799E-007
                   48                   47   3.3555354128466910E-004
                   48                   48  -3.5354840782131219E-003
                   48                   49   3.3806807349995744E-004
                   48                  108   7.4723411575384799E-007
                   48                  109  -1.5080851919158291E-006
                   48                  110   7.6085107616198126E-007
                   49                   48   3.3806807349995744E-004
                   49                   49  -3.5378032839803982E-003
                   49                   50   3.4028540077227118E-004
                   49                  109   7.6085107616198126E-007
                   49                  110  -1.5349765204860585E-006
                   49                  111   7.7412544432407735E-007
                   50                   49   3.4028540077227118E-004
                   50                   50  -3.5385436478296067E-003
                   50                   51   3.4220693535912420E-004
                   50                  110   7.7412544432407735E-007
                   50                  111  -1.5611712886378685E-006
                   50                  112   7.8704584431379120E-007
                   51                   50   3.4220693535912420E-004
                   51                   51  -3.5377281964417504E-003
                   51                   52   3.4383270166922486E-004
                   51                  111   7.8704584431379120E-007
                   51                  112  -1.5866438956796070E-006
                   51                  113   7.9959805136581581E-007
                   52                   51   3.4383270166922486E-004
                   52                   52  -3.5353720806045371E-003
                   52                   53   3.4516192685614416E-004
                   52                  112   7.9959805136581581E-007
                   52                  113  -1.6113639565117585E-006
                   52                  114   8.1176590514594271E-007
                   53                   52   3.4516192685614416E-004
                   53                   53  -3.5314854037901723E-003
                   53                   54   3.4619344771826839E-004
                   53                  113   8.1176590514594271E-007
                   53                  114  -1.6352978554775752E-006
                   53                  115   8.2353195033163235E-007
                   54                   53   3.4619344771826839E-004
                   54                   54  -3.5260750883749120E-003
                   54                   55   3.4692597140343327E-004
                   54                  114   8.2353195033163235E-007
                   54                  115  -1.6584098024504448E-006
                   54                  116   8.3487785211881232E-007
                   55                   54   3.4692597140343327E-004
                   55                   55  -3.5191460354253331E-003
                   55                   56   3.4735823372577471E-004
                   55                  115   8.3487785211881232E-007
                   55                  116  -1.6806625017651313E-006
                   55                  117   8.4578464964631898E-007
                   56                   55   3.4735823372577471E-004
                   56                   56  -3.5107018201472229E-003
                   56                   57   3.4748909376920766E-004
                   56                  116   8.4578464964631898E-007
                   56                  117  -1.7020175560195803E-006
                   56                  118   8.5623290637326137E-007
                   57                   56   3.4748909376920766E-004
                   57                   57  -3.5007451152662397E-003
                   57                   58   3.4731759413840973E-004
                   57                  117   8.5623290637326137E-007
                   57                  118  -1.7224357107738372E-006
                   57                  119   8.6620280440057582E-007
                   58                   57   3.4731759413840973E-004
                   58                   58  -3.4892779777236588E-003
                   58                   59   3.4684300661982546E-004
                   58                  118   8.6620280440057582E-007
                   58                  119  -1.7418770203479767E-006
                   58                  120   8.7567421594740074E-007
                   59                   58   3.4684300661982546E-004
                   59                   59  -3.4763020834521177E-003
                   59                   60   3.4606487475781348E-004
                   59                  119   8.7567421594740074E-007
                   59                  120  -1.7603009884821558E-006
                   59                  121   8.8462677253475497E-007
                   60                   59   3.4606487475781348E-004
                   60                   60  -3.4618189543839223E-003
                   60                   61   3.4498305820073914E-004
                   60                  120   8.8462677253475497E-007
                   60                  121  -1.7776667140478486E-006
                   61                   60   3.4498305820073914E-004
                   61                   61  -1.7259362475448609E-003
                   61                  121   8.9303994151309360E-007
                   62                    1   444.88327475273195     
                   62                   62  -12653.595270392390     
                   62                   63   8656.3129160537610     
                   63                    2   934.85078108735979     
                   63                   62   8656.3129160537610     
                   63                   63  -25290.382822378793     
                   63                   64   8605.0317420651500     
                   64                    3   1008.9239906998155     
                   64                   63   8605.0317420651500     
                   64                   64  -25070.647713768012     
                   64                   65   8491.7249410195909     
                   65                    4   1092.7169562764695     
                   65                   64   8491.7249410195909     
                   65                   65  -25151.641943059294     
                   65                   66   8652.9380867547370     
                   66                    5   1186.0874447145789     
                   66                   65   8652.9380867547370     
                   66                   66  -25446.318595164841     
                   66                   67   8771.4057565686489     
                   67                    6   1290.6084141635479     
                   67                   66   8771.4057565686489     
                   67                   67  -25579.256943497232     
                   67                   68   8755.3606069189409     
                   68                    7   1409.6474191814118     
                   68                   67   8755.3606069189409     
                   68                   68  -25445.149243556734     
                   68                   69   8667.2145239118436     
                   69                    8   1546.8072110162857     
                   69                   68   8667.2145239118436     
                   69                   69  -25405.015193465206     
                   69                   70   8704.6379886190116     
                   70                    9   1704.8485204579674     
                   70                   69   8704.6379886190116     
                   70                   70  -25396.699705733383     
                   70                   71   8663.9157622491566     
                   71                   10   1888.6781901613497     
                   71                   70   8663.9157622491566     
                   71                   71  -25387.645209434391     
                   71                   72   8692.5143500273443     
                   72                   11   2103.1566988396771     
                   72                   71   8692.5143500273443     
                   72                   72  -25489.562711719635     
                   72                   73   8753.9238743546284     
                   73                   12   2354.6771968237922     
                   73                   72   8753.9238743546284     
                   73                   73  -25579.618033458079     
                   73                   74   8767.8526762769925     
                   74                   13   2653.1190363619075     
                   74                   73   8767.8526762769925     
                   74                   74  -25615.250765811637     
                   74                   75   8786.6590458245100     
                   75                   14   3010.8467290501862     
                   75                   74   8786.6590458245100     
                   75                   75  -25688.775529452381     
                   75                   76   8825.2540908894225     
                   76                   15   3444.0047007177573     
                   76                   75   8825.2540908894225     
                   76                   76  -25753.588371298029     
                   76                   77   8841.7136719295377     
                   77                   16   3976.0873714421405     
                   77                   76   8841.7136719295377     
                   77                   77  -25791.823459732615     
                   77                   78   8848.9298660973236     
                   78                   17   4640.1952656761805     
                   78                   77   8848.9298660973236     
                   78                   78  -25823.188216957766     
                   78                   79   8861.6028235826161     
                   79                   18   5482.4196613453696     
                   79                   78   8861.6028235826161     
                   79                   79  -25926.594089304064     
                   79                   80   8925.5536702458085     
                   80                   19   6568.3244212595946     
                   80                   79   8925.5536702458085     
                   80                   80  -26050.914012063055     
                   80                   81   8950.7842454340334     
                   81                   20   8003.3027990390447     
                   81                   80   8950.7842454340334     
                   81                   81  -26167.652970575509     
                   81                   82   9001.0597668606697     
                   82                   21   9950.5424468336569     
                   82                   81   9001.0597668606697     
                   82                   82  -26344.185169912467     
                   82                   83   9053.5097779642347     
                   83                   22   12682.948541789683     
                   83                   82   9053.5097779642347     
                   83                   83  -26547.607542179816     
                   83                   84   9095.6427475810124     
                   84                   23   16682.307197747978     
                   84                   83   9095.6427475810124     
                   84                   84  -26893.717863477144     
                   84                   85   9180.3359806392200     
                   85                   24   22843.809304756302     
                   85                   84   9180.3359806392200     
                   85                   85  -27564.036121343976     
                   85                   86   9258.4676473401341     
                   86                   25   33029.671891651305     
                   86                   85   9258.4676473401341     
                   86                   86  -29348.632281975733     
                   86                   87   9373.5804524428240     
                   87                   26   51578.411748771061     
                   87                   86   9373.5804524428240     
                   87                   87  -35803.658826500745     
                   87                   88   9482.8814334347298     
                   88                   27   91169.507951379303     
                   88                   87   9482.8814334347298     
                   88                   88  -59588.558395210835     
                   88                   89   9281.7024359004463     
                   89                   28   213119.87129227832     
                   89                   88   9281.7024359003972     
                   89                   89  -234734.47439336212     
                   89                   90   7568.1270504841896     
                   90                   29   983242.88583231973     
                   90                   89   7568.1270215566910     
                   90                   90  -450179.06778015953     
                   90                   91   6377.7156424412369     
                   91                   30   561499.99690380727     
                   91                   90   6379.4821609682467     
                   91                   91  -130198.74121592729     
                   91                   92   6234.6589455769199     
                   92                   91   6236.8012899183932     
                   92                   92  -22101.881879202781     
                   92                   93   6204.9381402501649     
                   93                   92   6206.2349961672671     
                   93                   93  -22020.026345763603     
                   93                   94   6186.1027127534780     
                   94                   93   6186.6340517641611     
                   94                   94  -21973.122161796546     
                   94                   95   6176.9645128980237     
                   95                   94   6176.9028406680181     
                   95                   95  -21955.634652571698     
                   95                   96   6176.1387284205175     
                   96                   95   6175.6712909309454     
                   96                   96  -21957.976705723966     
                   96                   97   6179.0610784690816     
                   97                   96   6178.3478595944225     
                   97                   97  -21970.466640786712     
                   97                   98   6183.8470063293598     
                   98                   97   6183.0069913771204     
                   98                   98  -21987.548610102167     
                   98                   99   6189.2299547234334     
                   99                   98   6188.3430012959589     
                   99                   99  -22005.624224216874     
                   99                  100   6194.4536634001561     
                  100                   99   6193.5685333173824     
                  100                  100  -22022.619888464273     
                  100                  101   6199.1221813904949     
                  101                  100   6198.2655562522505     
                  101                  101  -22037.500537238404     
                  101                  102   6203.0671801312874     
                  102                  101   6202.2514317579553     
                  102                  102  -22049.868331708414     
                  102                  103   6206.2498999041518     
                  103                  102   6205.4789678692532     
                  103                  103  -22059.676691528977     
                  103                  104   6208.6962188033203     
                  104                  103   6207.9696650018350     
                  104                  104  -22067.045765157651     
                  104                  105   6210.4573924331617     
                  105                  104   6209.7729696515580     
                  105                  105  -22072.153623131795     
                  105                  106   6211.5885917681208     
                  106                  105   6210.9437175691746     
                  106                  106  -22075.178701992969     
                  106                  107   6212.1387874815246     
                  107                  106   6211.5312767483420     
                  107                  107  -22076.274225149478     
                  107                  108   6212.1472755395607     
                  108                  107   6211.5756132429233     
                  108                  108  -22075.560868997149     
                  108                  109   6211.6436797137785     
                  109                  108   6211.1070385138419     
                  109                  109  -22073.128619637959     
                  109                  110   6210.6494617341859     
                  110                  109   6210.1476007217780     
                  110                  110  -22069.042306642885     
                  110                  111   6209.1798226271621     
                  111                  110   6208.7129495458958     
                  111                  111  -22063.347778433184     
                  111                  112   6207.2454428903429     
                  112                  111   6206.8140834700189     
                  112                  112  -22056.077289948924     
                  112                  113   6204.8538518645273     
                  113                  112   6204.4587446662281     
                  113                  113  -22047.253625089612     
                  113                  114   6202.0104030374960     
                  114                  113   6201.6524234969629     
                  114                  114  -22036.892975947638     
                  114                  115   6198.7189170444508     
                  115                  114   6198.3990270643080     
                  115                  115  -22025.006814000735     
                  115                  116   6194.9820797395842     
                  116                  115   6194.7012964964806     
                  116                  116  -22011.603038463425     
                  116                  117   6190.8016779128211     
                  117                  116   6190.5610554433642     
                  117                  117  -21996.686657159873     
                  117                  118   6186.1787381679351     
                  118                  117   6185.9793563793310     
                  118                  118  -21980.260196217852     
                  118                  119   6181.1136151961000     
                  119                  118   6180.9565723808746     
                  119                  119  -21962.323973538252     
                  119                  120   6175.6060587449638     
                  120                  119   6175.4924650487137     
                  120                  120  -21942.876318753919     
                  120                  121   6169.6552752654170     
                  121                  120   6169.5862457230787     
                  121                  121  -21921.913781483679     
