 #              _____________________  _______________________             #
 #              ___  __ \__  __ \_  / / /_  /___  ____/_  ___/             #
 #              __  / / /_  /_/ /  / / /_  __/_  __/  _____ \              #
 #              _  /_/ /_  _, _// /_/ / / /_ _  /___  ____/ /              #
 #              /_____/ /_/ |_| \____/  \__/ /_____/  /____/               #
 #                                                                         #
  
 DRUtES is initializing, reading input files
 ---------------------------------------------------------------
 15hrs : 53min : 08.604s  -  2021/02/04    total number of parallel images is:                    1
 ---------------------------------------------------------------
 15hrs : 53min : 08.605s  -  2021/02/04    reading input files and allocating...
 ---------------------------------------------------------------
 15hrs : 53min : 08.609s  -  2021/02/04    number of nodes:                   61 number of elements:                   60
 ---------------------------------------------------------------
 15hrs : 53min : 08.614s  -  2021/02/04    analyzing mesh structure...
 ---------------------------------------------------------------
 15hrs : 53min : 08.624s  -  2021/02/04    DRUtES solves coupled water and heat flow considering freezing and melting
 ---------------------------------------------------------------
 15hrs : 53min : 08.624s  -  2021/02/04    making output files for observation time
 ---------------------------------------------------------------
 15hrs : 53min : 08.645s  -  2021/02/04    go 4 solving
 ---------------------------------------------------------------
 15hrs : 53min : 08.739s  -  2021/02/04    current simulation time:   1.0000000000000000 total iteration count:                    2
 ---------------------------------------------------------------
 15hrs : 53min : 28.830s  -  2021/02/04    making output files for observation time
 ---------------------------------------------------------------
 15hrs : 53min : 54.118s  -  2021/02/04    making output files for observation time
 ---------------------------------------------------------------
 15hrs : 54min : 14.726s  -  2021/02/04    making output files for observation time
 ---------------------------------------------------------------
 15hrs : 55min : 01.473s  -  2021/02/04    making output files for observation time
 ---------------------------------------------------------------
 15hrs : 56min : 46.122s  -  2021/02/04    making output files for observation time
 ---------------------------------------------------------------
 15hrs : 56min : 46.385s  -  2021/02/04    # real elapsed CPU time =   3.6336666666667345 min
 ---------------------------------------------------------------
 15hrs : 56min : 46.391s  -  2021/02/04    minimal adjusted time step was  0.91011600000000015
 ---------------------------------------------------------------
 15hrs : 56min : 46.391s  -  2021/02/04    F I N I S H E D !!!!!
 ---------------------------------------------------------------
 15hrs : 56min : 46.433s  -  2021/02/04    Peak RAM  consumption on image                    1 was:                    0 kB
