 #              _____________________  _______________________             #
 #              ___  __ \__  __ \_  / / /_  /___  ____/_  ___/             #
 #              __  / / /_  /_/ /  / / /_  __/_  __/  _____ \              #
 #              _  /_/ /_  _, _// /_/ / / /_ _  /___  ____/ /              #
 #              /_____/ /_/ |_| \____/  \__/ /_____/  /____/               #
 #                                                                         #
  
 DRUtES is initializing, reading input files
 ---------------------------------------------------------------
 14hrs : 06min : 57.744s  -  2021/03/01    total number of parallel images is:                    1
 ---------------------------------------------------------------
 14hrs : 06min : 57.745s  -  2021/03/01    reading input files and allocating...
 ---------------------------------------------------------------
 14hrs : 06min : 57.747s  -  2021/03/01    number of nodes:                   61 number of elements:                   60
 ---------------------------------------------------------------
 14hrs : 06min : 57.750s  -  2021/03/01    analyzing mesh structure...
 ---------------------------------------------------------------
 14hrs : 06min : 57.759s  -  2021/03/01    DRUtES solves coupled water and heat flow considering freezing and melting
 ---------------------------------------------------------------
 14hrs : 06min : 57.760s  -  2021/03/01    making output files for observation time
 ---------------------------------------------------------------
 14hrs : 06min : 57.778s  -  2021/03/01    go 4 solving
 ---------------------------------------------------------------
 14hrs : 06min : 57.824s  -  2021/03/01    current simulation time:   1.0000000000000000 total iteration count:                    1
 ---------------------------------------------------------------
 14hrs : 07min : 35.048s  -  2021/03/01    making output files for observation time
 ---------------------------------------------------------------
 14hrs : 08min : 02.931s  -  2021/03/01    making output files for observation time
 ---------------------------------------------------------------
 14hrs : 08min : 20.533s  -  2021/03/01    making output files for observation time
 ---------------------------------------------------------------
 14hrs : 08min : 56.453s  -  2021/03/01    making output files for observation time
 ---------------------------------------------------------------
 14hrs : 11min : 21.109s  -  2021/03/01    making output files for observation time
 ---------------------------------------------------------------
 14hrs : 11min : 21.299s  -  2021/03/01    # real elapsed CPU time =   4.3838333333337989 min
 ---------------------------------------------------------------
 14hrs : 11min : 21.306s  -  2021/03/01    minimal adjusted time step was   1.0000000000000000
 ---------------------------------------------------------------
 14hrs : 11min : 21.306s  -  2021/03/01    F I N I S H E D !!!!!
 ---------------------------------------------------------------
 14hrs : 11min : 21.332s  -  2021/03/01    Peak RAM  consumption on image                    1 was:                    0 kB
