 #              _____________________  _______________________             #
 #              ___  __ \__  __ \_  / / /_  /___  ____/_  ___/             #
 #              __  / / /_  /_/ /  / / /_  __/_  __/  _____ \              #
 #              _  /_/ /_  _, _// /_/ / / /_ _  /___  ____/ /              #
 #              /_____/ /_/ |_| \____/  \__/ /_____/  /____/               #
 #                                                                         #
  
 DRUtES is initializing, reading input files
 ---------------------------------------------------------------
 10hrs : 53min : 08.506s  -  2021/02/04    total number of parallel images is:                    1
 ---------------------------------------------------------------
 10hrs : 53min : 08.506s  -  2021/02/04    reading input files and allocating...
 ---------------------------------------------------------------
 10hrs : 53min : 08.586s  -  2021/02/04    number of nodes:                   61 number of elements:                   60
 ---------------------------------------------------------------
 10hrs : 53min : 08.642s  -  2021/02/04    analyzing mesh structure...
 ---------------------------------------------------------------
 10hrs : 53min : 08.656s  -  2021/02/04    DRUtES solves coupled water and heat flow considering freezing and melting
 ---------------------------------------------------------------
 10hrs : 53min : 08.658s  -  2021/02/04    making output files for observation time
 ---------------------------------------------------------------
 10hrs : 53min : 08.682s  -  2021/02/04    go 4 solving
 ---------------------------------------------------------------
 10hrs : 53min : 08.806s  -  2021/02/04    current simulation time:   1.0000000000000000 total iteration count:                    2
 ---------------------------------------------------------------
 10hrs : 53min : 49.332s  -  2021/02/04    making output files for observation time
 ---------------------------------------------------------------
 10hrs : 54min : 20.532s  -  2021/02/04    making output files for observation time
 ---------------------------------------------------------------
 10hrs : 54min : 42.964s  -  2021/02/04    making output files for observation time
 ---------------------------------------------------------------
 10hrs : 55min : 18.690s  -  2021/02/04    making output files for observation time
 ---------------------------------------------------------------
 10hrs : 57min : 01.286s  -  2021/02/04    making output files for observation time
 ---------------------------------------------------------------
 10hrs : 57min : 01.404s  -  2021/02/04    # real elapsed CPU time =   3.8836666666664921 min
 ---------------------------------------------------------------
 10hrs : 57min : 01.410s  -  2021/02/04    minimal adjusted time step was  0.91011600000000015
 ---------------------------------------------------------------
 10hrs : 57min : 01.410s  -  2021/02/04    F I N I S H E D !!!!!
 ---------------------------------------------------------------
 10hrs : 57min : 01.435s  -  2021/02/04    Peak RAM  consumption on image                    1 was:                    0 kB
