 #              _____________________  _______________________             #
 #              ___  __ \__  __ \_  / / /_  /___  ____/_  ___/             #
 #              __  / / /_  /_/ /  / / /_  __/_  __/  _____ \              #
 #              _  /_/ /_  _, _// /_/ / / /_ _  /___  ____/ /              #
 #              /_____/ /_/ |_| \____/  \__/ /_____/  /____/               #
 #                                                                         #
  
 DRUtES is initializing, reading input files
 ---------------------------------------------------------------
 15hrs : 24min : 48.729s  -  2021/02/03    total number of parallel images is:                    1
 ---------------------------------------------------------------
 15hrs : 24min : 48.730s  -  2021/02/03    reading input files and allocating...
 ---------------------------------------------------------------
 15hrs : 24min : 48.733s  -  2021/02/03    number of nodes:                   61 number of elements:                   60
 ---------------------------------------------------------------
 15hrs : 24min : 48.738s  -  2021/02/03    analyzing mesh structure...
 ---------------------------------------------------------------
 15hrs : 24min : 48.748s  -  2021/02/03    DRUtES solves coupled water and heat flow considering freezing and melting
 ---------------------------------------------------------------
 15hrs : 24min : 48.748s  -  2021/02/03    making output files for observation time
 ---------------------------------------------------------------
 15hrs : 24min : 48.768s  -  2021/02/03    go 4 solving
 ---------------------------------------------------------------
 15hrs : 24min : 48.861s  -  2021/02/03    current simulation time:   1.0000000000000000 total iteration count:                    2
 ---------------------------------------------------------------
 15hrs : 25min : 40.209s  -  2021/02/03    making output files for observation time
 ---------------------------------------------------------------
 15hrs : 26min : 28.396s  -  2021/02/03    making output files for observation time
 ---------------------------------------------------------------
 15hrs : 26min : 53.786s  -  2021/02/03    making output files for observation time
 ---------------------------------------------------------------
 15hrs : 27min : 31.745s  -  2021/02/03    making output files for observation time
 ---------------------------------------------------------------
 15hrs : 29min : 09.330s  -  2021/02/03    making output files for observation time
 ---------------------------------------------------------------
 15hrs : 29min : 09.482s  -  2021/02/03    # real elapsed CPU time =   4.3504999999999807 min
 ---------------------------------------------------------------
 15hrs : 29min : 09.487s  -  2021/02/03    minimal adjusted time step was  0.91011600000000015
 ---------------------------------------------------------------
 15hrs : 29min : 09.487s  -  2021/02/03    F I N I S H E D !!!!!
 ---------------------------------------------------------------
 15hrs : 29min : 09.513s  -  2021/02/03    Peak RAM  consumption on image                    1 was:                    0 kB
