 #              _____________________  _______________________             #
 #              ___  __ \__  __ \_  / / /_  /___  ____/_  ___/             #
 #              __  / / /_  /_/ /  / / /_  __/_  __/  _____ \              #
 #              _  /_/ /_  _, _// /_/ / / /_ _  /___  ____/ /              #
 #              /_____/ /_/ |_| \____/  \__/ /_____/  /____/               #
 #                                                                         #
  
 DRUtES is initializing, reading input files
 ---------------------------------------------------------------
 16hrs : 20min : 12.107s  -  2021/02/03    total number of parallel images is:                    1
 ---------------------------------------------------------------
 16hrs : 20min : 12.108s  -  2021/02/03    reading input files and allocating...
 ---------------------------------------------------------------
 16hrs : 20min : 12.110s  -  2021/02/03    number of nodes:                   61 number of elements:                   60
 ---------------------------------------------------------------
 16hrs : 20min : 12.115s  -  2021/02/03    analyzing mesh structure...
 ---------------------------------------------------------------
 16hrs : 20min : 12.125s  -  2021/02/03    DRUtES solves coupled water and heat flow considering freezing and melting
 ---------------------------------------------------------------
 16hrs : 20min : 12.126s  -  2021/02/03    making output files for observation time
 ---------------------------------------------------------------
 16hrs : 20min : 12.144s  -  2021/02/03    go 4 solving
 ---------------------------------------------------------------
 16hrs : 20min : 12.237s  -  2021/02/03    current simulation time:   1.0000000000000000 total iteration count:                    2
 ---------------------------------------------------------------
 16hrs : 20min : 46.559s  -  2021/02/03    making output files for observation time
 ---------------------------------------------------------------
 16hrs : 21min : 48.354s  -  2021/02/03    making output files for observation time
 ---------------------------------------------------------------
 16hrs : 22min : 18.908s  -  2021/02/03    making output files for observation time
 ---------------------------------------------------------------
 16hrs : 23min : 07.775s  -  2021/02/03    making output files for observation time
 ---------------------------------------------------------------
 16hrs : 25min : 00.147s  -  2021/02/03    making output files for observation time
 ---------------------------------------------------------------
 16hrs : 25min : 00.324s  -  2021/02/03    # real elapsed CPU time =   4.8004999999999809 min
 ---------------------------------------------------------------
 16hrs : 25min : 00.329s  -  2021/02/03    minimal adjusted time step was  0.91011600000000015
 ---------------------------------------------------------------
 16hrs : 25min : 00.329s  -  2021/02/03    F I N I S H E D !!!!!
 ---------------------------------------------------------------
 16hrs : 25min : 00.354s  -  2021/02/03    Peak RAM  consumption on image                    1 was:                    0 kB
