 #              _____________________  _______________________             #
 #              ___  __ \__  __ \_  / / /_  /___  ____/_  ___/             #
 #              __  / / /_  /_/ /  / / /_  __/_  __/  _____ \              #
 #              _  /_/ /_  _, _// /_/ / / /_ _  /___  ____/ /              #
 #              /_____/ /_/ |_| \____/  \__/ /_____/  /____/               #
 #                                                                         #
  
 DRUtES is initializing, reading input files
 ---------------------------------------------------------------
 14hrs : 45min : 58.697s  -  2021/03/18    total number of parallel images is:                    1
 ---------------------------------------------------------------
 14hrs : 45min : 58.698s  -  2021/03/18    reading input files and allocating...
 ---------------------------------------------------------------
 14hrs : 45min : 58.708s  -  2021/03/18    number of nodes:                   61 number of elements:                   60
 ---------------------------------------------------------------
 14hrs : 45min : 58.714s  -  2021/03/18    analyzing mesh structure...
 ---------------------------------------------------------------
 14hrs : 45min : 58.720s  -  2021/03/18    DRUtES solves coupled water and heat flow considering freezing and melting
 ---------------------------------------------------------------
 14hrs : 45min : 58.721s  -  2021/03/18    making output files for observation time
 ---------------------------------------------------------------
 14hrs : 45min : 58.746s  -  2021/03/18    go 4 solving
 ---------------------------------------------------------------
 14hrs : 45min : 58.799s  -  2021/03/18    current simulation time:   1.0000000000000000 total iteration count:                    1
 ---------------------------------------------------------------
 14hrs : 48min : 04.783s  -  2021/03/18    making output files for observation time
 ---------------------------------------------------------------
 14hrs : 50min : 15.485s  -  2021/03/18    making output files for observation time
 ---------------------------------------------------------------
 14hrs : 50min : 37.346s  -  2021/03/18    making output files for observation time
 ---------------------------------------------------------------
 14hrs : 51min : 27.775s  -  2021/03/18    making output files for observation time
 ---------------------------------------------------------------
 14hrs : 55min : 53.200s  -  2021/03/18    making output files for observation time
 ---------------------------------------------------------------
 14hrs : 55min : 53.411s  -  2021/03/18    # real elapsed CPU time =   9.9176666666666282 min
 ---------------------------------------------------------------
 14hrs : 55min : 53.417s  -  2021/03/18    minimal adjusted time step was   1.0000000000000000
 ---------------------------------------------------------------
 14hrs : 55min : 53.417s  -  2021/03/18    F I N I S H E D !!!!!
 ---------------------------------------------------------------
 14hrs : 55min : 53.449s  -  2021/03/18    Peak RAM  consumption on image                    1 was:                    0 kB
