 #              _____________________  _______________________             #
 #              ___  __ \__  __ \_  / / /_  /___  ____/_  ___/             #
 #              __  / / /_  /_/ /  / / /_  __/_  __/  _____ \              #
 #              _  /_/ /_  _, _// /_/ / / /_ _  /___  ____/ /              #
 #              /_____/ /_/ |_| \____/  \__/ /_____/  /____/               #
 #                                                                         #
  
 DRUtES is initializing, reading input files
 ---------------------------------------------------------------
 13hrs : 24min : 32.319s  -  2021/03/01    total number of parallel images is:                    1
 ---------------------------------------------------------------
 13hrs : 24min : 32.319s  -  2021/03/01    reading input files and allocating...
 ---------------------------------------------------------------
 13hrs : 24min : 32.322s  -  2021/03/01    number of nodes:                   61 number of elements:                   60
 ---------------------------------------------------------------
 13hrs : 24min : 32.328s  -  2021/03/01    analyzing mesh structure...
 ---------------------------------------------------------------
 13hrs : 24min : 32.332s  -  2021/03/01    DRUtES solves coupled water and heat flow considering freezing and melting
 ---------------------------------------------------------------
 13hrs : 24min : 32.333s  -  2021/03/01    making output files for observation time
 ---------------------------------------------------------------
 13hrs : 24min : 32.352s  -  2021/03/01    go 4 solving
 ---------------------------------------------------------------
 13hrs : 24min : 32.402s  -  2021/03/01    current simulation time:   1.0000000000000000 total iteration count:                    1
 ---------------------------------------------------------------
 13hrs : 25min : 24.753s  -  2021/03/01    making output files for observation time
 ---------------------------------------------------------------
 13hrs : 26min : 01.665s  -  2021/03/01    making output files for observation time
 ---------------------------------------------------------------
 13hrs : 26min : 22.830s  -  2021/03/01    making output files for observation time
 ---------------------------------------------------------------
 13hrs : 27min : 15.188s  -  2021/03/01    making output files for observation time
 ---------------------------------------------------------------
 13hrs : 30min : 15.995s  -  2021/03/01    making output files for observation time
 ---------------------------------------------------------------
 13hrs : 30min : 16.169s  -  2021/03/01    # real elapsed CPU time =   5.7338333333337994 min
 ---------------------------------------------------------------
 13hrs : 30min : 16.175s  -  2021/03/01    minimal adjusted time step was   1.0000000000000000
 ---------------------------------------------------------------
 13hrs : 30min : 16.176s  -  2021/03/01    F I N I S H E D !!!!!
 ---------------------------------------------------------------
 13hrs : 30min : 16.202s  -  2021/03/01    Peak RAM  consumption on image                    1 was:                    0 kB
