 #              _____________________  _______________________             #
 #              ___  __ \__  __ \_  / / /_  /___  ____/_  ___/             #
 #              __  / / /_  /_/ /  / / /_  __/_  __/  _____ \              #
 #              _  /_/ /_  _, _// /_/ / / /_ _  /___  ____/ /              #
 #              /_____/ /_/ |_| \____/  \__/ /_____/  /____/               #
 #                                                                         #
  
 DRUtES is initializing, reading input files
 ---------------------------------------------------------------
 09hrs : 46min : 04.459s  -  2021/03/18    total number of parallel images is:                    1
 ---------------------------------------------------------------
 09hrs : 46min : 04.460s  -  2021/03/18    reading input files and allocating...
 ---------------------------------------------------------------
 09hrs : 46min : 04.471s  -  2021/03/18    number of nodes:                   61 number of elements:                   60
 ---------------------------------------------------------------
 09hrs : 46min : 04.485s  -  2021/03/18    analyzing mesh structure...
 ---------------------------------------------------------------
 09hrs : 46min : 04.502s  -  2021/03/18    DRUtES solves coupled water and heat flow considering freezing and melting
 ---------------------------------------------------------------
 09hrs : 46min : 04.502s  -  2021/03/18    making output files for observation time
 ---------------------------------------------------------------
 09hrs : 46min : 04.529s  -  2021/03/18    go 4 solving
 ---------------------------------------------------------------
 09hrs : 46min : 04.594s  -  2021/03/18    current simulation time:   1.0000000000000000 total iteration count:                    1
 ---------------------------------------------------------------
 09hrs : 48min : 25.616s  -  2021/03/18    making output files for observation time
 ---------------------------------------------------------------
 09hrs : 49min : 43.466s  -  2021/03/18    making output files for observation time
 ---------------------------------------------------------------
 09hrs : 50min : 00.705s  -  2021/03/18    making output files for observation time
 ---------------------------------------------------------------
 09hrs : 50min : 38.068s  -  2021/03/18    making output files for observation time
 ---------------------------------------------------------------
 09hrs : 53min : 51.035s  -  2021/03/18    making output files for observation time
 ---------------------------------------------------------------
 09hrs : 53min : 51.286s  -  2021/03/18    # real elapsed CPU time =   7.7840000000001357 min
 ---------------------------------------------------------------
 09hrs : 53min : 51.292s  -  2021/03/18    minimal adjusted time step was   1.0000000000000000
 ---------------------------------------------------------------
 09hrs : 53min : 51.292s  -  2021/03/18    F I N I S H E D !!!!!
 ---------------------------------------------------------------
 09hrs : 53min : 51.325s  -  2021/03/18    Peak RAM  consumption on image                    1 was:                    0 kB
