 #              _____________________  _______________________             #
 #              ___  __ \__  __ \_  / / /_  /___  ____/_  ___/             #
 #              __  / / /_  /_/ /  / / /_  __/_  __/  _____ \              #
 #              _  /_/ /_  _, _// /_/ / / /_ _  /___  ____/ /              #
 #              /_____/ /_/ |_| \____/  \__/ /_____/  /____/               #
 #                                                                         #
  
 DRUtES is initializing, reading input files
 ---------------------------------------------------------------
 13hrs : 37min : 36.721s  -  2021/03/01    total number of parallel images is:                    1
 ---------------------------------------------------------------
 13hrs : 37min : 36.722s  -  2021/03/01    reading input files and allocating...
 ---------------------------------------------------------------
 13hrs : 37min : 36.725s  -  2021/03/01    number of nodes:                   61 number of elements:                   60
 ---------------------------------------------------------------
 13hrs : 37min : 36.730s  -  2021/03/01    analyzing mesh structure...
 ---------------------------------------------------------------
 13hrs : 37min : 36.740s  -  2021/03/01    DRUtES solves coupled water and heat flow considering freezing and melting
 ---------------------------------------------------------------
 13hrs : 37min : 36.741s  -  2021/03/01    making output files for observation time
 ---------------------------------------------------------------
 13hrs : 37min : 36.761s  -  2021/03/01    go 4 solving
 ---------------------------------------------------------------
 13hrs : 37min : 36.803s  -  2021/03/01    current simulation time:   1.0000000000000000 total iteration count:                    1
 ---------------------------------------------------------------
 13hrs : 38min : 10.453s  -  2021/03/01    making output files for observation time
 ---------------------------------------------------------------
 13hrs : 38min : 39.261s  -  2021/03/01    making output files for observation time
 ---------------------------------------------------------------
 13hrs : 38min : 57.647s  -  2021/03/01    making output files for observation time
 ---------------------------------------------------------------
 13hrs : 39min : 37.544s  -  2021/03/01    making output files for observation time
 ---------------------------------------------------------------
 13hrs : 42min : 37.311s  -  2021/03/01    making output files for observation time
 ---------------------------------------------------------------
 13hrs : 42min : 37.467s  -  2021/03/01    # real elapsed CPU time =   5.0005000000004660 min
 ---------------------------------------------------------------
 13hrs : 42min : 37.472s  -  2021/03/01    minimal adjusted time step was   1.0000000000000000
 ---------------------------------------------------------------
 13hrs : 42min : 37.472s  -  2021/03/01    F I N I S H E D !!!!!
 ---------------------------------------------------------------
 13hrs : 42min : 37.497s  -  2021/03/01    Peak RAM  consumption on image                    1 was:                    0 kB
