 #              _____________________  _______________________             #
 #              ___  __ \__  __ \_  / / /_  /___  ____/_  ___/             #
 #              __  / / /_  /_/ /  / / /_  __/_  __/  _____ \              #
 #              _  /_/ /_  _, _// /_/ / / /_ _  /___  ____/ /              #
 #              /_____/ /_/ |_| \____/  \__/ /_____/  /____/               #
 #                                                                         #
  
 DRUtES is initializing, reading input files
 ---------------------------------------------------------------
 14hrs : 31min : 56.114s  -  2021/03/01    total number of parallel images is:                    1
 ---------------------------------------------------------------
 14hrs : 31min : 56.115s  -  2021/03/01    reading input files and allocating...
 ---------------------------------------------------------------
 14hrs : 31min : 56.117s  -  2021/03/01    number of nodes:                   61 number of elements:                   60
 ---------------------------------------------------------------
 14hrs : 31min : 56.121s  -  2021/03/01    analyzing mesh structure...
 ---------------------------------------------------------------
 14hrs : 31min : 56.125s  -  2021/03/01    DRUtES solves coupled water and heat flow considering freezing and melting
 ---------------------------------------------------------------
 14hrs : 31min : 56.125s  -  2021/03/01    making output files for observation time
 ---------------------------------------------------------------
 14hrs : 31min : 56.147s  -  2021/03/01    go 4 solving
 ---------------------------------------------------------------
 14hrs : 31min : 56.198s  -  2021/03/01    current simulation time:   1.0000000000000000 total iteration count:                    1
 ---------------------------------------------------------------
 14hrs : 32min : 23.320s  -  2021/03/01    making output files for observation time
 ---------------------------------------------------------------
 14hrs : 32min : 41.094s  -  2021/03/01    making output files for observation time
 ---------------------------------------------------------------
 14hrs : 32min : 52.855s  -  2021/03/01    making output files for observation time
 ---------------------------------------------------------------
 14hrs : 33min : 13.733s  -  2021/03/01    making output files for observation time
 ---------------------------------------------------------------
 14hrs : 34min : 37.599s  -  2021/03/01    making output files for observation time
 ---------------------------------------------------------------
 14hrs : 34min : 37.743s  -  2021/03/01    # real elapsed CPU time =   2.7003333333336439 min
 ---------------------------------------------------------------
 14hrs : 34min : 37.748s  -  2021/03/01    minimal adjusted time step was   1.0000000000000000
 ---------------------------------------------------------------
 14hrs : 34min : 37.749s  -  2021/03/01    F I N I S H E D !!!!!
 ---------------------------------------------------------------
 14hrs : 34min : 37.774s  -  2021/03/01    Peak RAM  consumption on image                    1 was:                    0 kB
