 #              _____________________  _______________________             #
 #              ___  __ \__  __ \_  / / /_  /___  ____/_  ___/             #
 #              __  / / /_  /_/ /  / / /_  __/_  __/  _____ \              #
 #              _  /_/ /_  _, _// /_/ / / /_ _  /___  ____/ /              #
 #              /_____/ /_/ |_| \____/  \__/ /_____/  /____/               #
 #                                                                         #
  
 DRUtES is initializing, reading input files
 ---------------------------------------------------------------
 16hrs : 02min : 54.093s  -  2021/01/04    total number of parallel images is:                    1
 ---------------------------------------------------------------
 16hrs : 02min : 54.094s  -  2021/01/04    reading input files and allocating...
 ---------------------------------------------------------------
 16hrs : 02min : 54.097s  -  2021/01/04    number of nodes:                   61 number of elements:                   60
 ---------------------------------------------------------------
 16hrs : 02min : 54.101s  -  2021/01/04    analyzing mesh structure...
 ---------------------------------------------------------------
 16hrs : 02min : 54.111s  -  2021/01/04    DRUtES solves coupled water and heat flow considering freezing and melting
 ---------------------------------------------------------------
 16hrs : 02min : 54.112s  -  2021/01/04    making output files for observation time
 ---------------------------------------------------------------
 16hrs : 02min : 54.138s  -  2021/01/04    go 4 solving
 ---------------------------------------------------------------
 16hrs : 02min : 54.230s  -  2021/01/04    current simulation time:   1.0000000000000000 total iteration count:                    2
 ---------------------------------------------------------------
 16hrs : 03min : 56.717s  -  2021/01/04    making output files for observation time
 ---------------------------------------------------------------
 16hrs : 04min : 56.327s  -  2021/01/04    making output files for observation time
 ---------------------------------------------------------------
 16hrs : 06min : 04.678s  -  2021/01/04    making output files for observation time
 ---------------------------------------------------------------
 16hrs : 08min : 34.873s  -  2021/01/04    making output files for observation time
 ---------------------------------------------------------------
 16hrs : 08min : 34.899s  -  2021/01/04    making output files for observation time
 ---------------------------------------------------------------
 16hrs : 08min : 35.017s  -  2021/01/04    # real elapsed CPU time =   5.6838333333333289 min
 ---------------------------------------------------------------
 16hrs : 08min : 35.023s  -  2021/01/04    minimal adjusted time step was  0.91011600000000015
 ---------------------------------------------------------------
 16hrs : 08min : 35.024s  -  2021/01/04    F I N I S H E D !!!!!
 ---------------------------------------------------------------
 16hrs : 08min : 35.048s  -  2021/01/04    Peak RAM  consumption on image                    1 was:                    0 kB
