                  121                  121                  540
                    1                    1 -0.99281314103218699     
                    1                    2   4.3963035276207844E-004
                    1                   62  -6.7464079340082373E-003
                    1                   63   8.2068104259857879E-007
                    2                    1   2.1562573274917289E-004
                    2                    2 -0.99905065426469986     
                    2                    3   3.1141925642074619E-004
                    2                   62   4.0251986709262054E-007
                    2                   63  -4.2126841975957940E-004
                    2                   64   6.2980650353338043E-007
                    3                    2   3.1483637774920109E-004
                    3                    3 -0.99935285869975377     
                    3                    4   3.2959755428474608E-004
                    3                   63   6.3671720411355231E-007
                    3                   64  -1.3536841061349116E-006
                    3                   65   7.1696690202135929E-007
                    4                    3   3.3027662425800651E-004
                    4                    4 -0.99932331021136334     
                    4                    5   3.4341613151159370E-004
                    4                   64   7.1844406921709524E-007
                    4                   65  -1.4985164335539881E-006
                    4                   66   7.8007236433689282E-007
                    5                    4   3.4339283600209137E-004
                    5                    5 -0.99930230489971039     
                    5                    6   3.5110730036771125E-004
                    5                   65   7.8001944840922245E-007
                    5                   66  -1.5974819599497772E-006
                    5                   67   8.1746251154055469E-007
                    6                    5   3.5109240156645864E-004
                    6                    6 -0.99929051748915665     
                    6                    7   3.5508092865396668E-004
                    6                   66   8.1742782353640852E-007
                    6                   67  -1.6545903114552206E-006
                    6                   68   8.3716248791881188E-007
                    7                    6   3.5507323240855683E-004
                    7                    7 -0.99928465128923316     
                    7                    8   3.5690856444665968E-004
                    7                   67   8.3714434273715045E-007
                    7                   68  -1.6834569558280722E-006
                    7                   69   8.4631261309092186E-007
                    8                    7   3.5690508072473969E-004
                    8                    8 -0.99928203525711401     
                    8                    9   3.5766680178549642E-004
                    8                   68   8.4630435238189133E-007
                    8                   69  -1.6964301878851156E-006
                    8                   70   8.5012583550322432E-007
                    9                    8   3.5766538745619745E-004
                    9                    9 -0.99928097713595088     
                    9                   10   3.5795408489220189E-004
                    9                   69   8.5012247383289037E-007
                    9                   70  -1.7016958503711797E-006
                    9                   71   8.5157337653828924E-007
                   10                    9   3.5795356091344774E-004
                   10                   10 -0.99928058459797908     
                   10                   11   3.5805453697559155E-004
                   10                   70   8.5157212999194233E-007
                   10                   71  -1.7036520659179594E-006
                   10                   72   8.5207993592601720E-007
                   11                   10   3.5805435757687031E-004
                   11                   11 -0.99928044975846597     
                   11                   12   3.5808723516532042E-004
                   11                   71   8.5207950900208482E-007
                   11                   72  -1.7043243959486797E-006
                   11                   73   8.5224488694659463E-007
                   12                   11   3.5808717786720229E-004
                   12                   12 -0.99928040652680716     
                   12                   13   3.5809721533671307E-004
                   12                   72   8.5224475057751065E-007
                   12                   73  -1.7045399944379041E-006
                   12                   74   8.5229524386039339E-007
                   13                   12   3.5809719814078843E-004
                   13                   13 -0.99928039350296927     
                   13                   14   3.5810008899277900E-004
                   13                   73   8.5229520293294638E-007
                   13                   74  -1.7046049485591988E-006
                   13                   75   8.5230974562625250E-007
                   14                   13   3.5810008411503463E-004
                   14                   14 -0.99928038979540168     
                   14                   15   3.5810087360401419E-004
                   14                   74   8.5230973401679140E-007
                   14                   75  -1.7046234396547338E-006
                   14                   76   8.5231370563794247E-007
                   15                   14   3.5810087228984976E-004
                   15                   15 -0.99928038879318482     
                   15                   16   3.5810107764912405E-004
                   15                   75   8.5231370251010772E-007
                   15                   76  -1.7046284381070071E-006
                   15                   77   8.5231473559689921E-007
                   16                   15   3.5810107731141383E-004
                   16                   16 -0.99928038853484913     
                   16                   17   3.5810112838649744E-004
                   16                   76   8.5231473479311671E-007
                   16                   77  -1.7046297265262620E-006
                   16                   78   8.5231499173314517E-007
                   17                   16   3.5810112830341823E-004
                   17                   17 -0.99928038847111733     
                   17                   18   3.5810114049062043E-004
                   17                   77   8.5231499153540872E-007
                   17                   78  -1.7046300443801749E-006
                   17                   79   8.5231505284476623E-007
                   18                   17   3.5810114047099231E-004
                   18                   18 -0.99928038845602019     
                   18                   19   3.5810114326935259E-004
                   18                   78   8.5231505279804940E-007
                   18                   79  -1.7046301196736208E-006
                   18                   80   8.5231506687557149E-007
                   19                   18   3.5810114326488552E-004
                   19                   19 -0.99928038845257650     
                   19                   20   3.5810114388485373E-004
                   19                   79   8.5231506686493954E-007
                   19                   80  -1.7046301368487133E-006
                   19                   81   8.5231506998377372E-007
                   20                   19   3.5810114388387215E-004
                   20                   20 -0.99928038845181821     
                   20                   21   3.5810114401671597E-004
                   20                   80   8.5231506998143749E-007
                   20                   81  -1.7046301406311666E-006
                   20                   82   8.5231507064972902E-007
                   21                   20   3.5810114401650780E-004
                   21                   21 -0.99928038845165645     
                   21                   22   3.5810114404410026E-004
                   21                   81   8.5231507064923361E-007
                   21                   82  -1.7046301414372709E-006
                   21                   83   8.5231507078803722E-007
                   22                   21   3.5810114404405706E-004
                   22                   22 -0.99928038845162315     
                   22                   23   3.5810114404962086E-004
                   22                   82   8.5231507078793430E-007
                   22                   83  -1.7046301416038620E-006
                   22                   84   8.5231507081592768E-007
                   23                   22   3.5810114404961186E-004
                   23                   23 -0.99928038845161637     
                   23                   24   3.5810114405070338E-004
                   23                   83   8.5231507081590629E-007
                   23                   84  -1.7046301416373060E-006
                   23                   85   8.5231507082139983E-007
                   24                   23   3.5810114405070235E-004
                   24                   24 -0.99928038845161515     
                   24                   25   3.5810114405091160E-004
                   24                   84   8.5231507082139719E-007
                   24                   85  -1.7046301416438464E-006
                   24                   86   8.5231507082244920E-007
                   25                   24   3.5810114405091165E-004
                   25                   25 -0.99928038845161482     
                   25                   26   3.5810114405094971E-004
                   25                   85   8.5231507082244931E-007
                   25                   86  -1.7046301416450928E-006
                   25                   87   8.5231507082264359E-007
                   26                   25   3.5810114405094906E-004
                   26                   26 -0.99928038845161471     
                   26                   27   3.5810114405095616E-004
                   26                   86   8.5231507082264211E-007
                   26                   87  -1.7046301416453200E-006
                   26                   88   8.5231507082267779E-007
                   27                   26   3.5810114405095605E-004
                   27                   27 -0.99928038845161471     
                   27                   28   3.5810114405095833E-004
                   27                   87   8.5231507082267758E-007
                   27                   88  -1.7046301416453636E-006
                   27                   89   8.5231507082268595E-007
                   28                   27   3.5810114405095811E-004
                   28                   28 -0.99928038845161471     
                   28                   29   3.5810114405095887E-004
                   28                   88   8.5231507082268552E-007
                   28                   89  -1.7046301416453732E-006
                   28                   90   8.5231507082268753E-007
                   29                   28   3.5810114405095963E-004
                   29                   29 -0.99928038845161471     
                   29                   30   3.5810114405096229E-004
                   29                   89   8.5231507082268944E-007
                   29                   90  -1.7046301416453846E-006
                   29                   91   8.5231507082269526E-007
                   30                   29   3.5810114405096229E-004
                   30                   30 -0.99928038845161471     
                   30                   31   3.5810114405096017E-004
                   30                   90   8.5231507082269526E-007
                   30                   91  -1.7046301416453861E-006
                   30                   92   8.5231507082269071E-007
                   31                   30   3.5810114405095952E-004
                   31                   31 -0.99928038845161471     
                   31                   32   3.5810114405095735E-004
                   31                   91   8.5231507082268923E-007
                   31                   92  -1.7046301416453738E-006
                   31                   93   8.5231507082268468E-007
                   32                   31   3.5810114405095768E-004
                   32                   32 -0.99928038845161471     
                   32                   33   3.5810114405095768E-004
                   32                   92   8.5231507082268552E-007
                   32                   93  -1.7046301416453710E-006
                   32                   94   8.5231507082268552E-007
                   33                   32   3.5810114405095757E-004
                   33                   33 -0.99928038845161471     
                   33                   34   3.5810114405095757E-004
                   33                   93   8.5231507082268531E-007
                   33                   94  -1.7046301416453706E-006
                   33                   95   8.5231507082268531E-007
                   34                   33   3.5810114405095768E-004
                   34                   34 -0.99928038845161471     
                   34                   35   3.5810114405095817E-004
                   34                   94   8.5231507082268552E-007
                   34                   95  -1.7046301416453734E-006
                   34                   96   8.5231507082268785E-007
                   35                   34   3.5810114405095784E-004
                   35                   35 -0.99928038845161471     
                   35                   36   3.5810114405096126E-004
                   35                   95   8.5231507082268711E-007
                   35                   96  -1.7046301416453865E-006
                   35                   97   8.5231507082269918E-007
                   36                   35   3.5810114405096174E-004
                   36                   36 -0.99928038845161471     
                   36                   37   3.5810114405097269E-004
                   36                   96   8.5231507082270035E-007
                   36                   97  -1.7046301416454502E-006
                   36                   98   8.5231507082274990E-007
                   37                   36   3.5810114405097297E-004
                   37                   37 -0.99928038845161471     
                   37                   38   3.5810114405101883E-004
                   37                   97   8.5231507082275053E-007
                   37                   98  -1.7046301416457423E-006
                   37                   99   8.5231507082299173E-007
                   38                   37   3.5810114405101763E-004
                   38                   38 -0.99928038845161449     
                   38                   39   3.5810114405127822E-004
                   38                   98   8.5231507082298887E-007
                   38                   99  -1.7046301416472872E-006
                   38                  100   8.5231507082429849E-007
                   39                   38   3.5810114405127643E-004
                   39                   39 -0.99928038845161282     
                   39                   40   3.5810114405260474E-004
                   39                   99   8.5231507082429436E-007
                   39                  100  -1.7046301416552716E-006
                   39                  101   8.5231507083097713E-007
                   40                   39   3.5810114405259428E-004
                   40                   40 -0.99928038845160483     
                   40                   41   3.5810114405920119E-004
                   40                  100   8.5231507083095214E-007
                   40                  101  -1.7046301416951416E-006
                   40                  102   8.5231507086418940E-007
                   41                   40   3.5810114405915110E-004
                   41                   41 -0.99928038845156586     
                   41                   42   3.5810114409106839E-004
                   41                  101   8.5231507086407018E-007
                   41                  102  -1.7046301418887018E-006
                   41                  103   8.5231507102463152E-007
                   42                   41   3.5810114409083225E-004
                   42                   42 -0.99928038845138334     
                   42                   43   3.5810114424033381E-004
                   42                  102   8.5231507102406951E-007
                   42                  103  -1.7046301428002158E-006
                   42                  104   8.5231507177614625E-007
                   43                   42   3.5810114423925307E-004
                   43                   43 -0.99928038845055012     
                   43                   44   3.5810114491680159E-004
                   43                  103   8.5231507177357403E-007
                   43                  104  -1.7046301469556523E-006
                   43                  105   8.5231507518207823E-007
                   44                   43   3.5810114491203240E-004
                   44                   44 -0.99928038844688116     
                   44                   45   3.5810114787637200E-004
                   44                  104   8.5231507517072714E-007
                   44                  105  -1.7046301652539703E-006
                   44                  106   8.5231509008324309E-007
                   45                   44   3.5810114785608728E-004
                   45                   45 -0.99928038843131417     
                   45                   46   3.5810116034387787E-004
                   45                  105   8.5231509003496348E-007
                   45                  106  -1.7046302428914331E-006
                   45                  107   8.5231515285646962E-007
                   46                   45   3.5810116026094622E-004
                   46                   46 -0.99928038836784883     
                   46                   47   3.5810121077148945E-004
                   46                  106   8.5231515265908427E-007
                   46                  107  -1.7046305594182767E-006
                   46                  108   8.5231540675919230E-007
                   47                   46   3.5810121044661287E-004
                   47                   47 -0.99928038811997066     
                   47                   48   3.5810140599134936E-004
                   47                  107   8.5231540598595477E-007
                   47                  108  -1.7046317956865278E-006
                   47                  109   8.5231638970057293E-007
                   48                   47   3.5810140477593927E-004
                   48                   48 -0.99928038719562495     
                   48                   49   3.5810212678759058E-004
                   48                  108   8.5231638680777796E-007
                   48                  109  -1.7046364057999404E-006
                   48                  110   8.5232001899216258E-007
                   49                   48   3.5810212246138539E-004
                   49                   49 -0.99928038391702856     
                   49                   50   3.5810465499451277E-004
                   49                  109   8.5232000869534780E-007
                   49                  110  -1.7046527577372490E-006
                   49                  111   8.5233274904190121E-007
                   50                   49   3.5810464040458780E-004
                   50                   50 -0.99928037290261806     
                   50                   51   3.5811304159120245E-004
                   50                  110   8.5233271431610058E-007
                   50                  111  -1.7047076930444692E-006
                   50                  112   8.5237497872836867E-007
                   51                   50   3.5811299518942436E-004
                   51                   51 -0.99928033802149074     
                   51                   52   3.5813921996969469E-004
                   51                  111   8.5237486828359286E-007
                   51                  112  -1.7048816750632298E-006
                   51                  113   8.5250680677963709E-007
                   52                   51   3.5813908151327139E-004
                   52                   52 -0.99928023444635139     
                   52                   53   3.5821567539613648E-004
                   52                  112   8.5250647720097962E-007
                   52                  113  -1.7053983695878236E-006
                   52                  114   8.5289189238684423E-007
                   53                   52   3.5821528994478465E-004
                   53                   53 -0.99927994779567875     
                   53                   54   3.5842325653744869E-004
                   53                  113   8.5289097464829879E-007
                   53                  114  -1.7068289194765220E-006
                   53                  115   8.5393794482822319E-007
                   54                   53   3.5842226112465657E-004
                   54                   54 -0.99927921331844127     
                   54                   55   3.5894342441686599E-004
                   54                  114   8.5393557327242016E-007
                   54                  115  -1.7104980085621511E-006
                   54                  116   8.5656243528973088E-007
                   55                   54   3.5894105288482075E-004
                   55                   55 -0.99927748380503467     
                   55                   56   3.6013682684648044E-004
                   55                  115   8.5655677599880684E-007
                   55                  116  -1.7191576169829614E-006
                   55                  117   8.6260084098415475E-007
                   56                   55   3.6013163780877013E-004
                   56                   56 -0.99927377106094106     
                   56                   57   3.6262162658093848E-004
                   56                  116   8.6258841218498967E-007
                   56                  117  -1.7378373346253820E-006
                   56                  118   8.7524892244039245E-007
                   57                   56   3.6261122633733428E-004
                   57                   57 -0.99926656768737820     
                   57                   58   3.6727225477223584E-004
                   57                  117   8.7522381968495691E-007
                   57                  118  -1.7744157561775312E-006
                   57                  119   8.9919193649257430E-007
                   58                   57   3.6725314658689069E-004
                   58                   58 -0.99925405199663053     
                   58                   59   3.7501689155846409E-004
                   58                  118   8.9914515396010655E-007
                   58                  119  -1.8389826120430851E-006
                   58                  120   9.3983745808297876E-007
                   59                   58   3.7498469054610947E-004
                   59                   59 -0.99923476588895599     
                   59                   60   3.8636762704486019E-004
                   59                  119   9.3975675847109382E-007
                   59                  120  -1.9408967265468543E-006
                   59                  121   1.0011399680757605E-006
                   60                   59   3.8638349400398270E-004
                   60                   60 -0.99921013035854389     
                   60                   61   4.0040232529008508E-004
                   60                  120   1.0011810818902665E-006
                   60                  121  -2.0826410801428209E-006
                   61                   60   8.0112997986539730E-004
                   61                   61 -0.99919670622144541     
                   61                  121   2.1637986892249331E-006
                   62                    1  0.76211204323108117     
                   62                   62 -0.22947451497690061     
                   62                   63   8.4134417920181739E-003
                   63                    2  0.46496590468722854     
                   63                   62   4.0412297753715111E-002
                   63                   63 -0.45618289736341067     
                   63                   64   3.8438900195645741E-002
                   64                   63   9.3326833909521595E-002
                   64                   64 -0.81348201957728772     
                   64                   65   9.3191146513190729E-002
                   65                   64   9.3243523451590288E-002
                   65                   65 -0.81351231581705385     
                   65                   66   9.3244160731355816E-002
                   66                   65   9.3244975218390314E-002
                   66                   66 -0.81350955819674575     
                   66                   67   9.3245466584863879E-002
                   67                   66   9.3246001258201178E-002
                   67                   67 -0.81350777085978010     
                   67                   68   9.3246227882018723E-002
                   68                   67   9.3246530098877220E-002
                   68                   68 -0.81350684980194110     
                   68                   69   9.3246620099181665E-002
                   69                   68   9.3246763761959742E-002
                   69                   69 -0.81350644068944888     
                   69                   70   9.3246795548591388E-002
                   70                   69   9.3246855676228840E-002
                   70                   70 -0.81350627847253065     
                   70                   71   9.3246865851240548E-002
                   71                   70   9.3246888615261217E-002
                   71                   71 -0.81350621978255089     
                   71                   72   9.3246891602187854E-002
                   72                   71   9.3246899530351049E-002
                   72                   72 -0.81350620012922170     
                   72                   73   9.3246900340427208E-002
                   73                   72   9.3246902909057960E-002
                   73                   73 -0.81350619397803769     
                   73                   74   9.3246903112904331E-002
                   74                   73   9.3246903893354036E-002
                   74                   74 -0.81350619216562503     
                   74                   75   9.3246903941020962E-002
                   75                   74   9.3246904164809630E-002
                   75                   75 -0.81350619166004035     
                   75                   76   9.3246904175149983E-002
                   76                   75   9.3246904236024108E-002
                   76                   76 -0.81350619152588410     
                   76                   77   9.3246904238091802E-002
                   77                   76   9.3246904253869389E-002
                   77                   77 -0.81350619149188619     
                   77                   78   9.3246904254244284E-002
                   78                   77   9.3246904258155544E-002
                   78                   78 -0.81350619148362946     
                   78                   79   9.3246904258215094E-002
                   79                   78   9.3246904259145669E-002
                   79                   79 -0.81350619148170100     
                   79                   80   9.3246904259153329E-002
                   80                   79   9.3246904259366395E-002
                   80                   80 -0.81350619148126702     
                   80                   81   9.3246904259366575E-002
                   81                   80   9.3246904259413635E-002
                   81                   81 -0.81350619148117287     
                   81                   82   9.3246904259413427E-002
                   82                   81   9.3246904259423558E-002
                   82                   82 -0.81350619148115277     
                   82                   83   9.3246904259423738E-002
                   83                   82   9.3246904259425806E-002
                   83                   83 -0.81350619148114867     
                   83                   84   9.3246904259425528E-002
                   84                   83   9.3246904259425931E-002
                   84                   84 -0.81350619148114811     
                   84                   85   9.3246904259425903E-002
                   85                   84   9.3246904259426028E-002
                   85                   85 -0.81350619148114767     
                   85                   86   9.3246904259426250E-002
                   86                   85   9.3246904259426305E-002
                   86                   86 -0.81350619148114778     
                   86                   87   9.3246904259426069E-002
                   87                   86   9.3246904259426028E-002
                   87                   87 -0.81350619148114789     
                   87                   88   9.3246904259426028E-002
                   88                   87   9.3246904259426028E-002
                   88                   88 -0.81350619148114811     
                   88                   89   9.3246904259426028E-002
                   89                   88   9.3246904259426000E-002
                   89                   89 -0.81350619148114800     
                   89                   90   9.3246904259426000E-002
                   90                   89   9.3246904259426069E-002
                   90                   90 -0.81350619148114733     
                   90                   91   9.3246904259426597E-002
                   91                   90   9.3246904259426597E-002
                   91                   91 -0.81350619148114733     
                   91                   92   9.3246904259426083E-002
                   92                   91   9.3246904259426028E-002
                   92                   92 -0.81350619148114811     
                   92                   93   9.3246904259426014E-002
                   93                   92   9.3246904259426028E-002
                   93                   93 -0.81350619148114800     
                   93                   94   9.3246904259426028E-002
                   94                   93   9.3246904259426028E-002
                   94                   94 -0.81350619148114800     
                   94                   95   9.3246904259426028E-002
                   95                   94   9.3246904259426028E-002
                   95                   95 -0.81350619148114800     
                   95                   96   9.3246904259426028E-002
                   96                   95   9.3246904259426014E-002
                   96                   96 -0.81350619148114811     
                   96                   97   9.3246904259426028E-002
                   97                   96   9.3246904259426069E-002
                   97                   97 -0.81350619148114733     
                   97                   98   9.3246904259426597E-002
                   98                   97   9.3246904259426597E-002
                   98                   98 -0.81350619148114733     
                   98                   99   9.3246904259426083E-002
                   99                   98   9.3246904259426028E-002
                   99                   99 -0.81350619148114778     
                   99                  100   9.3246904259426083E-002
                  100                   99   9.3246904259426111E-002
                  100                  100 -0.81350619148114733     
                  100                  101   9.3246904259426472E-002
                  101                  100   9.3246904259426569E-002
                  101                  101 -0.81350619148114511     
                  101                  102   9.3246904259428331E-002
                  102                  101   9.3246904259428831E-002
                  102                  102 -0.81350619148113379     
                  102                  103   9.3246904259437297E-002
                  103                  102   9.3246904259439781E-002
                  103                  103 -0.81350619148108050     
                  103                  104   9.3246904259479707E-002
                  104                  103   9.3246904259491212E-002
                  104                  104 -0.81350619148084102     
                  104                  105   9.3246904259667723E-002
                  105                  104   9.3246904259720556E-002
                  105                  105 -0.81350619147979097     
                  105                  106   9.3246904260488553E-002
                  106                  105   9.3246904260722324E-002
                  106                  106 -0.81350619147535008     
                  106                  107   9.3246904263927663E-002
                  107                  106   9.3246904264923242E-002
                  107                  107 -0.81350619145732284     
                  107                  108   9.3246904277753867E-002
                  108                  107   9.3246904281825069E-002
                  108                  108 -0.81350619138725411     
                  108                  109   9.3246904330920741E-002
                  109                  108   9.3246904346853968E-002
                  109                  109 -0.81350619112738110     
                  109                  110   9.3246904525764895E-002
                  110                  109   9.3246904585230356E-002
                  110                  110 -0.81350619021125770     
                  110                  111   9.3246905203511921E-002
                  111                  110   9.3246905414308204E-002
                  111                  111 -0.81350618715476175     
                  111                  112   9.3246907430930046E-002
                  112                  111   9.3246908137487261E-002
                  112                  112 -0.81350617755025356     
                  112                  113   9.3246914312259108E-002
                  113                  112   9.3246916540599994E-002
                  113                  113 -0.81350614927470188     
                  113                  114   9.3246934184698163E-002
                  114                  113   9.3246940763381608E-002
                  114                  114 -0.81350607172071188     
                  114                  115   9.3246987515906515E-002
                  115                  114   9.3247005610288841E-002
                  115                  115 -0.81350587462723878     
                  115                  116   9.3247119762472311E-002
                  116                  115   9.3247165964246370E-002
                  116                  116 -0.81350541268492471     
                  116                  117   9.3247421350829016E-002
                  117                  116   9.3247530667123671E-002
                  117                  117 -0.81350441723784661     
                  117                  118   9.3248052095029815E-002
                  118                  117   9.3248291183085752E-002
                  118                  118 -0.81350244793739035     
                  118                  119   9.3249260879523829E-002
                  119                  118   9.3249738561261786E-002
                  119                  119 -0.81349887911920460     
                  119                  120   9.3251382319533602E-002
                  120                  119   9.3252236310592054E-002
                  120                  120 -0.81349300836911043     
                  120                  121   9.3254755320297408E-002
                  121                  120  0.10285130786459136     
                  121                  121 -0.89714869213540860     
