                  121                  121                  553
                    1                    1 -0.99999963613851695     
                    1                    2   1.8794364351683912E-020
                    1                   62  -3.6386148301058967E-007
                    1                   63   2.5700334923627903E-018
                    2                    1   9.4058682759302543E-021
                    2                    2 -0.99999958902285890     
                    2                    3   1.4764842217125694E-020
                    2                   62   1.2862045260779224E-018
                    2                   63  -4.1097714109795692E-007
                    2                   64   2.0068783893751142E-018
                    3                    2   1.4969421099018947E-020
                    3                    3 -0.99999949534809274     
                    3                    4   2.4484078071300759E-020
                    3                   63   2.0346853195783969E-018
                    3                   64  -5.0465190721753970E-007
                    3                   65   3.3068634325681908E-018
                    4                    3   2.4720735650446798E-020
                    4                    4 -0.99999937039365561     
                    4                    5   4.2422554160316426E-020
                    4                   64   3.3388268290350346E-018
                    4                   65  -6.2960634443614871E-007
                    4                   66   5.6915951051437163E-018
                    5                    4   4.1939448668785816E-020
                    5                    5 -0.99999921314041462     
                    5                    6   7.6010656257565937E-020
                    5                   65   5.6267795629094447E-018
                    5                   66  -7.8685958532242010E-007
                    5                   67   1.0127436117765686E-017
                    6                    5   7.5504772911571572E-020
                    6                    6 -0.99999898457044445     
                    6                    7   1.4662874712132850E-019
                    6                   66   1.0060033709710703E-017
                    6                   67  -1.0154295555067589E-006
                    6                   68   1.9395970347202845E-017
                    7                    6   1.4614523315559934E-019
                    7                    7 -0.99999863752686646     
                    7                    8   3.1096184914358551E-019
                    7                   67   1.9332011384681113E-017
                    7                   68  -1.3624731335489455E-006
                    7                   69   4.0826262815995767E-017
                    8                    7   3.1016361183386530E-019
                    8                    8 -0.99999808094013187     
                    8                    9   7.4933676427629949E-019
                    8                   68   4.0721462030028216E-017
                    8                   69  -1.9190598679846133E-006
                    8                   70   9.7613262669383106E-017
                    9                    8   7.5642069540919800E-019
                    9                    9 -0.99999706930009513     
                    9                   10   2.2081427767413552E-018
                    9                   69   9.8536059552404416E-017
                    9                   70  -2.9306999044451720E-006
                    9                   71   2.8529610616127754E-016
                   10                    9   2.2123608753271873E-018
                   10                   10 -0.99999506222804235     
                   10                   11   8.7220097102053598E-018
                   10                   70   2.8584109225303657E-016
                   10                   71  -4.9377719561752264E-006
                   10                   72   1.1172556491200272E-015
                   11                   10   8.6790835623497447E-018
                   11                   11 -0.99999008763980157     
                   11                   12   6.0441034443383320E-017
                   11                   71   1.1117569759036316E-015
                   11                   72  -9.9123601895344461E-006
                   11                   73   7.6722161873509110E-015
                   12                   11   6.0358785317014533E-017
                   12                   12 -0.99996929653498146     
                   12                   13   2.1713136612538927E-015
                   12                   72   7.6617757128531880E-015
                   12                   73  -3.0703464735894449E-005
                   12                   74   2.7278400019237070E-013
                   13                   12   2.2126333990347604E-015
                   13                   13 -0.99706187447038652     
                   13                   14   2.1696029411358589E-006
                   13                   73   2.7797503433907056E-013
                   13                   74  -2.9211718134001699E-003
                   13                   75   1.4784112991960617E-005
                   14                   13   2.2552184738389874E-006
                   14                   14 -0.95892579308776393     
                   14                   15   1.0878168162349279E-003
                   14                   74   1.5367514537631131E-005
                   14                   75  -3.9714369800295496E-002
                   14                   76   2.5439756269419122E-004
                   15                   14   1.0903190742376379E-003
                   15                   15 -0.99460975777649596     
                   15                   16   1.1772911583962781E-003
                   15                   75   2.5498274241160431E-004
                   15                   76  -2.8655739155572968E-003
                   15                   77   2.0753329012402521E-006
                   16                   15   1.1788393423266034E-003
                   16                   16 -0.99761257800106506     
                   16                   17   1.2001212136915830E-003
                   16                   76   2.0780620451948810E-006
                   16                   77  -4.2307214583638978E-006
                   16                   78   2.1526594131690172E-006
                   17                   16   1.1997267197347769E-003
                   17                   17 -0.99757290583564173     
                   17                   18   1.2186158036044496E-003
                   17                   77   2.1519518087038441E-006
                   17                   78  -4.3758205095240570E-006
                   17                   79   2.2238687008202125E-006
                   18                   17   1.2185158061470132E-003
                   18                   18 -0.99753544210476242     
                   18                   19   1.2370039170674213E-003
                   18                   78   2.2236862140880552E-006
                   18                   79  -4.5190860115368324E-006
                   18                   80   2.2953997974487768E-006
                   19                   18   1.2369094336478427E-003
                   19                   19 -0.99749873448977033     
                   19                   20   1.2550322299690101E-003
                   19                   79   2.2952244728445693E-006
                   19                   80  -4.6619233064164012E-006
                   19                   81   2.3666988335718311E-006
                   20                   19   1.2549373320884807E-003
                   20                   20 -0.99746275719486333     
                   20                   21   1.2726970468134020E-003
                   20                   80   2.3665198782447934E-006
                   20                   81  -4.8042131174321610E-006
                   20                   82   2.4376932391873676E-006
                   21                   20   1.2726017024251638E-003
                   21                   21 -0.99742750581976136     
                   21                   22   1.2900008032548634E-003
                   21                   81   2.4375106188448558E-006
                   21                   82  -4.9458372792695017E-006
                   21                   83   2.5083266604246463E-006
                   22                   21   1.2899051382585080E-003
                   22                   22 -0.99739297543934136     
                   22                   23   1.3069460518072495E-003
                   22                   82   2.5081406457646384E-006
                   22                   83  -5.0866852964174288E-006
                   22                   84   2.5785446506527900E-006
                   23                   22   1.3068501932465321E-003
                   23                   23 -0.99735916140121716     
                   23                   24   1.3235351075580020E-003
                   23                   83   2.5783555261065889E-006
                   23                   84  -5.2266489891596189E-006
                   23                   85   2.6482934630530308E-006
                   24                   23   1.3234391805500901E-003
                   24                   24 -0.99732605943563490     
                   24                   25   1.3397701400356871E-003
                   24                   84   2.6481015203788000E-006
                   24                   85  -5.3656218896762432E-006
                   24                   86   2.7175203692974427E-006
                   25                   24   1.3396742668010844E-003
                   25                   25 -0.99729366535453112     
                   25                   26   1.3556533778625412E-003
                   25                   85   2.7173259049933670E-006
                   25                   86  -5.5035004026005357E-006
                   25                   87   2.7861744976071679E-006
                   26                   25   1.3555576761008507E-003
                   26                   26 -0.99726197459005073     
                   26                   27   1.3711873623165848E-003
                   26                   86   2.7859778088280502E-006
                   26                   87  -5.6401857658793453E-006
                   26                   88   2.8542079570512951E-006
                   27                   26   1.3710919431793524E-003
                   27                   27 -0.99723098167433621     
                   27                   28   1.3863752096451025E-003
                   27                   87   2.8540093364482847E-006
                   27                   88  -5.7755864196766643E-006
                   27                   89   2.9215770832283801E-006
                   28                   27   1.3862801755767527E-003
                   28                   28 -0.99720067973704929     
                   28                   29   1.4012208464641528E-003
                   28                   88   2.9213768132334429E-006
                   28                   89  -5.9096204549283693E-006
                   28                   90   2.9882436416949268E-006
                   29                   28   1.4011262891612938E-003
                   29                   29 -0.99717106008322332     
                   29                   30   1.4157291919321485E-003
                   29                   89   2.9880419887864949E-006
                   29                   90  -6.0422178415999883E-006
                   29                   91   3.0541758528134930E-006
                   30                   29   1.4156351906123871E-003
                   30                   30 -0.99714211189151769     
                   30                   31   1.4299062734415124E-003
                   30                   90   3.0539730622214904E-006
                   30                   91  -6.1733222142461445E-006
                   30                   92   3.1193491520246545E-006
                   31                   30   1.4298128935332183E-003
                   31                   31 -0.99711382204744126     
                   31                   32   1.4437592748325690E-003
                   31                   91   3.1191454431920102E-006
                   31                   92  -6.3028920964861583E-006
                   31                   93   3.1837466532941481E-006
                   32                   31   1.4436665671207661E-003
                   32                   32 -0.99708617510495112     
                   32                   33   1.4572965248425022E-003
                   32                   92   3.1835422162579109E-006
                   32                   93  -6.4309015427890523E-006
                   32                   94   3.2473593265311410E-006
                   33                   32   1.4572045250492217E-003
                   33                   33 -0.99705915335639961     
                   33                   34   1.4705274380590681E-003
                   33                   93   3.2471543192579779E-006
                   33                   94  -6.5573402460923829E-006
                   33                   95   3.3101859268344046E-006
                   34                   33   1.4704361668015098E-003
                   34                   34 -0.99703273698502326     
                   34                   35   1.4834624217772948E-003
                   34                   94   3.3099804734545660E-006
                   34                   95  -6.6822131989844191E-006
                   34                   96   3.3722327255298531E-006
                   35                   34   1.4833718848316314E-003
                   35                   35 -0.99700690427409056     
                   35                   36   1.4961127610588066E-003
                   35                   95   3.3720269153613218E-006
                   35                   96  -6.8055400094765518E-006
                   35                   97   3.4335130941152300E-006
                   36                   35   1.4960229498551601E-003
                   36                   36 -0.99698163185010857     
                   36                   37   1.5084904920996639E-003
                   36                   96   3.4333069813463632E-006
                   36                   97  -6.9273539682654752E-006
                   36                   98   3.4940469869191120E-006
                   37                   36   1.5084013843787692E-003
                   37                   37 -0.99695689494216788     
                   37                   38   1.5206082715513720E-003
                   37                   97   3.4938405908129822E-006
                   37                   98  -7.0477009510131909E-006
                   37                   99   3.5538603602002078E-006
                   38                   37   1.5205198321211596E-003
                   38                   38 -0.99693266764423150     
                   38                   39   1.5324792472019837E-003
                   38                   98   3.5536536656877610E-006
                   38                   99  -7.1666382227173472E-006
                   38                  100   3.6129845570295862E-006
                   39                   38   1.5323914287397181E-003
                   39                   39 -0.99690892317124091     
                   39                   40   1.5441169336283826E-003
                   39                   99   3.6127775155648700E-006
                   39                  100  -7.2842331955200773E-006
                   39                  101   3.6714556799552069E-006
                   40                   39   1.5440296774795938E-003
                   40                   40 -0.99688563410304498     
                   40                   41   1.5555350951189579E-003
                   40                  100   3.6712482105103063E-006
                   40                  101  -7.4005621781749214E-006
                   40                  102   3.7293139676646142E-006
                   41                   40   1.5554483320470601E-003
                   41                   41 -0.99686277261238221     
                   41                   42   1.5667476372799314E-003
                   41                  101   3.7291059577412630E-006
                   41                  102  -7.5157091453823027E-006
                   41                  103   3.7866031876410397E-006
                   42                   41   1.5666612881195328E-003
                   42                   42 -0.99684031067459911     
                   42                   43   1.5777685081852023E-003
                   42                  102   3.7863944941678633E-006
                   42                  103  -7.6297645480728236E-006
                   42                  104   3.8433700539049607E-006
                   43                   42   1.5776824843473547E-003
                   43                   43 -0.99681822025767830     
                   43                   44   1.5886116096125117E-003
                   43                  103   3.8431605038723739E-006
                   43                  104  -7.7428241808906762E-006
                   43                  105   3.8996636770183022E-006
                   44                   43   1.5885258133799011E-003
                   44                   44 -0.99679647349163170     
                   44                   45   1.5992907187485741E-003
                   44                  104   3.8994530676724355E-006
                   44                  105  -7.8549881199645587E-006
                   44                  106   3.9555350522921232E-006
                   45                   44   1.5992050432804214E-003
                   45                   45 -0.99677504281655138     
                   45                   46   1.6098194206841797E-003
                   45                  105   3.9553231506575885E-006
                   45                  106  -7.9663597419878785E-006
                   45                  107   4.0110365913302900E-006
                   46                   45   1.6097337496204188E-003
                   46                   46 -0.99675390110868400     
                   46                   47   1.6202110520271574E-003
                   46                  106   4.0108231327478262E-006
                   46                  107  -8.0770448342469149E-006
                   46                  108   4.0662217014990887E-006
                   47                   46   1.6201252585311210E-003
                   47                   47 -0.99673302178383538     
                   47                   48   1.6304786560248764E-003
                   47                  107   4.0660063867257486E-006
                   47                  108  -8.1871508042641159E-006
                   47                  109   4.1211444175383673E-006
                   48                   47   1.6303926010199903E-003
                   48                   48 -0.99671237887725972     
                   48                   49   1.6406349497262551E-003
                   48                  108   4.1209269077281791E-006
                   48                  109  -8.2967859970386034E-006
                   48                  110   4.1758590893104234E-006
                   49                   48   1.6405484789411098E-003
                   49                   49 -0.99669194709882514     
                   49                   50   1.6506923039787125E-003
                   49                  109   4.1756389978061138E-006
                   49                  110  -8.4060591274947709E-006
                   49                  111   4.2304201296886563E-006
                   50                   49   1.6506052431703080E-003
                   50                   50 -0.99667170186160392     
                   50                   51   1.6606627375540190E-003
                   50                  110   4.2301970088832257E-006
                   50                  111  -8.5150788358816253E-006
                   50                  112   4.2848818269984005E-006
                   51                   50   1.6605748848811728E-003
                   51                   51 -0.99665161928095880     
                   51                   52   1.6705579274109029E-003
                   51                  111   4.2846551474247462E-006
                   51                  112  -8.6239533746195305E-006
                   51                  113   4.3392982271947834E-006
                   52                   51   1.6704690418374148E-003
                   52                   52 -0.99663167614216797     
                   52                   53   1.6803892351298678E-003
                   52                  112   4.3390673456401055E-006
                   52                  113  -8.7327904323791977E-006
                   52                  114   4.3937230867390922E-006
                   53                   52   1.6802990263276511E-003
                   53                   53 -0.99661184986663309     
                   53                   54   1.6901677129469602E-003
                   53                  113   4.3934872172818020E-006
                   53                  114  -8.8416970461258234E-006
                   53                  115   4.4482098288440214E-006
                   54                   53   1.6900759066103112E-003
                   54                   54 -0.99659211880808418     
                   54                   55   1.6999037272193318E-003
                   54                  114   4.4479682114909602E-006
                   54                  115  -8.9507790430940971E-006
                   54                  116   4.5028108316031378E-006
                   55                   54   1.6998107818276297E-003
                   55                   55 -0.99657246531128341     
                   55                   56   1.7096036350575088E-003
                   55                  115   4.5025646320626562E-006
                   55                  116  -9.0601359157334219E-006
                   55                  117   4.5575712836707649E-006
                   56                   55   1.7095155514912012E-003
                   56                   56 -0.99655289529313773     
                   56                   57   1.7192494993564917E-003
                   56                  116   4.5573364648366590E-006
                   56                  117  -9.1698280073122404E-006
                   56                  118   4.6124915424755822E-006
                   57                   56   1.7192022871561367E-003
                   57                   57 -0.99653353203217643     
                   57                   58   1.7287062412227098E-003
                   57                  117   4.6123648791408415E-006
                   57                  118  -9.2797197223640179E-006
                   57                  119   4.6673548432231756E-006
                   58                   57   1.7288574183055229E-003
                   58                   58 -0.99651493655346934     
                   58                   59   1.7374281293412459E-003
                   58                  118   4.6677630080535131E-006
                   58                  119  -9.3889494419595521E-006
                   58                  120   4.7211864339060407E-006
                   59                   58   1.7382744030212235E-003
                   59                   59 -0.99649874770463165     
                   59                   60   1.7439880885132325E-003
                   59                  119   4.7234860489230922E-006
                   59                  120  -9.4949019169657261E-006
                   59                  121   4.7714158680426347E-006
                   60                   59   1.7465445135160494E-003
                   60                   60 -0.99649263868401783     
                   60                   61   1.7464452804960896E-003
                   60                  120   4.7784100481659057E-006
                   60                  121  -9.5931119218303388E-006
                   61                   60   3.4989369974023263E-003
                   61                   61 -0.99649141692968290     
                   61                  121   9.6460729147159237E-006
                   62                    1   1.2019170560672827E-002
                   62                   62 -0.58960964489640943     
                   62                   63  0.39837118454291764     
                   63                    2   1.3480037878010821E-002
                   63                   62  0.19918709424317593     
                   63                   63 -0.58887829202497244     
                   63                   64  0.19845457585384074     
                   64                    3   1.6208958446428969E-002
                   64                   63  0.19896685476059317     
                   64                   64 -0.58760880965468176     
                   64                   65  0.19721537713829618     
                   65                    4   1.9795904025685263E-002
                   65                   64  0.19712368138250169     
                   65                   65 -0.58567490455689708     
                   65                   66  0.19740551003491597     
                   66                    5   2.4491121156064957E-002
                   66                   65  0.19574936608476495     
                   66                   66 -0.58269026978976912     
                   66                   67  0.19706924296940084     
                   67                    6   3.0993579481561982E-002
                   67                   66  0.19503243582311880     
                   67                   67 -0.57857404570741988     
                   67                   68  0.19539993898789926     
                   68                    7   4.0423955897929506E-002
                   68                   67  0.19311126903805292     
                   68                   68 -0.57284780083656495     
                   68                   69  0.19361697422745258     
                   69                    8   5.4757916467823887E-002
                   69                   68  0.19065563311187861     
                   69                   69 -0.56436660030819930     
                   69                   70  0.19021985011209813     
                   70                    9   7.8075055511944436E-002
                   70                   69  0.18603018160488158     
                   70                   70 -0.55071236351719555     
                   70                   71  0.18518239936597844     
                   71                   10  0.11859070948566061     
                   71                   70  0.17714327074677660     
                   71                   71 -0.52678993333538449     
                   71                   72  0.17747608643217835     
                   72                   11  0.19612341511158307     
                   72                   71  0.16138484904137501     
                   72                   72 -0.48083870323982247     
                   72                   73  0.16165303260721947     
                   73                   12  0.36481511684399903     
                   73                   72  0.12687048047376209     
                   73                   73 -0.38138283096955145     
                   73                   74  0.12693157171268735     
                   74                   13  0.67239445311291379     
                   74                   73   3.7227677309110099E-002
                   74                   74 -0.25586331096893594     
                   74                   75   3.4514558609040097E-002
                   75                   14  0.61914069884131340     
                   75                   74   6.2508419679022566E-003
                   75                   75 -0.36938548649470382     
                   75                   76   5.2229726960805502E-003
                   76                   15  0.40255954976407610     
                   76                   75   5.9904275567951089E-002
                   76                   76 -0.47774594886164906     
                   76                   77   5.9790225806323774E-002
                   77                   76  0.18013653992149939     
                   77                   77 -0.63969774027558612     
                   77                   78  0.18016571980291449     
                   78                   77  0.18015174853496382     
                   78                   78 -0.63969561530241126     
                   78                   79  0.18015263616262511     
                   79                   78  0.18015169202784187     
                   79                   79 -0.63969626502051880     
                   79                   80  0.18015204295163934     
                   80                   79  0.18015141359401501     
                   80                   80 -0.63969679823621151     
                   80                   81  0.18015178816977359     
                   81                   80  0.18015120928620446     
                   81                   81 -0.63969717105750090     
                   81                   82  0.18015161965629467     
                   82                   81  0.18015108076851333     
                   82                   82 -0.63969739526206815     
                   82                   83  0.18015152396941861     
                   83                   82  0.18015102189570059     
                   83                   83 -0.63969748331490128     
                   83                   84  0.18015149478939818     
                   84                   83  0.18015102677560521     
                   84                   84 -0.63969744685663021     
                   84                   85  0.18015152636776460     
                   85                   84  0.18015108990948489     
                   85                   85 -0.63969729673898268     
                   85                   86  0.18015161335153232     
                   86                   85  0.18015120615938526     
                   86                   86 -0.63969704308683684     
                   86                   87  0.18015175075377782     
                   87                   86  0.18015137072047407     
                   87                   87 -0.63969669534705076     
                   87                   88  0.18015193393247511     
                   88                   87  0.18015157910181562     
                   88                   88 -0.63969626232345100     
                   88                   89  0.18015215857473346     
                   89                   88  0.18015182711435893     
                   89                   89 -0.63969575220022934     
                   89                   90  0.18015242068541176     
                   90                   89  0.18015211086411898     
                   90                   90 -0.63969517255716279     
                   90                   91  0.18015271657871815     
                   91                   90  0.18015242674828344     
                   91                   91 -0.63969453038039559     
                   91                   92  0.18015304287132095     
                   92                   91  0.18015277145220385     
                   92                   92 -0.63969383207211172     
                   92                   93  0.18015339647568443     
                   93                   92  0.18015314194576454     
                   93                   93 -0.63969308346160814     
                   93                   94  0.18015377459262738     
                   94                   93  0.18015353547814092     
                   94                   94 -0.63969228981929693     
                   94                   95  0.18015417470256215     
                   95                   94  0.18015394957053368     
                   95                   95 -0.63969145587429299     
                   95                   96  0.18015459455517324     
                   96                   95  0.18015438200680525     
                   96                   96 -0.63969058583559746     
                   96                   97  0.18015503215759721     
                   97                   96  0.18015483082220854     
                   97                   97 -0.63968968341645593     
                   97                   98  0.18015548576133553     
                   98                   97  0.18015529429052207     
                   98                   98 -0.63968875186125407     
                   98                   99  0.18015595384822375     
                   99                   98  0.18015577090993498     
                   99                   99 -0.63968779397422892     
                   99                  100  0.18015643511583604     
                  100                   99  0.18015625938804833     
                  100                  100 -0.63968681214929990     
                  100                  101  0.18015692846265172     
                  101                  100  0.18015675862625735     
                  101                  101 -0.63968580840038425     
                  101                  102  0.18015743297335834     
                  102                  101  0.18015726770379042     
                  102                  102 -0.63968478439162502     
                  102                  103  0.18015794790458459     
                  103                  102  0.18015778586156345     
                  103                  103 -0.63968374146705620     
                  103                  104  0.18015847267138041     
                  104                  103  0.18015831248596295     
                  104                  104 -0.63968268067928402     
                  104                  105  0.18015900683475300     
                  105                  104  0.18015884709256122     
                  105                  105 -0.63968160281680264     
                  105                  106  0.18015955009063614     
                  106                  105  0.18015938930968137     
                  106                  106 -0.63968050842960344     
                  106                  107  0.18016010226071516     
                  107                  106  0.18015993886149423     
                  107                  107 -0.63967939785272787     
                  107                  108  0.18016066328577787     
                  108                  107  0.18016049555011696     
                  108                  108 -0.63967827122736698     
                  108                  109  0.18016123322251604     
                  109                  108  0.18016105923568063     
                  109                  109 -0.63967712851903591     
                  109                  110  0.18016181224528352     
                  110                  109  0.18016162981256797     
                  110                  110 -0.63967596953215244     
                  110                  111  0.18016240065527969     
                  111                  110  0.18016220717859069     
                  111                  111 -0.63967479391999771     
                  111                  112  0.18016299890141158     
                  112                  111  0.18016279119244599     
                  112                  112 -0.63967360118867644     
                  112                  113  0.18016360761887754     
                  113                  112  0.18016338162801540     
                  113                  113 -0.63967239069667392     
                  113                  114  0.18016422767531071     
                  114                  113  0.18016397831303135     
                  114                  114 -0.63967116169160720     
                  114                  115  0.18016485999536147     
                  115                  114  0.18016458314674386     
                  115                  115 -0.63966991375684190     
                  115                  116  0.18016550309641419     
                  116                  115  0.18016521555825896     
                  116                  116 -0.63966865015722785     
                  116                  117  0.18016613428451328     
                  117                  116  0.18016600229149585     
                  117                  117 -0.63966739678270290     
                  117                  118  0.18016660092580133     
                  118                  117  0.18016756874944673     
                  118                  118 -0.63966628152691940     
                  118                  119  0.18016614972363393     
                  119                  118  0.18017217031658758     
                  119                  119 -0.63966574764907658     
                  119                  120  0.18016208203433579     
                  120                  119  0.18018496828228764     
                  120                  120 -0.63966673495914628     
                  120                  121  0.18014829675856617     
                  121                  120  0.21980076024136902     
                  121                  121 -0.78019923975863104     
