 #              _____________________  _______________________             #
 #              ___  __ \__  __ \_  / / /_  /___  ____/_  ___/             #
 #              __  / / /_  /_/ /  / / /_  __/_  __/  _____ \              #
 #              _  /_/ /_  _, _// /_/ / / /_ _  /___  ____/ /              #
 #              /_____/ /_/ |_| \____/  \__/ /_____/  /____/               #
 #                                                                         #
  
 DRUtES is initializing, reading input files
 ---------------------------------------------------------------
 11hrs : 16min : 09.587s  -  2021/11/11    total number of parallel images is:                    1
 ---------------------------------------------------------------
 11hrs : 16min : 09.588s  -  2021/11/11    reading input files and allocating...
 ---------------------------------------------------------------
 11hrs : 16min : 09.619s  -  2021/11/11    number of nodes:                   61 number of elements:                   60
 ---------------------------------------------------------------
 11hrs : 16min : 09.624s  -  2021/11/11    analyzing mesh structure...
 ---------------------------------------------------------------
 11hrs : 16min : 09.631s  -  2021/11/11    DRUtES solves coupled water and heat flow considering freezing and melting
 ---------------------------------------------------------------
 11hrs : 16min : 09.632s  -  2021/11/11    making output files for observation time
 ---------------------------------------------------------------
 11hrs : 16min : 09.652s  -  2021/11/11    go 4 solving
 ---------------------------------------------------------------
 11hrs : 16min : 09.715s  -  2021/11/11    current simulation time:   1.0000000000000000 total iteration count:                    1
 ---------------------------------------------------------------
 11hrs : 16min : 54.615s  -  2021/11/11    making output files for observation time
 ---------------------------------------------------------------
 11hrs : 17min : 13.253s  -  2021/11/11    making output files for observation time
 ---------------------------------------------------------------
 11hrs : 17min : 26.316s  -  2021/11/11    making output files for observation time
 ---------------------------------------------------------------
 11hrs : 17min : 48.853s  -  2021/11/11    making output files for observation time
 ---------------------------------------------------------------
 11hrs : 19min : 43.678s  -  2021/11/11    making output files for observation time
 ---------------------------------------------------------------
 11hrs : 19min : 43.923s  -  2021/11/11    # real elapsed CPU time =   3.5670000000000073 min
 ---------------------------------------------------------------
 11hrs : 19min : 43.930s  -  2021/11/11    minimal adjusted time step was   1.0000000000000000
 ---------------------------------------------------------------
 11hrs : 19min : 43.930s  -  2021/11/11    F I N I S H E D !!!!!
 ---------------------------------------------------------------
 11hrs : 19min : 44.220s  -  2021/11/11    Peak RAM  consumption on image                    1 was:                    0 kB
