 #              _____________________  _______________________             #
 #              ___  __ \__  __ \_  / / /_  /___  ____/_  ___/             #
 #              __  / / /_  /_/ /  / / /_  __/_  __/  _____ \              #
 #              _  /_/ /_  _, _// /_/ / / /_ _  /___  ____/ /              #
 #              /_____/ /_/ |_| \____/  \__/ /_____/  /____/               #
 #                                                                         #
  
 DRUtES is initializing, reading input files
 ---------------------------------------------------------------
 16hrs : 44min : 20.940s  -  2021/03/18    total number of parallel images is:                    1
 ---------------------------------------------------------------
 16hrs : 44min : 20.941s  -  2021/03/18    reading input files and allocating...
 ---------------------------------------------------------------
 16hrs : 44min : 20.943s  -  2021/03/18    number of nodes:                   61 number of elements:                   60
 ---------------------------------------------------------------
 16hrs : 44min : 20.946s  -  2021/03/18    analyzing mesh structure...
 ---------------------------------------------------------------
 16hrs : 44min : 20.961s  -  2021/03/18    DRUtES solves coupled water and heat flow considering freezing and melting
 ---------------------------------------------------------------
 16hrs : 44min : 20.962s  -  2021/03/18    making output files for observation time
 ---------------------------------------------------------------
 16hrs : 44min : 20.979s  -  2021/03/18    go 4 solving
 ---------------------------------------------------------------
 16hrs : 44min : 21.054s  -  2021/03/18    current simulation time:   1.0000000000000000 total iteration count:                    2
 ---------------------------------------------------------------
 16hrs : 45min : 46.365s  -  2021/03/18    making output files for observation time
 ---------------------------------------------------------------
 16hrs : 47min : 14.491s  -  2021/03/18    making output files for observation time
 ---------------------------------------------------------------
 16hrs : 48min : 14.206s  -  2021/03/18    making output files for observation time
 ---------------------------------------------------------------
 16hrs : 50min : 17.216s  -  2021/03/18    making output files for observation time
 ---------------------------------------------------------------
 16hrs : 50min : 17.280s  -  2021/03/18    making output files for observation time
 ---------------------------------------------------------------
 16hrs : 50min : 17.482s  -  2021/03/18    # real elapsed CPU time =   5.9504999999999804 min
 ---------------------------------------------------------------
 16hrs : 50min : 17.488s  -  2021/03/18    minimal adjusted time step was   1.0000000000000000
 ---------------------------------------------------------------
 16hrs : 50min : 17.488s  -  2021/03/18    F I N I S H E D !!!!!
 ---------------------------------------------------------------
 16hrs : 50min : 17.520s  -  2021/03/18    Peak RAM  consumption on image                    1 was:                    0 kB
