 #              _____________________  _______________________             #
 #              ___  __ \__  __ \_  / / /_  /___  ____/_  ___/             #
 #              __  / / /_  /_/ /  / / /_  __/_  __/  _____ \              #
 #              _  /_/ /_  _, _// /_/ / / /_ _  /___  ____/ /              #
 #              /_____/ /_/ |_| \____/  \__/ /_____/  /____/               #
 #                                                                         #
  
 DRUtES is initializing, reading input files
 ---------------------------------------------------------------
 13hrs : 14min : 41.950s  -  2021/03/01    total number of parallel images is:                    1
 ---------------------------------------------------------------
 13hrs : 14min : 41.951s  -  2021/03/01    reading input files and allocating...
 ---------------------------------------------------------------
 13hrs : 14min : 42.032s  -  2021/03/01    number of nodes:                   61 number of elements:                   60
 ---------------------------------------------------------------
 13hrs : 14min : 42.036s  -  2021/03/01    analyzing mesh structure...
 ---------------------------------------------------------------
 13hrs : 14min : 42.042s  -  2021/03/01    DRUtES solves coupled water and heat flow considering freezing and melting
 ---------------------------------------------------------------
 13hrs : 14min : 42.043s  -  2021/03/01    making output files for observation time
 ---------------------------------------------------------------
 13hrs : 14min : 42.067s  -  2021/03/01    go 4 solving
 ---------------------------------------------------------------
 13hrs : 14min : 42.108s  -  2021/03/01    current simulation time:   1.0000000000000000 total iteration count:                    1
 ---------------------------------------------------------------
 13hrs : 15min : 18.226s  -  2021/03/01    making output files for observation time
 ---------------------------------------------------------------
 13hrs : 15min : 46.213s  -  2021/03/01    making output files for observation time
 ---------------------------------------------------------------
 13hrs : 16min : 00.900s  -  2021/03/01    making output files for observation time
 ---------------------------------------------------------------
 13hrs : 16min : 31.607s  -  2021/03/01    making output files for observation time
 ---------------------------------------------------------------
 13hrs : 18min : 38.549s  -  2021/03/01    making output files for observation time
 ---------------------------------------------------------------
 13hrs : 18min : 38.761s  -  2021/03/01    # real elapsed CPU time =   3.9503333333336439 min
 ---------------------------------------------------------------
 13hrs : 18min : 38.767s  -  2021/03/01    minimal adjusted time step was   1.0000000000000000
 ---------------------------------------------------------------
 13hrs : 18min : 38.767s  -  2021/03/01    F I N I S H E D !!!!!
 ---------------------------------------------------------------
 13hrs : 18min : 38.803s  -  2021/03/01    Peak RAM  consumption on image                    1 was:                    0 kB
