 #              _____________________  _______________________             #
 #              ___  __ \__  __ \_  / / /_  /___  ____/_  ___/             #
 #              __  / / /_  /_/ /  / / /_  __/_  __/  _____ \              #
 #              _  /_/ /_  _, _// /_/ / / /_ _  /___  ____/ /              #
 #              /_____/ /_/ |_| \____/  \__/ /_____/  /____/               #
 #                                                                         #
  
 DRUtES is initializing, reading input files
 ---------------------------------------------------------------
 09hrs : 59min : 40.263s  -  2021/02/03    total number of parallel images is:                    1
 ---------------------------------------------------------------
 09hrs : 59min : 40.264s  -  2021/02/03    reading input files and allocating...
 ---------------------------------------------------------------
 09hrs : 59min : 40.266s  -  2021/02/03    number of nodes:                   61 number of elements:                   60
 ---------------------------------------------------------------
 09hrs : 59min : 40.270s  -  2021/02/03    analyzing mesh structure...
 ---------------------------------------------------------------
 09hrs : 59min : 40.280s  -  2021/02/03    DRUtES solves coupled water and heat flow considering freezing and melting
 ---------------------------------------------------------------
 09hrs : 59min : 40.280s  -  2021/02/03    making output files for observation time
 ---------------------------------------------------------------
 09hrs : 59min : 40.299s  -  2021/02/03    go 4 solving
 ---------------------------------------------------------------
 09hrs : 59min : 40.396s  -  2021/02/03    current simulation time:   1.0000000000000000 total iteration count:                    2
 ---------------------------------------------------------------
 09hrs : 59min : 57.186s  -  2021/02/03    making output files for observation time
 ---------------------------------------------------------------
 10hrs : 00min : 14.728s  -  2021/02/03    making output files for observation time
 ---------------------------------------------------------------
 10hrs : 00min : 31.587s  -  2021/02/03    making output files for observation time
 ---------------------------------------------------------------
 10hrs : 00min : 54.216s  -  2021/02/03    making output files for observation time
 ---------------------------------------------------------------
 10hrs : 02min : 09.836s  -  2021/02/03    making output files for observation time
 ---------------------------------------------------------------
 10hrs : 02min : 10.045s  -  2021/02/03    # real elapsed CPU time =   2.5001666666666629 min
 ---------------------------------------------------------------
 10hrs : 02min : 10.057s  -  2021/02/03    minimal adjusted time step was  0.91011600000000015
 ---------------------------------------------------------------
 10hrs : 02min : 10.057s  -  2021/02/03    F I N I S H E D !!!!!
 ---------------------------------------------------------------
 10hrs : 02min : 10.091s  -  2021/02/03    Peak RAM  consumption on image                    1 was:                    0 kB
