 #              _____________________  _______________________             #
 #              ___  __ \__  __ \_  / / /_  /___  ____/_  ___/             #
 #              __  / / /_  /_/ /  / / /_  __/_  __/  _____ \              #
 #              _  /_/ /_  _, _// /_/ / / /_ _  /___  ____/ /              #
 #              /_____/ /_/ |_| \____/  \__/ /_____/  /____/               #
 #                                                                         #
  
 DRUtES is initializing, reading input files
 ---------------------------------------------------------------
 15hrs : 48min : 01.312s  -  2021/02/04    total number of parallel images is:                    1
 ---------------------------------------------------------------
 15hrs : 48min : 01.313s  -  2021/02/04    reading input files and allocating...
 ---------------------------------------------------------------
 15hrs : 48min : 01.316s  -  2021/02/04    number of nodes:                   61 number of elements:                   60
 ---------------------------------------------------------------
 15hrs : 48min : 01.321s  -  2021/02/04    analyzing mesh structure...
 ---------------------------------------------------------------
 15hrs : 48min : 01.332s  -  2021/02/04    DRUtES solves coupled water and heat flow considering freezing and melting
 ---------------------------------------------------------------
 15hrs : 48min : 01.333s  -  2021/02/04    making output files for observation time
 ---------------------------------------------------------------
 15hrs : 48min : 01.352s  -  2021/02/04    go 4 solving
 ---------------------------------------------------------------
 15hrs : 48min : 01.446s  -  2021/02/04    current simulation time:   1.0000000000000000 total iteration count:                    2
 ---------------------------------------------------------------
 15hrs : 48min : 34.793s  -  2021/02/04    making output files for observation time
 ---------------------------------------------------------------
 15hrs : 49min : 29.515s  -  2021/02/04    making output files for observation time
 ---------------------------------------------------------------
 15hrs : 50min : 09.022s  -  2021/02/04    making output files for observation time
 ---------------------------------------------------------------
 15hrs : 50min : 59.284s  -  2021/02/04    making output files for observation time
 ---------------------------------------------------------------
 15hrs : 52min : 27.690s  -  2021/02/04    making output files for observation time
 ---------------------------------------------------------------
 15hrs : 52min : 27.834s  -  2021/02/04    # real elapsed CPU time =   4.4504999999999804 min
 ---------------------------------------------------------------
 15hrs : 52min : 27.839s  -  2021/02/04    minimal adjusted time step was  0.81000000000000005
 ---------------------------------------------------------------
 15hrs : 52min : 27.839s  -  2021/02/04    F I N I S H E D !!!!!
 ---------------------------------------------------------------
 15hrs : 52min : 27.863s  -  2021/02/04    Peak RAM  consumption on image                    1 was:                    0 kB
