 #              _____________________  _______________________             #
 #              ___  __ \__  __ \_  / / /_  /___  ____/_  ___/             #
 #              __  / / /_  /_/ /  / / /_  __/_  __/  _____ \              #
 #              _  /_/ /_  _, _// /_/ / / /_ _  /___  ____/ /              #
 #              /_____/ /_/ |_| \____/  \__/ /_____/  /____/               #
 #                                                                         #
  
 DRUtES is initializing, reading input files
 ---------------------------------------------------------------
 14hrs : 57min : 43.454s  -  2021/02/04    total number of parallel images is:                    1
 ---------------------------------------------------------------
 14hrs : 57min : 43.455s  -  2021/02/04    reading input files and allocating...
 ---------------------------------------------------------------
 14hrs : 57min : 43.457s  -  2021/02/04    number of nodes:                   61 number of elements:                   60
 ---------------------------------------------------------------
 14hrs : 57min : 43.462s  -  2021/02/04    analyzing mesh structure...
 ---------------------------------------------------------------
 14hrs : 57min : 43.474s  -  2021/02/04    DRUtES solves coupled water and heat flow considering freezing and melting
 ---------------------------------------------------------------
 14hrs : 57min : 43.474s  -  2021/02/04    making output files for observation time
 ---------------------------------------------------------------
 14hrs : 57min : 43.493s  -  2021/02/04    go 4 solving
 ---------------------------------------------------------------
 14hrs : 57min : 43.587s  -  2021/02/04    current simulation time:   1.0000000000000000 total iteration count:                    2
 ---------------------------------------------------------------
 14hrs : 58min : 05.542s  -  2021/02/04    making output files for observation time
 ---------------------------------------------------------------
 14hrs : 58min : 26.256s  -  2021/02/04    making output files for observation time
 ---------------------------------------------------------------
 14hrs : 58min : 43.486s  -  2021/02/04    making output files for observation time
 ---------------------------------------------------------------
 14hrs : 59min : 14.094s  -  2021/02/04    making output files for observation time
 ---------------------------------------------------------------
 15hrs : 00min : 59.601s  -  2021/02/04    making output files for observation time
 ---------------------------------------------------------------
 15hrs : 00min : 59.813s  -  2021/02/04    # real elapsed CPU time =   3.2836666666664920 min
 ---------------------------------------------------------------
 15hrs : 00min : 59.818s  -  2021/02/04    minimal adjusted time step was  0.91011600000000015
 ---------------------------------------------------------------
 15hrs : 00min : 59.818s  -  2021/02/04    F I N I S H E D !!!!!
 ---------------------------------------------------------------
 15hrs : 00min : 59.849s  -  2021/02/04    Peak RAM  consumption on image                    1 was:                    0 kB
