 #              _____________________  _______________________             #
 #              ___  __ \__  __ \_  / / /_  /___  ____/_  ___/             #
 #              __  / / /_  /_/ /  / / /_  __/_  __/  _____ \              #
 #              _  /_/ /_  _, _// /_/ / / /_ _  /___  ____/ /              #
 #              /_____/ /_/ |_| \____/  \__/ /_____/  /____/               #
 #                                                                         #
  
 DRUtES is initializing, reading input files
 ---------------------------------------------------------------
 15hrs : 05min : 55.263s  -  2021/02/04    total number of parallel images is:                    1
 ---------------------------------------------------------------
 15hrs : 05min : 55.264s  -  2021/02/04    reading input files and allocating...
 ---------------------------------------------------------------
 15hrs : 05min : 55.267s  -  2021/02/04    number of nodes:                   61 number of elements:                   60
 ---------------------------------------------------------------
 15hrs : 05min : 55.272s  -  2021/02/04    analyzing mesh structure...
 ---------------------------------------------------------------
 15hrs : 05min : 55.283s  -  2021/02/04    DRUtES solves coupled water and heat flow considering freezing and melting
 ---------------------------------------------------------------
 15hrs : 05min : 55.284s  -  2021/02/04    making output files for observation time
 ---------------------------------------------------------------
 15hrs : 05min : 55.302s  -  2021/02/04    go 4 solving
 ---------------------------------------------------------------
 15hrs : 05min : 55.396s  -  2021/02/04    current simulation time:   1.0000000000000000 total iteration count:                    2
 ---------------------------------------------------------------
 15hrs : 06min : 08.366s  -  2021/02/04    making output files for observation time
 ---------------------------------------------------------------
 15hrs : 06min : 19.805s  -  2021/02/04    making output files for observation time
 ---------------------------------------------------------------
 15hrs : 06min : 32.543s  -  2021/02/04    making output files for observation time
 ---------------------------------------------------------------
 15hrs : 06min : 48.468s  -  2021/02/04    making output files for observation time
 ---------------------------------------------------------------
 15hrs : 08min : 13.162s  -  2021/02/04    making output files for observation time
 ---------------------------------------------------------------
 15hrs : 08min : 13.552s  -  2021/02/04    # real elapsed CPU time =   2.3001666666668217 min
 ---------------------------------------------------------------
 15hrs : 08min : 13.562s  -  2021/02/04    minimal adjusted time step was  0.91011600000000015
 ---------------------------------------------------------------
 15hrs : 08min : 13.562s  -  2021/02/04    F I N I S H E D !!!!!
 ---------------------------------------------------------------
 15hrs : 08min : 13.629s  -  2021/02/04    Peak RAM  consumption on image                    1 was:                    0 kB
