 #              _____________________  _______________________             #
 #              ___  __ \__  __ \_  / / /_  /___  ____/_  ___/             #
 #              __  / / /_  /_/ /  / / /_  __/_  __/  _____ \              #
 #              _  /_/ /_  _, _// /_/ / / /_ _  /___  ____/ /              #
 #              /_____/ /_/ |_| \____/  \__/ /_____/  /____/               #
 #                                                                         #
  
 DRUtES is initializing, reading input files
 ---------------------------------------------------------------
 17hrs : 24min : 00.142s  -  2021/03/18    total number of parallel images is:                    1
 ---------------------------------------------------------------
 17hrs : 24min : 00.143s  -  2021/03/18    reading input files and allocating...
 ---------------------------------------------------------------
 17hrs : 24min : 00.146s  -  2021/03/18    number of nodes:                   61 number of elements:                   60
 ---------------------------------------------------------------
 17hrs : 24min : 00.152s  -  2021/03/18    analyzing mesh structure...
 ---------------------------------------------------------------
 17hrs : 24min : 00.162s  -  2021/03/18    DRUtES solves coupled water and heat flow considering freezing and melting
 ---------------------------------------------------------------
 17hrs : 24min : 00.163s  -  2021/03/18    making output files for observation time
 ---------------------------------------------------------------
 17hrs : 24min : 00.181s  -  2021/03/18    go 4 solving
 ---------------------------------------------------------------
 17hrs : 24min : 00.261s  -  2021/03/18    current simulation time:   1.0000000000000000 total iteration count:                    2
 ---------------------------------------------------------------
 17hrs : 24min : 32.239s  -  2021/03/18    making output files for observation time
 ---------------------------------------------------------------
 17hrs : 25min : 35.504s  -  2021/03/18    making output files for observation time
 ---------------------------------------------------------------
 17hrs : 25min : 56.720s  -  2021/03/18    making output files for observation time
 ---------------------------------------------------------------
 17hrs : 26min : 52.579s  -  2021/03/18    making output files for observation time
 ---------------------------------------------------------------
 17hrs : 26min : 52.642s  -  2021/03/18    making output files for observation time
 ---------------------------------------------------------------
 17hrs : 26min : 52.765s  -  2021/03/18    # real elapsed CPU time =   2.8836666666669770 min
 ---------------------------------------------------------------
 17hrs : 26min : 52.772s  -  2021/03/18    minimal adjusted time step was   1.0000000000000000
 ---------------------------------------------------------------
 17hrs : 26min : 52.772s  -  2021/03/18    F I N I S H E D !!!!!
 ---------------------------------------------------------------
 17hrs : 26min : 52.798s  -  2021/03/18    Peak RAM  consumption on image                    1 was:                    0 kB
