                  121                  121                  542
                    1                    1  -4.4386683870887391E-009
                    1                    2   4.4386683870887391E-009
                    1                   62  -9.5171254573486343E-005
                    1                   63   2.5180711483545966E-007
                    2                    1   4.4386683870887391E-009
                    2                    2  -1.5367174224439382E-004
                    2                    3   3.9354782059006520E-005
                    2                   62   2.5180711483545966E-007
                    2                   63  -5.4349829082142283E-004
                    2                   64   1.6676505798138795E-004
                    3                    2   3.9354782059006520E-005
                    3                    3  -7.4785003878805587E-004
                    3                    4   5.1332433747007775E-005
                    3                   63   1.6676505798138795E-004
                    3                   64  -3.3239955180447574E-004
                    3                   65   8.7372577249372027E-006
                    4                    3   5.1332433747007775E-005
                    4                    4  -8.6937646450070368E-004
                    4                    5   5.2232128546717999E-005
                    4                   64   8.7372577249372027E-006
                    4                   65  -1.0507752476082493E-005
                    4                   66   4.3408300304584414E-007
                    5                    4   5.2232128546717999E-005
                    5                    5  -8.8199796003688769E-004
                    5                    6   5.6449099590621395E-005
                    5                   65   4.3408300304584414E-007
                    5                   66  -9.0178584602156133E-007
                    5                   67   4.6770284297571724E-007
                    6                    5   5.6449099590621395E-005
                    6                    6  -9.0014310950880909E-004
                    6                    7   6.0309750399290044E-005
                    6                   66   4.6770284297571724E-007
                    6                   67  -9.6749019096260831E-007
                    6                   68   4.9978734798689113E-007
                    7                    6   6.0309750399290044E-005
                    7                    7  -9.1537031250655165E-004
                    7                    8   6.3733157507685437E-005
                    7                   67   4.9978734798689113E-007
                    7                   68  -1.0297286683966982E-006
                    7                   69   5.2994132040980710E-007
                    8                    7   6.3733157507685437E-005
                    8                    8  -9.2792208104120334E-004
                    8                    9   6.6739209915428924E-005
                    8                   68   5.2994132040980710E-007
                    8                   69  -1.0882193199005979E-006
                    8                   70   5.5827799949079084E-007
                    9                    8   6.6739209915428924E-005
                    9                    9  -9.3828684828842766E-004
                    9                   10   6.9392668821746537E-005
                    9                   69   5.5827799949079084E-007
                    9                   70  -1.1433984041098681E-006
                    9                   71   5.8512040461907724E-007
                   10                    9   6.9392668821746537E-005
                   10                   10  -9.4696925506269924E-004
                   10                   11   7.1765690618314260E-005
                   10                   70   5.8512040461907724E-007
                   10                   71  -1.1959345357084495E-006
                   10                   72   6.1081413108937230E-007
                   11                   10   7.1765690618314260E-005
                   11                   11  -9.5438739442882121E-004
                   11                   12   7.3919077319925305E-005
                   11                   71   6.1081413108937230E-007
                   11                   72  -1.2464517366754629E-006
                   11                   73   6.3563760558609062E-007
                   12                   11   7.3919077319925305E-005
                   12                   12  -9.6084805797399760E-004
                   12                   13   7.5897062733419014E-005
                   12                   72   6.3563760558609062E-007
                   12                   73  -1.2954167374797785E-006
                   12                   74   6.5977913189368786E-007
                   13                   12   7.5897062733419014E-005
                   13                   13  -9.6656102152867913E-004
                   13                   14   7.7729305469149596E-005
                   13                   73   6.5977913189368786E-007
                   13                   74  -1.3431281264532338E-006
                   13                   75   6.8334899455954599E-007
                   14                   13   7.7729305469149596E-005
                   14                   14  -9.7166609521128909E-004
                   14                   15   7.9435289913055504E-005
                   14                   74   6.8334899455954599E-007
                   14                   75  -1.3897522626692658E-006
                   14                   76   7.0640326810971969E-007
                   15                   14   7.9435289913055504E-005
                   15                   15  -9.7625875120735948E-004
                   15                   16   8.1028494312292024E-005
                   15                   75   7.0640326810971969E-007
                   15                   76  -1.4353696290090454E-006
                   15                   77   7.2896636089932566E-007
                   16                   15   8.1028494312292024E-005
                   16                   16  -9.8040897840606330E-004
                   16                   17   8.2519353888627320E-005
                   16                   76   7.2896636089932566E-007
                   16                   77  -1.4800137120875472E-006
                   16                   78   7.5104735118822154E-007
                   17                   16   8.2519353888627320E-005
                   17                   17  -9.8417300336102703E-004
                   17                   18   8.3916975374648834E-005
                   17                   77   7.5104735118822154E-007
                   17                   78  -1.5236971151190591E-006
                   17                   79   7.7264976393083745E-007
                   18                   17   8.3916975374648834E-005
                   18                   18  -9.8759953966550329E-004
                   18                   19   8.5229920460608145E-005
                   18                   78   7.7264976393083745E-007
                   18                   79  -1.5664260793152532E-006
                   18                   80   7.9377631538441572E-007
                   19                   18   8.5229920460608145E-005
                   19                   19  -9.9073254903149586E-004
                   19                   20   8.6466423049185996E-005
                   19                   79   7.9377631538441572E-007
                   19                   80  -1.6082067877263533E-006
                   19                   81   8.1443047234193755E-007
                   20                   19   8.6466423049185996E-005
                   20                   20  -9.9361210780987393E-004
                   20                   21   8.7634326958558611E-005
                   20                   80   8.1443047234193755E-007
                   20                   81  -1.6490468038197092E-006
                   20                   82   8.3461633147777155E-007
                   21                   20   8.7634326958558611E-005
                   21                   21  -9.9627443379582100E-004
                   21                   22   8.8740928819010047E-005
                   21                   81   8.3461633147777155E-007
                   21                   82  -1.6889541624754263E-006
                   21                   83   8.5433783099765460E-007
                   22                   21   8.8740928819010047E-005
                   22                   22  -9.9875167544773592E-004
                   22                   23   8.9792826828570871E-005
                   22                   82   8.5433783099765460E-007
                   22                   83  -1.7279357113201391E-006
                   22                   84   8.7359788032248463E-007
                   23                   22   8.9792826828570871E-005
                   23                   23  -1.0010717555738742E-003
                   23                   24   9.0795819177714635E-005
                   23                   83   8.7359788032248463E-007
                   23                   84  -1.7659955727195457E-006
                   23                   85   8.9239769239706100E-007
                   24                   23   9.0795819177714635E-005
                   24                   24  -1.0032583762729708E-003
                   24                   25   9.1754862640277789E-005
                   24                   84   8.9239769239706100E-007
                   24                   85  -1.8031341092867995E-006
                   24                   86   9.1073641688973864E-007
                   25                   24   9.1754862640277789E-005
                   25                   25  -1.0053311945129413E-003
                   25                   26   9.2674085041751189E-005
                   25                   85   9.1073641688973864E-007
                   25                   86  -1.8393474872988551E-006
                   25                   87   9.2861107040911651E-007
                   26                   25   9.2674085041751189E-005
                   26                   26  -1.0073061346546467E-003
                   26                   27   9.3556838700893495E-005
                   26                   86   9.2861107040911651E-007
                   26                   87  -1.8746277825254006E-006
                   26                   88   9.4601671211628416E-007
                   27                   26   9.3556838700893495E-005
                   27                   27  -1.0091957913564895E-003
                   27                   28   9.4405780900472854E-005
                   27                   87   9.4601671211628416E-007
                   27                   88  -1.9089635093766856E-006
                   27                   89   9.6294679726040139E-007
                   28                   27   9.4405780900472854E-005
                   28                   28  -1.0110098783624457E-003
                   28                   29   9.5222969055251927E-005
                   28                   88   9.6294679726040139E-007
                   28                   89  -1.9423404395444769E-006
                   28                   90   9.7939364228407570E-007
                   29                   28   9.5222969055251927E-005
                   29                   29  -1.0127556868815741E-003
                   29                   30   9.6009960826584035E-005
                   29                   89   9.7939364228407570E-007
                   29                   90  -1.9747425864403801E-006
                   29                   91   9.9534894415630459E-007
                   30                   29   9.6009960826584035E-005
                   30                   30  -1.0144385269672653E-003
                   30                   31   9.6767912104655601E-005
                   30                   90   9.9534894415630459E-007
                   30                   91  -2.0061532525159182E-006
                   30                   92   1.0108043083596136E-006
                   31                   30   9.6767912104655601E-005
                   31                   31  -1.0160621343002904E-003
                   31                   32   9.7497668139539373E-005
                   31                   91   1.0108043083596136E-006
                   31                   92  -2.0365560601402860E-006
                   31                   93   1.0257517517806721E-006
                   32                   31   9.7497668139539373E-005
                   32                   32  -1.0176290322086398E-003
                   32                   33   9.8199845009619148E-005
                   32                   92   1.0257517517806721E-006
                   32                   93  -2.0659359091173650E-006
                   32                   94   1.0401841573366929E-006
                   33                   32   9.8199845009619148E-005
                   33                   33  -1.0191408444350201E-003
                   33                   34   9.8874900060815947E-005
                   33                   93   1.0401841573366929E-006
                   33                   94  -2.0942798233379227E-006
                   33                   95   1.0540956660012300E-006
                   34                   33   9.8874900060815947E-005
                   34                   34  -1.0205985582194016E-003
                   34                   35   9.9523190981218039E-005
                   34                   94   1.0540956660012300E-006
                   34                   95  -2.1215776648726511E-006
                   34                   96   1.0674819988714210E-006
                   35                   34   9.9523190981218039E-005
                   35                   35  -1.0220027399510997E-003
                   35                   36   1.0014502386311946E-004
                   35                   95   1.0674819988714210E-006
                   35                   96  -2.1478227060264702E-006
                   35                   97   1.0803407071550492E-006
                   36                   35   1.0014502386311946E-004
                   36                   36  -1.0233537072415130E-003
                   36                   37   1.0074069101998696E-004
                   36                   96   1.0803407071550492E-006
                   36                   97  -2.1730120588119011E-006
                   36                   98   1.0926713516568517E-006
                   37                   36   1.0074069101998696E-004
                   37                   37  -1.0246516620371123E-003
                   37                   38   1.0131049953495374E-004
                   37                   97   1.0926713516568517E-006
                   37                   98  -2.1971469674086141E-006
                   37                   99   1.1044756157517624E-006
                   38                   37   1.0131049953495374E-004
                   38                   38  -1.0258967895590749E-003
                   38                   39   1.0185479157581429E-004
                   38                   98   1.1044756157517624E-006
                   38                   99  -2.2202329729443715E-006
                   38                  100   1.1157573571926093E-006
                   39                   38   1.0185479157581429E-004
                   39                   39  -1.0270893276068808E-003
                   39                   40   1.0237395746428924E-004
                   39                   99   1.1157573571926093E-006
                   39                  100  -2.2422799618282535E-006
                   39                  101   1.1265226046356444E-006
                   40                   39   1.0237395746428924E-004
                   40                   40  -1.0282296102437265E-003
                   40                   41   1.0286844237003746E-004
                   40                  100   1.1265226046356444E-006
                   40                  101  -2.2633021093141763E-006
                   40                  102   1.1367795046785321E-006
                   41                   40   1.0286844237003746E-004
                   41                   41  -1.0293180892017699E-003
                   41                   42   1.0333874733915479E-004
                   41                  101   1.1367795046785321E-006
                   41                  102  -2.2833177293358215E-006
                   41                  103   1.1465382246572892E-006
                   42                   41   1.0333874733915479E-004
                   42                   42  -1.0303553355852299E-003
                   42                   43   1.0378542518262077E-004
                   42                  102   1.1465382246572892E-006
                   42                  103  -2.3023490402367944E-006
                   42                  104   1.1558108155795052E-006
                   43                   42   1.0378542518262077E-004
                   43                   43  -1.0313420236658889E-003
                   43                   44   1.0420907155671513E-004
                   43                  103   1.1558108155795052E-006
                   43                  104  -2.3204218540713237E-006
                   43                  105   1.1646110384918185E-006
                   44                   43   1.0420907155671513E-004
                   44                   44  -1.0322788977986590E-003
                   44                   45   1.0461031137566224E-004
                   44                  104   1.1646110384918185E-006
                   44                  105  -2.3375651948745044E-006
                   44                  106   1.1729541563826859E-006
                   45                   44   1.0461031137566224E-004
                   45                   45  -1.0331667227637183E-003
                   45                   46   1.0498978051516055E-004
                   45                  105   1.1729541563826859E-006
                   45                  106  -2.3538108488679426E-006
                   45                  107   1.1808566924852569E-006
                   46                   45   1.0498978051516055E-004
                   46                   46  -1.0340062171896830E-003
                   46                   47   1.0534810260186840E-004
                   46                  106   1.1808566924852569E-006
                   46                  107  -2.3691928471294403E-006
                   46                  108   1.1883361546441832E-006
                   47                   46   1.0534810260186840E-004
                   47                   47  -1.0347979691514913E-003
                   47                   48   1.0568586054607784E-004
                   47                  107   1.1883361546441832E-006
                   47                  108  -2.3837468789593840E-006
                   47                  109   1.1954107243152008E-006
                   48                   47   1.0568586054607784E-004
                   48                   48  -1.0355423325910970E-003
                   48                   49   1.0600356237171789E-004
                   48                  108   1.1954107243152008E-006
                   48                  109  -2.3975096321704397E-006
                   48                  110   1.2020989078552391E-006
                   49                   48   1.0600356237171789E-004
                   49                   49  -1.0362393029060527E-003
                   49                   50   1.0630160083964693E-004
                   49                  109   1.2020989078552391E-006
                   49                  110  -2.4105180549700849E-006
                   49                  111   1.2084191471148459E-006
                   50                   49   1.0630160083964693E-004
                   50                   50  -1.0368883699222106E-003
                   50                   51   1.0658020635869756E-004
                   50                  110   1.2084191471148459E-006
                   50                  111  -2.4228085331674138E-006
                   50                  112   1.2143893860525679E-006
                   51                   50   1.0658020635869756E-004
                   51                   51  -1.0374883465468676E-003
                   51                   52   1.0683939274682543E-004
                   51                  111   1.2143893860525679E-006
                   51                  112  -2.4344159762939106E-006
                   51                  113   1.2200265902413426E-006
                   52                   51   1.0683939274682543E-004
                   52                   52  -1.0380371717226425E-003
                   52                   53   1.0707889555525274E-004
                   52                  112   1.2200265902413426E-006
                   52                  113  -2.4453728070595613E-006
                   52                  114   1.2253462168182187E-006
                   53                   52   1.0707889555525274E-004
                   53                   53  -1.0385316869020100E-003
                   53                   54   1.0729810291370101E-004
                   53                  113   1.2253462168182187E-006
                   53                  114  -2.4557078505297983E-006
                   53                  115   1.2303616337115794E-006
                   54                   53   1.0729810291370101E-004
                   54                   54  -1.0389673861605818E-003
                   54                   55   1.0749597920450538E-004
                   54                  114   1.2303616337115794E-006
                   54                  115  -2.4654451226270582E-006
                   54                  116   1.2350834889154788E-006
                   55                   54   1.0749597920450538E-004
                   55                   55  -1.0393381412718008E-003
                   55                   56   1.0767098233276365E-004
                   55                  115   1.2350834889154788E-006
                   55                  116  -2.4746025220949406E-006
                   55                  117   1.2395190331794618E-006
                   56                   55   1.0767098233276365E-004
                   56                   56  -1.0396359045639126E-003
                   56                   57   1.0782097592763736E-004
                   56                  116   1.2395190331794618E-006
                   56                  117  -2.4831904358887188E-006
                   56                  118   1.2436714027092570E-006
                   57                   56   1.0782097592763736E-004
                   57                   57  -1.0398503941330224E-003
                   57                   58   1.0794313847708892E-004
                   57                  117   1.2436714027092570E-006
                   57                  118  -2.4912102749445948E-006
                   57                  119   1.2475388722353376E-006
                   58                   57   1.0794313847708892E-004
                   58                   58  -1.0399687679260206E-003
                   58                   59   1.0803387214573324E-004
                   58                  118   1.2475388722353376E-006
                   58                  119  -2.4986529651855644E-006
                   58                  120   1.2511140929502266E-006
                   59                   58   1.0803387214573324E-004
                   59                   59  -1.0399752952385396E-003
                   59                   60   1.0808871482377199E-004
                   59                  119   1.2511140929502266E-006
                   59                  120  -2.5054974270839427E-006
                   59                  121   1.2543833341337163E-006
                   60                   59   1.0808871482377199E-004
                   60                   60  -1.0398510361771804E-003
                   60                   61   1.0810225976502602E-004
                   60                  120   1.2543833341337163E-006
                   60                  121  -2.5117090856655306E-006
                   61                   60   1.0810225976502602E-004
                   61                   61  -5.1985267855059593E-004
                   61                  121   1.2573257515318144E-006
                   62                    1   135563.07337325579     
                   62                   62  -354475.97580498579     
                   62                   63   28152.939465508891     
                   63                    2   254004.19274925673     
                   63                   62   28152.735843396888     
                   63                   63  -1324832.0420631876     
                   63                   64   12051.446160005780     
                   64                    3   107496.20989178053     
                   64                   63   11895.070969118638     
                   64                   64  -563564.71098734229     
                   64                   65   8373.9756309470995     
                   65                    4   2127.7217428474296     
                   65                   64   8361.0993793250618     
                   65                   65  -33742.337075728421     
                   65                   66   8288.5274691865488     
                   66                   65   8285.0324237827244     
                   66                   66  -29244.490072465211     
                   66                   67   8342.6915803265128     
                   67                   66   8339.4179845780127     
                   67                   67  -29413.823814903692     
                   67                   68   8386.8960868875620     
                   68                   67   8383.9672542382159     
                   68                   68  -29550.268895124078     
                   68                   69   8421.7215691955644     
                   69                   68   8419.1502713536393     
                   69                   69  -29657.406551690248     
                   69                   70   8448.8363734857594     
                   70                   69   8446.5772095098928     
                   70                   70  -29741.062576393335     
                   70                   71   8470.0527221436914     
                   71                   70   8468.0417015406601     
                   71                   71  -29806.929313650435     
                   71                   72   8486.9004140409452     
                   72                   71   8485.0781716621805     
                   72                   72  -29859.595064896537     
                   72                   73   8500.5134558465761     
                   73                   72   8498.8345305930525     
                   73                   73  -29902.384131305022     
                   73                   74   8511.6725123450778     
                   74                   73   8510.1058849200417     
                   74                   74  -29937.569633221618     
                   74                   75   8520.8998471145496     
                   75                   74   8519.4256032186458     
                   75                   75  -29966.685551747272     
                   75                   76   8528.5515732604963     
                   76                   75   8527.1568659854711     
                   76                   76  -29990.802014450383     
                   76                   77   8534.8862487498227     
                   77                   76   8533.5620492995786     
                   77                   77  -30010.719834905158     
                   77                   78   8540.1079589546680     
                   78                   77   8538.8469714035546     
                   78                   78  -30027.088199523540     
                   78                   79   8544.3897506242247     
                   79                   78   8543.1853290180279     
                   79                   79  -30040.466443225076     
                   79                   80   8547.8845372139840     
                   80                   79   8546.7302829924211     
                   80                   80  -30051.351584272848     
                   80                   81   8550.7291772446733     
                   81                   80   8549.6189182353046     
                   81                   81  -30060.187952122957     
                   81                   82   8553.0454646704493     
                   82                   81   8551.9734004801139     
                   82                   82  -30067.369216735591     
                   82                   83   8554.9401412443731     
                   83                   82   8553.9010239424006     
                   83                   83  -30073.238434313978     
                   83                   84   8556.5049437893576     
                   84                   83   8555.4942265005284     
                   84                   84  -30078.088673689039     
                   84                   85   8557.8170571747924     
                   85                   84   8556.8309844647956     
                   85                   85  -30082.165052287706     
                   85                   86   8558.9400145829914     
                   86                   85   8557.9756519890816     
                   86                   86  -30085.668150648875     
                   86                   87   8559.9249458466275     
                   87                   86   8558.9801573500517     
                   87                   87  -30088.758429438680     
                   87                   88   8560.8120353552022     
                   88                   87   8559.8854217709377     
                   88                   88  -30091.561199021642     
                   88                   89   8561.6320599192059     
                   89                   88   8560.7228714097037     
                   89                   89  -30094.171742037506     
                   89                   90   8562.4079043365145     
                   90                   89   8561.5159386172345     
                   90                   90  -30096.660283672099     
                   90                   91   8563.1559831944378     
                   91                   90   8562.2814786840318     
                   91                   91  -30099.076602489618     
                   91                   92   8563.8875249713255     
                   92                   91   8563.0310557786506     
                   92                   92  -30101.454159643399     
                   92                   93   8564.6096964487169     
                   93                   92   8563.7720739792894     
                   93                   93  -30103.813690614981     
                   93                   94   8565.3265615807868     
                   94                   93   8564.5087457992922     
                   94                   94  -30106.166251544986     
                   94                   95   8566.0398799723771     
                   95                   94   8565.2429019923111     
                   95                   95  -30108.515744206394     
                   95                   96   8566.7497569392435     
                   96                   95   8565.9746535964514     
                   96                   96  -30110.860962894203     
                   96                   97   8567.4551607453104     
                   97                   96   8566.7029211005629     
                   97                   97  -30113.197216046268     
                   97                   98   8568.1543238894483     
                   98                   97   8567.4258471429785     
                   98                   98  -30115.517577958068     
                   98                   99   8568.8450449670017     
                   99                   98   8568.1411090034362     
                   99                   99  -30117.813823715383     
                   99                  100   8569.5249062267030     
                  100                   99   8568.8461458962447     
                  100                  100  -30120.077095166940     
                  100                  101   8570.1914199050061     
                  101                  100   8569.5383141468719     
                  101                  101  -30122.298338687797     
                  101                  102   8570.8421140686351     
                  102                  101   8570.2149810638293     
                  102                  102  -30124.468547574783     
                  102                  103   8571.4745662375262     
                  103                  102   8570.8735659143713     
                  103                  103  -30126.578833808300     
                  103                  104   8572.0863906485265     
                  104                  103   8571.5115340364009     
                  104                  104  -30128.620346039170     
                  104                  105   8572.6751827432454     
                  105                  104   8572.1263478614928     
                  105                  105  -30130.584043290826     
                  105                  106   8573.2384223856807     
                  106                  105   8572.7153765531730     
                  106                  106  -30132.460327194585     
                  106                  107   8573.7733354752836     
                  107                  106   8573.2757641198659     
                  107                  107  -30134.238529744354     
                  107                  108   8574.2767120680710     
                  108                  107   8573.8042542929888     
                  108                  108  -30135.906248708026     
                  108                  109   8574.7446778844987     
                  109                  108   8574.2969691989256     
                  109                  109  -30137.448519127822     
                  109                  110   8575.1724152325478     
                  110                  109   8574.7491379621515     
                  110                  110  -30138.846806979476     
                  110                  111   8575.5538289666310     
                  111                  110   8575.1547709128899     
                  111                  111  -30140.077810272909     
                  111                  112   8575.8811532176351     
                  112                  111   8575.5062751146816     
                  112                  112  -30141.112053920922     
                  112                  113   8576.1444953375831     
                  113                  112   8575.7940075460720     
                  113                  113  -30141.912267832606     
                  113                  114   8576.3313148855323     
                  114                  113   8576.0057635473277     
                  114                  114  -30142.431543116967     
                  114                  115   8576.4258375770551     
                  115                  114   8576.1262001186224     
                  115                  115  -30142.611269134693     
                  115                  116   8576.4084069521814     
                  116                  115   8576.1361963581694     
                  116                  116  -30142.378864397309     
                  116                  117   8576.2547800416905     
                  117                  116   8576.0121567206315     
                  117                  117  -30141.645326774935     
                  117                  118   8575.9353774272113     
                  118                  117   8575.7252667644098     
                  118                  118  -30140.302642701907     
                  118                  119   8575.4145026185179     
                  119                  118   8575.2407154741795     
                  119                  119  -30138.221110383165     
                  119                  120   8574.6495503610458     
                  120                  119   8574.5169028539640     
                  120                  120  -30135.246647501059     
                  120                  121   8573.5902280276532     
                  121                  120   8573.5046559873408     
                  121                  121  -30131.198168538645     
