                  121                  121                  545
                    1                    1  -3.8917873087637586E-007
                    1                    2   3.8917873087637586E-007
                    1                   62 -0.99995059678177123     
                    1                   63   4.8624860766910203E-005
                    2                    1   5.5497927148505838E-008
                    2                    2  -3.8511569608244724E-006
                    2                    3   3.7956590336759669E-006
                    2                   62   6.9340351009712205E-006
                    2                   63 -0.99956465735576250     
                    2                   64   4.2070629521480461E-004
                    3                    2   8.1813300135868787E-007
                    3                    3  -2.0621672848579724E-005
                    3                    4   1.9803539847221037E-005
                    3                   63   9.0680880695767445E-005
                    3                   64 -0.99821024957434312     
                    3                   65   1.6578261992638529E-003
                    4                    3   1.3323927361985293E-005
                    4                    4  -5.2336456830563566E-003
                    4                    5   5.2203217556943717E-003
                    4                   64   1.1153943198133525E-003
                    4                   65 -0.87715665176493129     
                    4                   66  0.11126066254914276     
                    5                    4   1.1174722925000246E-003
                    5                    5  -4.6127955045872089E-002
                    5                    6   2.8273990830274244E-002
                    5                   65   2.3816675190229643E-002
                    5                   66 -0.70416923197508019     
                    5                   67  0.19649467466604373     
                    6                    5   2.3436855863788030E-002
                    6                    6 -0.38657742554089558     
                    6                    7   3.3718231240566811E-002
                    6                   66  0.16287822245521044     
                    6                   67 -0.35603396994214725     
                    6                   68   3.7355294957391955E-002
                    7                    6   5.0917988118839040E-002
                    7                    7 -0.75864142377345534     
                    7                    8   5.2622358305304942E-002
                    7                   67   5.6410327435201413E-002
                    7                   68  -8.1008272845549831E-002
                    7                   69   3.9962952164944389E-004
                    8                    7   5.9626051205589073E-002
                    8                    8 -0.87857514478414056     
                    8                    9   5.9972284901154138E-002
                    8                   68   4.5281760621383320E-004
                    8                   69  -9.1325955455810748E-004
                    8                   70   4.6044194834427422E-004
                    9                    8   5.9908572721008045E-002
                    9                    9 -0.87793645148915800     
                    9                   10   6.0299302967756742E-002
                    9                   69   4.5995279305515894E-004
                    9                   70  -9.2783641103864076E-004
                    9                   71   4.6788361798348171E-004
                   10                    9   6.0212264594541057E-002
                   10                   10 -0.87723196486602539     
                   10                   11   6.0670225014634066E-002
                   10                   70   4.6720825646254797E-004
                   10                   71  -9.4277276239980847E-004
                   10                   72   4.7556450593726050E-004
                   11                   10   6.0554946244637128E-002
                   11                   11 -0.87644741508233015     
                   11                   12   6.1081404220775772E-002
                   11                   71   4.7466089149895193E-004
                   11                   72  -9.5811722612856268E-004
                   11                   73   4.8345633462961086E-004
                   12                   11   6.0939632664285398E-002
                   12                   12 -0.87558832448598134     
                   12                   13   6.1524327151856746E-002
                   12                   72   4.8233421967613276E-004
                   12                   73  -9.7385784893823271E-004
                   12                   74   4.9152362926209990E-004
                   13                   12   6.1360743686381398E-002
                   13                   13 -0.87466897853670900     
                   13                   14   6.1990369362854826E-002
                   13                   73   4.9021674558925204E-004
                   13                   74  -9.8995420702735373E-004
                   13                   75   4.9973746143810169E-004
                   14                   13   6.1810001953047075E-002
                   14                   14 -0.87370468251490330     
                   14                   15   6.2472593198188250E-002
                   14                   74   4.9828342345720363E-004
                   14                   75  -1.0063611669306389E-003
                   14                   76   5.0807774347343528E-004
                   15                   14   6.2279694584159613E-002
                   15                   15 -0.87270836722456102     
                   15                   16   6.2965858408041156E-002
                   15                   75   5.0650893565679957E-004
                   15                   76  -1.0230398916191096E-003
                   15                   77   5.1653095596231014E-004
                   16                   15   6.2763712530694918E-002
                   16                   16 -0.87168998984487200     
                   16                   17   6.3466377252257622E-002
                   16                   76   5.1487268263912523E-004
                   16                   77  -1.0399601860877250E-003
                   16                   78   5.2508750344859990E-004
                   17                   16   6.3257475920691517E-002
                   17                   17 -0.87065706191144965     
                   17                   18   6.3971263857508162E-002
                   17                   77   5.2335916344546489E-004
                   17                   78  -1.0570991551753289E-003
                   17                   79   5.3373999172986390E-004
                   18                   17   6.3757540139400104E-002
                   18                   18 -0.86961535663624190     
                   18                   19   6.4478224923302629E-002
                   18                   78   5.3195680208099970E-004
                   18                   79  -1.0744391505277111E-003
                   18                   80   5.4248234844671132E-004
                   19                   18   6.4261233363016604E-002
                   19                   19 -0.86856945916147965     
                   19                   20   6.4985375226073408E-002
                   19                   79   5.4065670744376636E-004
                   19                   80  -1.0919661247151427E-003
                   19                   81   5.5130941727137613E-004
                   20                   19   6.4766408395076469E-002
                   20                   20 -0.86752312500215578     
                   20                   21   6.5491129506524859E-002
                   20                   80   5.4945179198909188E-004
                   20                   81  -1.1096685481213628E-003
                   20                   82   5.6021675613227094E-004
                   21                   20   6.5271289774239502E-002
                   21                   21 -0.86647950236652438     
                   21                   22   6.5994134385895742E-002
                   21                   81   5.5833622814904814E-004
                   21                   82  -1.1275367366701855E-003
                   21                   83   5.6920050852113748E-004
                   22                   21   6.5774379751887574E-002
                   22                   22 -0.86544127486993283     
                   22                   23   6.6493220534752234E-002
                   22                   82   5.6730512114176973E-004
                   22                   83  -1.1455624217136500E-003
                   22                   84   5.7825730057188009E-004
                   23                   22   6.6274396412653480E-002
                   23                   23 -0.86441076060552757     
                   23                   24   6.6987366077736185E-002
                   23                   83   5.7635429985801478E-004
                   23                   84  -1.1637384520414235E-003
                   23                   85   5.8738415218340882E-004
                   24                   23   6.6770229132104161E-002
                   24                   24 -0.86338998622661189     
                   24                   25   6.7475667500253328E-002
                   24                   84   5.8548016926564868E-004
                   24                   85  -1.1820585705152363E-003
                   24                   86   5.9657840124958765E-004
                   25                   24   6.7260904326774451E-002
                   25                   25 -0.86238074474808013     
                   25                   26   6.7957316447757612E-002
                   25                   85   5.9467959720024897E-004
                   25                   86  -1.2005172386939204E-003
                   25                   87   6.0583764149367146E-004
                   26                   25   6.7745558358764599E-002
                   26                   26 -0.86138464114739099     
                   26                   27   6.8431581499266717E-002
                   26                   86   6.0394982384711455E-004
                   26                   87  -1.2191094972888053E-003
                   26                   88   6.1515967344169086E-004
                   27                   26   6.8223416092051709E-002
                   27                   27 -0.86040312803697583     
                   27                   28   6.8897794159150635E-002
                   27                   87   6.1328838885175898E-004
                   27                   88  -1.2378308559108787E-003
                   27                   89   6.2454246705911985E-004
                   28                   27   6.8693774166347352E-002
                   28                   28 -0.85943753308449089     
                   28                   29   6.9355338334476685E-002
                   28                   88   6.2269307331306732E-004
                   28                   89  -1.2566772073425425E-003
                   28                   90   6.3398413402947522E-004
                   29                   28   6.9155988214426131E-002
                   29                   29 -0.85848907967403543     
                   29                   30   6.9803642587481868E-002
                   29                   89   6.3216185450112210E-004
                   29                   90  -1.2756447620283094E-003
                   29                   91   6.4348290752718721E-004
                   30                   29   6.9609463295638455E-002
                   30                   30 -0.85755890219903996     
                   30                   31   7.0242174507933811E-002
                   30                   90   6.4169287121009411E-004
                   30                   91  -1.2947299986938549E-003
                   30                   92   6.5303712748376083E-004
                   31                   30   7.0053646861335223E-002
                   31                   31 -0.85664805724928783     
                   31                   32   7.0670436634740930E-002
                   31                   91   6.5128439767935952E-004
                   31                   92  -1.3139296273179523E-003
                   31                   93   6.6264522963859266E-004
                   32                   31   7.0488023635133512E-002
                   32                   32 -0.85575753178591663     
                   32                   33   7.1087963456660450E-002
                   32                   92   6.6093482413142615E-004
                   32                   93  -1.3332405611446384E-003
                   32                   94   6.7230573701321250E-004
                   33                   32   7.0912111879647924E-002
                   33                   33 -0.85488824920527506     
                   33                   34   7.1494319125113462E-002
                   33                   93   6.7064264218900330E-004
                   33                   94  -1.3526598949817534E-003
                   33                   95   6.8201725279275010E-004
                   34                   33   7.1325460620364392E-002
                   34                   34 -0.85404107399646501     
                   34                   35   7.1889095607938588E-002
                   34                   94   6.8040643371049378E-004
                   34                   95  -1.3721848876160066E-003
                   34                   96   6.9177845390551299E-004
                   35                   34   7.1727647495539379E-002
                   35                   35 -0.85321681551551509     
                   35                   36   7.2271911095493246E-002
                   35                   95   6.9022486188106199E-004
                   35                   96  -1.3918129467261205E-003
                   35                   97   7.0158808484505856E-004
                   36                   35   7.2118276990346106E-002
                   36                   36 -0.85241623124218213     
                   36                   37   7.2642408537157324E-002
                   36                   96   7.0009666368345898E-004
                   36                   97  -1.4115416151571480E-003
                   36                   98   7.1144495147368910E-004
                   37                   36   7.2496978889181218E-002
                   37                   37 -0.85164002975827313     
                   37                   38   7.3000254236921053E-002
                   37                   97   7.1002064312639254E-004
                   37                   98  -1.4313685578123219E-003
                   37                   99   7.2134791468592943E-004
                   38                   37   7.2863406840347936E-002
                   38                   38 -0.85088887358935705     
                   38                   39   7.3345136472852748E-002
                   38                   98   7.1999566481803392E-004
                   38                   99  -1.4512915487210742E-003
                   38                  100   7.3129588390304025E-004
                   39                   38   7.3217236972580271E-002
                   39                   39 -0.85016338198213959     
                   39                   40   7.3676764129160979E-002
                   39                   99   7.3002064763516398E-004
                   39                  100  -1.4713084580596108E-003
                   39                  101   7.4128781042444693E-004
                   40                   39   7.3558166534718514E-002
                   40                   40 -0.84946413364317241     
                   40                   41   7.3994865344015476E-002
                   40                  100   7.4009455835719084E-004
                   40                  101  -1.4914172390468241E-003
                   40                  102   7.5132268068963315E-004
                   41                   40   7.3885912550699442E-002
                   41                   41 -0.84879166943612494     
                   41                   42   7.4299186183719682E-002
                   41                  101   7.5021640521548720E-004
                   41                  102  -1.5116159147279561E-003
                   41                  103   7.6139950951246884E-004
                   42                   41   7.4200210494300312E-002
                   42                   42 -0.84814649501978279     
                   42                   43   7.4589489356505737E-002
                   42                  102   7.6038523135885322E-004
                   42                  103  -1.5319025647055954E-003
                   42                  104   7.7151733334674202E-004
                   43                   42   7.4500812994204163E-002
                   43                   43 -0.84752908340310817     
                   43                   44   7.4865552978896036E-002
                   43                  103   7.7060010826363685E-004
                   43                  104  -1.5522753118957365E-003
                   43                  105   7.8167520363209969E-004
                   44                   43   7.4787488581893671E-002
                   44                   44 -0.84693987739373255     
                   44                   45   7.5127169405601602E-002
                   44                  104   7.8086012912860340E-004
                   44                  105  -1.5727323093860906E-003
                   44                  106   7.9187218025748721E-004
                   45                   44   7.5060020494252075E-002
                   45                   45 -0.84637929191961980     
                   45                   46   7.5374144131203358E-002
                   45                  105   7.9116440229575955E-004
                   45                  106  -1.5932717274624133E-003
                   45                  107   8.0210732516665362E-004
                   46                   45   7.5318205540707922E-002
                   46                   46 -0.84584771620850430     
                   46                   47   7.5606294769082330E-002
                   46                  106   8.0151204473311683E-004
                   46                  107  -1.6138917408527328E-003
                   46                  108   8.1237969611961606E-004
                   47                   46   7.5561853042198118E-002
                   47                   47 -0.84534551581487016     
                   47                   48   7.5823450110486926E-002
                   47                  107   8.1190217560771303E-004
                   47                  108  -1.6345905162224424E-003
                   47                  109   8.2268834061472948E-004
                   48                   47   7.5790783846577656E-002
                   48                   48 -0.84487303448902784     
                   48                   49   7.6025449264519415E-002
                   48                  108   8.2233390996813618E-004
                   48                  109  -1.6553661999374996E-003
                   48                  110   8.3303228996936356E-004
                   49                   48   7.6004829422774423E-002
                   49                   49 -0.84443059588684077     
                   49                   50   7.6212140878184551E-002
                   49                  109   8.3280635254769997E-004
                   49                  110  -1.6762169061001208E-003
                   49                  111   8.4341055355242108E-004
                   50                   49   7.6203831034053426E-002
                   50                   50 -0.84401850512173737     
                   50                   51   7.6383382434506084E-002
                   50                  110   8.4331859169230520E-004
                   50                  111  -1.6971407048515651E-003
                   50                  112   8.5382211315926002E-004
                   51                   50   7.6387638989309795E-002
                   51                   51 -0.84363705016288026     
                   51                   52   7.6539039625950600E-002
                   51                  111   8.5386969341168456E-004
                   51                  112  -1.7181356109296649E-003
                   51                  113   8.6426591751798034E-004
                   52                   51   7.6556111970264212E-002
                   52                   52 -0.84328650308477160     
                   52                   53   7.6678985800034391E-002
                   52                  112   8.6445869554857091E-004
                   52                  113  -1.7391995724648595E-003
                   52                  114   8.7474087691628854E-004
                   53                   52   7.6709116431835533E-002
                   53                   53 -0.84296712117435058     
                   53                   54   7.6803101473820079E-002
                   53                  113   8.7508460205830483E-004
                   53                  114  -1.7603304599968974E-003
                   53                  115   8.8524585793859235E-004
                   54                   53   7.6846526072603810E-002
                   54                   54 -0.84267914790193066     
                   54                   55   7.6911273914076608E-002
                   54                  114   8.8574637738986803E-004
                   54                  115  -1.7815260556944897E-003
                   54                  116   8.9577967830462165E-004
                   55                   54   7.6968221372209544E-002
                   55                   55 -0.84242281376224026     
                   55                   56   7.7003396780026143E-002
                   55                  115   8.9644294095950346E-004
                   55                  116  -1.8027840427619910E-003
                   55                  117   9.0634110180248773E-004
                   56                   55   7.7074089192595965E-002
                   56                   56 -0.84219833699152713     
                   56                   57   7.7079369825837157E-002
                   56                  116   9.0717316170863232E-004
                   56                  117  -1.8241019950198686E-003
                   56                  118   9.1692883331123633E-004
                   57                   56   7.7164022440183486E-002
                   57                   57 -0.84200592416625708     
                   57                   58   7.7139098660261196E-002
                   57                  117   9.1793585273919353E-004
                   57                  118  -1.8454773666491261E-003
                   57                  119   9.2754151390993245E-004
                   58                   57   7.7237919786289799E-002
                   58                   58 -0.84184577068847222     
                   58                   59   7.7182494561050599E-002
                   58                  118   9.2872976602118094E-004
                   58                  119  -1.8669074820936919E-003
                   58                  120   9.3817771607251118E-004
                   59                   58   7.7295685443354703E-002
                   59                   59 -0.84171806116242753     
                   59                   60   7.7209474341980389E-002
                   59                  119   9.3955358716924420E-004
                   59                  120  -1.8883895261186544E-003
                   59                  121   9.4883593894941028E-004
                   60                   59   7.7411506465692920E-002
                   60                   60 -0.84243129479671752     
                   60                   61   7.7294125112320700E-002
                   60                  120   9.5131873450571270E-004
                   60                  121  -1.9117548907629949E-003
                   61                   60  0.15490816530854121     
                   61                   61 -0.84316698719954908     
                   61                  121   1.9248474919096735E-003
                   62                    1  0.54727922573562882     
                   62                   62 -0.29064848757944178     
                   62                   63  0.16207228668492932     
                   63                    2  0.45750661426288936     
                   63                   62   6.2721791387573139E-002
                   63                   63 -0.42196242057097050     
                   63                   64   5.7809173778567008E-002
                   64                    3  0.23876991769170225     
                   64                   63   2.8482984905755085E-002
                   64                   64 -0.70724963935431673     
                   64                   65   2.5497458048225782E-002
                   65                    4  0.22430523555790599     
                   65                   64   2.3721157091101449E-002
                   65                   65 -0.73391751190067078     
                   65                   66   1.8056095450321573E-002
                   66                    5   9.0795163504507934E-002
                   66                   65   7.8735347600971187E-003
                   66                   66 -0.89728801390405499     
                   66                   67   4.0432878313400259E-003
                   67                    6  0.14623079284188606     
                   67                   66   9.4297135943056595E-003
                   67                   67 -0.83674915109683612     
                   67                   68   7.5903424669720599E-003
                   68                    7  0.20275195536281818     
                   68                   67   4.8772710768149811E-002
                   68                   68 -0.70219911377718747     
                   68                   69   4.6276220091844580E-002
                   69                   68  0.18129831671288962     
                   69                   69 -0.63745899069061107     
                   69                   70  0.18124269259649914     
                   70                   69  0.18128924153809869     
                   70                   70 -0.63746016063332500     
                   70                   71  0.18125059782857628     
                   71                   70  0.18127726813387102     
                   71                   71 -0.63746051739782350     
                   71                   72  0.18126221446830554     
                   72                   71  0.18126588033565755     
                   72                   72 -0.63746020918032953     
                   72                   73  0.18127391048401306     
                   73                   72  0.18125677896721462     
                   73                   73 -0.63745937146660225     
                   73                   74  0.18128384956618324     
                   74                   73  0.18125026652373208     
                   74                   74 -0.63745812249901179     
                   74                   75  0.18129161097725616     
                   75                   74  0.18124597703151035     
                   75                   75 -0.63745656305513088     
                   75                   76  0.18129745991335877     
                   76                   75  0.18124339343871484     
                   76                   76 -0.63745477626534586     
                   76                   77  0.18130183029593933     
                   77                   76  0.18124207351726004     
                   77                   77 -0.63745282896684730     
                   77                   78  0.18130509751589280     
                   78                   77  0.18124169621462938     
                   78                   78 -0.63745077440638243     
                   78                   79  0.18130752937898806     
                   79                   78  0.18124203923157090     
                   79                   79 -0.63744865520898630     
                   79                   80  0.18130930555944291     
                   80                   79  0.18124294613584183     
                   80                   80 -0.63744650590698515     
                   80                   81  0.18131054795717302     
                   81                   80  0.18124430194286006     
                   81                   81 -0.63744435486367079     
                   81                   82  0.18131134319346912     
                   82                   81  0.18124601847681510     
                   82                   82 -0.63744222569088216     
                   82                   83  0.18131175583230286     
                   83                   82  0.18124802620025865     
                   83                   83 -0.63744013830526203     
                   83                   84  0.18131183549447932     
                   84                   83  0.18125026948734702     
                   84                   84 -0.63743810973191461     
                   84                   85  0.18131162078073845     
                   85                   84  0.18125270355163792     
                   85                   85 -0.63743615472284165     
                   85                   86  0.18131114172552043     
                   86                   85  0.18125529217621081     
                   86                   86 -0.63743428623175002     
                   86                   87  0.18131042159203906     
                   87                   86  0.18125800589896829     
                   87                   87 -0.63743251577434989     
                   87                   88  0.18130947832668171     
                   88                   87  0.18126082052673756     
                   88                   88 -0.63743085369772368     
                   88                   89  0.18130832577553888     
                   89                   88  0.18126371592977408     
                   89                   89 -0.63742930937922238     
                   89                   90  0.18130697469100349     
                   90                   89  0.18126667508711772     
                   90                   90 -0.63742789137263922     
                   90                   91  0.18130543354024320     
                   91                   90  0.18126968335270438     
                   91                   91 -0.63742660751653268     
                   91                   92  0.18130370913076288     
                   92                   91  0.18127272790841045     
                   92                   92 -0.63742546501656672     
                   92                   93  0.18130180707502291     
                   93                   92  0.18127579736858118     
                   93                   93 -0.63742447051084605     
                   93                   94  0.18129973212057277     
                   94                   93  0.18127888150183241     
                   94                   94 -0.63742363012466130     
                   94                   95  0.18129748837350620     
                   95                   94  0.18128197103958149     
                   95                   95 -0.63742294951890055     
                   95                   96  0.18129507944151799     
                   96                   95  0.18128505754561691     
                   96                   96 -0.63742243393475773     
                   96                   97  0.18129250851962531     
                   97                   96  0.18128813332636529     
                   97                   97 -0.63742208823615609     
                   97                   98  0.18128977843747857     
                   98                   97  0.18129119136659702     
                   98                   98 -0.63742191695050299     
                   98                   99  0.18128689168289994     
                   99                   98  0.18129422527976155     
                   99                   99 -0.63742192430789657     
                   99                  100  0.18128385041234193     
                  100                   99  0.18129722926581521     
                  100                  100 -0.63742211427865381     
                  100                  101  0.18128065645553101     
                  101                  100  0.18130019807214229     
                  101                  101 -0.63742249060892531     
                  101                  102  0.18127731131893243     
                  102                  101  0.18130312695524892     
                  102                  102 -0.63742305685415079     
                  102                  103  0.18127381619060035     
                  103                  102  0.18130601164222010     
                  103                  103 -0.63742381641017665     
                  103                  104  0.18127017194760317     
                  104                  103  0.18130884829179628     
                  104                  104 -0.63742477254192720     
                  104                  105  0.18126637916627653     
                  105                  104  0.18131163345536885     
                  105                  105 -0.63742592840958578     
                  105                  106  0.18126243813504536     
                  106                  105  0.18131436403842724     
                  106                  106 -0.63742728709233321     
                  106                  107  0.18125834886923944     
                  107                  106  0.18131703726296242     
                  107                  107 -0.63742885160972718     
                  107                  108  0.18125411112731032     
                  108                  107  0.18131965063133296     
                  108                  108 -0.63743062494084213     
                  108                  109  0.18124972442782483     
                  109                  108  0.18132220189193984     
                  109                  109 -0.63743261004132457     
                  109                  110  0.18124518806673556     
                  110                  109  0.18132468900695864     
                  110                  110 -0.63743480985852052     
                  110                  111  0.18124050113452078     
                  111                  110  0.18132711012224295     
                  111                  111 -0.63743722734482822     
                  111                  112  0.18123566253292886     
                  112                  111  0.18132946353944832     
                  112                  112 -0.63743986546943321     
                  112                  113  0.18123067099111864     
                  113                  112  0.18133174769029109     
                  113                  113 -0.63744272722856909     
                  113                  114  0.18122552508113979     
                  114                  113  0.18133396111286568     
                  114                  114 -0.63744581565442393     
                  114                  115  0.18122022323271036     
                  115                  114  0.18133610242985926     
                  115                  115 -0.63744913382281077     
                  115                  116  0.18121476374733003     
                  116                  115  0.18133817032850680     
                  116                  116 -0.63745268485970141     
                  116                  117  0.18120914481179190     
                  117                  116  0.18134016354211727     
                  117                  117 -0.63745647194670862     
                  117                  118  0.18120336451117416     
                  118                  117  0.18134208083300615     
                  118                  118 -0.63746049832559215     
                  118                  119  0.18119742084140181     
                  119                  118  0.18134392097668217     
                  119                  119 -0.63746476730185164     
                  119                  120  0.18119131172146613     
                  120                  119  0.18134568274715535     
                  120                  120 -0.63746928224747357     
                  120                  121  0.18118503500537114     
                  121                  120  0.22147364780027820     
                  121                  121 -0.77852635219972177     
